{"type":"operationStart","subtype":"profile","data":{"_id":"yQkje91QzGnEC9by","timestamp":"2024-06-24T22:11:34.384Z","state":"queued","mode":"standard","creationDate":"2024-06-24T22:11:34.386Z","modificationDate":"2024-06-24T22:11:34.386Z","shortid":"k_MFbLz","$entitySet":"profiles"},"doDiffs":false,"timestamp":1719267094385,"id":"gezd6gdkj8dahw1","previousOperationId":null,"operationId":"i78ekleqc87isjh"}
{"type":"log","level":"info","message":"Render request 281 queued for execution and waiting for available worker","previousOperationId":"i78ekleqc87isjh","timestamp":1719267094385,"id":"ou5v478giobh9j1"}
{"type":"operationStart","subtype":"render","name":"sales-main","previousOperationId":"i78ekleqc87isjh","timestamp":1719267094411,"id":"8ifz9g2c0xaz4j3","previousEventId":"gezd6gdkj8dahw1","operationId":"z6e9d9fuw2dv3bb"}
{"type":"log","timestamp":1719267094411,"level":"info","message":"Starting rendering request 281","meta":{"rootId":"5i84brn3hvmoojm","id":"5i84brn3hvmoojm"},"id":"3swxb0yrlaira87","previousOperationId":"z6e9d9fuw2dv3bb"}
{"type":"log","timestamp":1719267094412,"level":"info","message":"Rendering template { name: sales-main, recipe: html-to-xlsx, engine: handlebars, preview: true }","meta":{"rootId":"5i84brn3hvmoojm","id":"5i84brn3hvmoojm"},"id":"gloe5g3z9975c51","previousOperationId":"z6e9d9fuw2dv3bb"}
{"type":"log","timestamp":1719267094412,"level":"debug","message":"Adding sample data B1lSTrt6NB","meta":{"rootId":"5i84brn3hvmoojm","id":"5i84brn3hvmoojm"},"id":"64kcqtj4z2iyf7h","previousOperationId":"z6e9d9fuw2dv3bb"}
{"type":"log","timestamp":1719267094413,"level":"debug","message":"Base url not specified, skipping its injection.","meta":{"rootId":"5i84brn3hvmoojm","id":"5i84brn3hvmoojm"},"id":"yawn1my0y1siu09","previousOperationId":"z6e9d9fuw2dv3bb"}
{"type":"operationStart","subtype":"engine","name":"handlebars","timestamp":1719267094413,"id":"d5b4wkouvs1bfm3","previousEventId":"8ifz9g2c0xaz4j3","operationId":"a0n485ilgbjki6j","previousOperationId":"z6e9d9fuw2dv3bb"}
{"type":"log","timestamp":1719267094413,"level":"debug","message":"Rendering engine handlebars","meta":{"rootId":"5i84brn3hvmoojm","id":"5i84brn3hvmoojm"},"id":"oxml3i7s5ho6l3b","previousOperationId":"a0n485ilgbjki6j"}
{"type":"operationEnd","operationId":"a0n485ilgbjki6j","timestamp":1719267094452,"id":"1jyftarenpgukxd","previousEventId":"d5b4wkouvs1bfm3","previousOperationId":"a0n485ilgbjki6j"}
{"type":"operationStart","subtype":"recipe","name":"html-to-xlsx","timestamp":1719267094452,"id":"r99bbf4sd003o78","previousEventId":"1jyftarenpgukxd","operationId":"rho26wxlx3nlvnd","previousOperationId":"a0n485ilgbjki6j"}
{"type":"log","timestamp":1719267094452,"level":"debug","message":"Executing recipe html-to-xlsx","meta":{"rootId":"5i84brn3hvmoojm","id":"5i84brn3hvmoojm"},"id":"21a7auq18t0uvhh","previousOperationId":"rho26wxlx3nlvnd"}
{"type":"log","timestamp":1719267094778,"level":"info","message":"html-to-xlsx generation is starting","meta":{"rootId":"5i84brn3hvmoojm","id":"5i84brn3hvmoojm"},"id":"33tenbghl9ib859","previousOperationId":"rho26wxlx3nlvnd"}
{"type":"log","timestamp":1719267097407,"level":"info","message":"html-to-xlsx generation was finished","meta":{"rootId":"5i84brn3hvmoojm","id":"5i84brn3hvmoojm"},"id":"j134oscv4fp2z6c","previousOperationId":"rho26wxlx3nlvnd"}
{"type":"log","timestamp":1719267097427,"level":"debug","message":"preparing office preview","meta":{"rootId":"5i84brn3hvmoojm","id":"5i84brn3hvmoojm"},"id":"kry87flzn02dp9h","previousOperationId":"rho26wxlx3nlvnd"}
{"type":"operationEnd","operationId":"rho26wxlx3nlvnd","timestamp":1719267097955,"id":"8yf2an40ubhmvvv","previousEventId":"r99bbf4sd003o78","previousOperationId":"rho26wxlx3nlvnd"}
{"type":"log","timestamp":1719267097955,"level":"debug","message":"Skipping storing report.","meta":{"rootId":"5i84brn3hvmoojm","id":"5i84brn3hvmoojm"},"id":"ovw0uvwnfyjgz0e","previousOperationId":"rho26wxlx3nlvnd"}
{"type":"log","timestamp":1719267097955,"level":"info","message":"Rendering request 281 finished in 3572 ms","meta":{"rootId":"5i84brn3hvmoojm","id":"5i84brn3hvmoojm"},"id":"mmc3riet5p929wm","previousOperationId":"rho26wxlx3nlvnd"}
{"type":"operationEnd","subtype":"render","operationId":"z6e9d9fuw2dv3bb","timestamp":1719267097955,"id":"qdqv4gdyqidh0ar","previousEventId":"8yf2an40ubhmvvv","previousOperationId":"rho26wxlx3nlvnd"}
{"type":"operationEnd","doDiffs":false,"previousEventId":"gezd6gdkj8dahw1","previousOperationId":"i78ekleqc87isjh","operationId":"i78ekleqc87isjh","timestamp":1719267097960,"id":"684vpax2br7bngx"}
