{"type":"operationStart","subtype":"profile","data":{"_id":"srutdEi5GBkuHo3f","timestamp":"2024-06-21T19:29:07.034Z","state":"queued","mode":"standard","creationDate":"2024-06-21T19:29:07.036Z","modificationDate":"2024-06-21T19:29:07.036Z","shortid":"MKmyziz","$entitySet":"profiles"},"doDiffs":false,"timestamp":1718998147035,"id":"hh4l22mkfyifmki","previousOperationId":null,"operationId":"fo5cze5bphmhelo"}
{"type":"log","level":"info","message":"Render request 35 queued for execution and waiting for available worker","previousOperationId":"fo5cze5bphmhelo","timestamp":1718998147035,"id":"za1dmuy93hhanaz"}
{"type":"operationStart","subtype":"render","name":"sales-main","previousOperationId":"fo5cze5bphmhelo","timestamp":1718998147042,"id":"htwjpd7g4eb3gzn","previousEventId":"hh4l22mkfyifmki","operationId":"bz5ew8tuadjybkp"}
{"type":"log","timestamp":1718998147042,"level":"info","message":"Starting rendering request 35","meta":{"rootId":"680h5fbwa6m7hnc","id":"680h5fbwa6m7hnc"},"id":"xu2y3todwwm1u6w","previousOperationId":"bz5ew8tuadjybkp"}
{"type":"log","timestamp":1718998147043,"level":"info","message":"Rendering template { name: sales-main, recipe: html-to-xlsx, engine: handlebars, preview: true }","meta":{"rootId":"680h5fbwa6m7hnc","id":"680h5fbwa6m7hnc"},"id":"bgjwj9c5k24xaqr","previousOperationId":"bz5ew8tuadjybkp"}
{"type":"log","timestamp":1718998147043,"level":"debug","message":"Adding sample data B1lSTrt6NB","meta":{"rootId":"680h5fbwa6m7hnc","id":"680h5fbwa6m7hnc"},"id":"v6wqn4uhbknx1g3","previousOperationId":"bz5ew8tuadjybkp"}
{"type":"log","timestamp":1718998147045,"level":"debug","message":"Base url not specified, skipping its injection.","meta":{"rootId":"680h5fbwa6m7hnc","id":"680h5fbwa6m7hnc"},"id":"j75r1bilhs4gl2p","previousOperationId":"bz5ew8tuadjybkp"}
{"type":"operationStart","subtype":"engine","name":"handlebars","timestamp":1718998147045,"id":"sucez9x6v21sh90","previousEventId":"htwjpd7g4eb3gzn","operationId":"m3lsp7fnt6isy17","previousOperationId":"bz5ew8tuadjybkp"}
{"type":"log","timestamp":1718998147045,"level":"debug","message":"Rendering engine handlebars","meta":{"rootId":"680h5fbwa6m7hnc","id":"680h5fbwa6m7hnc"},"id":"q11ihc1t0tj0djy","previousOperationId":"m3lsp7fnt6isy17"}
{"type":"operationEnd","operationId":"m3lsp7fnt6isy17","timestamp":1718998147059,"id":"j29l5hsffmlakjd","previousEventId":"sucez9x6v21sh90","previousOperationId":"m3lsp7fnt6isy17"}
{"type":"operationStart","subtype":"recipe","name":"html-to-xlsx","timestamp":1718998147059,"id":"2oxszi1o9x0oajs","previousEventId":"j29l5hsffmlakjd","operationId":"3qf1vew5wwwdk6q","previousOperationId":"m3lsp7fnt6isy17"}
{"type":"log","timestamp":1718998147059,"level":"debug","message":"Executing recipe html-to-xlsx","meta":{"rootId":"680h5fbwa6m7hnc","id":"680h5fbwa6m7hnc"},"id":"2v3u2iz0bm7z6uj","previousOperationId":"3qf1vew5wwwdk6q"}
{"type":"log","timestamp":1718998147059,"level":"info","message":"html-to-xlsx generation is starting","meta":{"rootId":"680h5fbwa6m7hnc","id":"680h5fbwa6m7hnc"},"id":"cydk7w3p9f9p6dp","previousOperationId":"3qf1vew5wwwdk6q"}
{"type":"log","timestamp":1718998148283,"level":"info","message":"html-to-xlsx generation was finished","meta":{"rootId":"680h5fbwa6m7hnc","id":"680h5fbwa6m7hnc"},"id":"2x7ibcu7f8yvf8p","previousOperationId":"3qf1vew5wwwdk6q"}
{"type":"log","timestamp":1718998148283,"level":"debug","message":"preparing office preview","meta":{"rootId":"680h5fbwa6m7hnc","id":"680h5fbwa6m7hnc"},"id":"fbagvyuzfdxjdtc","previousOperationId":"3qf1vew5wwwdk6q"}
{"type":"operationEnd","operationId":"3qf1vew5wwwdk6q","timestamp":1718998148565,"id":"vuozmqa11qhbnd1","previousEventId":"2oxszi1o9x0oajs","previousOperationId":"3qf1vew5wwwdk6q"}
{"type":"log","timestamp":1718998148565,"level":"debug","message":"Skipping storing report.","meta":{"rootId":"680h5fbwa6m7hnc","id":"680h5fbwa6m7hnc"},"id":"rj9ae4hh7yqx98h","previousOperationId":"3qf1vew5wwwdk6q"}
{"type":"log","timestamp":1718998148565,"level":"info","message":"Rendering request 35 finished in 1531 ms","meta":{"rootId":"680h5fbwa6m7hnc","id":"680h5fbwa6m7hnc"},"id":"ekil0ucqqnz43uf","previousOperationId":"3qf1vew5wwwdk6q"}
{"type":"operationEnd","subtype":"render","operationId":"bz5ew8tuadjybkp","timestamp":1718998148565,"id":"1id0vdrpk36buwv","previousEventId":"vuozmqa11qhbnd1","previousOperationId":"3qf1vew5wwwdk6q"}
{"type":"operationEnd","doDiffs":false,"previousEventId":"hh4l22mkfyifmki","previousOperationId":"fo5cze5bphmhelo","operationId":"fo5cze5bphmhelo","timestamp":1718998148570,"id":"0buiyh4jvs4kesu"}
