{"type":"operationStart","subtype":"profile","data":{"_id":"3HM6pir96eGappPL","timestamp":"2024-06-21T19:28:35.172Z","state":"queued","mode":"standard","creationDate":"2024-06-21T19:28:35.173Z","modificationDate":"2024-06-21T19:28:35.173Z","shortid":"GrR64Zw","$entitySet":"profiles"},"doDiffs":false,"timestamp":1718998115173,"id":"jlzto09acvlzfaa","previousOperationId":null,"operationId":"4iswidtsh2e35sc"}
{"type":"log","level":"info","message":"Render request 33 queued for execution and waiting for available worker","previousOperationId":"4iswidtsh2e35sc","timestamp":1718998115173,"id":"mponksa5fizs7es"}
{"type":"operationStart","subtype":"render","name":"sales-main","previousOperationId":"4iswidtsh2e35sc","timestamp":1718998115181,"id":"1byqtejc20d29dh","previousEventId":"jlzto09acvlzfaa","operationId":"4dizsczbav8x581"}
{"type":"log","timestamp":1718998115181,"level":"info","message":"Starting rendering request 33","meta":{"rootId":"f2wc2g53twpg096","id":"f2wc2g53twpg096"},"id":"ddnew6nkcd5ichm","previousOperationId":"4dizsczbav8x581"}
{"type":"log","timestamp":1718998115182,"level":"info","message":"Rendering template { name: sales-main, recipe: html-to-xlsx, engine: handlebars, preview: true }","meta":{"rootId":"f2wc2g53twpg096","id":"f2wc2g53twpg096"},"id":"u9b4gw413bzavc1","previousOperationId":"4dizsczbav8x581"}
{"type":"log","timestamp":1718998115183,"level":"debug","message":"Adding sample data B1lSTrt6NB","meta":{"rootId":"f2wc2g53twpg096","id":"f2wc2g53twpg096"},"id":"b4cq26cffu5gqxx","previousOperationId":"4dizsczbav8x581"}
{"type":"log","timestamp":1718998115185,"level":"debug","message":"Base url not specified, skipping its injection.","meta":{"rootId":"f2wc2g53twpg096","id":"f2wc2g53twpg096"},"id":"p4oo0ycgs44tme6","previousOperationId":"4dizsczbav8x581"}
{"type":"operationStart","subtype":"engine","name":"handlebars","timestamp":1718998115186,"id":"6pe8azgiuk12urf","previousEventId":"1byqtejc20d29dh","operationId":"0492kqjzzgo2zem","previousOperationId":"4dizsczbav8x581"}
{"type":"log","timestamp":1718998115186,"level":"debug","message":"Rendering engine handlebars","meta":{"rootId":"f2wc2g53twpg096","id":"f2wc2g53twpg096"},"id":"hirb054g892550g","previousOperationId":"0492kqjzzgo2zem"}
{"type":"operationEnd","operationId":"0492kqjzzgo2zem","timestamp":1718998115221,"id":"b4owt2sngys4gky","previousEventId":"6pe8azgiuk12urf","previousOperationId":"0492kqjzzgo2zem"}
{"type":"operationStart","subtype":"recipe","name":"html-to-xlsx","timestamp":1718998115221,"id":"gnqdkt47osvfi23","previousEventId":"b4owt2sngys4gky","operationId":"6wfjrcyco7nf78z","previousOperationId":"0492kqjzzgo2zem"}
{"type":"log","timestamp":1718998115221,"level":"debug","message":"Executing recipe html-to-xlsx","meta":{"rootId":"f2wc2g53twpg096","id":"f2wc2g53twpg096"},"id":"fd693ixizxjbpkb","previousOperationId":"6wfjrcyco7nf78z"}
{"type":"log","timestamp":1718998115549,"level":"info","message":"html-to-xlsx generation is starting","meta":{"rootId":"f2wc2g53twpg096","id":"f2wc2g53twpg096"},"id":"gsffs6l01z6hvph","previousOperationId":"6wfjrcyco7nf78z"}
{"type":"log","timestamp":1718998117726,"level":"info","message":"html-to-xlsx generation was finished","meta":{"rootId":"f2wc2g53twpg096","id":"f2wc2g53twpg096"},"id":"0dqdpfapfmmzo9p","previousOperationId":"6wfjrcyco7nf78z"}
{"type":"log","timestamp":1718998117744,"level":"debug","message":"preparing office preview","meta":{"rootId":"f2wc2g53twpg096","id":"f2wc2g53twpg096"},"id":"t53x17mwb8fwk8u","previousOperationId":"6wfjrcyco7nf78z"}
{"type":"operationEnd","operationId":"6wfjrcyco7nf78z","timestamp":1718998118314,"id":"d91wf0ym1uowvju","previousEventId":"gnqdkt47osvfi23","previousOperationId":"6wfjrcyco7nf78z"}
{"type":"log","timestamp":1718998118314,"level":"debug","message":"Skipping storing report.","meta":{"rootId":"f2wc2g53twpg096","id":"f2wc2g53twpg096"},"id":"t2ui7lrrm890mx9","previousOperationId":"6wfjrcyco7nf78z"}
{"type":"log","timestamp":1718998118315,"level":"info","message":"Rendering request 33 finished in 3142 ms","meta":{"rootId":"f2wc2g53twpg096","id":"f2wc2g53twpg096"},"id":"m4eh0qi9gg4ie8g","previousOperationId":"6wfjrcyco7nf78z"}
{"type":"operationEnd","subtype":"render","operationId":"4dizsczbav8x581","timestamp":1718998118315,"id":"2bjkqam12kyr0n0","previousEventId":"d91wf0ym1uowvju","previousOperationId":"6wfjrcyco7nf78z"}
{"type":"operationEnd","doDiffs":false,"previousEventId":"jlzto09acvlzfaa","previousOperationId":"4iswidtsh2e35sc","operationId":"4iswidtsh2e35sc","timestamp":1718998118320,"id":"0sfg55no72i36j4"}
