{"type":"operationStart","subtype":"profile","data":{"_id":"FVQRGflVlv5VCNBL","timestamp":"2024-06-20T22:20:41.270Z","state":"queued","mode":"standard","creationDate":"2024-06-20T22:20:41.271Z","modificationDate":"2024-06-20T22:20:41.271Z","shortid":"ol4zULR","$entitySet":"profiles"},"doDiffs":false,"timestamp":1718922041271,"id":"gjcyzgulqzgriy9","previousOperationId":null,"operationId":"gm8dtmkhgfglpr4"}
{"type":"log","level":"info","message":"Render request 4 queued for execution and waiting for available worker","previousOperationId":"gm8dtmkhgfglpr4","timestamp":1718922041271,"id":"hkkm3lxp31407wj"}
{"type":"operationStart","subtype":"render","name":"sales-main","previousOperationId":"gm8dtmkhgfglpr4","timestamp":1718922041278,"id":"0zhz0goabdc6omx","previousEventId":"gjcyzgulqzgriy9","operationId":"na65xo35ck5c2e8"}
{"type":"log","timestamp":1718922041278,"level":"info","message":"Starting rendering request 4","meta":{"rootId":"naiumfozfi3nuzd","id":"naiumfozfi3nuzd"},"id":"bh7ku7sky81chu1","previousOperationId":"na65xo35ck5c2e8"}
{"type":"log","timestamp":1718922041279,"level":"info","message":"Rendering template { name: sales-main, recipe: html-to-xlsx, engine: handlebars, preview: true }","meta":{"rootId":"naiumfozfi3nuzd","id":"naiumfozfi3nuzd"},"id":"5zua8djfvh6tbko","previousOperationId":"na65xo35ck5c2e8"}
{"type":"log","timestamp":1718922041279,"level":"debug","message":"Adding sample data B1lSTrt6NB","meta":{"rootId":"naiumfozfi3nuzd","id":"naiumfozfi3nuzd"},"id":"ov36a7oofi69wj6","previousOperationId":"na65xo35ck5c2e8"}
{"type":"log","timestamp":1718922041280,"level":"debug","message":"Base url not specified, skipping its injection.","meta":{"rootId":"naiumfozfi3nuzd","id":"naiumfozfi3nuzd"},"id":"mzxxzh8q60ad29g","previousOperationId":"na65xo35ck5c2e8"}
{"type":"operationStart","subtype":"engine","name":"handlebars","timestamp":1718922041281,"id":"mhyld39rmtdzz6q","previousEventId":"0zhz0goabdc6omx","operationId":"udi1on9bwy8v23e","previousOperationId":"na65xo35ck5c2e8"}
{"type":"log","timestamp":1718922041281,"level":"debug","message":"Rendering engine handlebars","meta":{"rootId":"naiumfozfi3nuzd","id":"naiumfozfi3nuzd"},"id":"98puwbovfvk3dxq","previousOperationId":"udi1on9bwy8v23e"}
{"type":"operationEnd","operationId":"udi1on9bwy8v23e","timestamp":1718922041313,"id":"pesd91nfybjksb5","previousEventId":"mhyld39rmtdzz6q","previousOperationId":"udi1on9bwy8v23e"}
{"type":"operationStart","subtype":"recipe","name":"html-to-xlsx","timestamp":1718922041313,"id":"5unpgxl10rjuqyf","previousEventId":"pesd91nfybjksb5","operationId":"hnuhu6m18hpz9ln","previousOperationId":"udi1on9bwy8v23e"}
{"type":"log","timestamp":1718922041313,"level":"debug","message":"Executing recipe html-to-xlsx","meta":{"rootId":"naiumfozfi3nuzd","id":"naiumfozfi3nuzd"},"id":"cv8mv4lkk3bgmt7","previousOperationId":"hnuhu6m18hpz9ln"}
{"type":"log","timestamp":1718922041565,"level":"info","message":"html-to-xlsx generation is starting","meta":{"rootId":"naiumfozfi3nuzd","id":"naiumfozfi3nuzd"},"id":"m0cq1tq42u47gi1","previousOperationId":"hnuhu6m18hpz9ln"}
{"type":"log","timestamp":1718922042951,"level":"info","message":"html-to-xlsx generation was finished","meta":{"rootId":"naiumfozfi3nuzd","id":"naiumfozfi3nuzd"},"id":"1fcx1tyqeqbxbsl","previousOperationId":"hnuhu6m18hpz9ln"}
{"type":"log","timestamp":1718922042969,"level":"debug","message":"preparing office preview","meta":{"rootId":"naiumfozfi3nuzd","id":"naiumfozfi3nuzd"},"id":"lbnux0cpl194am8","previousOperationId":"hnuhu6m18hpz9ln"}
{"type":"operationEnd","operationId":"hnuhu6m18hpz9ln","timestamp":1718922043577,"id":"8iej6fbvbw5ou1w","previousEventId":"5unpgxl10rjuqyf","previousOperationId":"hnuhu6m18hpz9ln"}
{"type":"log","timestamp":1718922043577,"level":"debug","message":"Skipping storing report.","meta":{"rootId":"naiumfozfi3nuzd","id":"naiumfozfi3nuzd"},"id":"fgpwhxg9g5f8rsa","previousOperationId":"hnuhu6m18hpz9ln"}
{"type":"log","timestamp":1718922043577,"level":"info","message":"Rendering request 4 finished in 2307 ms","meta":{"rootId":"naiumfozfi3nuzd","id":"naiumfozfi3nuzd"},"id":"mk0v8jamvp54hvi","previousOperationId":"hnuhu6m18hpz9ln"}
{"type":"operationEnd","subtype":"render","operationId":"na65xo35ck5c2e8","timestamp":1718922043577,"id":"ti5edo14umy3bfp","previousEventId":"8iej6fbvbw5ou1w","previousOperationId":"hnuhu6m18hpz9ln"}
{"type":"operationEnd","doDiffs":false,"previousEventId":"gjcyzgulqzgriy9","previousOperationId":"gm8dtmkhgfglpr4","operationId":"gm8dtmkhgfglpr4","timestamp":1718922043584,"id":"dkei5oiaz5yujy9"}
