{"type":"operationStart","subtype":"profile","data":{"_id":"XQkWMTvRSXBNlP4A","timestamp":"2024-06-24T19:03:32.446Z","state":"queued","mode":"standard","creationDate":"2024-06-24T19:03:32.454Z","modificationDate":"2024-06-24T19:03:32.454Z","shortid":"OK9FQTs","$entitySet":"profiles"},"doDiffs":false,"timestamp":1719255812448,"id":"3ucrnbwde3plkv7","previousOperationId":null,"operationId":"0lkawls73h3wa5v"}
{"type":"log","level":"info","message":"Render request 190 queued for execution and waiting for available worker","previousOperationId":"0lkawls73h3wa5v","timestamp":1719255812450,"id":"i7gz8nx32108cpb"}
{"type":"operationStart","subtype":"render","name":"sales-main","previousOperationId":"0lkawls73h3wa5v","timestamp":1719255812501,"id":"m7oi7x5p09uyhui","previousEventId":"3ucrnbwde3plkv7","operationId":"d91hiuhfsnflkes"}
{"type":"log","timestamp":1719255812505,"level":"info","message":"Starting rendering request 190","meta":{"rootId":"v4uxnumrtam0dob","id":"v4uxnumrtam0dob"},"id":"9l24za8hyzfj33h","previousOperationId":"d91hiuhfsnflkes"}
{"type":"log","timestamp":1719255812509,"level":"info","message":"Rendering template { name: sales-main, recipe: html-to-xlsx, engine: handlebars, preview: true }","meta":{"rootId":"v4uxnumrtam0dob","id":"v4uxnumrtam0dob"},"id":"1pixwy2t7wx4qog","previousOperationId":"d91hiuhfsnflkes"}
{"type":"log","timestamp":1719255812514,"level":"debug","message":"Adding sample data B1lSTrt6NB","meta":{"rootId":"v4uxnumrtam0dob","id":"v4uxnumrtam0dob"},"id":"reesdzs1c8psscz","previousOperationId":"d91hiuhfsnflkes"}
{"type":"log","timestamp":1719255812518,"level":"debug","message":"Base url not specified, skipping its injection.","meta":{"rootId":"v4uxnumrtam0dob","id":"v4uxnumrtam0dob"},"id":"tn1cf3wrs3ej0ja","previousOperationId":"d91hiuhfsnflkes"}
{"type":"operationStart","subtype":"engine","name":"handlebars","timestamp":1719255812525,"id":"ym43zojtjom02p5","previousEventId":"m7oi7x5p09uyhui","operationId":"7pglwbfwuy96ysx","previousOperationId":"d91hiuhfsnflkes"}
{"type":"log","timestamp":1719255812525,"level":"debug","message":"Rendering engine handlebars","meta":{"rootId":"v4uxnumrtam0dob","id":"v4uxnumrtam0dob"},"id":"ur4vxdeoj6ljqdu","previousOperationId":"7pglwbfwuy96ysx"}
{"type":"operationEnd","operationId":"7pglwbfwuy96ysx","timestamp":1719255812612,"id":"hji8bvea85iw8kb","previousEventId":"ym43zojtjom02p5","previousOperationId":"7pglwbfwuy96ysx"}
{"type":"operationStart","subtype":"recipe","name":"html-to-xlsx","timestamp":1719255812612,"id":"whb1d0m90nc8od8","previousEventId":"hji8bvea85iw8kb","operationId":"50gtwy5wokr4lpf","previousOperationId":"7pglwbfwuy96ysx"}
{"type":"log","timestamp":1719255812612,"level":"debug","message":"Executing recipe html-to-xlsx","meta":{"rootId":"v4uxnumrtam0dob","id":"v4uxnumrtam0dob"},"id":"hrbnizyhxc1egv4","previousOperationId":"50gtwy5wokr4lpf"}
{"type":"log","timestamp":1719255812940,"level":"info","message":"html-to-xlsx generation is starting","meta":{"rootId":"v4uxnumrtam0dob","id":"v4uxnumrtam0dob"},"id":"wftgn3o8dda631z","previousOperationId":"50gtwy5wokr4lpf"}
{"type":"log","timestamp":1719255815389,"level":"info","message":"html-to-xlsx generation was finished","meta":{"rootId":"v4uxnumrtam0dob","id":"v4uxnumrtam0dob"},"id":"pram3f0wopmissx","previousOperationId":"50gtwy5wokr4lpf"}
{"type":"log","timestamp":1719255815410,"level":"debug","message":"preparing office preview","meta":{"rootId":"v4uxnumrtam0dob","id":"v4uxnumrtam0dob"},"id":"a1tcj3y1k0cwkls","previousOperationId":"50gtwy5wokr4lpf"}
{"type":"operationEnd","operationId":"50gtwy5wokr4lpf","timestamp":1719255815949,"id":"4b2yziy1j1ghonm","previousEventId":"whb1d0m90nc8od8","previousOperationId":"50gtwy5wokr4lpf"}
{"type":"log","timestamp":1719255815950,"level":"debug","message":"Skipping storing report.","meta":{"rootId":"v4uxnumrtam0dob","id":"v4uxnumrtam0dob"},"id":"t7jpro0k5k3idan","previousOperationId":"50gtwy5wokr4lpf"}
{"type":"log","timestamp":1719255815950,"level":"info","message":"Rendering request 190 finished in 3508 ms","meta":{"rootId":"v4uxnumrtam0dob","id":"v4uxnumrtam0dob"},"id":"3yjf66ijjkrgkxl","previousOperationId":"50gtwy5wokr4lpf"}
{"type":"operationEnd","subtype":"render","operationId":"d91hiuhfsnflkes","timestamp":1719255815950,"id":"plr1l8d34d0fnba","previousEventId":"4b2yziy1j1ghonm","previousOperationId":"50gtwy5wokr4lpf"}
{"type":"operationEnd","doDiffs":false,"previousEventId":"3ucrnbwde3plkv7","previousOperationId":"0lkawls73h3wa5v","operationId":"0lkawls73h3wa5v","timestamp":1719255815954,"id":"fmuidlc9m7idoai"}
