{"type":"operationStart","subtype":"profile","data":{"_id":"WIca9mN6BQkFtbXM","timestamp":"2024-06-21T19:31:00.440Z","state":"queued","mode":"standard","creationDate":"2024-06-21T19:31:00.447Z","modificationDate":"2024-06-21T19:31:00.447Z","shortid":"jNPaRjH","$entitySet":"profiles"},"doDiffs":false,"timestamp":1718998260441,"id":"bafiqki7ddz7eek","previousOperationId":null,"operationId":"tsnufypeykobb19"}
{"type":"log","level":"info","message":"Render request 38 queued for execution and waiting for available worker","previousOperationId":"tsnufypeykobb19","timestamp":1718998260441,"id":"g8ahxaaoqbwj2yd"}
{"type":"operationStart","subtype":"render","name":"orders-main","previousOperationId":"tsnufypeykobb19","timestamp":1718998260455,"id":"q6nz4zvn3a93n3i","previousEventId":"bafiqki7ddz7eek","operationId":"smul25xr368kczv"}
{"type":"log","timestamp":1718998260455,"level":"info","message":"Starting rendering request 38","meta":{"rootId":"0xqo0s31vyzk5n6","id":"0xqo0s31vyzk5n6"},"id":"2b8n80jdri1vuef","previousOperationId":"smul25xr368kczv"}
{"type":"log","timestamp":1718998260456,"level":"info","message":"Rendering template { name: orders-main, recipe: chrome-pdf, engine: handlebars, preview: false }","meta":{"rootId":"0xqo0s31vyzk5n6","id":"0xqo0s31vyzk5n6"},"id":"f1h2s2l9tqqz2l8","previousOperationId":"smul25xr368kczv"}
{"type":"log","timestamp":1718998260456,"level":"debug","message":"Inline data specified.","meta":{"rootId":"0xqo0s31vyzk5n6","id":"0xqo0s31vyzk5n6"},"id":"db6krow7jhebik5","previousOperationId":"smul25xr368kczv"}
{"type":"log","timestamp":1718998260457,"level":"debug","message":"Executing script orders-script (beforeRender)","meta":{"rootId":"0xqo0s31vyzk5n6","id":"0xqo0s31vyzk5n6"},"id":"11j5hczjiptdy8m","previousOperationId":"smul25xr368kczv"}
{"type":"operationStart","subtype":"scriptsBeforeRender","name":"scripts beforeRender","timestamp":1718998260461,"id":"b1vfm4oe1a0wch4","previousEventId":"q6nz4zvn3a93n3i","operationId":"xhyeliaqssbgdgt","previousOperationId":"smul25xr368kczv"}
{"type":"operationStart","subtype":"script","name":"scripts orders-script","previousOperationId":"xhyeliaqssbgdgt","timestamp":1718998260461,"id":"u460a73cgfbf0wt","previousEventId":"b1vfm4oe1a0wch4","operationId":"qoci4hfvk7mhauy"}
{"type":"operationEnd","operationId":"qoci4hfvk7mhauy","timestamp":1718998261143,"id":"m7vz4oezhcjnyfc","previousEventId":"q6nz4zvn3a93n3i","previousOperationId":"smul25xr368kczv"}
{"type":"operationEnd","operationId":"xhyeliaqssbgdgt","timestamp":1718998261143,"id":"z2oh0jppu9kckri","previousEventId":"m7vz4oezhcjnyfc","previousOperationId":"smul25xr368kczv"}
{"type":"log","timestamp":1718998261143,"level":"debug","message":"Base url not specified, skipping its injection.","meta":{"rootId":"0xqo0s31vyzk5n6","id":"0xqo0s31vyzk5n6"},"id":"6pcg51s91nw4rg1","previousOperationId":"xhyeliaqssbgdgt"}
{"type":"operationStart","subtype":"engine","name":"handlebars","timestamp":1718998261143,"id":"wrxun8kit4wsmsp","previousEventId":"z2oh0jppu9kckri","operationId":"0rvsda65ljihdn0","previousOperationId":"xhyeliaqssbgdgt"}
{"type":"log","timestamp":1718998261143,"level":"debug","message":"Rendering engine handlebars","meta":{"rootId":"0xqo0s31vyzk5n6","id":"0xqo0s31vyzk5n6"},"id":"6fei341dgi0xovg","previousOperationId":"0rvsda65ljihdn0"}
{"type":"log","timestamp":1718998261152,"level":"debug","message":"(console:log) Pdf utils adding group field, value: \"France\"","meta":{"userLevel":true,"rootId":"0xqo0s31vyzk5n6","id":"0xqo0s31vyzk5n6"},"id":"45yucbd3urzai9d","previousOperationId":"0rvsda65ljihdn0"}
{"type":"log","timestamp":1718998261152,"level":"debug","message":"(console:log) Pdf utils adding group field, value: \"Germany\"","meta":{"userLevel":true,"rootId":"0xqo0s31vyzk5n6","id":"0xqo0s31vyzk5n6"},"id":"jo5zwowpegwq2hz","previousOperationId":"0rvsda65ljihdn0"}
{"type":"operationEnd","operationId":"0rvsda65ljihdn0","timestamp":1718998261153,"id":"jedazmgjq4klo6l","previousEventId":"wrxun8kit4wsmsp","previousOperationId":"0rvsda65ljihdn0"}
{"type":"operationStart","subtype":"recipe","name":"chrome-pdf","timestamp":1718998261153,"id":"ng78apsgodemxq6","previousEventId":"jedazmgjq4klo6l","operationId":"jsu6hcu8zguz7td","previousOperationId":"0rvsda65ljihdn0"}
{"type":"log","timestamp":1718998261153,"level":"debug","message":"Executing recipe chrome-pdf","meta":{"rootId":"0xqo0s31vyzk5n6","id":"0xqo0s31vyzk5n6"},"id":"9h76q1sfs4f46q8","previousOperationId":"jsu6hcu8zguz7td"}
{"type":"log","timestamp":1718998261158,"level":"debug","message":"Converting with chrome Chrome/126.0.6478.61 using chrome-pool strategy","meta":{"rootId":"0xqo0s31vyzk5n6","id":"0xqo0s31vyzk5n6"},"id":"wqfp7dzq33d7887","previousOperationId":"jsu6hcu8zguz7td"}
{"type":"log","timestamp":1718998261202,"level":"debug","message":"Page request: GET (document) file:///var/folders/2x/1bhfw9mx7d775w_jmf56lcp80000gn/T/jsreport/autocleanup/8ed31b24-6c38-4f4e-a3fd-2de23b78a0b0-chrome-pdf.html","meta":{"rootId":"0xqo0s31vyzk5n6","id":"0xqo0s31vyzk5n6"},"id":"qqkt4iydbi55dqc","previousOperationId":"jsu6hcu8zguz7td"}
{"type":"log","timestamp":1718998261210,"level":"debug","message":"Page request finished: GET (document) 200 file:///var/folders/2x/1bhfw9mx7d775w_jmf56lcp80000gn/T/jsreport/autocleanup/8ed31b24-6c38-4f4e-a3fd-2de23b78a0b0-chrome-pdf.html","meta":{"rootId":"0xqo0s31vyzk5n6","id":"0xqo0s31vyzk5n6"},"id":"5fvmx6ovi9ky56c","previousOperationId":"jsu6hcu8zguz7td"}
{"type":"log","timestamp":1718998261210,"level":"debug","message":"Page request: GET (stylesheet) https://cdnjs.cloudflare.com/ajax/libs/metro/4.1.5/css/metro.min.css","meta":{"rootId":"0xqo0s31vyzk5n6","id":"0xqo0s31vyzk5n6"},"id":"gdzg2eqvth21we3","previousOperationId":"jsu6hcu8zguz7td"}
{"type":"log","timestamp":1718998261211,"level":"debug","message":"Page request: GET (script) https://cdnjs.cloudflare.com/ajax/libs/Chart.js/2.7.2/Chart.min.js","meta":{"rootId":"0xqo0s31vyzk5n6","id":"0xqo0s31vyzk5n6"},"id":"4uogoriyr5uy396","previousOperationId":"jsu6hcu8zguz7td"}
{"type":"log","timestamp":1718998261220,"level":"debug","message":"Page request finished: GET (stylesheet) 200 https://cdnjs.cloudflare.com/ajax/libs/metro/4.1.5/css/metro.min.css","meta":{"rootId":"0xqo0s31vyzk5n6","id":"0xqo0s31vyzk5n6"},"id":"g7rqlz05nce2tmd","previousOperationId":"jsu6hcu8zguz7td"}
{"type":"log","timestamp":1718998261220,"level":"debug","message":"Page request finished: GET (script) 200 https://cdnjs.cloudflare.com/ajax/libs/Chart.js/2.7.2/Chart.min.js","meta":{"rootId":"0xqo0s31vyzk5n6","id":"0xqo0s31vyzk5n6"},"id":"j09c0korwo1mp9q","previousOperationId":"jsu6hcu8zguz7td"}
{"type":"log","timestamp":1718998261265,"level":"debug","message":"Running chrome with params {\"printBackground\":true,\"marginTop\":\"4cm\",\"marginRight\":\"1.5cm\",\"marginBottom\":\"1.5cm\",\"marginLeft\":\"1.5cm\",\"waitForJS\":false,\"timeout\":59285,\"margin\":{\"top\":\"4cm\",\"right\":\"1.5cm\",\"bottom\":\"1.5cm\",\"left\":\"1.5cm\"}}","meta":{"rootId":"0xqo0s31vyzk5n6","id":"0xqo0s31vyzk5n6"},"id":"abgn0ieer5vari5","previousOperationId":"jsu6hcu8zguz7td"}
{"type":"operationEnd","operationId":"jsu6hcu8zguz7td","timestamp":1718998261423,"id":"g0w5amcp2qkx83w","previousEventId":"ng78apsgodemxq6","previousOperationId":"jsu6hcu8zguz7td"}
{"type":"log","timestamp":1718998261423,"level":"info","message":"pdf-utils is starting pdf processing","meta":{"rootId":"0xqo0s31vyzk5n6","id":"0xqo0s31vyzk5n6"},"id":"vzv6lvbvb1k03m4","previousOperationId":"jsu6hcu8zguz7td"}
{"type":"operationStart","subtype":"pdfUtils","name":"pdf utils","timestamp":1718998261423,"id":"i3pcseimi5y4afq","previousEventId":"g0w5amcp2qkx83w","operationId":"q0hnorhxu4fwnoa","previousOperationId":"jsu6hcu8zguz7td"}
{"type":"log","timestamp":1718998261423,"level":"debug","message":"pdf-utils detected 1 pdf operation(s) to process","meta":{"rootId":"0xqo0s31vyzk5n6","id":"0xqo0s31vyzk5n6"},"id":"drltcx5ksw9ppww","previousOperationId":"q0hnorhxu4fwnoa"}
{"type":"log","timestamp":1718998261436,"level":"debug","message":"pdf-utils running pdf operation merge","meta":{"rootId":"0xqo0s31vyzk5n6","id":"0xqo0s31vyzk5n6"},"id":"o56mxmrlxbctfvj","previousOperationId":"q0hnorhxu4fwnoa"}
{"type":"operationStart","subtype":"pdfUtilsMerge","name":"pdf utils merge","previousOperationId":"q0hnorhxu4fwnoa","timestamp":1718998261436,"id":"rqng4qzz308xwng","previousEventId":"i3pcseimi5y4afq","operationId":"7mqdj7es6gklu69"}
{"type":"operationStart","subtype":"render","name":"orders-header","previousOperationId":"7mqdj7es6gklu69","timestamp":1718998261436,"id":"pb8msk3ayk4inmd","previousEventId":"rqng4qzz308xwng","operationId":"qcbrnm9pmbd7glt"}
{"type":"log","timestamp":1718998261436,"level":"info","message":"Starting rendering (child) request","meta":{"rootId":"0xqo0s31vyzk5n6","id":"4bree148918umrn"},"id":"siblt2at0na2g3q","previousOperationId":"qcbrnm9pmbd7glt"}
{"type":"log","timestamp":1718998261436,"level":"info","message":"Rendering template { name: orders-header, recipe: chrome-pdf, engine: handlebars, preview: false }","meta":{"rootId":"0xqo0s31vyzk5n6","id":"4bree148918umrn"},"id":"ilwloj6v0jh08ty","previousOperationId":"qcbrnm9pmbd7glt"}
{"type":"log","timestamp":1718998261438,"level":"debug","message":"Inline data specified.","meta":{"rootId":"0xqo0s31vyzk5n6","id":"4bree148918umrn"},"id":"a0skggwlgarng6g","previousOperationId":"qcbrnm9pmbd7glt"}
{"type":"log","timestamp":1718998261439,"level":"debug","message":"Base url not specified, skipping its injection.","meta":{"rootId":"0xqo0s31vyzk5n6","id":"4bree148918umrn"},"id":"qwd7z9yf41v6a64","previousOperationId":"qcbrnm9pmbd7glt"}
{"type":"operationStart","subtype":"engine","name":"handlebars","timestamp":1718998261440,"id":"2tww1gye2udei7l","previousEventId":"pb8msk3ayk4inmd","operationId":"d6cgzpy0y7nkxgl","previousOperationId":"qcbrnm9pmbd7glt"}
{"type":"log","timestamp":1718998261440,"level":"debug","message":"Rendering engine handlebars","meta":{"rootId":"0xqo0s31vyzk5n6","id":"4bree148918umrn"},"id":"nrfyn4w1gd5divq","previousOperationId":"d6cgzpy0y7nkxgl"}
{"type":"operationEnd","operationId":"d6cgzpy0y7nkxgl","timestamp":1718998261444,"id":"5otjxmg8sygwbuk","previousEventId":"2tww1gye2udei7l","previousOperationId":"d6cgzpy0y7nkxgl"}
{"type":"operationStart","subtype":"recipe","name":"chrome-pdf","timestamp":1718998261444,"id":"6u3gbp1vfm01ja1","previousEventId":"5otjxmg8sygwbuk","operationId":"vzltu42cdt0p9dr","previousOperationId":"d6cgzpy0y7nkxgl"}
{"type":"log","timestamp":1718998261444,"level":"debug","message":"Executing recipe chrome-pdf","meta":{"rootId":"0xqo0s31vyzk5n6","id":"4bree148918umrn"},"id":"4e89oqsl3lw1v0h","previousOperationId":"vzltu42cdt0p9dr"}
{"type":"log","timestamp":1718998261446,"level":"debug","message":"Converting with chrome Chrome/126.0.6478.61 using chrome-pool strategy","meta":{"rootId":"0xqo0s31vyzk5n6","id":"4bree148918umrn"},"id":"gp0ju98rmfxmyz1","previousOperationId":"vzltu42cdt0p9dr"}
{"type":"log","timestamp":1718998261463,"level":"debug","message":"Page request: GET (document) file:///var/folders/2x/1bhfw9mx7d775w_jmf56lcp80000gn/T/jsreport/autocleanup/9c2fdd8c-76ef-45d8-804d-e4cd0ed12664-chrome-pdf.html","meta":{"rootId":"0xqo0s31vyzk5n6","id":"4bree148918umrn"},"id":"s1shj2gtlcbdeug","previousOperationId":"vzltu42cdt0p9dr"}
{"type":"log","timestamp":1718998261467,"level":"debug","message":"Page request finished: GET (document) 200 file:///var/folders/2x/1bhfw9mx7d775w_jmf56lcp80000gn/T/jsreport/autocleanup/9c2fdd8c-76ef-45d8-804d-e4cd0ed12664-chrome-pdf.html","meta":{"rootId":"0xqo0s31vyzk5n6","id":"4bree148918umrn"},"id":"cadwst01kmy0z4y","previousOperationId":"vzltu42cdt0p9dr"}
{"type":"log","timestamp":1718998261467,"level":"debug","message":"Page request: GET (stylesheet) https://cdnjs.cloudflare.com/ajax/libs/metro/4.1.5/css/metro.min.css","meta":{"rootId":"0xqo0s31vyzk5n6","id":"4bree148918umrn"},"id":"acq00fmtjcxo6wm","previousOperationId":"vzltu42cdt0p9dr"}
{"type":"log","timestamp":1718998261473,"level":"debug","message":"Page request finished: GET (stylesheet) 200 https://cdnjs.cloudflare.com/ajax/libs/metro/4.1.5/css/metro.min.css","meta":{"rootId":"0xqo0s31vyzk5n6","id":"4bree148918umrn"},"id":"wu5bur22c6y097d","previousOperationId":"vzltu42cdt0p9dr"}
{"type":"log","timestamp":1718998261494,"level":"debug","message":"Running chrome with params {\"printBackground\":true,\"marginTop\":\"1.5cm\",\"marginRight\":\"1.5cm\",\"marginLeft\":\"1.cm\",\"timeout\":58994,\"margin\":{\"top\":\"1.5cm\",\"right\":\"1.5cm\",\"left\":\"1.cm\"}}","meta":{"rootId":"0xqo0s31vyzk5n6","id":"4bree148918umrn"},"id":"r2v85p8wxsbfv9h","previousOperationId":"vzltu42cdt0p9dr"}
{"type":"operationEnd","operationId":"vzltu42cdt0p9dr","timestamp":1718998261588,"id":"7493lfp79ewmrsa","previousEventId":"6u3gbp1vfm01ja1","previousOperationId":"vzltu42cdt0p9dr"}
{"type":"log","timestamp":1718998261588,"level":"debug","message":"Skipping storing report.","meta":{"rootId":"0xqo0s31vyzk5n6","id":"4bree148918umrn"},"id":"w8w0tzc6ff83lch","previousOperationId":"vzltu42cdt0p9dr"}
{"type":"log","timestamp":1718998261588,"level":"info","message":"Rendering (child) request finished in 1148 ms","meta":{"rootId":"0xqo0s31vyzk5n6","id":"4bree148918umrn"},"id":"upe7fvl1z3570ce","previousOperationId":"vzltu42cdt0p9dr"}
{"type":"operationEnd","subtype":"render","operationId":"qcbrnm9pmbd7glt","timestamp":1718998261588,"id":"l6m724zsfdl79ot","previousEventId":"7493lfp79ewmrsa","previousOperationId":"vzltu42cdt0p9dr"}
{"type":"operationEnd","operationId":"7mqdj7es6gklu69","timestamp":1718998261602,"id":"91yrjsrwuxz9q8s","previousEventId":"rqng4qzz308xwng","previousOperationId":"7mqdj7es6gklu69"}
{"type":"log","timestamp":1718998261602,"level":"debug","message":"pdf-utils postprocess start","meta":{"rootId":"0xqo0s31vyzk5n6","id":"0xqo0s31vyzk5n6"},"id":"if5belui93ffqbl","previousOperationId":"7mqdj7es6gklu69"}
{"type":"log","timestamp":1718998261618,"level":"debug","message":"pdf-utils postprocess end","meta":{"rootId":"0xqo0s31vyzk5n6","id":"0xqo0s31vyzk5n6"},"id":"evewcknrqsrpmu6","previousOperationId":"7mqdj7es6gklu69"}
{"type":"operationEnd","operationId":"q0hnorhxu4fwnoa","timestamp":1718998261618,"id":"ssyvtu516gybxi4","previousEventId":"91yrjsrwuxz9q8s","previousOperationId":"7mqdj7es6gklu69"}
{"type":"log","timestamp":1718998261618,"level":"info","message":"pdf-utils pdf processing was finished","meta":{"rootId":"0xqo0s31vyzk5n6","id":"0xqo0s31vyzk5n6"},"id":"ulpeg9e1l0pjsy9","previousOperationId":"q0hnorhxu4fwnoa"}
{"type":"log","timestamp":1718998261619,"level":"debug","message":"Skipping storing report.","meta":{"rootId":"0xqo0s31vyzk5n6","id":"0xqo0s31vyzk5n6"},"id":"rtgbekglv1091f8","previousOperationId":"q0hnorhxu4fwnoa"}
{"type":"log","timestamp":1718998261619,"level":"info","message":"Rendering request 38 finished in 1179 ms","meta":{"rootId":"0xqo0s31vyzk5n6","id":"0xqo0s31vyzk5n6"},"id":"uv0hy53ovlo0xzi","previousOperationId":"q0hnorhxu4fwnoa"}
{"type":"operationEnd","subtype":"render","operationId":"smul25xr368kczv","timestamp":1718998261619,"id":"4zfoznj211e9eym","previousEventId":"ssyvtu516gybxi4","previousOperationId":"q0hnorhxu4fwnoa"}
{"type":"operationEnd","doDiffs":false,"previousEventId":"bafiqki7ddz7eek","previousOperationId":"tsnufypeykobb19","operationId":"tsnufypeykobb19","timestamp":1718998261619,"id":"8gabfo2bi87fxkl"}
