{"type":"operationStart","subtype":"profile","data":{"_id":"YKR3MhQLYLPhYYnB","timestamp":"2024-06-21T19:29:43.566Z","state":"queued","mode":"standard","creationDate":"2024-06-21T19:29:43.570Z","modificationDate":"2024-06-21T19:29:43.570Z","shortid":"RGfpIcQ","$entitySet":"profiles"},"doDiffs":false,"timestamp":1718998183568,"id":"di2c6s88mu3dhcx","previousOperationId":null,"operationId":"x4r8xxhwk6hjtk3"}
{"type":"log","level":"info","message":"Render request 36 queued for execution and waiting for available worker","previousOperationId":"x4r8xxhwk6hjtk3","timestamp":1718998183569,"id":"r3t1kw96fd0vhd5"}
{"type":"operationStart","subtype":"render","name":"orders-main","previousOperationId":"x4r8xxhwk6hjtk3","timestamp":1718998183578,"id":"1dcbn0e0uufxvwk","previousEventId":"di2c6s88mu3dhcx","operationId":"xxj7im3vqwes9l5"}
{"type":"log","timestamp":1718998183578,"level":"info","message":"Starting rendering request 36","meta":{"rootId":"13kwe68j3xevczn","id":"13kwe68j3xevczn"},"id":"h134pe2aqf13be9","previousOperationId":"xxj7im3vqwes9l5"}
{"type":"log","timestamp":1718998183578,"level":"info","message":"Rendering template { name: orders-main, recipe: chrome-pdf, engine: handlebars, preview: true }","meta":{"rootId":"13kwe68j3xevczn","id":"13kwe68j3xevczn"},"id":"p878lzon8ludg65","previousOperationId":"xxj7im3vqwes9l5"}
{"type":"log","timestamp":1718998183579,"level":"debug","message":"Data item not defined for this template.","meta":{"rootId":"13kwe68j3xevczn","id":"13kwe68j3xevczn"},"id":"lkmq25lh7bx5f42","previousOperationId":"xxj7im3vqwes9l5"}
{"type":"log","timestamp":1718998183580,"level":"debug","message":"Executing script orders-script (beforeRender)","meta":{"rootId":"13kwe68j3xevczn","id":"13kwe68j3xevczn"},"id":"g17y0n6w8wfus52","previousOperationId":"xxj7im3vqwes9l5"}
{"type":"operationStart","subtype":"scriptsBeforeRender","name":"scripts beforeRender","timestamp":1718998183584,"id":"41exl4wxl4yn7cu","previousEventId":"1dcbn0e0uufxvwk","operationId":"e3u3ha6negf9tql","previousOperationId":"xxj7im3vqwes9l5"}
{"type":"operationStart","subtype":"script","name":"scripts orders-script","previousOperationId":"e3u3ha6negf9tql","timestamp":1718998183584,"id":"9vbdwphucaz5nik","previousEventId":"41exl4wxl4yn7cu","operationId":"mb6zqe8hm581zhg"}
{"type":"operationEnd","operationId":"mb6zqe8hm581zhg","timestamp":1718998184343,"id":"jhuqq1r2ouw7j0x","previousEventId":"1dcbn0e0uufxvwk","previousOperationId":"xxj7im3vqwes9l5"}
{"type":"operationEnd","operationId":"e3u3ha6negf9tql","timestamp":1718998184343,"id":"hmc64hmwbdju1ex","previousEventId":"jhuqq1r2ouw7j0x","previousOperationId":"xxj7im3vqwes9l5"}
{"type":"log","timestamp":1718998184343,"level":"debug","message":"Base url not specified, skipping its injection.","meta":{"rootId":"13kwe68j3xevczn","id":"13kwe68j3xevczn"},"id":"2rd2r5ubkx1g9u4","previousOperationId":"e3u3ha6negf9tql"}
{"type":"operationStart","subtype":"engine","name":"handlebars","timestamp":1718998184344,"id":"4vbq79ahojzxmxx","previousEventId":"hmc64hmwbdju1ex","operationId":"v8brwmasgsmqb00","previousOperationId":"e3u3ha6negf9tql"}
{"type":"log","timestamp":1718998184344,"level":"debug","message":"Rendering engine handlebars","meta":{"rootId":"13kwe68j3xevczn","id":"13kwe68j3xevczn"},"id":"lmahrxyryrye1v5","previousOperationId":"v8brwmasgsmqb00"}
{"type":"log","timestamp":1718998184354,"level":"debug","message":"(console:log) Pdf utils adding group field, value: \"France\"","meta":{"userLevel":true,"rootId":"13kwe68j3xevczn","id":"13kwe68j3xevczn"},"id":"7ugbqtsbm0qvb2d","previousOperationId":"v8brwmasgsmqb00"}
{"type":"log","timestamp":1718998184354,"level":"debug","message":"(console:log) Pdf utils adding group field, value: \"Germany\"","meta":{"userLevel":true,"rootId":"13kwe68j3xevczn","id":"13kwe68j3xevczn"},"id":"4hldoz2gsjyy4fj","previousOperationId":"v8brwmasgsmqb00"}
{"type":"operationEnd","operationId":"v8brwmasgsmqb00","timestamp":1718998184355,"id":"0pf12fmfkrdwt3i","previousEventId":"4vbq79ahojzxmxx","previousOperationId":"v8brwmasgsmqb00"}
{"type":"operationStart","subtype":"recipe","name":"chrome-pdf","timestamp":1718998184355,"id":"t64kpxlr31jdcam","previousEventId":"0pf12fmfkrdwt3i","operationId":"4sz660i0l5grqgb","previousOperationId":"v8brwmasgsmqb00"}
{"type":"log","timestamp":1718998184355,"level":"debug","message":"Executing recipe chrome-pdf","meta":{"rootId":"13kwe68j3xevczn","id":"13kwe68j3xevczn"},"id":"5qg1n6iynxvhdt9","previousOperationId":"4sz660i0l5grqgb"}
{"type":"log","timestamp":1718998184359,"level":"debug","message":"Converting with chrome Chrome/126.0.6478.61 using chrome-pool strategy","meta":{"rootId":"13kwe68j3xevczn","id":"13kwe68j3xevczn"},"id":"miuns6qmkxlv09v","previousOperationId":"4sz660i0l5grqgb"}
{"type":"log","timestamp":1718998184401,"level":"debug","message":"Page request: GET (document) file:///var/folders/2x/1bhfw9mx7d775w_jmf56lcp80000gn/T/jsreport/autocleanup/0afbebe2-f03f-4675-b144-e2f6268bdb9a-chrome-pdf.html","meta":{"rootId":"13kwe68j3xevczn","id":"13kwe68j3xevczn"},"id":"4mqxv384ifnymoy","previousOperationId":"4sz660i0l5grqgb"}
{"type":"log","timestamp":1718998184405,"level":"debug","message":"Page request finished: GET (document) 200 file:///var/folders/2x/1bhfw9mx7d775w_jmf56lcp80000gn/T/jsreport/autocleanup/0afbebe2-f03f-4675-b144-e2f6268bdb9a-chrome-pdf.html","meta":{"rootId":"13kwe68j3xevczn","id":"13kwe68j3xevczn"},"id":"th14py50qwk0wa4","previousOperationId":"4sz660i0l5grqgb"}
{"type":"log","timestamp":1718998184408,"level":"debug","message":"Page request: GET (stylesheet) https://cdnjs.cloudflare.com/ajax/libs/metro/4.1.5/css/metro.min.css","meta":{"rootId":"13kwe68j3xevczn","id":"13kwe68j3xevczn"},"id":"v1jzp6jxsmz419m","previousOperationId":"4sz660i0l5grqgb"}
{"type":"log","timestamp":1718998184409,"level":"debug","message":"Page request: GET (script) https://cdnjs.cloudflare.com/ajax/libs/Chart.js/2.7.2/Chart.min.js","meta":{"rootId":"13kwe68j3xevczn","id":"13kwe68j3xevczn"},"id":"xm044jdejkdtg3z","previousOperationId":"4sz660i0l5grqgb"}
{"type":"log","timestamp":1718998184419,"level":"debug","message":"Page request finished: GET (stylesheet) 200 https://cdnjs.cloudflare.com/ajax/libs/metro/4.1.5/css/metro.min.css","meta":{"rootId":"13kwe68j3xevczn","id":"13kwe68j3xevczn"},"id":"etslfefqzrhxsyd","previousOperationId":"4sz660i0l5grqgb"}
{"type":"log","timestamp":1718998184419,"level":"debug","message":"Page request finished: GET (script) 200 https://cdnjs.cloudflare.com/ajax/libs/Chart.js/2.7.2/Chart.min.js","meta":{"rootId":"13kwe68j3xevczn","id":"13kwe68j3xevczn"},"id":"mf2x9c7fpcrocxg","previousOperationId":"4sz660i0l5grqgb"}
{"type":"log","timestamp":1718998184489,"level":"debug","message":"Running chrome with params {\"printBackground\":true,\"marginTop\":\"4cm\",\"marginRight\":\"1.5cm\",\"marginBottom\":\"1.5cm\",\"marginLeft\":\"1.5cm\",\"waitForJS\":false,\"timeout\":59209,\"margin\":{\"top\":\"4cm\",\"right\":\"1.5cm\",\"bottom\":\"1.5cm\",\"left\":\"1.5cm\"}}","meta":{"rootId":"13kwe68j3xevczn","id":"13kwe68j3xevczn"},"id":"0deaeb7ybscc5r7","previousOperationId":"4sz660i0l5grqgb"}
{"type":"operationEnd","operationId":"4sz660i0l5grqgb","timestamp":1718998184681,"id":"8gvzqu7a1iv6skn","previousEventId":"t64kpxlr31jdcam","previousOperationId":"4sz660i0l5grqgb"}
{"type":"log","timestamp":1718998184681,"level":"info","message":"pdf-utils is starting pdf processing","meta":{"rootId":"13kwe68j3xevczn","id":"13kwe68j3xevczn"},"id":"zo222fgn7r32haf","previousOperationId":"4sz660i0l5grqgb"}
{"type":"operationStart","subtype":"pdfUtils","name":"pdf utils","timestamp":1718998184681,"id":"8p3u2cb7a4t1ucm","previousEventId":"8gvzqu7a1iv6skn","operationId":"fene2cvqau0wsuw","previousOperationId":"4sz660i0l5grqgb"}
{"type":"log","timestamp":1718998184681,"level":"debug","message":"pdf-utils detected 1 pdf operation(s) to process","meta":{"rootId":"13kwe68j3xevczn","id":"13kwe68j3xevczn"},"id":"l953lzm577aiomq","previousOperationId":"fene2cvqau0wsuw"}
{"type":"log","timestamp":1718998184694,"level":"debug","message":"pdf-utils running pdf operation merge","meta":{"rootId":"13kwe68j3xevczn","id":"13kwe68j3xevczn"},"id":"szpspqvdg36k8tb","previousOperationId":"fene2cvqau0wsuw"}
{"type":"operationStart","subtype":"pdfUtilsMerge","name":"pdf utils merge","previousOperationId":"fene2cvqau0wsuw","timestamp":1718998184694,"id":"p0hifszeexqzbue","previousEventId":"8p3u2cb7a4t1ucm","operationId":"9m5htpzvh9h9sl7"}
{"type":"operationStart","subtype":"render","name":"orders-header","previousOperationId":"9m5htpzvh9h9sl7","timestamp":1718998184694,"id":"r9w7g64s58csdry","previousEventId":"p0hifszeexqzbue","operationId":"ui3rhwxhh8hkkc1"}
{"type":"log","timestamp":1718998184694,"level":"info","message":"Starting rendering (child) request","meta":{"rootId":"13kwe68j3xevczn","id":"wj5hjs8x8fngaj8"},"id":"nm0wdi98illxrlp","previousOperationId":"ui3rhwxhh8hkkc1"}
{"type":"log","timestamp":1718998184694,"level":"info","message":"Rendering template { name: orders-header, recipe: chrome-pdf, engine: handlebars, preview: true }","meta":{"rootId":"13kwe68j3xevczn","id":"wj5hjs8x8fngaj8"},"id":"u5jtno28wq2uskj","previousOperationId":"ui3rhwxhh8hkkc1"}
{"type":"log","timestamp":1718998184695,"level":"debug","message":"Inline data specified.","meta":{"rootId":"13kwe68j3xevczn","id":"wj5hjs8x8fngaj8"},"id":"zxzbjrx04ccm3g7","previousOperationId":"ui3rhwxhh8hkkc1"}
{"type":"log","timestamp":1718998184696,"level":"debug","message":"Base url not specified, skipping its injection.","meta":{"rootId":"13kwe68j3xevczn","id":"wj5hjs8x8fngaj8"},"id":"cupcvyqsehzx5yc","previousOperationId":"ui3rhwxhh8hkkc1"}
{"type":"operationStart","subtype":"engine","name":"handlebars","timestamp":1718998184696,"id":"csyg9gy4ibtkl7a","previousEventId":"r9w7g64s58csdry","operationId":"gaomx664nln9qer","previousOperationId":"ui3rhwxhh8hkkc1"}
{"type":"log","timestamp":1718998184696,"level":"debug","message":"Rendering engine handlebars","meta":{"rootId":"13kwe68j3xevczn","id":"wj5hjs8x8fngaj8"},"id":"g522osxnocm66ya","previousOperationId":"gaomx664nln9qer"}
{"type":"operationEnd","operationId":"gaomx664nln9qer","timestamp":1718998184702,"id":"lxcgxfs79o14l3h","previousEventId":"csyg9gy4ibtkl7a","previousOperationId":"gaomx664nln9qer"}
{"type":"operationStart","subtype":"recipe","name":"chrome-pdf","timestamp":1718998184702,"id":"kevza5zeoc8q9gt","previousEventId":"lxcgxfs79o14l3h","operationId":"k6o6g8b15an0v5p","previousOperationId":"gaomx664nln9qer"}
{"type":"log","timestamp":1718998184702,"level":"debug","message":"Executing recipe chrome-pdf","meta":{"rootId":"13kwe68j3xevczn","id":"wj5hjs8x8fngaj8"},"id":"kg9xit3wpxes36k","previousOperationId":"k6o6g8b15an0v5p"}
{"type":"log","timestamp":1718998184703,"level":"debug","message":"Converting with chrome Chrome/126.0.6478.61 using chrome-pool strategy","meta":{"rootId":"13kwe68j3xevczn","id":"wj5hjs8x8fngaj8"},"id":"ro8lgz07ghcduak","previousOperationId":"k6o6g8b15an0v5p"}
{"type":"log","timestamp":1718998184720,"level":"debug","message":"Page request: GET (document) file:///var/folders/2x/1bhfw9mx7d775w_jmf56lcp80000gn/T/jsreport/autocleanup/3ca6eed2-a88a-4c2d-927a-eaaa5af048bf-chrome-pdf.html","meta":{"rootId":"13kwe68j3xevczn","id":"wj5hjs8x8fngaj8"},"id":"szvhdsegswdw2jk","previousOperationId":"k6o6g8b15an0v5p"}
{"type":"log","timestamp":1718998184725,"level":"debug","message":"Page request finished: GET (document) 200 file:///var/folders/2x/1bhfw9mx7d775w_jmf56lcp80000gn/T/jsreport/autocleanup/3ca6eed2-a88a-4c2d-927a-eaaa5af048bf-chrome-pdf.html","meta":{"rootId":"13kwe68j3xevczn","id":"wj5hjs8x8fngaj8"},"id":"kbp3dj2v9q29sq1","previousOperationId":"k6o6g8b15an0v5p"}
{"type":"log","timestamp":1718998184725,"level":"debug","message":"Page request: GET (stylesheet) https://cdnjs.cloudflare.com/ajax/libs/metro/4.1.5/css/metro.min.css","meta":{"rootId":"13kwe68j3xevczn","id":"wj5hjs8x8fngaj8"},"id":"gqv468emozgv5xd","previousOperationId":"k6o6g8b15an0v5p"}
{"type":"log","timestamp":1718998184732,"level":"debug","message":"Page request finished: GET (stylesheet) 200 https://cdnjs.cloudflare.com/ajax/libs/metro/4.1.5/css/metro.min.css","meta":{"rootId":"13kwe68j3xevczn","id":"wj5hjs8x8fngaj8"},"id":"40jlr482qml7r5n","previousOperationId":"k6o6g8b15an0v5p"}
{"type":"log","timestamp":1718998184753,"level":"debug","message":"Running chrome with params {\"printBackground\":true,\"marginTop\":\"1.5cm\",\"marginRight\":\"1.5cm\",\"marginLeft\":\"1.cm\",\"timeout\":58862,\"margin\":{\"top\":\"1.5cm\",\"right\":\"1.5cm\",\"left\":\"1.cm\"}}","meta":{"rootId":"13kwe68j3xevczn","id":"wj5hjs8x8fngaj8"},"id":"yb5at6gh49ewyhn","previousOperationId":"k6o6g8b15an0v5p"}
{"type":"operationEnd","operationId":"k6o6g8b15an0v5p","timestamp":1718998184854,"id":"cokyt3g54z10ak9","previousEventId":"kevza5zeoc8q9gt","previousOperationId":"k6o6g8b15an0v5p"}
{"type":"log","timestamp":1718998184854,"level":"debug","message":"Skipping storing report.","meta":{"rootId":"13kwe68j3xevczn","id":"wj5hjs8x8fngaj8"},"id":"jcr98xz1xrw1iqe","previousOperationId":"k6o6g8b15an0v5p"}
{"type":"log","timestamp":1718998184854,"level":"info","message":"Rendering (child) request finished in 1289 ms","meta":{"rootId":"13kwe68j3xevczn","id":"wj5hjs8x8fngaj8"},"id":"nnv1eeqjlejfyad","previousOperationId":"k6o6g8b15an0v5p"}
{"type":"operationEnd","subtype":"render","operationId":"ui3rhwxhh8hkkc1","timestamp":1718998184854,"id":"252xzmc5xglx0iv","previousEventId":"cokyt3g54z10ak9","previousOperationId":"k6o6g8b15an0v5p"}
{"type":"operationEnd","operationId":"9m5htpzvh9h9sl7","timestamp":1718998184868,"id":"1p697oa15v0fefo","previousEventId":"p0hifszeexqzbue","previousOperationId":"9m5htpzvh9h9sl7"}
{"type":"log","timestamp":1718998184868,"level":"debug","message":"pdf-utils postprocess start","meta":{"rootId":"13kwe68j3xevczn","id":"13kwe68j3xevczn"},"id":"08juargzamp9b6x","previousOperationId":"9m5htpzvh9h9sl7"}
{"type":"log","timestamp":1718998184889,"level":"debug","message":"pdf-utils postprocess end","meta":{"rootId":"13kwe68j3xevczn","id":"13kwe68j3xevczn"},"id":"m253hrvkksd86s7","previousOperationId":"9m5htpzvh9h9sl7"}
{"type":"operationEnd","operationId":"fene2cvqau0wsuw","timestamp":1718998184889,"id":"t7xv5d5ls3w73fz","previousEventId":"1p697oa15v0fefo","previousOperationId":"9m5htpzvh9h9sl7"}
{"type":"log","timestamp":1718998184890,"level":"info","message":"pdf-utils pdf processing was finished","meta":{"rootId":"13kwe68j3xevczn","id":"13kwe68j3xevczn"},"id":"3sapzit76prduwg","previousOperationId":"fene2cvqau0wsuw"}
{"type":"log","timestamp":1718998184890,"level":"debug","message":"Skipping storing report.","meta":{"rootId":"13kwe68j3xevczn","id":"13kwe68j3xevczn"},"id":"lv846fchui602j2","previousOperationId":"fene2cvqau0wsuw"}
{"type":"log","timestamp":1718998184890,"level":"info","message":"Rendering request 36 finished in 1325 ms","meta":{"rootId":"13kwe68j3xevczn","id":"13kwe68j3xevczn"},"id":"b4nho1gvgp1aj74","previousOperationId":"fene2cvqau0wsuw"}
{"type":"operationEnd","subtype":"render","operationId":"xxj7im3vqwes9l5","timestamp":1718998184890,"id":"bfvd3d1h7a5n5g9","previousEventId":"t7xv5d5ls3w73fz","previousOperationId":"fene2cvqau0wsuw"}
{"type":"operationEnd","doDiffs":false,"previousEventId":"di2c6s88mu3dhcx","previousOperationId":"x4r8xxhwk6hjtk3","operationId":"x4r8xxhwk6hjtk3","timestamp":1718998184892,"id":"i210rvz897gxx07"}
