{"type":"operationStart","subtype":"profile","data":{"_id":"rPjsN0aaOC9CKH4t","timestamp":"2024-06-21T19:27:15.172Z","state":"queued","mode":"standard","creationDate":"2024-06-21T19:27:15.179Z","modificationDate":"2024-06-21T19:27:15.179Z","shortid":"Ryo-7r6","$entitySet":"profiles"},"doDiffs":false,"timestamp":1718998035174,"id":"nvyhpcm12nf7pzj","previousOperationId":null,"operationId":"oi7fkvdq1pd2muo"}
{"type":"log","level":"info","message":"Render request 30 queued for execution and waiting for available worker","previousOperationId":"oi7fkvdq1pd2muo","timestamp":1718998035174,"id":"xb6uhuq7zuprprp"}
{"type":"operationStart","subtype":"render","name":"orders-main","previousOperationId":"oi7fkvdq1pd2muo","timestamp":1718998035191,"id":"fpo22bv1bd0uo72","previousEventId":"nvyhpcm12nf7pzj","operationId":"yi4diuwbfdy5c6e"}
{"type":"log","timestamp":1718998035191,"level":"info","message":"Starting rendering request 30","meta":{"rootId":"42y730y3rv695yn","id":"42y730y3rv695yn"},"id":"q9odaadz86e7bim","previousOperationId":"yi4diuwbfdy5c6e"}
{"type":"log","timestamp":1718998035191,"level":"info","message":"Rendering template { name: orders-main, recipe: chrome-pdf, engine: handlebars, preview: false }","meta":{"rootId":"42y730y3rv695yn","id":"42y730y3rv695yn"},"id":"wuf3odhmluwxodp","previousOperationId":"yi4diuwbfdy5c6e"}
{"type":"log","timestamp":1718998035193,"level":"debug","message":"Inline data specified.","meta":{"rootId":"42y730y3rv695yn","id":"42y730y3rv695yn"},"id":"ws7mb7hofze4v8l","previousOperationId":"yi4diuwbfdy5c6e"}
{"type":"log","timestamp":1718998035194,"level":"debug","message":"Executing script orders-script (beforeRender)","meta":{"rootId":"42y730y3rv695yn","id":"42y730y3rv695yn"},"id":"6ycltttb6he3imn","previousOperationId":"yi4diuwbfdy5c6e"}
{"type":"operationStart","subtype":"scriptsBeforeRender","name":"scripts beforeRender","timestamp":1718998035198,"id":"agdz37rclyhf003","previousEventId":"fpo22bv1bd0uo72","operationId":"gttda140xim6w10","previousOperationId":"yi4diuwbfdy5c6e"}
{"type":"operationStart","subtype":"script","name":"scripts orders-script","previousOperationId":"gttda140xim6w10","timestamp":1718998035198,"id":"p4sdevd3f634wrc","previousEventId":"agdz37rclyhf003","operationId":"ykj6qivh4w7wz05"}
{"type":"operationEnd","operationId":"ykj6qivh4w7wz05","timestamp":1718998036955,"id":"giv9zbhfi8pqmdi","previousEventId":"fpo22bv1bd0uo72","previousOperationId":"yi4diuwbfdy5c6e"}
{"type":"operationEnd","operationId":"gttda140xim6w10","timestamp":1718998036955,"id":"4kwkq1cekduzh2i","previousEventId":"giv9zbhfi8pqmdi","previousOperationId":"yi4diuwbfdy5c6e"}
{"type":"log","timestamp":1718998036955,"level":"debug","message":"Base url not specified, skipping its injection.","meta":{"rootId":"42y730y3rv695yn","id":"42y730y3rv695yn"},"id":"ukoa9s2xb37gg2e","previousOperationId":"gttda140xim6w10"}
{"type":"operationStart","subtype":"engine","name":"handlebars","timestamp":1718998036955,"id":"3yojlcagx14pav7","previousEventId":"4kwkq1cekduzh2i","operationId":"klbx9702bilydcc","previousOperationId":"gttda140xim6w10"}
{"type":"log","timestamp":1718998036955,"level":"debug","message":"Rendering engine handlebars","meta":{"rootId":"42y730y3rv695yn","id":"42y730y3rv695yn"},"id":"mjvk3148u3hblqm","previousOperationId":"klbx9702bilydcc"}
{"type":"log","timestamp":1718998036964,"level":"debug","message":"(console:log) Pdf utils adding group field, value: \"France\"","meta":{"userLevel":true,"rootId":"42y730y3rv695yn","id":"42y730y3rv695yn"},"id":"jfibh2wwqctzo0b","previousOperationId":"klbx9702bilydcc"}
{"type":"log","timestamp":1718998036964,"level":"debug","message":"(console:log) Pdf utils adding group field, value: \"Germany\"","meta":{"userLevel":true,"rootId":"42y730y3rv695yn","id":"42y730y3rv695yn"},"id":"5phn5kff0q7uaxa","previousOperationId":"klbx9702bilydcc"}
{"type":"operationEnd","operationId":"klbx9702bilydcc","timestamp":1718998036965,"id":"rnay32i7fu7jdec","previousEventId":"3yojlcagx14pav7","previousOperationId":"klbx9702bilydcc"}
{"type":"operationStart","subtype":"recipe","name":"chrome-pdf","timestamp":1718998036965,"id":"ipy5bm5cpb4cloo","previousEventId":"rnay32i7fu7jdec","operationId":"36etfjp9tsqassv","previousOperationId":"klbx9702bilydcc"}
{"type":"log","timestamp":1718998036965,"level":"debug","message":"Executing recipe chrome-pdf","meta":{"rootId":"42y730y3rv695yn","id":"42y730y3rv695yn"},"id":"rk4p31bs7lnnvjt","previousOperationId":"36etfjp9tsqassv"}
{"type":"log","timestamp":1718998036969,"level":"debug","message":"Converting with chrome Chrome/126.0.6478.61 using chrome-pool strategy","meta":{"rootId":"42y730y3rv695yn","id":"42y730y3rv695yn"},"id":"g3si19tx78vod5l","previousOperationId":"36etfjp9tsqassv"}
{"type":"log","timestamp":1718998037018,"level":"debug","message":"Page request: GET (document) file:///var/folders/2x/1bhfw9mx7d775w_jmf56lcp80000gn/T/jsreport/autocleanup/e6356164-f2ba-4a93-ac2b-ca640941ac00-chrome-pdf.html","meta":{"rootId":"42y730y3rv695yn","id":"42y730y3rv695yn"},"id":"zuek24kdy2oprn2","previousOperationId":"36etfjp9tsqassv"}
{"type":"log","timestamp":1718998037023,"level":"debug","message":"Page request finished: GET (document) 200 file:///var/folders/2x/1bhfw9mx7d775w_jmf56lcp80000gn/T/jsreport/autocleanup/e6356164-f2ba-4a93-ac2b-ca640941ac00-chrome-pdf.html","meta":{"rootId":"42y730y3rv695yn","id":"42y730y3rv695yn"},"id":"jolk5y8yqsvmnsw","previousOperationId":"36etfjp9tsqassv"}
{"type":"log","timestamp":1718998037023,"level":"debug","message":"Page request: GET (stylesheet) https://cdnjs.cloudflare.com/ajax/libs/metro/4.1.5/css/metro.min.css","meta":{"rootId":"42y730y3rv695yn","id":"42y730y3rv695yn"},"id":"37w6hbrp9nrw7t8","previousOperationId":"36etfjp9tsqassv"}
{"type":"log","timestamp":1718998037023,"level":"debug","message":"Page request: GET (script) https://cdnjs.cloudflare.com/ajax/libs/Chart.js/2.7.2/Chart.min.js","meta":{"rootId":"42y730y3rv695yn","id":"42y730y3rv695yn"},"id":"axnbwp76ktw46vd","previousOperationId":"36etfjp9tsqassv"}
{"type":"log","timestamp":1718998037031,"level":"debug","message":"Page request finished: GET (stylesheet) 200 https://cdnjs.cloudflare.com/ajax/libs/metro/4.1.5/css/metro.min.css","meta":{"rootId":"42y730y3rv695yn","id":"42y730y3rv695yn"},"id":"kswsgw0y85ucdo7","previousOperationId":"36etfjp9tsqassv"}
{"type":"log","timestamp":1718998037031,"level":"debug","message":"Page request finished: GET (script) 200 https://cdnjs.cloudflare.com/ajax/libs/Chart.js/2.7.2/Chart.min.js","meta":{"rootId":"42y730y3rv695yn","id":"42y730y3rv695yn"},"id":"g78cfjkosp3khve","previousOperationId":"36etfjp9tsqassv"}
{"type":"log","timestamp":1718998037072,"level":"debug","message":"Running chrome with params {\"printBackground\":true,\"marginTop\":\"4cm\",\"marginRight\":\"1.5cm\",\"marginBottom\":\"1.5cm\",\"marginLeft\":\"1.5cm\",\"waitForJS\":false,\"timeout\":58203,\"margin\":{\"top\":\"4cm\",\"right\":\"1.5cm\",\"bottom\":\"1.5cm\",\"left\":\"1.5cm\"}}","meta":{"rootId":"42y730y3rv695yn","id":"42y730y3rv695yn"},"id":"za2jbed259ejgih","previousOperationId":"36etfjp9tsqassv"}
{"type":"operationEnd","operationId":"36etfjp9tsqassv","timestamp":1718998037235,"id":"wrfs89u5r7ep4lf","previousEventId":"ipy5bm5cpb4cloo","previousOperationId":"36etfjp9tsqassv"}
{"type":"log","timestamp":1718998037235,"level":"info","message":"pdf-utils is starting pdf processing","meta":{"rootId":"42y730y3rv695yn","id":"42y730y3rv695yn"},"id":"4zpfpotybq3p9et","previousOperationId":"36etfjp9tsqassv"}
{"type":"operationStart","subtype":"pdfUtils","name":"pdf utils","timestamp":1718998037236,"id":"uw1hnfth3hzcfj8","previousEventId":"wrfs89u5r7ep4lf","operationId":"z8q6f0fmue3ryan","previousOperationId":"36etfjp9tsqassv"}
{"type":"log","timestamp":1718998037236,"level":"debug","message":"pdf-utils detected 1 pdf operation(s) to process","meta":{"rootId":"42y730y3rv695yn","id":"42y730y3rv695yn"},"id":"4l54xg9xm14tfyl","previousOperationId":"z8q6f0fmue3ryan"}
{"type":"log","timestamp":1718998037258,"level":"debug","message":"pdf-utils running pdf operation merge","meta":{"rootId":"42y730y3rv695yn","id":"42y730y3rv695yn"},"id":"k4721qhbppbu519","previousOperationId":"z8q6f0fmue3ryan"}
{"type":"operationStart","subtype":"pdfUtilsMerge","name":"pdf utils merge","previousOperationId":"z8q6f0fmue3ryan","timestamp":1718998037258,"id":"qbmzsjiev05byuy","previousEventId":"uw1hnfth3hzcfj8","operationId":"ga14qe0ekircfqo"}
{"type":"operationStart","subtype":"render","name":"orders-header","previousOperationId":"ga14qe0ekircfqo","timestamp":1718998037260,"id":"blcwojo73n03hab","previousEventId":"qbmzsjiev05byuy","operationId":"vw5wcwluhh5qja5"}
{"type":"log","timestamp":1718998037260,"level":"info","message":"Starting rendering (child) request","meta":{"rootId":"42y730y3rv695yn","id":"qyrfgfl9y3uvapr"},"id":"r1la8q58ojue4sm","previousOperationId":"vw5wcwluhh5qja5"}
{"type":"log","timestamp":1718998037260,"level":"info","message":"Rendering template { name: orders-header, recipe: chrome-pdf, engine: handlebars, preview: false }","meta":{"rootId":"42y730y3rv695yn","id":"qyrfgfl9y3uvapr"},"id":"wvgd5zq0xxhp1ks","previousOperationId":"vw5wcwluhh5qja5"}
{"type":"log","timestamp":1718998037260,"level":"debug","message":"Inline data specified.","meta":{"rootId":"42y730y3rv695yn","id":"qyrfgfl9y3uvapr"},"id":"82rb735ga4wfund","previousOperationId":"vw5wcwluhh5qja5"}
{"type":"log","timestamp":1718998037261,"level":"debug","message":"Base url not specified, skipping its injection.","meta":{"rootId":"42y730y3rv695yn","id":"qyrfgfl9y3uvapr"},"id":"7pleil6eyiy7p5w","previousOperationId":"vw5wcwluhh5qja5"}
{"type":"operationStart","subtype":"engine","name":"handlebars","timestamp":1718998037261,"id":"8uh8jo28wo00jnj","previousEventId":"blcwojo73n03hab","operationId":"dmrjueplpfa1jhd","previousOperationId":"vw5wcwluhh5qja5"}
{"type":"log","timestamp":1718998037261,"level":"debug","message":"Rendering engine handlebars","meta":{"rootId":"42y730y3rv695yn","id":"qyrfgfl9y3uvapr"},"id":"1h26xpm115i32ar","previousOperationId":"dmrjueplpfa1jhd"}
{"type":"operationEnd","operationId":"dmrjueplpfa1jhd","timestamp":1718998037265,"id":"31ffx2ipgq6xipy","previousEventId":"8uh8jo28wo00jnj","previousOperationId":"dmrjueplpfa1jhd"}
{"type":"operationStart","subtype":"recipe","name":"chrome-pdf","timestamp":1718998037265,"id":"7x8q9ifgkfvk3zu","previousEventId":"31ffx2ipgq6xipy","operationId":"zwca4srkwls8nid","previousOperationId":"dmrjueplpfa1jhd"}
{"type":"log","timestamp":1718998037265,"level":"debug","message":"Executing recipe chrome-pdf","meta":{"rootId":"42y730y3rv695yn","id":"qyrfgfl9y3uvapr"},"id":"3omekp3zwne0kfd","previousOperationId":"zwca4srkwls8nid"}
{"type":"log","timestamp":1718998037265,"level":"debug","message":"Converting with chrome Chrome/126.0.6478.61 using chrome-pool strategy","meta":{"rootId":"42y730y3rv695yn","id":"qyrfgfl9y3uvapr"},"id":"l11its40hhvan7z","previousOperationId":"zwca4srkwls8nid"}
{"type":"log","timestamp":1718998037282,"level":"debug","message":"Page request: GET (document) file:///var/folders/2x/1bhfw9mx7d775w_jmf56lcp80000gn/T/jsreport/autocleanup/320d9667-784c-48f1-8828-8549cccb2503-chrome-pdf.html","meta":{"rootId":"42y730y3rv695yn","id":"qyrfgfl9y3uvapr"},"id":"e0clrhlqq9kfpo6","previousOperationId":"zwca4srkwls8nid"}
{"type":"log","timestamp":1718998037286,"level":"debug","message":"Page request finished: GET (document) 200 file:///var/folders/2x/1bhfw9mx7d775w_jmf56lcp80000gn/T/jsreport/autocleanup/320d9667-784c-48f1-8828-8549cccb2503-chrome-pdf.html","meta":{"rootId":"42y730y3rv695yn","id":"qyrfgfl9y3uvapr"},"id":"8l5cezss6i34qtq","previousOperationId":"zwca4srkwls8nid"}
{"type":"log","timestamp":1718998037286,"level":"debug","message":"Page request: GET (stylesheet) https://cdnjs.cloudflare.com/ajax/libs/metro/4.1.5/css/metro.min.css","meta":{"rootId":"42y730y3rv695yn","id":"qyrfgfl9y3uvapr"},"id":"nimb74hnw7u35mp","previousOperationId":"zwca4srkwls8nid"}
{"type":"log","timestamp":1718998037293,"level":"debug","message":"Page request finished: GET (stylesheet) 200 https://cdnjs.cloudflare.com/ajax/libs/metro/4.1.5/css/metro.min.css","meta":{"rootId":"42y730y3rv695yn","id":"qyrfgfl9y3uvapr"},"id":"s8y9v2fwi6bp6j2","previousOperationId":"zwca4srkwls8nid"}
{"type":"log","timestamp":1718998037314,"level":"debug","message":"Running chrome with params {\"printBackground\":true,\"marginTop\":\"1.5cm\",\"marginRight\":\"1.5cm\",\"marginLeft\":\"1.cm\",\"timeout\":57905,\"margin\":{\"top\":\"1.5cm\",\"right\":\"1.5cm\",\"left\":\"1.cm\"}}","meta":{"rootId":"42y730y3rv695yn","id":"qyrfgfl9y3uvapr"},"id":"7p5wpp00dsufbos","previousOperationId":"zwca4srkwls8nid"}
{"type":"operationEnd","operationId":"zwca4srkwls8nid","timestamp":1718998037434,"id":"2noed5oea3pd003","previousEventId":"7x8q9ifgkfvk3zu","previousOperationId":"zwca4srkwls8nid"}
{"type":"log","timestamp":1718998037434,"level":"debug","message":"Skipping storing report.","meta":{"rootId":"42y730y3rv695yn","id":"qyrfgfl9y3uvapr"},"id":"zr5zkr6hpgiovdm","previousOperationId":"zwca4srkwls8nid"}
{"type":"log","timestamp":1718998037434,"level":"info","message":"Rendering (child) request finished in 2264 ms","meta":{"rootId":"42y730y3rv695yn","id":"qyrfgfl9y3uvapr"},"id":"qo30bvvg2oqc873","previousOperationId":"zwca4srkwls8nid"}
{"type":"operationEnd","subtype":"render","operationId":"vw5wcwluhh5qja5","timestamp":1718998037435,"id":"c864hsune31kpxs","previousEventId":"2noed5oea3pd003","previousOperationId":"zwca4srkwls8nid"}
{"type":"operationEnd","operationId":"ga14qe0ekircfqo","timestamp":1718998037452,"id":"jdxt5gp8o4lcup9","previousEventId":"qbmzsjiev05byuy","previousOperationId":"ga14qe0ekircfqo"}
{"type":"log","timestamp":1718998037452,"level":"debug","message":"pdf-utils postprocess start","meta":{"rootId":"42y730y3rv695yn","id":"42y730y3rv695yn"},"id":"yxnbk8nkjh6yje9","previousOperationId":"ga14qe0ekircfqo"}
{"type":"log","timestamp":1718998037479,"level":"debug","message":"pdf-utils postprocess end","meta":{"rootId":"42y730y3rv695yn","id":"42y730y3rv695yn"},"id":"c9qkx3h5grz7wqn","previousOperationId":"ga14qe0ekircfqo"}
{"type":"operationEnd","operationId":"z8q6f0fmue3ryan","timestamp":1718998037479,"id":"3hq6cipm2mv5vij","previousEventId":"jdxt5gp8o4lcup9","previousOperationId":"ga14qe0ekircfqo"}
{"type":"log","timestamp":1718998037480,"level":"info","message":"pdf-utils pdf processing was finished","meta":{"rootId":"42y730y3rv695yn","id":"42y730y3rv695yn"},"id":"kua3s751056l4st","previousOperationId":"z8q6f0fmue3ryan"}
{"type":"log","timestamp":1718998037480,"level":"debug","message":"Skipping storing report.","meta":{"rootId":"42y730y3rv695yn","id":"42y730y3rv695yn"},"id":"an24tkevja96nqi","previousOperationId":"z8q6f0fmue3ryan"}
{"type":"log","timestamp":1718998037480,"level":"info","message":"Rendering request 30 finished in 2310 ms","meta":{"rootId":"42y730y3rv695yn","id":"42y730y3rv695yn"},"id":"s28uls2pab7ktar","previousOperationId":"z8q6f0fmue3ryan"}
{"type":"operationEnd","subtype":"render","operationId":"yi4diuwbfdy5c6e","timestamp":1718998037480,"id":"0ozyftsuj1hg8e1","previousEventId":"3hq6cipm2mv5vij","previousOperationId":"z8q6f0fmue3ryan"}
{"type":"operationEnd","doDiffs":false,"previousEventId":"nvyhpcm12nf7pzj","previousOperationId":"oi7fkvdq1pd2muo","operationId":"oi7fkvdq1pd2muo","timestamp":1718998037481,"id":"3kzc82ybs0w16kf"}
