{"type":"operationStart","subtype":"profile","data":{"_id":"m75gKrbMEKpZYxtC","timestamp":"2024-06-21T15:29:06.211Z","state":"queued","mode":"standard","creationDate":"2024-06-21T15:29:06.213Z","modificationDate":"2024-06-21T15:29:06.213Z","shortid":"NvWR3pt","$entitySet":"profiles"},"doDiffs":false,"timestamp":1718983746212,"id":"egxr60050bkdjiw","previousOperationId":null,"operationId":"p1rdduu23ihp8x3"}
{"type":"log","level":"info","message":"Render request 1 queued for execution and waiting for available worker","previousOperationId":"p1rdduu23ihp8x3","timestamp":1718983746213,"id":"47n8dvl8yxd3kvl"}
{"type":"operationStart","subtype":"render","name":"orders-main","previousOperationId":"p1rdduu23ihp8x3","timestamp":1718983746230,"id":"blsod2le5ywqjzf","previousEventId":"egxr60050bkdjiw","operationId":"ln5wryp9r4mochg"}
{"type":"log","timestamp":1718983746231,"level":"info","message":"Starting rendering request 1","meta":{"rootId":"4a8ds44jy6htxix","id":"4a8ds44jy6htxix"},"id":"w82141d0xmbgspr","previousOperationId":"ln5wryp9r4mochg"}
{"type":"log","timestamp":1718983746232,"level":"info","message":"Rendering template { name: orders-main, recipe: chrome-pdf, engine: handlebars, preview: true }","meta":{"rootId":"4a8ds44jy6htxix","id":"4a8ds44jy6htxix"},"id":"q34vseiz1gyn92n","previousOperationId":"ln5wryp9r4mochg"}
{"type":"log","timestamp":1718983746233,"level":"debug","message":"Data item not defined for this template.","meta":{"rootId":"4a8ds44jy6htxix","id":"4a8ds44jy6htxix"},"id":"m7w08vd6hpoahq0","previousOperationId":"ln5wryp9r4mochg"}
{"type":"log","timestamp":1718983746234,"level":"debug","message":"Executing script orders-script (beforeRender)","meta":{"rootId":"4a8ds44jy6htxix","id":"4a8ds44jy6htxix"},"id":"522zzma7720nzda","previousOperationId":"ln5wryp9r4mochg"}
{"type":"operationStart","subtype":"scriptsBeforeRender","name":"scripts beforeRender","timestamp":1718983746406,"id":"ob3zgwd1af9afxo","previousEventId":"blsod2le5ywqjzf","operationId":"hnzwbk9lml0wh39","previousOperationId":"ln5wryp9r4mochg"}
{"type":"operationStart","subtype":"script","name":"scripts orders-script","previousOperationId":"hnzwbk9lml0wh39","timestamp":1718983746406,"id":"pq77xp0us9nnlu6","previousEventId":"ob3zgwd1af9afxo","operationId":"vciet1qk7hn57gf"}
{"type":"operationEnd","operationId":"vciet1qk7hn57gf","timestamp":1718983747261,"id":"tay82xjkyv6idcz","previousEventId":"blsod2le5ywqjzf","previousOperationId":"ln5wryp9r4mochg"}
{"type":"operationEnd","operationId":"hnzwbk9lml0wh39","timestamp":1718983747261,"id":"kscrsrypaphvz6g","previousEventId":"tay82xjkyv6idcz","previousOperationId":"ln5wryp9r4mochg"}
{"type":"log","timestamp":1718983747262,"level":"debug","message":"Base url not specified, skipping its injection.","meta":{"rootId":"4a8ds44jy6htxix","id":"4a8ds44jy6htxix"},"id":"rsdremcbl12f2wl","previousOperationId":"hnzwbk9lml0wh39"}
{"type":"operationStart","subtype":"engine","name":"handlebars","timestamp":1718983747262,"id":"srmpa9wuglcy6b5","previousEventId":"kscrsrypaphvz6g","operationId":"rvw6lwmgmlxs7g3","previousOperationId":"hnzwbk9lml0wh39"}
{"type":"log","timestamp":1718983747263,"level":"debug","message":"Rendering engine handlebars","meta":{"rootId":"4a8ds44jy6htxix","id":"4a8ds44jy6htxix"},"id":"j7hfk4mj3i9zu5i","previousOperationId":"rvw6lwmgmlxs7g3"}
{"type":"log","timestamp":1718983747420,"level":"debug","message":"(console:log) Pdf utils adding group field, value: \"France\"","meta":{"userLevel":true,"rootId":"4a8ds44jy6htxix","id":"4a8ds44jy6htxix"},"id":"iv4rn457bcu2c48","previousOperationId":"rvw6lwmgmlxs7g3"}
{"type":"log","timestamp":1718983747422,"level":"debug","message":"(console:log) Pdf utils adding group field, value: \"Germany\"","meta":{"userLevel":true,"rootId":"4a8ds44jy6htxix","id":"4a8ds44jy6htxix"},"id":"y5gwjaho0ly4twk","previousOperationId":"rvw6lwmgmlxs7g3"}
{"type":"operationEnd","operationId":"rvw6lwmgmlxs7g3","timestamp":1718983747423,"id":"ksb66hcbkh6jqkd","previousEventId":"srmpa9wuglcy6b5","previousOperationId":"rvw6lwmgmlxs7g3"}
{"type":"operationStart","subtype":"recipe","name":"chrome-pdf","timestamp":1718983747423,"id":"u8dcjbtajiieoyg","previousEventId":"ksb66hcbkh6jqkd","operationId":"ijjv0x4tn71f9zk","previousOperationId":"rvw6lwmgmlxs7g3"}
{"type":"log","timestamp":1718983747423,"level":"debug","message":"Executing recipe chrome-pdf","meta":{"rootId":"4a8ds44jy6htxix","id":"4a8ds44jy6htxix"},"id":"min2z5g4lx2ierx","previousOperationId":"ijjv0x4tn71f9zk"}
{"type":"log","timestamp":1718983749232,"level":"debug","message":"Converting with chrome Chrome/126.0.6478.61 using chrome-pool strategy","meta":{"rootId":"4a8ds44jy6htxix","id":"4a8ds44jy6htxix"},"id":"olugrw92awnigfx","previousOperationId":"ijjv0x4tn71f9zk"}
{"type":"log","timestamp":1718983749783,"level":"debug","message":"Page request: GET (document) file:///var/folders/2x/1bhfw9mx7d775w_jmf56lcp80000gn/T/jsreport/autocleanup/0e425756-37bd-461d-b76d-9f29150342f6-chrome-pdf.html","meta":{"rootId":"4a8ds44jy6htxix","id":"4a8ds44jy6htxix"},"id":"7ubzl0abladb2rw","previousOperationId":"ijjv0x4tn71f9zk"}
{"type":"log","timestamp":1718983749795,"level":"debug","message":"Page request finished: GET (document) 200 file:///var/folders/2x/1bhfw9mx7d775w_jmf56lcp80000gn/T/jsreport/autocleanup/0e425756-37bd-461d-b76d-9f29150342f6-chrome-pdf.html","meta":{"rootId":"4a8ds44jy6htxix","id":"4a8ds44jy6htxix"},"id":"9723k4m89r39brh","previousOperationId":"ijjv0x4tn71f9zk"}
{"type":"log","timestamp":1718983749795,"level":"debug","message":"Page request: GET (stylesheet) https://cdnjs.cloudflare.com/ajax/libs/metro/4.1.5/css/metro.min.css","meta":{"rootId":"4a8ds44jy6htxix","id":"4a8ds44jy6htxix"},"id":"dsk4tuu4zo6qpbh","previousOperationId":"ijjv0x4tn71f9zk"}
{"type":"log","timestamp":1718983749796,"level":"debug","message":"Page request: GET (script) https://cdnjs.cloudflare.com/ajax/libs/Chart.js/2.7.2/Chart.min.js","meta":{"rootId":"4a8ds44jy6htxix","id":"4a8ds44jy6htxix"},"id":"s55gshdqjdk5bh3","previousOperationId":"ijjv0x4tn71f9zk"}
{"type":"log","timestamp":1718983749888,"level":"debug","message":"Page request finished: GET (script) 200 https://cdnjs.cloudflare.com/ajax/libs/Chart.js/2.7.2/Chart.min.js","meta":{"rootId":"4a8ds44jy6htxix","id":"4a8ds44jy6htxix"},"id":"5l4dupyii6y069z","previousOperationId":"ijjv0x4tn71f9zk"}
{"type":"log","timestamp":1718983750132,"level":"debug","message":"Page request finished: GET (stylesheet) 200 https://cdnjs.cloudflare.com/ajax/libs/metro/4.1.5/css/metro.min.css","meta":{"rootId":"4a8ds44jy6htxix","id":"4a8ds44jy6htxix"},"id":"37d1iliy3dobq2r","previousOperationId":"ijjv0x4tn71f9zk"}
{"type":"log","timestamp":1718983750200,"level":"debug","message":"Running chrome with params {\"printBackground\":true,\"marginTop\":\"4cm\",\"marginRight\":\"1.5cm\",\"marginBottom\":\"1.5cm\",\"marginLeft\":\"1.5cm\",\"waitForJS\":false,\"timeout\":58597,\"margin\":{\"top\":\"4cm\",\"right\":\"1.5cm\",\"bottom\":\"1.5cm\",\"left\":\"1.5cm\"}}","meta":{"rootId":"4a8ds44jy6htxix","id":"4a8ds44jy6htxix"},"id":"gjdnl19mlrjfzeq","previousOperationId":"ijjv0x4tn71f9zk"}
{"type":"operationEnd","operationId":"ijjv0x4tn71f9zk","timestamp":1718983750568,"id":"a332rvs49fgf9oz","previousEventId":"u8dcjbtajiieoyg","previousOperationId":"ijjv0x4tn71f9zk"}
{"type":"log","timestamp":1718983750569,"level":"info","message":"pdf-utils is starting pdf processing","meta":{"rootId":"4a8ds44jy6htxix","id":"4a8ds44jy6htxix"},"id":"emksagu8cckreje","previousOperationId":"ijjv0x4tn71f9zk"}
{"type":"operationStart","subtype":"pdfUtils","name":"pdf utils","timestamp":1718983750664,"id":"htr8y334knlxdi2","previousEventId":"a332rvs49fgf9oz","operationId":"10po51nml89ml11","previousOperationId":"ijjv0x4tn71f9zk"}
{"type":"log","timestamp":1718983750664,"level":"debug","message":"pdf-utils detected 1 pdf operation(s) to process","meta":{"rootId":"4a8ds44jy6htxix","id":"4a8ds44jy6htxix"},"id":"a3mhr0v95xekf5o","previousOperationId":"10po51nml89ml11"}
{"type":"log","timestamp":1718983750688,"level":"debug","message":"pdf-utils running pdf operation merge","meta":{"rootId":"4a8ds44jy6htxix","id":"4a8ds44jy6htxix"},"id":"5yfss56pqqohatg","previousOperationId":"10po51nml89ml11"}
{"type":"operationStart","subtype":"pdfUtilsMerge","name":"pdf utils merge","previousOperationId":"10po51nml89ml11","timestamp":1718983750688,"id":"qqda631q382l4sn","previousEventId":"htr8y334knlxdi2","operationId":"8ydaj3jm6ke9ybi"}
{"type":"operationStart","subtype":"render","name":"orders-header","previousOperationId":"8ydaj3jm6ke9ybi","timestamp":1718983750690,"id":"qeriivnsgh8mefl","previousEventId":"qqda631q382l4sn","operationId":"wx118ngjcig6bvb"}
{"type":"log","timestamp":1718983750690,"level":"info","message":"Starting rendering (child) request","meta":{"rootId":"4a8ds44jy6htxix","id":"dtjp5z3ujv2jn31"},"id":"frygbp14lvzhtku","previousOperationId":"wx118ngjcig6bvb"}
{"type":"log","timestamp":1718983750690,"level":"info","message":"Rendering template { name: orders-header, recipe: chrome-pdf, engine: handlebars, preview: true }","meta":{"rootId":"4a8ds44jy6htxix","id":"dtjp5z3ujv2jn31"},"id":"ykng2xiaj4ykm0d","previousOperationId":"wx118ngjcig6bvb"}
{"type":"log","timestamp":1718983750691,"level":"debug","message":"Inline data specified.","meta":{"rootId":"4a8ds44jy6htxix","id":"dtjp5z3ujv2jn31"},"id":"6zvnjsre5o4oc7a","previousOperationId":"wx118ngjcig6bvb"}
{"type":"log","timestamp":1718983750692,"level":"debug","message":"Base url not specified, skipping its injection.","meta":{"rootId":"4a8ds44jy6htxix","id":"dtjp5z3ujv2jn31"},"id":"v5mj2ka572r8tfq","previousOperationId":"wx118ngjcig6bvb"}
{"type":"operationStart","subtype":"engine","name":"handlebars","timestamp":1718983750692,"id":"jjth0rszdb16r1j","previousEventId":"qeriivnsgh8mefl","operationId":"9eyvb8xg6c4mbib","previousOperationId":"wx118ngjcig6bvb"}
{"type":"log","timestamp":1718983750692,"level":"debug","message":"Rendering engine handlebars","meta":{"rootId":"4a8ds44jy6htxix","id":"dtjp5z3ujv2jn31"},"id":"c54k9yi29crs1nq","previousOperationId":"9eyvb8xg6c4mbib"}
{"type":"operationEnd","operationId":"9eyvb8xg6c4mbib","timestamp":1718983750729,"id":"m6k64tbljh5wl1n","previousEventId":"jjth0rszdb16r1j","previousOperationId":"9eyvb8xg6c4mbib"}
{"type":"operationStart","subtype":"recipe","name":"chrome-pdf","timestamp":1718983750730,"id":"7n0pu9uunu2r750","previousEventId":"m6k64tbljh5wl1n","operationId":"3llgsyxb53hoc65","previousOperationId":"9eyvb8xg6c4mbib"}
{"type":"log","timestamp":1718983750730,"level":"debug","message":"Executing recipe chrome-pdf","meta":{"rootId":"4a8ds44jy6htxix","id":"dtjp5z3ujv2jn31"},"id":"zgxcuwaa58uwb4d","previousOperationId":"3llgsyxb53hoc65"}
{"type":"log","timestamp":1718983750730,"level":"debug","message":"Converting with chrome Chrome/126.0.6478.61 using chrome-pool strategy","meta":{"rootId":"4a8ds44jy6htxix","id":"dtjp5z3ujv2jn31"},"id":"pix3x9pbtmly9pa","previousOperationId":"3llgsyxb53hoc65"}
{"type":"log","timestamp":1718983750750,"level":"debug","message":"Page request: GET (document) file:///var/folders/2x/1bhfw9mx7d775w_jmf56lcp80000gn/T/jsreport/autocleanup/b41f4b98-3ed4-4b5e-bdfe-e7968b4c9c2a-chrome-pdf.html","meta":{"rootId":"4a8ds44jy6htxix","id":"dtjp5z3ujv2jn31"},"id":"8u46lq76nq7i6te","previousOperationId":"3llgsyxb53hoc65"}
{"type":"log","timestamp":1718983750755,"level":"debug","message":"Page request finished: GET (document) 200 file:///var/folders/2x/1bhfw9mx7d775w_jmf56lcp80000gn/T/jsreport/autocleanup/b41f4b98-3ed4-4b5e-bdfe-e7968b4c9c2a-chrome-pdf.html","meta":{"rootId":"4a8ds44jy6htxix","id":"dtjp5z3ujv2jn31"},"id":"j2xahxvddepdhzr","previousOperationId":"3llgsyxb53hoc65"}
{"type":"log","timestamp":1718983750757,"level":"debug","message":"Page request: GET (stylesheet) https://cdnjs.cloudflare.com/ajax/libs/metro/4.1.5/css/metro.min.css","meta":{"rootId":"4a8ds44jy6htxix","id":"dtjp5z3ujv2jn31"},"id":"ydy4ndstcol4t6b","previousOperationId":"3llgsyxb53hoc65"}
{"type":"log","timestamp":1718983750765,"level":"debug","message":"Page request finished: GET (stylesheet) 200 https://cdnjs.cloudflare.com/ajax/libs/metro/4.1.5/css/metro.min.css","meta":{"rootId":"4a8ds44jy6htxix","id":"dtjp5z3ujv2jn31"},"id":"ry9sj6xdeaxvk5q","previousOperationId":"3llgsyxb53hoc65"}
{"type":"log","timestamp":1718983750791,"level":"debug","message":"Running chrome with params {\"printBackground\":true,\"marginTop\":\"1.5cm\",\"marginRight\":\"1.5cm\",\"marginLeft\":\"1.cm\",\"timeout\":55481,\"margin\":{\"top\":\"1.5cm\",\"right\":\"1.5cm\",\"left\":\"1.cm\"}}","meta":{"rootId":"4a8ds44jy6htxix","id":"dtjp5z3ujv2jn31"},"id":"drxwzlzb901r6vk","previousOperationId":"3llgsyxb53hoc65"}
{"type":"operationEnd","operationId":"3llgsyxb53hoc65","timestamp":1718983750916,"id":"xzbqfvsmfgnd339","previousEventId":"7n0pu9uunu2r750","previousOperationId":"3llgsyxb53hoc65"}
{"type":"log","timestamp":1718983750917,"level":"debug","message":"Skipping storing report.","meta":{"rootId":"4a8ds44jy6htxix","id":"dtjp5z3ujv2jn31"},"id":"5h0l787u60pfi4o","previousOperationId":"3llgsyxb53hoc65"}
{"type":"log","timestamp":1718983750917,"level":"info","message":"Rendering (child) request finished in 4706 ms","meta":{"rootId":"4a8ds44jy6htxix","id":"dtjp5z3ujv2jn31"},"id":"5ah8bkw4p3f63k9","previousOperationId":"3llgsyxb53hoc65"}
{"type":"operationEnd","subtype":"render","operationId":"wx118ngjcig6bvb","timestamp":1718983750917,"id":"omvys11zjaiii43","previousEventId":"xzbqfvsmfgnd339","previousOperationId":"3llgsyxb53hoc65"}
{"type":"operationEnd","operationId":"8ydaj3jm6ke9ybi","timestamp":1718983750938,"id":"ekduk2ojmvi9bzc","previousEventId":"qqda631q382l4sn","previousOperationId":"8ydaj3jm6ke9ybi"}
{"type":"log","timestamp":1718983750938,"level":"debug","message":"pdf-utils postprocess start","meta":{"rootId":"4a8ds44jy6htxix","id":"4a8ds44jy6htxix"},"id":"gsd2x14cftzpw4m","previousOperationId":"8ydaj3jm6ke9ybi"}
{"type":"log","timestamp":1718983750963,"level":"debug","message":"pdf-utils postprocess end","meta":{"rootId":"4a8ds44jy6htxix","id":"4a8ds44jy6htxix"},"id":"gssuz1473mcsyas","previousOperationId":"8ydaj3jm6ke9ybi"}
{"type":"operationEnd","operationId":"10po51nml89ml11","timestamp":1718983750963,"id":"n362gwghnp4cf2p","previousEventId":"ekduk2ojmvi9bzc","previousOperationId":"8ydaj3jm6ke9ybi"}
{"type":"log","timestamp":1718983750968,"level":"info","message":"pdf-utils pdf processing was finished","meta":{"rootId":"4a8ds44jy6htxix","id":"4a8ds44jy6htxix"},"id":"wvvz6zm93mgs5j6","previousOperationId":"10po51nml89ml11"}
{"type":"log","timestamp":1718983750968,"level":"debug","message":"Skipping storing report.","meta":{"rootId":"4a8ds44jy6htxix","id":"4a8ds44jy6htxix"},"id":"egua4tmimqi748u","previousOperationId":"10po51nml89ml11"}
{"type":"log","timestamp":1718983750968,"level":"info","message":"Rendering request 1 finished in 4757 ms","meta":{"rootId":"4a8ds44jy6htxix","id":"4a8ds44jy6htxix"},"id":"csny7tw8ly1k3pd","previousOperationId":"10po51nml89ml11"}
{"type":"operationEnd","subtype":"render","operationId":"ln5wryp9r4mochg","timestamp":1718983750968,"id":"7od3l2uxlg41dmq","previousEventId":"n362gwghnp4cf2p","previousOperationId":"10po51nml89ml11"}
{"type":"operationEnd","doDiffs":false,"previousEventId":"egxr60050bkdjiw","previousOperationId":"p1rdduu23ihp8x3","operationId":"p1rdduu23ihp8x3","timestamp":1718983750973,"id":"i0k9bpr4xy72a2x"}
