{"type":"operationStart","subtype":"profile","data":{"_id":"p5MLhrjyhFEycENm","timestamp":"2024-06-21T19:33:45.088Z","state":"queued","mode":"standard","creationDate":"2024-06-21T19:33:45.091Z","modificationDate":"2024-06-21T19:33:45.091Z","shortid":"CQPoMsE","$entitySet":"profiles"},"doDiffs":false,"timestamp":1718998425090,"id":"lgwwxzgmarswm1y","previousOperationId":null,"operationId":"j5ub60ytufddf7v"}
{"type":"log","level":"info","message":"Render request 41 queued for execution and waiting for available worker","previousOperationId":"j5ub60ytufddf7v","timestamp":1718998425090,"id":"svm1m4gddrcsr2d"}
{"type":"operationStart","subtype":"render","name":"orders-main","previousOperationId":"j5ub60ytufddf7v","timestamp":1718998425101,"id":"h1y5kb1bw2xcvs7","previousEventId":"lgwwxzgmarswm1y","operationId":"u9uapfjenc3f8vs"}
{"type":"log","timestamp":1718998425101,"level":"info","message":"Starting rendering request 41","meta":{"rootId":"eiwbtud659ei9xy","id":"eiwbtud659ei9xy"},"id":"3i5r0qn3zkzmkw5","previousOperationId":"u9uapfjenc3f8vs"}
{"type":"log","timestamp":1718998425102,"level":"info","message":"Rendering template { name: orders-main, recipe: chrome-pdf, engine: handlebars, preview: true }","meta":{"rootId":"eiwbtud659ei9xy","id":"eiwbtud659ei9xy"},"id":"rs5nj53c9wllxed","previousOperationId":"u9uapfjenc3f8vs"}
{"type":"log","timestamp":1718998425104,"level":"debug","message":"Data item not defined for this template.","meta":{"rootId":"eiwbtud659ei9xy","id":"eiwbtud659ei9xy"},"id":"c8sesqgt2ojs1xn","previousOperationId":"u9uapfjenc3f8vs"}
{"type":"log","timestamp":1718998425105,"level":"debug","message":"Executing script orders-script (beforeRender)","meta":{"rootId":"eiwbtud659ei9xy","id":"eiwbtud659ei9xy"},"id":"eab5bryeu4wymq1","previousOperationId":"u9uapfjenc3f8vs"}
{"type":"operationStart","subtype":"scriptsBeforeRender","name":"scripts beforeRender","timestamp":1718998425113,"id":"smzvf0wct2ma69r","previousEventId":"h1y5kb1bw2xcvs7","operationId":"d7nwkykyc6nr1a5","previousOperationId":"u9uapfjenc3f8vs"}
{"type":"operationStart","subtype":"script","name":"scripts orders-script","previousOperationId":"d7nwkykyc6nr1a5","timestamp":1718998425113,"id":"rodl9fwdgf4wimd","previousEventId":"smzvf0wct2ma69r","operationId":"j8sh5dnfnnsret4"}
{"type":"operationEnd","operationId":"j8sh5dnfnnsret4","timestamp":1718998426120,"id":"d6i3fzwg39pih7g","previousEventId":"h1y5kb1bw2xcvs7","previousOperationId":"u9uapfjenc3f8vs"}
{"type":"operationEnd","operationId":"d7nwkykyc6nr1a5","timestamp":1718998426120,"id":"hk27z7ehs3va8es","previousEventId":"d6i3fzwg39pih7g","previousOperationId":"u9uapfjenc3f8vs"}
{"type":"log","timestamp":1718998426120,"level":"debug","message":"Base url not specified, skipping its injection.","meta":{"rootId":"eiwbtud659ei9xy","id":"eiwbtud659ei9xy"},"id":"frq4j0nnwp4nigx","previousOperationId":"d7nwkykyc6nr1a5"}
{"type":"operationStart","subtype":"engine","name":"handlebars","timestamp":1718998426120,"id":"x1297vyhr5k9yqi","previousEventId":"hk27z7ehs3va8es","operationId":"z2nn0m65z2e40n0","previousOperationId":"d7nwkykyc6nr1a5"}
{"type":"log","timestamp":1718998426120,"level":"debug","message":"Rendering engine handlebars","meta":{"rootId":"eiwbtud659ei9xy","id":"eiwbtud659ei9xy"},"id":"gnpq4l3lprxfhk4","previousOperationId":"z2nn0m65z2e40n0"}
{"type":"log","timestamp":1718998426131,"level":"debug","message":"(console:log) Pdf utils adding group field, value: \"France\"","meta":{"userLevel":true,"rootId":"eiwbtud659ei9xy","id":"eiwbtud659ei9xy"},"id":"bpwr1nb25ay474v","previousOperationId":"z2nn0m65z2e40n0"}
{"type":"log","timestamp":1718998426132,"level":"debug","message":"(console:log) Pdf utils adding group field, value: \"Germany\"","meta":{"userLevel":true,"rootId":"eiwbtud659ei9xy","id":"eiwbtud659ei9xy"},"id":"t46l6gkpevvk3l3","previousOperationId":"z2nn0m65z2e40n0"}
{"type":"operationEnd","operationId":"z2nn0m65z2e40n0","timestamp":1718998426133,"id":"fdnbdbh2t3zvheq","previousEventId":"x1297vyhr5k9yqi","previousOperationId":"z2nn0m65z2e40n0"}
{"type":"operationStart","subtype":"recipe","name":"chrome-pdf","timestamp":1718998426134,"id":"3u6r6trtgyojikh","previousEventId":"fdnbdbh2t3zvheq","operationId":"5xkqrhn9hq86zze","previousOperationId":"z2nn0m65z2e40n0"}
{"type":"log","timestamp":1718998426134,"level":"debug","message":"Executing recipe chrome-pdf","meta":{"rootId":"eiwbtud659ei9xy","id":"eiwbtud659ei9xy"},"id":"gu3xs2eud6b0qnc","previousOperationId":"5xkqrhn9hq86zze"}
{"type":"log","timestamp":1718998426140,"level":"debug","message":"Converting with chrome Chrome/126.0.6478.61 using chrome-pool strategy","meta":{"rootId":"eiwbtud659ei9xy","id":"eiwbtud659ei9xy"},"id":"n7nz14iko768ogk","previousOperationId":"5xkqrhn9hq86zze"}
{"type":"log","timestamp":1718998426190,"level":"debug","message":"Page request: GET (document) file:///var/folders/2x/1bhfw9mx7d775w_jmf56lcp80000gn/T/jsreport/autocleanup/e4e8b67f-64b2-4a1a-902a-b3b9c2233240-chrome-pdf.html","meta":{"rootId":"eiwbtud659ei9xy","id":"eiwbtud659ei9xy"},"id":"7iwnd5b7df4ebyg","previousOperationId":"5xkqrhn9hq86zze"}
{"type":"log","timestamp":1718998426195,"level":"debug","message":"Page request finished: GET (document) 200 file:///var/folders/2x/1bhfw9mx7d775w_jmf56lcp80000gn/T/jsreport/autocleanup/e4e8b67f-64b2-4a1a-902a-b3b9c2233240-chrome-pdf.html","meta":{"rootId":"eiwbtud659ei9xy","id":"eiwbtud659ei9xy"},"id":"dqcg5crksgrzzv1","previousOperationId":"5xkqrhn9hq86zze"}
{"type":"log","timestamp":1718998426195,"level":"debug","message":"Page request: GET (stylesheet) https://cdnjs.cloudflare.com/ajax/libs/metro/4.1.5/css/metro.min.css","meta":{"rootId":"eiwbtud659ei9xy","id":"eiwbtud659ei9xy"},"id":"1buwh4o0smrih0j","previousOperationId":"5xkqrhn9hq86zze"}
{"type":"log","timestamp":1718998426196,"level":"debug","message":"Page request: GET (script) https://cdnjs.cloudflare.com/ajax/libs/Chart.js/2.7.2/Chart.min.js","meta":{"rootId":"eiwbtud659ei9xy","id":"eiwbtud659ei9xy"},"id":"j40vrh1n42zyqxi","previousOperationId":"5xkqrhn9hq86zze"}
{"type":"log","timestamp":1718998426203,"level":"debug","message":"Page request finished: GET (stylesheet) 200 https://cdnjs.cloudflare.com/ajax/libs/metro/4.1.5/css/metro.min.css","meta":{"rootId":"eiwbtud659ei9xy","id":"eiwbtud659ei9xy"},"id":"tp4a12arzqox6sl","previousOperationId":"5xkqrhn9hq86zze"}
{"type":"log","timestamp":1718998426204,"level":"debug","message":"Page request finished: GET (script) 200 https://cdnjs.cloudflare.com/ajax/libs/Chart.js/2.7.2/Chart.min.js","meta":{"rootId":"eiwbtud659ei9xy","id":"eiwbtud659ei9xy"},"id":"l8pmxz7yiemew9z","previousOperationId":"5xkqrhn9hq86zze"}
{"type":"log","timestamp":1718998426290,"level":"debug","message":"Running chrome with params {\"printBackground\":true,\"marginTop\":\"4cm\",\"marginRight\":\"1.5cm\",\"marginBottom\":\"1.5cm\",\"marginLeft\":\"1.5cm\",\"waitForJS\":false,\"timeout\":58951,\"margin\":{\"top\":\"4cm\",\"right\":\"1.5cm\",\"bottom\":\"1.5cm\",\"left\":\"1.5cm\"}}","meta":{"rootId":"eiwbtud659ei9xy","id":"eiwbtud659ei9xy"},"id":"sxbw9dhvq9uw7nb","previousOperationId":"5xkqrhn9hq86zze"}
{"type":"operationEnd","operationId":"5xkqrhn9hq86zze","timestamp":1718998426473,"id":"w7e9aqiuixr6p3q","previousEventId":"3u6r6trtgyojikh","previousOperationId":"5xkqrhn9hq86zze"}
{"type":"log","timestamp":1718998426473,"level":"info","message":"pdf-utils is starting pdf processing","meta":{"rootId":"eiwbtud659ei9xy","id":"eiwbtud659ei9xy"},"id":"u0j06hhs0gto6ll","previousOperationId":"5xkqrhn9hq86zze"}
{"type":"operationStart","subtype":"pdfUtils","name":"pdf utils","timestamp":1718998426473,"id":"2jmz5pbj7pfpivs","previousEventId":"w7e9aqiuixr6p3q","operationId":"6qbzh8153mv3p7u","previousOperationId":"5xkqrhn9hq86zze"}
{"type":"log","timestamp":1718998426473,"level":"debug","message":"pdf-utils detected 1 pdf operation(s) to process","meta":{"rootId":"eiwbtud659ei9xy","id":"eiwbtud659ei9xy"},"id":"jn0b1psaq7lsk0l","previousOperationId":"6qbzh8153mv3p7u"}
{"type":"log","timestamp":1718998426488,"level":"debug","message":"pdf-utils running pdf operation merge","meta":{"rootId":"eiwbtud659ei9xy","id":"eiwbtud659ei9xy"},"id":"arkb1r1n719qqi0","previousOperationId":"6qbzh8153mv3p7u"}
{"type":"operationStart","subtype":"pdfUtilsMerge","name":"pdf utils merge","previousOperationId":"6qbzh8153mv3p7u","timestamp":1718998426488,"id":"6bt3isk6jmizesw","previousEventId":"2jmz5pbj7pfpivs","operationId":"c8fx1zsx2heqfbw"}
{"type":"operationStart","subtype":"render","name":"orders-header","previousOperationId":"c8fx1zsx2heqfbw","timestamp":1718998426488,"id":"z6xbkvqu9hnbdfp","previousEventId":"6bt3isk6jmizesw","operationId":"4p7rvwyp52sm2cz"}
{"type":"log","timestamp":1718998426488,"level":"info","message":"Starting rendering (child) request","meta":{"rootId":"eiwbtud659ei9xy","id":"5pn5siz3extk3dm"},"id":"caguahzyf6jhfzi","previousOperationId":"4p7rvwyp52sm2cz"}
{"type":"log","timestamp":1718998426488,"level":"info","message":"Rendering template { name: orders-header, recipe: chrome-pdf, engine: handlebars, preview: true }","meta":{"rootId":"eiwbtud659ei9xy","id":"5pn5siz3extk3dm"},"id":"lnh856zy8x59d55","previousOperationId":"4p7rvwyp52sm2cz"}
{"type":"log","timestamp":1718998426489,"level":"debug","message":"Inline data specified.","meta":{"rootId":"eiwbtud659ei9xy","id":"5pn5siz3extk3dm"},"id":"87gk1848kdzf4im","previousOperationId":"4p7rvwyp52sm2cz"}
{"type":"log","timestamp":1718998426490,"level":"debug","message":"Base url not specified, skipping its injection.","meta":{"rootId":"eiwbtud659ei9xy","id":"5pn5siz3extk3dm"},"id":"mvcx3ofwme34zev","previousOperationId":"4p7rvwyp52sm2cz"}
{"type":"operationStart","subtype":"engine","name":"handlebars","timestamp":1718998426490,"id":"5x5rr39iais4ydg","previousEventId":"z6xbkvqu9hnbdfp","operationId":"sslzwfp7l5bya3r","previousOperationId":"4p7rvwyp52sm2cz"}
{"type":"log","timestamp":1718998426490,"level":"debug","message":"Rendering engine handlebars","meta":{"rootId":"eiwbtud659ei9xy","id":"5pn5siz3extk3dm"},"id":"e5f88xil7nmuin9","previousOperationId":"sslzwfp7l5bya3r"}
{"type":"operationEnd","operationId":"sslzwfp7l5bya3r","timestamp":1718998426497,"id":"4h0hym4vi3vvdz1","previousEventId":"5x5rr39iais4ydg","previousOperationId":"sslzwfp7l5bya3r"}
{"type":"operationStart","subtype":"recipe","name":"chrome-pdf","timestamp":1718998426497,"id":"q9arzl33a2ilxwv","previousEventId":"4h0hym4vi3vvdz1","operationId":"3j6y2bd04spi5tz","previousOperationId":"sslzwfp7l5bya3r"}
{"type":"log","timestamp":1718998426497,"level":"debug","message":"Executing recipe chrome-pdf","meta":{"rootId":"eiwbtud659ei9xy","id":"5pn5siz3extk3dm"},"id":"s7xuqkbklqdvkx4","previousOperationId":"3j6y2bd04spi5tz"}
{"type":"log","timestamp":1718998426497,"level":"debug","message":"Converting with chrome Chrome/126.0.6478.61 using chrome-pool strategy","meta":{"rootId":"eiwbtud659ei9xy","id":"5pn5siz3extk3dm"},"id":"2qfqj104qzf5ziv","previousOperationId":"3j6y2bd04spi5tz"}
{"type":"log","timestamp":1718998426514,"level":"debug","message":"Page request: GET (document) file:///var/folders/2x/1bhfw9mx7d775w_jmf56lcp80000gn/T/jsreport/autocleanup/8be7c69c-a8f6-4974-bf7f-13608c531793-chrome-pdf.html","meta":{"rootId":"eiwbtud659ei9xy","id":"5pn5siz3extk3dm"},"id":"33rlyqhtebp3d4q","previousOperationId":"3j6y2bd04spi5tz"}
{"type":"log","timestamp":1718998426519,"level":"debug","message":"Page request finished: GET (document) 200 file:///var/folders/2x/1bhfw9mx7d775w_jmf56lcp80000gn/T/jsreport/autocleanup/8be7c69c-a8f6-4974-bf7f-13608c531793-chrome-pdf.html","meta":{"rootId":"eiwbtud659ei9xy","id":"5pn5siz3extk3dm"},"id":"fxvkbs1d0qevwx0","previousOperationId":"3j6y2bd04spi5tz"}
{"type":"log","timestamp":1718998426519,"level":"debug","message":"Page request: GET (stylesheet) https://cdnjs.cloudflare.com/ajax/libs/metro/4.1.5/css/metro.min.css","meta":{"rootId":"eiwbtud659ei9xy","id":"5pn5siz3extk3dm"},"id":"1rechw7s261336f","previousOperationId":"3j6y2bd04spi5tz"}
{"type":"log","timestamp":1718998426526,"level":"debug","message":"Page request finished: GET (stylesheet) 200 https://cdnjs.cloudflare.com/ajax/libs/metro/4.1.5/css/metro.min.css","meta":{"rootId":"eiwbtud659ei9xy","id":"5pn5siz3extk3dm"},"id":"27269zvkl1c3e6m","previousOperationId":"3j6y2bd04spi5tz"}
{"type":"log","timestamp":1718998426547,"level":"debug","message":"Running chrome with params {\"printBackground\":true,\"marginTop\":\"1.5cm\",\"marginRight\":\"1.5cm\",\"marginLeft\":\"1.cm\",\"timeout\":58590,\"margin\":{\"top\":\"1.5cm\",\"right\":\"1.5cm\",\"left\":\"1.cm\"}}","meta":{"rootId":"eiwbtud659ei9xy","id":"5pn5siz3extk3dm"},"id":"vrqieht6n3kjsk9","previousOperationId":"3j6y2bd04spi5tz"}
{"type":"operationEnd","operationId":"3j6y2bd04spi5tz","timestamp":1718998426656,"id":"p36ux794vefncci","previousEventId":"q9arzl33a2ilxwv","previousOperationId":"3j6y2bd04spi5tz"}
{"type":"log","timestamp":1718998426656,"level":"debug","message":"Skipping storing report.","meta":{"rootId":"eiwbtud659ei9xy","id":"5pn5siz3extk3dm"},"id":"464i0h58hj3txmh","previousOperationId":"3j6y2bd04spi5tz"}
{"type":"log","timestamp":1718998426656,"level":"info","message":"Rendering (child) request finished in 1569 ms","meta":{"rootId":"eiwbtud659ei9xy","id":"5pn5siz3extk3dm"},"id":"y058fzajv45tcax","previousOperationId":"3j6y2bd04spi5tz"}
{"type":"operationEnd","subtype":"render","operationId":"4p7rvwyp52sm2cz","timestamp":1718998426656,"id":"pgz9st89t0x4rqi","previousEventId":"p36ux794vefncci","previousOperationId":"3j6y2bd04spi5tz"}
{"type":"operationEnd","operationId":"c8fx1zsx2heqfbw","timestamp":1718998426669,"id":"stntdxdqk6or2xi","previousEventId":"6bt3isk6jmizesw","previousOperationId":"c8fx1zsx2heqfbw"}
{"type":"log","timestamp":1718998426669,"level":"debug","message":"pdf-utils postprocess start","meta":{"rootId":"eiwbtud659ei9xy","id":"eiwbtud659ei9xy"},"id":"kxxkdwep0yafyk6","previousOperationId":"c8fx1zsx2heqfbw"}
{"type":"log","timestamp":1718998426686,"level":"debug","message":"pdf-utils postprocess end","meta":{"rootId":"eiwbtud659ei9xy","id":"eiwbtud659ei9xy"},"id":"tmjhu4wgoba8fzy","previousOperationId":"c8fx1zsx2heqfbw"}
{"type":"operationEnd","operationId":"6qbzh8153mv3p7u","timestamp":1718998426686,"id":"oxmsyq4fgaik6dk","previousEventId":"stntdxdqk6or2xi","previousOperationId":"c8fx1zsx2heqfbw"}
{"type":"log","timestamp":1718998426688,"level":"info","message":"pdf-utils pdf processing was finished","meta":{"rootId":"eiwbtud659ei9xy","id":"eiwbtud659ei9xy"},"id":"m7rf5fe0snsdq43","previousOperationId":"6qbzh8153mv3p7u"}
{"type":"log","timestamp":1718998426688,"level":"debug","message":"Skipping storing report.","meta":{"rootId":"eiwbtud659ei9xy","id":"eiwbtud659ei9xy"},"id":"2c4oum45637hnmf","previousOperationId":"6qbzh8153mv3p7u"}
{"type":"log","timestamp":1718998426688,"level":"info","message":"Rendering request 41 finished in 1601 ms","meta":{"rootId":"eiwbtud659ei9xy","id":"eiwbtud659ei9xy"},"id":"e79y2c5fo7b26l8","previousOperationId":"6qbzh8153mv3p7u"}
{"type":"operationEnd","subtype":"render","operationId":"u9uapfjenc3f8vs","timestamp":1718998426688,"id":"5na5wbjrlshtgjm","previousEventId":"oxmsyq4fgaik6dk","previousOperationId":"6qbzh8153mv3p7u"}
{"type":"operationEnd","doDiffs":false,"previousEventId":"lgwwxzgmarswm1y","previousOperationId":"j5ub60ytufddf7v","operationId":"j5ub60ytufddf7v","timestamp":1718998426691,"id":"pc4rn52ivjwqoy7"}
