{"type":"operationStart","subtype":"profile","data":{"_id":"APUqI7xhHKtN6Gmi","timestamp":"2024-06-21T19:31:12.855Z","state":"queued","mode":"standard","creationDate":"2024-06-21T19:31:12.856Z","modificationDate":"2024-06-21T19:31:12.856Z","shortid":"yElWWA5","$entitySet":"profiles"},"doDiffs":false,"timestamp":1718998272855,"id":"n07o5ygpisdpwrf","previousOperationId":null,"operationId":"9iayq7v5ed6msyp"}
{"type":"log","level":"info","message":"Render request 39 queued for execution and waiting for available worker","previousOperationId":"9iayq7v5ed6msyp","timestamp":1718998272856,"id":"57wqso0gfsuwcxz"}
{"type":"operationStart","subtype":"render","name":"orders-main","previousOperationId":"9iayq7v5ed6msyp","timestamp":1718998272861,"id":"0c3ec9dqt771b64","previousEventId":"n07o5ygpisdpwrf","operationId":"zxo5mhsbj4f9dyc"}
{"type":"log","timestamp":1718998272861,"level":"info","message":"Starting rendering request 39","meta":{"rootId":"kq0yo7wtecm9c0j","id":"kq0yo7wtecm9c0j"},"id":"j22bfrk79n9laoc","previousOperationId":"zxo5mhsbj4f9dyc"}
{"type":"log","timestamp":1718998272861,"level":"info","message":"Rendering template { name: orders-main, recipe: chrome-pdf, engine: handlebars, preview: false }","meta":{"rootId":"kq0yo7wtecm9c0j","id":"kq0yo7wtecm9c0j"},"id":"dn8kjwrz2915b4m","previousOperationId":"zxo5mhsbj4f9dyc"}
{"type":"log","timestamp":1718998272862,"level":"debug","message":"Inline data specified.","meta":{"rootId":"kq0yo7wtecm9c0j","id":"kq0yo7wtecm9c0j"},"id":"u2mo795n36raj86","previousOperationId":"zxo5mhsbj4f9dyc"}
{"type":"log","timestamp":1718998272863,"level":"debug","message":"Executing script orders-script (beforeRender)","meta":{"rootId":"kq0yo7wtecm9c0j","id":"kq0yo7wtecm9c0j"},"id":"54vw60ot9sc5nd3","previousOperationId":"zxo5mhsbj4f9dyc"}
{"type":"operationStart","subtype":"scriptsBeforeRender","name":"scripts beforeRender","timestamp":1718998272867,"id":"kfi96uf4rbxclsw","previousEventId":"0c3ec9dqt771b64","operationId":"c7z0x37mmbh0dju","previousOperationId":"zxo5mhsbj4f9dyc"}
{"type":"operationStart","subtype":"script","name":"scripts orders-script","previousOperationId":"c7z0x37mmbh0dju","timestamp":1718998272867,"id":"62iaux22niiq3n8","previousEventId":"kfi96uf4rbxclsw","operationId":"v5943x5c4r9oier"}
{"type":"operationEnd","operationId":"v5943x5c4r9oier","timestamp":1718998273734,"id":"qi7bf197nr4ikp6","previousEventId":"0c3ec9dqt771b64","previousOperationId":"zxo5mhsbj4f9dyc"}
{"type":"operationEnd","operationId":"c7z0x37mmbh0dju","timestamp":1718998273734,"id":"xafr91p6g9cnfje","previousEventId":"qi7bf197nr4ikp6","previousOperationId":"zxo5mhsbj4f9dyc"}
{"type":"log","timestamp":1718998273734,"level":"debug","message":"Base url not specified, skipping its injection.","meta":{"rootId":"kq0yo7wtecm9c0j","id":"kq0yo7wtecm9c0j"},"id":"2bq4vjk45t7geoj","previousOperationId":"c7z0x37mmbh0dju"}
{"type":"operationStart","subtype":"engine","name":"handlebars","timestamp":1718998273734,"id":"wzdmr4tcupd0uop","previousEventId":"xafr91p6g9cnfje","operationId":"usfiyo2si72yk0g","previousOperationId":"c7z0x37mmbh0dju"}
{"type":"log","timestamp":1718998273734,"level":"debug","message":"Rendering engine handlebars","meta":{"rootId":"kq0yo7wtecm9c0j","id":"kq0yo7wtecm9c0j"},"id":"4awhy2uqzau2yau","previousOperationId":"usfiyo2si72yk0g"}
{"type":"log","timestamp":1718998273742,"level":"debug","message":"(console:log) Pdf utils adding group field, value: \"France\"","meta":{"userLevel":true,"rootId":"kq0yo7wtecm9c0j","id":"kq0yo7wtecm9c0j"},"id":"vcus326i1mmsyf0","previousOperationId":"usfiyo2si72yk0g"}
{"type":"log","timestamp":1718998273742,"level":"debug","message":"(console:log) Pdf utils adding group field, value: \"Germany\"","meta":{"userLevel":true,"rootId":"kq0yo7wtecm9c0j","id":"kq0yo7wtecm9c0j"},"id":"wdri8lsw6179t23","previousOperationId":"usfiyo2si72yk0g"}
{"type":"operationEnd","operationId":"usfiyo2si72yk0g","timestamp":1718998273742,"id":"vjxsacio384ntjy","previousEventId":"wzdmr4tcupd0uop","previousOperationId":"usfiyo2si72yk0g"}
{"type":"operationStart","subtype":"recipe","name":"chrome-pdf","timestamp":1718998273743,"id":"2gw4uelr9vhmpj5","previousEventId":"vjxsacio384ntjy","operationId":"3i0z5rwcspbgvsk","previousOperationId":"usfiyo2si72yk0g"}
{"type":"log","timestamp":1718998273743,"level":"debug","message":"Executing recipe chrome-pdf","meta":{"rootId":"kq0yo7wtecm9c0j","id":"kq0yo7wtecm9c0j"},"id":"w3l6e7cr3gcpa0a","previousOperationId":"3i0z5rwcspbgvsk"}
{"type":"log","timestamp":1718998273744,"level":"debug","message":"Starting child request to render pdf header","meta":{"rootId":"kq0yo7wtecm9c0j","id":"kq0yo7wtecm9c0j"},"id":"fupzqdpci1n1mhn","previousOperationId":"3i0z5rwcspbgvsk"}
{"type":"operationStart","subtype":"render","name":"anonymous","previousOperationId":"3i0z5rwcspbgvsk","timestamp":1718998273744,"id":"picw1zc1optdt6n","previousEventId":"2gw4uelr9vhmpj5","operationId":"8zge63760b0holy"}
{"type":"log","timestamp":1718998273744,"level":"info","message":"Starting rendering (child) request","meta":{"rootId":"kq0yo7wtecm9c0j","id":"bul404xowobw6ll"},"id":"l3jgkncch2n92dw","previousOperationId":"8zge63760b0holy"}
{"type":"log","timestamp":1718998273744,"level":"info","message":"Rendering anonymous template { recipe: html, engine: handlebars }","meta":{"rootId":"kq0yo7wtecm9c0j","id":"bul404xowobw6ll"},"id":"35rozrrbgr5m67b","previousOperationId":"8zge63760b0holy"}
{"type":"log","timestamp":1718998273744,"level":"debug","message":"Inline data specified.","meta":{"rootId":"kq0yo7wtecm9c0j","id":"bul404xowobw6ll"},"id":"eqk7lah55bwzoy3","previousOperationId":"8zge63760b0holy"}
{"type":"log","timestamp":1718998273745,"level":"debug","message":"Base url not specified, skipping its injection.","meta":{"rootId":"kq0yo7wtecm9c0j","id":"bul404xowobw6ll"},"id":"ajshod85nskrbcp","previousOperationId":"8zge63760b0holy"}
{"type":"operationStart","subtype":"engine","name":"handlebars","timestamp":1718998273745,"id":"r9feb7iz7e8rnjp","previousEventId":"picw1zc1optdt6n","operationId":"5tnv0n87hm9x76f","previousOperationId":"8zge63760b0holy"}
{"type":"log","timestamp":1718998273745,"level":"debug","message":"Rendering engine handlebars","meta":{"rootId":"kq0yo7wtecm9c0j","id":"bul404xowobw6ll"},"id":"k05vbbrlqajku0g","previousOperationId":"5tnv0n87hm9x76f"}
{"type":"operationEnd","operationId":"5tnv0n87hm9x76f","timestamp":1718998273748,"id":"28l7a1rc6cpd2ix","previousEventId":"r9feb7iz7e8rnjp","previousOperationId":"5tnv0n87hm9x76f"}
{"type":"operationStart","subtype":"recipe","name":"html","timestamp":1718998273748,"id":"8ua00m3buecqn1y","previousEventId":"28l7a1rc6cpd2ix","operationId":"t839istkpnzl4sl","previousOperationId":"5tnv0n87hm9x76f"}
{"type":"log","timestamp":1718998273748,"level":"debug","message":"Executing recipe html","meta":{"rootId":"kq0yo7wtecm9c0j","id":"bul404xowobw6ll"},"id":"yb9dyr2y8kaylwk","previousOperationId":"t839istkpnzl4sl"}
{"type":"operationEnd","operationId":"t839istkpnzl4sl","timestamp":1718998273748,"id":"ljglzbq270u8h1x","previousEventId":"8ua00m3buecqn1y","previousOperationId":"t839istkpnzl4sl"}
{"type":"log","timestamp":1718998273748,"level":"debug","message":"Skipping storing report.","meta":{"rootId":"kq0yo7wtecm9c0j","id":"bul404xowobw6ll"},"id":"254pzqkt4smyntn","previousOperationId":"t839istkpnzl4sl"}
{"type":"log","timestamp":1718998273748,"level":"info","message":"Rendering (child) request finished in 894 ms","meta":{"rootId":"kq0yo7wtecm9c0j","id":"bul404xowobw6ll"},"id":"3hjm1xq77ecaueb","previousOperationId":"t839istkpnzl4sl"}
{"type":"operationEnd","subtype":"render","operationId":"8zge63760b0holy","timestamp":1718998273748,"id":"waawn9beow62nip","previousEventId":"ljglzbq270u8h1x","previousOperationId":"t839istkpnzl4sl"}
{"type":"log","timestamp":1718998273751,"level":"debug","message":"Converting with chrome Chrome/126.0.6478.61 using chrome-pool strategy","meta":{"rootId":"kq0yo7wtecm9c0j","id":"kq0yo7wtecm9c0j"},"id":"vruzq5owb2644d2","previousOperationId":"3i0z5rwcspbgvsk"}
{"type":"log","timestamp":1718998273787,"level":"debug","message":"Page request: GET (document) file:///var/folders/2x/1bhfw9mx7d775w_jmf56lcp80000gn/T/jsreport/autocleanup/61ceb67f-f02e-4658-b6e0-f25f6822b751-chrome-pdf.html","meta":{"rootId":"kq0yo7wtecm9c0j","id":"kq0yo7wtecm9c0j"},"id":"xa8npw7q2q3gsz5","previousOperationId":"3i0z5rwcspbgvsk"}
{"type":"log","timestamp":1718998273792,"level":"debug","message":"Page request finished: GET (document) 200 file:///var/folders/2x/1bhfw9mx7d775w_jmf56lcp80000gn/T/jsreport/autocleanup/61ceb67f-f02e-4658-b6e0-f25f6822b751-chrome-pdf.html","meta":{"rootId":"kq0yo7wtecm9c0j","id":"kq0yo7wtecm9c0j"},"id":"f027m1jdxaxxoa1","previousOperationId":"3i0z5rwcspbgvsk"}
{"type":"log","timestamp":1718998273792,"level":"debug","message":"Page request: GET (stylesheet) https://cdnjs.cloudflare.com/ajax/libs/metro/4.1.5/css/metro.min.css","meta":{"rootId":"kq0yo7wtecm9c0j","id":"kq0yo7wtecm9c0j"},"id":"9hlhexqzwqrhnyf","previousOperationId":"3i0z5rwcspbgvsk"}
{"type":"log","timestamp":1718998273792,"level":"debug","message":"Page request: GET (script) https://cdnjs.cloudflare.com/ajax/libs/Chart.js/2.7.2/Chart.min.js","meta":{"rootId":"kq0yo7wtecm9c0j","id":"kq0yo7wtecm9c0j"},"id":"ad5p7lu01zrgeqh","previousOperationId":"3i0z5rwcspbgvsk"}
{"type":"log","timestamp":1718998273801,"level":"debug","message":"Page request finished: GET (stylesheet) 200 https://cdnjs.cloudflare.com/ajax/libs/metro/4.1.5/css/metro.min.css","meta":{"rootId":"kq0yo7wtecm9c0j","id":"kq0yo7wtecm9c0j"},"id":"mv287cx5f3rae5i","previousOperationId":"3i0z5rwcspbgvsk"}
{"type":"log","timestamp":1718998273802,"level":"debug","message":"Page request finished: GET (script) 200 https://cdnjs.cloudflare.com/ajax/libs/Chart.js/2.7.2/Chart.min.js","meta":{"rootId":"kq0yo7wtecm9c0j","id":"kq0yo7wtecm9c0j"},"id":"4n8h8teuxveaju4","previousOperationId":"3i0z5rwcspbgvsk"}
{"type":"log","timestamp":1718998273855,"level":"debug","message":"Running chrome with params {\"printBackground\":true,\"marginTop\":\"4cm\",\"marginRight\":\"1.5cm\",\"marginBottom\":\"1.5cm\",\"marginLeft\":\"1.5cm\",\"waitForJS\":false,\"headerTemplate\":\"...\",\"timeout\":59106,\"margin\":{\"top\":\"4cm\",\"right\":\"1.5cm\",\"bottom\":\"1.5cm\",\"left\":\"1.5cm\"}}","meta":{"rootId":"kq0yo7wtecm9c0j","id":"kq0yo7wtecm9c0j"},"id":"5j18d8b0oh8vpxo","previousOperationId":"3i0z5rwcspbgvsk"}
{"type":"operationEnd","operationId":"3i0z5rwcspbgvsk","timestamp":1718998274009,"id":"a3qdbae1lndzaov","previousEventId":"2gw4uelr9vhmpj5","previousOperationId":"3i0z5rwcspbgvsk"}
{"type":"log","timestamp":1718998274009,"level":"info","message":"pdf-utils is starting pdf processing","meta":{"rootId":"kq0yo7wtecm9c0j","id":"kq0yo7wtecm9c0j"},"id":"br999arndr9ef57","previousOperationId":"3i0z5rwcspbgvsk"}
{"type":"operationStart","subtype":"pdfUtils","name":"pdf utils","timestamp":1718998274009,"id":"xdh2y13rlqdnuy0","previousEventId":"a3qdbae1lndzaov","operationId":"jk3tdyt87l605ws","previousOperationId":"3i0z5rwcspbgvsk"}
{"type":"log","timestamp":1718998274009,"level":"debug","message":"pdf-utils detected 1 pdf operation(s) to process","meta":{"rootId":"kq0yo7wtecm9c0j","id":"kq0yo7wtecm9c0j"},"id":"l2urr3izotjisc1","previousOperationId":"jk3tdyt87l605ws"}
{"type":"log","timestamp":1718998274023,"level":"debug","message":"pdf-utils running pdf operation merge","meta":{"rootId":"kq0yo7wtecm9c0j","id":"kq0yo7wtecm9c0j"},"id":"1frkgak6tqi9umm","previousOperationId":"jk3tdyt87l605ws"}
{"type":"operationStart","subtype":"pdfUtilsMerge","name":"pdf utils merge","previousOperationId":"jk3tdyt87l605ws","timestamp":1718998274023,"id":"hdugx9oa7969n9b","previousEventId":"xdh2y13rlqdnuy0","operationId":"thpu2raq4ttdbk6"}
{"type":"operationStart","subtype":"render","name":"orders-header","previousOperationId":"thpu2raq4ttdbk6","timestamp":1718998274024,"id":"dp3x7jkvy9528i5","previousEventId":"hdugx9oa7969n9b","operationId":"c1hgt03woq0yf6i"}
{"type":"log","timestamp":1718998274024,"level":"info","message":"Starting rendering (child) request","meta":{"rootId":"kq0yo7wtecm9c0j","id":"uflkme4bi4fikx5"},"id":"0osdldtq814p2k0","previousOperationId":"c1hgt03woq0yf6i"}
{"type":"log","timestamp":1718998274024,"level":"info","message":"Rendering template { name: orders-header, recipe: chrome-pdf, engine: handlebars, preview: false }","meta":{"rootId":"kq0yo7wtecm9c0j","id":"uflkme4bi4fikx5"},"id":"dv0ins3q7w4ymij","previousOperationId":"c1hgt03woq0yf6i"}
{"type":"log","timestamp":1718998274024,"level":"debug","message":"Inline data specified.","meta":{"rootId":"kq0yo7wtecm9c0j","id":"uflkme4bi4fikx5"},"id":"ki8pa7szmk97k6r","previousOperationId":"c1hgt03woq0yf6i"}
{"type":"log","timestamp":1718998274024,"level":"debug","message":"Base url not specified, skipping its injection.","meta":{"rootId":"kq0yo7wtecm9c0j","id":"uflkme4bi4fikx5"},"id":"4c8njf56j6xs3i6","previousOperationId":"c1hgt03woq0yf6i"}
{"type":"operationStart","subtype":"engine","name":"handlebars","timestamp":1718998274024,"id":"wv7g8p4yprwujgt","previousEventId":"dp3x7jkvy9528i5","operationId":"vzc0n2k8r1rtlln","previousOperationId":"c1hgt03woq0yf6i"}
{"type":"log","timestamp":1718998274024,"level":"debug","message":"Rendering engine handlebars","meta":{"rootId":"kq0yo7wtecm9c0j","id":"uflkme4bi4fikx5"},"id":"g6nl0wjy91ag3ag","previousOperationId":"vzc0n2k8r1rtlln"}
{"type":"operationEnd","operationId":"vzc0n2k8r1rtlln","timestamp":1718998274027,"id":"tq3zav1llgnvgdg","previousEventId":"wv7g8p4yprwujgt","previousOperationId":"vzc0n2k8r1rtlln"}
{"type":"operationStart","subtype":"recipe","name":"chrome-pdf","timestamp":1718998274027,"id":"2mf3lf4vbnidvn2","previousEventId":"tq3zav1llgnvgdg","operationId":"qz9b86bk13y5olp","previousOperationId":"vzc0n2k8r1rtlln"}
{"type":"log","timestamp":1718998274027,"level":"debug","message":"Executing recipe chrome-pdf","meta":{"rootId":"kq0yo7wtecm9c0j","id":"uflkme4bi4fikx5"},"id":"xixikm7fu4p2mm3","previousOperationId":"qz9b86bk13y5olp"}
{"type":"log","timestamp":1718998274028,"level":"debug","message":"Converting with chrome Chrome/126.0.6478.61 using chrome-pool strategy","meta":{"rootId":"kq0yo7wtecm9c0j","id":"uflkme4bi4fikx5"},"id":"r4t6u60mvp88kr4","previousOperationId":"qz9b86bk13y5olp"}
{"type":"log","timestamp":1718998274044,"level":"debug","message":"Page request: GET (document) file:///var/folders/2x/1bhfw9mx7d775w_jmf56lcp80000gn/T/jsreport/autocleanup/7e5d6b1b-0ee8-43d3-be0c-caf3d51fd8bf-chrome-pdf.html","meta":{"rootId":"kq0yo7wtecm9c0j","id":"uflkme4bi4fikx5"},"id":"k219xlqlh48dpl3","previousOperationId":"qz9b86bk13y5olp"}
{"type":"log","timestamp":1718998274048,"level":"debug","message":"Page request finished: GET (document) 200 file:///var/folders/2x/1bhfw9mx7d775w_jmf56lcp80000gn/T/jsreport/autocleanup/7e5d6b1b-0ee8-43d3-be0c-caf3d51fd8bf-chrome-pdf.html","meta":{"rootId":"kq0yo7wtecm9c0j","id":"uflkme4bi4fikx5"},"id":"5911q06y2xqeqwe","previousOperationId":"qz9b86bk13y5olp"}
{"type":"log","timestamp":1718998274048,"level":"debug","message":"Page request: GET (stylesheet) https://cdnjs.cloudflare.com/ajax/libs/metro/4.1.5/css/metro.min.css","meta":{"rootId":"kq0yo7wtecm9c0j","id":"uflkme4bi4fikx5"},"id":"hkrnbcysomdlse3","previousOperationId":"qz9b86bk13y5olp"}
{"type":"log","timestamp":1718998274054,"level":"debug","message":"Page request finished: GET (stylesheet) 200 https://cdnjs.cloudflare.com/ajax/libs/metro/4.1.5/css/metro.min.css","meta":{"rootId":"kq0yo7wtecm9c0j","id":"uflkme4bi4fikx5"},"id":"qjnv7bjca043jhm","previousOperationId":"qz9b86bk13y5olp"}
{"type":"log","timestamp":1718998274075,"level":"debug","message":"Running chrome with params {\"printBackground\":true,\"marginTop\":\"1.5cm\",\"marginRight\":\"1.5cm\",\"marginLeft\":\"1.cm\",\"timeout\":58826,\"margin\":{\"top\":\"1.5cm\",\"right\":\"1.5cm\",\"left\":\"1.cm\"}}","meta":{"rootId":"kq0yo7wtecm9c0j","id":"uflkme4bi4fikx5"},"id":"lal7h0619v4ycd3","previousOperationId":"qz9b86bk13y5olp"}
{"type":"operationEnd","operationId":"qz9b86bk13y5olp","timestamp":1718998274177,"id":"a1d20fx7od9wb81","previousEventId":"2mf3lf4vbnidvn2","previousOperationId":"qz9b86bk13y5olp"}
{"type":"log","timestamp":1718998274177,"level":"debug","message":"Skipping storing report.","meta":{"rootId":"kq0yo7wtecm9c0j","id":"uflkme4bi4fikx5"},"id":"r1svej9go9ozocq","previousOperationId":"qz9b86bk13y5olp"}
{"type":"log","timestamp":1718998274177,"level":"info","message":"Rendering (child) request finished in 1323 ms","meta":{"rootId":"kq0yo7wtecm9c0j","id":"uflkme4bi4fikx5"},"id":"nq6vr57z5ujzfo9","previousOperationId":"qz9b86bk13y5olp"}
{"type":"operationEnd","subtype":"render","operationId":"c1hgt03woq0yf6i","timestamp":1718998274177,"id":"z7fr4plq7pu3s9f","previousEventId":"a1d20fx7od9wb81","previousOperationId":"qz9b86bk13y5olp"}
{"type":"operationEnd","operationId":"thpu2raq4ttdbk6","timestamp":1718998274190,"id":"0j0z9g2vhoh9kqu","previousEventId":"hdugx9oa7969n9b","previousOperationId":"thpu2raq4ttdbk6"}
{"type":"log","timestamp":1718998274190,"level":"debug","message":"pdf-utils postprocess start","meta":{"rootId":"kq0yo7wtecm9c0j","id":"kq0yo7wtecm9c0j"},"id":"alcc1qpxg5t8xs1","previousOperationId":"thpu2raq4ttdbk6"}
{"type":"log","timestamp":1718998274209,"level":"debug","message":"pdf-utils postprocess end","meta":{"rootId":"kq0yo7wtecm9c0j","id":"kq0yo7wtecm9c0j"},"id":"rfschrwjmny9y19","previousOperationId":"thpu2raq4ttdbk6"}
{"type":"operationEnd","operationId":"jk3tdyt87l605ws","timestamp":1718998274209,"id":"frs64vifiw5f15v","previousEventId":"0j0z9g2vhoh9kqu","previousOperationId":"thpu2raq4ttdbk6"}
{"type":"log","timestamp":1718998274210,"level":"info","message":"pdf-utils pdf processing was finished","meta":{"rootId":"kq0yo7wtecm9c0j","id":"kq0yo7wtecm9c0j"},"id":"jo5uau7fvhw2vxu","previousOperationId":"jk3tdyt87l605ws"}
{"type":"log","timestamp":1718998274210,"level":"debug","message":"Skipping storing report.","meta":{"rootId":"kq0yo7wtecm9c0j","id":"kq0yo7wtecm9c0j"},"id":"999ipjrk0mfv2y0","previousOperationId":"jk3tdyt87l605ws"}
{"type":"log","timestamp":1718998274210,"level":"info","message":"Rendering request 39 finished in 1356 ms","meta":{"rootId":"kq0yo7wtecm9c0j","id":"kq0yo7wtecm9c0j"},"id":"5r1dv2k1cru20wa","previousOperationId":"jk3tdyt87l605ws"}
{"type":"operationEnd","subtype":"render","operationId":"zxo5mhsbj4f9dyc","timestamp":1718998274210,"id":"pmzlm2ekbp9qkx6","previousEventId":"frs64vifiw5f15v","previousOperationId":"jk3tdyt87l605ws"}
{"type":"operationEnd","doDiffs":false,"previousEventId":"n07o5ygpisdpwrf","previousOperationId":"9iayq7v5ed6msyp","operationId":"9iayq7v5ed6msyp","timestamp":1718998274213,"id":"g0wccsc7v33okxd"}
