{"type":"operationStart","subtype":"profile","data":{"_id":"SMm9jepBR7i6d1lm","timestamp":"2024-06-21T19:26:27.517Z","state":"queued","mode":"standard","creationDate":"2024-06-21T19:26:27.520Z","modificationDate":"2024-06-21T19:26:27.520Z","shortid":"MyFpIvJ","$entitySet":"profiles"},"doDiffs":false,"timestamp":1718997987519,"id":"1mbt7d9c6x1q06h","previousOperationId":null,"operationId":"ogwhoq0e49vqyw2"}
{"type":"log","level":"info","message":"Render request 29 queued for execution and waiting for available worker","previousOperationId":"ogwhoq0e49vqyw2","timestamp":1718997987519,"id":"sqzbykthrzblvnb"}
{"type":"operationStart","subtype":"render","name":"orders-main","previousOperationId":"ogwhoq0e49vqyw2","timestamp":1718997987526,"id":"8jysdbudzsifqqo","previousEventId":"1mbt7d9c6x1q06h","operationId":"pm3wa42j5h1bi57"}
{"type":"log","timestamp":1718997987526,"level":"info","message":"Starting rendering request 29","meta":{"rootId":"lps7jcywbwf04nv","id":"lps7jcywbwf04nv"},"id":"lecsvcg00esqmbw","previousOperationId":"pm3wa42j5h1bi57"}
{"type":"log","timestamp":1718997987526,"level":"info","message":"Rendering template { name: orders-main, recipe: chrome-pdf, engine: handlebars, preview: false }","meta":{"rootId":"lps7jcywbwf04nv","id":"lps7jcywbwf04nv"},"id":"4pteemvezplt1rx","previousOperationId":"pm3wa42j5h1bi57"}
{"type":"log","timestamp":1718997987528,"level":"debug","message":"Inline data specified.","meta":{"rootId":"lps7jcywbwf04nv","id":"lps7jcywbwf04nv"},"id":"wd9rue6ym9dvth4","previousOperationId":"pm3wa42j5h1bi57"}
{"type":"log","timestamp":1718997987530,"level":"debug","message":"Executing script orders-script (beforeRender)","meta":{"rootId":"lps7jcywbwf04nv","id":"lps7jcywbwf04nv"},"id":"oet6kur5f4uy8x4","previousOperationId":"pm3wa42j5h1bi57"}
{"type":"operationStart","subtype":"scriptsBeforeRender","name":"scripts beforeRender","timestamp":1718997987540,"id":"09hc6dgkwod9m9p","previousEventId":"8jysdbudzsifqqo","operationId":"gwkgm559kanfqlc","previousOperationId":"pm3wa42j5h1bi57"}
{"type":"operationStart","subtype":"script","name":"scripts orders-script","previousOperationId":"gwkgm559kanfqlc","timestamp":1718997987540,"id":"kzycg9kn1tlmlsx","previousEventId":"09hc6dgkwod9m9p","operationId":"d83g0ef5k0qld5q"}
{"type":"operationEnd","operationId":"d83g0ef5k0qld5q","timestamp":1718997988279,"id":"62kugy118rpejy7","previousEventId":"8jysdbudzsifqqo","previousOperationId":"pm3wa42j5h1bi57"}
{"type":"operationEnd","operationId":"gwkgm559kanfqlc","timestamp":1718997988279,"id":"5ske5ot3yfklf9i","previousEventId":"62kugy118rpejy7","previousOperationId":"pm3wa42j5h1bi57"}
{"type":"log","timestamp":1718997988279,"level":"debug","message":"Base url not specified, skipping its injection.","meta":{"rootId":"lps7jcywbwf04nv","id":"lps7jcywbwf04nv"},"id":"74s4qsjqx9ucxan","previousOperationId":"gwkgm559kanfqlc"}
{"type":"operationStart","subtype":"engine","name":"handlebars","timestamp":1718997988280,"id":"nktdw91vl3i44lb","previousEventId":"5ske5ot3yfklf9i","operationId":"hpj83fned9r0ijr","previousOperationId":"gwkgm559kanfqlc"}
{"type":"log","timestamp":1718997988280,"level":"debug","message":"Rendering engine handlebars","meta":{"rootId":"lps7jcywbwf04nv","id":"lps7jcywbwf04nv"},"id":"7skumivkow0st2u","previousOperationId":"hpj83fned9r0ijr"}
{"type":"log","timestamp":1718997988288,"level":"debug","message":"(console:log) Pdf utils adding group field, value: \"France\"","meta":{"userLevel":true,"rootId":"lps7jcywbwf04nv","id":"lps7jcywbwf04nv"},"id":"lw9209ydxxb33ex","previousOperationId":"hpj83fned9r0ijr"}
{"type":"log","timestamp":1718997988289,"level":"debug","message":"(console:log) Pdf utils adding group field, value: \"Germany\"","meta":{"userLevel":true,"rootId":"lps7jcywbwf04nv","id":"lps7jcywbwf04nv"},"id":"klr4fs0w7f12exz","previousOperationId":"hpj83fned9r0ijr"}
{"type":"operationEnd","operationId":"hpj83fned9r0ijr","timestamp":1718997988289,"id":"bq1wnelhhnb8xh5","previousEventId":"nktdw91vl3i44lb","previousOperationId":"hpj83fned9r0ijr"}
{"type":"operationStart","subtype":"recipe","name":"chrome-pdf","timestamp":1718997988290,"id":"09rwyd5h3eqx03k","previousEventId":"bq1wnelhhnb8xh5","operationId":"1oklgiajtowz2el","previousOperationId":"hpj83fned9r0ijr"}
{"type":"log","timestamp":1718997988290,"level":"debug","message":"Executing recipe chrome-pdf","meta":{"rootId":"lps7jcywbwf04nv","id":"lps7jcywbwf04nv"},"id":"7e8x3t4sczvws1l","previousOperationId":"1oklgiajtowz2el"}
{"type":"log","timestamp":1718997988295,"level":"debug","message":"Converting with chrome Chrome/126.0.6478.61 using chrome-pool strategy","meta":{"rootId":"lps7jcywbwf04nv","id":"lps7jcywbwf04nv"},"id":"p3vhrfipkodfqzw","previousOperationId":"1oklgiajtowz2el"}
{"type":"log","timestamp":1718997988341,"level":"debug","message":"Page request: GET (document) file:///var/folders/2x/1bhfw9mx7d775w_jmf56lcp80000gn/T/jsreport/autocleanup/d5a8110d-017b-46a2-94bb-54eb98ed6d8f-chrome-pdf.html","meta":{"rootId":"lps7jcywbwf04nv","id":"lps7jcywbwf04nv"},"id":"kxfqv5qeeknma06","previousOperationId":"1oklgiajtowz2el"}
{"type":"log","timestamp":1718997988346,"level":"debug","message":"Page request finished: GET (document) 200 file:///var/folders/2x/1bhfw9mx7d775w_jmf56lcp80000gn/T/jsreport/autocleanup/d5a8110d-017b-46a2-94bb-54eb98ed6d8f-chrome-pdf.html","meta":{"rootId":"lps7jcywbwf04nv","id":"lps7jcywbwf04nv"},"id":"o4eqkw4zszydtx2","previousOperationId":"1oklgiajtowz2el"}
{"type":"log","timestamp":1718997988346,"level":"debug","message":"Page request: GET (stylesheet) https://cdnjs.cloudflare.com/ajax/libs/metro/4.1.5/css/metro.min.css","meta":{"rootId":"lps7jcywbwf04nv","id":"lps7jcywbwf04nv"},"id":"zv5mae0dl5ema58","previousOperationId":"1oklgiajtowz2el"}
{"type":"log","timestamp":1718997988347,"level":"debug","message":"Page request: GET (script) https://cdnjs.cloudflare.com/ajax/libs/Chart.js/2.7.2/Chart.min.js","meta":{"rootId":"lps7jcywbwf04nv","id":"lps7jcywbwf04nv"},"id":"u2ma4mnawu2egku","previousOperationId":"1oklgiajtowz2el"}
{"type":"log","timestamp":1718997988355,"level":"debug","message":"Page request finished: GET (stylesheet) 200 https://cdnjs.cloudflare.com/ajax/libs/metro/4.1.5/css/metro.min.css","meta":{"rootId":"lps7jcywbwf04nv","id":"lps7jcywbwf04nv"},"id":"3etsli3qd0xb0sh","previousOperationId":"1oklgiajtowz2el"}
{"type":"log","timestamp":1718997988355,"level":"debug","message":"Page request finished: GET (script) 200 https://cdnjs.cloudflare.com/ajax/libs/Chart.js/2.7.2/Chart.min.js","meta":{"rootId":"lps7jcywbwf04nv","id":"lps7jcywbwf04nv"},"id":"ybv3t0dqxs2ov0x","previousOperationId":"1oklgiajtowz2el"}
{"type":"log","timestamp":1718997988410,"level":"debug","message":"Running chrome with params {\"printBackground\":true,\"marginTop\":\"4cm\",\"marginRight\":\"1.5cm\",\"marginBottom\":\"1.5cm\",\"marginLeft\":\"1.5cm\",\"waitForJS\":false,\"timeout\":59225,\"margin\":{\"top\":\"4cm\",\"right\":\"1.5cm\",\"bottom\":\"1.5cm\",\"left\":\"1.5cm\"}}","meta":{"rootId":"lps7jcywbwf04nv","id":"lps7jcywbwf04nv"},"id":"980yxgypv3uvh4f","previousOperationId":"1oklgiajtowz2el"}
{"type":"operationEnd","operationId":"1oklgiajtowz2el","timestamp":1718997988574,"id":"ff9fmrdmcyo3hlo","previousEventId":"09rwyd5h3eqx03k","previousOperationId":"1oklgiajtowz2el"}
{"type":"log","timestamp":1718997988574,"level":"info","message":"pdf-utils is starting pdf processing","meta":{"rootId":"lps7jcywbwf04nv","id":"lps7jcywbwf04nv"},"id":"wwixm11e9d4xky7","previousOperationId":"1oklgiajtowz2el"}
{"type":"operationStart","subtype":"pdfUtils","name":"pdf utils","timestamp":1718997988574,"id":"mz1zrmu65plo34s","previousEventId":"ff9fmrdmcyo3hlo","operationId":"dzafu2wf9y7dpe8","previousOperationId":"1oklgiajtowz2el"}
{"type":"log","timestamp":1718997988574,"level":"debug","message":"pdf-utils detected 1 pdf operation(s) to process","meta":{"rootId":"lps7jcywbwf04nv","id":"lps7jcywbwf04nv"},"id":"7cdvrn3kgd1qvuj","previousOperationId":"dzafu2wf9y7dpe8"}
{"type":"log","timestamp":1718997988599,"level":"debug","message":"pdf-utils running pdf operation merge","meta":{"rootId":"lps7jcywbwf04nv","id":"lps7jcywbwf04nv"},"id":"3ixf554f8olqipv","previousOperationId":"dzafu2wf9y7dpe8"}
{"type":"operationStart","subtype":"pdfUtilsMerge","name":"pdf utils merge","previousOperationId":"dzafu2wf9y7dpe8","timestamp":1718997988600,"id":"ewoixh64flw5nek","previousEventId":"mz1zrmu65plo34s","operationId":"xhw0wab8tpmqlmf"}
{"type":"operationStart","subtype":"render","name":"orders-header","previousOperationId":"xhw0wab8tpmqlmf","timestamp":1718997988601,"id":"ry195vzrgc1pjmj","previousEventId":"ewoixh64flw5nek","operationId":"x71qg02ebwfkyck"}
{"type":"log","timestamp":1718997988601,"level":"info","message":"Starting rendering (child) request","meta":{"rootId":"lps7jcywbwf04nv","id":"ow6p3hycsp7gjq5"},"id":"sx74dnm53qwqvnp","previousOperationId":"x71qg02ebwfkyck"}
{"type":"log","timestamp":1718997988601,"level":"info","message":"Rendering template { name: orders-header, recipe: chrome-pdf, engine: handlebars, preview: false }","meta":{"rootId":"lps7jcywbwf04nv","id":"ow6p3hycsp7gjq5"},"id":"pye9e99w17v1flc","previousOperationId":"x71qg02ebwfkyck"}
{"type":"log","timestamp":1718997988602,"level":"debug","message":"Inline data specified.","meta":{"rootId":"lps7jcywbwf04nv","id":"ow6p3hycsp7gjq5"},"id":"no9wwc65tr2lanb","previousOperationId":"x71qg02ebwfkyck"}
{"type":"log","timestamp":1718997988603,"level":"debug","message":"Base url not specified, skipping its injection.","meta":{"rootId":"lps7jcywbwf04nv","id":"ow6p3hycsp7gjq5"},"id":"2cwjva4xhf6q4oz","previousOperationId":"x71qg02ebwfkyck"}
{"type":"operationStart","subtype":"engine","name":"handlebars","timestamp":1718997988603,"id":"pjzjonoz2p9kzqe","previousEventId":"ry195vzrgc1pjmj","operationId":"d37amtndair39j9","previousOperationId":"x71qg02ebwfkyck"}
{"type":"log","timestamp":1718997988603,"level":"debug","message":"Rendering engine handlebars","meta":{"rootId":"lps7jcywbwf04nv","id":"ow6p3hycsp7gjq5"},"id":"ha3emoz2zwlbda1","previousOperationId":"d37amtndair39j9"}
{"type":"operationEnd","operationId":"d37amtndair39j9","timestamp":1718997988606,"id":"p8fap4qgnvmj0fd","previousEventId":"pjzjonoz2p9kzqe","previousOperationId":"d37amtndair39j9"}
{"type":"operationStart","subtype":"recipe","name":"chrome-pdf","timestamp":1718997988606,"id":"voy0m2wn7nwtsm7","previousEventId":"p8fap4qgnvmj0fd","operationId":"mzz6z4di21h9aza","previousOperationId":"d37amtndair39j9"}
{"type":"log","timestamp":1718997988606,"level":"debug","message":"Executing recipe chrome-pdf","meta":{"rootId":"lps7jcywbwf04nv","id":"ow6p3hycsp7gjq5"},"id":"lt3pwxbn0ksknua","previousOperationId":"mzz6z4di21h9aza"}
{"type":"log","timestamp":1718997988607,"level":"debug","message":"Converting with chrome Chrome/126.0.6478.61 using chrome-pool strategy","meta":{"rootId":"lps7jcywbwf04nv","id":"ow6p3hycsp7gjq5"},"id":"1am3npmjlcw4q6o","previousOperationId":"mzz6z4di21h9aza"}
{"type":"log","timestamp":1718997988624,"level":"debug","message":"Page request: GET (document) file:///var/folders/2x/1bhfw9mx7d775w_jmf56lcp80000gn/T/jsreport/autocleanup/1e23dee6-bf55-43e6-8f45-0fe81a0546eb-chrome-pdf.html","meta":{"rootId":"lps7jcywbwf04nv","id":"ow6p3hycsp7gjq5"},"id":"7nrpn6sy5390nxf","previousOperationId":"mzz6z4di21h9aza"}
{"type":"log","timestamp":1718997988629,"level":"debug","message":"Page request finished: GET (document) 200 file:///var/folders/2x/1bhfw9mx7d775w_jmf56lcp80000gn/T/jsreport/autocleanup/1e23dee6-bf55-43e6-8f45-0fe81a0546eb-chrome-pdf.html","meta":{"rootId":"lps7jcywbwf04nv","id":"ow6p3hycsp7gjq5"},"id":"fzda3nvz6ccmvzz","previousOperationId":"mzz6z4di21h9aza"}
{"type":"log","timestamp":1718997988629,"level":"debug","message":"Page request: GET (stylesheet) https://cdnjs.cloudflare.com/ajax/libs/metro/4.1.5/css/metro.min.css","meta":{"rootId":"lps7jcywbwf04nv","id":"ow6p3hycsp7gjq5"},"id":"kvmadnumwow5ou3","previousOperationId":"mzz6z4di21h9aza"}
{"type":"log","timestamp":1718997988635,"level":"debug","message":"Page request finished: GET (stylesheet) 200 https://cdnjs.cloudflare.com/ajax/libs/metro/4.1.5/css/metro.min.css","meta":{"rootId":"lps7jcywbwf04nv","id":"ow6p3hycsp7gjq5"},"id":"8lk9b09mihyiw2h","previousOperationId":"mzz6z4di21h9aza"}
{"type":"log","timestamp":1718997988656,"level":"debug","message":"Running chrome with params {\"printBackground\":true,\"marginTop\":\"1.5cm\",\"marginRight\":\"1.5cm\",\"marginLeft\":\"1.cm\",\"timeout\":58911,\"margin\":{\"top\":\"1.5cm\",\"right\":\"1.5cm\",\"left\":\"1.cm\"}}","meta":{"rootId":"lps7jcywbwf04nv","id":"ow6p3hycsp7gjq5"},"id":"t7i65uykaypua1s","previousOperationId":"mzz6z4di21h9aza"}
{"type":"operationEnd","operationId":"mzz6z4di21h9aza","timestamp":1718997988768,"id":"sq2fktm3seym1ha","previousEventId":"voy0m2wn7nwtsm7","previousOperationId":"mzz6z4di21h9aza"}
{"type":"log","timestamp":1718997988768,"level":"debug","message":"Skipping storing report.","meta":{"rootId":"lps7jcywbwf04nv","id":"ow6p3hycsp7gjq5"},"id":"dgj2kagmzw74n1w","previousOperationId":"mzz6z4di21h9aza"}
{"type":"log","timestamp":1718997988768,"level":"info","message":"Rendering (child) request finished in 1251 ms","meta":{"rootId":"lps7jcywbwf04nv","id":"ow6p3hycsp7gjq5"},"id":"u6v1szdtd390u4s","previousOperationId":"mzz6z4di21h9aza"}
{"type":"operationEnd","subtype":"render","operationId":"x71qg02ebwfkyck","timestamp":1718997988768,"id":"dydhw1hceg8yc0s","previousEventId":"sq2fktm3seym1ha","previousOperationId":"mzz6z4di21h9aza"}
{"type":"operationEnd","operationId":"xhw0wab8tpmqlmf","timestamp":1718997988783,"id":"4dasybeeg4adcuo","previousEventId":"ewoixh64flw5nek","previousOperationId":"xhw0wab8tpmqlmf"}
{"type":"log","timestamp":1718997988783,"level":"debug","message":"pdf-utils postprocess start","meta":{"rootId":"lps7jcywbwf04nv","id":"lps7jcywbwf04nv"},"id":"nenq5g5w43ewfej","previousOperationId":"xhw0wab8tpmqlmf"}
{"type":"log","timestamp":1718997988803,"level":"debug","message":"pdf-utils postprocess end","meta":{"rootId":"lps7jcywbwf04nv","id":"lps7jcywbwf04nv"},"id":"toofixxqpiwdz07","previousOperationId":"xhw0wab8tpmqlmf"}
{"type":"operationEnd","operationId":"dzafu2wf9y7dpe8","timestamp":1718997988803,"id":"ghlurs93o8zf6jp","previousEventId":"4dasybeeg4adcuo","previousOperationId":"xhw0wab8tpmqlmf"}
{"type":"log","timestamp":1718997988803,"level":"info","message":"pdf-utils pdf processing was finished","meta":{"rootId":"lps7jcywbwf04nv","id":"lps7jcywbwf04nv"},"id":"eab3guh3hhccfgl","previousOperationId":"dzafu2wf9y7dpe8"}
{"type":"log","timestamp":1718997988803,"level":"debug","message":"Skipping storing report.","meta":{"rootId":"lps7jcywbwf04nv","id":"lps7jcywbwf04nv"},"id":"p68n0hi0svis3rp","previousOperationId":"dzafu2wf9y7dpe8"}
{"type":"log","timestamp":1718997988803,"level":"info","message":"Rendering request 29 finished in 1286 ms","meta":{"rootId":"lps7jcywbwf04nv","id":"lps7jcywbwf04nv"},"id":"38y5ld1bfgo4rgt","previousOperationId":"dzafu2wf9y7dpe8"}
{"type":"operationEnd","subtype":"render","operationId":"pm3wa42j5h1bi57","timestamp":1718997988803,"id":"6v4277q8xiy99mt","previousEventId":"ghlurs93o8zf6jp","previousOperationId":"dzafu2wf9y7dpe8"}
{"type":"operationEnd","doDiffs":false,"previousEventId":"1mbt7d9c6x1q06h","previousOperationId":"ogwhoq0e49vqyw2","operationId":"ogwhoq0e49vqyw2","timestamp":1718997988804,"id":"d4l5d3m2zga82l7"}
