{"type":"operationStart","subtype":"profile","data":{"_id":"PQYI1a2IX0ukSnwF","timestamp":"2024-06-21T19:25:22.450Z","state":"queued","mode":"standard","creationDate":"2024-06-21T19:25:22.452Z","modificationDate":"2024-06-21T19:25:22.452Z","shortid":"wTy7kjh","$entitySet":"profiles"},"doDiffs":false,"timestamp":1718997922451,"id":"r2ypcsxugz8aipa","previousOperationId":null,"operationId":"vmshff3insmbb6c"}
{"type":"log","level":"info","message":"Render request 27 queued for execution and waiting for available worker","previousOperationId":"vmshff3insmbb6c","timestamp":1718997922452,"id":"g275onpexmuycro"}
{"type":"operationStart","subtype":"render","name":"orders-main","previousOperationId":"vmshff3insmbb6c","timestamp":1718997922464,"id":"h9gtcra6id7lvhh","previousEventId":"r2ypcsxugz8aipa","operationId":"bhec387rjg9r0fl"}
{"type":"log","timestamp":1718997922464,"level":"info","message":"Starting rendering request 27","meta":{"rootId":"m6rdr0wpavccfzp","id":"m6rdr0wpavccfzp"},"id":"eoer27l56tqt5j7","previousOperationId":"bhec387rjg9r0fl"}
{"type":"log","timestamp":1718997922464,"level":"info","message":"Rendering template { name: orders-main, recipe: chrome-pdf, engine: handlebars, preview: true }","meta":{"rootId":"m6rdr0wpavccfzp","id":"m6rdr0wpavccfzp"},"id":"dpb0zljiahiw6me","previousOperationId":"bhec387rjg9r0fl"}
{"type":"log","timestamp":1718997922465,"level":"debug","message":"Data item not defined for this template.","meta":{"rootId":"m6rdr0wpavccfzp","id":"m6rdr0wpavccfzp"},"id":"fmxmwhkosgiess7","previousOperationId":"bhec387rjg9r0fl"}
{"type":"log","timestamp":1718997922466,"level":"debug","message":"Executing script orders-script (beforeRender)","meta":{"rootId":"m6rdr0wpavccfzp","id":"m6rdr0wpavccfzp"},"id":"i3y3plgrwhjdzaz","previousOperationId":"bhec387rjg9r0fl"}
{"type":"operationStart","subtype":"scriptsBeforeRender","name":"scripts beforeRender","timestamp":1718997922496,"id":"47b399hhq28smm0","previousEventId":"h9gtcra6id7lvhh","operationId":"87bbp3bspafslqe","previousOperationId":"bhec387rjg9r0fl"}
{"type":"operationStart","subtype":"script","name":"scripts orders-script","previousOperationId":"87bbp3bspafslqe","timestamp":1718997922496,"id":"mr01e8gike3vr5v","previousEventId":"47b399hhq28smm0","operationId":"0dbawhjjzo0381l"}
{"type":"operationEnd","operationId":"0dbawhjjzo0381l","timestamp":1718997923523,"id":"tzbc0hcpz6ytnhz","previousEventId":"h9gtcra6id7lvhh","previousOperationId":"bhec387rjg9r0fl"}
{"type":"operationEnd","operationId":"87bbp3bspafslqe","timestamp":1718997923523,"id":"b3haulw81ucclsb","previousEventId":"tzbc0hcpz6ytnhz","previousOperationId":"bhec387rjg9r0fl"}
{"type":"log","timestamp":1718997923523,"level":"debug","message":"Base url not specified, skipping its injection.","meta":{"rootId":"m6rdr0wpavccfzp","id":"m6rdr0wpavccfzp"},"id":"in3lqnm9w5gbpm1","previousOperationId":"87bbp3bspafslqe"}
{"type":"operationStart","subtype":"engine","name":"handlebars","timestamp":1718997923524,"id":"rkekzs3tef3t8iw","previousEventId":"b3haulw81ucclsb","operationId":"u59n50fapit9iw3","previousOperationId":"87bbp3bspafslqe"}
{"type":"log","timestamp":1718997923524,"level":"debug","message":"Rendering engine handlebars","meta":{"rootId":"m6rdr0wpavccfzp","id":"m6rdr0wpavccfzp"},"id":"k903q2lmrvinrsm","previousOperationId":"u59n50fapit9iw3"}
{"type":"log","timestamp":1718997923537,"level":"debug","message":"(console:log) Pdf utils adding group field, value: \"France\"","meta":{"userLevel":true,"rootId":"m6rdr0wpavccfzp","id":"m6rdr0wpavccfzp"},"id":"c5r6sb9ovjaa6aw","previousOperationId":"u59n50fapit9iw3"}
{"type":"log","timestamp":1718997923538,"level":"debug","message":"(console:log) Pdf utils adding group field, value: \"Germany\"","meta":{"userLevel":true,"rootId":"m6rdr0wpavccfzp","id":"m6rdr0wpavccfzp"},"id":"9d0y7vb7433pytb","previousOperationId":"u59n50fapit9iw3"}
{"type":"operationEnd","operationId":"u59n50fapit9iw3","timestamp":1718997923538,"id":"ru76h8bah9kqyk1","previousEventId":"rkekzs3tef3t8iw","previousOperationId":"u59n50fapit9iw3"}
{"type":"operationStart","subtype":"recipe","name":"chrome-pdf","timestamp":1718997923539,"id":"94m50ijfozy3a1o","previousEventId":"ru76h8bah9kqyk1","operationId":"qdjtrz9ekkp6qer","previousOperationId":"u59n50fapit9iw3"}
{"type":"log","timestamp":1718997923539,"level":"debug","message":"Executing recipe chrome-pdf","meta":{"rootId":"m6rdr0wpavccfzp","id":"m6rdr0wpavccfzp"},"id":"149qi3uzp48vn2u","previousOperationId":"qdjtrz9ekkp6qer"}
{"type":"log","timestamp":1718997925389,"level":"debug","message":"Converting with chrome Chrome/126.0.6478.61 using chrome-pool strategy","meta":{"rootId":"m6rdr0wpavccfzp","id":"m6rdr0wpavccfzp"},"id":"nhd474nbptpcsom","previousOperationId":"qdjtrz9ekkp6qer"}
{"type":"log","timestamp":1718997925945,"level":"debug","message":"Page request: GET (document) file:///var/folders/2x/1bhfw9mx7d775w_jmf56lcp80000gn/T/jsreport/autocleanup/5ec1202f-c476-4b75-984f-6f58955002b0-chrome-pdf.html","meta":{"rootId":"m6rdr0wpavccfzp","id":"m6rdr0wpavccfzp"},"id":"bzfjdugi0ldl9f2","previousOperationId":"qdjtrz9ekkp6qer"}
{"type":"log","timestamp":1718997925960,"level":"debug","message":"Page request finished: GET (document) 200 file:///var/folders/2x/1bhfw9mx7d775w_jmf56lcp80000gn/T/jsreport/autocleanup/5ec1202f-c476-4b75-984f-6f58955002b0-chrome-pdf.html","meta":{"rootId":"m6rdr0wpavccfzp","id":"m6rdr0wpavccfzp"},"id":"jcqdjwjv8djwhd3","previousOperationId":"qdjtrz9ekkp6qer"}
{"type":"log","timestamp":1718997925961,"level":"debug","message":"Page request: GET (stylesheet) https://cdnjs.cloudflare.com/ajax/libs/metro/4.1.5/css/metro.min.css","meta":{"rootId":"m6rdr0wpavccfzp","id":"m6rdr0wpavccfzp"},"id":"izi7w44tdskakny","previousOperationId":"qdjtrz9ekkp6qer"}
{"type":"log","timestamp":1718997925961,"level":"debug","message":"Page request: GET (script) https://cdnjs.cloudflare.com/ajax/libs/Chart.js/2.7.2/Chart.min.js","meta":{"rootId":"m6rdr0wpavccfzp","id":"m6rdr0wpavccfzp"},"id":"mekeflweygnreed","previousOperationId":"qdjtrz9ekkp6qer"}
{"type":"log","timestamp":1718997926063,"level":"debug","message":"Page request finished: GET (stylesheet) 200 https://cdnjs.cloudflare.com/ajax/libs/metro/4.1.5/css/metro.min.css","meta":{"rootId":"m6rdr0wpavccfzp","id":"m6rdr0wpavccfzp"},"id":"6zgxn4gaz1yzlsb","previousOperationId":"qdjtrz9ekkp6qer"}
{"type":"log","timestamp":1718997926064,"level":"debug","message":"Page request finished: GET (script) 200 https://cdnjs.cloudflare.com/ajax/libs/Chart.js/2.7.2/Chart.min.js","meta":{"rootId":"m6rdr0wpavccfzp","id":"m6rdr0wpavccfzp"},"id":"9bjif2mjryseq41","previousOperationId":"qdjtrz9ekkp6qer"}
{"type":"log","timestamp":1718997926151,"level":"debug","message":"Running chrome with params {\"printBackground\":true,\"marginTop\":\"4cm\",\"marginRight\":\"1.5cm\",\"marginBottom\":\"1.5cm\",\"marginLeft\":\"1.5cm\",\"waitForJS\":false,\"timeout\":58904,\"margin\":{\"top\":\"4cm\",\"right\":\"1.5cm\",\"bottom\":\"1.5cm\",\"left\":\"1.5cm\"}}","meta":{"rootId":"m6rdr0wpavccfzp","id":"m6rdr0wpavccfzp"},"id":"zlppqsa8wjq8qan","previousOperationId":"qdjtrz9ekkp6qer"}
{"type":"operationEnd","operationId":"qdjtrz9ekkp6qer","timestamp":1718997926710,"id":"rls4455j12reudq","previousEventId":"94m50ijfozy3a1o","previousOperationId":"qdjtrz9ekkp6qer"}
{"type":"log","timestamp":1718997926710,"level":"info","message":"pdf-utils is starting pdf processing","meta":{"rootId":"m6rdr0wpavccfzp","id":"m6rdr0wpavccfzp"},"id":"hpaw7ft4z86519p","previousOperationId":"qdjtrz9ekkp6qer"}
{"type":"operationStart","subtype":"pdfUtils","name":"pdf utils","timestamp":1718997926711,"id":"a1gh5rvay8m1ov4","previousEventId":"rls4455j12reudq","operationId":"vt15qrwmqya17ef","previousOperationId":"qdjtrz9ekkp6qer"}
{"type":"log","timestamp":1718997926711,"level":"debug","message":"pdf-utils detected 1 pdf operation(s) to process","meta":{"rootId":"m6rdr0wpavccfzp","id":"m6rdr0wpavccfzp"},"id":"3ktirfczbt87vj2","previousOperationId":"vt15qrwmqya17ef"}
{"type":"log","timestamp":1718997926730,"level":"debug","message":"pdf-utils running pdf operation merge","meta":{"rootId":"m6rdr0wpavccfzp","id":"m6rdr0wpavccfzp"},"id":"uf1op3pows8p5ez","previousOperationId":"vt15qrwmqya17ef"}
{"type":"operationStart","subtype":"pdfUtilsMerge","name":"pdf utils merge","previousOperationId":"vt15qrwmqya17ef","timestamp":1718997926730,"id":"f7xbq0x5m73765k","previousEventId":"a1gh5rvay8m1ov4","operationId":"n0ne11ufrikhrgz"}
{"type":"operationStart","subtype":"render","name":"orders-header","previousOperationId":"n0ne11ufrikhrgz","timestamp":1718997926731,"id":"q57khmn1g74ecj1","previousEventId":"f7xbq0x5m73765k","operationId":"2bimgkvkc7eig1p"}
{"type":"log","timestamp":1718997926731,"level":"info","message":"Starting rendering (child) request","meta":{"rootId":"m6rdr0wpavccfzp","id":"xga25v3u14spyhw"},"id":"uuqcrcegg0n53wl","previousOperationId":"2bimgkvkc7eig1p"}
{"type":"log","timestamp":1718997926731,"level":"info","message":"Rendering template { name: orders-header, recipe: chrome-pdf, engine: handlebars, preview: true }","meta":{"rootId":"m6rdr0wpavccfzp","id":"xga25v3u14spyhw"},"id":"ar5y1ywb3kj6yje","previousOperationId":"2bimgkvkc7eig1p"}
{"type":"log","timestamp":1718997926731,"level":"debug","message":"Inline data specified.","meta":{"rootId":"m6rdr0wpavccfzp","id":"xga25v3u14spyhw"},"id":"dmxyf972f0szftn","previousOperationId":"2bimgkvkc7eig1p"}
{"type":"log","timestamp":1718997926732,"level":"debug","message":"Base url not specified, skipping its injection.","meta":{"rootId":"m6rdr0wpavccfzp","id":"xga25v3u14spyhw"},"id":"4o5c93o9ky2vkpc","previousOperationId":"2bimgkvkc7eig1p"}
{"type":"operationStart","subtype":"engine","name":"handlebars","timestamp":1718997926732,"id":"4358ezjvlheaoua","previousEventId":"q57khmn1g74ecj1","operationId":"zu3sw2rew9c6z30","previousOperationId":"2bimgkvkc7eig1p"}
{"type":"log","timestamp":1718997926732,"level":"debug","message":"Rendering engine handlebars","meta":{"rootId":"m6rdr0wpavccfzp","id":"xga25v3u14spyhw"},"id":"mu9y8gbmal2icf2","previousOperationId":"zu3sw2rew9c6z30"}
{"type":"operationEnd","operationId":"zu3sw2rew9c6z30","timestamp":1718997926744,"id":"ogtwodv73dk1ugu","previousEventId":"4358ezjvlheaoua","previousOperationId":"zu3sw2rew9c6z30"}
{"type":"operationStart","subtype":"recipe","name":"chrome-pdf","timestamp":1718997926744,"id":"tje1wo9grcjhwxh","previousEventId":"ogtwodv73dk1ugu","operationId":"ym08wobow6qjhzn","previousOperationId":"zu3sw2rew9c6z30"}
{"type":"log","timestamp":1718997926744,"level":"debug","message":"Executing recipe chrome-pdf","meta":{"rootId":"m6rdr0wpavccfzp","id":"xga25v3u14spyhw"},"id":"hezqjpvhzhtflpk","previousOperationId":"ym08wobow6qjhzn"}
{"type":"log","timestamp":1718997926745,"level":"debug","message":"Converting with chrome Chrome/126.0.6478.61 using chrome-pool strategy","meta":{"rootId":"m6rdr0wpavccfzp","id":"xga25v3u14spyhw"},"id":"wyuzi6svh5q1vtw","previousOperationId":"ym08wobow6qjhzn"}
{"type":"log","timestamp":1718997926763,"level":"debug","message":"Page request: GET (document) file:///var/folders/2x/1bhfw9mx7d775w_jmf56lcp80000gn/T/jsreport/autocleanup/9e013e82-b91d-4585-8267-0135aff5061a-chrome-pdf.html","meta":{"rootId":"m6rdr0wpavccfzp","id":"xga25v3u14spyhw"},"id":"m63632ort774f0e","previousOperationId":"ym08wobow6qjhzn"}
{"type":"log","timestamp":1718997926774,"level":"debug","message":"Page request finished: GET (document) 200 file:///var/folders/2x/1bhfw9mx7d775w_jmf56lcp80000gn/T/jsreport/autocleanup/9e013e82-b91d-4585-8267-0135aff5061a-chrome-pdf.html","meta":{"rootId":"m6rdr0wpavccfzp","id":"xga25v3u14spyhw"},"id":"jws41dfirb5pjvn","previousOperationId":"ym08wobow6qjhzn"}
{"type":"log","timestamp":1718997926775,"level":"debug","message":"Page request: GET (stylesheet) https://cdnjs.cloudflare.com/ajax/libs/metro/4.1.5/css/metro.min.css","meta":{"rootId":"m6rdr0wpavccfzp","id":"xga25v3u14spyhw"},"id":"b8xhnhzdr96i3xb","previousOperationId":"ym08wobow6qjhzn"}
{"type":"log","timestamp":1718997926785,"level":"debug","message":"Page request finished: GET (stylesheet) 200 https://cdnjs.cloudflare.com/ajax/libs/metro/4.1.5/css/metro.min.css","meta":{"rootId":"m6rdr0wpavccfzp","id":"xga25v3u14spyhw"},"id":"4wl45lhirpzsi6f","previousOperationId":"ym08wobow6qjhzn"}
{"type":"log","timestamp":1718997926806,"level":"debug","message":"Running chrome with params {\"printBackground\":true,\"marginTop\":\"1.5cm\",\"marginRight\":\"1.5cm\",\"marginLeft\":\"1.cm\",\"timeout\":55700,\"margin\":{\"top\":\"1.5cm\",\"right\":\"1.5cm\",\"left\":\"1.cm\"}}","meta":{"rootId":"m6rdr0wpavccfzp","id":"xga25v3u14spyhw"},"id":"jjwrdhe68to9gq1","previousOperationId":"ym08wobow6qjhzn"}
{"type":"operationEnd","operationId":"ym08wobow6qjhzn","timestamp":1718997926913,"id":"mfrib807kf6ym38","previousEventId":"tje1wo9grcjhwxh","previousOperationId":"ym08wobow6qjhzn"}
{"type":"log","timestamp":1718997926913,"level":"debug","message":"Skipping storing report.","meta":{"rootId":"m6rdr0wpavccfzp","id":"xga25v3u14spyhw"},"id":"in2c99fllbc5e0x","previousOperationId":"ym08wobow6qjhzn"}
{"type":"log","timestamp":1718997926913,"level":"info","message":"Rendering (child) request finished in 4468 ms","meta":{"rootId":"m6rdr0wpavccfzp","id":"xga25v3u14spyhw"},"id":"56mgigmn0su62lw","previousOperationId":"ym08wobow6qjhzn"}
{"type":"operationEnd","subtype":"render","operationId":"2bimgkvkc7eig1p","timestamp":1718997926913,"id":"qllzim8sm36ifmt","previousEventId":"mfrib807kf6ym38","previousOperationId":"ym08wobow6qjhzn"}
{"type":"operationEnd","operationId":"n0ne11ufrikhrgz","timestamp":1718997926930,"id":"ilz83hvuoi1ouiv","previousEventId":"f7xbq0x5m73765k","previousOperationId":"n0ne11ufrikhrgz"}
{"type":"log","timestamp":1718997926930,"level":"debug","message":"pdf-utils postprocess start","meta":{"rootId":"m6rdr0wpavccfzp","id":"m6rdr0wpavccfzp"},"id":"hcwrzjbtvcz6t1r","previousOperationId":"n0ne11ufrikhrgz"}
{"type":"log","timestamp":1718997926957,"level":"debug","message":"pdf-utils postprocess end","meta":{"rootId":"m6rdr0wpavccfzp","id":"m6rdr0wpavccfzp"},"id":"y6ajwuoql1l3g2q","previousOperationId":"n0ne11ufrikhrgz"}
{"type":"operationEnd","operationId":"vt15qrwmqya17ef","timestamp":1718997926957,"id":"jg5d5hrcs6b6u1j","previousEventId":"ilz83hvuoi1ouiv","previousOperationId":"n0ne11ufrikhrgz"}
{"type":"log","timestamp":1718997926958,"level":"info","message":"pdf-utils pdf processing was finished","meta":{"rootId":"m6rdr0wpavccfzp","id":"m6rdr0wpavccfzp"},"id":"s0yi9qxklj2wh85","previousOperationId":"vt15qrwmqya17ef"}
{"type":"log","timestamp":1718997926958,"level":"debug","message":"Skipping storing report.","meta":{"rootId":"m6rdr0wpavccfzp","id":"m6rdr0wpavccfzp"},"id":"gnvhkuc44nx573p","previousOperationId":"vt15qrwmqya17ef"}
{"type":"log","timestamp":1718997926958,"level":"info","message":"Rendering request 27 finished in 4513 ms","meta":{"rootId":"m6rdr0wpavccfzp","id":"m6rdr0wpavccfzp"},"id":"boivz50dlsiv0rk","previousOperationId":"vt15qrwmqya17ef"}
{"type":"operationEnd","subtype":"render","operationId":"bhec387rjg9r0fl","timestamp":1718997926958,"id":"068r12idotlsihe","previousEventId":"jg5d5hrcs6b6u1j","previousOperationId":"vt15qrwmqya17ef"}
{"type":"operationEnd","doDiffs":false,"previousEventId":"r2ypcsxugz8aipa","previousOperationId":"vmshff3insmbb6c","operationId":"vmshff3insmbb6c","timestamp":1718997926964,"id":"wrvxmj05btbqzsj"}
