{"type":"operationStart","subtype":"profile","data":{"_id":"s8ljHXo7zgmbxR75","timestamp":"2024-06-21T19:34:09.514Z","state":"queued","mode":"standard","creationDate":"2024-06-21T19:34:09.516Z","modificationDate":"2024-06-21T19:34:09.516Z","shortid":"OJqME0Y","$entitySet":"profiles"},"doDiffs":false,"timestamp":1718998449515,"id":"1thohd5o040xfap","previousOperationId":null,"operationId":"f3ditp015n094hx"}
{"type":"log","level":"info","message":"Render request 42 queued for execution and waiting for available worker","previousOperationId":"f3ditp015n094hx","timestamp":1718998449515,"id":"kre8z9t0dh2m4dv"}
{"type":"operationStart","subtype":"render","name":"orders-main","previousOperationId":"f3ditp015n094hx","timestamp":1718998449534,"id":"ncg9bic419cicgv","previousEventId":"1thohd5o040xfap","operationId":"9k7xplu6t65n7z6"}
{"type":"log","timestamp":1718998449535,"level":"info","message":"Starting rendering request 42","meta":{"rootId":"mx6dew6togkyic9","id":"mx6dew6togkyic9"},"id":"v1fowt315xv2xew","previousOperationId":"9k7xplu6t65n7z6"}
{"type":"log","timestamp":1718998449535,"level":"info","message":"Rendering template { name: orders-main, recipe: chrome-pdf, engine: handlebars, preview: false }","meta":{"rootId":"mx6dew6togkyic9","id":"mx6dew6togkyic9"},"id":"a9njb9oorp95uqb","previousOperationId":"9k7xplu6t65n7z6"}
{"type":"log","timestamp":1718998449537,"level":"debug","message":"Inline data specified.","meta":{"rootId":"mx6dew6togkyic9","id":"mx6dew6togkyic9"},"id":"exyak1aqxotzfzi","previousOperationId":"9k7xplu6t65n7z6"}
{"type":"log","timestamp":1718998449537,"level":"debug","message":"Executing script orders-script (beforeRender)","meta":{"rootId":"mx6dew6togkyic9","id":"mx6dew6togkyic9"},"id":"p4veon8y3t4qlg9","previousOperationId":"9k7xplu6t65n7z6"}
{"type":"operationStart","subtype":"scriptsBeforeRender","name":"scripts beforeRender","timestamp":1718998449541,"id":"l7lnabjf0i067i0","previousEventId":"ncg9bic419cicgv","operationId":"hndia1yuqze7nnx","previousOperationId":"9k7xplu6t65n7z6"}
{"type":"operationStart","subtype":"script","name":"scripts orders-script","previousOperationId":"hndia1yuqze7nnx","timestamp":1718998449541,"id":"mnsfqa8zx4o5ce0","previousEventId":"l7lnabjf0i067i0","operationId":"jzwommoptvx8ege"}
{"type":"operationEnd","operationId":"jzwommoptvx8ege","timestamp":1718998450135,"id":"5y2u7b7xwmaexu3","previousEventId":"ncg9bic419cicgv","previousOperationId":"9k7xplu6t65n7z6"}
{"type":"operationEnd","operationId":"hndia1yuqze7nnx","timestamp":1718998450136,"id":"a4kxbe7pxutshgr","previousEventId":"5y2u7b7xwmaexu3","previousOperationId":"9k7xplu6t65n7z6"}
{"type":"log","timestamp":1718998450136,"level":"debug","message":"Base url not specified, skipping its injection.","meta":{"rootId":"mx6dew6togkyic9","id":"mx6dew6togkyic9"},"id":"53w4eigi6amdn8m","previousOperationId":"hndia1yuqze7nnx"}
{"type":"operationStart","subtype":"engine","name":"handlebars","timestamp":1718998450136,"id":"3ccoozfw0ld8fhh","previousEventId":"a4kxbe7pxutshgr","operationId":"izeww0qkfiqpmlx","previousOperationId":"hndia1yuqze7nnx"}
{"type":"log","timestamp":1718998450136,"level":"debug","message":"Rendering engine handlebars","meta":{"rootId":"mx6dew6togkyic9","id":"mx6dew6togkyic9"},"id":"kd3iu5z616t7drf","previousOperationId":"izeww0qkfiqpmlx"}
{"type":"log","timestamp":1718998450144,"level":"debug","message":"(console:log) Pdf utils adding group field, value: \"France\"","meta":{"userLevel":true,"rootId":"mx6dew6togkyic9","id":"mx6dew6togkyic9"},"id":"gej4qvautm4tfix","previousOperationId":"izeww0qkfiqpmlx"}
{"type":"log","timestamp":1718998450144,"level":"debug","message":"(console:log) Pdf utils adding group field, value: \"Germany\"","meta":{"userLevel":true,"rootId":"mx6dew6togkyic9","id":"mx6dew6togkyic9"},"id":"u9cnee6y7dhwt9c","previousOperationId":"izeww0qkfiqpmlx"}
{"type":"operationEnd","operationId":"izeww0qkfiqpmlx","timestamp":1718998450144,"id":"l3jazj8ci18xbuj","previousEventId":"3ccoozfw0ld8fhh","previousOperationId":"izeww0qkfiqpmlx"}
{"type":"operationStart","subtype":"recipe","name":"chrome-pdf","timestamp":1718998450145,"id":"zt7njkn8tdogrgo","previousEventId":"l3jazj8ci18xbuj","operationId":"y90tfe8m611oagg","previousOperationId":"izeww0qkfiqpmlx"}
{"type":"log","timestamp":1718998450145,"level":"debug","message":"Executing recipe chrome-pdf","meta":{"rootId":"mx6dew6togkyic9","id":"mx6dew6togkyic9"},"id":"hq62pzth3260zh2","previousOperationId":"y90tfe8m611oagg"}
{"type":"log","timestamp":1718998450146,"level":"debug","message":"Starting child request to render pdf header","meta":{"rootId":"mx6dew6togkyic9","id":"mx6dew6togkyic9"},"id":"apf0kuhhjdv4t8f","previousOperationId":"y90tfe8m611oagg"}
{"type":"operationStart","subtype":"render","name":"anonymous","previousOperationId":"y90tfe8m611oagg","timestamp":1718998450147,"id":"bcmgs5adprkbm4c","previousEventId":"zt7njkn8tdogrgo","operationId":"vji42c34c457ccn"}
{"type":"log","timestamp":1718998450147,"level":"info","message":"Starting rendering (child) request","meta":{"rootId":"mx6dew6togkyic9","id":"mbig48uhn31ddai"},"id":"2cvr2gvftzgu6p9","previousOperationId":"vji42c34c457ccn"}
{"type":"log","timestamp":1718998450147,"level":"info","message":"Rendering anonymous template { recipe: html, engine: handlebars }","meta":{"rootId":"mx6dew6togkyic9","id":"mbig48uhn31ddai"},"id":"szic4mjgauyb77d","previousOperationId":"vji42c34c457ccn"}
{"type":"log","timestamp":1718998450147,"level":"debug","message":"Inline data specified.","meta":{"rootId":"mx6dew6togkyic9","id":"mbig48uhn31ddai"},"id":"uuwf6l6ctfpmyg5","previousOperationId":"vji42c34c457ccn"}
{"type":"log","timestamp":1718998450147,"level":"debug","message":"Base url not specified, skipping its injection.","meta":{"rootId":"mx6dew6togkyic9","id":"mbig48uhn31ddai"},"id":"483ksr2kyps93op","previousOperationId":"vji42c34c457ccn"}
{"type":"operationStart","subtype":"engine","name":"handlebars","timestamp":1718998450147,"id":"zq8bgoeyj6zuyng","previousEventId":"bcmgs5adprkbm4c","operationId":"sug13x0crvk1i4z","previousOperationId":"vji42c34c457ccn"}
{"type":"log","timestamp":1718998450147,"level":"debug","message":"Rendering engine handlebars","meta":{"rootId":"mx6dew6togkyic9","id":"mbig48uhn31ddai"},"id":"3iybsn901l9963w","previousOperationId":"sug13x0crvk1i4z"}
{"type":"operationEnd","operationId":"sug13x0crvk1i4z","timestamp":1718998450151,"id":"hypcrxevo03mn7r","previousEventId":"zq8bgoeyj6zuyng","previousOperationId":"sug13x0crvk1i4z"}
{"type":"operationStart","subtype":"recipe","name":"html","timestamp":1718998450151,"id":"pb1hkdcbpli1a7z","previousEventId":"hypcrxevo03mn7r","operationId":"uhjv1wodtwuux3q","previousOperationId":"sug13x0crvk1i4z"}
{"type":"log","timestamp":1718998450151,"level":"debug","message":"Executing recipe html","meta":{"rootId":"mx6dew6togkyic9","id":"mbig48uhn31ddai"},"id":"e6oqvhub3gwy87q","previousOperationId":"uhjv1wodtwuux3q"}
{"type":"operationEnd","operationId":"uhjv1wodtwuux3q","timestamp":1718998450151,"id":"g3euzmrqi4uxb1j","previousEventId":"pb1hkdcbpli1a7z","previousOperationId":"uhjv1wodtwuux3q"}
{"type":"log","timestamp":1718998450151,"level":"debug","message":"Skipping storing report.","meta":{"rootId":"mx6dew6togkyic9","id":"mbig48uhn31ddai"},"id":"9wq3ywys0jzx6c6","previousOperationId":"uhjv1wodtwuux3q"}
{"type":"log","timestamp":1718998450151,"level":"info","message":"Rendering (child) request finished in 638 ms","meta":{"rootId":"mx6dew6togkyic9","id":"mbig48uhn31ddai"},"id":"8sl42x3vcpfw27e","previousOperationId":"uhjv1wodtwuux3q"}
{"type":"operationEnd","subtype":"render","operationId":"vji42c34c457ccn","timestamp":1718998450151,"id":"0qnufyik6t26xwe","previousEventId":"g3euzmrqi4uxb1j","previousOperationId":"uhjv1wodtwuux3q"}
{"type":"log","timestamp":1718998450153,"level":"debug","message":"Converting with chrome Chrome/126.0.6478.61 using chrome-pool strategy","meta":{"rootId":"mx6dew6togkyic9","id":"mx6dew6togkyic9"},"id":"4rt4o4617sq5jyz","previousOperationId":"y90tfe8m611oagg"}
{"type":"log","timestamp":1718998450196,"level":"debug","message":"Page request: GET (document) file:///var/folders/2x/1bhfw9mx7d775w_jmf56lcp80000gn/T/jsreport/autocleanup/01ea4291-9963-4378-abb2-9fb2f82aacec-chrome-pdf.html","meta":{"rootId":"mx6dew6togkyic9","id":"mx6dew6togkyic9"},"id":"b0nsoga5fvtbbvt","previousOperationId":"y90tfe8m611oagg"}
{"type":"log","timestamp":1718998450203,"level":"debug","message":"Page request finished: GET (document) 200 file:///var/folders/2x/1bhfw9mx7d775w_jmf56lcp80000gn/T/jsreport/autocleanup/01ea4291-9963-4378-abb2-9fb2f82aacec-chrome-pdf.html","meta":{"rootId":"mx6dew6togkyic9","id":"mx6dew6togkyic9"},"id":"cip74y5o2h05lci","previousOperationId":"y90tfe8m611oagg"}
{"type":"log","timestamp":1718998450203,"level":"debug","message":"Page request: GET (stylesheet) https://cdnjs.cloudflare.com/ajax/libs/metro/4.1.5/css/metro.min.css","meta":{"rootId":"mx6dew6togkyic9","id":"mx6dew6togkyic9"},"id":"gbyd12qw0cn3gzr","previousOperationId":"y90tfe8m611oagg"}
{"type":"log","timestamp":1718998450203,"level":"debug","message":"Page request: GET (script) https://cdnjs.cloudflare.com/ajax/libs/Chart.js/2.7.2/Chart.min.js","meta":{"rootId":"mx6dew6togkyic9","id":"mx6dew6togkyic9"},"id":"4sd0wtcatq635u2","previousOperationId":"y90tfe8m611oagg"}
{"type":"log","timestamp":1718998450213,"level":"debug","message":"Page request finished: GET (stylesheet) 200 https://cdnjs.cloudflare.com/ajax/libs/metro/4.1.5/css/metro.min.css","meta":{"rootId":"mx6dew6togkyic9","id":"mx6dew6togkyic9"},"id":"jkc6mto7i8kg843","previousOperationId":"y90tfe8m611oagg"}
{"type":"log","timestamp":1718998450213,"level":"debug","message":"Page request finished: GET (script) 200 https://cdnjs.cloudflare.com/ajax/libs/Chart.js/2.7.2/Chart.min.js","meta":{"rootId":"mx6dew6togkyic9","id":"mx6dew6togkyic9"},"id":"6u7nmu7h2x8rrhw","previousOperationId":"y90tfe8m611oagg"}
{"type":"log","timestamp":1718998450258,"level":"debug","message":"Running chrome with params {\"printBackground\":true,\"marginTop\":\"4cm\",\"marginRight\":\"1.5cm\",\"marginBottom\":\"1.5cm\",\"marginLeft\":\"1.5cm\",\"waitForJS\":false,\"headerTemplate\":\"...\",\"timeout\":59362,\"margin\":{\"top\":\"4cm\",\"right\":\"1.5cm\",\"bottom\":\"1.5cm\",\"left\":\"1.5cm\"}}","meta":{"rootId":"mx6dew6togkyic9","id":"mx6dew6togkyic9"},"id":"pfevan4uy4t373j","previousOperationId":"y90tfe8m611oagg"}
{"type":"operationEnd","operationId":"y90tfe8m611oagg","timestamp":1718998450410,"id":"0hn6ufa2r2twsiz","previousEventId":"zt7njkn8tdogrgo","previousOperationId":"y90tfe8m611oagg"}
{"type":"log","timestamp":1718998450410,"level":"info","message":"pdf-utils is starting pdf processing","meta":{"rootId":"mx6dew6togkyic9","id":"mx6dew6togkyic9"},"id":"lsb9mqc778a186w","previousOperationId":"y90tfe8m611oagg"}
{"type":"operationStart","subtype":"pdfUtils","name":"pdf utils","timestamp":1718998450411,"id":"2doruvc2vbp7v0x","previousEventId":"0hn6ufa2r2twsiz","operationId":"0ikfc9tfikeowgp","previousOperationId":"y90tfe8m611oagg"}
{"type":"log","timestamp":1718998450411,"level":"debug","message":"pdf-utils detected 1 pdf operation(s) to process","meta":{"rootId":"mx6dew6togkyic9","id":"mx6dew6togkyic9"},"id":"itioau0dyybvf8w","previousOperationId":"0ikfc9tfikeowgp"}
{"type":"log","timestamp":1718998450425,"level":"debug","message":"pdf-utils running pdf operation merge","meta":{"rootId":"mx6dew6togkyic9","id":"mx6dew6togkyic9"},"id":"aphygpujsn61n58","previousOperationId":"0ikfc9tfikeowgp"}
{"type":"operationStart","subtype":"pdfUtilsMerge","name":"pdf utils merge","previousOperationId":"0ikfc9tfikeowgp","timestamp":1718998450425,"id":"yt39tj2xd8ksho3","previousEventId":"2doruvc2vbp7v0x","operationId":"k6ecx0jlwx1cw27"}
{"type":"operationStart","subtype":"render","name":"orders-header","previousOperationId":"k6ecx0jlwx1cw27","timestamp":1718998450428,"id":"a1l54pjf8hsjkg8","previousEventId":"yt39tj2xd8ksho3","operationId":"3yd04mg8slvwc03"}
{"type":"log","timestamp":1718998450428,"level":"info","message":"Starting rendering (child) request","meta":{"rootId":"mx6dew6togkyic9","id":"tvc24ofdfvny78s"},"id":"86ao8qxv7yth6k5","previousOperationId":"3yd04mg8slvwc03"}
{"type":"log","timestamp":1718998450428,"level":"info","message":"Rendering template { name: orders-header, recipe: chrome-pdf, engine: handlebars, preview: false }","meta":{"rootId":"mx6dew6togkyic9","id":"tvc24ofdfvny78s"},"id":"c7cmd35vlxmuj11","previousOperationId":"3yd04mg8slvwc03"}
{"type":"log","timestamp":1718998450429,"level":"debug","message":"Inline data specified.","meta":{"rootId":"mx6dew6togkyic9","id":"tvc24ofdfvny78s"},"id":"u392l14ukn00rk7","previousOperationId":"3yd04mg8slvwc03"}
{"type":"log","timestamp":1718998450430,"level":"debug","message":"Base url not specified, skipping its injection.","meta":{"rootId":"mx6dew6togkyic9","id":"tvc24ofdfvny78s"},"id":"menita28tsi0sxh","previousOperationId":"3yd04mg8slvwc03"}
{"type":"operationStart","subtype":"engine","name":"handlebars","timestamp":1718998450430,"id":"qlulvvbefgjkd5d","previousEventId":"a1l54pjf8hsjkg8","operationId":"pcymp6afte51k7o","previousOperationId":"3yd04mg8slvwc03"}
{"type":"log","timestamp":1718998450430,"level":"debug","message":"Rendering engine handlebars","meta":{"rootId":"mx6dew6togkyic9","id":"tvc24ofdfvny78s"},"id":"rt1w912j4ngd6ps","previousOperationId":"pcymp6afte51k7o"}
{"type":"operationEnd","operationId":"pcymp6afte51k7o","timestamp":1718998450432,"id":"q3o80os54g2frxl","previousEventId":"qlulvvbefgjkd5d","previousOperationId":"pcymp6afte51k7o"}
{"type":"operationStart","subtype":"recipe","name":"chrome-pdf","timestamp":1718998450432,"id":"dtrmyuapnnuycs1","previousEventId":"q3o80os54g2frxl","operationId":"fflmyjlpge83atc","previousOperationId":"pcymp6afte51k7o"}
{"type":"log","timestamp":1718998450432,"level":"debug","message":"Executing recipe chrome-pdf","meta":{"rootId":"mx6dew6togkyic9","id":"tvc24ofdfvny78s"},"id":"rw2ix8z1h6qezop","previousOperationId":"fflmyjlpge83atc"}
{"type":"log","timestamp":1718998450433,"level":"debug","message":"Converting with chrome Chrome/126.0.6478.61 using chrome-pool strategy","meta":{"rootId":"mx6dew6togkyic9","id":"tvc24ofdfvny78s"},"id":"zci9nal7u0a54qg","previousOperationId":"fflmyjlpge83atc"}
{"type":"log","timestamp":1718998450449,"level":"debug","message":"Page request: GET (document) file:///var/folders/2x/1bhfw9mx7d775w_jmf56lcp80000gn/T/jsreport/autocleanup/41f26e10-f194-413c-ac73-4b32f83eb470-chrome-pdf.html","meta":{"rootId":"mx6dew6togkyic9","id":"tvc24ofdfvny78s"},"id":"sf6awlh852pz3yz","previousOperationId":"fflmyjlpge83atc"}
{"type":"log","timestamp":1718998450453,"level":"debug","message":"Page request finished: GET (document) 200 file:///var/folders/2x/1bhfw9mx7d775w_jmf56lcp80000gn/T/jsreport/autocleanup/41f26e10-f194-413c-ac73-4b32f83eb470-chrome-pdf.html","meta":{"rootId":"mx6dew6togkyic9","id":"tvc24ofdfvny78s"},"id":"ljyst6ddv41zkp7","previousOperationId":"fflmyjlpge83atc"}
{"type":"log","timestamp":1718998450453,"level":"debug","message":"Page request: GET (stylesheet) https://cdnjs.cloudflare.com/ajax/libs/metro/4.1.5/css/metro.min.css","meta":{"rootId":"mx6dew6togkyic9","id":"tvc24ofdfvny78s"},"id":"xkl2vrjdpb9zkzr","previousOperationId":"fflmyjlpge83atc"}
{"type":"log","timestamp":1718998450459,"level":"debug","message":"Page request finished: GET (stylesheet) 200 https://cdnjs.cloudflare.com/ajax/libs/metro/4.1.5/css/metro.min.css","meta":{"rootId":"mx6dew6togkyic9","id":"tvc24ofdfvny78s"},"id":"deu1f0ao8oy6xn0","previousOperationId":"fflmyjlpge83atc"}
{"type":"log","timestamp":1718998450480,"level":"debug","message":"Running chrome with params {\"printBackground\":true,\"marginTop\":\"1.5cm\",\"marginRight\":\"1.5cm\",\"marginLeft\":\"1.cm\",\"timeout\":59081,\"margin\":{\"top\":\"1.5cm\",\"right\":\"1.5cm\",\"left\":\"1.cm\"}}","meta":{"rootId":"mx6dew6togkyic9","id":"tvc24ofdfvny78s"},"id":"6k6gcd6m98trtn2","previousOperationId":"fflmyjlpge83atc"}
{"type":"operationEnd","operationId":"fflmyjlpge83atc","timestamp":1718998450587,"id":"ght9fxc5h54ooko","previousEventId":"dtrmyuapnnuycs1","previousOperationId":"fflmyjlpge83atc"}
{"type":"log","timestamp":1718998450587,"level":"debug","message":"Skipping storing report.","meta":{"rootId":"mx6dew6togkyic9","id":"tvc24ofdfvny78s"},"id":"yb1vr5b6cbeixgr","previousOperationId":"fflmyjlpge83atc"}
{"type":"log","timestamp":1718998450587,"level":"info","message":"Rendering (child) request finished in 1074 ms","meta":{"rootId":"mx6dew6togkyic9","id":"tvc24ofdfvny78s"},"id":"iiypevn025iftzh","previousOperationId":"fflmyjlpge83atc"}
{"type":"operationEnd","subtype":"render","operationId":"3yd04mg8slvwc03","timestamp":1718998450587,"id":"ffj5ndcbvnovz3y","previousEventId":"ght9fxc5h54ooko","previousOperationId":"fflmyjlpge83atc"}
{"type":"operationEnd","operationId":"k6ecx0jlwx1cw27","timestamp":1718998450600,"id":"j20t6j9eg3k3uz6","previousEventId":"yt39tj2xd8ksho3","previousOperationId":"k6ecx0jlwx1cw27"}
{"type":"log","timestamp":1718998450600,"level":"debug","message":"pdf-utils postprocess start","meta":{"rootId":"mx6dew6togkyic9","id":"mx6dew6togkyic9"},"id":"7faqu3t6pmzggux","previousOperationId":"k6ecx0jlwx1cw27"}
{"type":"log","timestamp":1718998450616,"level":"debug","message":"pdf-utils postprocess end","meta":{"rootId":"mx6dew6togkyic9","id":"mx6dew6togkyic9"},"id":"3ugp2nho8j0i31c","previousOperationId":"k6ecx0jlwx1cw27"}
{"type":"operationEnd","operationId":"0ikfc9tfikeowgp","timestamp":1718998450616,"id":"241l2tifu0afj3s","previousEventId":"j20t6j9eg3k3uz6","previousOperationId":"k6ecx0jlwx1cw27"}
{"type":"log","timestamp":1718998450617,"level":"info","message":"pdf-utils pdf processing was finished","meta":{"rootId":"mx6dew6togkyic9","id":"mx6dew6togkyic9"},"id":"r6aqm8rt0ufce42","previousOperationId":"0ikfc9tfikeowgp"}
{"type":"log","timestamp":1718998450617,"level":"debug","message":"Skipping storing report.","meta":{"rootId":"mx6dew6togkyic9","id":"mx6dew6togkyic9"},"id":"jrnavmbjdbmmnfg","previousOperationId":"0ikfc9tfikeowgp"}
{"type":"log","timestamp":1718998450617,"level":"info","message":"Rendering request 42 finished in 1104 ms","meta":{"rootId":"mx6dew6togkyic9","id":"mx6dew6togkyic9"},"id":"uuxjjhsjlhbc7ff","previousOperationId":"0ikfc9tfikeowgp"}
{"type":"operationEnd","subtype":"render","operationId":"9k7xplu6t65n7z6","timestamp":1718998450617,"id":"btlgd0q7307acdo","previousEventId":"241l2tifu0afj3s","previousOperationId":"0ikfc9tfikeowgp"}
{"type":"operationEnd","doDiffs":false,"previousEventId":"1thohd5o040xfap","previousOperationId":"f3ditp015n094hx","operationId":"f3ditp015n094hx","timestamp":1718998450618,"id":"cx9ui29kpyz27cb"}
