{"type":"operationStart","subtype":"profile","data":{"_id":"Pa4aOd1ND6A6LdpK","timestamp":"2024-06-21T15:36:15.888Z","state":"queued","mode":"standard","creationDate":"2024-06-21T15:36:15.891Z","modificationDate":"2024-06-21T15:36:15.891Z","shortid":"yAgzSfk","$entitySet":"profiles"},"doDiffs":false,"timestamp":1718984175889,"id":"a6k2ozesetu91yb","previousOperationId":null,"operationId":"w6t0z1fkdf4t9zr"}
{"type":"log","level":"info","message":"Render request 4 queued for execution and waiting for available worker","previousOperationId":"w6t0z1fkdf4t9zr","timestamp":1718984175890,"id":"ji8ko7k4yozvist"}
{"type":"operationStart","subtype":"render","name":"orders-main","previousOperationId":"w6t0z1fkdf4t9zr","timestamp":1718984175907,"id":"v6kelbljpjligdp","previousEventId":"a6k2ozesetu91yb","operationId":"vhpzzasniol07c7"}
{"type":"log","timestamp":1718984175908,"level":"info","message":"Starting rendering request 4","meta":{"rootId":"ntw6ya3uk8hcdt2","id":"ntw6ya3uk8hcdt2"},"id":"rcpaj9y5cwr177j","previousOperationId":"vhpzzasniol07c7"}
{"type":"log","timestamp":1718984175909,"level":"info","message":"Rendering template { name: orders-main, recipe: chrome-pdf, engine: handlebars, preview: true }","meta":{"rootId":"ntw6ya3uk8hcdt2","id":"ntw6ya3uk8hcdt2"},"id":"bcbb1hn3m092j0v","previousOperationId":"vhpzzasniol07c7"}
{"type":"log","timestamp":1718984175910,"level":"debug","message":"Data item not defined for this template.","meta":{"rootId":"ntw6ya3uk8hcdt2","id":"ntw6ya3uk8hcdt2"},"id":"pstegw17g2qbfcr","previousOperationId":"vhpzzasniol07c7"}
{"type":"log","timestamp":1718984175912,"level":"debug","message":"Executing script orders-script (beforeRender)","meta":{"rootId":"ntw6ya3uk8hcdt2","id":"ntw6ya3uk8hcdt2"},"id":"l62jkamzqc87gmb","previousOperationId":"vhpzzasniol07c7"}
{"type":"operationStart","subtype":"scriptsBeforeRender","name":"scripts beforeRender","timestamp":1718984175947,"id":"psv15xufng5qpjn","previousEventId":"v6kelbljpjligdp","operationId":"9clnqcdgpbqlguf","previousOperationId":"vhpzzasniol07c7"}
{"type":"operationStart","subtype":"script","name":"scripts orders-script","previousOperationId":"9clnqcdgpbqlguf","timestamp":1718984175947,"id":"9rb2xjbqti3i9nn","previousEventId":"psv15xufng5qpjn","operationId":"pgwq2dioi26kwix"}
{"type":"operationEnd","operationId":"pgwq2dioi26kwix","timestamp":1718984177815,"id":"lizrflcnoth517x","previousEventId":"v6kelbljpjligdp","previousOperationId":"vhpzzasniol07c7"}
{"type":"operationEnd","operationId":"9clnqcdgpbqlguf","timestamp":1718984177815,"id":"j4w9gr1xlz4n1py","previousEventId":"lizrflcnoth517x","previousOperationId":"vhpzzasniol07c7"}
{"type":"log","timestamp":1718984177815,"level":"debug","message":"Base url not specified, skipping its injection.","meta":{"rootId":"ntw6ya3uk8hcdt2","id":"ntw6ya3uk8hcdt2"},"id":"725qc2u7u7urlw5","previousOperationId":"9clnqcdgpbqlguf"}
{"type":"operationStart","subtype":"engine","name":"handlebars","timestamp":1718984177815,"id":"mg8m4ip800th8mv","previousEventId":"j4w9gr1xlz4n1py","operationId":"bi9c0x9ccwhqekq","previousOperationId":"9clnqcdgpbqlguf"}
{"type":"log","timestamp":1718984177815,"level":"debug","message":"Rendering engine handlebars","meta":{"rootId":"ntw6ya3uk8hcdt2","id":"ntw6ya3uk8hcdt2"},"id":"9uu2mtw4idi7gxt","previousOperationId":"bi9c0x9ccwhqekq"}
{"type":"log","timestamp":1718984177834,"level":"debug","message":"(console:log) Pdf utils adding group field, value: \"France\"","meta":{"userLevel":true,"rootId":"ntw6ya3uk8hcdt2","id":"ntw6ya3uk8hcdt2"},"id":"coyugu2hpoe15ci","previousOperationId":"bi9c0x9ccwhqekq"}
{"type":"log","timestamp":1718984177837,"level":"debug","message":"(console:log) Pdf utils adding group field, value: \"Germany\"","meta":{"userLevel":true,"rootId":"ntw6ya3uk8hcdt2","id":"ntw6ya3uk8hcdt2"},"id":"vwpmijdk5pevuuz","previousOperationId":"bi9c0x9ccwhqekq"}
{"type":"operationEnd","operationId":"bi9c0x9ccwhqekq","timestamp":1718984177837,"id":"yqj8glm2jor44dc","previousEventId":"mg8m4ip800th8mv","previousOperationId":"bi9c0x9ccwhqekq"}
{"type":"operationStart","subtype":"recipe","name":"chrome-pdf","timestamp":1718984177838,"id":"tgery4a1xn4o90l","previousEventId":"yqj8glm2jor44dc","operationId":"kb3uki7mb7ueznp","previousOperationId":"bi9c0x9ccwhqekq"}
{"type":"log","timestamp":1718984177838,"level":"debug","message":"Executing recipe chrome-pdf","meta":{"rootId":"ntw6ya3uk8hcdt2","id":"ntw6ya3uk8hcdt2"},"id":"2w76cuimvbxi1af","previousOperationId":"kb3uki7mb7ueznp"}
{"type":"log","timestamp":1718984177848,"level":"debug","message":"Converting with chrome Chrome/126.0.6478.61 using chrome-pool strategy","meta":{"rootId":"ntw6ya3uk8hcdt2","id":"ntw6ya3uk8hcdt2"},"id":"clr5uuecme23cky","previousOperationId":"kb3uki7mb7ueznp"}
{"type":"log","timestamp":1718984177982,"level":"debug","message":"Page request: GET (document) file:///var/folders/2x/1bhfw9mx7d775w_jmf56lcp80000gn/T/jsreport/autocleanup/d58f4613-3dcc-4702-ab4c-a2d7459f63e7-chrome-pdf.html","meta":{"rootId":"ntw6ya3uk8hcdt2","id":"ntw6ya3uk8hcdt2"},"id":"q1tb018x6143038","previousOperationId":"kb3uki7mb7ueznp"}
{"type":"log","timestamp":1718984177990,"level":"debug","message":"Page request: GET (stylesheet) https://cdnjs.cloudflare.com/ajax/libs/metro/4.1.5/css/metro.min.css","meta":{"rootId":"ntw6ya3uk8hcdt2","id":"ntw6ya3uk8hcdt2"},"id":"xbr3hyq2iz9xvbr","previousOperationId":"kb3uki7mb7ueznp"}
{"type":"log","timestamp":1718984177990,"level":"debug","message":"Page request: GET (script) https://cdnjs.cloudflare.com/ajax/libs/Chart.js/2.7.2/Chart.min.js","meta":{"rootId":"ntw6ya3uk8hcdt2","id":"ntw6ya3uk8hcdt2"},"id":"09t4c7thznrc4uf","previousOperationId":"kb3uki7mb7ueznp"}
{"type":"log","timestamp":1718984177990,"level":"debug","message":"Page request finished: GET (document) 200 file:///var/folders/2x/1bhfw9mx7d775w_jmf56lcp80000gn/T/jsreport/autocleanup/d58f4613-3dcc-4702-ab4c-a2d7459f63e7-chrome-pdf.html","meta":{"rootId":"ntw6ya3uk8hcdt2","id":"ntw6ya3uk8hcdt2"},"id":"cflxkgh4xt59jwe","previousOperationId":"kb3uki7mb7ueznp"}
{"type":"log","timestamp":1718984178574,"level":"debug","message":"Page request finished: GET (stylesheet) 200 https://cdnjs.cloudflare.com/ajax/libs/metro/4.1.5/css/metro.min.css","meta":{"rootId":"ntw6ya3uk8hcdt2","id":"ntw6ya3uk8hcdt2"},"id":"f59905pneeqg96d","previousOperationId":"kb3uki7mb7ueznp"}
{"type":"log","timestamp":1718984178575,"level":"debug","message":"Page request finished: GET (script) 200 https://cdnjs.cloudflare.com/ajax/libs/Chart.js/2.7.2/Chart.min.js","meta":{"rootId":"ntw6ya3uk8hcdt2","id":"ntw6ya3uk8hcdt2"},"id":"glh6m29slg99jle","previousOperationId":"kb3uki7mb7ueznp"}
{"type":"log","timestamp":1718984178650,"level":"debug","message":"Running chrome with params {\"printBackground\":true,\"marginTop\":\"4cm\",\"marginRight\":\"1.5cm\",\"marginBottom\":\"1.5cm\",\"marginLeft\":\"1.5cm\",\"waitForJS\":false,\"timeout\":58045,\"margin\":{\"top\":\"4cm\",\"right\":\"1.5cm\",\"bottom\":\"1.5cm\",\"left\":\"1.5cm\"}}","meta":{"rootId":"ntw6ya3uk8hcdt2","id":"ntw6ya3uk8hcdt2"},"id":"lj4nngsir0gx2rx","previousOperationId":"kb3uki7mb7ueznp"}
{"type":"operationEnd","operationId":"kb3uki7mb7ueznp","timestamp":1718984178983,"id":"wwo5hxsjzf83zkz","previousEventId":"tgery4a1xn4o90l","previousOperationId":"kb3uki7mb7ueznp"}
{"type":"log","timestamp":1718984178983,"level":"info","message":"pdf-utils is starting pdf processing","meta":{"rootId":"ntw6ya3uk8hcdt2","id":"ntw6ya3uk8hcdt2"},"id":"etc47mfckexjrih","previousOperationId":"kb3uki7mb7ueznp"}
{"type":"operationStart","subtype":"pdfUtils","name":"pdf utils","timestamp":1718984179066,"id":"t1cumemg3u25fye","previousEventId":"wwo5hxsjzf83zkz","operationId":"wf89fsdinw22wiq","previousOperationId":"kb3uki7mb7ueznp"}
{"type":"log","timestamp":1718984179066,"level":"debug","message":"pdf-utils detected 1 pdf operation(s) to process","meta":{"rootId":"ntw6ya3uk8hcdt2","id":"ntw6ya3uk8hcdt2"},"id":"lksa31r4tm65rur","previousOperationId":"wf89fsdinw22wiq"}
{"type":"log","timestamp":1718984179089,"level":"debug","message":"pdf-utils running pdf operation merge","meta":{"rootId":"ntw6ya3uk8hcdt2","id":"ntw6ya3uk8hcdt2"},"id":"85oydgzn6k2xv0c","previousOperationId":"wf89fsdinw22wiq"}
{"type":"operationStart","subtype":"pdfUtilsMerge","name":"pdf utils merge","previousOperationId":"wf89fsdinw22wiq","timestamp":1718984179089,"id":"9u6x3xqpskolgjx","previousEventId":"t1cumemg3u25fye","operationId":"5kw3gvigoozgbac"}
{"type":"operationStart","subtype":"render","name":"orders-header","previousOperationId":"5kw3gvigoozgbac","timestamp":1718984179091,"id":"atuh4hpdeiufx3y","previousEventId":"9u6x3xqpskolgjx","operationId":"r3k7ycmxcuk9e2j"}
{"type":"log","timestamp":1718984179091,"level":"info","message":"Starting rendering (child) request","meta":{"rootId":"ntw6ya3uk8hcdt2","id":"leo90fhub37wt59"},"id":"0zg3x6de2kt9594","previousOperationId":"r3k7ycmxcuk9e2j"}
{"type":"log","timestamp":1718984179091,"level":"info","message":"Rendering template { name: orders-header, recipe: chrome-pdf, engine: handlebars, preview: true }","meta":{"rootId":"ntw6ya3uk8hcdt2","id":"leo90fhub37wt59"},"id":"rpict2kaxoncpe2","previousOperationId":"r3k7ycmxcuk9e2j"}
{"type":"log","timestamp":1718984179093,"level":"debug","message":"Inline data specified.","meta":{"rootId":"ntw6ya3uk8hcdt2","id":"leo90fhub37wt59"},"id":"z9dbc20dj3v87h8","previousOperationId":"r3k7ycmxcuk9e2j"}
{"type":"log","timestamp":1718984179094,"level":"debug","message":"Base url not specified, skipping its injection.","meta":{"rootId":"ntw6ya3uk8hcdt2","id":"leo90fhub37wt59"},"id":"hcta7tdgtuhvb2w","previousOperationId":"r3k7ycmxcuk9e2j"}
{"type":"operationStart","subtype":"engine","name":"handlebars","timestamp":1718984179094,"id":"9vaw8ulidf24afl","previousEventId":"atuh4hpdeiufx3y","operationId":"z5h1ttozn6ubaki","previousOperationId":"r3k7ycmxcuk9e2j"}
{"type":"log","timestamp":1718984179094,"level":"debug","message":"Rendering engine handlebars","meta":{"rootId":"ntw6ya3uk8hcdt2","id":"leo90fhub37wt59"},"id":"dcdgkxjh040fva9","previousOperationId":"z5h1ttozn6ubaki"}
{"type":"operationEnd","operationId":"z5h1ttozn6ubaki","timestamp":1718984179133,"id":"vywito5vv0nsn60","previousEventId":"9vaw8ulidf24afl","previousOperationId":"z5h1ttozn6ubaki"}
{"type":"operationStart","subtype":"recipe","name":"chrome-pdf","timestamp":1718984179133,"id":"pe4l4jlgtwq468r","previousEventId":"vywito5vv0nsn60","operationId":"stwmsbs7j3q6220","previousOperationId":"z5h1ttozn6ubaki"}
{"type":"log","timestamp":1718984179133,"level":"debug","message":"Executing recipe chrome-pdf","meta":{"rootId":"ntw6ya3uk8hcdt2","id":"leo90fhub37wt59"},"id":"b9v4kr0cu2n2261","previousOperationId":"stwmsbs7j3q6220"}
{"type":"log","timestamp":1718984179134,"level":"debug","message":"Converting with chrome Chrome/126.0.6478.61 using chrome-pool strategy","meta":{"rootId":"ntw6ya3uk8hcdt2","id":"leo90fhub37wt59"},"id":"ns1emcs9enpid38","previousOperationId":"stwmsbs7j3q6220"}
{"type":"log","timestamp":1718984179151,"level":"debug","message":"Page request: GET (document) file:///var/folders/2x/1bhfw9mx7d775w_jmf56lcp80000gn/T/jsreport/autocleanup/18156e7f-3428-4a6e-97e9-2f6f4b2b88d5-chrome-pdf.html","meta":{"rootId":"ntw6ya3uk8hcdt2","id":"leo90fhub37wt59"},"id":"im872ighlk07vxg","previousOperationId":"stwmsbs7j3q6220"}
{"type":"log","timestamp":1718984179157,"level":"debug","message":"Page request finished: GET (document) 200 file:///var/folders/2x/1bhfw9mx7d775w_jmf56lcp80000gn/T/jsreport/autocleanup/18156e7f-3428-4a6e-97e9-2f6f4b2b88d5-chrome-pdf.html","meta":{"rootId":"ntw6ya3uk8hcdt2","id":"leo90fhub37wt59"},"id":"suqzyqjp9tkgtsy","previousOperationId":"stwmsbs7j3q6220"}
{"type":"log","timestamp":1718984179158,"level":"debug","message":"Page request: GET (stylesheet) https://cdnjs.cloudflare.com/ajax/libs/metro/4.1.5/css/metro.min.css","meta":{"rootId":"ntw6ya3uk8hcdt2","id":"leo90fhub37wt59"},"id":"ycghfcx9g7e1qlo","previousOperationId":"stwmsbs7j3q6220"}
{"type":"log","timestamp":1718984179164,"level":"debug","message":"Page request finished: GET (stylesheet) 200 https://cdnjs.cloudflare.com/ajax/libs/metro/4.1.5/css/metro.min.css","meta":{"rootId":"ntw6ya3uk8hcdt2","id":"leo90fhub37wt59"},"id":"df25yy2w4xji51u","previousOperationId":"stwmsbs7j3q6220"}
{"type":"log","timestamp":1718984179185,"level":"debug","message":"Running chrome with params {\"printBackground\":true,\"marginTop\":\"1.5cm\",\"marginRight\":\"1.5cm\",\"marginLeft\":\"1.cm\",\"timeout\":56750,\"margin\":{\"top\":\"1.5cm\",\"right\":\"1.5cm\",\"left\":\"1.cm\"}}","meta":{"rootId":"ntw6ya3uk8hcdt2","id":"leo90fhub37wt59"},"id":"bktsvlp6k2flg91","previousOperationId":"stwmsbs7j3q6220"}
{"type":"operationEnd","operationId":"stwmsbs7j3q6220","timestamp":1718984179290,"id":"ghjm1p5589yoel9","previousEventId":"pe4l4jlgtwq468r","previousOperationId":"stwmsbs7j3q6220"}
{"type":"log","timestamp":1718984179290,"level":"debug","message":"Skipping storing report.","meta":{"rootId":"ntw6ya3uk8hcdt2","id":"leo90fhub37wt59"},"id":"frxi3dzuz3g0op8","previousOperationId":"stwmsbs7j3q6220"}
{"type":"log","timestamp":1718984179290,"level":"info","message":"Rendering (child) request finished in 3406 ms","meta":{"rootId":"ntw6ya3uk8hcdt2","id":"leo90fhub37wt59"},"id":"fbo7vx83apj2pq5","previousOperationId":"stwmsbs7j3q6220"}
{"type":"operationEnd","subtype":"render","operationId":"r3k7ycmxcuk9e2j","timestamp":1718984179290,"id":"7ul6q0whzb3r7xk","previousEventId":"ghjm1p5589yoel9","previousOperationId":"stwmsbs7j3q6220"}
{"type":"operationEnd","operationId":"5kw3gvigoozgbac","timestamp":1718984179308,"id":"qg63lyxtshwkr67","previousEventId":"9u6x3xqpskolgjx","previousOperationId":"5kw3gvigoozgbac"}
{"type":"log","timestamp":1718984179308,"level":"debug","message":"pdf-utils postprocess start","meta":{"rootId":"ntw6ya3uk8hcdt2","id":"ntw6ya3uk8hcdt2"},"id":"6mi237rqd2ia1j4","previousOperationId":"5kw3gvigoozgbac"}
{"type":"log","timestamp":1718984179328,"level":"debug","message":"pdf-utils postprocess end","meta":{"rootId":"ntw6ya3uk8hcdt2","id":"ntw6ya3uk8hcdt2"},"id":"bs79f1g0l6s9t1m","previousOperationId":"5kw3gvigoozgbac"}
{"type":"operationEnd","operationId":"wf89fsdinw22wiq","timestamp":1718984179328,"id":"bz3l1li3zrt04uw","previousEventId":"qg63lyxtshwkr67","previousOperationId":"5kw3gvigoozgbac"}
{"type":"log","timestamp":1718984179328,"level":"info","message":"pdf-utils pdf processing was finished","meta":{"rootId":"ntw6ya3uk8hcdt2","id":"ntw6ya3uk8hcdt2"},"id":"f1skjh58fq3evax","previousOperationId":"wf89fsdinw22wiq"}
{"type":"log","timestamp":1718984179328,"level":"debug","message":"Skipping storing report.","meta":{"rootId":"ntw6ya3uk8hcdt2","id":"ntw6ya3uk8hcdt2"},"id":"w63s2mj8w7sk2f0","previousOperationId":"wf89fsdinw22wiq"}
{"type":"log","timestamp":1718984179328,"level":"info","message":"Rendering request 4 finished in 3444 ms","meta":{"rootId":"ntw6ya3uk8hcdt2","id":"ntw6ya3uk8hcdt2"},"id":"s3gyedoi2ybhx89","previousOperationId":"wf89fsdinw22wiq"}
{"type":"operationEnd","subtype":"render","operationId":"vhpzzasniol07c7","timestamp":1718984179328,"id":"p8oyxpe338xd2sa","previousEventId":"bz3l1li3zrt04uw","previousOperationId":"wf89fsdinw22wiq"}
{"type":"operationEnd","doDiffs":false,"previousEventId":"a6k2ozesetu91yb","previousOperationId":"w6t0z1fkdf4t9zr","operationId":"w6t0z1fkdf4t9zr","timestamp":1718984179331,"id":"xb6vwl7n5yrhyqd"}
