{"type":"operationStart","subtype":"profile","data":{"_id":"taVaIOyBaCy3klmq","timestamp":"2024-06-21T19:26:16.601Z","state":"queued","mode":"standard","creationDate":"2024-06-21T19:26:16.603Z","modificationDate":"2024-06-21T19:26:16.603Z","shortid":"_VtfS3o","$entitySet":"profiles"},"doDiffs":false,"timestamp":1718997976602,"id":"smgdpof5xpoaiav","previousOperationId":null,"operationId":"if9ubck8oi71g0i"}
{"type":"log","level":"info","message":"Render request 28 queued for execution and waiting for available worker","previousOperationId":"if9ubck8oi71g0i","timestamp":1718997976602,"id":"6o5tjmtiybdvkf2"}
{"type":"operationStart","subtype":"render","name":"orders-main","previousOperationId":"if9ubck8oi71g0i","timestamp":1718997976631,"id":"c6vucmr4sz8q1t5","previousEventId":"smgdpof5xpoaiav","operationId":"d3ho4pxi56ft9fq"}
{"type":"log","timestamp":1718997976631,"level":"info","message":"Starting rendering request 28","meta":{"rootId":"qfesok9q7trlhqx","id":"qfesok9q7trlhqx"},"id":"n4a5a2pbzoskj2d","previousOperationId":"d3ho4pxi56ft9fq"}
{"type":"log","timestamp":1718997976633,"level":"info","message":"Rendering template { name: orders-main, recipe: chrome-pdf, engine: handlebars, preview: false }","meta":{"rootId":"qfesok9q7trlhqx","id":"qfesok9q7trlhqx"},"id":"82mh0wyc9339qsf","previousOperationId":"d3ho4pxi56ft9fq"}
{"type":"log","timestamp":1718997976635,"level":"debug","message":"Inline data specified.","meta":{"rootId":"qfesok9q7trlhqx","id":"qfesok9q7trlhqx"},"id":"em1buoovve93wni","previousOperationId":"d3ho4pxi56ft9fq"}
{"type":"log","timestamp":1718997976642,"level":"debug","message":"Executing script orders-script (beforeRender)","meta":{"rootId":"qfesok9q7trlhqx","id":"qfesok9q7trlhqx"},"id":"zpylqwq7rh3c4gz","previousOperationId":"d3ho4pxi56ft9fq"}
{"type":"operationStart","subtype":"scriptsBeforeRender","name":"scripts beforeRender","timestamp":1718997976673,"id":"enckbbbgn5vste7","previousEventId":"c6vucmr4sz8q1t5","operationId":"t1d5doy633v7o1h","previousOperationId":"d3ho4pxi56ft9fq"}
{"type":"operationStart","subtype":"script","name":"scripts orders-script","previousOperationId":"t1d5doy633v7o1h","timestamp":1718997976673,"id":"dze8k2rpw48vvi9","previousEventId":"enckbbbgn5vste7","operationId":"b81w8iss84g1t0v"}
{"type":"operationEnd","operationId":"b81w8iss84g1t0v","timestamp":1718997977859,"id":"0zwq9zdq6sh22d0","previousEventId":"c6vucmr4sz8q1t5","previousOperationId":"d3ho4pxi56ft9fq"}
{"type":"operationEnd","operationId":"t1d5doy633v7o1h","timestamp":1718997977859,"id":"g9bcuf70sj655zv","previousEventId":"0zwq9zdq6sh22d0","previousOperationId":"d3ho4pxi56ft9fq"}
{"type":"log","timestamp":1718997977859,"level":"debug","message":"Base url not specified, skipping its injection.","meta":{"rootId":"qfesok9q7trlhqx","id":"qfesok9q7trlhqx"},"id":"bou25uiahnwq217","previousOperationId":"t1d5doy633v7o1h"}
{"type":"operationStart","subtype":"engine","name":"handlebars","timestamp":1718997977859,"id":"fb8je9uggwrfipe","previousEventId":"g9bcuf70sj655zv","operationId":"28idq6aw4d748xv","previousOperationId":"t1d5doy633v7o1h"}
{"type":"log","timestamp":1718997977859,"level":"debug","message":"Rendering engine handlebars","meta":{"rootId":"qfesok9q7trlhqx","id":"qfesok9q7trlhqx"},"id":"7hyq92y4oxtzn9f","previousOperationId":"28idq6aw4d748xv"}
{"type":"log","timestamp":1718997977870,"level":"debug","message":"(console:log) Pdf utils adding group field, value: \"France\"","meta":{"userLevel":true,"rootId":"qfesok9q7trlhqx","id":"qfesok9q7trlhqx"},"id":"k35mw6hfggqstr9","previousOperationId":"28idq6aw4d748xv"}
{"type":"log","timestamp":1718997977871,"level":"debug","message":"(console:log) Pdf utils adding group field, value: \"Germany\"","meta":{"userLevel":true,"rootId":"qfesok9q7trlhqx","id":"qfesok9q7trlhqx"},"id":"ek41yzrl4ayood2","previousOperationId":"28idq6aw4d748xv"}
{"type":"operationEnd","operationId":"28idq6aw4d748xv","timestamp":1718997977872,"id":"pk6kdpfzmsnj5pw","previousEventId":"fb8je9uggwrfipe","previousOperationId":"28idq6aw4d748xv"}
{"type":"operationStart","subtype":"recipe","name":"chrome-pdf","timestamp":1718997977873,"id":"q7pxtlg1en0ue4f","previousEventId":"pk6kdpfzmsnj5pw","operationId":"ys1srrtqax7dko9","previousOperationId":"28idq6aw4d748xv"}
{"type":"log","timestamp":1718997977873,"level":"debug","message":"Executing recipe chrome-pdf","meta":{"rootId":"qfesok9q7trlhqx","id":"qfesok9q7trlhqx"},"id":"5uz55ogavj0eukq","previousOperationId":"ys1srrtqax7dko9"}
{"type":"log","timestamp":1718997979746,"level":"debug","message":"Converting with chrome Chrome/126.0.6478.61 using chrome-pool strategy","meta":{"rootId":"qfesok9q7trlhqx","id":"qfesok9q7trlhqx"},"id":"bbxvgmth78bzxv6","previousOperationId":"ys1srrtqax7dko9"}
{"type":"log","timestamp":1718997980231,"level":"debug","message":"Page request: GET (document) file:///var/folders/2x/1bhfw9mx7d775w_jmf56lcp80000gn/T/jsreport/autocleanup/404db9a9-5197-4c4f-99fa-35b00ccd5012-chrome-pdf.html","meta":{"rootId":"qfesok9q7trlhqx","id":"qfesok9q7trlhqx"},"id":"oqvxwhi4zgyuv0k","previousOperationId":"ys1srrtqax7dko9"}
{"type":"log","timestamp":1718997980245,"level":"debug","message":"Page request finished: GET (document) 200 file:///var/folders/2x/1bhfw9mx7d775w_jmf56lcp80000gn/T/jsreport/autocleanup/404db9a9-5197-4c4f-99fa-35b00ccd5012-chrome-pdf.html","meta":{"rootId":"qfesok9q7trlhqx","id":"qfesok9q7trlhqx"},"id":"u6bw8n44kekc3a3","previousOperationId":"ys1srrtqax7dko9"}
{"type":"log","timestamp":1718997980246,"level":"debug","message":"Page request: GET (stylesheet) https://cdnjs.cloudflare.com/ajax/libs/metro/4.1.5/css/metro.min.css","meta":{"rootId":"qfesok9q7trlhqx","id":"qfesok9q7trlhqx"},"id":"l8efd8vqfrp7d96","previousOperationId":"ys1srrtqax7dko9"}
{"type":"log","timestamp":1718997980247,"level":"debug","message":"Page request: GET (script) https://cdnjs.cloudflare.com/ajax/libs/Chart.js/2.7.2/Chart.min.js","meta":{"rootId":"qfesok9q7trlhqx","id":"qfesok9q7trlhqx"},"id":"wn2aa0lipukrwiq","previousOperationId":"ys1srrtqax7dko9"}
{"type":"log","timestamp":1718997980345,"level":"debug","message":"Page request finished: GET (script) 200 https://cdnjs.cloudflare.com/ajax/libs/Chart.js/2.7.2/Chart.min.js","meta":{"rootId":"qfesok9q7trlhqx","id":"qfesok9q7trlhqx"},"id":"zruvxo4vhzyidic","previousOperationId":"ys1srrtqax7dko9"}
{"type":"log","timestamp":1718997980350,"level":"debug","message":"Page request finished: GET (stylesheet) 200 https://cdnjs.cloudflare.com/ajax/libs/metro/4.1.5/css/metro.min.css","meta":{"rootId":"qfesok9q7trlhqx","id":"qfesok9q7trlhqx"},"id":"qkkhgpu393b705h","previousOperationId":"ys1srrtqax7dko9"}
{"type":"log","timestamp":1718997980461,"level":"debug","message":"Running chrome with params {\"printBackground\":true,\"marginTop\":\"4cm\",\"marginRight\":\"1.5cm\",\"marginBottom\":\"1.5cm\",\"marginLeft\":\"1.5cm\",\"waitForJS\":false,\"timeout\":58719,\"margin\":{\"top\":\"4cm\",\"right\":\"1.5cm\",\"bottom\":\"1.5cm\",\"left\":\"1.5cm\"}}","meta":{"rootId":"qfesok9q7trlhqx","id":"qfesok9q7trlhqx"},"id":"fhfcmmpt2hcwt2b","previousOperationId":"ys1srrtqax7dko9"}
{"type":"operationEnd","operationId":"ys1srrtqax7dko9","timestamp":1718997981107,"id":"8w6xp88kdvih7xv","previousEventId":"q7pxtlg1en0ue4f","previousOperationId":"ys1srrtqax7dko9"}
{"type":"log","timestamp":1718997981107,"level":"info","message":"pdf-utils is starting pdf processing","meta":{"rootId":"qfesok9q7trlhqx","id":"qfesok9q7trlhqx"},"id":"tigawaz9sqsn5r6","previousOperationId":"ys1srrtqax7dko9"}
{"type":"operationStart","subtype":"pdfUtils","name":"pdf utils","timestamp":1718997981108,"id":"ewmszcu4hbe0hpz","previousEventId":"8w6xp88kdvih7xv","operationId":"13rz7o3mjunjd1l","previousOperationId":"ys1srrtqax7dko9"}
{"type":"log","timestamp":1718997981108,"level":"debug","message":"pdf-utils detected 1 pdf operation(s) to process","meta":{"rootId":"qfesok9q7trlhqx","id":"qfesok9q7trlhqx"},"id":"rxchmtg8qm2wrng","previousOperationId":"13rz7o3mjunjd1l"}
{"type":"log","timestamp":1718997981126,"level":"debug","message":"pdf-utils running pdf operation merge","meta":{"rootId":"qfesok9q7trlhqx","id":"qfesok9q7trlhqx"},"id":"iky0artr02fpg25","previousOperationId":"13rz7o3mjunjd1l"}
{"type":"operationStart","subtype":"pdfUtilsMerge","name":"pdf utils merge","previousOperationId":"13rz7o3mjunjd1l","timestamp":1718997981126,"id":"z5wjszudj91ernd","previousEventId":"ewmszcu4hbe0hpz","operationId":"9q3jdgrhj1gw236"}
{"type":"operationStart","subtype":"render","name":"orders-header","previousOperationId":"9q3jdgrhj1gw236","timestamp":1718997981127,"id":"cp0vu129ne62hon","previousEventId":"z5wjszudj91ernd","operationId":"p8abrbxsgqocnsp"}
{"type":"log","timestamp":1718997981127,"level":"info","message":"Starting rendering (child) request","meta":{"rootId":"qfesok9q7trlhqx","id":"d2t9e196yf3x2se"},"id":"i42j34jl0t7p2uo","previousOperationId":"p8abrbxsgqocnsp"}
{"type":"log","timestamp":1718997981127,"level":"info","message":"Rendering template { name: orders-header, recipe: chrome-pdf, engine: handlebars, preview: false }","meta":{"rootId":"qfesok9q7trlhqx","id":"d2t9e196yf3x2se"},"id":"ej3nbzjeaa6z2l0","previousOperationId":"p8abrbxsgqocnsp"}
{"type":"log","timestamp":1718997981128,"level":"debug","message":"Inline data specified.","meta":{"rootId":"qfesok9q7trlhqx","id":"d2t9e196yf3x2se"},"id":"y7w3k8xcky7vx9n","previousOperationId":"p8abrbxsgqocnsp"}
{"type":"log","timestamp":1718997981128,"level":"debug","message":"Base url not specified, skipping its injection.","meta":{"rootId":"qfesok9q7trlhqx","id":"d2t9e196yf3x2se"},"id":"a9wtlnytaahillf","previousOperationId":"p8abrbxsgqocnsp"}
{"type":"operationStart","subtype":"engine","name":"handlebars","timestamp":1718997981129,"id":"b8vsyms22vthdkl","previousEventId":"cp0vu129ne62hon","operationId":"431ah1rwqduk9lx","previousOperationId":"p8abrbxsgqocnsp"}
{"type":"log","timestamp":1718997981129,"level":"debug","message":"Rendering engine handlebars","meta":{"rootId":"qfesok9q7trlhqx","id":"d2t9e196yf3x2se"},"id":"0ste7xm4v5xrxyn","previousOperationId":"431ah1rwqduk9lx"}
{"type":"operationEnd","operationId":"431ah1rwqduk9lx","timestamp":1718997981141,"id":"hcve9xy1aij37pb","previousEventId":"b8vsyms22vthdkl","previousOperationId":"431ah1rwqduk9lx"}
{"type":"operationStart","subtype":"recipe","name":"chrome-pdf","timestamp":1718997981142,"id":"k0u0ixv0xp7k4rx","previousEventId":"hcve9xy1aij37pb","operationId":"pyhqsndgulzgflx","previousOperationId":"431ah1rwqduk9lx"}
{"type":"log","timestamp":1718997981142,"level":"debug","message":"Executing recipe chrome-pdf","meta":{"rootId":"qfesok9q7trlhqx","id":"d2t9e196yf3x2se"},"id":"1mclszlwyso9xch","previousOperationId":"pyhqsndgulzgflx"}
{"type":"log","timestamp":1718997981142,"level":"debug","message":"Converting with chrome Chrome/126.0.6478.61 using chrome-pool strategy","meta":{"rootId":"qfesok9q7trlhqx","id":"d2t9e196yf3x2se"},"id":"p1ygc3rcm1h3kor","previousOperationId":"pyhqsndgulzgflx"}
{"type":"log","timestamp":1718997981224,"level":"debug","message":"Page request: GET (document) file:///var/folders/2x/1bhfw9mx7d775w_jmf56lcp80000gn/T/jsreport/autocleanup/e687b748-6e8a-485e-816a-eb2daffab655-chrome-pdf.html","meta":{"rootId":"qfesok9q7trlhqx","id":"d2t9e196yf3x2se"},"id":"rx4e3dk40pm2s9u","previousOperationId":"pyhqsndgulzgflx"}
{"type":"log","timestamp":1718997981229,"level":"debug","message":"Page request finished: GET (document) 200 file:///var/folders/2x/1bhfw9mx7d775w_jmf56lcp80000gn/T/jsreport/autocleanup/e687b748-6e8a-485e-816a-eb2daffab655-chrome-pdf.html","meta":{"rootId":"qfesok9q7trlhqx","id":"d2t9e196yf3x2se"},"id":"14tya6r228myv0w","previousOperationId":"pyhqsndgulzgflx"}
{"type":"log","timestamp":1718997981230,"level":"debug","message":"Page request: GET (stylesheet) https://cdnjs.cloudflare.com/ajax/libs/metro/4.1.5/css/metro.min.css","meta":{"rootId":"qfesok9q7trlhqx","id":"d2t9e196yf3x2se"},"id":"ebaukxhwslugwss","previousOperationId":"pyhqsndgulzgflx"}
{"type":"log","timestamp":1718997981236,"level":"debug","message":"Page request finished: GET (stylesheet) 200 https://cdnjs.cloudflare.com/ajax/libs/metro/4.1.5/css/metro.min.css","meta":{"rootId":"qfesok9q7trlhqx","id":"d2t9e196yf3x2se"},"id":"lo1uz0dgws5e1uw","previousOperationId":"pyhqsndgulzgflx"}
{"type":"log","timestamp":1718997981257,"level":"debug","message":"Running chrome with params {\"printBackground\":true,\"marginTop\":\"1.5cm\",\"marginRight\":\"1.5cm\",\"marginLeft\":\"1.cm\",\"timeout\":55453,\"margin\":{\"top\":\"1.5cm\",\"right\":\"1.5cm\",\"left\":\"1.cm\"}}","meta":{"rootId":"qfesok9q7trlhqx","id":"d2t9e196yf3x2se"},"id":"5g2masg6hlffl0u","previousOperationId":"pyhqsndgulzgflx"}
{"type":"operationEnd","operationId":"pyhqsndgulzgflx","timestamp":1718997981376,"id":"q8k9p6vfuzkhnsx","previousEventId":"k0u0ixv0xp7k4rx","previousOperationId":"pyhqsndgulzgflx"}
{"type":"log","timestamp":1718997981376,"level":"debug","message":"Skipping storing report.","meta":{"rootId":"qfesok9q7trlhqx","id":"d2t9e196yf3x2se"},"id":"mgezm7jckjxarlw","previousOperationId":"pyhqsndgulzgflx"}
{"type":"log","timestamp":1718997981376,"level":"info","message":"Rendering (child) request finished in 4781 ms","meta":{"rootId":"qfesok9q7trlhqx","id":"d2t9e196yf3x2se"},"id":"0awtkfbuon6jd2m","previousOperationId":"pyhqsndgulzgflx"}
{"type":"operationEnd","subtype":"render","operationId":"p8abrbxsgqocnsp","timestamp":1718997981376,"id":"8jmox7odbgxdqhy","previousEventId":"q8k9p6vfuzkhnsx","previousOperationId":"pyhqsndgulzgflx"}
{"type":"operationEnd","operationId":"9q3jdgrhj1gw236","timestamp":1718997981396,"id":"cgvn541pvoblmeh","previousEventId":"z5wjszudj91ernd","previousOperationId":"9q3jdgrhj1gw236"}
{"type":"log","timestamp":1718997981396,"level":"debug","message":"pdf-utils postprocess start","meta":{"rootId":"qfesok9q7trlhqx","id":"qfesok9q7trlhqx"},"id":"kevyvd3v6bad65g","previousOperationId":"9q3jdgrhj1gw236"}
{"type":"log","timestamp":1718997981418,"level":"debug","message":"pdf-utils postprocess end","meta":{"rootId":"qfesok9q7trlhqx","id":"qfesok9q7trlhqx"},"id":"6mqurdm2igig77h","previousOperationId":"9q3jdgrhj1gw236"}
{"type":"operationEnd","operationId":"13rz7o3mjunjd1l","timestamp":1718997981418,"id":"f65z6kvg41sqxsk","previousEventId":"cgvn541pvoblmeh","previousOperationId":"9q3jdgrhj1gw236"}
{"type":"log","timestamp":1718997981419,"level":"info","message":"pdf-utils pdf processing was finished","meta":{"rootId":"qfesok9q7trlhqx","id":"qfesok9q7trlhqx"},"id":"q5a39n2dtu8wk73","previousOperationId":"13rz7o3mjunjd1l"}
{"type":"log","timestamp":1718997981419,"level":"debug","message":"Skipping storing report.","meta":{"rootId":"qfesok9q7trlhqx","id":"qfesok9q7trlhqx"},"id":"hw7ovldk90x4jrf","previousOperationId":"13rz7o3mjunjd1l"}
{"type":"log","timestamp":1718997981419,"level":"info","message":"Rendering request 28 finished in 4824 ms","meta":{"rootId":"qfesok9q7trlhqx","id":"qfesok9q7trlhqx"},"id":"xtud1andaqby92a","previousOperationId":"13rz7o3mjunjd1l"}
{"type":"operationEnd","subtype":"render","operationId":"d3ho4pxi56ft9fq","timestamp":1718997981419,"id":"ifitmwerd4767oh","previousEventId":"f65z6kvg41sqxsk","previousOperationId":"13rz7o3mjunjd1l"}
{"type":"operationEnd","doDiffs":false,"previousEventId":"smgdpof5xpoaiav","previousOperationId":"if9ubck8oi71g0i","operationId":"if9ubck8oi71g0i","timestamp":1718997981419,"id":"ezula6bcdi721iz"}
