{"type":"operationStart","subtype":"profile","data":{"_id":"oRVKfM5sAtlKKuf0","timestamp":"2024-06-20T22:19:47.832Z","state":"queued","mode":"standard","creationDate":"2024-06-20T22:19:47.836Z","modificationDate":"2024-06-20T22:19:47.836Z","shortid":"mEXpCAP","$entitySet":"profiles"},"doDiffs":false,"timestamp":1718921987833,"id":"13yqhth14uxro6y","previousOperationId":null,"operationId":"zth3qd4exme8xvc"}
{"type":"log","level":"info","message":"Render request 1 queued for execution and waiting for available worker","previousOperationId":"zth3qd4exme8xvc","timestamp":1718921987834,"id":"grz6x0fov86incf"}
{"type":"operationStart","subtype":"render","name":"orders-main","previousOperationId":"zth3qd4exme8xvc","timestamp":1718921987847,"id":"oafqodqeaiglqso","previousEventId":"13yqhth14uxro6y","operationId":"rb887ehaq8fy4ak"}
{"type":"log","timestamp":1718921987848,"level":"info","message":"Starting rendering request 1","meta":{"rootId":"sdclqvy84ymc56g","id":"sdclqvy84ymc56g"},"id":"uyala4tucdme7yf","previousOperationId":"rb887ehaq8fy4ak"}
{"type":"log","timestamp":1718921987848,"level":"info","message":"Rendering template { name: orders-main, recipe: chrome-pdf, engine: handlebars, preview: true }","meta":{"rootId":"sdclqvy84ymc56g","id":"sdclqvy84ymc56g"},"id":"7nkvfwj8g4mfnft","previousOperationId":"rb887ehaq8fy4ak"}
{"type":"log","timestamp":1718921987849,"level":"debug","message":"Data item not defined for this template.","meta":{"rootId":"sdclqvy84ymc56g","id":"sdclqvy84ymc56g"},"id":"k2aepqb243ts4br","previousOperationId":"rb887ehaq8fy4ak"}
{"type":"log","timestamp":1718921987851,"level":"debug","message":"Executing script orders-script (beforeRender)","meta":{"rootId":"sdclqvy84ymc56g","id":"sdclqvy84ymc56g"},"id":"s6mdotn4dq404wt","previousOperationId":"rb887ehaq8fy4ak"}
{"type":"operationStart","subtype":"scriptsBeforeRender","name":"scripts beforeRender","timestamp":1718921987987,"id":"vlqjggjzbxiz7vn","previousEventId":"oafqodqeaiglqso","operationId":"vx9b3dd17sut9zi","previousOperationId":"rb887ehaq8fy4ak"}
{"type":"operationStart","subtype":"script","name":"scripts orders-script","previousOperationId":"vx9b3dd17sut9zi","timestamp":1718921987987,"id":"yjd9qug892pq8lh","previousEventId":"vlqjggjzbxiz7vn","operationId":"fykv5rd3d7eac1b"}
{"type":"operationEnd","operationId":"fykv5rd3d7eac1b","timestamp":1718921990078,"id":"l2zs3d9u9h6ky21","previousEventId":"oafqodqeaiglqso","previousOperationId":"rb887ehaq8fy4ak"}
{"type":"operationEnd","operationId":"vx9b3dd17sut9zi","timestamp":1718921990078,"id":"xwku05caqa4dhbd","previousEventId":"l2zs3d9u9h6ky21","previousOperationId":"rb887ehaq8fy4ak"}
{"type":"log","timestamp":1718921990078,"level":"debug","message":"Base url not specified, skipping its injection.","meta":{"rootId":"sdclqvy84ymc56g","id":"sdclqvy84ymc56g"},"id":"nx1x34srrilvmza","previousOperationId":"vx9b3dd17sut9zi"}
{"type":"operationStart","subtype":"engine","name":"handlebars","timestamp":1718921990079,"id":"sx0ldmhsw90gzff","previousEventId":"xwku05caqa4dhbd","operationId":"qbfy1c37sliaycn","previousOperationId":"vx9b3dd17sut9zi"}
{"type":"log","timestamp":1718921990079,"level":"debug","message":"Rendering engine handlebars","meta":{"rootId":"sdclqvy84ymc56g","id":"sdclqvy84ymc56g"},"id":"97135o948dh65m2","previousOperationId":"qbfy1c37sliaycn"}
{"type":"log","timestamp":1718921990244,"level":"debug","message":"(console:log) Pdf utils adding group field, value: \"France\"","meta":{"userLevel":true,"rootId":"sdclqvy84ymc56g","id":"sdclqvy84ymc56g"},"id":"n2ruuli0gif52du","previousOperationId":"qbfy1c37sliaycn"}
{"type":"log","timestamp":1718921990246,"level":"debug","message":"(console:log) Pdf utils adding group field, value: \"Germany\"","meta":{"userLevel":true,"rootId":"sdclqvy84ymc56g","id":"sdclqvy84ymc56g"},"id":"ts0sph4wuba6ajd","previousOperationId":"qbfy1c37sliaycn"}
{"type":"operationEnd","operationId":"qbfy1c37sliaycn","timestamp":1718921990246,"id":"ohih4y4m13e0vop","previousEventId":"sx0ldmhsw90gzff","previousOperationId":"qbfy1c37sliaycn"}
{"type":"operationStart","subtype":"recipe","name":"chrome-pdf","timestamp":1718921990246,"id":"fzlr07gisvwwnjt","previousEventId":"ohih4y4m13e0vop","operationId":"56mnu7zcpcbzs8i","previousOperationId":"qbfy1c37sliaycn"}
{"type":"log","timestamp":1718921990246,"level":"debug","message":"Executing recipe chrome-pdf","meta":{"rootId":"sdclqvy84ymc56g","id":"sdclqvy84ymc56g"},"id":"9tgm9b353m5ahnb","previousOperationId":"56mnu7zcpcbzs8i"}
{"type":"log","timestamp":1718921993793,"level":"debug","message":"Converting with chrome Chrome/126.0.6478.61 using chrome-pool strategy","meta":{"rootId":"sdclqvy84ymc56g","id":"sdclqvy84ymc56g"},"id":"wbzqf42sjdueofn","previousOperationId":"56mnu7zcpcbzs8i"}
{"type":"log","timestamp":1718921993921,"level":"debug","message":"Page request: GET (document) file:///var/folders/2x/1bhfw9mx7d775w_jmf56lcp80000gn/T/jsreport/autocleanup/abc9a1e0-cd67-4463-9609-4849b28ea600-chrome-pdf.html","meta":{"rootId":"sdclqvy84ymc56g","id":"sdclqvy84ymc56g"},"id":"qrljuswhlhrj5ss","previousOperationId":"56mnu7zcpcbzs8i"}
{"type":"log","timestamp":1718921993936,"level":"debug","message":"Page request finished: GET (document) 200 file:///var/folders/2x/1bhfw9mx7d775w_jmf56lcp80000gn/T/jsreport/autocleanup/abc9a1e0-cd67-4463-9609-4849b28ea600-chrome-pdf.html","meta":{"rootId":"sdclqvy84ymc56g","id":"sdclqvy84ymc56g"},"id":"9cief0if4jzkrcx","previousOperationId":"56mnu7zcpcbzs8i"}
{"type":"log","timestamp":1718921993937,"level":"debug","message":"Page request: GET (stylesheet) https://cdnjs.cloudflare.com/ajax/libs/metro/4.1.5/css/metro.min.css","meta":{"rootId":"sdclqvy84ymc56g","id":"sdclqvy84ymc56g"},"id":"assuj8s3hlf4vuj","previousOperationId":"56mnu7zcpcbzs8i"}
{"type":"log","timestamp":1718921993938,"level":"debug","message":"Page request: GET (script) https://cdnjs.cloudflare.com/ajax/libs/Chart.js/2.7.2/Chart.min.js","meta":{"rootId":"sdclqvy84ymc56g","id":"sdclqvy84ymc56g"},"id":"h66dxa3j6pge3rz","previousOperationId":"56mnu7zcpcbzs8i"}
{"type":"log","timestamp":1718921994160,"level":"debug","message":"Page request finished: GET (script) 200 https://cdnjs.cloudflare.com/ajax/libs/Chart.js/2.7.2/Chart.min.js","meta":{"rootId":"sdclqvy84ymc56g","id":"sdclqvy84ymc56g"},"id":"d9lr3tynmehzs7p","previousOperationId":"56mnu7zcpcbzs8i"}
{"type":"log","timestamp":1718921994497,"level":"debug","message":"Page request finished: GET (stylesheet) 200 https://cdnjs.cloudflare.com/ajax/libs/metro/4.1.5/css/metro.min.css","meta":{"rootId":"sdclqvy84ymc56g","id":"sdclqvy84ymc56g"},"id":"5cdd5d2vo827ci4","previousOperationId":"56mnu7zcpcbzs8i"}
{"type":"log","timestamp":1718921994595,"level":"debug","message":"Running chrome with params {\"printBackground\":true,\"marginTop\":\"4cm\",\"marginRight\":\"1.5cm\",\"marginBottom\":\"1.5cm\",\"marginLeft\":\"1.5cm\",\"waitForJS\":false,\"timeout\":57373,\"margin\":{\"top\":\"4cm\",\"right\":\"1.5cm\",\"bottom\":\"1.5cm\",\"left\":\"1.5cm\"}}","meta":{"rootId":"sdclqvy84ymc56g","id":"sdclqvy84ymc56g"},"id":"zqgc515iubzyrtv","previousOperationId":"56mnu7zcpcbzs8i"}
{"type":"operationEnd","operationId":"56mnu7zcpcbzs8i","timestamp":1718921995104,"id":"88ic5mx2qtjb47v","previousEventId":"fzlr07gisvwwnjt","previousOperationId":"56mnu7zcpcbzs8i"}
{"type":"log","timestamp":1718921995104,"level":"info","message":"pdf-utils is starting pdf processing","meta":{"rootId":"sdclqvy84ymc56g","id":"sdclqvy84ymc56g"},"id":"vpwydxu1ggtrkfu","previousOperationId":"56mnu7zcpcbzs8i"}
{"type":"operationStart","subtype":"pdfUtils","name":"pdf utils","timestamp":1718921995194,"id":"lgp0rxyy5zxp96o","previousEventId":"88ic5mx2qtjb47v","operationId":"48ti97bxdowejk2","previousOperationId":"56mnu7zcpcbzs8i"}
{"type":"log","timestamp":1718921995194,"level":"debug","message":"pdf-utils detected 1 pdf operation(s) to process","meta":{"rootId":"sdclqvy84ymc56g","id":"sdclqvy84ymc56g"},"id":"hvr87m7fnc0x1qm","previousOperationId":"48ti97bxdowejk2"}
{"type":"log","timestamp":1718921995215,"level":"debug","message":"pdf-utils running pdf operation merge","meta":{"rootId":"sdclqvy84ymc56g","id":"sdclqvy84ymc56g"},"id":"h2yrj7uprs45h5i","previousOperationId":"48ti97bxdowejk2"}
{"type":"operationStart","subtype":"pdfUtilsMerge","name":"pdf utils merge","previousOperationId":"48ti97bxdowejk2","timestamp":1718921995215,"id":"fkzkdni8y7fd747","previousEventId":"lgp0rxyy5zxp96o","operationId":"vqcoblf87uakl1r"}
{"type":"operationStart","subtype":"render","name":"orders-header","previousOperationId":"vqcoblf87uakl1r","timestamp":1718921995216,"id":"s6ajj6x96xkj74x","previousEventId":"fkzkdni8y7fd747","operationId":"f3xdcg73kvkrtso"}
{"type":"log","timestamp":1718921995216,"level":"info","message":"Starting rendering (child) request","meta":{"rootId":"sdclqvy84ymc56g","id":"l7vma6m882c6byd"},"id":"uo2pktgdwaojz5j","previousOperationId":"f3xdcg73kvkrtso"}
{"type":"log","timestamp":1718921995216,"level":"info","message":"Rendering template { name: orders-header, recipe: chrome-pdf, engine: handlebars, preview: true }","meta":{"rootId":"sdclqvy84ymc56g","id":"l7vma6m882c6byd"},"id":"44271lkqq4f01y1","previousOperationId":"f3xdcg73kvkrtso"}
{"type":"log","timestamp":1718921995218,"level":"debug","message":"Inline data specified.","meta":{"rootId":"sdclqvy84ymc56g","id":"l7vma6m882c6byd"},"id":"48impj26eaqqq2s","previousOperationId":"f3xdcg73kvkrtso"}
{"type":"log","timestamp":1718921995219,"level":"debug","message":"Base url not specified, skipping its injection.","meta":{"rootId":"sdclqvy84ymc56g","id":"l7vma6m882c6byd"},"id":"5olg0736bc2wlu6","previousOperationId":"f3xdcg73kvkrtso"}
{"type":"operationStart","subtype":"engine","name":"handlebars","timestamp":1718921995219,"id":"lop4htujdzop9bk","previousEventId":"s6ajj6x96xkj74x","operationId":"lnkpewkhez8kk8b","previousOperationId":"f3xdcg73kvkrtso"}
{"type":"log","timestamp":1718921995219,"level":"debug","message":"Rendering engine handlebars","meta":{"rootId":"sdclqvy84ymc56g","id":"l7vma6m882c6byd"},"id":"8k4tp73f1v66xdl","previousOperationId":"lnkpewkhez8kk8b"}
{"type":"operationEnd","operationId":"lnkpewkhez8kk8b","timestamp":1718921995262,"id":"6xabmcmbaft14a0","previousEventId":"lop4htujdzop9bk","previousOperationId":"lnkpewkhez8kk8b"}
{"type":"operationStart","subtype":"recipe","name":"chrome-pdf","timestamp":1718921995262,"id":"bm84lu6w3s1xf0g","previousEventId":"6xabmcmbaft14a0","operationId":"egj82p83njtminy","previousOperationId":"lnkpewkhez8kk8b"}
{"type":"log","timestamp":1718921995262,"level":"debug","message":"Executing recipe chrome-pdf","meta":{"rootId":"sdclqvy84ymc56g","id":"l7vma6m882c6byd"},"id":"09lhmsrpoxizyad","previousOperationId":"egj82p83njtminy"}
{"type":"log","timestamp":1718921995263,"level":"debug","message":"Converting with chrome Chrome/126.0.6478.61 using chrome-pool strategy","meta":{"rootId":"sdclqvy84ymc56g","id":"l7vma6m882c6byd"},"id":"39wf9jgktm6d814","previousOperationId":"egj82p83njtminy"}
{"type":"log","timestamp":1718921995281,"level":"debug","message":"Page request: GET (document) file:///var/folders/2x/1bhfw9mx7d775w_jmf56lcp80000gn/T/jsreport/autocleanup/b494e4e4-2c73-4883-b28c-e45ba3aeb121-chrome-pdf.html","meta":{"rootId":"sdclqvy84ymc56g","id":"l7vma6m882c6byd"},"id":"tvao308sgq496ag","previousOperationId":"egj82p83njtminy"}
{"type":"log","timestamp":1718921995288,"level":"debug","message":"Page request finished: GET (document) 200 file:///var/folders/2x/1bhfw9mx7d775w_jmf56lcp80000gn/T/jsreport/autocleanup/b494e4e4-2c73-4883-b28c-e45ba3aeb121-chrome-pdf.html","meta":{"rootId":"sdclqvy84ymc56g","id":"l7vma6m882c6byd"},"id":"a6yjc4wo4dcpb1w","previousOperationId":"egj82p83njtminy"}
{"type":"log","timestamp":1718921995288,"level":"debug","message":"Page request: GET (stylesheet) https://cdnjs.cloudflare.com/ajax/libs/metro/4.1.5/css/metro.min.css","meta":{"rootId":"sdclqvy84ymc56g","id":"l7vma6m882c6byd"},"id":"ilhx4921pthjjy3","previousOperationId":"egj82p83njtminy"}
{"type":"log","timestamp":1718921995296,"level":"debug","message":"Page request finished: GET (stylesheet) 200 https://cdnjs.cloudflare.com/ajax/libs/metro/4.1.5/css/metro.min.css","meta":{"rootId":"sdclqvy84ymc56g","id":"l7vma6m882c6byd"},"id":"hrj1ondo346ukfb","previousOperationId":"egj82p83njtminy"}
{"type":"log","timestamp":1718921995324,"level":"debug","message":"Running chrome with params {\"printBackground\":true,\"marginTop\":\"1.5cm\",\"marginRight\":\"1.5cm\",\"marginLeft\":\"1.cm\",\"timeout\":52569,\"margin\":{\"top\":\"1.5cm\",\"right\":\"1.5cm\",\"left\":\"1.cm\"}}","meta":{"rootId":"sdclqvy84ymc56g","id":"l7vma6m882c6byd"},"id":"7dqwbm01xijpvut","previousOperationId":"egj82p83njtminy"}
{"type":"operationEnd","operationId":"egj82p83njtminy","timestamp":1718921995442,"id":"z5tuycg9tze0cdu","previousEventId":"bm84lu6w3s1xf0g","previousOperationId":"egj82p83njtminy"}
{"type":"log","timestamp":1718921995442,"level":"debug","message":"Skipping storing report.","meta":{"rootId":"sdclqvy84ymc56g","id":"l7vma6m882c6byd"},"id":"qtc1djneu0rdlem","previousOperationId":"egj82p83njtminy"}
{"type":"log","timestamp":1718921995442,"level":"info","message":"Rendering (child) request finished in 7611 ms","meta":{"rootId":"sdclqvy84ymc56g","id":"l7vma6m882c6byd"},"id":"o6yh6jpgatt0ex6","previousOperationId":"egj82p83njtminy"}
{"type":"operationEnd","subtype":"render","operationId":"f3xdcg73kvkrtso","timestamp":1718921995442,"id":"jppuvaq1syglu6m","previousEventId":"z5tuycg9tze0cdu","previousOperationId":"egj82p83njtminy"}
{"type":"operationEnd","operationId":"vqcoblf87uakl1r","timestamp":1718921995456,"id":"3maiq9t8ohnlqj5","previousEventId":"fkzkdni8y7fd747","previousOperationId":"vqcoblf87uakl1r"}
{"type":"log","timestamp":1718921995457,"level":"debug","message":"pdf-utils postprocess start","meta":{"rootId":"sdclqvy84ymc56g","id":"sdclqvy84ymc56g"},"id":"imzw306f2rpvpvt","previousOperationId":"vqcoblf87uakl1r"}
{"type":"log","timestamp":1718921995481,"level":"debug","message":"pdf-utils postprocess end","meta":{"rootId":"sdclqvy84ymc56g","id":"sdclqvy84ymc56g"},"id":"bwuvaa0mqpqqbr0","previousOperationId":"vqcoblf87uakl1r"}
{"type":"operationEnd","operationId":"48ti97bxdowejk2","timestamp":1718921995481,"id":"wffiz2m42sqawqk","previousEventId":"3maiq9t8ohnlqj5","previousOperationId":"vqcoblf87uakl1r"}
{"type":"log","timestamp":1718921995481,"level":"info","message":"pdf-utils pdf processing was finished","meta":{"rootId":"sdclqvy84ymc56g","id":"sdclqvy84ymc56g"},"id":"oroty5q0t24iusc","previousOperationId":"48ti97bxdowejk2"}
{"type":"log","timestamp":1718921995481,"level":"debug","message":"Skipping storing report.","meta":{"rootId":"sdclqvy84ymc56g","id":"sdclqvy84ymc56g"},"id":"hw7unb22n96sqc2","previousOperationId":"48ti97bxdowejk2"}
{"type":"log","timestamp":1718921995481,"level":"info","message":"Rendering request 1 finished in 7650 ms","meta":{"rootId":"sdclqvy84ymc56g","id":"sdclqvy84ymc56g"},"id":"a0pitpfpkg9vf5l","previousOperationId":"48ti97bxdowejk2"}
{"type":"operationEnd","subtype":"render","operationId":"rb887ehaq8fy4ak","timestamp":1718921995481,"id":"f3ye44zj679qfnq","previousEventId":"wffiz2m42sqawqk","previousOperationId":"48ti97bxdowejk2"}
{"type":"operationEnd","doDiffs":false,"previousEventId":"13yqhth14uxro6y","previousOperationId":"zth3qd4exme8xvc","operationId":"zth3qd4exme8xvc","timestamp":1718921995489,"id":"pcfc44w7i0r2n6v"}
