{"type":"operationStart","subtype":"profile","data":{"_id":"w8Pv7JD91OKUMTG0","timestamp":"2024-06-22T14:31:29.035Z","state":"queued","mode":"standard","creationDate":"2024-06-22T14:31:29.038Z","modificationDate":"2024-06-22T14:31:29.038Z","shortid":"9pICRCm","$entitySet":"profiles"},"doDiffs":false,"timestamp":1719066689036,"id":"85ft96kgui3118q","previousOperationId":null,"operationId":"bpko6dpuhd1g0d8"}
{"type":"log","level":"info","message":"Render request 177 queued for execution and waiting for available worker","previousOperationId":"bpko6dpuhd1g0d8","timestamp":1719066689037,"id":"o80d7nkc86s35k6"}
{"type":"operationStart","subtype":"render","name":"orders-main","previousOperationId":"bpko6dpuhd1g0d8","timestamp":1719066689095,"id":"mw7a7tmzkty5ima","previousEventId":"85ft96kgui3118q","operationId":"nswentsief0oxr8"}
{"type":"log","timestamp":1719066689096,"level":"info","message":"Starting rendering request 177","meta":{"rootId":"v3wn8hjmr69eu2g","id":"v3wn8hjmr69eu2g"},"id":"2lydppy0zhiua5h","previousOperationId":"nswentsief0oxr8"}
{"type":"log","timestamp":1719066689097,"level":"info","message":"Rendering template { name: orders-main, recipe: chrome-pdf, engine: handlebars, preview: true }","meta":{"rootId":"v3wn8hjmr69eu2g","id":"v3wn8hjmr69eu2g"},"id":"3x5mpeuoh7budpc","previousOperationId":"nswentsief0oxr8"}
{"type":"log","timestamp":1719066689099,"level":"debug","message":"Data item not defined for this template.","meta":{"rootId":"v3wn8hjmr69eu2g","id":"v3wn8hjmr69eu2g"},"id":"jw796xz75pvqrzm","previousOperationId":"nswentsief0oxr8"}
{"type":"log","timestamp":1719066689102,"level":"debug","message":"Executing script orders-script (beforeRender)","meta":{"rootId":"v3wn8hjmr69eu2g","id":"v3wn8hjmr69eu2g"},"id":"nw7c74wz3qmujib","previousOperationId":"nswentsief0oxr8"}
{"type":"operationStart","subtype":"scriptsBeforeRender","name":"scripts beforeRender","timestamp":1719066689161,"id":"w3nzhddsurtk8c6","previousEventId":"mw7a7tmzkty5ima","operationId":"81mdelh27ynrq4t","previousOperationId":"nswentsief0oxr8"}
{"type":"operationStart","subtype":"script","name":"scripts orders-script","previousOperationId":"81mdelh27ynrq4t","timestamp":1719066689161,"id":"87cjk026hzmvvoe","previousEventId":"w3nzhddsurtk8c6","operationId":"fb2bvapgpx9s6sa"}
{"type":"operationEnd","operationId":"fb2bvapgpx9s6sa","timestamp":1719066690533,"id":"dyb1x7ix9dkt9bz","previousEventId":"mw7a7tmzkty5ima","previousOperationId":"nswentsief0oxr8"}
{"type":"operationEnd","operationId":"81mdelh27ynrq4t","timestamp":1719066690533,"id":"n244wfnfy3zwioe","previousEventId":"dyb1x7ix9dkt9bz","previousOperationId":"nswentsief0oxr8"}
{"type":"log","timestamp":1719066690533,"level":"debug","message":"Base url not specified, skipping its injection.","meta":{"rootId":"v3wn8hjmr69eu2g","id":"v3wn8hjmr69eu2g"},"id":"chcn2a8jdwik18w","previousOperationId":"81mdelh27ynrq4t"}
{"type":"operationStart","subtype":"engine","name":"handlebars","timestamp":1719066690533,"id":"9gzapwfvhfk0xqx","previousEventId":"n244wfnfy3zwioe","operationId":"ej5060601ixyhrq","previousOperationId":"81mdelh27ynrq4t"}
{"type":"log","timestamp":1719066690533,"level":"debug","message":"Rendering engine handlebars","meta":{"rootId":"v3wn8hjmr69eu2g","id":"v3wn8hjmr69eu2g"},"id":"nqalj9dsj6fnq4u","previousOperationId":"ej5060601ixyhrq"}
{"type":"log","timestamp":1719066690543,"level":"debug","message":"(console:log) Pdf utils adding group field, value: \"France\"","meta":{"userLevel":true,"rootId":"v3wn8hjmr69eu2g","id":"v3wn8hjmr69eu2g"},"id":"ws6mg94xeodxvcg","previousOperationId":"ej5060601ixyhrq"}
{"type":"log","timestamp":1719066690544,"level":"debug","message":"(console:log) Pdf utils adding group field, value: \"Germany\"","meta":{"userLevel":true,"rootId":"v3wn8hjmr69eu2g","id":"v3wn8hjmr69eu2g"},"id":"ufxf0ojgoxzwbvq","previousOperationId":"ej5060601ixyhrq"}
{"type":"operationEnd","operationId":"ej5060601ixyhrq","timestamp":1719066690544,"id":"c0r76ro1ms50lor","previousEventId":"9gzapwfvhfk0xqx","previousOperationId":"ej5060601ixyhrq"}
{"type":"operationStart","subtype":"recipe","name":"chrome-pdf","timestamp":1719066690546,"id":"lhkbsyxm5rrdrmt","previousEventId":"c0r76ro1ms50lor","operationId":"bpeiuqu7rqcex40","previousOperationId":"ej5060601ixyhrq"}
{"type":"log","timestamp":1719066690546,"level":"debug","message":"Executing recipe chrome-pdf","meta":{"rootId":"v3wn8hjmr69eu2g","id":"v3wn8hjmr69eu2g"},"id":"j5hzyn8bfy2v5nv","previousOperationId":"bpeiuqu7rqcex40"}
{"type":"log","timestamp":1719066691942,"level":"debug","message":"Converting with chrome Chrome/126.0.6478.61 using chrome-pool strategy","meta":{"rootId":"v3wn8hjmr69eu2g","id":"v3wn8hjmr69eu2g"},"id":"z0rbjy7mdb9oue2","previousOperationId":"bpeiuqu7rqcex40"}
{"type":"log","timestamp":1719066692400,"level":"debug","message":"Page request: GET (document) file:///var/folders/2x/1bhfw9mx7d775w_jmf56lcp80000gn/T/jsreport/autocleanup/862dad7f-17c1-4a90-ae83-4c85c2b91f40-chrome-pdf.html","meta":{"rootId":"v3wn8hjmr69eu2g","id":"v3wn8hjmr69eu2g"},"id":"ro9yokuzb4yopz7","previousOperationId":"bpeiuqu7rqcex40"}
{"type":"log","timestamp":1719066692412,"level":"debug","message":"Page request finished: GET (document) 200 file:///var/folders/2x/1bhfw9mx7d775w_jmf56lcp80000gn/T/jsreport/autocleanup/862dad7f-17c1-4a90-ae83-4c85c2b91f40-chrome-pdf.html","meta":{"rootId":"v3wn8hjmr69eu2g","id":"v3wn8hjmr69eu2g"},"id":"1fyx91kuqf91sqc","previousOperationId":"bpeiuqu7rqcex40"}
{"type":"log","timestamp":1719066692414,"level":"debug","message":"Page request: GET (stylesheet) https://cdnjs.cloudflare.com/ajax/libs/metro/4.1.5/css/metro.min.css","meta":{"rootId":"v3wn8hjmr69eu2g","id":"v3wn8hjmr69eu2g"},"id":"jg9auqoxageiyah","previousOperationId":"bpeiuqu7rqcex40"}
{"type":"log","timestamp":1719066692415,"level":"debug","message":"Page request: GET (script) https://cdnjs.cloudflare.com/ajax/libs/Chart.js/2.7.2/Chart.min.js","meta":{"rootId":"v3wn8hjmr69eu2g","id":"v3wn8hjmr69eu2g"},"id":"86v4mtm61wl1mg4","previousOperationId":"bpeiuqu7rqcex40"}
{"type":"log","timestamp":1719066692485,"level":"debug","message":"Page request finished: GET (script) 200 https://cdnjs.cloudflare.com/ajax/libs/Chart.js/2.7.2/Chart.min.js","meta":{"rootId":"v3wn8hjmr69eu2g","id":"v3wn8hjmr69eu2g"},"id":"3fu5jk6cwsn7sbj","previousOperationId":"bpeiuqu7rqcex40"}
{"type":"log","timestamp":1719066692492,"level":"debug","message":"Page request finished: GET (stylesheet) 200 https://cdnjs.cloudflare.com/ajax/libs/metro/4.1.5/css/metro.min.css","meta":{"rootId":"v3wn8hjmr69eu2g","id":"v3wn8hjmr69eu2g"},"id":"y0cik706isbc5ka","previousOperationId":"bpeiuqu7rqcex40"}
{"type":"log","timestamp":1719066692612,"level":"debug","message":"Running chrome with params {\"printBackground\":true,\"marginTop\":\"4cm\",\"marginRight\":\"1.5cm\",\"marginBottom\":\"1.5cm\",\"marginLeft\":\"1.5cm\",\"waitForJS\":false,\"timeout\":58483,\"margin\":{\"top\":\"4cm\",\"right\":\"1.5cm\",\"bottom\":\"1.5cm\",\"left\":\"1.5cm\"}}","meta":{"rootId":"v3wn8hjmr69eu2g","id":"v3wn8hjmr69eu2g"},"id":"louoxz8bwjwdw9s","previousOperationId":"bpeiuqu7rqcex40"}
{"type":"operationEnd","operationId":"bpeiuqu7rqcex40","timestamp":1719066693145,"id":"068uaqg80cxyit1","previousEventId":"lhkbsyxm5rrdrmt","previousOperationId":"bpeiuqu7rqcex40"}
{"type":"log","timestamp":1719066693145,"level":"info","message":"pdf-utils is starting pdf processing","meta":{"rootId":"v3wn8hjmr69eu2g","id":"v3wn8hjmr69eu2g"},"id":"jneyrofiecnobcd","previousOperationId":"bpeiuqu7rqcex40"}
{"type":"operationStart","subtype":"pdfUtils","name":"pdf utils","timestamp":1719066693145,"id":"7g6g1wxughuuyxe","previousEventId":"068uaqg80cxyit1","operationId":"dv49kd5iysgvgdw","previousOperationId":"bpeiuqu7rqcex40"}
{"type":"log","timestamp":1719066693145,"level":"debug","message":"pdf-utils detected 1 pdf operation(s) to process","meta":{"rootId":"v3wn8hjmr69eu2g","id":"v3wn8hjmr69eu2g"},"id":"1ocfd89qmicusu0","previousOperationId":"dv49kd5iysgvgdw"}
{"type":"log","timestamp":1719066693173,"level":"debug","message":"pdf-utils running pdf operation merge","meta":{"rootId":"v3wn8hjmr69eu2g","id":"v3wn8hjmr69eu2g"},"id":"5nwgkuxkofz552l","previousOperationId":"dv49kd5iysgvgdw"}
{"type":"operationStart","subtype":"pdfUtilsMerge","name":"pdf utils merge","previousOperationId":"dv49kd5iysgvgdw","timestamp":1719066693173,"id":"nvyotsllffwsfvq","previousEventId":"7g6g1wxughuuyxe","operationId":"lmiikg1csjlmeqn"}
{"type":"operationStart","subtype":"render","name":"orders-header","previousOperationId":"lmiikg1csjlmeqn","timestamp":1719066693176,"id":"h72kjzjdyj12hu0","previousEventId":"nvyotsllffwsfvq","operationId":"z0hjzx50c2z1nax"}
{"type":"log","timestamp":1719066693176,"level":"info","message":"Starting rendering (child) request","meta":{"rootId":"v3wn8hjmr69eu2g","id":"bp52vgxfqunry8e"},"id":"2lae5ceagi4yb6e","previousOperationId":"z0hjzx50c2z1nax"}
{"type":"log","timestamp":1719066693176,"level":"info","message":"Rendering template { name: orders-header, recipe: chrome-pdf, engine: handlebars, preview: true }","meta":{"rootId":"v3wn8hjmr69eu2g","id":"bp52vgxfqunry8e"},"id":"hivzy6xdka0dbyk","previousOperationId":"z0hjzx50c2z1nax"}
{"type":"log","timestamp":1719066693177,"level":"debug","message":"Inline data specified.","meta":{"rootId":"v3wn8hjmr69eu2g","id":"bp52vgxfqunry8e"},"id":"shol6x6h3xn41zm","previousOperationId":"z0hjzx50c2z1nax"}
{"type":"log","timestamp":1719066693178,"level":"debug","message":"Base url not specified, skipping its injection.","meta":{"rootId":"v3wn8hjmr69eu2g","id":"bp52vgxfqunry8e"},"id":"ufjhfepgi5a6jlc","previousOperationId":"z0hjzx50c2z1nax"}
{"type":"operationStart","subtype":"engine","name":"handlebars","timestamp":1719066693178,"id":"8h7qk3mekj0ggja","previousEventId":"h72kjzjdyj12hu0","operationId":"ztenf0r0combee1","previousOperationId":"z0hjzx50c2z1nax"}
{"type":"log","timestamp":1719066693178,"level":"debug","message":"Rendering engine handlebars","meta":{"rootId":"v3wn8hjmr69eu2g","id":"bp52vgxfqunry8e"},"id":"5bgo9pz88aq98z0","previousOperationId":"ztenf0r0combee1"}
{"type":"operationEnd","operationId":"ztenf0r0combee1","timestamp":1719066693189,"id":"qevgm1ihx1dhsky","previousEventId":"8h7qk3mekj0ggja","previousOperationId":"ztenf0r0combee1"}
{"type":"operationStart","subtype":"recipe","name":"chrome-pdf","timestamp":1719066693189,"id":"u9f39otfslzynid","previousEventId":"qevgm1ihx1dhsky","operationId":"9l7y58pzp5sj93b","previousOperationId":"ztenf0r0combee1"}
{"type":"log","timestamp":1719066693189,"level":"debug","message":"Executing recipe chrome-pdf","meta":{"rootId":"v3wn8hjmr69eu2g","id":"bp52vgxfqunry8e"},"id":"mxoel96pi62fdcn","previousOperationId":"9l7y58pzp5sj93b"}
{"type":"log","timestamp":1719066693189,"level":"debug","message":"Converting with chrome Chrome/126.0.6478.61 using chrome-pool strategy","meta":{"rootId":"v3wn8hjmr69eu2g","id":"bp52vgxfqunry8e"},"id":"2qefygr8h5unl0a","previousOperationId":"9l7y58pzp5sj93b"}
{"type":"log","timestamp":1719066693205,"level":"debug","message":"Page request: GET (document) file:///var/folders/2x/1bhfw9mx7d775w_jmf56lcp80000gn/T/jsreport/autocleanup/6184e55f-0015-4943-87ea-499e502fdd4b-chrome-pdf.html","meta":{"rootId":"v3wn8hjmr69eu2g","id":"bp52vgxfqunry8e"},"id":"2hlq3bbo4ml9uj4","previousOperationId":"9l7y58pzp5sj93b"}
{"type":"log","timestamp":1719066693211,"level":"debug","message":"Page request finished: GET (document) 200 file:///var/folders/2x/1bhfw9mx7d775w_jmf56lcp80000gn/T/jsreport/autocleanup/6184e55f-0015-4943-87ea-499e502fdd4b-chrome-pdf.html","meta":{"rootId":"v3wn8hjmr69eu2g","id":"bp52vgxfqunry8e"},"id":"jjywyoimpe2v7et","previousOperationId":"9l7y58pzp5sj93b"}
{"type":"log","timestamp":1719066693211,"level":"debug","message":"Page request: GET (stylesheet) https://cdnjs.cloudflare.com/ajax/libs/metro/4.1.5/css/metro.min.css","meta":{"rootId":"v3wn8hjmr69eu2g","id":"bp52vgxfqunry8e"},"id":"4tvpsiiyzm1gxbw","previousOperationId":"9l7y58pzp5sj93b"}
{"type":"log","timestamp":1719066693218,"level":"debug","message":"Page request finished: GET (stylesheet) 200 https://cdnjs.cloudflare.com/ajax/libs/metro/4.1.5/css/metro.min.css","meta":{"rootId":"v3wn8hjmr69eu2g","id":"bp52vgxfqunry8e"},"id":"pgv72l7mzhyjdya","previousOperationId":"9l7y58pzp5sj93b"}
{"type":"log","timestamp":1719066693247,"level":"debug","message":"Running chrome with params {\"printBackground\":true,\"marginTop\":\"1.5cm\",\"marginRight\":\"1.5cm\",\"marginLeft\":\"1.cm\",\"timeout\":55842,\"margin\":{\"top\":\"1.5cm\",\"right\":\"1.5cm\",\"left\":\"1.cm\"}}","meta":{"rootId":"v3wn8hjmr69eu2g","id":"bp52vgxfqunry8e"},"id":"00qv96h0e8o1047","previousOperationId":"9l7y58pzp5sj93b"}
{"type":"operationEnd","operationId":"9l7y58pzp5sj93b","timestamp":1719066693384,"id":"ohmo1tbrpgvhsug","previousEventId":"u9f39otfslzynid","previousOperationId":"9l7y58pzp5sj93b"}
{"type":"log","timestamp":1719066693384,"level":"debug","message":"Skipping storing report.","meta":{"rootId":"v3wn8hjmr69eu2g","id":"bp52vgxfqunry8e"},"id":"o7c2z736rosrqoa","previousOperationId":"9l7y58pzp5sj93b"}
{"type":"log","timestamp":1719066693384,"level":"info","message":"Rendering (child) request finished in 4353 ms","meta":{"rootId":"v3wn8hjmr69eu2g","id":"bp52vgxfqunry8e"},"id":"omfqge5fr3mvepn","previousOperationId":"9l7y58pzp5sj93b"}
{"type":"operationEnd","subtype":"render","operationId":"z0hjzx50c2z1nax","timestamp":1719066693385,"id":"2dhflkhvdkquhs2","previousEventId":"ohmo1tbrpgvhsug","previousOperationId":"9l7y58pzp5sj93b"}
{"type":"operationEnd","operationId":"lmiikg1csjlmeqn","timestamp":1719066693410,"id":"7gz1f7mo4f42vxh","previousEventId":"nvyotsllffwsfvq","previousOperationId":"lmiikg1csjlmeqn"}
{"type":"log","timestamp":1719066693410,"level":"debug","message":"pdf-utils postprocess start","meta":{"rootId":"v3wn8hjmr69eu2g","id":"v3wn8hjmr69eu2g"},"id":"pps6e629sfr0eet","previousOperationId":"lmiikg1csjlmeqn"}
{"type":"log","timestamp":1719066693430,"level":"debug","message":"pdf-utils postprocess end","meta":{"rootId":"v3wn8hjmr69eu2g","id":"v3wn8hjmr69eu2g"},"id":"xkzacswwakee10h","previousOperationId":"lmiikg1csjlmeqn"}
{"type":"operationEnd","operationId":"dv49kd5iysgvgdw","timestamp":1719066693430,"id":"nyx5g0q5giq4v11","previousEventId":"7gz1f7mo4f42vxh","previousOperationId":"lmiikg1csjlmeqn"}
{"type":"log","timestamp":1719066693431,"level":"info","message":"pdf-utils pdf processing was finished","meta":{"rootId":"v3wn8hjmr69eu2g","id":"v3wn8hjmr69eu2g"},"id":"svl52kxxmu3xxk3","previousOperationId":"dv49kd5iysgvgdw"}
{"type":"log","timestamp":1719066693431,"level":"debug","message":"Skipping storing report.","meta":{"rootId":"v3wn8hjmr69eu2g","id":"v3wn8hjmr69eu2g"},"id":"p8o35oufnlnzvq4","previousOperationId":"dv49kd5iysgvgdw"}
{"type":"log","timestamp":1719066693431,"level":"info","message":"Rendering request 177 finished in 4400 ms","meta":{"rootId":"v3wn8hjmr69eu2g","id":"v3wn8hjmr69eu2g"},"id":"gth8lv5hdogk0nc","previousOperationId":"dv49kd5iysgvgdw"}
{"type":"operationEnd","subtype":"render","operationId":"nswentsief0oxr8","timestamp":1719066693431,"id":"o9okgsny2qm7mio","previousEventId":"nyx5g0q5giq4v11","previousOperationId":"dv49kd5iysgvgdw"}
{"type":"operationEnd","doDiffs":false,"previousEventId":"85ft96kgui3118q","previousOperationId":"bpko6dpuhd1g0d8","operationId":"bpko6dpuhd1g0d8","timestamp":1719066693435,"id":"7zcm9c1tbpzlzo6"}
