{"type":"operationStart","subtype":"profile","data":{"_id":"h4OZeHPYUAgR6re6","timestamp":"2024-06-21T16:20:02.943Z","state":"queued","mode":"standard","creationDate":"2024-06-21T16:20:02.984Z","modificationDate":"2024-06-21T16:20:02.984Z","shortid":"n9IsNo4","$entitySet":"profiles"},"doDiffs":false,"timestamp":1718986802979,"id":"ezyfz2kcb3tm3do","previousOperationId":null,"operationId":"fl343ovu1fxqv1k"}
{"type":"log","level":"info","message":"Render request 7 queued for execution and waiting for available worker","previousOperationId":"fl343ovu1fxqv1k","timestamp":1718986802980,"id":"lfsxl8vd8995mib"}
{"type":"operationStart","subtype":"render","name":"orders-main","previousOperationId":"fl343ovu1fxqv1k","timestamp":1718986803026,"id":"oemtrp3l7uybp5w","previousEventId":"ezyfz2kcb3tm3do","operationId":"16lq9n27cfw9zol"}
{"type":"log","timestamp":1718986803027,"level":"info","message":"Starting rendering request 7","meta":{"rootId":"wdl5advp4x46icp","id":"wdl5advp4x46icp"},"id":"m9leccynix9qkgo","previousOperationId":"16lq9n27cfw9zol"}
{"type":"log","timestamp":1718986803027,"level":"info","message":"Rendering template { name: orders-main, recipe: chrome-pdf, engine: handlebars, preview: false }","meta":{"rootId":"wdl5advp4x46icp","id":"wdl5advp4x46icp"},"id":"cmx3bg6nr7we8ki","previousOperationId":"16lq9n27cfw9zol"}
{"type":"log","timestamp":1718986803030,"level":"debug","message":"Inline data specified.","meta":{"rootId":"wdl5advp4x46icp","id":"wdl5advp4x46icp"},"id":"b4mlyp33gpz0co8","previousOperationId":"16lq9n27cfw9zol"}
{"type":"log","timestamp":1718986803035,"level":"debug","message":"Executing script orders-script (beforeRender)","meta":{"rootId":"wdl5advp4x46icp","id":"wdl5advp4x46icp"},"id":"xlf756xvr273w6o","previousOperationId":"16lq9n27cfw9zol"}
{"type":"operationStart","subtype":"scriptsBeforeRender","name":"scripts beforeRender","timestamp":1718986803100,"id":"pr3nhgzkgp39rts","previousEventId":"oemtrp3l7uybp5w","operationId":"91foho5p6w9rb13","previousOperationId":"16lq9n27cfw9zol"}
{"type":"operationStart","subtype":"script","name":"scripts orders-script","previousOperationId":"91foho5p6w9rb13","timestamp":1718986803100,"id":"zpgvqxwkrd1zhe8","previousEventId":"pr3nhgzkgp39rts","operationId":"jg7odcyd91g6iwo"}
{"type":"operationEnd","operationId":"jg7odcyd91g6iwo","timestamp":1718986804477,"id":"fhe2rrjtod64xaa","previousEventId":"oemtrp3l7uybp5w","previousOperationId":"16lq9n27cfw9zol"}
{"type":"operationEnd","operationId":"91foho5p6w9rb13","timestamp":1718986804477,"id":"zd7h5n69v0o5kq4","previousEventId":"fhe2rrjtod64xaa","previousOperationId":"16lq9n27cfw9zol"}
{"type":"log","timestamp":1718986804477,"level":"debug","message":"Base url not specified, skipping its injection.","meta":{"rootId":"wdl5advp4x46icp","id":"wdl5advp4x46icp"},"id":"ix6lhdtfiurwwhu","previousOperationId":"91foho5p6w9rb13"}
{"type":"operationStart","subtype":"engine","name":"handlebars","timestamp":1718986804477,"id":"fk4mhrvz1b5wpvy","previousEventId":"zd7h5n69v0o5kq4","operationId":"kj8utwmyqn07fwn","previousOperationId":"91foho5p6w9rb13"}
{"type":"log","timestamp":1718986804477,"level":"debug","message":"Rendering engine handlebars","meta":{"rootId":"wdl5advp4x46icp","id":"wdl5advp4x46icp"},"id":"axmn1sof4ttqi3h","previousOperationId":"kj8utwmyqn07fwn"}
{"type":"log","timestamp":1718986804487,"level":"debug","message":"(console:log) Pdf utils adding group field, value: \"France\"","meta":{"userLevel":true,"rootId":"wdl5advp4x46icp","id":"wdl5advp4x46icp"},"id":"cuc2rii3akt0ed6","previousOperationId":"kj8utwmyqn07fwn"}
{"type":"log","timestamp":1718986804494,"level":"debug","message":"(console:log) Pdf utils adding group field, value: \"Germany\"","meta":{"userLevel":true,"rootId":"wdl5advp4x46icp","id":"wdl5advp4x46icp"},"id":"eq3oihzepg1exht","previousOperationId":"kj8utwmyqn07fwn"}
{"type":"operationEnd","operationId":"kj8utwmyqn07fwn","timestamp":1718986804495,"id":"6kumwhzxfvdesot","previousEventId":"fk4mhrvz1b5wpvy","previousOperationId":"kj8utwmyqn07fwn"}
{"type":"operationStart","subtype":"recipe","name":"chrome-pdf","timestamp":1718986804495,"id":"jbb7snjxna8osl8","previousEventId":"6kumwhzxfvdesot","operationId":"zzqd7qcert39pcv","previousOperationId":"kj8utwmyqn07fwn"}
{"type":"log","timestamp":1718986804495,"level":"debug","message":"Executing recipe chrome-pdf","meta":{"rootId":"wdl5advp4x46icp","id":"wdl5advp4x46icp"},"id":"0n0grjim2v363vi","previousOperationId":"zzqd7qcert39pcv"}
{"type":"log","timestamp":1718986804522,"level":"debug","message":"Converting with chrome Chrome/126.0.6478.61 using chrome-pool strategy","meta":{"rootId":"wdl5advp4x46icp","id":"wdl5advp4x46icp"},"id":"ccdnclufu5rtz0g","previousOperationId":"zzqd7qcert39pcv"}
{"type":"log","timestamp":1718986805131,"level":"debug","message":"Page request: GET (document) file:///var/folders/2x/1bhfw9mx7d775w_jmf56lcp80000gn/T/jsreport/autocleanup/e03f36b2-8f5d-4552-beb8-e1b97d2a539f-chrome-pdf.html","meta":{"rootId":"wdl5advp4x46icp","id":"wdl5advp4x46icp"},"id":"mt8q5dawury1yq5","previousOperationId":"zzqd7qcert39pcv"}
{"type":"log","timestamp":1718986805224,"level":"debug","message":"Page request finished: GET (document) 200 file:///var/folders/2x/1bhfw9mx7d775w_jmf56lcp80000gn/T/jsreport/autocleanup/e03f36b2-8f5d-4552-beb8-e1b97d2a539f-chrome-pdf.html","meta":{"rootId":"wdl5advp4x46icp","id":"wdl5advp4x46icp"},"id":"di16kq00ag5bz85","previousOperationId":"zzqd7qcert39pcv"}
{"type":"log","timestamp":1718986805227,"level":"debug","message":"Page request: GET (stylesheet) https://cdnjs.cloudflare.com/ajax/libs/metro/4.1.5/css/metro.min.css","meta":{"rootId":"wdl5advp4x46icp","id":"wdl5advp4x46icp"},"id":"k0kk9rqq717fpg0","previousOperationId":"zzqd7qcert39pcv"}
{"type":"log","timestamp":1718986805227,"level":"debug","message":"Page request: GET (script) https://cdnjs.cloudflare.com/ajax/libs/Chart.js/2.7.2/Chart.min.js","meta":{"rootId":"wdl5advp4x46icp","id":"wdl5advp4x46icp"},"id":"h13s9va1ngp0k6x","previousOperationId":"zzqd7qcert39pcv"}
{"type":"log","timestamp":1718986805244,"level":"debug","message":"Page request finished: GET (stylesheet) 200 https://cdnjs.cloudflare.com/ajax/libs/metro/4.1.5/css/metro.min.css","meta":{"rootId":"wdl5advp4x46icp","id":"wdl5advp4x46icp"},"id":"exa4p0wi0i4ndx4","previousOperationId":"zzqd7qcert39pcv"}
{"type":"log","timestamp":1718986805245,"level":"debug","message":"Page request finished: GET (script) 200 https://cdnjs.cloudflare.com/ajax/libs/Chart.js/2.7.2/Chart.min.js","meta":{"rootId":"wdl5advp4x46icp","id":"wdl5advp4x46icp"},"id":"uovq11rw34bzlq1","previousOperationId":"zzqd7qcert39pcv"}
{"type":"log","timestamp":1718986805357,"level":"debug","message":"Running chrome with params {\"printBackground\":true,\"marginTop\":\"4cm\",\"marginRight\":\"1.5cm\",\"marginBottom\":\"1.5cm\",\"marginLeft\":\"1.5cm\",\"waitForJS\":false,\"timeout\":58430,\"margin\":{\"top\":\"4cm\",\"right\":\"1.5cm\",\"bottom\":\"1.5cm\",\"left\":\"1.5cm\"}}","meta":{"rootId":"wdl5advp4x46icp","id":"wdl5advp4x46icp"},"id":"pfpcg7acwy02mdw","previousOperationId":"zzqd7qcert39pcv"}
{"type":"operationEnd","operationId":"zzqd7qcert39pcv","timestamp":1718986806084,"id":"4ashb885vj5bo7q","previousEventId":"jbb7snjxna8osl8","previousOperationId":"zzqd7qcert39pcv"}
{"type":"log","timestamp":1718986806084,"level":"info","message":"pdf-utils is starting pdf processing","meta":{"rootId":"wdl5advp4x46icp","id":"wdl5advp4x46icp"},"id":"n0yb546ocfz28sa","previousOperationId":"zzqd7qcert39pcv"}
{"type":"operationStart","subtype":"pdfUtils","name":"pdf utils","timestamp":1718986806220,"id":"vsaomaehpv8rd42","previousEventId":"4ashb885vj5bo7q","operationId":"5ko1o7imiu9oyoh","previousOperationId":"zzqd7qcert39pcv"}
{"type":"log","timestamp":1718986806220,"level":"debug","message":"pdf-utils detected 1 pdf operation(s) to process","meta":{"rootId":"wdl5advp4x46icp","id":"wdl5advp4x46icp"},"id":"mpyohg4m2fmfiuk","previousOperationId":"5ko1o7imiu9oyoh"}
{"type":"log","timestamp":1718986806250,"level":"debug","message":"pdf-utils running pdf operation merge","meta":{"rootId":"wdl5advp4x46icp","id":"wdl5advp4x46icp"},"id":"ws3een04egvq67k","previousOperationId":"5ko1o7imiu9oyoh"}
{"type":"operationStart","subtype":"pdfUtilsMerge","name":"pdf utils merge","previousOperationId":"5ko1o7imiu9oyoh","timestamp":1718986806250,"id":"x566cu5tfy5ohue","previousEventId":"vsaomaehpv8rd42","operationId":"0xsb451od5per2d"}
{"type":"operationStart","subtype":"render","name":"orders-header","previousOperationId":"0xsb451od5per2d","timestamp":1718986806253,"id":"hcy0vzt84a6npry","previousEventId":"x566cu5tfy5ohue","operationId":"122rtwq6lmfh5ib"}
{"type":"log","timestamp":1718986806253,"level":"info","message":"Starting rendering (child) request","meta":{"rootId":"wdl5advp4x46icp","id":"fi9hsorlrnxfxj3"},"id":"fa0uviey6uuocrb","previousOperationId":"122rtwq6lmfh5ib"}
{"type":"log","timestamp":1718986806253,"level":"info","message":"Rendering template { name: orders-header, recipe: chrome-pdf, engine: handlebars, preview: false }","meta":{"rootId":"wdl5advp4x46icp","id":"fi9hsorlrnxfxj3"},"id":"zps17j46em1olrp","previousOperationId":"122rtwq6lmfh5ib"}
{"type":"log","timestamp":1718986806255,"level":"debug","message":"Inline data specified.","meta":{"rootId":"wdl5advp4x46icp","id":"fi9hsorlrnxfxj3"},"id":"vd0o54tmkq09quq","previousOperationId":"122rtwq6lmfh5ib"}
{"type":"log","timestamp":1718986806258,"level":"debug","message":"Base url not specified, skipping its injection.","meta":{"rootId":"wdl5advp4x46icp","id":"fi9hsorlrnxfxj3"},"id":"u799jto099dt9t3","previousOperationId":"122rtwq6lmfh5ib"}
{"type":"operationStart","subtype":"engine","name":"handlebars","timestamp":1718986806258,"id":"2nnx0fwmw2592gx","previousEventId":"hcy0vzt84a6npry","operationId":"02neguop57p2gg7","previousOperationId":"122rtwq6lmfh5ib"}
{"type":"log","timestamp":1718986806258,"level":"debug","message":"Rendering engine handlebars","meta":{"rootId":"wdl5advp4x46icp","id":"fi9hsorlrnxfxj3"},"id":"qi1w8evpw0r2hzv","previousOperationId":"02neguop57p2gg7"}
{"type":"operationEnd","operationId":"02neguop57p2gg7","timestamp":1718986806282,"id":"6iorn3ir35s9apr","previousEventId":"2nnx0fwmw2592gx","previousOperationId":"02neguop57p2gg7"}
{"type":"operationStart","subtype":"recipe","name":"chrome-pdf","timestamp":1718986806282,"id":"fqxaf59tdql9oqf","previousEventId":"6iorn3ir35s9apr","operationId":"1p5n7wqbkbme7vf","previousOperationId":"02neguop57p2gg7"}
{"type":"log","timestamp":1718986806282,"level":"debug","message":"Executing recipe chrome-pdf","meta":{"rootId":"wdl5advp4x46icp","id":"fi9hsorlrnxfxj3"},"id":"byerk0rsj49wunu","previousOperationId":"1p5n7wqbkbme7vf"}
{"type":"log","timestamp":1718986806283,"level":"debug","message":"Converting with chrome Chrome/126.0.6478.61 using chrome-pool strategy","meta":{"rootId":"wdl5advp4x46icp","id":"fi9hsorlrnxfxj3"},"id":"76bf89ex7ftrghq","previousOperationId":"1p5n7wqbkbme7vf"}
{"type":"log","timestamp":1718986806348,"level":"debug","message":"Page request: GET (document) file:///var/folders/2x/1bhfw9mx7d775w_jmf56lcp80000gn/T/jsreport/autocleanup/9ab0027b-2166-48d5-be1e-a9d45ad075d1-chrome-pdf.html","meta":{"rootId":"wdl5advp4x46icp","id":"fi9hsorlrnxfxj3"},"id":"3zjosgspsz33yhr","previousOperationId":"1p5n7wqbkbme7vf"}
{"type":"log","timestamp":1718986806354,"level":"debug","message":"Page request finished: GET (document) 200 file:///var/folders/2x/1bhfw9mx7d775w_jmf56lcp80000gn/T/jsreport/autocleanup/9ab0027b-2166-48d5-be1e-a9d45ad075d1-chrome-pdf.html","meta":{"rootId":"wdl5advp4x46icp","id":"fi9hsorlrnxfxj3"},"id":"u5p01co2uvhgnvu","previousOperationId":"1p5n7wqbkbme7vf"}
{"type":"log","timestamp":1718986806354,"level":"debug","message":"Page request: GET (stylesheet) https://cdnjs.cloudflare.com/ajax/libs/metro/4.1.5/css/metro.min.css","meta":{"rootId":"wdl5advp4x46icp","id":"fi9hsorlrnxfxj3"},"id":"sjmv1rzpqlhd0sz","previousOperationId":"1p5n7wqbkbme7vf"}
{"type":"log","timestamp":1718986806360,"level":"debug","message":"Page request finished: GET (stylesheet) 200 https://cdnjs.cloudflare.com/ajax/libs/metro/4.1.5/css/metro.min.css","meta":{"rootId":"wdl5advp4x46icp","id":"fi9hsorlrnxfxj3"},"id":"0qvdlpgl7t5h2jz","previousOperationId":"1p5n7wqbkbme7vf"}
{"type":"log","timestamp":1718986806388,"level":"debug","message":"Running chrome with params {\"printBackground\":true,\"marginTop\":\"1.5cm\",\"marginRight\":\"1.5cm\",\"marginLeft\":\"1.cm\",\"timeout\":56643,\"margin\":{\"top\":\"1.5cm\",\"right\":\"1.5cm\",\"left\":\"1.cm\"}}","meta":{"rootId":"wdl5advp4x46icp","id":"fi9hsorlrnxfxj3"},"id":"yvrg7qaqwh4d01d","previousOperationId":"1p5n7wqbkbme7vf"}
{"type":"operationEnd","operationId":"1p5n7wqbkbme7vf","timestamp":1718986806508,"id":"d12qnm28wyu92q8","previousEventId":"fqxaf59tdql9oqf","previousOperationId":"1p5n7wqbkbme7vf"}
{"type":"log","timestamp":1718986806508,"level":"debug","message":"Skipping storing report.","meta":{"rootId":"wdl5advp4x46icp","id":"fi9hsorlrnxfxj3"},"id":"7hwayr1o6opcesq","previousOperationId":"1p5n7wqbkbme7vf"}
{"type":"log","timestamp":1718986806508,"level":"info","message":"Rendering (child) request finished in 3582 ms","meta":{"rootId":"wdl5advp4x46icp","id":"fi9hsorlrnxfxj3"},"id":"s7ih6dw2ho55f69","previousOperationId":"1p5n7wqbkbme7vf"}
{"type":"operationEnd","subtype":"render","operationId":"122rtwq6lmfh5ib","timestamp":1718986806508,"id":"xj9zcf0mdlajy31","previousEventId":"d12qnm28wyu92q8","previousOperationId":"1p5n7wqbkbme7vf"}
{"type":"operationEnd","operationId":"0xsb451od5per2d","timestamp":1718986806527,"id":"tv1yvsz6k2zul8z","previousEventId":"x566cu5tfy5ohue","previousOperationId":"0xsb451od5per2d"}
{"type":"log","timestamp":1718986806527,"level":"debug","message":"pdf-utils postprocess start","meta":{"rootId":"wdl5advp4x46icp","id":"wdl5advp4x46icp"},"id":"f7znryrzkg7bjw7","previousOperationId":"0xsb451od5per2d"}
{"type":"log","timestamp":1718986806547,"level":"debug","message":"pdf-utils postprocess end","meta":{"rootId":"wdl5advp4x46icp","id":"wdl5advp4x46icp"},"id":"ua48ivno162lhhg","previousOperationId":"0xsb451od5per2d"}
{"type":"operationEnd","operationId":"5ko1o7imiu9oyoh","timestamp":1718986806547,"id":"jznq66zss4jri4e","previousEventId":"tv1yvsz6k2zul8z","previousOperationId":"0xsb451od5per2d"}
{"type":"log","timestamp":1718986806547,"level":"info","message":"pdf-utils pdf processing was finished","meta":{"rootId":"wdl5advp4x46icp","id":"wdl5advp4x46icp"},"id":"biqpgzkevlccna8","previousOperationId":"5ko1o7imiu9oyoh"}
{"type":"log","timestamp":1718986806547,"level":"debug","message":"Skipping storing report.","meta":{"rootId":"wdl5advp4x46icp","id":"wdl5advp4x46icp"},"id":"n4d2t2jxzfvau8q","previousOperationId":"5ko1o7imiu9oyoh"}
{"type":"log","timestamp":1718986806547,"level":"info","message":"Rendering request 7 finished in 3621 ms","meta":{"rootId":"wdl5advp4x46icp","id":"wdl5advp4x46icp"},"id":"kgu9wlzg1llpjne","previousOperationId":"5ko1o7imiu9oyoh"}
{"type":"operationEnd","subtype":"render","operationId":"16lq9n27cfw9zol","timestamp":1718986806547,"id":"vqv7e5oj57nnhy6","previousEventId":"jznq66zss4jri4e","previousOperationId":"5ko1o7imiu9oyoh"}
{"type":"operationEnd","doDiffs":false,"previousEventId":"ezyfz2kcb3tm3do","previousOperationId":"fl343ovu1fxqv1k","operationId":"fl343ovu1fxqv1k","timestamp":1718986806550,"id":"a015oipeqnamw3j"}
