{"type":"operationStart","subtype":"profile","data":{"_id":"QMrUmQRNvlzehXeT","timestamp":"2024-06-27T21:54:15.790Z","state":"queued","mode":"standard","creationDate":"2024-06-27T21:54:15.793Z","modificationDate":"2024-06-27T21:54:15.793Z","shortid":"9woOIDz","$entitySet":"profiles"},"doDiffs":false,"timestamp":1719525255791,"id":"8ryr0xw2qbhvgw5","previousOperationId":null,"operationId":"mx7lglcky2c3ra5"}
{"type":"log","level":"info","message":"Render request 36 queued for execution and waiting for available worker","previousOperationId":"mx7lglcky2c3ra5","timestamp":1719525255792,"id":"aizuyumzvbq0n3e"}
{"type":"operationStart","subtype":"render","name":"orders-main","previousOperationId":"mx7lglcky2c3ra5","timestamp":1719525255831,"id":"nd3w2qaxfauxc3v","previousEventId":"8ryr0xw2qbhvgw5","operationId":"4aslslinyvuwszq"}
{"type":"log","timestamp":1719525255833,"level":"info","message":"Starting rendering request 36","meta":{"rootId":"xe18gku8bgqubll","id":"xe18gku8bgqubll"},"id":"c2t7a6zlo73ykpe","previousOperationId":"4aslslinyvuwszq"}
{"type":"log","timestamp":1719525255836,"level":"info","message":"Rendering template { name: orders-main, recipe: chrome-pdf, engine: handlebars, preview: true }","meta":{"rootId":"xe18gku8bgqubll","id":"xe18gku8bgqubll"},"id":"3zfcysu9eioczhn","previousOperationId":"4aslslinyvuwszq"}
{"type":"log","timestamp":1719525255841,"level":"debug","message":"Data item not defined for this template.","meta":{"rootId":"xe18gku8bgqubll","id":"xe18gku8bgqubll"},"id":"scuzx58h6xznxn6","previousOperationId":"4aslslinyvuwszq"}
{"type":"log","timestamp":1719525255850,"level":"debug","message":"Executing script orders-script (beforeRender)","meta":{"rootId":"xe18gku8bgqubll","id":"xe18gku8bgqubll"},"id":"5o2q9u9dbhgpse5","previousOperationId":"4aslslinyvuwszq"}
{"type":"operationStart","subtype":"scriptsBeforeRender","name":"scripts beforeRender","timestamp":1719525255912,"id":"98tq8juvkpa4aj4","previousEventId":"nd3w2qaxfauxc3v","operationId":"2kcudn63709zqg4","previousOperationId":"4aslslinyvuwszq"}
{"type":"operationStart","subtype":"script","name":"scripts orders-script","previousOperationId":"2kcudn63709zqg4","timestamp":1719525255912,"id":"0aovcdje3dtuwwh","previousEventId":"98tq8juvkpa4aj4","operationId":"4kyi32t26gcyj8p"}
{"type":"operationEnd","operationId":"4kyi32t26gcyj8p","timestamp":1719525267629,"id":"e5taf0f3f3pbjaj","previousEventId":"nd3w2qaxfauxc3v","previousOperationId":"4aslslinyvuwszq"}
{"type":"operationEnd","operationId":"2kcudn63709zqg4","timestamp":1719525267629,"id":"k2b27t28d9fntao","previousEventId":"e5taf0f3f3pbjaj","previousOperationId":"4aslslinyvuwszq"}
{"type":"log","timestamp":1719525267629,"level":"debug","message":"Base url not specified, skipping its injection.","meta":{"rootId":"xe18gku8bgqubll","id":"xe18gku8bgqubll"},"id":"lvv66e0ahs4p67s","previousOperationId":"2kcudn63709zqg4"}
{"type":"operationStart","subtype":"engine","name":"handlebars","timestamp":1719525267629,"id":"kloh0kzsg1uegnh","previousEventId":"k2b27t28d9fntao","operationId":"981343nu9lefum0","previousOperationId":"2kcudn63709zqg4"}
{"type":"log","timestamp":1719525267629,"level":"debug","message":"Rendering engine handlebars","meta":{"rootId":"xe18gku8bgqubll","id":"xe18gku8bgqubll"},"id":"kgugp46r9nst68d","previousOperationId":"981343nu9lefum0"}
{"type":"log","timestamp":1719525267662,"level":"debug","message":"(console:log) Pdf utils adding group field, value: \"France\"","meta":{"userLevel":true,"rootId":"xe18gku8bgqubll","id":"xe18gku8bgqubll"},"id":"nx14l3qqommop93","previousOperationId":"981343nu9lefum0"}
{"type":"log","timestamp":1719525267668,"level":"debug","message":"(console:log) Pdf utils adding group field, value: \"Germany\"","meta":{"userLevel":true,"rootId":"xe18gku8bgqubll","id":"xe18gku8bgqubll"},"id":"et2tk0erj7fey2q","previousOperationId":"981343nu9lefum0"}
{"type":"operationEnd","operationId":"981343nu9lefum0","timestamp":1719525267668,"id":"i4d2vby3b6ys9ut","previousEventId":"kloh0kzsg1uegnh","previousOperationId":"981343nu9lefum0"}
{"type":"operationStart","subtype":"recipe","name":"chrome-pdf","timestamp":1719525267670,"id":"d49bhtidl7jqyej","previousEventId":"i4d2vby3b6ys9ut","operationId":"ci2puwd9vasl6eu","previousOperationId":"981343nu9lefum0"}
{"type":"log","timestamp":1719525267671,"level":"debug","message":"Executing recipe chrome-pdf","meta":{"rootId":"xe18gku8bgqubll","id":"xe18gku8bgqubll"},"id":"8wb64y7psz8h63h","previousOperationId":"ci2puwd9vasl6eu"}
{"type":"log","timestamp":1719525269114,"level":"debug","message":"Converting with chrome Chrome/126.0.6478.61 using chrome-pool strategy","meta":{"rootId":"xe18gku8bgqubll","id":"xe18gku8bgqubll"},"id":"k0stbxi2uoajdp0","previousOperationId":"ci2puwd9vasl6eu"}
{"type":"log","timestamp":1719525269263,"level":"debug","message":"Page request: GET (document) file:///var/folders/2x/1bhfw9mx7d775w_jmf56lcp80000gn/T/jsreport/autocleanup/83366ae5-731a-4ffa-af60-f6a2451197bf-chrome-pdf.html","meta":{"rootId":"xe18gku8bgqubll","id":"xe18gku8bgqubll"},"id":"8pfwzzpei75pl03","previousOperationId":"ci2puwd9vasl6eu"}
{"type":"log","timestamp":1719525269274,"level":"debug","message":"Page request finished: GET (document) 200 file:///var/folders/2x/1bhfw9mx7d775w_jmf56lcp80000gn/T/jsreport/autocleanup/83366ae5-731a-4ffa-af60-f6a2451197bf-chrome-pdf.html","meta":{"rootId":"xe18gku8bgqubll","id":"xe18gku8bgqubll"},"id":"93bkdb3abof2v4z","previousOperationId":"ci2puwd9vasl6eu"}
{"type":"log","timestamp":1719525269276,"level":"debug","message":"Page request: GET (stylesheet) https://cdnjs.cloudflare.com/ajax/libs/metro/4.1.5/css/metro.min.css","meta":{"rootId":"xe18gku8bgqubll","id":"xe18gku8bgqubll"},"id":"1q1pp2o2nl2ujq5","previousOperationId":"ci2puwd9vasl6eu"}
{"type":"log","timestamp":1719525269276,"level":"debug","message":"Page request: GET (script) https://cdnjs.cloudflare.com/ajax/libs/Chart.js/2.7.2/Chart.min.js","meta":{"rootId":"xe18gku8bgqubll","id":"xe18gku8bgqubll"},"id":"tw1lk1abaliimip","previousOperationId":"ci2puwd9vasl6eu"}
{"type":"log","timestamp":1719525273038,"level":"debug","message":"Page request finished: GET (script) 200 https://cdnjs.cloudflare.com/ajax/libs/Chart.js/2.7.2/Chart.min.js","meta":{"rootId":"xe18gku8bgqubll","id":"xe18gku8bgqubll"},"id":"n4evx762osgwmda","previousOperationId":"ci2puwd9vasl6eu"}
{"type":"log","timestamp":1719525276187,"level":"debug","message":"Page request finished: GET (stylesheet) 200 https://cdnjs.cloudflare.com/ajax/libs/metro/4.1.5/css/metro.min.css","meta":{"rootId":"xe18gku8bgqubll","id":"xe18gku8bgqubll"},"id":"jthgz6p79y6k3y5","previousOperationId":"ci2puwd9vasl6eu"}
{"type":"log","timestamp":1719525276274,"level":"debug","message":"Running chrome with params {\"printBackground\":true,\"marginTop\":\"2cm\",\"marginRight\":\"1.5cm\",\"marginBottom\":\"2cm\",\"marginLeft\":\"1.5cm\",\"waitForJS\":false,\"timeout\":48113,\"margin\":{\"top\":\"2cm\",\"right\":\"1.5cm\",\"bottom\":\"2cm\",\"left\":\"1.5cm\"}}","meta":{"rootId":"xe18gku8bgqubll","id":"xe18gku8bgqubll"},"id":"fobccx0n1ezx6zv","previousOperationId":"ci2puwd9vasl6eu"}
{"type":"operationEnd","operationId":"ci2puwd9vasl6eu","timestamp":1719525276509,"id":"bvzgk9qgxjkwhok","previousEventId":"d49bhtidl7jqyej","previousOperationId":"ci2puwd9vasl6eu"}
{"type":"log","timestamp":1719525276509,"level":"info","message":"pdf-utils is starting pdf processing","meta":{"rootId":"xe18gku8bgqubll","id":"xe18gku8bgqubll"},"id":"pd1w3cbwsgr1j7c","previousOperationId":"ci2puwd9vasl6eu"}
{"type":"operationStart","subtype":"pdfUtils","name":"pdf utils","timestamp":1719525276510,"id":"9609rrrzdl9mtdu","previousEventId":"bvzgk9qgxjkwhok","operationId":"03xujref2yr22ko","previousOperationId":"ci2puwd9vasl6eu"}
{"type":"log","timestamp":1719525276511,"level":"debug","message":"pdf-utils detected 1 pdf operation(s) to process","meta":{"rootId":"xe18gku8bgqubll","id":"xe18gku8bgqubll"},"id":"mx9uvp4n3i5o8ac","previousOperationId":"03xujref2yr22ko"}
{"type":"log","timestamp":1719525276535,"level":"debug","message":"pdf-utils running pdf operation merge","meta":{"rootId":"xe18gku8bgqubll","id":"xe18gku8bgqubll"},"id":"x8oinwiexyodklo","previousOperationId":"03xujref2yr22ko"}
{"type":"operationStart","subtype":"pdfUtilsMerge","name":"pdf utils merge","previousOperationId":"03xujref2yr22ko","timestamp":1719525276535,"id":"ss9e6elgvghfxfd","previousEventId":"9609rrrzdl9mtdu","operationId":"37hmn2pbg6fihuf"}
{"type":"operationStart","subtype":"render","name":"orders-header","previousOperationId":"37hmn2pbg6fihuf","timestamp":1719525276538,"id":"e3vwtuyum30dpcv","previousEventId":"ss9e6elgvghfxfd","operationId":"fs6taqee2mlf3uh"}
{"type":"log","timestamp":1719525276538,"level":"info","message":"Starting rendering (child) request","meta":{"rootId":"xe18gku8bgqubll","id":"dprasgtr04cb9ye"},"id":"mnsgnvjpw3hceep","previousOperationId":"fs6taqee2mlf3uh"}
{"type":"log","timestamp":1719525276538,"level":"info","message":"Rendering template { name: orders-header, recipe: chrome-pdf, engine: handlebars, preview: true }","meta":{"rootId":"xe18gku8bgqubll","id":"dprasgtr04cb9ye"},"id":"xfy2e3z62y8ak0j","previousOperationId":"fs6taqee2mlf3uh"}
{"type":"log","timestamp":1719525276538,"level":"debug","message":"Inline data specified.","meta":{"rootId":"xe18gku8bgqubll","id":"dprasgtr04cb9ye"},"id":"drbl0gzcihet5fb","previousOperationId":"fs6taqee2mlf3uh"}
{"type":"log","timestamp":1719525276539,"level":"debug","message":"Base url not specified, skipping its injection.","meta":{"rootId":"xe18gku8bgqubll","id":"dprasgtr04cb9ye"},"id":"waoiupzeu6z7i0w","previousOperationId":"fs6taqee2mlf3uh"}
{"type":"operationStart","subtype":"engine","name":"handlebars","timestamp":1719525276539,"id":"jhxg232m81syfrz","previousEventId":"e3vwtuyum30dpcv","operationId":"dlmgg84zcmxw78k","previousOperationId":"fs6taqee2mlf3uh"}
{"type":"log","timestamp":1719525276539,"level":"debug","message":"Rendering engine handlebars","meta":{"rootId":"xe18gku8bgqubll","id":"dprasgtr04cb9ye"},"id":"2xcrez5k5trbinn","previousOperationId":"dlmgg84zcmxw78k"}
{"type":"operationEnd","operationId":"dlmgg84zcmxw78k","timestamp":1719525276550,"id":"zw5cm01oida38cb","previousEventId":"jhxg232m81syfrz","previousOperationId":"dlmgg84zcmxw78k"}
{"type":"operationStart","subtype":"recipe","name":"chrome-pdf","timestamp":1719525276550,"id":"tg1zzjiydhx2dtx","previousEventId":"zw5cm01oida38cb","operationId":"pxxryabf1co404d","previousOperationId":"dlmgg84zcmxw78k"}
{"type":"log","timestamp":1719525276550,"level":"debug","message":"Executing recipe chrome-pdf","meta":{"rootId":"xe18gku8bgqubll","id":"dprasgtr04cb9ye"},"id":"rvjxe6tqrc7yoz6","previousOperationId":"pxxryabf1co404d"}
{"type":"log","timestamp":1719525276550,"level":"debug","message":"Converting with chrome Chrome/126.0.6478.61 using chrome-pool strategy","meta":{"rootId":"xe18gku8bgqubll","id":"dprasgtr04cb9ye"},"id":"pa9gay2gfh41szv","previousOperationId":"pxxryabf1co404d"}
{"type":"log","timestamp":1719525276569,"level":"debug","message":"Page request: GET (document) file:///var/folders/2x/1bhfw9mx7d775w_jmf56lcp80000gn/T/jsreport/autocleanup/c1220dec-61cf-483c-b2d7-af3321cbac14-chrome-pdf.html","meta":{"rootId":"xe18gku8bgqubll","id":"dprasgtr04cb9ye"},"id":"hyapzn3d5v68cxj","previousOperationId":"pxxryabf1co404d"}
{"type":"log","timestamp":1719525276575,"level":"debug","message":"Page request finished: GET (document) 200 file:///var/folders/2x/1bhfw9mx7d775w_jmf56lcp80000gn/T/jsreport/autocleanup/c1220dec-61cf-483c-b2d7-af3321cbac14-chrome-pdf.html","meta":{"rootId":"xe18gku8bgqubll","id":"dprasgtr04cb9ye"},"id":"ukqvdoesiwy8px4","previousOperationId":"pxxryabf1co404d"}
{"type":"log","timestamp":1719525276575,"level":"debug","message":"Page request: GET (stylesheet) https://cdnjs.cloudflare.com/ajax/libs/metro/4.1.5/css/metro.min.css","meta":{"rootId":"xe18gku8bgqubll","id":"dprasgtr04cb9ye"},"id":"ebddesp0nzkuz0g","previousOperationId":"pxxryabf1co404d"}
{"type":"log","timestamp":1719525276584,"level":"debug","message":"Page request finished: GET (stylesheet) 200 https://cdnjs.cloudflare.com/ajax/libs/metro/4.1.5/css/metro.min.css","meta":{"rootId":"xe18gku8bgqubll","id":"dprasgtr04cb9ye"},"id":"7bz49pzc9ogmt4c","previousOperationId":"pxxryabf1co404d"}
{"type":"log","timestamp":1719525276610,"level":"debug","message":"Running chrome with params {\"printBackground\":true,\"marginTop\":\"1.5cm\",\"marginRight\":\"1.5cm\",\"marginLeft\":\"1.cm\",\"timeout\":39236,\"margin\":{\"top\":\"1.5cm\",\"right\":\"1.5cm\",\"left\":\"1.cm\"}}","meta":{"rootId":"xe18gku8bgqubll","id":"dprasgtr04cb9ye"},"id":"03j5mlshfrtgj1m","previousOperationId":"pxxryabf1co404d"}
{"type":"operationEnd","operationId":"pxxryabf1co404d","timestamp":1719525276736,"id":"votavc8i7r27orb","previousEventId":"tg1zzjiydhx2dtx","previousOperationId":"pxxryabf1co404d"}
{"type":"log","timestamp":1719525276736,"level":"debug","message":"Skipping storing report.","meta":{"rootId":"xe18gku8bgqubll","id":"dprasgtr04cb9ye"},"id":"pvhbgalraswv6vv","previousOperationId":"pxxryabf1co404d"}
{"type":"log","timestamp":1719525276736,"level":"info","message":"Rendering (child) request finished in 20950 ms","meta":{"rootId":"xe18gku8bgqubll","id":"dprasgtr04cb9ye"},"id":"gvj65sm0a17kflt","previousOperationId":"pxxryabf1co404d"}
{"type":"operationEnd","subtype":"render","operationId":"fs6taqee2mlf3uh","timestamp":1719525276736,"id":"fn0obwhpfmt9h2j","previousEventId":"votavc8i7r27orb","previousOperationId":"pxxryabf1co404d"}
{"type":"operationEnd","operationId":"37hmn2pbg6fihuf","timestamp":1719525276755,"id":"gh7kwxma2csa4td","previousEventId":"ss9e6elgvghfxfd","previousOperationId":"37hmn2pbg6fihuf"}
{"type":"log","timestamp":1719525276755,"level":"debug","message":"pdf-utils postprocess start","meta":{"rootId":"xe18gku8bgqubll","id":"xe18gku8bgqubll"},"id":"jerxashb8b08jc3","previousOperationId":"37hmn2pbg6fihuf"}
{"type":"log","timestamp":1719525276772,"level":"debug","message":"pdf-utils postprocess end","meta":{"rootId":"xe18gku8bgqubll","id":"xe18gku8bgqubll"},"id":"p59bbc86znc4ujp","previousOperationId":"37hmn2pbg6fihuf"}
{"type":"operationEnd","operationId":"03xujref2yr22ko","timestamp":1719525276772,"id":"8vv1v1pk2y4ngjv","previousEventId":"gh7kwxma2csa4td","previousOperationId":"37hmn2pbg6fihuf"}
{"type":"log","timestamp":1719525276772,"level":"info","message":"pdf-utils pdf processing was finished","meta":{"rootId":"xe18gku8bgqubll","id":"xe18gku8bgqubll"},"id":"cxzym9b617ie9k9","previousOperationId":"03xujref2yr22ko"}
{"type":"log","timestamp":1719525276772,"level":"debug","message":"Skipping storing report.","meta":{"rootId":"xe18gku8bgqubll","id":"xe18gku8bgqubll"},"id":"l3pwz0wtq8sekyp","previousOperationId":"03xujref2yr22ko"}
{"type":"log","timestamp":1719525276772,"level":"info","message":"Rendering request 36 finished in 20986 ms","meta":{"rootId":"xe18gku8bgqubll","id":"xe18gku8bgqubll"},"id":"u7hdor1div3l5kg","previousOperationId":"03xujref2yr22ko"}
{"type":"operationEnd","subtype":"render","operationId":"4aslslinyvuwszq","timestamp":1719525276772,"id":"eveucx6gqthlhiw","previousEventId":"8vv1v1pk2y4ngjv","previousOperationId":"03xujref2yr22ko"}
{"type":"operationEnd","doDiffs":false,"previousEventId":"8ryr0xw2qbhvgw5","previousOperationId":"mx7lglcky2c3ra5","operationId":"mx7lglcky2c3ra5","timestamp":1719525276776,"id":"kzgpvx1oxa582c3"}
