{"type":"operationStart","subtype":"profile","data":{"_id":"25IcsebFpXRE4pKU","timestamp":"2024-06-21T19:30:58.066Z","state":"queued","mode":"standard","creationDate":"2024-06-21T19:30:58.068Z","modificationDate":"2024-06-21T19:30:58.068Z","shortid":"UQn01oS","$entitySet":"profiles"},"doDiffs":false,"timestamp":1718998258067,"id":"f14sqc9mtavrgnb","previousOperationId":null,"operationId":"rgoebqh1h4npodn"}
{"type":"log","level":"info","message":"Render request 37 queued for execution and waiting for available worker","previousOperationId":"rgoebqh1h4npodn","timestamp":1718998258067,"id":"a3ia95g04szqmiz"}
{"type":"operationStart","subtype":"render","name":"orders-main","previousOperationId":"rgoebqh1h4npodn","timestamp":1718998258092,"id":"zmm6ceratck8ran","previousEventId":"f14sqc9mtavrgnb","operationId":"b3tby4vbl0gctrc"}
{"type":"log","timestamp":1718998258092,"level":"info","message":"Starting rendering request 37","meta":{"rootId":"zfr5r6rs4ddyn6u","id":"zfr5r6rs4ddyn6u"},"id":"it2ydcafamub1d2","previousOperationId":"b3tby4vbl0gctrc"}
{"type":"log","timestamp":1718998258092,"level":"info","message":"Rendering template { name: orders-main, recipe: chrome-pdf, engine: handlebars, preview: false }","meta":{"rootId":"zfr5r6rs4ddyn6u","id":"zfr5r6rs4ddyn6u"},"id":"09zw71hnxwd58xy","previousOperationId":"b3tby4vbl0gctrc"}
{"type":"log","timestamp":1718998258093,"level":"debug","message":"Inline data specified.","meta":{"rootId":"zfr5r6rs4ddyn6u","id":"zfr5r6rs4ddyn6u"},"id":"8h87z4et1qvrotk","previousOperationId":"b3tby4vbl0gctrc"}
{"type":"log","timestamp":1718998258093,"level":"debug","message":"Executing script orders-script (beforeRender)","meta":{"rootId":"zfr5r6rs4ddyn6u","id":"zfr5r6rs4ddyn6u"},"id":"qybdcu4lbudn55q","previousOperationId":"b3tby4vbl0gctrc"}
{"type":"operationStart","subtype":"scriptsBeforeRender","name":"scripts beforeRender","timestamp":1718998258099,"id":"s6wb6gceaumjv5d","previousEventId":"zmm6ceratck8ran","operationId":"9qgxayyh515e0m7","previousOperationId":"b3tby4vbl0gctrc"}
{"type":"operationStart","subtype":"script","name":"scripts orders-script","previousOperationId":"9qgxayyh515e0m7","timestamp":1718998258099,"id":"gsz980klkmhm43q","previousEventId":"s6wb6gceaumjv5d","operationId":"l0jznjkjct9skf3"}
{"type":"operationEnd","operationId":"l0jznjkjct9skf3","timestamp":1718998258732,"id":"yf3ummfqh2pph3r","previousEventId":"zmm6ceratck8ran","previousOperationId":"b3tby4vbl0gctrc"}
{"type":"operationEnd","operationId":"9qgxayyh515e0m7","timestamp":1718998258732,"id":"eligtze2mbbszig","previousEventId":"yf3ummfqh2pph3r","previousOperationId":"b3tby4vbl0gctrc"}
{"type":"log","timestamp":1718998258732,"level":"debug","message":"Base url not specified, skipping its injection.","meta":{"rootId":"zfr5r6rs4ddyn6u","id":"zfr5r6rs4ddyn6u"},"id":"srj997vksqgverb","previousOperationId":"9qgxayyh515e0m7"}
{"type":"operationStart","subtype":"engine","name":"handlebars","timestamp":1718998258732,"id":"6vhf9h5na7u7pfu","previousEventId":"eligtze2mbbszig","operationId":"gwov94p9vk6cgzi","previousOperationId":"9qgxayyh515e0m7"}
{"type":"log","timestamp":1718998258732,"level":"debug","message":"Rendering engine handlebars","meta":{"rootId":"zfr5r6rs4ddyn6u","id":"zfr5r6rs4ddyn6u"},"id":"1zcmo9826p2nwws","previousOperationId":"gwov94p9vk6cgzi"}
{"type":"log","timestamp":1718998258738,"level":"debug","message":"(console:log) Pdf utils adding group field, value: \"France\"","meta":{"userLevel":true,"rootId":"zfr5r6rs4ddyn6u","id":"zfr5r6rs4ddyn6u"},"id":"f2b49tzb55w7igj","previousOperationId":"gwov94p9vk6cgzi"}
{"type":"log","timestamp":1718998258739,"level":"debug","message":"(console:log) Pdf utils adding group field, value: \"Germany\"","meta":{"userLevel":true,"rootId":"zfr5r6rs4ddyn6u","id":"zfr5r6rs4ddyn6u"},"id":"0bfunt4semxb2xs","previousOperationId":"gwov94p9vk6cgzi"}
{"type":"operationEnd","operationId":"gwov94p9vk6cgzi","timestamp":1718998258739,"id":"7suh8mgzt1szasy","previousEventId":"6vhf9h5na7u7pfu","previousOperationId":"gwov94p9vk6cgzi"}
{"type":"operationStart","subtype":"recipe","name":"chrome-pdf","timestamp":1718998258739,"id":"l26aacm8l8tpt98","previousEventId":"7suh8mgzt1szasy","operationId":"bb155aykbygbo71","previousOperationId":"gwov94p9vk6cgzi"}
{"type":"log","timestamp":1718998258739,"level":"debug","message":"Executing recipe chrome-pdf","meta":{"rootId":"zfr5r6rs4ddyn6u","id":"zfr5r6rs4ddyn6u"},"id":"e93oqnw1o1g21l5","previousOperationId":"bb155aykbygbo71"}
{"type":"log","timestamp":1718998258744,"level":"debug","message":"Converting with chrome Chrome/126.0.6478.61 using chrome-pool strategy","meta":{"rootId":"zfr5r6rs4ddyn6u","id":"zfr5r6rs4ddyn6u"},"id":"fexlb36kq3z1vik","previousOperationId":"bb155aykbygbo71"}
{"type":"log","timestamp":1718998258786,"level":"debug","message":"Page request: GET (document) file:///var/folders/2x/1bhfw9mx7d775w_jmf56lcp80000gn/T/jsreport/autocleanup/6b75ad46-ca38-42f9-87f0-41d5982ac16f-chrome-pdf.html","meta":{"rootId":"zfr5r6rs4ddyn6u","id":"zfr5r6rs4ddyn6u"},"id":"c3itgpdr39ulrcg","previousOperationId":"bb155aykbygbo71"}
{"type":"log","timestamp":1718998258794,"level":"debug","message":"Page request finished: GET (document) 200 file:///var/folders/2x/1bhfw9mx7d775w_jmf56lcp80000gn/T/jsreport/autocleanup/6b75ad46-ca38-42f9-87f0-41d5982ac16f-chrome-pdf.html","meta":{"rootId":"zfr5r6rs4ddyn6u","id":"zfr5r6rs4ddyn6u"},"id":"xtzty9r4qkts2ob","previousOperationId":"bb155aykbygbo71"}
{"type":"log","timestamp":1718998258794,"level":"debug","message":"Page request: GET (stylesheet) https://cdnjs.cloudflare.com/ajax/libs/metro/4.1.5/css/metro.min.css","meta":{"rootId":"zfr5r6rs4ddyn6u","id":"zfr5r6rs4ddyn6u"},"id":"yen9zu1z6fhggng","previousOperationId":"bb155aykbygbo71"}
{"type":"log","timestamp":1718998258794,"level":"debug","message":"Page request: GET (script) https://cdnjs.cloudflare.com/ajax/libs/Chart.js/2.7.2/Chart.min.js","meta":{"rootId":"zfr5r6rs4ddyn6u","id":"zfr5r6rs4ddyn6u"},"id":"m5hw2hc0ck0khjn","previousOperationId":"bb155aykbygbo71"}
{"type":"log","timestamp":1718998258805,"level":"debug","message":"Page request finished: GET (stylesheet) 200 https://cdnjs.cloudflare.com/ajax/libs/metro/4.1.5/css/metro.min.css","meta":{"rootId":"zfr5r6rs4ddyn6u","id":"zfr5r6rs4ddyn6u"},"id":"spm9irb1uy1nmm3","previousOperationId":"bb155aykbygbo71"}
{"type":"log","timestamp":1718998258805,"level":"debug","message":"Page request finished: GET (script) 200 https://cdnjs.cloudflare.com/ajax/libs/Chart.js/2.7.2/Chart.min.js","meta":{"rootId":"zfr5r6rs4ddyn6u","id":"zfr5r6rs4ddyn6u"},"id":"r8hwrmsy0xs49sa","previousOperationId":"bb155aykbygbo71"}
{"type":"log","timestamp":1718998258846,"level":"debug","message":"Running chrome with params {\"printBackground\":true,\"marginTop\":\"4cm\",\"marginRight\":\"1.5cm\",\"marginBottom\":\"1.5cm\",\"marginLeft\":\"1.5cm\",\"waitForJS\":false,\"timeout\":59324,\"margin\":{\"top\":\"4cm\",\"right\":\"1.5cm\",\"bottom\":\"1.5cm\",\"left\":\"1.5cm\"}}","meta":{"rootId":"zfr5r6rs4ddyn6u","id":"zfr5r6rs4ddyn6u"},"id":"7g9c9syaap0u3z7","previousOperationId":"bb155aykbygbo71"}
{"type":"operationEnd","operationId":"bb155aykbygbo71","timestamp":1718998259008,"id":"olw4vrd7g8udmbl","previousEventId":"l26aacm8l8tpt98","previousOperationId":"bb155aykbygbo71"}
{"type":"log","timestamp":1718998259008,"level":"info","message":"pdf-utils is starting pdf processing","meta":{"rootId":"zfr5r6rs4ddyn6u","id":"zfr5r6rs4ddyn6u"},"id":"xbyt9lqf0ugxhy7","previousOperationId":"bb155aykbygbo71"}
{"type":"operationStart","subtype":"pdfUtils","name":"pdf utils","timestamp":1718998259009,"id":"oiwclu0qiaglmg1","previousEventId":"olw4vrd7g8udmbl","operationId":"0uabqfmhotnumvz","previousOperationId":"bb155aykbygbo71"}
{"type":"log","timestamp":1718998259009,"level":"debug","message":"pdf-utils detected 1 pdf operation(s) to process","meta":{"rootId":"zfr5r6rs4ddyn6u","id":"zfr5r6rs4ddyn6u"},"id":"cgvnblc3vpyolnz","previousOperationId":"0uabqfmhotnumvz"}
{"type":"log","timestamp":1718998259033,"level":"debug","message":"pdf-utils running pdf operation merge","meta":{"rootId":"zfr5r6rs4ddyn6u","id":"zfr5r6rs4ddyn6u"},"id":"hmjlwfnp6k9wy03","previousOperationId":"0uabqfmhotnumvz"}
{"type":"operationStart","subtype":"pdfUtilsMerge","name":"pdf utils merge","previousOperationId":"0uabqfmhotnumvz","timestamp":1718998259033,"id":"ok1nkjy991pty52","previousEventId":"oiwclu0qiaglmg1","operationId":"9xwr3x75f5kkg25"}
{"type":"operationStart","subtype":"render","name":"orders-header","previousOperationId":"9xwr3x75f5kkg25","timestamp":1718998259036,"id":"n1vum2qg03kggnz","previousEventId":"ok1nkjy991pty52","operationId":"t7pne7vqc3sdiwv"}
{"type":"log","timestamp":1718998259036,"level":"info","message":"Starting rendering (child) request","meta":{"rootId":"zfr5r6rs4ddyn6u","id":"922ldn8vbry7fqp"},"id":"bq0qymbwjx5gh5b","previousOperationId":"t7pne7vqc3sdiwv"}
{"type":"log","timestamp":1718998259036,"level":"info","message":"Rendering template { name: orders-header, recipe: chrome-pdf, engine: handlebars, preview: false }","meta":{"rootId":"zfr5r6rs4ddyn6u","id":"922ldn8vbry7fqp"},"id":"qxjhsspalys01pq","previousOperationId":"t7pne7vqc3sdiwv"}
{"type":"log","timestamp":1718998259037,"level":"debug","message":"Inline data specified.","meta":{"rootId":"zfr5r6rs4ddyn6u","id":"922ldn8vbry7fqp"},"id":"h14c89f41q4sx6h","previousOperationId":"t7pne7vqc3sdiwv"}
{"type":"log","timestamp":1718998259039,"level":"debug","message":"Base url not specified, skipping its injection.","meta":{"rootId":"zfr5r6rs4ddyn6u","id":"922ldn8vbry7fqp"},"id":"u0j71b0w54kqfyp","previousOperationId":"t7pne7vqc3sdiwv"}
{"type":"operationStart","subtype":"engine","name":"handlebars","timestamp":1718998259039,"id":"q8niyvje63ofrde","previousEventId":"n1vum2qg03kggnz","operationId":"d52pn7ht9elzjev","previousOperationId":"t7pne7vqc3sdiwv"}
{"type":"log","timestamp":1718998259039,"level":"debug","message":"Rendering engine handlebars","meta":{"rootId":"zfr5r6rs4ddyn6u","id":"922ldn8vbry7fqp"},"id":"2y55565s2f917td","previousOperationId":"d52pn7ht9elzjev"}
{"type":"operationEnd","operationId":"d52pn7ht9elzjev","timestamp":1718998259042,"id":"c2ttztzfbxhgmlo","previousEventId":"q8niyvje63ofrde","previousOperationId":"d52pn7ht9elzjev"}
{"type":"operationStart","subtype":"recipe","name":"chrome-pdf","timestamp":1718998259042,"id":"vsvrm6rxeqqif6u","previousEventId":"c2ttztzfbxhgmlo","operationId":"c7vr8lln55nz2he","previousOperationId":"d52pn7ht9elzjev"}
{"type":"log","timestamp":1718998259042,"level":"debug","message":"Executing recipe chrome-pdf","meta":{"rootId":"zfr5r6rs4ddyn6u","id":"922ldn8vbry7fqp"},"id":"bf3fj8or2xw8w3b","previousOperationId":"c7vr8lln55nz2he"}
{"type":"log","timestamp":1718998259042,"level":"debug","message":"Converting with chrome Chrome/126.0.6478.61 using chrome-pool strategy","meta":{"rootId":"zfr5r6rs4ddyn6u","id":"922ldn8vbry7fqp"},"id":"1ofbcp58x7iygnz","previousOperationId":"c7vr8lln55nz2he"}
{"type":"log","timestamp":1718998259058,"level":"debug","message":"Page request: GET (document) file:///var/folders/2x/1bhfw9mx7d775w_jmf56lcp80000gn/T/jsreport/autocleanup/6c6337c1-8a8c-4b0e-b51c-aa53783b5193-chrome-pdf.html","meta":{"rootId":"zfr5r6rs4ddyn6u","id":"922ldn8vbry7fqp"},"id":"vxae5m9yqa7ypb2","previousOperationId":"c7vr8lln55nz2he"}
{"type":"log","timestamp":1718998259062,"level":"debug","message":"Page request finished: GET (document) 200 file:///var/folders/2x/1bhfw9mx7d775w_jmf56lcp80000gn/T/jsreport/autocleanup/6c6337c1-8a8c-4b0e-b51c-aa53783b5193-chrome-pdf.html","meta":{"rootId":"zfr5r6rs4ddyn6u","id":"922ldn8vbry7fqp"},"id":"07d70fbdrdwlm58","previousOperationId":"c7vr8lln55nz2he"}
{"type":"log","timestamp":1718998259063,"level":"debug","message":"Page request: GET (stylesheet) https://cdnjs.cloudflare.com/ajax/libs/metro/4.1.5/css/metro.min.css","meta":{"rootId":"zfr5r6rs4ddyn6u","id":"922ldn8vbry7fqp"},"id":"m3xh92yn4r212d1","previousOperationId":"c7vr8lln55nz2he"}
{"type":"log","timestamp":1718998259070,"level":"debug","message":"Page request finished: GET (stylesheet) 200 https://cdnjs.cloudflare.com/ajax/libs/metro/4.1.5/css/metro.min.css","meta":{"rootId":"zfr5r6rs4ddyn6u","id":"922ldn8vbry7fqp"},"id":"rvguyya4jfw7pze","previousOperationId":"c7vr8lln55nz2he"}
{"type":"log","timestamp":1718998259091,"level":"debug","message":"Running chrome with params {\"printBackground\":true,\"marginTop\":\"1.5cm\",\"marginRight\":\"1.5cm\",\"marginLeft\":\"1.cm\",\"timeout\":59023,\"margin\":{\"top\":\"1.5cm\",\"right\":\"1.5cm\",\"left\":\"1.cm\"}}","meta":{"rootId":"zfr5r6rs4ddyn6u","id":"922ldn8vbry7fqp"},"id":"8flb22yrz4kt6ec","previousOperationId":"c7vr8lln55nz2he"}
{"type":"operationEnd","operationId":"c7vr8lln55nz2he","timestamp":1718998259185,"id":"kb2zpfe7bmwju94","previousEventId":"vsvrm6rxeqqif6u","previousOperationId":"c7vr8lln55nz2he"}
{"type":"log","timestamp":1718998259185,"level":"debug","message":"Skipping storing report.","meta":{"rootId":"zfr5r6rs4ddyn6u","id":"922ldn8vbry7fqp"},"id":"i5wo17dpz2kzjhj","previousOperationId":"c7vr8lln55nz2he"}
{"type":"log","timestamp":1718998259185,"level":"info","message":"Rendering (child) request finished in 1120 ms","meta":{"rootId":"zfr5r6rs4ddyn6u","id":"922ldn8vbry7fqp"},"id":"ctu5yawlgkf11y0","previousOperationId":"c7vr8lln55nz2he"}
{"type":"operationEnd","subtype":"render","operationId":"t7pne7vqc3sdiwv","timestamp":1718998259185,"id":"eno3nyh1jwq5no1","previousEventId":"kb2zpfe7bmwju94","previousOperationId":"c7vr8lln55nz2he"}
{"type":"operationEnd","operationId":"9xwr3x75f5kkg25","timestamp":1718998259200,"id":"kt94ezvgljjknmp","previousEventId":"ok1nkjy991pty52","previousOperationId":"9xwr3x75f5kkg25"}
{"type":"log","timestamp":1718998259200,"level":"debug","message":"pdf-utils postprocess start","meta":{"rootId":"zfr5r6rs4ddyn6u","id":"zfr5r6rs4ddyn6u"},"id":"j3hfnclo1zed3ik","previousOperationId":"9xwr3x75f5kkg25"}
{"type":"log","timestamp":1718998259218,"level":"debug","message":"pdf-utils postprocess end","meta":{"rootId":"zfr5r6rs4ddyn6u","id":"zfr5r6rs4ddyn6u"},"id":"h9h9kp60d0fl7bq","previousOperationId":"9xwr3x75f5kkg25"}
{"type":"operationEnd","operationId":"0uabqfmhotnumvz","timestamp":1718998259218,"id":"p2e3y1vuhaz3u4p","previousEventId":"kt94ezvgljjknmp","previousOperationId":"9xwr3x75f5kkg25"}
{"type":"log","timestamp":1718998259219,"level":"info","message":"pdf-utils pdf processing was finished","meta":{"rootId":"zfr5r6rs4ddyn6u","id":"zfr5r6rs4ddyn6u"},"id":"bhbxuoxv00f6lej","previousOperationId":"0uabqfmhotnumvz"}
{"type":"log","timestamp":1718998259219,"level":"debug","message":"Skipping storing report.","meta":{"rootId":"zfr5r6rs4ddyn6u","id":"zfr5r6rs4ddyn6u"},"id":"vkbz88gxfenid9n","previousOperationId":"0uabqfmhotnumvz"}
{"type":"log","timestamp":1718998259219,"level":"info","message":"Rendering request 37 finished in 1154 ms","meta":{"rootId":"zfr5r6rs4ddyn6u","id":"zfr5r6rs4ddyn6u"},"id":"yco3yjens1msmb5","previousOperationId":"0uabqfmhotnumvz"}
{"type":"operationEnd","subtype":"render","operationId":"b3tby4vbl0gctrc","timestamp":1718998259219,"id":"nfop6mg5emxy57y","previousEventId":"p2e3y1vuhaz3u4p","previousOperationId":"0uabqfmhotnumvz"}
{"type":"operationEnd","doDiffs":false,"previousEventId":"f14sqc9mtavrgnb","previousOperationId":"rgoebqh1h4npodn","operationId":"rgoebqh1h4npodn","timestamp":1718998259220,"id":"hpa8zajmxswnya8"}
