{"type":"operationStart","subtype":"profile","data":{"_id":"WIu76cZioTKGbpa7","timestamp":"2024-06-20T22:20:12.895Z","state":"queued","mode":"standard","creationDate":"2024-06-20T22:20:12.896Z","modificationDate":"2024-06-20T22:20:12.896Z","shortid":"RLNG9s9","$entitySet":"profiles"},"doDiffs":false,"timestamp":1718922012895,"id":"g5hui6ybfoz6kl6","previousOperationId":null,"operationId":"inh31sgih4ych6o"}
{"type":"log","level":"info","message":"Render request 2 queued for execution and waiting for available worker","previousOperationId":"inh31sgih4ych6o","timestamp":1718922012896,"id":"obxq10jhh95as6d"}
{"type":"operationStart","subtype":"render","name":"orders-header","previousOperationId":"inh31sgih4ych6o","timestamp":1718922012904,"id":"bykm0sbq9s5qhyh","previousEventId":"g5hui6ybfoz6kl6","operationId":"mb3bkjrfdezyx3b"}
{"type":"log","timestamp":1718922012905,"level":"info","message":"Starting rendering request 2","meta":{"rootId":"0svr5b349zdzkwm","id":"0svr5b349zdzkwm"},"id":"6zf99j48gu30moq","previousOperationId":"mb3bkjrfdezyx3b"}
{"type":"log","timestamp":1718922012906,"level":"info","message":"Rendering template { name: orders-header, recipe: chrome-pdf, engine: handlebars, preview: true }","meta":{"rootId":"0svr5b349zdzkwm","id":"0svr5b349zdzkwm"},"id":"r85fawuo81pd57z","previousOperationId":"mb3bkjrfdezyx3b"}
{"type":"log","timestamp":1718922012907,"level":"debug","message":"Data item not defined for this template.","meta":{"rootId":"0svr5b349zdzkwm","id":"0svr5b349zdzkwm"},"id":"wkdbmn1b6nzed6h","previousOperationId":"mb3bkjrfdezyx3b"}
{"type":"log","timestamp":1718922012911,"level":"debug","message":"Base url not specified, skipping its injection.","meta":{"rootId":"0svr5b349zdzkwm","id":"0svr5b349zdzkwm"},"id":"7d3fg3lhtciwz18","previousOperationId":"mb3bkjrfdezyx3b"}
{"type":"operationStart","subtype":"engine","name":"handlebars","timestamp":1718922012912,"id":"y2g4f3hvc5u0hvb","previousEventId":"bykm0sbq9s5qhyh","operationId":"8vskqbzoblv8zm2","previousOperationId":"mb3bkjrfdezyx3b"}
{"type":"log","timestamp":1718922012912,"level":"debug","message":"Rendering engine handlebars","meta":{"rootId":"0svr5b349zdzkwm","id":"0svr5b349zdzkwm"},"id":"zq3bvdlmnkd5o8b","previousOperationId":"8vskqbzoblv8zm2"}
{"type":"operationEnd","operationId":"8vskqbzoblv8zm2","timestamp":1718922013145,"id":"1xm9yx68t4skgwo","previousEventId":"y2g4f3hvc5u0hvb","previousOperationId":"8vskqbzoblv8zm2"}
{"type":"operationStart","subtype":"recipe","name":"chrome-pdf","timestamp":1718922013145,"id":"offkzvyronk73lc","previousEventId":"1xm9yx68t4skgwo","operationId":"rb88ia41naxxukl","previousOperationId":"8vskqbzoblv8zm2"}
{"type":"log","timestamp":1718922013145,"level":"debug","message":"Executing recipe chrome-pdf","meta":{"rootId":"0svr5b349zdzkwm","id":"0svr5b349zdzkwm"},"id":"jf03bps7xy4489f","previousOperationId":"rb88ia41naxxukl"}
{"type":"log","timestamp":1718922014440,"level":"debug","message":"Converting with chrome Chrome/126.0.6478.61 using chrome-pool strategy","meta":{"rootId":"0svr5b349zdzkwm","id":"0svr5b349zdzkwm"},"id":"cwnu76dtusmggku","previousOperationId":"rb88ia41naxxukl"}
{"type":"log","timestamp":1718922014813,"level":"debug","message":"Page request: GET (document) file:///var/folders/2x/1bhfw9mx7d775w_jmf56lcp80000gn/T/jsreport/autocleanup/647f7a6b-2160-49c2-a93d-43d559cefcff-chrome-pdf.html","meta":{"rootId":"0svr5b349zdzkwm","id":"0svr5b349zdzkwm"},"id":"ppchbxa75zxa0m8","previousOperationId":"rb88ia41naxxukl"}
{"type":"log","timestamp":1718922014827,"level":"debug","message":"Page request finished: GET (document) 200 file:///var/folders/2x/1bhfw9mx7d775w_jmf56lcp80000gn/T/jsreport/autocleanup/647f7a6b-2160-49c2-a93d-43d559cefcff-chrome-pdf.html","meta":{"rootId":"0svr5b349zdzkwm","id":"0svr5b349zdzkwm"},"id":"f75v6rt8svz7ei8","previousOperationId":"rb88ia41naxxukl"}
{"type":"log","timestamp":1718922014828,"level":"debug","message":"Page request: GET (stylesheet) https://cdnjs.cloudflare.com/ajax/libs/metro/4.1.5/css/metro.min.css","meta":{"rootId":"0svr5b349zdzkwm","id":"0svr5b349zdzkwm"},"id":"okpq3g55lcgfv1j","previousOperationId":"rb88ia41naxxukl"}
{"type":"log","timestamp":1718922015208,"level":"debug","message":"Page request finished: GET (stylesheet) 200 https://cdnjs.cloudflare.com/ajax/libs/metro/4.1.5/css/metro.min.css","meta":{"rootId":"0svr5b349zdzkwm","id":"0svr5b349zdzkwm"},"id":"zgnq8156bu92w69","previousOperationId":"rb88ia41naxxukl"}
{"type":"log","timestamp":1718922015216,"level":"debug","message":"Running chrome with params {\"printBackground\":true,\"marginTop\":\"1.5cm\",\"marginRight\":\"1.5cm\",\"marginLeft\":\"1.cm\",\"timeout\":59561,\"margin\":{\"top\":\"1.5cm\",\"right\":\"1.5cm\",\"left\":\"1.cm\"}}","meta":{"rootId":"0svr5b349zdzkwm","id":"0svr5b349zdzkwm"},"id":"pmsg6wmme0ww9vd","previousOperationId":"rb88ia41naxxukl"}
{"type":"operationEnd","operationId":"rb88ia41naxxukl","timestamp":1718922015281,"id":"twl6bkhmmutg23r","previousEventId":"offkzvyronk73lc","previousOperationId":"rb88ia41naxxukl"}
{"type":"log","timestamp":1718922015282,"level":"debug","message":"Skipping storing report.","meta":{"rootId":"0svr5b349zdzkwm","id":"0svr5b349zdzkwm"},"id":"4bycf0d6uufkj6e","previousOperationId":"rb88ia41naxxukl"}
{"type":"log","timestamp":1718922015282,"level":"info","message":"Rendering request 2 finished in 2390 ms","meta":{"rootId":"0svr5b349zdzkwm","id":"0svr5b349zdzkwm"},"id":"6kr3c4oahcd0tqu","previousOperationId":"rb88ia41naxxukl"}
{"type":"operationEnd","subtype":"render","operationId":"mb3bkjrfdezyx3b","timestamp":1718922015282,"id":"309xopd5voaenn6","previousEventId":"twl6bkhmmutg23r","previousOperationId":"rb88ia41naxxukl"}
{"type":"operationEnd","doDiffs":false,"previousEventId":"g5hui6ybfoz6kl6","previousOperationId":"inh31sgih4ych6o","operationId":"inh31sgih4ych6o","timestamp":1718922015283,"id":"vuxy8f67qytx7n0"}
