{"type":"operationStart","subtype":"profile","data":{"_id":"AyrZUY0mfJxfdTMN","timestamp":"2024-06-21T19:33:33.665Z","state":"queued","mode":"standard","creationDate":"2024-06-21T19:33:33.668Z","modificationDate":"2024-06-21T19:33:33.668Z","shortid":"C3CF-LM","$entitySet":"profiles"},"doDiffs":false,"timestamp":1718998413666,"id":"unq0o75c4sv0gci","previousOperationId":null,"operationId":"qohsif75bwww3ua"}
{"type":"log","level":"info","message":"Render request 40 queued for execution and waiting for available worker","previousOperationId":"qohsif75bwww3ua","timestamp":1718998413667,"id":"jscejkm8n0qrrbj"}
{"type":"operationStart","subtype":"render","name":"orders-header","previousOperationId":"qohsif75bwww3ua","timestamp":1718998413689,"id":"b1ysqdbkvkk4r93","previousEventId":"unq0o75c4sv0gci","operationId":"tutq2e5t0afrf5t"}
{"type":"log","timestamp":1718998413690,"level":"info","message":"Starting rendering request 40","meta":{"rootId":"3rddvczot2fwii9","id":"3rddvczot2fwii9"},"id":"25hs2aats06hb4c","previousOperationId":"tutq2e5t0afrf5t"}
{"type":"log","timestamp":1718998413690,"level":"info","message":"Rendering template { name: orders-header, recipe: chrome-pdf, engine: handlebars, preview: true }","meta":{"rootId":"3rddvczot2fwii9","id":"3rddvczot2fwii9"},"id":"eds7jihw99lwy7b","previousOperationId":"tutq2e5t0afrf5t"}
{"type":"log","timestamp":1718998413690,"level":"debug","message":"Data item not defined for this template.","meta":{"rootId":"3rddvczot2fwii9","id":"3rddvczot2fwii9"},"id":"9f1q5pbv2qh2n71","previousOperationId":"tutq2e5t0afrf5t"}
{"type":"log","timestamp":1718998413691,"level":"debug","message":"Base url not specified, skipping its injection.","meta":{"rootId":"3rddvczot2fwii9","id":"3rddvczot2fwii9"},"id":"gzxpl1oza0rkcws","previousOperationId":"tutq2e5t0afrf5t"}
{"type":"operationStart","subtype":"engine","name":"handlebars","timestamp":1718998413692,"id":"ppmq72vq4n5xju3","previousEventId":"b1ysqdbkvkk4r93","operationId":"ssnycanuaqaya87","previousOperationId":"tutq2e5t0afrf5t"}
{"type":"log","timestamp":1718998413692,"level":"debug","message":"Rendering engine handlebars","meta":{"rootId":"3rddvczot2fwii9","id":"3rddvczot2fwii9"},"id":"uauv6skx295xrvj","previousOperationId":"ssnycanuaqaya87"}
{"type":"operationEnd","operationId":"ssnycanuaqaya87","timestamp":1718998413701,"id":"ftgzs6mweyhspi7","previousEventId":"ppmq72vq4n5xju3","previousOperationId":"ssnycanuaqaya87"}
{"type":"operationStart","subtype":"recipe","name":"chrome-pdf","timestamp":1718998413701,"id":"vyjzyebtap7x5db","previousEventId":"ftgzs6mweyhspi7","operationId":"k9zt7pph9c3zeh1","previousOperationId":"ssnycanuaqaya87"}
{"type":"log","timestamp":1718998413701,"level":"debug","message":"Executing recipe chrome-pdf","meta":{"rootId":"3rddvczot2fwii9","id":"3rddvczot2fwii9"},"id":"dk8hkbrxw5af2kk","previousOperationId":"k9zt7pph9c3zeh1"}
{"type":"log","timestamp":1718998413705,"level":"debug","message":"Converting with chrome Chrome/126.0.6478.61 using chrome-pool strategy","meta":{"rootId":"3rddvczot2fwii9","id":"3rddvczot2fwii9"},"id":"koi9560r1jvqnvj","previousOperationId":"k9zt7pph9c3zeh1"}
{"type":"log","timestamp":1718998413751,"level":"debug","message":"Page request: GET (document) file:///var/folders/2x/1bhfw9mx7d775w_jmf56lcp80000gn/T/jsreport/autocleanup/0c6b83b3-f097-4106-a630-803e671e4fd7-chrome-pdf.html","meta":{"rootId":"3rddvczot2fwii9","id":"3rddvczot2fwii9"},"id":"mre180o8ichb37j","previousOperationId":"k9zt7pph9c3zeh1"}
{"type":"log","timestamp":1718998413756,"level":"debug","message":"Page request finished: GET (document) 200 file:///var/folders/2x/1bhfw9mx7d775w_jmf56lcp80000gn/T/jsreport/autocleanup/0c6b83b3-f097-4106-a630-803e671e4fd7-chrome-pdf.html","meta":{"rootId":"3rddvczot2fwii9","id":"3rddvczot2fwii9"},"id":"p0kxqh7zd4kraau","previousOperationId":"k9zt7pph9c3zeh1"}
{"type":"log","timestamp":1718998413756,"level":"debug","message":"Page request: GET (stylesheet) https://cdnjs.cloudflare.com/ajax/libs/metro/4.1.5/css/metro.min.css","meta":{"rootId":"3rddvczot2fwii9","id":"3rddvczot2fwii9"},"id":"koxy3qc7avrf4pu","previousOperationId":"k9zt7pph9c3zeh1"}
{"type":"log","timestamp":1718998413765,"level":"debug","message":"Page request finished: GET (stylesheet) 200 https://cdnjs.cloudflare.com/ajax/libs/metro/4.1.5/css/metro.min.css","meta":{"rootId":"3rddvczot2fwii9","id":"3rddvczot2fwii9"},"id":"lrx48rljm9k5ov5","previousOperationId":"k9zt7pph9c3zeh1"}
{"type":"log","timestamp":1718998413767,"level":"debug","message":"Running chrome with params {\"printBackground\":true,\"marginTop\":\"1.5cm\",\"marginRight\":\"1.5cm\",\"marginLeft\":\"1.cm\",\"timeout\":59963,\"margin\":{\"top\":\"1.5cm\",\"right\":\"1.5cm\",\"left\":\"1.cm\"}}","meta":{"rootId":"3rddvczot2fwii9","id":"3rddvczot2fwii9"},"id":"bg57a6envzgdb91","previousOperationId":"k9zt7pph9c3zeh1"}
{"type":"operationEnd","operationId":"k9zt7pph9c3zeh1","timestamp":1718998413811,"id":"ds2fh43pmmmhsdl","previousEventId":"vyjzyebtap7x5db","previousOperationId":"k9zt7pph9c3zeh1"}
{"type":"log","timestamp":1718998413811,"level":"debug","message":"Skipping storing report.","meta":{"rootId":"3rddvczot2fwii9","id":"3rddvczot2fwii9"},"id":"bojbv1yz32h0cg3","previousOperationId":"k9zt7pph9c3zeh1"}
{"type":"log","timestamp":1718998413811,"level":"info","message":"Rendering request 40 finished in 146 ms","meta":{"rootId":"3rddvczot2fwii9","id":"3rddvczot2fwii9"},"id":"0d6rp88yl75y7h7","previousOperationId":"k9zt7pph9c3zeh1"}
{"type":"operationEnd","subtype":"render","operationId":"tutq2e5t0afrf5t","timestamp":1718998413811,"id":"7y0e7wnpq0bfz7p","previousEventId":"ds2fh43pmmmhsdl","previousOperationId":"k9zt7pph9c3zeh1"}
{"type":"operationEnd","doDiffs":false,"previousEventId":"unq0o75c4sv0gci","previousOperationId":"qohsif75bwww3ua","operationId":"qohsif75bwww3ua","timestamp":1718998413814,"id":"l6qqct99szsa4t8"}
