{"type":"operationStart","subtype":"profile","data":{"_id":"rSlCtBy6JzYwgy46","timestamp":"2024-06-21T19:27:37.666Z","state":"queued","mode":"standard","creationDate":"2024-06-21T19:27:37.668Z","modificationDate":"2024-06-21T19:27:37.668Z","shortid":"YJwBUbf","$entitySet":"profiles"},"doDiffs":false,"timestamp":1718998057667,"id":"73bfvu238jugn9s","previousOperationId":null,"operationId":"owcg77n3hq159g7"}
{"type":"log","level":"info","message":"Render request 31 queued for execution and waiting for available worker","previousOperationId":"owcg77n3hq159g7","timestamp":1718998057667,"id":"m8j4aac1dh8fmgs"}
{"type":"operationStart","subtype":"render","name":"orders-header","previousOperationId":"owcg77n3hq159g7","timestamp":1718998057672,"id":"0xeslayqofhey1n","previousEventId":"73bfvu238jugn9s","operationId":"23j03ow5ny4vikd"}
{"type":"log","timestamp":1718998057673,"level":"info","message":"Starting rendering request 31","meta":{"rootId":"dw6q55ybydzkml4","id":"dw6q55ybydzkml4"},"id":"rde0qyujv425szg","previousOperationId":"23j03ow5ny4vikd"}
{"type":"log","timestamp":1718998057673,"level":"info","message":"Rendering template { name: orders-header, recipe: chrome-pdf, engine: handlebars, preview: true }","meta":{"rootId":"dw6q55ybydzkml4","id":"dw6q55ybydzkml4"},"id":"f8v6sd8lgp29i9t","previousOperationId":"23j03ow5ny4vikd"}
{"type":"log","timestamp":1718998057673,"level":"debug","message":"Data item not defined for this template.","meta":{"rootId":"dw6q55ybydzkml4","id":"dw6q55ybydzkml4"},"id":"qpcxmk3ypeaol5m","previousOperationId":"23j03ow5ny4vikd"}
{"type":"log","timestamp":1718998057674,"level":"debug","message":"Base url not specified, skipping its injection.","meta":{"rootId":"dw6q55ybydzkml4","id":"dw6q55ybydzkml4"},"id":"6czjrpz4300imx8","previousOperationId":"23j03ow5ny4vikd"}
{"type":"operationStart","subtype":"engine","name":"handlebars","timestamp":1718998057674,"id":"gkc3fpm4shtvj2n","previousEventId":"0xeslayqofhey1n","operationId":"tu2kr18qbi0si2c","previousOperationId":"23j03ow5ny4vikd"}
{"type":"log","timestamp":1718998057674,"level":"debug","message":"Rendering engine handlebars","meta":{"rootId":"dw6q55ybydzkml4","id":"dw6q55ybydzkml4"},"id":"lyecbm9i3zvfepa","previousOperationId":"tu2kr18qbi0si2c"}
{"type":"operationEnd","operationId":"tu2kr18qbi0si2c","timestamp":1718998057679,"id":"w6wi24xpnwrx7jr","previousEventId":"gkc3fpm4shtvj2n","previousOperationId":"tu2kr18qbi0si2c"}
{"type":"operationStart","subtype":"recipe","name":"chrome-pdf","timestamp":1718998057679,"id":"gfjy5cxiqt6zomf","previousEventId":"w6wi24xpnwrx7jr","operationId":"0outm7lt2k94z3y","previousOperationId":"tu2kr18qbi0si2c"}
{"type":"log","timestamp":1718998057679,"level":"debug","message":"Executing recipe chrome-pdf","meta":{"rootId":"dw6q55ybydzkml4","id":"dw6q55ybydzkml4"},"id":"k59dqmb44z15ze1","previousOperationId":"0outm7lt2k94z3y"}
{"type":"log","timestamp":1718998057682,"level":"debug","message":"Converting with chrome Chrome/126.0.6478.61 using chrome-pool strategy","meta":{"rootId":"dw6q55ybydzkml4","id":"dw6q55ybydzkml4"},"id":"g64eq84xwsgj8h9","previousOperationId":"0outm7lt2k94z3y"}
{"type":"log","timestamp":1718998057732,"level":"debug","message":"Page request: GET (document) file:///var/folders/2x/1bhfw9mx7d775w_jmf56lcp80000gn/T/jsreport/autocleanup/a69ca705-20c8-4f5f-b4fe-62f834f09d8f-chrome-pdf.html","meta":{"rootId":"dw6q55ybydzkml4","id":"dw6q55ybydzkml4"},"id":"9ix9fb0uzoqppim","previousOperationId":"0outm7lt2k94z3y"}
{"type":"log","timestamp":1718998057737,"level":"debug","message":"Page request finished: GET (document) 200 file:///var/folders/2x/1bhfw9mx7d775w_jmf56lcp80000gn/T/jsreport/autocleanup/a69ca705-20c8-4f5f-b4fe-62f834f09d8f-chrome-pdf.html","meta":{"rootId":"dw6q55ybydzkml4","id":"dw6q55ybydzkml4"},"id":"frlnttpdl81xc0c","previousOperationId":"0outm7lt2k94z3y"}
{"type":"log","timestamp":1718998057738,"level":"debug","message":"Page request: GET (stylesheet) https://cdnjs.cloudflare.com/ajax/libs/metro/4.1.5/css/metro.min.css","meta":{"rootId":"dw6q55ybydzkml4","id":"dw6q55ybydzkml4"},"id":"7prt9oi165jtc8h","previousOperationId":"0outm7lt2k94z3y"}
{"type":"log","timestamp":1718998057746,"level":"debug","message":"Page request finished: GET (stylesheet) 200 https://cdnjs.cloudflare.com/ajax/libs/metro/4.1.5/css/metro.min.css","meta":{"rootId":"dw6q55ybydzkml4","id":"dw6q55ybydzkml4"},"id":"9qpapv7jjgbem4k","previousOperationId":"0outm7lt2k94z3y"}
{"type":"log","timestamp":1718998057749,"level":"debug","message":"Running chrome with params {\"printBackground\":true,\"marginTop\":\"1.5cm\",\"marginRight\":\"1.5cm\",\"marginLeft\":\"1.cm\",\"timeout\":59986,\"margin\":{\"top\":\"1.5cm\",\"right\":\"1.5cm\",\"left\":\"1.cm\"}}","meta":{"rootId":"dw6q55ybydzkml4","id":"dw6q55ybydzkml4"},"id":"gyqsookqsdu9o5i","previousOperationId":"0outm7lt2k94z3y"}
{"type":"operationEnd","operationId":"0outm7lt2k94z3y","timestamp":1718998057793,"id":"ty0jqe0fqrluvbm","previousEventId":"gfjy5cxiqt6zomf","previousOperationId":"0outm7lt2k94z3y"}
{"type":"log","timestamp":1718998057793,"level":"debug","message":"Skipping storing report.","meta":{"rootId":"dw6q55ybydzkml4","id":"dw6q55ybydzkml4"},"id":"ematmnq33mq4o7a","previousOperationId":"0outm7lt2k94z3y"}
{"type":"log","timestamp":1718998057793,"level":"info","message":"Rendering request 31 finished in 127 ms","meta":{"rootId":"dw6q55ybydzkml4","id":"dw6q55ybydzkml4"},"id":"54xdpeb17mvfssl","previousOperationId":"0outm7lt2k94z3y"}
{"type":"operationEnd","subtype":"render","operationId":"23j03ow5ny4vikd","timestamp":1718998057793,"id":"orix8rhqppoqpmf","previousEventId":"ty0jqe0fqrluvbm","previousOperationId":"0outm7lt2k94z3y"}
{"type":"operationEnd","doDiffs":false,"previousEventId":"73bfvu238jugn9s","previousOperationId":"owcg77n3hq159g7","operationId":"owcg77n3hq159g7","timestamp":1718998057799,"id":"bbhwe3vzpmo1exj"}
