{"type":"operationStart","subtype":"profile","data":{"_id":"xThCCWLaMOVR8FVF","timestamp":"2024-06-21T19:28:25.997Z","state":"queued","mode":"standard","creationDate":"2024-06-21T19:28:25.999Z","modificationDate":"2024-06-21T19:28:25.999Z","shortid":"yvMB-p9","$entitySet":"profiles"},"doDiffs":false,"timestamp":1718998105998,"id":"lvey2ydurq92mnz","previousOperationId":null,"operationId":"igz5dq035d9rkbh"}
{"type":"log","level":"info","message":"Render request 32 queued for execution and waiting for available worker","previousOperationId":"igz5dq035d9rkbh","timestamp":1718998105998,"id":"6v5swxyrmm2rizo"}
{"type":"operationStart","subtype":"render","name":"orders-header","previousOperationId":"igz5dq035d9rkbh","timestamp":1718998106010,"id":"yqhvsqjpmuixq5q","previousEventId":"lvey2ydurq92mnz","operationId":"2nq0kjejomg4vlv"}
{"type":"log","timestamp":1718998106010,"level":"info","message":"Starting rendering request 32","meta":{"rootId":"gd8bx6h2aenc3fb","id":"gd8bx6h2aenc3fb"},"id":"0xut0fu89b1bks1","previousOperationId":"2nq0kjejomg4vlv"}
{"type":"log","timestamp":1718998106011,"level":"info","message":"Rendering template { name: orders-header, recipe: chrome-pdf, engine: handlebars, preview: true }","meta":{"rootId":"gd8bx6h2aenc3fb","id":"gd8bx6h2aenc3fb"},"id":"93715x2s07rwf3g","previousOperationId":"2nq0kjejomg4vlv"}
{"type":"log","timestamp":1718998106020,"level":"debug","message":"Data item not defined for this template.","meta":{"rootId":"gd8bx6h2aenc3fb","id":"gd8bx6h2aenc3fb"},"id":"nqzukje9j31ze51","previousOperationId":"2nq0kjejomg4vlv"}
{"type":"log","timestamp":1718998106027,"level":"debug","message":"Base url not specified, skipping its injection.","meta":{"rootId":"gd8bx6h2aenc3fb","id":"gd8bx6h2aenc3fb"},"id":"vri887sht68k4ut","previousOperationId":"2nq0kjejomg4vlv"}
{"type":"operationStart","subtype":"engine","name":"handlebars","timestamp":1718998106027,"id":"91mwkyibycz97we","previousEventId":"yqhvsqjpmuixq5q","operationId":"qiei3etaqds4awa","previousOperationId":"2nq0kjejomg4vlv"}
{"type":"log","timestamp":1718998106027,"level":"debug","message":"Rendering engine handlebars","meta":{"rootId":"gd8bx6h2aenc3fb","id":"gd8bx6h2aenc3fb"},"id":"gqir7uo4yaqmd8o","previousOperationId":"qiei3etaqds4awa"}
{"type":"operationEnd","operationId":"qiei3etaqds4awa","timestamp":1718998106035,"id":"vzl70rq24yp999r","previousEventId":"91mwkyibycz97we","previousOperationId":"qiei3etaqds4awa"}
{"type":"operationStart","subtype":"recipe","name":"chrome-pdf","timestamp":1718998106035,"id":"j7ssueh3oogzu7j","previousEventId":"vzl70rq24yp999r","operationId":"01bbuubb5jjtv32","previousOperationId":"qiei3etaqds4awa"}
{"type":"log","timestamp":1718998106035,"level":"debug","message":"Executing recipe chrome-pdf","meta":{"rootId":"gd8bx6h2aenc3fb","id":"gd8bx6h2aenc3fb"},"id":"qkipn9bxuyxe2m8","previousOperationId":"01bbuubb5jjtv32"}
{"type":"log","timestamp":1718998106038,"level":"debug","message":"Converting with chrome Chrome/126.0.6478.61 using chrome-pool strategy","meta":{"rootId":"gd8bx6h2aenc3fb","id":"gd8bx6h2aenc3fb"},"id":"lhkqktu82thk6tn","previousOperationId":"01bbuubb5jjtv32"}
{"type":"log","timestamp":1718998106080,"level":"debug","message":"Page request: GET (document) file:///var/folders/2x/1bhfw9mx7d775w_jmf56lcp80000gn/T/jsreport/autocleanup/955e9f68-512c-4318-afcb-cd73df33f981-chrome-pdf.html","meta":{"rootId":"gd8bx6h2aenc3fb","id":"gd8bx6h2aenc3fb"},"id":"36p4gtbiz0zmauc","previousOperationId":"01bbuubb5jjtv32"}
{"type":"log","timestamp":1718998106085,"level":"debug","message":"Page request finished: GET (document) 200 file:///var/folders/2x/1bhfw9mx7d775w_jmf56lcp80000gn/T/jsreport/autocleanup/955e9f68-512c-4318-afcb-cd73df33f981-chrome-pdf.html","meta":{"rootId":"gd8bx6h2aenc3fb","id":"gd8bx6h2aenc3fb"},"id":"wxgzx01qfobxg39","previousOperationId":"01bbuubb5jjtv32"}
{"type":"log","timestamp":1718998106085,"level":"debug","message":"Page request: GET (stylesheet) https://cdnjs.cloudflare.com/ajax/libs/metro/4.1.5/css/metro.min.css","meta":{"rootId":"gd8bx6h2aenc3fb","id":"gd8bx6h2aenc3fb"},"id":"6ybop2n24bwlnzp","previousOperationId":"01bbuubb5jjtv32"}
{"type":"log","timestamp":1718998106093,"level":"debug","message":"Page request finished: GET (stylesheet) 200 https://cdnjs.cloudflare.com/ajax/libs/metro/4.1.5/css/metro.min.css","meta":{"rootId":"gd8bx6h2aenc3fb","id":"gd8bx6h2aenc3fb"},"id":"6fms11yht7n05gj","previousOperationId":"01bbuubb5jjtv32"}
{"type":"log","timestamp":1718998106097,"level":"debug","message":"Running chrome with params {\"printBackground\":true,\"marginTop\":\"1.5cm\",\"marginRight\":\"1.5cm\",\"marginLeft\":\"1.cm\",\"timeout\":59961,\"margin\":{\"top\":\"1.5cm\",\"right\":\"1.5cm\",\"left\":\"1.cm\"}}","meta":{"rootId":"gd8bx6h2aenc3fb","id":"gd8bx6h2aenc3fb"},"id":"ep4f5horw74gou2","previousOperationId":"01bbuubb5jjtv32"}
{"type":"operationEnd","operationId":"01bbuubb5jjtv32","timestamp":1718998106147,"id":"n6mevpjclmck9r4","previousEventId":"j7ssueh3oogzu7j","previousOperationId":"01bbuubb5jjtv32"}
{"type":"log","timestamp":1718998106147,"level":"debug","message":"Skipping storing report.","meta":{"rootId":"gd8bx6h2aenc3fb","id":"gd8bx6h2aenc3fb"},"id":"cl5g3dunzyn6d5k","previousOperationId":"01bbuubb5jjtv32"}
{"type":"log","timestamp":1718998106147,"level":"info","message":"Rendering request 32 finished in 150 ms","meta":{"rootId":"gd8bx6h2aenc3fb","id":"gd8bx6h2aenc3fb"},"id":"6wmtef4qbwn94dt","previousOperationId":"01bbuubb5jjtv32"}
{"type":"operationEnd","subtype":"render","operationId":"2nq0kjejomg4vlv","timestamp":1718998106147,"id":"p5zawobfpfxy26i","previousEventId":"n6mevpjclmck9r4","previousOperationId":"01bbuubb5jjtv32"}
{"type":"operationEnd","doDiffs":false,"previousEventId":"lvey2ydurq92mnz","previousOperationId":"igz5dq035d9rkbh","operationId":"igz5dq035d9rkbh","timestamp":1718998106149,"id":"f4slswcjyfeac9l"}
