{"type":"operationStart","subtype":"profile","data":{"_id":"6p69EzdWeoJrvpDg","timestamp":"2024-06-24T15:18:23.679Z","state":"queued","mode":"standard","creationDate":"2024-06-24T15:18:23.680Z","modificationDate":"2024-06-24T15:18:23.680Z","shortid":"2W3xrCF","$entitySet":"profiles"},"doDiffs":false,"timestamp":1719242303679,"id":"il9zx1az2s6nn9p","previousOperationId":null,"operationId":"ds4xnxkne6hhp9y"}
{"type":"log","level":"info","message":"Render request 4 queued for execution and waiting for available worker","previousOperationId":"ds4xnxkne6hhp9y","timestamp":1719242303679,"id":"714iczsdhahyy0z"}
{"type":"operationStart","subtype":"render","name":"anonymous","previousOperationId":"ds4xnxkne6hhp9y","timestamp":1719242303685,"id":"3l2b8myf7o2iu5f","previousEventId":"il9zx1az2s6nn9p","operationId":"no76i2p64hd47qf"}
{"type":"log","timestamp":1719242303685,"level":"info","message":"Starting rendering request 4","meta":{"rootId":"02h5af1uwi1ddcv","id":"02h5af1uwi1ddcv"},"id":"z1uoaf0f7o4k61o","previousOperationId":"no76i2p64hd47qf"}
{"type":"log","timestamp":1719242303685,"level":"info","message":"Rendering anonymous template { recipe: chrome-pdf, engine: handlebars }","meta":{"rootId":"02h5af1uwi1ddcv","id":"02h5af1uwi1ddcv"},"id":"5fgm6eahygfui7o","previousOperationId":"no76i2p64hd47qf"}
{"type":"log","timestamp":1719242303685,"level":"debug","message":"Inline data specified.","meta":{"rootId":"02h5af1uwi1ddcv","id":"02h5af1uwi1ddcv"},"id":"oxm11jeu16slk9d","previousOperationId":"no76i2p64hd47qf"}
{"type":"log","timestamp":1719242303686,"level":"debug","message":"Base url not specified, skipping its injection.","meta":{"rootId":"02h5af1uwi1ddcv","id":"02h5af1uwi1ddcv"},"id":"21a6z7srz8xz3qe","previousOperationId":"no76i2p64hd47qf"}
{"type":"operationStart","subtype":"engine","name":"handlebars","timestamp":1719242303688,"id":"fr8d14irs6w911s","previousEventId":"3l2b8myf7o2iu5f","operationId":"6v1zukhogtjuo0d","previousOperationId":"no76i2p64hd47qf"}
{"type":"log","timestamp":1719242303689,"level":"debug","message":"Rendering engine handlebars","meta":{"rootId":"02h5af1uwi1ddcv","id":"02h5af1uwi1ddcv"},"id":"xpsvgm5jb6ej3dh","previousOperationId":"6v1zukhogtjuo0d"}
{"type":"operationEnd","operationId":"6v1zukhogtjuo0d","timestamp":1719242303705,"id":"mi6kuyp26k2wbx7","previousEventId":"fr8d14irs6w911s","previousOperationId":"6v1zukhogtjuo0d"}
{"type":"operationStart","subtype":"recipe","name":"chrome-pdf","timestamp":1719242303705,"id":"2m674d4vna592lb","previousEventId":"mi6kuyp26k2wbx7","operationId":"9o6wwuy8g6zuhnb","previousOperationId":"6v1zukhogtjuo0d"}
{"type":"log","timestamp":1719242303705,"level":"debug","message":"Executing recipe chrome-pdf","meta":{"rootId":"02h5af1uwi1ddcv","id":"02h5af1uwi1ddcv"},"id":"lfsts7o4cv0wx10","previousOperationId":"9o6wwuy8g6zuhnb"}
{"type":"log","timestamp":1719242303715,"level":"debug","message":"Converting with chrome Chrome/126.0.6478.61 using chrome-pool strategy","meta":{"rootId":"02h5af1uwi1ddcv","id":"02h5af1uwi1ddcv"},"id":"6wpkh0g88zb19p9","previousOperationId":"9o6wwuy8g6zuhnb"}
{"type":"log","timestamp":1719242304171,"level":"debug","message":"Page request: GET (document) file:///var/folders/2x/1bhfw9mx7d775w_jmf56lcp80000gn/T/jsreport/autocleanup/a0e6a450-f347-4b5e-920c-d54cce993586-chrome-pdf.html","meta":{"rootId":"02h5af1uwi1ddcv","id":"02h5af1uwi1ddcv"},"id":"8z0frfnc7zpo0z2","previousOperationId":"9o6wwuy8g6zuhnb"}
{"type":"log","timestamp":1719242304191,"level":"debug","message":"Page request finished: GET (document) 200 file:///var/folders/2x/1bhfw9mx7d775w_jmf56lcp80000gn/T/jsreport/autocleanup/a0e6a450-f347-4b5e-920c-d54cce993586-chrome-pdf.html","meta":{"rootId":"02h5af1uwi1ddcv","id":"02h5af1uwi1ddcv"},"id":"c01e01ncku2ids6","previousOperationId":"9o6wwuy8g6zuhnb"}
{"type":"log","timestamp":1719242304193,"level":"debug","message":"Page request: GET (stylesheet) https://cdnjs.cloudflare.com/ajax/libs/metro/4.1.5/css/metro.min.css","meta":{"rootId":"02h5af1uwi1ddcv","id":"02h5af1uwi1ddcv"},"id":"g0vpxo34jz2bvd0","previousOperationId":"9o6wwuy8g6zuhnb"}
{"type":"log","timestamp":1719242304194,"level":"debug","message":"Page request: GET (script) https://cdnjs.cloudflare.com/ajax/libs/Chart.js/2.7.2/Chart.min.js","meta":{"rootId":"02h5af1uwi1ddcv","id":"02h5af1uwi1ddcv"},"id":"eq717ujbdufj4z2","previousOperationId":"9o6wwuy8g6zuhnb"}
{"type":"log","timestamp":1719242304204,"level":"debug","message":"Page request finished: GET (stylesheet) 200 https://cdnjs.cloudflare.com/ajax/libs/metro/4.1.5/css/metro.min.css","meta":{"rootId":"02h5af1uwi1ddcv","id":"02h5af1uwi1ddcv"},"id":"f9umvobdyk03yg9","previousOperationId":"9o6wwuy8g6zuhnb"}
{"type":"log","timestamp":1719242304204,"level":"debug","message":"Page request finished: GET (script) 200 https://cdnjs.cloudflare.com/ajax/libs/Chart.js/2.7.2/Chart.min.js","meta":{"rootId":"02h5af1uwi1ddcv","id":"02h5af1uwi1ddcv"},"id":"tre8tc1ck1tdjt7","previousOperationId":"9o6wwuy8g6zuhnb"}
{"type":"log","timestamp":1719242304245,"level":"debug","message":"Running chrome with params {\"marginTop\":\"4cm\",\"marginRight\":\"1.5cm\",\"marginLeft\":\"1.5cm\",\"marginBottom\":\"1.5cm\",\"timeout\":59964,\"margin\":{\"top\":\"4cm\",\"right\":\"1.5cm\",\"bottom\":\"1.5cm\",\"left\":\"1.5cm\"},\"printBackground\":true}","meta":{"rootId":"02h5af1uwi1ddcv","id":"02h5af1uwi1ddcv"},"id":"jynqek2ejx5wpdw","previousOperationId":"9o6wwuy8g6zuhnb"}
{"type":"operationEnd","operationId":"9o6wwuy8g6zuhnb","timestamp":1719242304407,"id":"d6321nwpsz7gis3","previousEventId":"2m674d4vna592lb","previousOperationId":"9o6wwuy8g6zuhnb"}
{"type":"log","timestamp":1719242304407,"level":"debug","message":"Skipping storing report.","meta":{"rootId":"02h5af1uwi1ddcv","id":"02h5af1uwi1ddcv"},"id":"doe8wzyeoi33emv","previousOperationId":"9o6wwuy8g6zuhnb"}
{"type":"log","timestamp":1719242304407,"level":"info","message":"Rendering request 4 finished in 736 ms","meta":{"rootId":"02h5af1uwi1ddcv","id":"02h5af1uwi1ddcv"},"id":"92ecy8yl4mrx2fe","previousOperationId":"9o6wwuy8g6zuhnb"}
{"type":"operationEnd","subtype":"render","operationId":"no76i2p64hd47qf","timestamp":1719242304407,"id":"iudszowx7fjzdyg","previousEventId":"d6321nwpsz7gis3","previousOperationId":"9o6wwuy8g6zuhnb"}
{"type":"operationEnd","doDiffs":false,"previousEventId":"il9zx1az2s6nn9p","previousOperationId":"ds4xnxkne6hhp9y","operationId":"ds4xnxkne6hhp9y","timestamp":1719242304408,"id":"msd3buu6ow5glla"}
