{"type":"operationStart","subtype":"profile","data":{"_id":"jAc1fFeTqDmePfgW","timestamp":"2024-06-21T22:43:46.582Z","state":"queued","mode":"standard","creationDate":"2024-06-21T22:43:46.584Z","modificationDate":"2024-06-21T22:43:46.584Z","shortid":"w3hOGDf","$entitySet":"profiles"},"doDiffs":false,"timestamp":1719009826583,"id":"b7qnbwoywa679j1","previousOperationId":null,"operationId":"ttatmr506akzcj2"}
{"type":"log","level":"info","message":"Render request 161 queued for execution and waiting for available worker","previousOperationId":"ttatmr506akzcj2","timestamp":1719009826583,"id":"n8gqc519fwwlw6w"}
{"type":"operationStart","subtype":"render","name":"anonymous","previousOperationId":"ttatmr506akzcj2","timestamp":1719009826588,"id":"kxmmhlvatv1vrsm","previousEventId":"b7qnbwoywa679j1","operationId":"kndaa1egd739hsd"}
{"type":"log","timestamp":1719009826589,"level":"info","message":"Starting rendering request 161","meta":{"rootId":"05vwg7xqwwfwvtk","id":"05vwg7xqwwfwvtk"},"id":"cgp2gnzpnvtqbia","previousOperationId":"kndaa1egd739hsd"}
{"type":"log","timestamp":1719009826589,"level":"info","message":"Rendering anonymous template { recipe: chrome-pdf, engine: handlebars }","meta":{"rootId":"05vwg7xqwwfwvtk","id":"05vwg7xqwwfwvtk"},"id":"pc9whtjy3kkg9q6","previousOperationId":"kndaa1egd739hsd"}
{"type":"log","timestamp":1719009826589,"level":"debug","message":"Inline data specified.","meta":{"rootId":"05vwg7xqwwfwvtk","id":"05vwg7xqwwfwvtk"},"id":"weipa93mllo2k0e","previousOperationId":"kndaa1egd739hsd"}
{"type":"log","timestamp":1719009826592,"level":"debug","message":"Base url not specified, skipping its injection.","meta":{"rootId":"05vwg7xqwwfwvtk","id":"05vwg7xqwwfwvtk"},"id":"qbpfjk7fm76jez6","previousOperationId":"kndaa1egd739hsd"}
{"type":"operationStart","subtype":"engine","name":"handlebars","timestamp":1719009826592,"id":"2lcmjfez93brd6s","previousEventId":"kxmmhlvatv1vrsm","operationId":"dj0qluaxmow78mz","previousOperationId":"kndaa1egd739hsd"}
{"type":"log","timestamp":1719009826592,"level":"debug","message":"Rendering engine handlebars","meta":{"rootId":"05vwg7xqwwfwvtk","id":"05vwg7xqwwfwvtk"},"id":"yn9d874hafd6zpz","previousOperationId":"dj0qluaxmow78mz"}
{"type":"log","timestamp":1719009826597,"level":"debug","message":"(console:log) Pdf utils adding group field, value: \"France\"","meta":{"userLevel":true,"rootId":"05vwg7xqwwfwvtk","id":"05vwg7xqwwfwvtk"},"id":"93vv9a9841ennu0","previousOperationId":"dj0qluaxmow78mz"}
{"type":"log","timestamp":1719009826597,"level":"debug","message":"(console:log) Pdf utils adding group field, value: \"Germany\"","meta":{"userLevel":true,"rootId":"05vwg7xqwwfwvtk","id":"05vwg7xqwwfwvtk"},"id":"zsms7m1phkctrgh","previousOperationId":"dj0qluaxmow78mz"}
{"type":"operationEnd","operationId":"dj0qluaxmow78mz","timestamp":1719009826597,"id":"waarz34rq8vne9r","previousEventId":"2lcmjfez93brd6s","previousOperationId":"dj0qluaxmow78mz"}
{"type":"operationStart","subtype":"recipe","name":"chrome-pdf","timestamp":1719009826598,"id":"wmn1huvq1uadktl","previousEventId":"waarz34rq8vne9r","operationId":"unvio60h5lj93k8","previousOperationId":"dj0qluaxmow78mz"}
{"type":"log","timestamp":1719009826598,"level":"debug","message":"Executing recipe chrome-pdf","meta":{"rootId":"05vwg7xqwwfwvtk","id":"05vwg7xqwwfwvtk"},"id":"xetc0tp9sstl488","previousOperationId":"unvio60h5lj93k8"}
{"type":"log","timestamp":1719009826602,"level":"debug","message":"Converting with chrome Chrome/126.0.6478.61 using chrome-pool strategy","meta":{"rootId":"05vwg7xqwwfwvtk","id":"05vwg7xqwwfwvtk"},"id":"06qyp4dwzmwfjex","previousOperationId":"unvio60h5lj93k8"}
{"type":"log","timestamp":1719009826700,"level":"debug","message":"Page request: GET (document) file:///var/folders/2x/1bhfw9mx7d775w_jmf56lcp80000gn/T/jsreport/autocleanup/d466a6ce-0bad-4b21-bac0-e1fa72797a2a-chrome-pdf.html","meta":{"rootId":"05vwg7xqwwfwvtk","id":"05vwg7xqwwfwvtk"},"id":"52avxd79hndg110","previousOperationId":"unvio60h5lj93k8"}
{"type":"log","timestamp":1719009826705,"level":"debug","message":"Page request finished: GET (document) 200 file:///var/folders/2x/1bhfw9mx7d775w_jmf56lcp80000gn/T/jsreport/autocleanup/d466a6ce-0bad-4b21-bac0-e1fa72797a2a-chrome-pdf.html","meta":{"rootId":"05vwg7xqwwfwvtk","id":"05vwg7xqwwfwvtk"},"id":"4d0w6nza644dn34","previousOperationId":"unvio60h5lj93k8"}
{"type":"log","timestamp":1719009826705,"level":"debug","message":"Page request: GET (stylesheet) https://cdnjs.cloudflare.com/ajax/libs/metro/4.1.5/css/metro.min.css","meta":{"rootId":"05vwg7xqwwfwvtk","id":"05vwg7xqwwfwvtk"},"id":"tvvsfxmxy7qkzh5","previousOperationId":"unvio60h5lj93k8"}
{"type":"log","timestamp":1719009826705,"level":"debug","message":"Page request: GET (script) https://cdnjs.cloudflare.com/ajax/libs/Chart.js/2.7.2/Chart.min.js","meta":{"rootId":"05vwg7xqwwfwvtk","id":"05vwg7xqwwfwvtk"},"id":"jisf76qazc8aexy","previousOperationId":"unvio60h5lj93k8"}
{"type":"log","timestamp":1719009826714,"level":"debug","message":"Page request finished: GET (stylesheet) 200 https://cdnjs.cloudflare.com/ajax/libs/metro/4.1.5/css/metro.min.css","meta":{"rootId":"05vwg7xqwwfwvtk","id":"05vwg7xqwwfwvtk"},"id":"69i7vcrmipofyke","previousOperationId":"unvio60h5lj93k8"}
{"type":"log","timestamp":1719009826715,"level":"debug","message":"Page request finished: GET (script) 200 https://cdnjs.cloudflare.com/ajax/libs/Chart.js/2.7.2/Chart.min.js","meta":{"rootId":"05vwg7xqwwfwvtk","id":"05vwg7xqwwfwvtk"},"id":"b30it96anweqjta","previousOperationId":"unvio60h5lj93k8"}
{"type":"log","timestamp":1719009826755,"level":"debug","message":"Running chrome with params {\"timeout\":59982,\"margin\":{},\"printBackground\":true}","meta":{"rootId":"05vwg7xqwwfwvtk","id":"05vwg7xqwwfwvtk"},"id":"8boqspha76w3rt9","previousOperationId":"unvio60h5lj93k8"}
{"type":"operationEnd","operationId":"unvio60h5lj93k8","timestamp":1719009826955,"id":"ow19xt5a1ipwvaa","previousEventId":"wmn1huvq1uadktl","previousOperationId":"unvio60h5lj93k8"}
{"type":"log","timestamp":1719009826955,"level":"info","message":"pdf-utils is starting pdf processing","meta":{"rootId":"05vwg7xqwwfwvtk","id":"05vwg7xqwwfwvtk"},"id":"ocfg2hhf6nv0eyh","previousOperationId":"unvio60h5lj93k8"}
{"type":"operationStart","subtype":"pdfUtils","name":"pdf utils","timestamp":1719009826957,"id":"a7ilceft0f9eyrt","previousEventId":"ow19xt5a1ipwvaa","operationId":"x8ca6pxfgst0rmj","previousOperationId":"unvio60h5lj93k8"}
{"type":"log","timestamp":1719009826957,"level":"debug","message":"pdf-utils detected 1 pdf operation(s) to process","meta":{"rootId":"05vwg7xqwwfwvtk","id":"05vwg7xqwwfwvtk"},"id":"4u7mytawra90nts","previousOperationId":"x8ca6pxfgst0rmj"}
{"type":"log","timestamp":1719009826971,"level":"debug","message":"pdf-utils running pdf operation merge","meta":{"rootId":"05vwg7xqwwfwvtk","id":"05vwg7xqwwfwvtk"},"id":"kc88tib101nde81","previousOperationId":"x8ca6pxfgst0rmj"}
{"type":"operationStart","subtype":"pdfUtilsMerge","name":"pdf utils merge","previousOperationId":"x8ca6pxfgst0rmj","timestamp":1719009826971,"id":"9k1vl9xnzie09yg","previousEventId":"a7ilceft0f9eyrt","operationId":"2ir3vqi0pq9bre5"}
{"type":"operationStart","subtype":"render","name":"anonymous","previousOperationId":"2ir3vqi0pq9bre5","timestamp":1719009826971,"id":"o0z92aafriofko3","previousEventId":"9k1vl9xnzie09yg","operationId":"evnymhy7udt78m3"}
{"type":"log","timestamp":1719009826971,"level":"info","message":"Starting rendering (child) request","meta":{"rootId":"05vwg7xqwwfwvtk","id":"xa3vubwm39yfr5g"},"id":"erg12petsz2c6a9","previousOperationId":"evnymhy7udt78m3"}
{"type":"log","timestamp":1719009826971,"level":"info","message":"Rendering anonymous template { recipe: chrome-pdf, engine: handlebars }","meta":{"rootId":"05vwg7xqwwfwvtk","id":"xa3vubwm39yfr5g"},"id":"p2fd93ds1fjrup0","previousOperationId":"evnymhy7udt78m3"}
{"type":"log","timestamp":1719009826971,"level":"debug","message":"Inline data specified.","meta":{"rootId":"05vwg7xqwwfwvtk","id":"xa3vubwm39yfr5g"},"id":"dqgpn07uf9kofrn","previousOperationId":"evnymhy7udt78m3"}
{"type":"log","timestamp":1719009826973,"level":"debug","message":"Base url not specified, skipping its injection.","meta":{"rootId":"05vwg7xqwwfwvtk","id":"xa3vubwm39yfr5g"},"id":"ghib72vr3dg1i8n","previousOperationId":"evnymhy7udt78m3"}
{"type":"operationStart","subtype":"engine","name":"handlebars","timestamp":1719009826973,"id":"v2y9hi98xi5jep1","previousEventId":"o0z92aafriofko3","operationId":"6wqn1ghtkal2qad","previousOperationId":"evnymhy7udt78m3"}
{"type":"log","timestamp":1719009826973,"level":"debug","message":"Rendering engine handlebars","meta":{"rootId":"05vwg7xqwwfwvtk","id":"xa3vubwm39yfr5g"},"id":"nclfywubhu1sft4","previousOperationId":"6wqn1ghtkal2qad"}
{"type":"operationEnd","operationId":"6wqn1ghtkal2qad","timestamp":1719009826982,"id":"s78es2dj0a9643o","previousEventId":"v2y9hi98xi5jep1","previousOperationId":"6wqn1ghtkal2qad"}
{"type":"operationStart","subtype":"recipe","name":"chrome-pdf","timestamp":1719009826982,"id":"uaf3aeq4bpddng0","previousEventId":"s78es2dj0a9643o","operationId":"nnnxdewvbo10x5y","previousOperationId":"6wqn1ghtkal2qad"}
{"type":"log","timestamp":1719009826982,"level":"debug","message":"Executing recipe chrome-pdf","meta":{"rootId":"05vwg7xqwwfwvtk","id":"xa3vubwm39yfr5g"},"id":"snfv5n4ikb8m56o","previousOperationId":"nnnxdewvbo10x5y"}
{"type":"log","timestamp":1719009826984,"level":"debug","message":"Converting with chrome Chrome/126.0.6478.61 using chrome-pool strategy","meta":{"rootId":"05vwg7xqwwfwvtk","id":"xa3vubwm39yfr5g"},"id":"vsphqeci8mzfg0i","previousOperationId":"nnnxdewvbo10x5y"}
{"type":"log","timestamp":1719009827071,"level":"debug","message":"Page request: GET (document) file:///var/folders/2x/1bhfw9mx7d775w_jmf56lcp80000gn/T/jsreport/autocleanup/063dd596-8529-406b-9284-c106af173bb6-chrome-pdf.html","meta":{"rootId":"05vwg7xqwwfwvtk","id":"xa3vubwm39yfr5g"},"id":"sp4uvqx3ja2n5oh","previousOperationId":"nnnxdewvbo10x5y"}
{"type":"log","timestamp":1719009827077,"level":"debug","message":"Page request finished: GET (document) 200 file:///var/folders/2x/1bhfw9mx7d775w_jmf56lcp80000gn/T/jsreport/autocleanup/063dd596-8529-406b-9284-c106af173bb6-chrome-pdf.html","meta":{"rootId":"05vwg7xqwwfwvtk","id":"xa3vubwm39yfr5g"},"id":"04jmgsqkmhocckm","previousOperationId":"nnnxdewvbo10x5y"}
{"type":"log","timestamp":1719009827079,"level":"debug","message":"Page request: GET (stylesheet) https://cdnjs.cloudflare.com/ajax/libs/metro/4.1.5/css/metro.min.css","meta":{"rootId":"05vwg7xqwwfwvtk","id":"xa3vubwm39yfr5g"},"id":"1mr0m4k8n5gf6od","previousOperationId":"nnnxdewvbo10x5y"}
{"type":"log","timestamp":1719009827085,"level":"debug","message":"Page request finished: GET (stylesheet) 200 https://cdnjs.cloudflare.com/ajax/libs/metro/4.1.5/css/metro.min.css","meta":{"rootId":"05vwg7xqwwfwvtk","id":"xa3vubwm39yfr5g"},"id":"duyoi5l7wdd4663","previousOperationId":"nnnxdewvbo10x5y"}
{"type":"log","timestamp":1719009827106,"level":"debug","message":"Running chrome with params {\"timeout\":59598,\"margin\":{},\"printBackground\":true}","meta":{"rootId":"05vwg7xqwwfwvtk","id":"xa3vubwm39yfr5g"},"id":"x9eilq07l4g3zxf","previousOperationId":"nnnxdewvbo10x5y"}
{"type":"operationEnd","operationId":"nnnxdewvbo10x5y","timestamp":1719009827231,"id":"b0ugnnouefuny9c","previousEventId":"uaf3aeq4bpddng0","previousOperationId":"nnnxdewvbo10x5y"}
{"type":"log","timestamp":1719009827231,"level":"debug","message":"Skipping storing report.","meta":{"rootId":"05vwg7xqwwfwvtk","id":"xa3vubwm39yfr5g"},"id":"m23myz9eys9w2ti","previousOperationId":"nnnxdewvbo10x5y"}
{"type":"log","timestamp":1719009827231,"level":"info","message":"Rendering (child) request finished in 650 ms","meta":{"rootId":"05vwg7xqwwfwvtk","id":"xa3vubwm39yfr5g"},"id":"75sdzmkk9d4ct92","previousOperationId":"nnnxdewvbo10x5y"}
{"type":"operationEnd","subtype":"render","operationId":"evnymhy7udt78m3","timestamp":1719009827231,"id":"jb4ui96vwdczbsb","previousEventId":"b0ugnnouefuny9c","previousOperationId":"nnnxdewvbo10x5y"}
{"type":"operationEnd","operationId":"2ir3vqi0pq9bre5","timestamp":1719009827262,"id":"y5whfut8hh6xo5l","previousEventId":"9k1vl9xnzie09yg","previousOperationId":"2ir3vqi0pq9bre5"}
{"type":"log","timestamp":1719009827262,"level":"debug","message":"pdf-utils postprocess start","meta":{"rootId":"05vwg7xqwwfwvtk","id":"05vwg7xqwwfwvtk"},"id":"o9zkzun0nk79ltb","previousOperationId":"2ir3vqi0pq9bre5"}
{"type":"log","timestamp":1719009827301,"level":"debug","message":"pdf-utils postprocess end","meta":{"rootId":"05vwg7xqwwfwvtk","id":"05vwg7xqwwfwvtk"},"id":"9nzmvm4m3qf6eqe","previousOperationId":"2ir3vqi0pq9bre5"}
{"type":"operationEnd","operationId":"x8ca6pxfgst0rmj","timestamp":1719009827301,"id":"useascv650k5wh3","previousEventId":"y5whfut8hh6xo5l","previousOperationId":"2ir3vqi0pq9bre5"}
{"type":"log","timestamp":1719009827303,"level":"info","message":"pdf-utils pdf processing was finished","meta":{"rootId":"05vwg7xqwwfwvtk","id":"05vwg7xqwwfwvtk"},"id":"jam7nps8vfym65o","previousOperationId":"x8ca6pxfgst0rmj"}
{"type":"log","timestamp":1719009827303,"level":"debug","message":"Skipping storing report.","meta":{"rootId":"05vwg7xqwwfwvtk","id":"05vwg7xqwwfwvtk"},"id":"kgs801ebt554el6","previousOperationId":"x8ca6pxfgst0rmj"}
{"type":"log","timestamp":1719009827303,"level":"info","message":"Rendering request 161 finished in 722 ms","meta":{"rootId":"05vwg7xqwwfwvtk","id":"05vwg7xqwwfwvtk"},"id":"qhlrbe3bnap5ol0","previousOperationId":"x8ca6pxfgst0rmj"}
{"type":"operationEnd","subtype":"render","operationId":"kndaa1egd739hsd","timestamp":1719009827303,"id":"e302i1vbs43y4kc","previousEventId":"useascv650k5wh3","previousOperationId":"x8ca6pxfgst0rmj"}
{"type":"operationEnd","doDiffs":false,"previousEventId":"b7qnbwoywa679j1","previousOperationId":"ttatmr506akzcj2","operationId":"ttatmr506akzcj2","timestamp":1719009827303,"id":"7spb14sfg0p3i7t"}
