{"type":"operationStart","subtype":"profile","data":{"_id":"OuvlsBFvvoWFyxku","timestamp":"2024-06-21T22:39:20.475Z","state":"queued","mode":"standard","creationDate":"2024-06-21T22:39:20.476Z","modificationDate":"2024-06-21T22:39:20.476Z","shortid":"Lxug36X","$entitySet":"profiles"},"doDiffs":false,"timestamp":1719009560475,"id":"y1d1n3a24q39wt4","previousOperationId":null,"operationId":"e9f39zfasszlby8"}
{"type":"log","level":"info","message":"Render request 155 queued for execution and waiting for available worker","previousOperationId":"e9f39zfasszlby8","timestamp":1719009560475,"id":"ljdmuc1nux9qp6p"}
{"type":"operationStart","subtype":"render","name":"anonymous","previousOperationId":"e9f39zfasszlby8","timestamp":1719009560496,"id":"coyr1kf30w3ah05","previousEventId":"y1d1n3a24q39wt4","operationId":"xeyq2gbeyemarzr"}
{"type":"log","timestamp":1719009560496,"level":"info","message":"Starting rendering request 155","meta":{"rootId":"0dek4cwlmxvg82k","id":"0dek4cwlmxvg82k"},"id":"pg9qeu7bxxqekve","previousOperationId":"xeyq2gbeyemarzr"}
{"type":"log","timestamp":1719009560496,"level":"info","message":"Rendering anonymous template { recipe: chrome-pdf, engine: handlebars }","meta":{"rootId":"0dek4cwlmxvg82k","id":"0dek4cwlmxvg82k"},"id":"15h4nwf284j8wdx","previousOperationId":"xeyq2gbeyemarzr"}
{"type":"log","timestamp":1719009560496,"level":"debug","message":"Inline data specified.","meta":{"rootId":"0dek4cwlmxvg82k","id":"0dek4cwlmxvg82k"},"id":"t17r7inp7ayl0y2","previousOperationId":"xeyq2gbeyemarzr"}
{"type":"log","timestamp":1719009560497,"level":"debug","message":"Base url not specified, skipping its injection.","meta":{"rootId":"0dek4cwlmxvg82k","id":"0dek4cwlmxvg82k"},"id":"bdtdfvlu1m5x9oc","previousOperationId":"xeyq2gbeyemarzr"}
{"type":"operationStart","subtype":"engine","name":"handlebars","timestamp":1719009560497,"id":"yybmi5v855uzi1a","previousEventId":"coyr1kf30w3ah05","operationId":"72c8fluszoysq49","previousOperationId":"xeyq2gbeyemarzr"}
{"type":"log","timestamp":1719009560497,"level":"debug","message":"Rendering engine handlebars","meta":{"rootId":"0dek4cwlmxvg82k","id":"0dek4cwlmxvg82k"},"id":"bt6o7diblsgmkfc","previousOperationId":"72c8fluszoysq49"}
{"type":"log","timestamp":1719009560506,"level":"debug","message":"(console:log) Pdf utils adding group field, value: \"France\"","meta":{"userLevel":true,"rootId":"0dek4cwlmxvg82k","id":"0dek4cwlmxvg82k"},"id":"b7domuwsjsu6ux7","previousOperationId":"72c8fluszoysq49"}
{"type":"log","timestamp":1719009560507,"level":"debug","message":"(console:log) Pdf utils adding group field, value: \"Germany\"","meta":{"userLevel":true,"rootId":"0dek4cwlmxvg82k","id":"0dek4cwlmxvg82k"},"id":"ov2wmz7j8froqh0","previousOperationId":"72c8fluszoysq49"}
{"type":"operationEnd","operationId":"72c8fluszoysq49","timestamp":1719009560507,"id":"ikhk439gaxzqwbj","previousEventId":"yybmi5v855uzi1a","previousOperationId":"72c8fluszoysq49"}
{"type":"operationStart","subtype":"recipe","name":"chrome-pdf","timestamp":1719009560507,"id":"1thq8jvnuid57bl","previousEventId":"ikhk439gaxzqwbj","operationId":"z6wvuepmtsfkk31","previousOperationId":"72c8fluszoysq49"}
{"type":"log","timestamp":1719009560507,"level":"debug","message":"Executing recipe chrome-pdf","meta":{"rootId":"0dek4cwlmxvg82k","id":"0dek4cwlmxvg82k"},"id":"ly90irh34upu01z","previousOperationId":"z6wvuepmtsfkk31"}
{"type":"log","timestamp":1719009560510,"level":"debug","message":"Converting with chrome Chrome/126.0.6478.61 using chrome-pool strategy","meta":{"rootId":"0dek4cwlmxvg82k","id":"0dek4cwlmxvg82k"},"id":"i83b652iehzuypo","previousOperationId":"z6wvuepmtsfkk31"}
{"type":"log","timestamp":1719009560624,"level":"debug","message":"Page request: GET (document) file:///var/folders/2x/1bhfw9mx7d775w_jmf56lcp80000gn/T/jsreport/autocleanup/c78513d9-50f4-44ed-aafc-de81b06a01f9-chrome-pdf.html","meta":{"rootId":"0dek4cwlmxvg82k","id":"0dek4cwlmxvg82k"},"id":"7bxx5ocl6364iad","previousOperationId":"z6wvuepmtsfkk31"}
{"type":"log","timestamp":1719009560627,"level":"debug","message":"Page request finished: GET (document) 200 file:///var/folders/2x/1bhfw9mx7d775w_jmf56lcp80000gn/T/jsreport/autocleanup/c78513d9-50f4-44ed-aafc-de81b06a01f9-chrome-pdf.html","meta":{"rootId":"0dek4cwlmxvg82k","id":"0dek4cwlmxvg82k"},"id":"zwerls8twtlj2y3","previousOperationId":"z6wvuepmtsfkk31"}
{"type":"log","timestamp":1719009560628,"level":"debug","message":"Page request: GET (stylesheet) https://cdnjs.cloudflare.com/ajax/libs/metro/4.1.5/css/metro.min.css","meta":{"rootId":"0dek4cwlmxvg82k","id":"0dek4cwlmxvg82k"},"id":"ecx8m63caj3zla9","previousOperationId":"z6wvuepmtsfkk31"}
{"type":"log","timestamp":1719009560628,"level":"debug","message":"Page request: GET (script) https://cdnjs.cloudflare.com/ajax/libs/Chart.js/2.7.2/Chart.min.js","meta":{"rootId":"0dek4cwlmxvg82k","id":"0dek4cwlmxvg82k"},"id":"7rly2672kd06ezl","previousOperationId":"z6wvuepmtsfkk31"}
{"type":"log","timestamp":1719009560636,"level":"debug","message":"Page request finished: GET (stylesheet) 200 https://cdnjs.cloudflare.com/ajax/libs/metro/4.1.5/css/metro.min.css","meta":{"rootId":"0dek4cwlmxvg82k","id":"0dek4cwlmxvg82k"},"id":"z32ryfs55pzjxkq","previousOperationId":"z6wvuepmtsfkk31"}
{"type":"log","timestamp":1719009560637,"level":"debug","message":"Page request finished: GET (script) 200 https://cdnjs.cloudflare.com/ajax/libs/Chart.js/2.7.2/Chart.min.js","meta":{"rootId":"0dek4cwlmxvg82k","id":"0dek4cwlmxvg82k"},"id":"41jvillsbnralo8","previousOperationId":"z6wvuepmtsfkk31"}
{"type":"log","timestamp":1719009560670,"level":"debug","message":"Running chrome with params {\"marginTop\":\"2cm\",\"marginRight\":\"1.5cm\",\"marginLeft\":\"1.5cm\",\"marginBottom\":\"1.5cm\",\"timeout\":59966,\"margin\":{\"top\":\"2cm\",\"right\":\"1.5cm\",\"bottom\":\"1.5cm\",\"left\":\"1.5cm\"},\"printBackground\":true}","meta":{"rootId":"0dek4cwlmxvg82k","id":"0dek4cwlmxvg82k"},"id":"pcolyoou9zn0wol","previousOperationId":"z6wvuepmtsfkk31"}
{"type":"operationEnd","operationId":"z6wvuepmtsfkk31","timestamp":1719009560826,"id":"7482gynxoerwkzc","previousEventId":"1thq8jvnuid57bl","previousOperationId":"z6wvuepmtsfkk31"}
{"type":"log","timestamp":1719009560826,"level":"info","message":"pdf-utils is starting pdf processing","meta":{"rootId":"0dek4cwlmxvg82k","id":"0dek4cwlmxvg82k"},"id":"eams17xf3dsblmd","previousOperationId":"z6wvuepmtsfkk31"}
{"type":"operationStart","subtype":"pdfUtils","name":"pdf utils","timestamp":1719009560826,"id":"x5h63bj5zn9dg4v","previousEventId":"7482gynxoerwkzc","operationId":"i37r4r6lnytzpps","previousOperationId":"z6wvuepmtsfkk31"}
{"type":"log","timestamp":1719009560826,"level":"debug","message":"pdf-utils detected 1 pdf operation(s) to process","meta":{"rootId":"0dek4cwlmxvg82k","id":"0dek4cwlmxvg82k"},"id":"zbz6f1cww46thw1","previousOperationId":"i37r4r6lnytzpps"}
{"type":"log","timestamp":1719009560837,"level":"debug","message":"pdf-utils running pdf operation merge","meta":{"rootId":"0dek4cwlmxvg82k","id":"0dek4cwlmxvg82k"},"id":"qbzc5d1bb2qt6tv","previousOperationId":"i37r4r6lnytzpps"}
{"type":"operationStart","subtype":"pdfUtilsMerge","name":"pdf utils merge","previousOperationId":"i37r4r6lnytzpps","timestamp":1719009560837,"id":"pd9s3l5mc32svmw","previousEventId":"x5h63bj5zn9dg4v","operationId":"6w0dklulbvhiq6s"}
{"type":"operationStart","subtype":"render","name":"anonymous","previousOperationId":"6w0dklulbvhiq6s","timestamp":1719009560837,"id":"d7zkxo6zffe84g6","previousEventId":"pd9s3l5mc32svmw","operationId":"1rbzl7i3ie77jnd"}
{"type":"log","timestamp":1719009560837,"level":"info","message":"Starting rendering (child) request","meta":{"rootId":"0dek4cwlmxvg82k","id":"8zfvapaqovxzsfm"},"id":"1ubrj0ootpv2kuy","previousOperationId":"1rbzl7i3ie77jnd"}
{"type":"log","timestamp":1719009560837,"level":"info","message":"Rendering anonymous template { recipe: chrome-pdf, engine: handlebars }","meta":{"rootId":"0dek4cwlmxvg82k","id":"8zfvapaqovxzsfm"},"id":"yo035b37uiu3boq","previousOperationId":"1rbzl7i3ie77jnd"}
{"type":"log","timestamp":1719009560837,"level":"debug","message":"Inline data specified.","meta":{"rootId":"0dek4cwlmxvg82k","id":"8zfvapaqovxzsfm"},"id":"xog8fjt2axa9lua","previousOperationId":"1rbzl7i3ie77jnd"}
{"type":"log","timestamp":1719009560839,"level":"debug","message":"Base url not specified, skipping its injection.","meta":{"rootId":"0dek4cwlmxvg82k","id":"8zfvapaqovxzsfm"},"id":"dji5fc7przojsoz","previousOperationId":"1rbzl7i3ie77jnd"}
{"type":"operationStart","subtype":"engine","name":"handlebars","timestamp":1719009560839,"id":"kw8ulc6r26fjz0t","previousEventId":"d7zkxo6zffe84g6","operationId":"j1pkqhc5ej9f39n","previousOperationId":"1rbzl7i3ie77jnd"}
{"type":"log","timestamp":1719009560839,"level":"debug","message":"Rendering engine handlebars","meta":{"rootId":"0dek4cwlmxvg82k","id":"8zfvapaqovxzsfm"},"id":"cdfb2coeqcfxd3e","previousOperationId":"j1pkqhc5ej9f39n"}
{"type":"operationEnd","operationId":"j1pkqhc5ej9f39n","timestamp":1719009560844,"id":"xh02h1b5dl1ul7d","previousEventId":"kw8ulc6r26fjz0t","previousOperationId":"j1pkqhc5ej9f39n"}
{"type":"operationStart","subtype":"recipe","name":"chrome-pdf","timestamp":1719009560844,"id":"15c1jwif7kp6vcz","previousEventId":"xh02h1b5dl1ul7d","operationId":"qden3e1san031ld","previousOperationId":"j1pkqhc5ej9f39n"}
{"type":"log","timestamp":1719009560844,"level":"debug","message":"Executing recipe chrome-pdf","meta":{"rootId":"0dek4cwlmxvg82k","id":"8zfvapaqovxzsfm"},"id":"7hp1ffivbju7e5o","previousOperationId":"qden3e1san031ld"}
{"type":"log","timestamp":1719009560845,"level":"debug","message":"Converting with chrome Chrome/126.0.6478.61 using chrome-pool strategy","meta":{"rootId":"0dek4cwlmxvg82k","id":"8zfvapaqovxzsfm"},"id":"69huvxduy2h4mmh","previousOperationId":"qden3e1san031ld"}
{"type":"log","timestamp":1719009560907,"level":"debug","message":"Page request: GET (document) file:///var/folders/2x/1bhfw9mx7d775w_jmf56lcp80000gn/T/jsreport/autocleanup/266b82db-8da3-4182-b7b0-a5d55281690c-chrome-pdf.html","meta":{"rootId":"0dek4cwlmxvg82k","id":"8zfvapaqovxzsfm"},"id":"vso2elulsd6y3zy","previousOperationId":"qden3e1san031ld"}
{"type":"log","timestamp":1719009560911,"level":"debug","message":"Page request finished: GET (document) 200 file:///var/folders/2x/1bhfw9mx7d775w_jmf56lcp80000gn/T/jsreport/autocleanup/266b82db-8da3-4182-b7b0-a5d55281690c-chrome-pdf.html","meta":{"rootId":"0dek4cwlmxvg82k","id":"8zfvapaqovxzsfm"},"id":"2c023csart5ulza","previousOperationId":"qden3e1san031ld"}
{"type":"log","timestamp":1719009560911,"level":"debug","message":"Page request: GET (stylesheet) https://cdnjs.cloudflare.com/ajax/libs/metro/4.1.5/css/metro.min.css","meta":{"rootId":"0dek4cwlmxvg82k","id":"8zfvapaqovxzsfm"},"id":"hglbmpv2kwgzov9","previousOperationId":"qden3e1san031ld"}
{"type":"log","timestamp":1719009560917,"level":"debug","message":"Page request finished: GET (stylesheet) 200 https://cdnjs.cloudflare.com/ajax/libs/metro/4.1.5/css/metro.min.css","meta":{"rootId":"0dek4cwlmxvg82k","id":"8zfvapaqovxzsfm"},"id":"dm39da3iskgjmhz","previousOperationId":"qden3e1san031ld"}
{"type":"log","timestamp":1719009560937,"level":"debug","message":"Running chrome with params {\"timeout\":59630,\"margin\":{},\"printBackground\":true}","meta":{"rootId":"0dek4cwlmxvg82k","id":"8zfvapaqovxzsfm"},"id":"go9b4lfi6uo8n4n","previousOperationId":"qden3e1san031ld"}
{"type":"operationEnd","operationId":"qden3e1san031ld","timestamp":1719009561035,"id":"05vxczqzgbvulew","previousEventId":"15c1jwif7kp6vcz","previousOperationId":"qden3e1san031ld"}
{"type":"log","timestamp":1719009561035,"level":"debug","message":"Skipping storing report.","meta":{"rootId":"0dek4cwlmxvg82k","id":"8zfvapaqovxzsfm"},"id":"zcvrep97h3gsdjh","previousOperationId":"qden3e1san031ld"}
{"type":"log","timestamp":1719009561035,"level":"info","message":"Rendering (child) request finished in 561 ms","meta":{"rootId":"0dek4cwlmxvg82k","id":"8zfvapaqovxzsfm"},"id":"4ls7lethfgodhei","previousOperationId":"qden3e1san031ld"}
{"type":"operationEnd","subtype":"render","operationId":"1rbzl7i3ie77jnd","timestamp":1719009561035,"id":"vk4w3tcvgkp7mpv","previousEventId":"05vxczqzgbvulew","previousOperationId":"qden3e1san031ld"}
{"type":"operationEnd","operationId":"6w0dklulbvhiq6s","timestamp":1719009561057,"id":"v699985o1agcors","previousEventId":"pd9s3l5mc32svmw","previousOperationId":"6w0dklulbvhiq6s"}
{"type":"log","timestamp":1719009561057,"level":"debug","message":"pdf-utils postprocess start","meta":{"rootId":"0dek4cwlmxvg82k","id":"0dek4cwlmxvg82k"},"id":"pey5dnua0g4iznk","previousOperationId":"6w0dklulbvhiq6s"}
{"type":"log","timestamp":1719009561080,"level":"debug","message":"pdf-utils postprocess end","meta":{"rootId":"0dek4cwlmxvg82k","id":"0dek4cwlmxvg82k"},"id":"3sjjklsuoq2ktnk","previousOperationId":"6w0dklulbvhiq6s"}
{"type":"operationEnd","operationId":"i37r4r6lnytzpps","timestamp":1719009561080,"id":"s1f12ladcgsnhl0","previousEventId":"v699985o1agcors","previousOperationId":"6w0dklulbvhiq6s"}
{"type":"log","timestamp":1719009561080,"level":"info","message":"pdf-utils pdf processing was finished","meta":{"rootId":"0dek4cwlmxvg82k","id":"0dek4cwlmxvg82k"},"id":"d72hkqivdimbza6","previousOperationId":"i37r4r6lnytzpps"}
{"type":"log","timestamp":1719009561080,"level":"debug","message":"Skipping storing report.","meta":{"rootId":"0dek4cwlmxvg82k","id":"0dek4cwlmxvg82k"},"id":"0zvg6vadkey8xa2","previousOperationId":"i37r4r6lnytzpps"}
{"type":"log","timestamp":1719009561080,"level":"info","message":"Rendering request 155 finished in 606 ms","meta":{"rootId":"0dek4cwlmxvg82k","id":"0dek4cwlmxvg82k"},"id":"n7a21zu1iphfepe","previousOperationId":"i37r4r6lnytzpps"}
{"type":"operationEnd","subtype":"render","operationId":"xeyq2gbeyemarzr","timestamp":1719009561080,"id":"9c3hz0qeaw0as03","previousEventId":"s1f12ladcgsnhl0","previousOperationId":"i37r4r6lnytzpps"}
{"type":"operationEnd","doDiffs":false,"previousEventId":"y1d1n3a24q39wt4","previousOperationId":"e9f39zfasszlby8","operationId":"e9f39zfasszlby8","timestamp":1719009561081,"id":"qztvnp1p2s03one"}
