{"type":"operationStart","subtype":"profile","data":{"_id":"IFef25gN5Jrss31Z","timestamp":"2024-06-20T22:41:43.559Z","state":"queued","mode":"standard","creationDate":"2024-06-20T22:41:43.562Z","modificationDate":"2024-06-20T22:41:43.562Z","shortid":"11swxnl","$entitySet":"profiles"},"doDiffs":false,"timestamp":1718923303561,"id":"i6rby7xdcynyrai","previousOperationId":null,"operationId":"p8a5m7viv3oz0ww"}
{"type":"log","level":"info","message":"Render request 9 queued for execution and waiting for available worker","previousOperationId":"p8a5m7viv3oz0ww","timestamp":1718923303561,"id":"3ifow7ktztxkgeo"}
{"type":"operationStart","subtype":"render","name":"anonymous","previousOperationId":"p8a5m7viv3oz0ww","timestamp":1718923303577,"id":"3zgz4xjx9dr05v2","previousEventId":"i6rby7xdcynyrai","operationId":"bwi8k2rs3d3avkq"}
{"type":"log","timestamp":1718923303577,"level":"info","message":"Starting rendering request 9","meta":{"rootId":"0lpkph6hcz3rbqa","id":"0lpkph6hcz3rbqa"},"id":"7ld78vlh4tai8kf","previousOperationId":"bwi8k2rs3d3avkq"}
{"type":"log","timestamp":1718923303577,"level":"info","message":"Rendering anonymous template { recipe: chrome-pdf, engine: none }","meta":{"rootId":"0lpkph6hcz3rbqa","id":"0lpkph6hcz3rbqa"},"id":"xvdf3d3yryn3d95","previousOperationId":"bwi8k2rs3d3avkq"}
{"type":"log","timestamp":1718923303577,"level":"debug","message":"Data item not defined for this template.","meta":{"rootId":"0lpkph6hcz3rbqa","id":"0lpkph6hcz3rbqa"},"id":"j7nln8pkt5lt7n5","previousOperationId":"bwi8k2rs3d3avkq"}
{"type":"log","timestamp":1718923303580,"level":"debug","message":"Base url not specified, skipping its injection.","meta":{"rootId":"0lpkph6hcz3rbqa","id":"0lpkph6hcz3rbqa"},"id":"5ne7lm7ee8ct4r7","previousOperationId":"bwi8k2rs3d3avkq"}
{"type":"operationStart","subtype":"engine","name":"none","timestamp":1718923303580,"id":"imtyiclrhmvz71e","previousEventId":"3zgz4xjx9dr05v2","operationId":"eyspfudmowkmttx","previousOperationId":"bwi8k2rs3d3avkq"}
{"type":"log","timestamp":1718923303580,"level":"debug","message":"Rendering engine none","meta":{"rootId":"0lpkph6hcz3rbqa","id":"0lpkph6hcz3rbqa"},"id":"rz1dibj9yg0mybb","previousOperationId":"eyspfudmowkmttx"}
{"type":"operationEnd","operationId":"eyspfudmowkmttx","timestamp":1718923303595,"id":"pigkodchmmywcii","previousEventId":"imtyiclrhmvz71e","previousOperationId":"eyspfudmowkmttx"}
{"type":"operationStart","subtype":"recipe","name":"chrome-pdf","timestamp":1718923303595,"id":"6ccj5xtrgobrgp5","previousEventId":"pigkodchmmywcii","operationId":"ih4qcj10pu1k8vq","previousOperationId":"eyspfudmowkmttx"}
{"type":"log","timestamp":1718923303595,"level":"debug","message":"Executing recipe chrome-pdf","meta":{"rootId":"0lpkph6hcz3rbqa","id":"0lpkph6hcz3rbqa"},"id":"0khnvblo0fzjyo9","previousOperationId":"ih4qcj10pu1k8vq"}
{"type":"log","timestamp":1718923303608,"level":"debug","message":"Converting with chrome Chrome/126.0.6478.61 using chrome-pool strategy","meta":{"rootId":"0lpkph6hcz3rbqa","id":"0lpkph6hcz3rbqa"},"id":"t2xnqi7ali5dwbl","previousOperationId":"ih4qcj10pu1k8vq"}
{"type":"log","timestamp":1718923304017,"level":"debug","message":"Page request: GET (document) file:///var/folders/2x/1bhfw9mx7d775w_jmf56lcp80000gn/T/jsreport/autocleanup/767749c9-9912-4937-8a76-70b5e0ee9e8d-chrome-pdf.html","meta":{"rootId":"0lpkph6hcz3rbqa","id":"0lpkph6hcz3rbqa"},"id":"oz89mytg05moqg4","previousOperationId":"ih4qcj10pu1k8vq"}
{"type":"log","timestamp":1718923304038,"level":"debug","message":"Page request finished: GET (document) 200 file:///var/folders/2x/1bhfw9mx7d775w_jmf56lcp80000gn/T/jsreport/autocleanup/767749c9-9912-4937-8a76-70b5e0ee9e8d-chrome-pdf.html","meta":{"rootId":"0lpkph6hcz3rbqa","id":"0lpkph6hcz3rbqa"},"id":"s9k6ey5d6nkep12","previousOperationId":"ih4qcj10pu1k8vq"}
{"type":"log","timestamp":1718923304045,"level":"debug","message":"Running chrome with params {\"timeout\":59955,\"margin\":{},\"printBackground\":true}","meta":{"rootId":"0lpkph6hcz3rbqa","id":"0lpkph6hcz3rbqa"},"id":"rvluyig0cldak2s","previousOperationId":"ih4qcj10pu1k8vq"}
{"type":"operationEnd","operationId":"ih4qcj10pu1k8vq","timestamp":1718923304125,"id":"7y1nf37gkmsv8jy","previousEventId":"6ccj5xtrgobrgp5","previousOperationId":"ih4qcj10pu1k8vq"}
{"type":"log","timestamp":1718923304125,"level":"debug","message":"Skipping storing report.","meta":{"rootId":"0lpkph6hcz3rbqa","id":"0lpkph6hcz3rbqa"},"id":"r4hom58n8abxouh","previousOperationId":"ih4qcj10pu1k8vq"}
{"type":"log","timestamp":1718923304125,"level":"info","message":"Rendering request 9 finished in 573 ms","meta":{"rootId":"0lpkph6hcz3rbqa","id":"0lpkph6hcz3rbqa"},"id":"a25xqyclkkjlz1i","previousOperationId":"ih4qcj10pu1k8vq"}
{"type":"operationEnd","subtype":"render","operationId":"bwi8k2rs3d3avkq","timestamp":1718923304125,"id":"p1btc4zdygarpnt","previousEventId":"7y1nf37gkmsv8jy","previousOperationId":"ih4qcj10pu1k8vq"}
{"type":"operationEnd","doDiffs":false,"previousEventId":"i6rby7xdcynyrai","previousOperationId":"p8a5m7viv3oz0ww","operationId":"p8a5m7viv3oz0ww","timestamp":1718923304126,"id":"4nv24cqa2qkgcix"}
