{"type":"operationStart","subtype":"profile","data":{"_id":"A0I8c4iK1jfg5jie","timestamp":"2024-06-21T20:00:34.212Z","state":"queued","mode":"standard","creationDate":"2024-06-21T20:00:34.216Z","modificationDate":"2024-06-21T20:00:34.216Z","shortid":"CASJWtD","$entitySet":"profiles"},"doDiffs":false,"timestamp":1719000034212,"id":"28jsmumsc8x6zaj","previousOperationId":null,"operationId":"5nc3j99knnlrk76"}
{"type":"log","level":"info","message":"Render request 73 queued for execution and waiting for available worker","previousOperationId":"5nc3j99knnlrk76","timestamp":1719000034212,"id":"yjo1bqavjdjjfw5"}
{"type":"operationStart","subtype":"render","name":"anonymous","previousOperationId":"5nc3j99knnlrk76","timestamp":1719000034221,"id":"lduxh8hsvzw459o","previousEventId":"28jsmumsc8x6zaj","operationId":"mefossdpamjeyiu"}
{"type":"log","timestamp":1719000034221,"level":"info","message":"Starting rendering request 73","meta":{"rootId":"0tybc83sa2y5xoz","id":"0tybc83sa2y5xoz"},"id":"q6tdkvnuk3zy9yu","previousOperationId":"mefossdpamjeyiu"}
{"type":"log","timestamp":1719000034221,"level":"info","message":"Rendering anonymous template { recipe: chrome-pdf, engine: handlebars }","meta":{"rootId":"0tybc83sa2y5xoz","id":"0tybc83sa2y5xoz"},"id":"ptdldnir1bslosj","previousOperationId":"mefossdpamjeyiu"}
{"type":"log","timestamp":1719000034221,"level":"debug","message":"Inline data specified.","meta":{"rootId":"0tybc83sa2y5xoz","id":"0tybc83sa2y5xoz"},"id":"szp6b4z07ibu0uc","previousOperationId":"mefossdpamjeyiu"}
{"type":"log","timestamp":1719000034222,"level":"debug","message":"Base url not specified, skipping its injection.","meta":{"rootId":"0tybc83sa2y5xoz","id":"0tybc83sa2y5xoz"},"id":"2uvm9xxq3atvctm","previousOperationId":"mefossdpamjeyiu"}
{"type":"operationStart","subtype":"engine","name":"handlebars","timestamp":1719000034222,"id":"r994vk09ivnn8o0","previousEventId":"lduxh8hsvzw459o","operationId":"exbr1ybtmsri3z7","previousOperationId":"mefossdpamjeyiu"}
{"type":"log","timestamp":1719000034222,"level":"debug","message":"Rendering engine handlebars","meta":{"rootId":"0tybc83sa2y5xoz","id":"0tybc83sa2y5xoz"},"id":"zqxwcnk0gb8q5fj","previousOperationId":"exbr1ybtmsri3z7"}
{"type":"operationEnd","operationId":"exbr1ybtmsri3z7","timestamp":1719000034241,"id":"y8qbr7ha67nu0m9","previousEventId":"r994vk09ivnn8o0","previousOperationId":"exbr1ybtmsri3z7"}
{"type":"operationStart","subtype":"recipe","name":"chrome-pdf","timestamp":1719000034241,"id":"ldlvu4cch648ids","previousEventId":"y8qbr7ha67nu0m9","operationId":"urmtea6s5fper8d","previousOperationId":"exbr1ybtmsri3z7"}
{"type":"log","timestamp":1719000034241,"level":"debug","message":"Executing recipe chrome-pdf","meta":{"rootId":"0tybc83sa2y5xoz","id":"0tybc83sa2y5xoz"},"id":"6hoj9xtray5k44p","previousOperationId":"urmtea6s5fper8d"}
{"type":"log","timestamp":1719000034245,"level":"debug","message":"Converting with chrome Chrome/126.0.6478.61 using chrome-pool strategy","meta":{"rootId":"0tybc83sa2y5xoz","id":"0tybc83sa2y5xoz"},"id":"8ldltaxgli4neux","previousOperationId":"urmtea6s5fper8d"}
{"type":"log","timestamp":1719000034362,"level":"debug","message":"Page request: GET (document) file:///var/folders/2x/1bhfw9mx7d775w_jmf56lcp80000gn/T/jsreport/autocleanup/be7b84c8-cf2c-4fdf-b8cd-09e33b9f593c-chrome-pdf.html","meta":{"rootId":"0tybc83sa2y5xoz","id":"0tybc83sa2y5xoz"},"id":"omeanp66nu8j4by","previousOperationId":"urmtea6s5fper8d"}
{"type":"log","timestamp":1719000034366,"level":"debug","message":"Page request finished: GET (document) 200 file:///var/folders/2x/1bhfw9mx7d775w_jmf56lcp80000gn/T/jsreport/autocleanup/be7b84c8-cf2c-4fdf-b8cd-09e33b9f593c-chrome-pdf.html","meta":{"rootId":"0tybc83sa2y5xoz","id":"0tybc83sa2y5xoz"},"id":"vybp0wjwkzdveqr","previousOperationId":"urmtea6s5fper8d"}
{"type":"log","timestamp":1719000034366,"level":"debug","message":"Page request: GET (stylesheet) https://cdnjs.cloudflare.com/ajax/libs/metro/4.1.5/css/metro.min.css","meta":{"rootId":"0tybc83sa2y5xoz","id":"0tybc83sa2y5xoz"},"id":"7qo1rzwih3fdahs","previousOperationId":"urmtea6s5fper8d"}
{"type":"log","timestamp":1719000034366,"level":"debug","message":"Page request: GET (script) https://cdnjs.cloudflare.com/ajax/libs/Chart.js/2.7.2/Chart.min.js","meta":{"rootId":"0tybc83sa2y5xoz","id":"0tybc83sa2y5xoz"},"id":"lbzczvzw9h3sei5","previousOperationId":"urmtea6s5fper8d"}
{"type":"log","timestamp":1719000034374,"level":"debug","message":"Page request finished: GET (stylesheet) 200 https://cdnjs.cloudflare.com/ajax/libs/metro/4.1.5/css/metro.min.css","meta":{"rootId":"0tybc83sa2y5xoz","id":"0tybc83sa2y5xoz"},"id":"k0h6iozocfzfl6z","previousOperationId":"urmtea6s5fper8d"}
{"type":"log","timestamp":1719000034374,"level":"debug","message":"Page request finished: GET (script) 200 https://cdnjs.cloudflare.com/ajax/libs/Chart.js/2.7.2/Chart.min.js","meta":{"rootId":"0tybc83sa2y5xoz","id":"0tybc83sa2y5xoz"},"id":"xx2ayesawxq7cro","previousOperationId":"urmtea6s5fper8d"}
{"type":"log","timestamp":1719000034395,"level":"debug","message":"Running chrome with params {\"timeout\":59968,\"margin\":{},\"printBackground\":true}","meta":{"rootId":"0tybc83sa2y5xoz","id":"0tybc83sa2y5xoz"},"id":"4tchf8bvsvwyawe","previousOperationId":"urmtea6s5fper8d"}
{"type":"operationEnd","operationId":"urmtea6s5fper8d","timestamp":1719000034504,"id":"4yrhhrulafv7424","previousEventId":"ldlvu4cch648ids","previousOperationId":"urmtea6s5fper8d"}
{"type":"log","timestamp":1719000034505,"level":"debug","message":"Skipping storing report.","meta":{"rootId":"0tybc83sa2y5xoz","id":"0tybc83sa2y5xoz"},"id":"28b1jkft6m0inf9","previousOperationId":"urmtea6s5fper8d"}
{"type":"log","timestamp":1719000034505,"level":"info","message":"Rendering request 73 finished in 295 ms","meta":{"rootId":"0tybc83sa2y5xoz","id":"0tybc83sa2y5xoz"},"id":"0oo652iug5rwd91","previousOperationId":"urmtea6s5fper8d"}
{"type":"operationEnd","subtype":"render","operationId":"mefossdpamjeyiu","timestamp":1719000034505,"id":"aq4jn0ud40cm0zk","previousEventId":"4yrhhrulafv7424","previousOperationId":"urmtea6s5fper8d"}
{"type":"operationEnd","doDiffs":false,"previousEventId":"28jsmumsc8x6zaj","previousOperationId":"5nc3j99knnlrk76","operationId":"5nc3j99knnlrk76","timestamp":1719000034505,"id":"jb7ve3wk6admhpe"}
