{"type":"operationStart","subtype":"profile","data":{"_id":"v0DWq3ao9gafEPfK","timestamp":"2024-06-22T14:43:58.071Z","state":"queued","mode":"standard","creationDate":"2024-06-22T14:43:58.073Z","modificationDate":"2024-06-22T14:43:58.073Z","shortid":"6Crh741","$entitySet":"profiles"},"doDiffs":false,"timestamp":1719067438073,"id":"ipc5xkw2k7etb6q","previousOperationId":null,"operationId":"ykoztxjrdkrtzaw"}
{"type":"log","level":"info","message":"Render request 183 queued for execution and waiting for available worker","previousOperationId":"ykoztxjrdkrtzaw","timestamp":1719067438073,"id":"xy15a8w80mkk0ku"}
{"type":"operationStart","subtype":"render","name":"anonymous","previousOperationId":"ykoztxjrdkrtzaw","timestamp":1719067438085,"id":"x5ejs2lxju57w56","previousEventId":"ipc5xkw2k7etb6q","operationId":"q8bhxn33xsfngrc"}
{"type":"log","timestamp":1719067438086,"level":"info","message":"Starting rendering request 183","meta":{"rootId":"1676t01wu27724v","id":"1676t01wu27724v"},"id":"b6o1yjhezvx1ex1","previousOperationId":"q8bhxn33xsfngrc"}
{"type":"log","timestamp":1719067438086,"level":"info","message":"Rendering anonymous template { recipe: chrome-pdf, engine: handlebars }","meta":{"rootId":"1676t01wu27724v","id":"1676t01wu27724v"},"id":"jlpkwiuh2vihn0r","previousOperationId":"q8bhxn33xsfngrc"}
{"type":"log","timestamp":1719067438086,"level":"debug","message":"Inline data specified.","meta":{"rootId":"1676t01wu27724v","id":"1676t01wu27724v"},"id":"3x8m56mq8c3qaak","previousOperationId":"q8bhxn33xsfngrc"}
{"type":"log","timestamp":1719067438092,"level":"debug","message":"Base url not specified, skipping its injection.","meta":{"rootId":"1676t01wu27724v","id":"1676t01wu27724v"},"id":"bx8ggs4g4gdpuk8","previousOperationId":"q8bhxn33xsfngrc"}
{"type":"operationStart","subtype":"engine","name":"handlebars","timestamp":1719067438092,"id":"l0f819y1wj3q1m3","previousEventId":"x5ejs2lxju57w56","operationId":"2cpgypzb8ak7tra","previousOperationId":"q8bhxn33xsfngrc"}
{"type":"log","timestamp":1719067438092,"level":"debug","message":"Rendering engine handlebars","meta":{"rootId":"1676t01wu27724v","id":"1676t01wu27724v"},"id":"97736yco4985spt","previousOperationId":"2cpgypzb8ak7tra"}
{"type":"log","timestamp":1719067438099,"level":"debug","message":"(console:log) Pdf utils adding group field, value: \"France\"","meta":{"userLevel":true,"rootId":"1676t01wu27724v","id":"1676t01wu27724v"},"id":"h78hltffrky6044","previousOperationId":"2cpgypzb8ak7tra"}
{"type":"log","timestamp":1719067438099,"level":"debug","message":"(console:log) Pdf utils adding group field, value: \"Germany\"","meta":{"userLevel":true,"rootId":"1676t01wu27724v","id":"1676t01wu27724v"},"id":"tk9o6lpprpm4c7l","previousOperationId":"2cpgypzb8ak7tra"}
{"type":"operationEnd","operationId":"2cpgypzb8ak7tra","timestamp":1719067438099,"id":"ckw5excafmjbohf","previousEventId":"l0f819y1wj3q1m3","previousOperationId":"2cpgypzb8ak7tra"}
{"type":"operationStart","subtype":"recipe","name":"chrome-pdf","timestamp":1719067438100,"id":"smvumx66ilzso1m","previousEventId":"ckw5excafmjbohf","operationId":"za9p1ec6rlcg955","previousOperationId":"2cpgypzb8ak7tra"}
{"type":"log","timestamp":1719067438100,"level":"debug","message":"Executing recipe chrome-pdf","meta":{"rootId":"1676t01wu27724v","id":"1676t01wu27724v"},"id":"avhvd75ztyp5i3t","previousOperationId":"za9p1ec6rlcg955"}
{"type":"log","timestamp":1719067438103,"level":"debug","message":"Converting with chrome Chrome/126.0.6478.61 using chrome-pool strategy","meta":{"rootId":"1676t01wu27724v","id":"1676t01wu27724v"},"id":"jbaot4f517irzwh","previousOperationId":"za9p1ec6rlcg955"}
{"type":"log","timestamp":1719067438143,"level":"debug","message":"Page request: GET (document) file:///var/folders/2x/1bhfw9mx7d775w_jmf56lcp80000gn/T/jsreport/autocleanup/acdb4a96-4042-43d0-be9c-9045ae028d11-chrome-pdf.html","meta":{"rootId":"1676t01wu27724v","id":"1676t01wu27724v"},"id":"0dbww2dxxrzagku","previousOperationId":"za9p1ec6rlcg955"}
{"type":"log","timestamp":1719067438148,"level":"debug","message":"Page request finished: GET (document) 200 file:///var/folders/2x/1bhfw9mx7d775w_jmf56lcp80000gn/T/jsreport/autocleanup/acdb4a96-4042-43d0-be9c-9045ae028d11-chrome-pdf.html","meta":{"rootId":"1676t01wu27724v","id":"1676t01wu27724v"},"id":"p4vyb6c9cmjkkqg","previousOperationId":"za9p1ec6rlcg955"}
{"type":"log","timestamp":1719067438148,"level":"debug","message":"Page request: GET (stylesheet) https://cdnjs.cloudflare.com/ajax/libs/metro/4.1.5/css/metro.min.css","meta":{"rootId":"1676t01wu27724v","id":"1676t01wu27724v"},"id":"amwosxpwluoprlx","previousOperationId":"za9p1ec6rlcg955"}
{"type":"log","timestamp":1719067438148,"level":"debug","message":"Page request: GET (script) https://cdnjs.cloudflare.com/ajax/libs/Chart.js/2.7.2/Chart.min.js","meta":{"rootId":"1676t01wu27724v","id":"1676t01wu27724v"},"id":"5wlejmd4uoenfhe","previousOperationId":"za9p1ec6rlcg955"}
{"type":"log","timestamp":1719067438160,"level":"debug","message":"Page request finished: GET (stylesheet) 200 https://cdnjs.cloudflare.com/ajax/libs/metro/4.1.5/css/metro.min.css","meta":{"rootId":"1676t01wu27724v","id":"1676t01wu27724v"},"id":"f0cn8gosbvoyjw5","previousOperationId":"za9p1ec6rlcg955"}
{"type":"log","timestamp":1719067438160,"level":"debug","message":"Page request finished: GET (script) 200 https://cdnjs.cloudflare.com/ajax/libs/Chart.js/2.7.2/Chart.min.js","meta":{"rootId":"1676t01wu27724v","id":"1676t01wu27724v"},"id":"7jnt5yt28dym386","previousOperationId":"za9p1ec6rlcg955"}
{"type":"log","timestamp":1719067438208,"level":"debug","message":"Running chrome with params {\"marginTop\":\"4cm\",\"marginRight\":\"1.5cm\",\"marginLeft\":\"1.5cm\",\"marginBottom\":\"1.5cm\",\"timeout\":59970,\"margin\":{\"top\":\"4cm\",\"right\":\"1.5cm\",\"bottom\":\"1.5cm\",\"left\":\"1.5cm\"},\"printBackground\":true}","meta":{"rootId":"1676t01wu27724v","id":"1676t01wu27724v"},"id":"7nhtsmope19obhu","previousOperationId":"za9p1ec6rlcg955"}
{"type":"operationEnd","operationId":"za9p1ec6rlcg955","timestamp":1719067438375,"id":"a6mhkm81rrrfoyr","previousEventId":"smvumx66ilzso1m","previousOperationId":"za9p1ec6rlcg955"}
{"type":"log","timestamp":1719067438375,"level":"info","message":"pdf-utils is starting pdf processing","meta":{"rootId":"1676t01wu27724v","id":"1676t01wu27724v"},"id":"xwubohvvm18j0vu","previousOperationId":"za9p1ec6rlcg955"}
{"type":"operationStart","subtype":"pdfUtils","name":"pdf utils","timestamp":1719067438375,"id":"u9i11aivzqsgbfj","previousEventId":"a6mhkm81rrrfoyr","operationId":"sevqz70vuxi48qy","previousOperationId":"za9p1ec6rlcg955"}
{"type":"log","timestamp":1719067438375,"level":"debug","message":"pdf-utils detected 1 pdf operation(s) to process","meta":{"rootId":"1676t01wu27724v","id":"1676t01wu27724v"},"id":"pwrbv3c0w18xjcj","previousOperationId":"sevqz70vuxi48qy"}
{"type":"log","timestamp":1719067438384,"level":"debug","message":"pdf-utils running pdf operation merge","meta":{"rootId":"1676t01wu27724v","id":"1676t01wu27724v"},"id":"5dff884sv6kip3d","previousOperationId":"sevqz70vuxi48qy"}
{"type":"operationStart","subtype":"pdfUtilsMerge","name":"pdf utils merge","previousOperationId":"sevqz70vuxi48qy","timestamp":1719067438384,"id":"hirvydlm5t1bfrb","previousEventId":"u9i11aivzqsgbfj","operationId":"z9zyx30lxn0wwd3"}
{"type":"operationStart","subtype":"render","name":"anonymous","previousOperationId":"z9zyx30lxn0wwd3","timestamp":1719067438385,"id":"dt3mzia5lt83a61","previousEventId":"hirvydlm5t1bfrb","operationId":"tu5mdu7ojpakbt2"}
{"type":"log","timestamp":1719067438385,"level":"info","message":"Starting rendering (child) request","meta":{"rootId":"1676t01wu27724v","id":"ig6in5fyt5ny05l"},"id":"yhgg51i3ye9h381","previousOperationId":"tu5mdu7ojpakbt2"}
{"type":"log","timestamp":1719067438385,"level":"info","message":"Rendering anonymous template { recipe: chrome-pdf, engine: handlebars }","meta":{"rootId":"1676t01wu27724v","id":"ig6in5fyt5ny05l"},"id":"3eelz3l1230txtw","previousOperationId":"tu5mdu7ojpakbt2"}
{"type":"log","timestamp":1719067438385,"level":"debug","message":"Inline data specified.","meta":{"rootId":"1676t01wu27724v","id":"ig6in5fyt5ny05l"},"id":"0ozsp1wcznph243","previousOperationId":"tu5mdu7ojpakbt2"}
{"type":"log","timestamp":1719067438385,"level":"debug","message":"Base url not specified, skipping its injection.","meta":{"rootId":"1676t01wu27724v","id":"ig6in5fyt5ny05l"},"id":"q9elmtcifbr0x4i","previousOperationId":"tu5mdu7ojpakbt2"}
{"type":"operationStart","subtype":"engine","name":"handlebars","timestamp":1719067438385,"id":"918p2qbhi02p508","previousEventId":"dt3mzia5lt83a61","operationId":"h6ov8w0e95swewa","previousOperationId":"tu5mdu7ojpakbt2"}
{"type":"log","timestamp":1719067438385,"level":"debug","message":"Rendering engine handlebars","meta":{"rootId":"1676t01wu27724v","id":"ig6in5fyt5ny05l"},"id":"zka1rt10dhnir4n","previousOperationId":"h6ov8w0e95swewa"}
{"type":"operationEnd","operationId":"h6ov8w0e95swewa","timestamp":1719067438387,"id":"t3qoshpiklh08cq","previousEventId":"918p2qbhi02p508","previousOperationId":"h6ov8w0e95swewa"}
{"type":"operationStart","subtype":"recipe","name":"chrome-pdf","timestamp":1719067438387,"id":"uvq3p9vwhulzf4e","previousEventId":"t3qoshpiklh08cq","operationId":"bufcam9fy20f5b8","previousOperationId":"h6ov8w0e95swewa"}
{"type":"log","timestamp":1719067438387,"level":"debug","message":"Executing recipe chrome-pdf","meta":{"rootId":"1676t01wu27724v","id":"ig6in5fyt5ny05l"},"id":"qvkhjgonrgx2hh4","previousOperationId":"bufcam9fy20f5b8"}
{"type":"log","timestamp":1719067438388,"level":"debug","message":"Converting with chrome Chrome/126.0.6478.61 using chrome-pool strategy","meta":{"rootId":"1676t01wu27724v","id":"ig6in5fyt5ny05l"},"id":"d0slgvau09v67ma","previousOperationId":"bufcam9fy20f5b8"}
{"type":"log","timestamp":1719067438402,"level":"debug","message":"Page request: GET (document) file:///var/folders/2x/1bhfw9mx7d775w_jmf56lcp80000gn/T/jsreport/autocleanup/44d88ffa-b10e-48b9-9e0b-bf9d1c1b0388-chrome-pdf.html","meta":{"rootId":"1676t01wu27724v","id":"ig6in5fyt5ny05l"},"id":"i9rb8kmp1epjjsb","previousOperationId":"bufcam9fy20f5b8"}
{"type":"log","timestamp":1719067438405,"level":"debug","message":"Page request finished: GET (document) 200 file:///var/folders/2x/1bhfw9mx7d775w_jmf56lcp80000gn/T/jsreport/autocleanup/44d88ffa-b10e-48b9-9e0b-bf9d1c1b0388-chrome-pdf.html","meta":{"rootId":"1676t01wu27724v","id":"ig6in5fyt5ny05l"},"id":"lmvyv40p7cw6xfo","previousOperationId":"bufcam9fy20f5b8"}
{"type":"log","timestamp":1719067438406,"level":"debug","message":"Page request: GET (stylesheet) https://cdnjs.cloudflare.com/ajax/libs/metro/4.1.5/css/metro.min.css","meta":{"rootId":"1676t01wu27724v","id":"ig6in5fyt5ny05l"},"id":"xvfhm4vuvau88uy","previousOperationId":"bufcam9fy20f5b8"}
{"type":"log","timestamp":1719067438412,"level":"debug","message":"Page request finished: GET (stylesheet) 200 https://cdnjs.cloudflare.com/ajax/libs/metro/4.1.5/css/metro.min.css","meta":{"rootId":"1676t01wu27724v","id":"ig6in5fyt5ny05l"},"id":"myazdkd9ac00aj2","previousOperationId":"bufcam9fy20f5b8"}
{"type":"log","timestamp":1719067438440,"level":"debug","message":"Running chrome with params {\"timeout\":59683,\"margin\":{},\"printBackground\":true}","meta":{"rootId":"1676t01wu27724v","id":"ig6in5fyt5ny05l"},"id":"3pbxunwcwhcew9z","previousOperationId":"bufcam9fy20f5b8"}
{"type":"operationEnd","operationId":"bufcam9fy20f5b8","timestamp":1719067438563,"id":"uwadcke4h6bgbh1","previousEventId":"uvq3p9vwhulzf4e","previousOperationId":"bufcam9fy20f5b8"}
{"type":"log","timestamp":1719067438563,"level":"debug","message":"Skipping storing report.","meta":{"rootId":"1676t01wu27724v","id":"ig6in5fyt5ny05l"},"id":"w6iwhi44ugaio70","previousOperationId":"bufcam9fy20f5b8"}
{"type":"log","timestamp":1719067438563,"level":"info","message":"Rendering (child) request finished in 492 ms","meta":{"rootId":"1676t01wu27724v","id":"ig6in5fyt5ny05l"},"id":"8y3thez4iuga8db","previousOperationId":"bufcam9fy20f5b8"}
{"type":"operationEnd","subtype":"render","operationId":"tu5mdu7ojpakbt2","timestamp":1719067438563,"id":"bg2pzzsbnrb55om","previousEventId":"uwadcke4h6bgbh1","previousOperationId":"bufcam9fy20f5b8"}
{"type":"operationEnd","operationId":"z9zyx30lxn0wwd3","timestamp":1719067438588,"id":"c3j0izta6quh2am","previousEventId":"hirvydlm5t1bfrb","previousOperationId":"z9zyx30lxn0wwd3"}
{"type":"log","timestamp":1719067438588,"level":"debug","message":"pdf-utils postprocess start","meta":{"rootId":"1676t01wu27724v","id":"1676t01wu27724v"},"id":"8otpk1bf6uj6toh","previousOperationId":"z9zyx30lxn0wwd3"}
{"type":"log","timestamp":1719067438615,"level":"debug","message":"pdf-utils postprocess end","meta":{"rootId":"1676t01wu27724v","id":"1676t01wu27724v"},"id":"abj43doz35nmrad","previousOperationId":"z9zyx30lxn0wwd3"}
{"type":"operationEnd","operationId":"sevqz70vuxi48qy","timestamp":1719067438615,"id":"95rzg7bn01lw8nm","previousEventId":"c3j0izta6quh2am","previousOperationId":"z9zyx30lxn0wwd3"}
{"type":"log","timestamp":1719067438616,"level":"info","message":"pdf-utils pdf processing was finished","meta":{"rootId":"1676t01wu27724v","id":"1676t01wu27724v"},"id":"iwsb5ddv5jk8cyq","previousOperationId":"sevqz70vuxi48qy"}
{"type":"log","timestamp":1719067438616,"level":"debug","message":"Skipping storing report.","meta":{"rootId":"1676t01wu27724v","id":"1676t01wu27724v"},"id":"kypyk27zv3iamtn","previousOperationId":"sevqz70vuxi48qy"}
{"type":"log","timestamp":1719067438616,"level":"info","message":"Rendering request 183 finished in 545 ms","meta":{"rootId":"1676t01wu27724v","id":"1676t01wu27724v"},"id":"g25z57fuy79870n","previousOperationId":"sevqz70vuxi48qy"}
{"type":"operationEnd","subtype":"render","operationId":"q8bhxn33xsfngrc","timestamp":1719067438616,"id":"15n7v5cg6tc2n1u","previousEventId":"95rzg7bn01lw8nm","previousOperationId":"sevqz70vuxi48qy"}
{"type":"operationEnd","doDiffs":false,"previousEventId":"ipc5xkw2k7etb6q","previousOperationId":"ykoztxjrdkrtzaw","operationId":"ykoztxjrdkrtzaw","timestamp":1719067438618,"id":"wtjwqlfv7121s3c"}
