{"type":"operationStart","subtype":"profile","data":{"_id":"JOR30ipQdNyYsdXH","timestamp":"2024-06-21T22:45:46.585Z","state":"queued","mode":"standard","creationDate":"2024-06-21T22:45:46.588Z","modificationDate":"2024-06-21T22:45:46.588Z","shortid":"jDnAcMB","$entitySet":"profiles"},"doDiffs":false,"timestamp":1719009946586,"id":"of4hj449n315we3","previousOperationId":null,"operationId":"g2ez04ksqjve0tv"}
{"type":"log","level":"info","message":"Render request 166 queued for execution and waiting for available worker","previousOperationId":"g2ez04ksqjve0tv","timestamp":1719009946587,"id":"ns2iyheh8jz07h3"}
{"type":"operationStart","subtype":"render","name":"anonymous","previousOperationId":"g2ez04ksqjve0tv","timestamp":1719009946593,"id":"biqjlv28qu53n90","previousEventId":"of4hj449n315we3","operationId":"dsjft22i8o04d87"}
{"type":"log","timestamp":1719009946593,"level":"info","message":"Starting rendering request 166","meta":{"rootId":"18luvs7kcml1fo3","id":"18luvs7kcml1fo3"},"id":"4a2ysldhm3nchdw","previousOperationId":"dsjft22i8o04d87"}
{"type":"log","timestamp":1719009946593,"level":"info","message":"Rendering anonymous template { recipe: chrome-pdf, engine: handlebars }","meta":{"rootId":"18luvs7kcml1fo3","id":"18luvs7kcml1fo3"},"id":"ff5ujps9kwirkou","previousOperationId":"dsjft22i8o04d87"}
{"type":"log","timestamp":1719009946593,"level":"debug","message":"Inline data specified.","meta":{"rootId":"18luvs7kcml1fo3","id":"18luvs7kcml1fo3"},"id":"p06zhmlw6xrif6q","previousOperationId":"dsjft22i8o04d87"}
{"type":"log","timestamp":1719009946594,"level":"debug","message":"Base url not specified, skipping its injection.","meta":{"rootId":"18luvs7kcml1fo3","id":"18luvs7kcml1fo3"},"id":"6sltsiahewttrgi","previousOperationId":"dsjft22i8o04d87"}
{"type":"operationStart","subtype":"engine","name":"handlebars","timestamp":1719009946595,"id":"4kl2enmvhp3wamz","previousEventId":"biqjlv28qu53n90","operationId":"16cvr5mz3vpoc6l","previousOperationId":"dsjft22i8o04d87"}
{"type":"log","timestamp":1719009946595,"level":"debug","message":"Rendering engine handlebars","meta":{"rootId":"18luvs7kcml1fo3","id":"18luvs7kcml1fo3"},"id":"xh88bidzyvl9vvx","previousOperationId":"16cvr5mz3vpoc6l"}
{"type":"log","timestamp":1719009946614,"level":"debug","message":"(console:log) Pdf utils adding group field, value: \"France\"","meta":{"userLevel":true,"rootId":"18luvs7kcml1fo3","id":"18luvs7kcml1fo3"},"id":"79uqrpxoyjqlssv","previousOperationId":"16cvr5mz3vpoc6l"}
{"type":"log","timestamp":1719009946615,"level":"debug","message":"(console:log) Pdf utils adding group field, value: \"Germany\"","meta":{"userLevel":true,"rootId":"18luvs7kcml1fo3","id":"18luvs7kcml1fo3"},"id":"u04tuwp8dqsp3uz","previousOperationId":"16cvr5mz3vpoc6l"}
{"type":"operationEnd","operationId":"16cvr5mz3vpoc6l","timestamp":1719009946615,"id":"uruov9hyqbmlh0b","previousEventId":"4kl2enmvhp3wamz","previousOperationId":"16cvr5mz3vpoc6l"}
{"type":"operationStart","subtype":"recipe","name":"chrome-pdf","timestamp":1719009946616,"id":"n7e9bw2scu8zli8","previousEventId":"uruov9hyqbmlh0b","operationId":"cckuhxhaa9srvoj","previousOperationId":"16cvr5mz3vpoc6l"}
{"type":"log","timestamp":1719009946616,"level":"debug","message":"Executing recipe chrome-pdf","meta":{"rootId":"18luvs7kcml1fo3","id":"18luvs7kcml1fo3"},"id":"6lbumisnqvo6cxc","previousOperationId":"cckuhxhaa9srvoj"}
{"type":"log","timestamp":1719009946621,"level":"debug","message":"Converting with chrome Chrome/126.0.6478.61 using chrome-pool strategy","meta":{"rootId":"18luvs7kcml1fo3","id":"18luvs7kcml1fo3"},"id":"ebdpsiids6bd8v3","previousOperationId":"cckuhxhaa9srvoj"}
{"type":"log","timestamp":1719009946711,"level":"debug","message":"Page request: GET (document) file:///var/folders/2x/1bhfw9mx7d775w_jmf56lcp80000gn/T/jsreport/autocleanup/7ba28b09-9fc4-4017-8064-2ea5a03e68b7-chrome-pdf.html","meta":{"rootId":"18luvs7kcml1fo3","id":"18luvs7kcml1fo3"},"id":"nyk3tuyeh88k9k4","previousOperationId":"cckuhxhaa9srvoj"}
{"type":"log","timestamp":1719009946715,"level":"debug","message":"Page request finished: GET (document) 200 file:///var/folders/2x/1bhfw9mx7d775w_jmf56lcp80000gn/T/jsreport/autocleanup/7ba28b09-9fc4-4017-8064-2ea5a03e68b7-chrome-pdf.html","meta":{"rootId":"18luvs7kcml1fo3","id":"18luvs7kcml1fo3"},"id":"1u9svhz2ug4ai47","previousOperationId":"cckuhxhaa9srvoj"}
{"type":"log","timestamp":1719009946715,"level":"debug","message":"Page request: GET (stylesheet) https://cdnjs.cloudflare.com/ajax/libs/metro/4.1.5/css/metro.min.css","meta":{"rootId":"18luvs7kcml1fo3","id":"18luvs7kcml1fo3"},"id":"hdplc11j2xuqugn","previousOperationId":"cckuhxhaa9srvoj"}
{"type":"log","timestamp":1719009946716,"level":"debug","message":"Page request: GET (script) https://cdnjs.cloudflare.com/ajax/libs/Chart.js/2.7.2/Chart.min.js","meta":{"rootId":"18luvs7kcml1fo3","id":"18luvs7kcml1fo3"},"id":"m9i8w86zagyjkcp","previousOperationId":"cckuhxhaa9srvoj"}
{"type":"log","timestamp":1719009946722,"level":"debug","message":"Page request finished: GET (stylesheet) 200 https://cdnjs.cloudflare.com/ajax/libs/metro/4.1.5/css/metro.min.css","meta":{"rootId":"18luvs7kcml1fo3","id":"18luvs7kcml1fo3"},"id":"byswnxs0f3vj8s9","previousOperationId":"cckuhxhaa9srvoj"}
{"type":"log","timestamp":1719009946723,"level":"debug","message":"Page request finished: GET (script) 200 https://cdnjs.cloudflare.com/ajax/libs/Chart.js/2.7.2/Chart.min.js","meta":{"rootId":"18luvs7kcml1fo3","id":"18luvs7kcml1fo3"},"id":"h7giev8gbrv901k","previousOperationId":"cckuhxhaa9srvoj"}
{"type":"log","timestamp":1719009946756,"level":"debug","message":"Running chrome with params {\"timeout\":59966,\"margin\":{},\"printBackground\":true}","meta":{"rootId":"18luvs7kcml1fo3","id":"18luvs7kcml1fo3"},"id":"0xdero3shonfmh8","previousOperationId":"cckuhxhaa9srvoj"}
{"type":"operationEnd","operationId":"cckuhxhaa9srvoj","timestamp":1719009946919,"id":"6t8letyckcisy9r","previousEventId":"n7e9bw2scu8zli8","previousOperationId":"cckuhxhaa9srvoj"}
{"type":"log","timestamp":1719009946919,"level":"info","message":"pdf-utils is starting pdf processing","meta":{"rootId":"18luvs7kcml1fo3","id":"18luvs7kcml1fo3"},"id":"kns0jxyyrehmrxe","previousOperationId":"cckuhxhaa9srvoj"}
{"type":"operationStart","subtype":"pdfUtils","name":"pdf utils","timestamp":1719009946919,"id":"ultpf4ma3buwkz6","previousEventId":"6t8letyckcisy9r","operationId":"0otv3a1h4t8h0df","previousOperationId":"cckuhxhaa9srvoj"}
{"type":"log","timestamp":1719009946919,"level":"debug","message":"pdf-utils detected 1 pdf operation(s) to process","meta":{"rootId":"18luvs7kcml1fo3","id":"18luvs7kcml1fo3"},"id":"m96e61zlkr51qpr","previousOperationId":"0otv3a1h4t8h0df"}
{"type":"log","timestamp":1719009946930,"level":"debug","message":"pdf-utils running pdf operation merge","meta":{"rootId":"18luvs7kcml1fo3","id":"18luvs7kcml1fo3"},"id":"lohcrq22ei117br","previousOperationId":"0otv3a1h4t8h0df"}
{"type":"operationStart","subtype":"pdfUtilsMerge","name":"pdf utils merge","previousOperationId":"0otv3a1h4t8h0df","timestamp":1719009946930,"id":"9mehm4f5bdcliqw","previousEventId":"ultpf4ma3buwkz6","operationId":"ex81ttz5w585pmv"}
{"type":"operationStart","subtype":"render","name":"anonymous","previousOperationId":"ex81ttz5w585pmv","timestamp":1719009946930,"id":"fz3mqk5lxze9u8e","previousEventId":"9mehm4f5bdcliqw","operationId":"zyywmqfhildyu5f"}
{"type":"log","timestamp":1719009946930,"level":"info","message":"Starting rendering (child) request","meta":{"rootId":"18luvs7kcml1fo3","id":"ptgrnnwkfmwrvay"},"id":"7xdkbqil0lntxes","previousOperationId":"zyywmqfhildyu5f"}
{"type":"log","timestamp":1719009946930,"level":"info","message":"Rendering anonymous template { recipe: chrome-pdf, engine: handlebars }","meta":{"rootId":"18luvs7kcml1fo3","id":"ptgrnnwkfmwrvay"},"id":"8ojhbc205528w8a","previousOperationId":"zyywmqfhildyu5f"}
{"type":"log","timestamp":1719009946930,"level":"debug","message":"Inline data specified.","meta":{"rootId":"18luvs7kcml1fo3","id":"ptgrnnwkfmwrvay"},"id":"j34uab0ly6c88bc","previousOperationId":"zyywmqfhildyu5f"}
{"type":"log","timestamp":1719009946931,"level":"debug","message":"Base url not specified, skipping its injection.","meta":{"rootId":"18luvs7kcml1fo3","id":"ptgrnnwkfmwrvay"},"id":"3ma12qr6biv5n2v","previousOperationId":"zyywmqfhildyu5f"}
{"type":"operationStart","subtype":"engine","name":"handlebars","timestamp":1719009946931,"id":"uf9tdgqopchvgfa","previousEventId":"fz3mqk5lxze9u8e","operationId":"i0gjse8iyuv3trm","previousOperationId":"zyywmqfhildyu5f"}
{"type":"log","timestamp":1719009946931,"level":"debug","message":"Rendering engine handlebars","meta":{"rootId":"18luvs7kcml1fo3","id":"ptgrnnwkfmwrvay"},"id":"t5s6ljy95fd6xo5","previousOperationId":"i0gjse8iyuv3trm"}
{"type":"operationEnd","operationId":"i0gjse8iyuv3trm","timestamp":1719009946934,"id":"zy6amdg5s92jmg1","previousEventId":"uf9tdgqopchvgfa","previousOperationId":"i0gjse8iyuv3trm"}
{"type":"operationStart","subtype":"recipe","name":"chrome-pdf","timestamp":1719009946934,"id":"g65wz2ngbm6onai","previousEventId":"zy6amdg5s92jmg1","operationId":"hqhix9wrmi7zcqr","previousOperationId":"i0gjse8iyuv3trm"}
{"type":"log","timestamp":1719009946934,"level":"debug","message":"Executing recipe chrome-pdf","meta":{"rootId":"18luvs7kcml1fo3","id":"ptgrnnwkfmwrvay"},"id":"u5xwj5w2mdeo1ti","previousOperationId":"hqhix9wrmi7zcqr"}
{"type":"log","timestamp":1719009946935,"level":"debug","message":"Converting with chrome Chrome/126.0.6478.61 using chrome-pool strategy","meta":{"rootId":"18luvs7kcml1fo3","id":"ptgrnnwkfmwrvay"},"id":"8ylfgfcnpqdiv7w","previousOperationId":"hqhix9wrmi7zcqr"}
{"type":"log","timestamp":1719009946996,"level":"debug","message":"Page request: GET (document) file:///var/folders/2x/1bhfw9mx7d775w_jmf56lcp80000gn/T/jsreport/autocleanup/e6dab9aa-d9a9-4f73-bcb2-7212563efe61-chrome-pdf.html","meta":{"rootId":"18luvs7kcml1fo3","id":"ptgrnnwkfmwrvay"},"id":"qfr570ex1cenpco","previousOperationId":"hqhix9wrmi7zcqr"}
{"type":"log","timestamp":1719009947000,"level":"debug","message":"Page request finished: GET (document) 200 file:///var/folders/2x/1bhfw9mx7d775w_jmf56lcp80000gn/T/jsreport/autocleanup/e6dab9aa-d9a9-4f73-bcb2-7212563efe61-chrome-pdf.html","meta":{"rootId":"18luvs7kcml1fo3","id":"ptgrnnwkfmwrvay"},"id":"oghvts954eh7886","previousOperationId":"hqhix9wrmi7zcqr"}
{"type":"log","timestamp":1719009947000,"level":"debug","message":"Page request: GET (stylesheet) https://cdnjs.cloudflare.com/ajax/libs/metro/4.1.5/css/metro.min.css","meta":{"rootId":"18luvs7kcml1fo3","id":"ptgrnnwkfmwrvay"},"id":"gmwbahlgv2iwwyn","previousOperationId":"hqhix9wrmi7zcqr"}
{"type":"log","timestamp":1719009947005,"level":"debug","message":"Page request finished: GET (stylesheet) 200 https://cdnjs.cloudflare.com/ajax/libs/metro/4.1.5/css/metro.min.css","meta":{"rootId":"18luvs7kcml1fo3","id":"ptgrnnwkfmwrvay"},"id":"pppc8me2vrljvrl","previousOperationId":"hqhix9wrmi7zcqr"}
{"type":"log","timestamp":1719009947025,"level":"debug","message":"Running chrome with params {\"timeout\":59649,\"margin\":{},\"printBackground\":true}","meta":{"rootId":"18luvs7kcml1fo3","id":"ptgrnnwkfmwrvay"},"id":"txubbxzk2td5fff","previousOperationId":"hqhix9wrmi7zcqr"}
{"type":"operationEnd","operationId":"hqhix9wrmi7zcqr","timestamp":1719009947119,"id":"0xhh7lvykvmrckd","previousEventId":"g65wz2ngbm6onai","previousOperationId":"hqhix9wrmi7zcqr"}
{"type":"log","timestamp":1719009947119,"level":"debug","message":"Skipping storing report.","meta":{"rootId":"18luvs7kcml1fo3","id":"ptgrnnwkfmwrvay"},"id":"ainyr03n880eyk7","previousOperationId":"hqhix9wrmi7zcqr"}
{"type":"log","timestamp":1719009947119,"level":"info","message":"Rendering (child) request finished in 535 ms","meta":{"rootId":"18luvs7kcml1fo3","id":"ptgrnnwkfmwrvay"},"id":"lhdjt9pbyai8ujj","previousOperationId":"hqhix9wrmi7zcqr"}
{"type":"operationEnd","subtype":"render","operationId":"zyywmqfhildyu5f","timestamp":1719009947119,"id":"9ndz8nxu820j178","previousEventId":"0xhh7lvykvmrckd","previousOperationId":"hqhix9wrmi7zcqr"}
{"type":"operationEnd","operationId":"ex81ttz5w585pmv","timestamp":1719009947140,"id":"poyqmtdkfnkztns","previousEventId":"9mehm4f5bdcliqw","previousOperationId":"ex81ttz5w585pmv"}
{"type":"log","timestamp":1719009947140,"level":"debug","message":"pdf-utils postprocess start","meta":{"rootId":"18luvs7kcml1fo3","id":"18luvs7kcml1fo3"},"id":"tw4uiddzcy020lk","previousOperationId":"ex81ttz5w585pmv"}
{"type":"log","timestamp":1719009947163,"level":"debug","message":"pdf-utils postprocess end","meta":{"rootId":"18luvs7kcml1fo3","id":"18luvs7kcml1fo3"},"id":"gs5u5fcrvzud80q","previousOperationId":"ex81ttz5w585pmv"}
{"type":"operationEnd","operationId":"0otv3a1h4t8h0df","timestamp":1719009947163,"id":"z1113x6j8amxg1o","previousEventId":"poyqmtdkfnkztns","previousOperationId":"ex81ttz5w585pmv"}
{"type":"log","timestamp":1719009947163,"level":"info","message":"pdf-utils pdf processing was finished","meta":{"rootId":"18luvs7kcml1fo3","id":"18luvs7kcml1fo3"},"id":"bxmnv2u64zabi4t","previousOperationId":"0otv3a1h4t8h0df"}
{"type":"log","timestamp":1719009947163,"level":"debug","message":"Skipping storing report.","meta":{"rootId":"18luvs7kcml1fo3","id":"18luvs7kcml1fo3"},"id":"pqhp8uu4d4i0zhu","previousOperationId":"0otv3a1h4t8h0df"}
{"type":"log","timestamp":1719009947163,"level":"info","message":"Rendering request 166 finished in 579 ms","meta":{"rootId":"18luvs7kcml1fo3","id":"18luvs7kcml1fo3"},"id":"k28ivl3nos6t0iz","previousOperationId":"0otv3a1h4t8h0df"}
{"type":"operationEnd","subtype":"render","operationId":"dsjft22i8o04d87","timestamp":1719009947163,"id":"x0n2r5kbcxhj8di","previousEventId":"z1113x6j8amxg1o","previousOperationId":"0otv3a1h4t8h0df"}
{"type":"operationEnd","doDiffs":false,"previousEventId":"of4hj449n315we3","previousOperationId":"g2ez04ksqjve0tv","operationId":"g2ez04ksqjve0tv","timestamp":1719009947164,"id":"c7t3hrflduckea4"}
