{"type":"operationStart","subtype":"profile","data":{"_id":"LkQWnmrFKA4myPSg","timestamp":"2024-06-21T20:00:27.844Z","state":"queued","mode":"standard","creationDate":"2024-06-21T20:00:27.846Z","modificationDate":"2024-06-21T20:00:27.846Z","shortid":"ysZDsNF","$entitySet":"profiles"},"doDiffs":false,"timestamp":1719000027845,"id":"ch68b7wsq9yf6hi","previousOperationId":null,"operationId":"scap1ihkmzv778i"}
{"type":"log","level":"info","message":"Render request 72 queued for execution and waiting for available worker","previousOperationId":"scap1ihkmzv778i","timestamp":1719000027845,"id":"0n6juhicpkhaaj0"}
{"type":"operationStart","subtype":"render","name":"anonymous","previousOperationId":"scap1ihkmzv778i","timestamp":1719000027850,"id":"x3twplwtt0dcoo9","previousEventId":"ch68b7wsq9yf6hi","operationId":"ieqc0hf2rciv2xt"}
{"type":"log","timestamp":1719000027850,"level":"info","message":"Starting rendering request 72","meta":{"rootId":"23azuq8nxmmlm6d","id":"23azuq8nxmmlm6d"},"id":"wfnvvpevezffe0z","previousOperationId":"ieqc0hf2rciv2xt"}
{"type":"log","timestamp":1719000027850,"level":"info","message":"Rendering anonymous template { recipe: chrome-pdf, engine: handlebars }","meta":{"rootId":"23azuq8nxmmlm6d","id":"23azuq8nxmmlm6d"},"id":"28mko3gwn86w9t2","previousOperationId":"ieqc0hf2rciv2xt"}
{"type":"log","timestamp":1719000027850,"level":"debug","message":"Inline data specified.","meta":{"rootId":"23azuq8nxmmlm6d","id":"23azuq8nxmmlm6d"},"id":"kr0vt7s2zq7ja24","previousOperationId":"ieqc0hf2rciv2xt"}
{"type":"log","timestamp":1719000027851,"level":"debug","message":"Base url not specified, skipping its injection.","meta":{"rootId":"23azuq8nxmmlm6d","id":"23azuq8nxmmlm6d"},"id":"2cwyeebqm1z9cy6","previousOperationId":"ieqc0hf2rciv2xt"}
{"type":"operationStart","subtype":"engine","name":"handlebars","timestamp":1719000027851,"id":"1201nibpwg3dr45","previousEventId":"x3twplwtt0dcoo9","operationId":"kvvtgvnk2wq47hg","previousOperationId":"ieqc0hf2rciv2xt"}
{"type":"log","timestamp":1719000027851,"level":"debug","message":"Rendering engine handlebars","meta":{"rootId":"23azuq8nxmmlm6d","id":"23azuq8nxmmlm6d"},"id":"geo4q2w9rahxclz","previousOperationId":"kvvtgvnk2wq47hg"}
{"type":"operationEnd","operationId":"kvvtgvnk2wq47hg","timestamp":1719000027866,"id":"2rtruoqj9yt90rp","previousEventId":"1201nibpwg3dr45","previousOperationId":"kvvtgvnk2wq47hg"}
{"type":"operationStart","subtype":"recipe","name":"chrome-pdf","timestamp":1719000027868,"id":"2mbj95cu91s7rpz","previousEventId":"2rtruoqj9yt90rp","operationId":"ltf6qy2vvx6mbms","previousOperationId":"kvvtgvnk2wq47hg"}
{"type":"log","timestamp":1719000027868,"level":"debug","message":"Executing recipe chrome-pdf","meta":{"rootId":"23azuq8nxmmlm6d","id":"23azuq8nxmmlm6d"},"id":"t3v5r66qhib97ns","previousOperationId":"ltf6qy2vvx6mbms"}
{"type":"log","timestamp":1719000027873,"level":"debug","message":"Converting with chrome Chrome/126.0.6478.61 using chrome-pool strategy","meta":{"rootId":"23azuq8nxmmlm6d","id":"23azuq8nxmmlm6d"},"id":"lxb17og2tyia0in","previousOperationId":"ltf6qy2vvx6mbms"}
{"type":"log","timestamp":1719000027961,"level":"debug","message":"Page request: GET (document) file:///var/folders/2x/1bhfw9mx7d775w_jmf56lcp80000gn/T/jsreport/autocleanup/47b29f84-2d7a-40b3-834e-33fbbf9c7e04-chrome-pdf.html","meta":{"rootId":"23azuq8nxmmlm6d","id":"23azuq8nxmmlm6d"},"id":"p0l3jgjsr9ois9q","previousOperationId":"ltf6qy2vvx6mbms"}
{"type":"log","timestamp":1719000027965,"level":"debug","message":"Page request finished: GET (document) 200 file:///var/folders/2x/1bhfw9mx7d775w_jmf56lcp80000gn/T/jsreport/autocleanup/47b29f84-2d7a-40b3-834e-33fbbf9c7e04-chrome-pdf.html","meta":{"rootId":"23azuq8nxmmlm6d","id":"23azuq8nxmmlm6d"},"id":"5cfzsq1lqre06t0","previousOperationId":"ltf6qy2vvx6mbms"}
{"type":"log","timestamp":1719000027966,"level":"debug","message":"Page request: GET (stylesheet) https://cdnjs.cloudflare.com/ajax/libs/metro/4.1.5/css/metro.min.css","meta":{"rootId":"23azuq8nxmmlm6d","id":"23azuq8nxmmlm6d"},"id":"8aqbjwyb3ex8795","previousOperationId":"ltf6qy2vvx6mbms"}
{"type":"log","timestamp":1719000027966,"level":"debug","message":"Page request: GET (script) https://cdnjs.cloudflare.com/ajax/libs/Chart.js/2.7.2/Chart.min.js","meta":{"rootId":"23azuq8nxmmlm6d","id":"23azuq8nxmmlm6d"},"id":"kgw3rbckkk7ec2v","previousOperationId":"ltf6qy2vvx6mbms"}
{"type":"log","timestamp":1719000027974,"level":"debug","message":"Page request finished: GET (stylesheet) 200 https://cdnjs.cloudflare.com/ajax/libs/metro/4.1.5/css/metro.min.css","meta":{"rootId":"23azuq8nxmmlm6d","id":"23azuq8nxmmlm6d"},"id":"q5qwbrzd71pvq8l","previousOperationId":"ltf6qy2vvx6mbms"}
{"type":"log","timestamp":1719000027974,"level":"debug","message":"Page request finished: GET (script) 200 https://cdnjs.cloudflare.com/ajax/libs/Chart.js/2.7.2/Chart.min.js","meta":{"rootId":"23azuq8nxmmlm6d","id":"23azuq8nxmmlm6d"},"id":"ih0j4daykytefco","previousOperationId":"ltf6qy2vvx6mbms"}
{"type":"log","timestamp":1719000027993,"level":"debug","message":"Running chrome with params {\"timeout\":59972,\"margin\":{},\"printBackground\":true}","meta":{"rootId":"23azuq8nxmmlm6d","id":"23azuq8nxmmlm6d"},"id":"sn9fmtxrtsvoha5","previousOperationId":"ltf6qy2vvx6mbms"}
{"type":"operationEnd","operationId":"ltf6qy2vvx6mbms","timestamp":1719000028087,"id":"lock27dl5tt3ejh","previousEventId":"2mbj95cu91s7rpz","previousOperationId":"ltf6qy2vvx6mbms"}
{"type":"log","timestamp":1719000028087,"level":"debug","message":"Skipping storing report.","meta":{"rootId":"23azuq8nxmmlm6d","id":"23azuq8nxmmlm6d"},"id":"4355lblpzm4uhbv","previousOperationId":"ltf6qy2vvx6mbms"}
{"type":"log","timestamp":1719000028087,"level":"info","message":"Rendering request 72 finished in 245 ms","meta":{"rootId":"23azuq8nxmmlm6d","id":"23azuq8nxmmlm6d"},"id":"5qhxhuskfvxe5u8","previousOperationId":"ltf6qy2vvx6mbms"}
{"type":"operationEnd","subtype":"render","operationId":"ieqc0hf2rciv2xt","timestamp":1719000028087,"id":"fcjmncyy4nemily","previousEventId":"lock27dl5tt3ejh","previousOperationId":"ltf6qy2vvx6mbms"}
{"type":"operationEnd","doDiffs":false,"previousEventId":"ch68b7wsq9yf6hi","previousOperationId":"scap1ihkmzv778i","operationId":"scap1ihkmzv778i","timestamp":1719000028088,"id":"p1y02pch5x56zps"}
