{"type":"operationStart","subtype":"profile","data":{"_id":"Rdo0KVOe3QCGOFp9","timestamp":"2024-06-24T15:20:26.248Z","state":"queued","mode":"standard","creationDate":"2024-06-24T15:20:26.254Z","modificationDate":"2024-06-24T15:20:26.254Z","shortid":"hVY1vWL","$entitySet":"profiles"},"doDiffs":false,"timestamp":1719242426253,"id":"9a7huyggc9x6fw7","previousOperationId":null,"operationId":"2zfi828vjmoxxui"}
{"type":"log","level":"info","message":"Render request 5 queued for execution and waiting for available worker","previousOperationId":"2zfi828vjmoxxui","timestamp":1719242426253,"id":"rzyix9qqxr762tr"}
{"type":"operationStart","subtype":"render","name":"anonymous","previousOperationId":"2zfi828vjmoxxui","timestamp":1719242426258,"id":"ibsmsymdkglbx7e","previousEventId":"9a7huyggc9x6fw7","operationId":"tww6ccdsyicmzgn"}
{"type":"log","timestamp":1719242426258,"level":"info","message":"Starting rendering request 5","meta":{"rootId":"28s8sx6qp4zwo99","id":"28s8sx6qp4zwo99"},"id":"ec2ymmpdii5rhi1","previousOperationId":"tww6ccdsyicmzgn"}
{"type":"log","timestamp":1719242426258,"level":"info","message":"Rendering anonymous template { recipe: chrome-pdf, engine: handlebars }","meta":{"rootId":"28s8sx6qp4zwo99","id":"28s8sx6qp4zwo99"},"id":"zuavlldv4nr1f5w","previousOperationId":"tww6ccdsyicmzgn"}
{"type":"log","timestamp":1719242426258,"level":"debug","message":"Inline data specified.","meta":{"rootId":"28s8sx6qp4zwo99","id":"28s8sx6qp4zwo99"},"id":"zjf6tfek29qv92o","previousOperationId":"tww6ccdsyicmzgn"}
{"type":"log","timestamp":1719242426260,"level":"debug","message":"Base url not specified, skipping its injection.","meta":{"rootId":"28s8sx6qp4zwo99","id":"28s8sx6qp4zwo99"},"id":"x8aiaypuk314kgq","previousOperationId":"tww6ccdsyicmzgn"}
{"type":"operationStart","subtype":"engine","name":"handlebars","timestamp":1719242426260,"id":"civh99lmu882ib3","previousEventId":"ibsmsymdkglbx7e","operationId":"zj1zpm7b0evfdwy","previousOperationId":"tww6ccdsyicmzgn"}
{"type":"log","timestamp":1719242426260,"level":"debug","message":"Rendering engine handlebars","meta":{"rootId":"28s8sx6qp4zwo99","id":"28s8sx6qp4zwo99"},"id":"7p7f8p4a3yyokcz","previousOperationId":"zj1zpm7b0evfdwy"}
{"type":"operationEnd","operationId":"zj1zpm7b0evfdwy","timestamp":1719242426280,"id":"h1wlnqzyj6g8x5m","previousEventId":"civh99lmu882ib3","previousOperationId":"zj1zpm7b0evfdwy"}
{"type":"operationStart","subtype":"recipe","name":"chrome-pdf","timestamp":1719242426280,"id":"aycyt26mqbxcumf","previousEventId":"h1wlnqzyj6g8x5m","operationId":"ittw9526saqldlt","previousOperationId":"zj1zpm7b0evfdwy"}
{"type":"log","timestamp":1719242426280,"level":"debug","message":"Executing recipe chrome-pdf","meta":{"rootId":"28s8sx6qp4zwo99","id":"28s8sx6qp4zwo99"},"id":"utyvvfybu8sfzb5","previousOperationId":"ittw9526saqldlt"}
{"type":"log","timestamp":1719242426292,"level":"debug","message":"Converting with chrome Chrome/126.0.6478.61 using chrome-pool strategy","meta":{"rootId":"28s8sx6qp4zwo99","id":"28s8sx6qp4zwo99"},"id":"06cjg2iodui6ls1","previousOperationId":"ittw9526saqldlt"}
{"type":"log","timestamp":1719242426656,"level":"debug","message":"Page request: GET (document) file:///var/folders/2x/1bhfw9mx7d775w_jmf56lcp80000gn/T/jsreport/autocleanup/d939fce4-1e91-4c4f-93bf-4faaebd95023-chrome-pdf.html","meta":{"rootId":"28s8sx6qp4zwo99","id":"28s8sx6qp4zwo99"},"id":"wfvzz4ncmn530t7","previousOperationId":"ittw9526saqldlt"}
{"type":"log","timestamp":1719242426674,"level":"debug","message":"Page request finished: GET (document) 200 file:///var/folders/2x/1bhfw9mx7d775w_jmf56lcp80000gn/T/jsreport/autocleanup/d939fce4-1e91-4c4f-93bf-4faaebd95023-chrome-pdf.html","meta":{"rootId":"28s8sx6qp4zwo99","id":"28s8sx6qp4zwo99"},"id":"482b0ge4xz0bhlp","previousOperationId":"ittw9526saqldlt"}
{"type":"log","timestamp":1719242426678,"level":"debug","message":"Page request: GET (stylesheet) https://cdnjs.cloudflare.com/ajax/libs/metro/4.1.5/css/metro.min.css","meta":{"rootId":"28s8sx6qp4zwo99","id":"28s8sx6qp4zwo99"},"id":"u29j3bwse52bz9v","previousOperationId":"ittw9526saqldlt"}
{"type":"log","timestamp":1719242426682,"level":"debug","message":"Page request: GET (script) https://cdnjs.cloudflare.com/ajax/libs/Chart.js/2.7.2/Chart.min.js","meta":{"rootId":"28s8sx6qp4zwo99","id":"28s8sx6qp4zwo99"},"id":"h58uq5l1bj62dda","previousOperationId":"ittw9526saqldlt"}
{"type":"log","timestamp":1719242426694,"level":"debug","message":"Page request finished: GET (stylesheet) 200 https://cdnjs.cloudflare.com/ajax/libs/metro/4.1.5/css/metro.min.css","meta":{"rootId":"28s8sx6qp4zwo99","id":"28s8sx6qp4zwo99"},"id":"1wud42jcghpnphs","previousOperationId":"ittw9526saqldlt"}
{"type":"log","timestamp":1719242426694,"level":"debug","message":"Page request finished: GET (script) 200 https://cdnjs.cloudflare.com/ajax/libs/Chart.js/2.7.2/Chart.min.js","meta":{"rootId":"28s8sx6qp4zwo99","id":"28s8sx6qp4zwo99"},"id":"kiluw3vrqq385zk","previousOperationId":"ittw9526saqldlt"}
{"type":"log","timestamp":1719242426746,"level":"debug","message":"Running chrome with params {\"marginTop\":\"4cm\",\"marginRight\":\"1.5cm\",\"marginLeft\":\"1.5cm\",\"marginBottom\":\"1.5cm\",\"timeout\":59960,\"margin\":{\"top\":\"4cm\",\"right\":\"1.5cm\",\"bottom\":\"1.5cm\",\"left\":\"1.5cm\"},\"printBackground\":true}","meta":{"rootId":"28s8sx6qp4zwo99","id":"28s8sx6qp4zwo99"},"id":"38p47canlrng85k","previousOperationId":"ittw9526saqldlt"}
{"type":"operationEnd","operationId":"ittw9526saqldlt","timestamp":1719242426946,"id":"u7nyxtf5wy3bc9l","previousEventId":"aycyt26mqbxcumf","previousOperationId":"ittw9526saqldlt"}
{"type":"log","timestamp":1719242426946,"level":"info","message":"pdf-utils is starting pdf processing","meta":{"rootId":"28s8sx6qp4zwo99","id":"28s8sx6qp4zwo99"},"id":"aqmb227lyqcf5n4","previousOperationId":"ittw9526saqldlt"}
{"type":"operationStart","subtype":"pdfUtils","name":"pdf utils","timestamp":1719242427071,"id":"4qw2d89nw3tu71h","previousEventId":"u7nyxtf5wy3bc9l","operationId":"cn9elafp8hgvpx1","previousOperationId":"ittw9526saqldlt"}
{"type":"log","timestamp":1719242427071,"level":"debug","message":"pdf-utils detected 1 pdf operation(s) to process","meta":{"rootId":"28s8sx6qp4zwo99","id":"28s8sx6qp4zwo99"},"id":"0slzn6xow17w8cx","previousOperationId":"cn9elafp8hgvpx1"}
{"type":"log","timestamp":1719242427081,"level":"debug","message":"pdf-utils running pdf operation undefined","meta":{"rootId":"28s8sx6qp4zwo99","id":"28s8sx6qp4zwo99"},"id":"55wimnmdqu31m2h","previousOperationId":"cn9elafp8hgvpx1"}
{"type":"log","timestamp":1719242427081,"level":"debug","message":"pdf-utils postprocess start","meta":{"rootId":"28s8sx6qp4zwo99","id":"28s8sx6qp4zwo99"},"id":"d3pkzxqp2y7wkcz","previousOperationId":"cn9elafp8hgvpx1"}
{"type":"log","timestamp":1719242427092,"level":"debug","message":"pdf-utils postprocess end","meta":{"rootId":"28s8sx6qp4zwo99","id":"28s8sx6qp4zwo99"},"id":"ycuv8l1d4eg038j","previousOperationId":"cn9elafp8hgvpx1"}
{"type":"operationEnd","operationId":"cn9elafp8hgvpx1","timestamp":1719242427092,"id":"5fuui1kutjjyasj","previousEventId":"4qw2d89nw3tu71h","previousOperationId":"cn9elafp8hgvpx1"}
{"type":"log","timestamp":1719242427093,"level":"info","message":"pdf-utils pdf processing was finished","meta":{"rootId":"28s8sx6qp4zwo99","id":"28s8sx6qp4zwo99"},"id":"ih6wrtmefm7aw8c","previousOperationId":"cn9elafp8hgvpx1"}
{"type":"log","timestamp":1719242427093,"level":"debug","message":"Skipping storing report.","meta":{"rootId":"28s8sx6qp4zwo99","id":"28s8sx6qp4zwo99"},"id":"txvbjtxetjbnbeu","previousOperationId":"cn9elafp8hgvpx1"}
{"type":"log","timestamp":1719242427093,"level":"info","message":"Rendering request 5 finished in 851 ms","meta":{"rootId":"28s8sx6qp4zwo99","id":"28s8sx6qp4zwo99"},"id":"e5e525y02463o75","previousOperationId":"cn9elafp8hgvpx1"}
{"type":"operationEnd","subtype":"render","operationId":"tww6ccdsyicmzgn","timestamp":1719242427093,"id":"3tazd8hhc1yz96i","previousEventId":"5fuui1kutjjyasj","previousOperationId":"cn9elafp8hgvpx1"}
{"type":"operationEnd","doDiffs":false,"previousEventId":"9a7huyggc9x6fw7","previousOperationId":"2zfi828vjmoxxui","operationId":"2zfi828vjmoxxui","timestamp":1719242427094,"id":"asn6lsl64939qau"}
