{"type":"operationStart","subtype":"profile","data":{"_id":"FlawdbjoVbvZ7YA7","timestamp":"2024-06-21T20:28:23.268Z","state":"queued","mode":"standard","creationDate":"2024-06-21T20:28:23.277Z","modificationDate":"2024-06-21T20:28:23.277Z","shortid":"gnZzx9i","$entitySet":"profiles"},"doDiffs":false,"timestamp":1719001703269,"id":"ulgkzrxpr0k5zdv","previousOperationId":null,"operationId":"cyvbjvtqvzslvch"}
{"type":"log","level":"info","message":"Render request 84 queued for execution and waiting for available worker","previousOperationId":"cyvbjvtqvzslvch","timestamp":1719001703270,"id":"v3lnbpzn5dg39iv"}
{"type":"operationStart","subtype":"render","name":"anonymous","previousOperationId":"cyvbjvtqvzslvch","timestamp":1719001703290,"id":"8xod9713xi0jszh","previousEventId":"ulgkzrxpr0k5zdv","operationId":"mks3c211nvoj2ap"}
{"type":"log","timestamp":1719001703290,"level":"info","message":"Starting rendering request 84","meta":{"rootId":"2a4jcfboal43dbl","id":"2a4jcfboal43dbl"},"id":"s3b5v7ro8s3652n","previousOperationId":"mks3c211nvoj2ap"}
{"type":"log","timestamp":1719001703290,"level":"info","message":"Rendering anonymous template { recipe: chrome-pdf, engine: handlebars }","meta":{"rootId":"2a4jcfboal43dbl","id":"2a4jcfboal43dbl"},"id":"csgx27zddjq92th","previousOperationId":"mks3c211nvoj2ap"}
{"type":"log","timestamp":1719001703290,"level":"debug","message":"Inline data specified.","meta":{"rootId":"2a4jcfboal43dbl","id":"2a4jcfboal43dbl"},"id":"pzhavg6k859xr2e","previousOperationId":"mks3c211nvoj2ap"}
{"type":"log","timestamp":1719001703292,"level":"debug","message":"Base url not specified, skipping its injection.","meta":{"rootId":"2a4jcfboal43dbl","id":"2a4jcfboal43dbl"},"id":"n8cmipk5a7x6zk1","previousOperationId":"mks3c211nvoj2ap"}
{"type":"operationStart","subtype":"engine","name":"handlebars","timestamp":1719001703292,"id":"iki39ew6y6xph7o","previousEventId":"8xod9713xi0jszh","operationId":"nlyhgzucd865wnv","previousOperationId":"mks3c211nvoj2ap"}
{"type":"log","timestamp":1719001703292,"level":"debug","message":"Rendering engine handlebars","meta":{"rootId":"2a4jcfboal43dbl","id":"2a4jcfboal43dbl"},"id":"9ntz3ay197i2jcb","previousOperationId":"nlyhgzucd865wnv"}
{"type":"operationEnd","operationId":"nlyhgzucd865wnv","timestamp":1719001703300,"id":"bjt0vc3bdaiikv5","previousEventId":"iki39ew6y6xph7o","previousOperationId":"nlyhgzucd865wnv"}
{"type":"operationStart","subtype":"recipe","name":"chrome-pdf","timestamp":1719001703300,"id":"iqb43k0nbsd6vxf","previousEventId":"bjt0vc3bdaiikv5","operationId":"r8i0rob3tdy34o3","previousOperationId":"nlyhgzucd865wnv"}
{"type":"log","timestamp":1719001703300,"level":"debug","message":"Executing recipe chrome-pdf","meta":{"rootId":"2a4jcfboal43dbl","id":"2a4jcfboal43dbl"},"id":"apa05ka3m1q2qq8","previousOperationId":"r8i0rob3tdy34o3"}
{"type":"log","timestamp":1719001703303,"level":"debug","message":"Converting with chrome Chrome/126.0.6478.61 using chrome-pool strategy","meta":{"rootId":"2a4jcfboal43dbl","id":"2a4jcfboal43dbl"},"id":"jyvvdbqblep11nc","previousOperationId":"r8i0rob3tdy34o3"}
{"type":"log","timestamp":1719001703376,"level":"debug","message":"Page request: GET (document) file:///var/folders/2x/1bhfw9mx7d775w_jmf56lcp80000gn/T/jsreport/autocleanup/68306056-5635-4473-b11d-56ff0df59b4d-chrome-pdf.html","meta":{"rootId":"2a4jcfboal43dbl","id":"2a4jcfboal43dbl"},"id":"n0qw8i9jr7db454","previousOperationId":"r8i0rob3tdy34o3"}
{"type":"log","timestamp":1719001703389,"level":"debug","message":"Page request: GET (stylesheet) https://cdnjs.cloudflare.com/ajax/libs/metro/4.1.5/css/metro.min.css","meta":{"rootId":"2a4jcfboal43dbl","id":"2a4jcfboal43dbl"},"id":"sldaihhlt6fe7ng","previousOperationId":"r8i0rob3tdy34o3"}
{"type":"log","timestamp":1719001703390,"level":"debug","message":"Page request: GET (script) https://cdnjs.cloudflare.com/ajax/libs/Chart.js/2.7.2/Chart.min.js","meta":{"rootId":"2a4jcfboal43dbl","id":"2a4jcfboal43dbl"},"id":"jeuslxuoeto6fu8","previousOperationId":"r8i0rob3tdy34o3"}
{"type":"log","timestamp":1719001703410,"level":"debug","message":"Page request finished: GET (stylesheet) 200 https://cdnjs.cloudflare.com/ajax/libs/metro/4.1.5/css/metro.min.css","meta":{"rootId":"2a4jcfboal43dbl","id":"2a4jcfboal43dbl"},"id":"dq3vtz0cts363rh","previousOperationId":"r8i0rob3tdy34o3"}
{"type":"log","timestamp":1719001703411,"level":"debug","message":"Page request finished: GET (script) 200 https://cdnjs.cloudflare.com/ajax/libs/Chart.js/2.7.2/Chart.min.js","meta":{"rootId":"2a4jcfboal43dbl","id":"2a4jcfboal43dbl"},"id":"67eiax6kbdyq0v2","previousOperationId":"r8i0rob3tdy34o3"}
{"type":"log","timestamp":1719001703414,"level":"debug","message":"Page request finished: GET (document) 200 file:///var/folders/2x/1bhfw9mx7d775w_jmf56lcp80000gn/T/jsreport/autocleanup/68306056-5635-4473-b11d-56ff0df59b4d-chrome-pdf.html","meta":{"rootId":"2a4jcfboal43dbl","id":"2a4jcfboal43dbl"},"id":"3a659isj0kk5duk","previousOperationId":"r8i0rob3tdy34o3"}
{"type":"log","timestamp":1719001703442,"level":"debug","message":"Running chrome with params {\"timeout\":59965,\"margin\":{},\"printBackground\":true}","meta":{"rootId":"2a4jcfboal43dbl","id":"2a4jcfboal43dbl"},"id":"3rtvp7924xwr3cn","previousOperationId":"r8i0rob3tdy34o3"}
{"type":"operationEnd","operationId":"r8i0rob3tdy34o3","timestamp":1719001703624,"id":"z6skl2ewmsekawh","previousEventId":"iqb43k0nbsd6vxf","previousOperationId":"r8i0rob3tdy34o3"}
{"type":"log","timestamp":1719001703625,"level":"debug","message":"Skipping storing report.","meta":{"rootId":"2a4jcfboal43dbl","id":"2a4jcfboal43dbl"},"id":"usysrwhipswog3f","previousOperationId":"r8i0rob3tdy34o3"}
{"type":"log","timestamp":1719001703625,"level":"info","message":"Rendering request 84 finished in 359 ms","meta":{"rootId":"2a4jcfboal43dbl","id":"2a4jcfboal43dbl"},"id":"cw0n9wiy30unxxg","previousOperationId":"r8i0rob3tdy34o3"}
{"type":"operationEnd","subtype":"render","operationId":"mks3c211nvoj2ap","timestamp":1719001703625,"id":"zup7zfade7535pw","previousEventId":"z6skl2ewmsekawh","previousOperationId":"r8i0rob3tdy34o3"}
{"type":"operationEnd","doDiffs":false,"previousEventId":"ulgkzrxpr0k5zdv","previousOperationId":"cyvbjvtqvzslvch","operationId":"cyvbjvtqvzslvch","timestamp":1719001703627,"id":"5b42u2qqc951b4y"}
