{"type":"operationStart","subtype":"profile","data":{"_id":"q5w03s2eLbduMAnx","timestamp":"2024-06-20T22:44:33.113Z","state":"queued","mode":"standard","creationDate":"2024-06-20T22:44:33.115Z","modificationDate":"2024-06-20T22:44:33.115Z","shortid":"x2aiRwJ","$entitySet":"profiles"},"doDiffs":false,"timestamp":1718923473114,"id":"wm0xn9nhg5gdaki","previousOperationId":null,"operationId":"b48xcbnq36scr8u"}
{"type":"log","level":"info","message":"Render request 13 queued for execution and waiting for available worker","previousOperationId":"b48xcbnq36scr8u","timestamp":1718923473114,"id":"z6edutle8ww5apw"}
{"type":"operationStart","subtype":"render","name":"anonymous","previousOperationId":"b48xcbnq36scr8u","timestamp":1718923473119,"id":"flwf87zf73j6l10","previousEventId":"wm0xn9nhg5gdaki","operationId":"6yd44strvaacmm8"}
{"type":"log","timestamp":1718923473119,"level":"info","message":"Starting rendering request 13","meta":{"rootId":"2br4w8si0rtnkdt","id":"2br4w8si0rtnkdt"},"id":"y5ix4yjlw2vwez0","previousOperationId":"6yd44strvaacmm8"}
{"type":"log","timestamp":1718923473120,"level":"info","message":"Rendering anonymous template { recipe: chrome-pdf, engine: handlebars }","meta":{"rootId":"2br4w8si0rtnkdt","id":"2br4w8si0rtnkdt"},"id":"zv2oyr8yqczez3a","previousOperationId":"6yd44strvaacmm8"}
{"type":"log","timestamp":1718923473120,"level":"debug","message":"Inline data specified.","meta":{"rootId":"2br4w8si0rtnkdt","id":"2br4w8si0rtnkdt"},"id":"6wzw470fk4y92hb","previousOperationId":"6yd44strvaacmm8"}
{"type":"log","timestamp":1718923473120,"level":"debug","message":"Base url not specified, skipping its injection.","meta":{"rootId":"2br4w8si0rtnkdt","id":"2br4w8si0rtnkdt"},"id":"mz8mmx3ngrhfu2m","previousOperationId":"6yd44strvaacmm8"}
{"type":"operationStart","subtype":"engine","name":"handlebars","timestamp":1718923473120,"id":"utpfvs30emybtc3","previousEventId":"flwf87zf73j6l10","operationId":"rj7s2n2c7ehhfo0","previousOperationId":"6yd44strvaacmm8"}
{"type":"log","timestamp":1718923473120,"level":"debug","message":"Rendering engine handlebars","meta":{"rootId":"2br4w8si0rtnkdt","id":"2br4w8si0rtnkdt"},"id":"w9qw2ur4avuz7qe","previousOperationId":"rj7s2n2c7ehhfo0"}
{"type":"operationEnd","operationId":"rj7s2n2c7ehhfo0","timestamp":1718923473125,"id":"40uq2ppai8qere2","previousEventId":"utpfvs30emybtc3","previousOperationId":"rj7s2n2c7ehhfo0"}
{"type":"operationStart","subtype":"recipe","name":"chrome-pdf","timestamp":1718923473125,"id":"3d6wnzzoq8w2052","previousEventId":"40uq2ppai8qere2","operationId":"8f7ytkfkk43ogy8","previousOperationId":"rj7s2n2c7ehhfo0"}
{"type":"log","timestamp":1718923473125,"level":"debug","message":"Executing recipe chrome-pdf","meta":{"rootId":"2br4w8si0rtnkdt","id":"2br4w8si0rtnkdt"},"id":"qo70eukj8kz3c5c","previousOperationId":"8f7ytkfkk43ogy8"}
{"type":"log","timestamp":1718923473128,"level":"debug","message":"Converting with chrome Chrome/126.0.6478.61 using chrome-pool strategy","meta":{"rootId":"2br4w8si0rtnkdt","id":"2br4w8si0rtnkdt"},"id":"dtosm3e9bgouk3e","previousOperationId":"8f7ytkfkk43ogy8"}
{"type":"log","timestamp":1718923473224,"level":"debug","message":"Page request: GET (document) file:///var/folders/2x/1bhfw9mx7d775w_jmf56lcp80000gn/T/jsreport/autocleanup/c410cd99-7aca-4e0c-82a4-8f851d075e2c-chrome-pdf.html","meta":{"rootId":"2br4w8si0rtnkdt","id":"2br4w8si0rtnkdt"},"id":"3068uxwf7udyki4","previousOperationId":"8f7ytkfkk43ogy8"}
{"type":"log","timestamp":1718923473229,"level":"debug","message":"Page request finished: GET (document) 200 file:///var/folders/2x/1bhfw9mx7d775w_jmf56lcp80000gn/T/jsreport/autocleanup/c410cd99-7aca-4e0c-82a4-8f851d075e2c-chrome-pdf.html","meta":{"rootId":"2br4w8si0rtnkdt","id":"2br4w8si0rtnkdt"},"id":"2w9gttps2efoqez","previousOperationId":"8f7ytkfkk43ogy8"}
{"type":"log","timestamp":1718923473233,"level":"debug","message":"Running chrome with params {\"timeout\":59985,\"margin\":{},\"printBackground\":true}","meta":{"rootId":"2br4w8si0rtnkdt","id":"2br4w8si0rtnkdt"},"id":"5kb049rrpyyi6te","previousOperationId":"8f7ytkfkk43ogy8"}
{"type":"operationEnd","operationId":"8f7ytkfkk43ogy8","timestamp":1718923473307,"id":"upfwtpdvpo6r056","previousEventId":"3d6wnzzoq8w2052","previousOperationId":"8f7ytkfkk43ogy8"}
{"type":"log","timestamp":1718923473307,"level":"debug","message":"Skipping storing report.","meta":{"rootId":"2br4w8si0rtnkdt","id":"2br4w8si0rtnkdt"},"id":"82pr7kj419h10bl","previousOperationId":"8f7ytkfkk43ogy8"}
{"type":"log","timestamp":1718923473307,"level":"info","message":"Rendering request 13 finished in 195 ms","meta":{"rootId":"2br4w8si0rtnkdt","id":"2br4w8si0rtnkdt"},"id":"1ztzhvt4md9vtdx","previousOperationId":"8f7ytkfkk43ogy8"}
{"type":"operationEnd","subtype":"render","operationId":"6yd44strvaacmm8","timestamp":1718923473307,"id":"4dk0gi9c5k5ac42","previousEventId":"upfwtpdvpo6r056","previousOperationId":"8f7ytkfkk43ogy8"}
{"type":"operationEnd","doDiffs":false,"previousEventId":"wm0xn9nhg5gdaki","previousOperationId":"b48xcbnq36scr8u","operationId":"b48xcbnq36scr8u","timestamp":1718923473308,"id":"wioqnquxep1rdcv"}
