{"type":"operationStart","subtype":"profile","data":{"_id":"C02ISrJJXhESDZAK","timestamp":"2024-06-21T22:15:50.367Z","state":"queued","mode":"standard","creationDate":"2024-06-21T22:15:50.369Z","modificationDate":"2024-06-21T22:15:50.369Z","shortid":"ONncdce","$entitySet":"profiles"},"doDiffs":false,"timestamp":1719008150368,"id":"rhm020bx738ddcx","previousOperationId":null,"operationId":"cfj7c35wdadblkd"}
{"type":"log","level":"info","message":"Render request 146 queued for execution and waiting for available worker","previousOperationId":"cfj7c35wdadblkd","timestamp":1719008150368,"id":"37gw8twos1ablko"}
{"type":"operationStart","subtype":"render","name":"anonymous","previousOperationId":"cfj7c35wdadblkd","timestamp":1719008150375,"id":"cgt7khh7bxk7whw","previousEventId":"rhm020bx738ddcx","operationId":"iuk2hiqu7neda7m"}
{"type":"log","timestamp":1719008150376,"level":"info","message":"Starting rendering request 146","meta":{"rootId":"2j3zspnp23p05wr","id":"2j3zspnp23p05wr"},"id":"wgsftw3jjiqmgmq","previousOperationId":"iuk2hiqu7neda7m"}
{"type":"log","timestamp":1719008150376,"level":"info","message":"Rendering anonymous template { recipe: chrome-pdf, engine: handlebars }","meta":{"rootId":"2j3zspnp23p05wr","id":"2j3zspnp23p05wr"},"id":"oamq0ln2qodoz1x","previousOperationId":"iuk2hiqu7neda7m"}
{"type":"log","timestamp":1719008150376,"level":"debug","message":"Inline data specified.","meta":{"rootId":"2j3zspnp23p05wr","id":"2j3zspnp23p05wr"},"id":"1of26vzy67q6haq","previousOperationId":"iuk2hiqu7neda7m"}
{"type":"log","timestamp":1719008150377,"level":"debug","message":"Base url not specified, skipping its injection.","meta":{"rootId":"2j3zspnp23p05wr","id":"2j3zspnp23p05wr"},"id":"rnl9oudz7rqjhn7","previousOperationId":"iuk2hiqu7neda7m"}
{"type":"operationStart","subtype":"engine","name":"handlebars","timestamp":1719008150377,"id":"8n6ba50cbmkbkqt","previousEventId":"cgt7khh7bxk7whw","operationId":"62qg31ufbcj48hd","previousOperationId":"iuk2hiqu7neda7m"}
{"type":"log","timestamp":1719008150377,"level":"debug","message":"Rendering engine handlebars","meta":{"rootId":"2j3zspnp23p05wr","id":"2j3zspnp23p05wr"},"id":"jqtc8miev2o7rjh","previousOperationId":"62qg31ufbcj48hd"}
{"type":"log","timestamp":1719008150416,"level":"debug","message":"(console:log) Pdf utils adding group field, value: 1","meta":{"userLevel":true,"rootId":"2j3zspnp23p05wr","id":"2j3zspnp23p05wr"},"id":"zl67216jane342p","previousOperationId":"62qg31ufbcj48hd"}
{"type":"log","timestamp":1719008150416,"level":"debug","message":"(console:log) Pdf utils adding group field, value: 2","meta":{"userLevel":true,"rootId":"2j3zspnp23p05wr","id":"2j3zspnp23p05wr"},"id":"wx6ejwag2o75h90","previousOperationId":"62qg31ufbcj48hd"}
{"type":"log","timestamp":1719008150416,"level":"debug","message":"(console:log) Pdf utils adding group field, value: 3","meta":{"userLevel":true,"rootId":"2j3zspnp23p05wr","id":"2j3zspnp23p05wr"},"id":"lbypivrc4cu0a5d","previousOperationId":"62qg31ufbcj48hd"}
{"type":"operationEnd","operationId":"62qg31ufbcj48hd","timestamp":1719008150416,"id":"c8v7g2qbe3ey4my","previousEventId":"8n6ba50cbmkbkqt","previousOperationId":"62qg31ufbcj48hd"}
{"type":"operationStart","subtype":"recipe","name":"chrome-pdf","timestamp":1719008150416,"id":"dapqpff0aj6k2my","previousEventId":"c8v7g2qbe3ey4my","operationId":"77yyi4vzdwf0cli","previousOperationId":"62qg31ufbcj48hd"}
{"type":"log","timestamp":1719008150416,"level":"debug","message":"Executing recipe chrome-pdf","meta":{"rootId":"2j3zspnp23p05wr","id":"2j3zspnp23p05wr"},"id":"lziaa51zxobtmx9","previousOperationId":"77yyi4vzdwf0cli"}
{"type":"log","timestamp":1719008150427,"level":"debug","message":"Converting with chrome Chrome/126.0.6478.61 using chrome-pool strategy","meta":{"rootId":"2j3zspnp23p05wr","id":"2j3zspnp23p05wr"},"id":"ab6ok0hvagv1wem","previousOperationId":"77yyi4vzdwf0cli"}
{"type":"log","timestamp":1719008150814,"level":"debug","message":"Page request: GET (document) file:///var/folders/2x/1bhfw9mx7d775w_jmf56lcp80000gn/T/jsreport/autocleanup/8606ab3e-87dd-41e8-a6e2-ff6f8b9f3dd6-chrome-pdf.html","meta":{"rootId":"2j3zspnp23p05wr","id":"2j3zspnp23p05wr"},"id":"971q8dqw7n9j4my","previousOperationId":"77yyi4vzdwf0cli"}
{"type":"log","timestamp":1719008150837,"level":"debug","message":"Page request: GET (stylesheet) https://cdnjs.cloudflare.com/ajax/libs/metro/4.1.5/css/metro.min.css","meta":{"rootId":"2j3zspnp23p05wr","id":"2j3zspnp23p05wr"},"id":"ixfgpqhvllggb02","previousOperationId":"77yyi4vzdwf0cli"}
{"type":"log","timestamp":1719008150837,"level":"debug","message":"Page request: GET (script) https://cdnjs.cloudflare.com/ajax/libs/Chart.js/2.7.2/Chart.min.js","meta":{"rootId":"2j3zspnp23p05wr","id":"2j3zspnp23p05wr"},"id":"tqftzxqfmvysdh0","previousOperationId":"77yyi4vzdwf0cli"}
{"type":"log","timestamp":1719008150847,"level":"debug","message":"Page request finished: GET (stylesheet) 200 https://cdnjs.cloudflare.com/ajax/libs/metro/4.1.5/css/metro.min.css","meta":{"rootId":"2j3zspnp23p05wr","id":"2j3zspnp23p05wr"},"id":"gd7vymu8vhherp9","previousOperationId":"77yyi4vzdwf0cli"}
{"type":"log","timestamp":1719008150847,"level":"debug","message":"Page request finished: GET (script) 200 https://cdnjs.cloudflare.com/ajax/libs/Chart.js/2.7.2/Chart.min.js","meta":{"rootId":"2j3zspnp23p05wr","id":"2j3zspnp23p05wr"},"id":"y0j981doeem1ih8","previousOperationId":"77yyi4vzdwf0cli"}
{"type":"log","timestamp":1719008150859,"level":"debug","message":"Page request finished: GET (document) 200 file:///var/folders/2x/1bhfw9mx7d775w_jmf56lcp80000gn/T/jsreport/autocleanup/8606ab3e-87dd-41e8-a6e2-ff6f8b9f3dd6-chrome-pdf.html","meta":{"rootId":"2j3zspnp23p05wr","id":"2j3zspnp23p05wr"},"id":"6uhsmu1pnlqfueh","previousOperationId":"77yyi4vzdwf0cli"}
{"type":"log","timestamp":1719008150898,"level":"debug","message":"Running chrome with params {\"marginTop\":\"2cm\",\"marginRight\":\"1.5cm\",\"marginLeft\":\"1.5cm\",\"marginBottom\":\"1.5cm\",\"timeout\":59944,\"margin\":{\"top\":\"2cm\",\"right\":\"1.5cm\",\"bottom\":\"1.5cm\",\"left\":\"1.5cm\"},\"printBackground\":true}","meta":{"rootId":"2j3zspnp23p05wr","id":"2j3zspnp23p05wr"},"id":"5fdjd9sq17i0s6e","previousOperationId":"77yyi4vzdwf0cli"}
{"type":"operationEnd","operationId":"77yyi4vzdwf0cli","timestamp":1719008151054,"id":"mtsct63jqcbenpb","previousEventId":"dapqpff0aj6k2my","previousOperationId":"77yyi4vzdwf0cli"}
{"type":"log","timestamp":1719008151054,"level":"info","message":"pdf-utils is starting pdf processing","meta":{"rootId":"2j3zspnp23p05wr","id":"2j3zspnp23p05wr"},"id":"zx1w885eamnnm78","previousOperationId":"77yyi4vzdwf0cli"}
{"type":"operationStart","subtype":"pdfUtils","name":"pdf utils","timestamp":1719008151054,"id":"dt6ql464i944mox","previousEventId":"mtsct63jqcbenpb","operationId":"6zoctffwd65ebuh","previousOperationId":"77yyi4vzdwf0cli"}
{"type":"log","timestamp":1719008151054,"level":"debug","message":"pdf-utils detected 0 pdf operation(s) to process","meta":{"rootId":"2j3zspnp23p05wr","id":"2j3zspnp23p05wr"},"id":"rxblyeuho6ag5qq","previousOperationId":"6zoctffwd65ebuh"}
{"type":"log","timestamp":1719008151054,"level":"debug","message":"pdf-utils postprocess start","meta":{"rootId":"2j3zspnp23p05wr","id":"2j3zspnp23p05wr"},"id":"pj1ih9jz6t18x8o","previousOperationId":"6zoctffwd65ebuh"}
{"type":"log","timestamp":1719008151062,"level":"debug","message":"pdf-utils postprocess end","meta":{"rootId":"2j3zspnp23p05wr","id":"2j3zspnp23p05wr"},"id":"nacr845kw8o4vs3","previousOperationId":"6zoctffwd65ebuh"}
{"type":"operationEnd","operationId":"6zoctffwd65ebuh","timestamp":1719008151062,"id":"qfelxe53ekch2ca","previousEventId":"dt6ql464i944mox","previousOperationId":"6zoctffwd65ebuh"}
{"type":"log","timestamp":1719008151062,"level":"info","message":"pdf-utils pdf processing was finished","meta":{"rootId":"2j3zspnp23p05wr","id":"2j3zspnp23p05wr"},"id":"xjwnvc24isadwa9","previousOperationId":"6zoctffwd65ebuh"}
{"type":"log","timestamp":1719008151062,"level":"debug","message":"Skipping storing report.","meta":{"rootId":"2j3zspnp23p05wr","id":"2j3zspnp23p05wr"},"id":"mc5jt3imu8vlyh4","previousOperationId":"6zoctffwd65ebuh"}
{"type":"log","timestamp":1719008151062,"level":"info","message":"Rendering request 146 finished in 701 ms","meta":{"rootId":"2j3zspnp23p05wr","id":"2j3zspnp23p05wr"},"id":"cp26x167vcx63xb","previousOperationId":"6zoctffwd65ebuh"}
{"type":"operationEnd","subtype":"render","operationId":"iuk2hiqu7neda7m","timestamp":1719008151062,"id":"baorxxfc9pveh24","previousEventId":"qfelxe53ekch2ca","previousOperationId":"6zoctffwd65ebuh"}
{"type":"operationEnd","doDiffs":false,"previousEventId":"rhm020bx738ddcx","previousOperationId":"cfj7c35wdadblkd","operationId":"cfj7c35wdadblkd","timestamp":1719008151063,"id":"4bkn70qumshnpzf"}
