{"type":"operationStart","subtype":"profile","data":{"_id":"HEkW7iZovSFLuEan","timestamp":"2024-06-21T22:38:43.744Z","state":"queued","mode":"standard","creationDate":"2024-06-21T22:38:43.746Z","modificationDate":"2024-06-21T22:38:43.746Z","shortid":"lpi4gE-","$entitySet":"profiles"},"doDiffs":false,"timestamp":1719009523745,"id":"0onpjrk9n9203d4","previousOperationId":null,"operationId":"zq53jjlaioy4ucs"}
{"type":"log","level":"info","message":"Render request 154 queued for execution and waiting for available worker","previousOperationId":"zq53jjlaioy4ucs","timestamp":1719009523745,"id":"lpc6t90kyjdd50e"}
{"type":"operationStart","subtype":"render","name":"anonymous","previousOperationId":"zq53jjlaioy4ucs","timestamp":1719009523750,"id":"4mk4nkqtjmo38fw","previousEventId":"0onpjrk9n9203d4","operationId":"bzml25mcccxchxp"}
{"type":"log","timestamp":1719009523751,"level":"info","message":"Starting rendering request 154","meta":{"rootId":"30sk0qagqduy489","id":"30sk0qagqduy489"},"id":"wkxs2pghawv30gu","previousOperationId":"bzml25mcccxchxp"}
{"type":"log","timestamp":1719009523751,"level":"info","message":"Rendering anonymous template { recipe: chrome-pdf, engine: handlebars }","meta":{"rootId":"30sk0qagqduy489","id":"30sk0qagqduy489"},"id":"yo3wnx1h43yitch","previousOperationId":"bzml25mcccxchxp"}
{"type":"log","timestamp":1719009523751,"level":"debug","message":"Inline data specified.","meta":{"rootId":"30sk0qagqduy489","id":"30sk0qagqduy489"},"id":"827uyqegb1at4lo","previousOperationId":"bzml25mcccxchxp"}
{"type":"log","timestamp":1719009523752,"level":"debug","message":"Base url not specified, skipping its injection.","meta":{"rootId":"30sk0qagqduy489","id":"30sk0qagqduy489"},"id":"sictbibgxkwhj2z","previousOperationId":"bzml25mcccxchxp"}
{"type":"operationStart","subtype":"engine","name":"handlebars","timestamp":1719009523752,"id":"1derii06a8iqv9g","previousEventId":"4mk4nkqtjmo38fw","operationId":"j02ctchaoewj1uc","previousOperationId":"bzml25mcccxchxp"}
{"type":"log","timestamp":1719009523752,"level":"debug","message":"Rendering engine handlebars","meta":{"rootId":"30sk0qagqduy489","id":"30sk0qagqduy489"},"id":"yjqb5b88mbyyq3c","previousOperationId":"j02ctchaoewj1uc"}
{"type":"log","timestamp":1719009523761,"level":"debug","message":"(console:log) Pdf utils adding group field, value: \"France\"","meta":{"userLevel":true,"rootId":"30sk0qagqduy489","id":"30sk0qagqduy489"},"id":"bjls2f6hrdhh9m1","previousOperationId":"j02ctchaoewj1uc"}
{"type":"log","timestamp":1719009523762,"level":"debug","message":"(console:log) Pdf utils adding group field, value: \"Germany\"","meta":{"userLevel":true,"rootId":"30sk0qagqduy489","id":"30sk0qagqduy489"},"id":"u2hu8k68g44hb8h","previousOperationId":"j02ctchaoewj1uc"}
{"type":"operationEnd","operationId":"j02ctchaoewj1uc","timestamp":1719009523762,"id":"h2qk8vpywa17gaa","previousEventId":"1derii06a8iqv9g","previousOperationId":"j02ctchaoewj1uc"}
{"type":"operationStart","subtype":"recipe","name":"chrome-pdf","timestamp":1719009523763,"id":"g95axaxam3shuvs","previousEventId":"h2qk8vpywa17gaa","operationId":"eqjfxpg5pk4zugj","previousOperationId":"j02ctchaoewj1uc"}
{"type":"log","timestamp":1719009523763,"level":"debug","message":"Executing recipe chrome-pdf","meta":{"rootId":"30sk0qagqduy489","id":"30sk0qagqduy489"},"id":"xn144ow4v1fwonq","previousOperationId":"eqjfxpg5pk4zugj"}
{"type":"log","timestamp":1719009523772,"level":"debug","message":"Converting with chrome Chrome/126.0.6478.61 using chrome-pool strategy","meta":{"rootId":"30sk0qagqduy489","id":"30sk0qagqduy489"},"id":"u5ik7pmvkhkh2t4","previousOperationId":"eqjfxpg5pk4zugj"}
{"type":"log","timestamp":1719009523926,"level":"debug","message":"Page request: GET (document) file:///var/folders/2x/1bhfw9mx7d775w_jmf56lcp80000gn/T/jsreport/autocleanup/d16f7305-4203-41fc-a8dd-449c55cc0605-chrome-pdf.html","meta":{"rootId":"30sk0qagqduy489","id":"30sk0qagqduy489"},"id":"cqm0ozznn9k1e4w","previousOperationId":"eqjfxpg5pk4zugj"}
{"type":"log","timestamp":1719009523930,"level":"debug","message":"Page request finished: GET (document) 200 file:///var/folders/2x/1bhfw9mx7d775w_jmf56lcp80000gn/T/jsreport/autocleanup/d16f7305-4203-41fc-a8dd-449c55cc0605-chrome-pdf.html","meta":{"rootId":"30sk0qagqduy489","id":"30sk0qagqduy489"},"id":"cvucw355t34nl22","previousOperationId":"eqjfxpg5pk4zugj"}
{"type":"log","timestamp":1719009523930,"level":"debug","message":"Page request: GET (stylesheet) https://cdnjs.cloudflare.com/ajax/libs/metro/4.1.5/css/metro.min.css","meta":{"rootId":"30sk0qagqduy489","id":"30sk0qagqduy489"},"id":"b5ymckseptudgqg","previousOperationId":"eqjfxpg5pk4zugj"}
{"type":"log","timestamp":1719009523930,"level":"debug","message":"Page request: GET (script) https://cdnjs.cloudflare.com/ajax/libs/Chart.js/2.7.2/Chart.min.js","meta":{"rootId":"30sk0qagqduy489","id":"30sk0qagqduy489"},"id":"q58m83xt9g8zrar","previousOperationId":"eqjfxpg5pk4zugj"}
{"type":"log","timestamp":1719009523938,"level":"debug","message":"Page request finished: GET (script) 200 https://cdnjs.cloudflare.com/ajax/libs/Chart.js/2.7.2/Chart.min.js","meta":{"rootId":"30sk0qagqduy489","id":"30sk0qagqduy489"},"id":"969t7cm6c8zt4jd","previousOperationId":"eqjfxpg5pk4zugj"}
{"type":"log","timestamp":1719009523942,"level":"debug","message":"Page request finished: GET (stylesheet) 200 https://cdnjs.cloudflare.com/ajax/libs/metro/4.1.5/css/metro.min.css","meta":{"rootId":"30sk0qagqduy489","id":"30sk0qagqduy489"},"id":"sbj7owax4puc69d","previousOperationId":"eqjfxpg5pk4zugj"}
{"type":"log","timestamp":1719009523979,"level":"debug","message":"Running chrome with params {\"marginTop\":\"2cm\",\"marginRight\":\"1.5cm\",\"marginLeft\":\"1.5cm\",\"marginBottom\":\"1.5cm\",\"timeout\":59980,\"margin\":{\"top\":\"2cm\",\"right\":\"1.5cm\",\"bottom\":\"1.5cm\",\"left\":\"1.5cm\"},\"printBackground\":true}","meta":{"rootId":"30sk0qagqduy489","id":"30sk0qagqduy489"},"id":"wcgzwu3hqdiw34z","previousOperationId":"eqjfxpg5pk4zugj"}
{"type":"operationEnd","operationId":"eqjfxpg5pk4zugj","timestamp":1719009524153,"id":"mo4h37bdl3r0mmd","previousEventId":"g95axaxam3shuvs","previousOperationId":"eqjfxpg5pk4zugj"}
{"type":"log","timestamp":1719009524153,"level":"info","message":"pdf-utils is starting pdf processing","meta":{"rootId":"30sk0qagqduy489","id":"30sk0qagqduy489"},"id":"dv8ysrymtycinjf","previousOperationId":"eqjfxpg5pk4zugj"}
{"type":"operationStart","subtype":"pdfUtils","name":"pdf utils","timestamp":1719009524155,"id":"bueug448mzvh921","previousEventId":"mo4h37bdl3r0mmd","operationId":"089qq08mad72l98","previousOperationId":"eqjfxpg5pk4zugj"}
{"type":"log","timestamp":1719009524155,"level":"debug","message":"pdf-utils detected 1 pdf operation(s) to process","meta":{"rootId":"30sk0qagqduy489","id":"30sk0qagqduy489"},"id":"obqqq0tjiabcs0y","previousOperationId":"089qq08mad72l98"}
{"type":"log","timestamp":1719009524168,"level":"debug","message":"pdf-utils running pdf operation merge","meta":{"rootId":"30sk0qagqduy489","id":"30sk0qagqduy489"},"id":"uarec2sxrednara","previousOperationId":"089qq08mad72l98"}
{"type":"operationStart","subtype":"pdfUtilsMerge","name":"pdf utils merge","previousOperationId":"089qq08mad72l98","timestamp":1719009524168,"id":"5fjlwgeohba4lq3","previousEventId":"bueug448mzvh921","operationId":"fztw2be8a9z69eo"}
{"type":"operationStart","subtype":"render","name":"anonymous","previousOperationId":"fztw2be8a9z69eo","timestamp":1719009524168,"id":"8rcoc9yrsf2nmeg","previousEventId":"5fjlwgeohba4lq3","operationId":"qklsrvuclg3xd2y"}
{"type":"log","timestamp":1719009524168,"level":"info","message":"Starting rendering (child) request","meta":{"rootId":"30sk0qagqduy489","id":"8cgk71deebiast1"},"id":"4diwee0zx8bidxd","previousOperationId":"qklsrvuclg3xd2y"}
{"type":"log","timestamp":1719009524168,"level":"info","message":"Rendering anonymous template { recipe: chrome-pdf, engine: handlebars }","meta":{"rootId":"30sk0qagqduy489","id":"8cgk71deebiast1"},"id":"fx0tvbpzdwbkrcf","previousOperationId":"qklsrvuclg3xd2y"}
{"type":"log","timestamp":1719009524168,"level":"debug","message":"Inline data specified.","meta":{"rootId":"30sk0qagqduy489","id":"8cgk71deebiast1"},"id":"c7165yw1arn67hj","previousOperationId":"qklsrvuclg3xd2y"}
{"type":"log","timestamp":1719009524171,"level":"debug","message":"Base url not specified, skipping its injection.","meta":{"rootId":"30sk0qagqduy489","id":"8cgk71deebiast1"},"id":"c6euwm35yhsfyhg","previousOperationId":"qklsrvuclg3xd2y"}
{"type":"operationStart","subtype":"engine","name":"handlebars","timestamp":1719009524171,"id":"8a429zpkcnam487","previousEventId":"8rcoc9yrsf2nmeg","operationId":"kfh55s0gpq3v265","previousOperationId":"qklsrvuclg3xd2y"}
{"type":"log","timestamp":1719009524171,"level":"debug","message":"Rendering engine handlebars","meta":{"rootId":"30sk0qagqduy489","id":"8cgk71deebiast1"},"id":"c7f7trcdmkm9y8r","previousOperationId":"kfh55s0gpq3v265"}
{"type":"operationEnd","operationId":"kfh55s0gpq3v265","timestamp":1719009524174,"id":"4x9t80uc9wrmzp7","previousEventId":"8a429zpkcnam487","previousOperationId":"kfh55s0gpq3v265"}
{"type":"operationStart","subtype":"recipe","name":"chrome-pdf","timestamp":1719009524174,"id":"8b1k58hhbwdrer6","previousEventId":"4x9t80uc9wrmzp7","operationId":"elf34klvrx4q2af","previousOperationId":"kfh55s0gpq3v265"}
{"type":"log","timestamp":1719009524174,"level":"debug","message":"Executing recipe chrome-pdf","meta":{"rootId":"30sk0qagqduy489","id":"8cgk71deebiast1"},"id":"48sr3lb7ba61jof","previousOperationId":"elf34klvrx4q2af"}
{"type":"log","timestamp":1719009524174,"level":"debug","message":"Converting with chrome Chrome/126.0.6478.61 using chrome-pool strategy","meta":{"rootId":"30sk0qagqduy489","id":"8cgk71deebiast1"},"id":"bbx8ysfwc7ikrmr","previousOperationId":"elf34klvrx4q2af"}
{"type":"log","timestamp":1719009524233,"level":"debug","message":"Page request: GET (document) file:///var/folders/2x/1bhfw9mx7d775w_jmf56lcp80000gn/T/jsreport/autocleanup/d803989c-53b4-4d42-b3ee-61337acffe7c-chrome-pdf.html","meta":{"rootId":"30sk0qagqduy489","id":"8cgk71deebiast1"},"id":"u5hozi0f2hpzz3y","previousOperationId":"elf34klvrx4q2af"}
{"type":"log","timestamp":1719009524238,"level":"debug","message":"Page request finished: GET (document) 200 file:///var/folders/2x/1bhfw9mx7d775w_jmf56lcp80000gn/T/jsreport/autocleanup/d803989c-53b4-4d42-b3ee-61337acffe7c-chrome-pdf.html","meta":{"rootId":"30sk0qagqduy489","id":"8cgk71deebiast1"},"id":"luimtd1dg22j2ps","previousOperationId":"elf34klvrx4q2af"}
{"type":"log","timestamp":1719009524238,"level":"debug","message":"Page request: GET (stylesheet) https://cdnjs.cloudflare.com/ajax/libs/metro/4.1.5/css/metro.min.css","meta":{"rootId":"30sk0qagqduy489","id":"8cgk71deebiast1"},"id":"zzkfhf3uommeqav","previousOperationId":"elf34klvrx4q2af"}
{"type":"log","timestamp":1719009524245,"level":"debug","message":"Page request finished: GET (stylesheet) 200 https://cdnjs.cloudflare.com/ajax/libs/metro/4.1.5/css/metro.min.css","meta":{"rootId":"30sk0qagqduy489","id":"8cgk71deebiast1"},"id":"lkgz3zzd7lytrt3","previousOperationId":"elf34klvrx4q2af"}
{"type":"log","timestamp":1719009524264,"level":"debug","message":"Running chrome with params {\"timeout\":59570,\"margin\":{},\"printBackground\":true}","meta":{"rootId":"30sk0qagqduy489","id":"8cgk71deebiast1"},"id":"rsqnek5e4jojyth","previousOperationId":"elf34klvrx4q2af"}
{"type":"operationEnd","operationId":"elf34klvrx4q2af","timestamp":1719009524360,"id":"06w77ubuycwk4io","previousEventId":"8b1k58hhbwdrer6","previousOperationId":"elf34klvrx4q2af"}
{"type":"log","timestamp":1719009524360,"level":"debug","message":"Skipping storing report.","meta":{"rootId":"30sk0qagqduy489","id":"8cgk71deebiast1"},"id":"h51vczx3r3hxn0z","previousOperationId":"elf34klvrx4q2af"}
{"type":"log","timestamp":1719009524360,"level":"info","message":"Rendering (child) request finished in 616 ms","meta":{"rootId":"30sk0qagqduy489","id":"8cgk71deebiast1"},"id":"2uc80wwndhh4r45","previousOperationId":"elf34klvrx4q2af"}
{"type":"operationEnd","subtype":"render","operationId":"qklsrvuclg3xd2y","timestamp":1719009524360,"id":"f7tgukoqn5i26ci","previousEventId":"06w77ubuycwk4io","previousOperationId":"elf34klvrx4q2af"}
{"type":"operationEnd","operationId":"fztw2be8a9z69eo","timestamp":1719009524375,"id":"mbwfi0rmoxgwbqo","previousEventId":"5fjlwgeohba4lq3","previousOperationId":"fztw2be8a9z69eo"}
{"type":"log","timestamp":1719009524375,"level":"debug","message":"pdf-utils postprocess start","meta":{"rootId":"30sk0qagqduy489","id":"30sk0qagqduy489"},"id":"k77lyn8h9eu7sgh","previousOperationId":"fztw2be8a9z69eo"}
{"type":"log","timestamp":1719009524391,"level":"debug","message":"pdf-utils postprocess end","meta":{"rootId":"30sk0qagqduy489","id":"30sk0qagqduy489"},"id":"ljn6mlov4jccvis","previousOperationId":"fztw2be8a9z69eo"}
{"type":"operationEnd","operationId":"089qq08mad72l98","timestamp":1719009524391,"id":"x42be8569xjfjv0","previousEventId":"mbwfi0rmoxgwbqo","previousOperationId":"fztw2be8a9z69eo"}
{"type":"log","timestamp":1719009524393,"level":"info","message":"pdf-utils pdf processing was finished","meta":{"rootId":"30sk0qagqduy489","id":"30sk0qagqduy489"},"id":"um3zhm0qjrtco0f","previousOperationId":"089qq08mad72l98"}
{"type":"log","timestamp":1719009524393,"level":"debug","message":"Skipping storing report.","meta":{"rootId":"30sk0qagqduy489","id":"30sk0qagqduy489"},"id":"gspuzw36u2fk59u","previousOperationId":"089qq08mad72l98"}
{"type":"log","timestamp":1719009524393,"level":"info","message":"Rendering request 154 finished in 649 ms","meta":{"rootId":"30sk0qagqduy489","id":"30sk0qagqduy489"},"id":"k1e9adizh03m6aq","previousOperationId":"089qq08mad72l98"}
{"type":"operationEnd","subtype":"render","operationId":"bzml25mcccxchxp","timestamp":1719009524393,"id":"hxwwpfvdewvim1e","previousEventId":"x42be8569xjfjv0","previousOperationId":"089qq08mad72l98"}
{"type":"operationEnd","doDiffs":false,"previousEventId":"0onpjrk9n9203d4","previousOperationId":"zq53jjlaioy4ucs","operationId":"zq53jjlaioy4ucs","timestamp":1719009524394,"id":"9hbxj6s2xapk64r"}
