{"type":"operationStart","subtype":"profile","data":{"_id":"glJ03LeNo6UpeR5I","timestamp":"2024-06-21T20:36:20.476Z","state":"queued","mode":"standard","creationDate":"2024-06-21T20:36:20.478Z","modificationDate":"2024-06-21T20:36:20.478Z","shortid":"c_HRHmE","$entitySet":"profiles"},"doDiffs":false,"timestamp":1719002180477,"id":"vjwz8pgipkaeijr","previousOperationId":null,"operationId":"l2kpmnfzi87hq7j"}
{"type":"log","level":"info","message":"Render request 87 queued for execution and waiting for available worker","previousOperationId":"l2kpmnfzi87hq7j","timestamp":1719002180477,"id":"kj03oc43rstxtek"}
{"type":"operationStart","subtype":"render","name":"anonymous","previousOperationId":"l2kpmnfzi87hq7j","timestamp":1719002180481,"id":"tt31wr0aiu1n8nh","previousEventId":"vjwz8pgipkaeijr","operationId":"61qthawcvlqqx6z"}
{"type":"log","timestamp":1719002180481,"level":"info","message":"Starting rendering request 87","meta":{"rootId":"34tp0oqbme83iov","id":"34tp0oqbme83iov"},"id":"n5ps5b8derttkld","previousOperationId":"61qthawcvlqqx6z"}
{"type":"log","timestamp":1719002180482,"level":"info","message":"Rendering anonymous template { recipe: chrome-pdf, engine: handlebars }","meta":{"rootId":"34tp0oqbme83iov","id":"34tp0oqbme83iov"},"id":"74m6257qu87maii","previousOperationId":"61qthawcvlqqx6z"}
{"type":"log","timestamp":1719002180482,"level":"debug","message":"Inline data specified.","meta":{"rootId":"34tp0oqbme83iov","id":"34tp0oqbme83iov"},"id":"olhirr1329tzwvw","previousOperationId":"61qthawcvlqqx6z"}
{"type":"log","timestamp":1719002180486,"level":"debug","message":"Base url not specified, skipping its injection.","meta":{"rootId":"34tp0oqbme83iov","id":"34tp0oqbme83iov"},"id":"rpqf8wmqcu78ynq","previousOperationId":"61qthawcvlqqx6z"}
{"type":"operationStart","subtype":"engine","name":"handlebars","timestamp":1719002180486,"id":"hnacq5e1w5426u3","previousEventId":"tt31wr0aiu1n8nh","operationId":"4i0civjdplo6u5f","previousOperationId":"61qthawcvlqqx6z"}
{"type":"log","timestamp":1719002180486,"level":"debug","message":"Rendering engine handlebars","meta":{"rootId":"34tp0oqbme83iov","id":"34tp0oqbme83iov"},"id":"d5fag8dpmfucfa0","previousOperationId":"4i0civjdplo6u5f"}
{"type":"operationEnd","operationId":"4i0civjdplo6u5f","timestamp":1719002180499,"id":"74r9ubsz9yezk8u","previousEventId":"hnacq5e1w5426u3","previousOperationId":"4i0civjdplo6u5f"}
{"type":"operationStart","subtype":"recipe","name":"chrome-pdf","timestamp":1719002180499,"id":"wzyfgtl1z2r8kbf","previousEventId":"74r9ubsz9yezk8u","operationId":"5ls5oi8j5c1shaj","previousOperationId":"4i0civjdplo6u5f"}
{"type":"log","timestamp":1719002180499,"level":"debug","message":"Executing recipe chrome-pdf","meta":{"rootId":"34tp0oqbme83iov","id":"34tp0oqbme83iov"},"id":"clexyiwv2fxkplu","previousOperationId":"5ls5oi8j5c1shaj"}
{"type":"log","timestamp":1719002180502,"level":"debug","message":"Converting with chrome Chrome/126.0.6478.61 using chrome-pool strategy","meta":{"rootId":"34tp0oqbme83iov","id":"34tp0oqbme83iov"},"id":"o15h2muplngz7zu","previousOperationId":"5ls5oi8j5c1shaj"}
{"type":"log","timestamp":1719002180559,"level":"debug","message":"Page request: GET (document) file:///var/folders/2x/1bhfw9mx7d775w_jmf56lcp80000gn/T/jsreport/autocleanup/afb75838-f1a6-4614-9335-a31d4b1d6793-chrome-pdf.html","meta":{"rootId":"34tp0oqbme83iov","id":"34tp0oqbme83iov"},"id":"uozv62bst0uo1x2","previousOperationId":"5ls5oi8j5c1shaj"}
{"type":"log","timestamp":1719002180580,"level":"debug","message":"Page request finished: GET (document) 200 file:///var/folders/2x/1bhfw9mx7d775w_jmf56lcp80000gn/T/jsreport/autocleanup/afb75838-f1a6-4614-9335-a31d4b1d6793-chrome-pdf.html","meta":{"rootId":"34tp0oqbme83iov","id":"34tp0oqbme83iov"},"id":"73ccnkwiu4pkpii","previousOperationId":"5ls5oi8j5c1shaj"}
{"type":"log","timestamp":1719002180592,"level":"debug","message":"Page request: GET (stylesheet) https://cdnjs.cloudflare.com/ajax/libs/metro/4.1.5/css/metro.min.css","meta":{"rootId":"34tp0oqbme83iov","id":"34tp0oqbme83iov"},"id":"8wf3uhzotissaqt","previousOperationId":"5ls5oi8j5c1shaj"}
{"type":"log","timestamp":1719002180595,"level":"debug","message":"Page request: GET (script) https://cdnjs.cloudflare.com/ajax/libs/Chart.js/2.7.2/Chart.min.js","meta":{"rootId":"34tp0oqbme83iov","id":"34tp0oqbme83iov"},"id":"mtyf3smt5883d53","previousOperationId":"5ls5oi8j5c1shaj"}
{"type":"log","timestamp":1719002180606,"level":"debug","message":"Page request finished: GET (stylesheet) 200 https://cdnjs.cloudflare.com/ajax/libs/metro/4.1.5/css/metro.min.css","meta":{"rootId":"34tp0oqbme83iov","id":"34tp0oqbme83iov"},"id":"2co3xotwyuva8au","previousOperationId":"5ls5oi8j5c1shaj"}
{"type":"log","timestamp":1719002180613,"level":"debug","message":"Page request finished: GET (script) 200 https://cdnjs.cloudflare.com/ajax/libs/Chart.js/2.7.2/Chart.min.js","meta":{"rootId":"34tp0oqbme83iov","id":"34tp0oqbme83iov"},"id":"fze1t9g9r67grq0","previousOperationId":"5ls5oi8j5c1shaj"}
{"type":"log","timestamp":1719002180614,"level":"debug","message":"Running chrome with params {\"timeout\":59974,\"margin\":{},\"printBackground\":true}","meta":{"rootId":"34tp0oqbme83iov","id":"34tp0oqbme83iov"},"id":"h6krlznt689dq37","previousOperationId":"5ls5oi8j5c1shaj"}
{"type":"operationEnd","operationId":"5ls5oi8j5c1shaj","timestamp":1719002180660,"id":"3v1tuq41owk581v","previousEventId":"wzyfgtl1z2r8kbf","previousOperationId":"5ls5oi8j5c1shaj"}
{"type":"log","timestamp":1719002180660,"level":"debug","message":"Skipping storing report.","meta":{"rootId":"34tp0oqbme83iov","id":"34tp0oqbme83iov"},"id":"osp1qgmf2ueqv97","previousOperationId":"5ls5oi8j5c1shaj"}
{"type":"log","timestamp":1719002180660,"level":"info","message":"Rendering request 87 finished in 186 ms","meta":{"rootId":"34tp0oqbme83iov","id":"34tp0oqbme83iov"},"id":"2ksnwhf3yeumz4j","previousOperationId":"5ls5oi8j5c1shaj"}
{"type":"operationEnd","subtype":"render","operationId":"61qthawcvlqqx6z","timestamp":1719002180660,"id":"zzkng271ev23x49","previousEventId":"3v1tuq41owk581v","previousOperationId":"5ls5oi8j5c1shaj"}
{"type":"operationEnd","doDiffs":false,"previousEventId":"vjwz8pgipkaeijr","previousOperationId":"l2kpmnfzi87hq7j","operationId":"l2kpmnfzi87hq7j","timestamp":1719002180661,"id":"or6kxkfmkuuhoz0"}
