{"type":"operationStart","subtype":"profile","data":{"_id":"COQBPrvDJDfbNebc","timestamp":"2024-06-21T20:55:08.845Z","state":"queued","mode":"standard","creationDate":"2024-06-21T20:55:08.847Z","modificationDate":"2024-06-21T20:55:08.847Z","shortid":"_3OeB0N","$entitySet":"profiles"},"doDiffs":false,"timestamp":1719003308846,"id":"bknxnhw1f6tdiwa","previousOperationId":null,"operationId":"2eunov3rkw8yv79"}
{"type":"log","level":"info","message":"Render request 93 queued for execution and waiting for available worker","previousOperationId":"2eunov3rkw8yv79","timestamp":1719003308846,"id":"b2enwsipcnfam21"}
{"type":"operationStart","subtype":"render","name":"anonymous","previousOperationId":"2eunov3rkw8yv79","timestamp":1719003308851,"id":"xt4j86cyffsblzk","previousEventId":"bknxnhw1f6tdiwa","operationId":"g5j8p8jeedygli0"}
{"type":"log","timestamp":1719003308851,"level":"info","message":"Starting rendering request 93","meta":{"rootId":"3o0cknratna7hvi","id":"3o0cknratna7hvi"},"id":"wsqx06mtu13hwfe","previousOperationId":"g5j8p8jeedygli0"}
{"type":"log","timestamp":1719003308851,"level":"info","message":"Rendering anonymous template { recipe: chrome-pdf, engine: handlebars }","meta":{"rootId":"3o0cknratna7hvi","id":"3o0cknratna7hvi"},"id":"2jj5h8gmag8s0wu","previousOperationId":"g5j8p8jeedygli0"}
{"type":"log","timestamp":1719003308851,"level":"debug","message":"Inline data specified.","meta":{"rootId":"3o0cknratna7hvi","id":"3o0cknratna7hvi"},"id":"2tdd1cf9c5e4fae","previousOperationId":"g5j8p8jeedygli0"}
{"type":"log","timestamp":1719003308852,"level":"debug","message":"Base url not specified, skipping its injection.","meta":{"rootId":"3o0cknratna7hvi","id":"3o0cknratna7hvi"},"id":"z72l968fmu1867d","previousOperationId":"g5j8p8jeedygli0"}
{"type":"operationStart","subtype":"engine","name":"handlebars","timestamp":1719003308852,"id":"k8o97e7qihi4zc1","previousEventId":"xt4j86cyffsblzk","operationId":"nyq4e2pww495keb","previousOperationId":"g5j8p8jeedygli0"}
{"type":"log","timestamp":1719003308852,"level":"debug","message":"Rendering engine handlebars","meta":{"rootId":"3o0cknratna7hvi","id":"3o0cknratna7hvi"},"id":"zsxfigathznw7a6","previousOperationId":"nyq4e2pww495keb"}
{"type":"operationEnd","operationId":"nyq4e2pww495keb","timestamp":1719003308875,"id":"cwpqh41lgg3dei2","previousEventId":"k8o97e7qihi4zc1","previousOperationId":"nyq4e2pww495keb"}
{"type":"operationStart","subtype":"recipe","name":"chrome-pdf","timestamp":1719003308875,"id":"arm9lb2ideukmgu","previousEventId":"cwpqh41lgg3dei2","operationId":"z9ftv0e11y7hk8w","previousOperationId":"nyq4e2pww495keb"}
{"type":"log","timestamp":1719003308875,"level":"debug","message":"Executing recipe chrome-pdf","meta":{"rootId":"3o0cknratna7hvi","id":"3o0cknratna7hvi"},"id":"k17plygx93ht22p","previousOperationId":"z9ftv0e11y7hk8w"}
{"type":"log","timestamp":1719003308885,"level":"debug","message":"Converting with chrome Chrome/126.0.6478.61 using chrome-pool strategy","meta":{"rootId":"3o0cknratna7hvi","id":"3o0cknratna7hvi"},"id":"t1naefjvlrct0xp","previousOperationId":"z9ftv0e11y7hk8w"}
{"type":"log","timestamp":1719003309235,"level":"debug","message":"Page request: GET (document) file:///var/folders/2x/1bhfw9mx7d775w_jmf56lcp80000gn/T/jsreport/autocleanup/01f8dfd0-2e01-4891-83a0-4a629e30136e-chrome-pdf.html","meta":{"rootId":"3o0cknratna7hvi","id":"3o0cknratna7hvi"},"id":"yq1kfz1bqk342rl","previousOperationId":"z9ftv0e11y7hk8w"}
{"type":"log","timestamp":1719003309254,"level":"debug","message":"Page request: GET (stylesheet) https://cdnjs.cloudflare.com/ajax/libs/metro/4.1.5/css/metro.min.css","meta":{"rootId":"3o0cknratna7hvi","id":"3o0cknratna7hvi"},"id":"08de8fkcw9u49bf","previousOperationId":"z9ftv0e11y7hk8w"}
{"type":"log","timestamp":1719003309254,"level":"debug","message":"Page request: GET (script) https://cdnjs.cloudflare.com/ajax/libs/Chart.js/2.7.2/Chart.min.js","meta":{"rootId":"3o0cknratna7hvi","id":"3o0cknratna7hvi"},"id":"53ue8la1bfkg0ae","previousOperationId":"z9ftv0e11y7hk8w"}
{"type":"log","timestamp":1719003309268,"level":"debug","message":"Page request finished: GET (stylesheet) 200 https://cdnjs.cloudflare.com/ajax/libs/metro/4.1.5/css/metro.min.css","meta":{"rootId":"3o0cknratna7hvi","id":"3o0cknratna7hvi"},"id":"dfyposqodfalkfc","previousOperationId":"z9ftv0e11y7hk8w"}
{"type":"log","timestamp":1719003309268,"level":"debug","message":"Page request finished: GET (script) 200 https://cdnjs.cloudflare.com/ajax/libs/Chart.js/2.7.2/Chart.min.js","meta":{"rootId":"3o0cknratna7hvi","id":"3o0cknratna7hvi"},"id":"bi1wz135tu4ju84","previousOperationId":"z9ftv0e11y7hk8w"}
{"type":"log","timestamp":1719003309281,"level":"debug","message":"Page request finished: GET (document) 200 file:///var/folders/2x/1bhfw9mx7d775w_jmf56lcp80000gn/T/jsreport/autocleanup/01f8dfd0-2e01-4891-83a0-4a629e30136e-chrome-pdf.html","meta":{"rootId":"3o0cknratna7hvi","id":"3o0cknratna7hvi"},"id":"gskvtvgo7g6eymw","previousOperationId":"z9ftv0e11y7hk8w"}
{"type":"log","timestamp":1719003309341,"level":"debug","message":"Running chrome with params {\"timeout\":59962,\"margin\":{},\"printBackground\":true}","meta":{"rootId":"3o0cknratna7hvi","id":"3o0cknratna7hvi"},"id":"544j4j12kw5d9my","previousOperationId":"z9ftv0e11y7hk8w"}
{"type":"operationEnd","operationId":"z9ftv0e11y7hk8w","timestamp":1719003309745,"id":"ip136h1r485iyw0","previousEventId":"arm9lb2ideukmgu","previousOperationId":"z9ftv0e11y7hk8w"}
{"type":"log","timestamp":1719003309745,"level":"debug","message":"Skipping storing report.","meta":{"rootId":"3o0cknratna7hvi","id":"3o0cknratna7hvi"},"id":"bqb6id4okamtrby","previousOperationId":"z9ftv0e11y7hk8w"}
{"type":"log","timestamp":1719003309745,"level":"info","message":"Rendering request 93 finished in 906 ms","meta":{"rootId":"3o0cknratna7hvi","id":"3o0cknratna7hvi"},"id":"60rcsuara0segor","previousOperationId":"z9ftv0e11y7hk8w"}
{"type":"operationEnd","subtype":"render","operationId":"g5j8p8jeedygli0","timestamp":1719003309745,"id":"kgh8zfp2unami7n","previousEventId":"ip136h1r485iyw0","previousOperationId":"z9ftv0e11y7hk8w"}
{"type":"operationEnd","doDiffs":false,"previousEventId":"bknxnhw1f6tdiwa","previousOperationId":"2eunov3rkw8yv79","operationId":"2eunov3rkw8yv79","timestamp":1719003309746,"id":"3cl8x2n8kp69jfd"}
