{"type":"operationStart","subtype":"profile","data":{"_id":"yQIhsSg4RLkTI9fc","timestamp":"2024-06-21T22:44:31.678Z","state":"queued","mode":"standard","creationDate":"2024-06-21T22:44:31.686Z","modificationDate":"2024-06-21T22:44:31.686Z","shortid":"d1yFphw","$entitySet":"profiles"},"doDiffs":false,"timestamp":1719009871680,"id":"h1qcxd0yhw52x0u","previousOperationId":null,"operationId":"myd622exiq7z2of"}
{"type":"log","level":"info","message":"Render request 163 queued for execution and waiting for available worker","previousOperationId":"myd622exiq7z2of","timestamp":1719009871680,"id":"em8krcy0xpfw2to"}
{"type":"operationStart","subtype":"render","name":"anonymous","previousOperationId":"myd622exiq7z2of","timestamp":1719009871703,"id":"c9vxgqawftukr1h","previousEventId":"h1qcxd0yhw52x0u","operationId":"sm4pa201lun9fhl"}
{"type":"log","timestamp":1719009871704,"level":"info","message":"Starting rendering request 163","meta":{"rootId":"3qi1cgv6ljgadfb","id":"3qi1cgv6ljgadfb"},"id":"fkgfn1022q7did3","previousOperationId":"sm4pa201lun9fhl"}
{"type":"log","timestamp":1719009871704,"level":"info","message":"Rendering anonymous template { recipe: chrome-pdf, engine: handlebars }","meta":{"rootId":"3qi1cgv6ljgadfb","id":"3qi1cgv6ljgadfb"},"id":"sjmk1szjh24a0j3","previousOperationId":"sm4pa201lun9fhl"}
{"type":"log","timestamp":1719009871704,"level":"debug","message":"Inline data specified.","meta":{"rootId":"3qi1cgv6ljgadfb","id":"3qi1cgv6ljgadfb"},"id":"dxk1llnjulqnuja","previousOperationId":"sm4pa201lun9fhl"}
{"type":"log","timestamp":1719009871708,"level":"debug","message":"Base url not specified, skipping its injection.","meta":{"rootId":"3qi1cgv6ljgadfb","id":"3qi1cgv6ljgadfb"},"id":"wyejep5bm5uwn53","previousOperationId":"sm4pa201lun9fhl"}
{"type":"operationStart","subtype":"engine","name":"handlebars","timestamp":1719009871712,"id":"4j9u9cphp4m88on","previousEventId":"c9vxgqawftukr1h","operationId":"0xi8bi2nndcm23m","previousOperationId":"sm4pa201lun9fhl"}
{"type":"log","timestamp":1719009871712,"level":"debug","message":"Rendering engine handlebars","meta":{"rootId":"3qi1cgv6ljgadfb","id":"3qi1cgv6ljgadfb"},"id":"bjlse9467g7v7yz","previousOperationId":"0xi8bi2nndcm23m"}
{"type":"log","timestamp":1719009871721,"level":"debug","message":"(console:log) Pdf utils adding group field, value: \"France\"","meta":{"userLevel":true,"rootId":"3qi1cgv6ljgadfb","id":"3qi1cgv6ljgadfb"},"id":"hzzbpjbijlupf4n","previousOperationId":"0xi8bi2nndcm23m"}
{"type":"log","timestamp":1719009871722,"level":"debug","message":"(console:log) Pdf utils adding group field, value: \"Germany\"","meta":{"userLevel":true,"rootId":"3qi1cgv6ljgadfb","id":"3qi1cgv6ljgadfb"},"id":"uvrx7zjaw0ni194","previousOperationId":"0xi8bi2nndcm23m"}
{"type":"operationEnd","operationId":"0xi8bi2nndcm23m","timestamp":1719009871722,"id":"vb2idhg6r94k00o","previousEventId":"4j9u9cphp4m88on","previousOperationId":"0xi8bi2nndcm23m"}
{"type":"operationStart","subtype":"recipe","name":"chrome-pdf","timestamp":1719009871723,"id":"c1jokci5jc7nma2","previousEventId":"vb2idhg6r94k00o","operationId":"uywsna14vvc6crh","previousOperationId":"0xi8bi2nndcm23m"}
{"type":"log","timestamp":1719009871723,"level":"debug","message":"Executing recipe chrome-pdf","meta":{"rootId":"3qi1cgv6ljgadfb","id":"3qi1cgv6ljgadfb"},"id":"j84un7z42y54ve0","previousOperationId":"uywsna14vvc6crh"}
{"type":"log","timestamp":1719009871728,"level":"debug","message":"Converting with chrome Chrome/126.0.6478.61 using chrome-pool strategy","meta":{"rootId":"3qi1cgv6ljgadfb","id":"3qi1cgv6ljgadfb"},"id":"1iwtxbcdk8xjp7o","previousOperationId":"uywsna14vvc6crh"}
{"type":"log","timestamp":1719009871881,"level":"debug","message":"Page request: GET (document) file:///var/folders/2x/1bhfw9mx7d775w_jmf56lcp80000gn/T/jsreport/autocleanup/19baa7bb-6425-44c2-bd44-e170723a2c41-chrome-pdf.html","meta":{"rootId":"3qi1cgv6ljgadfb","id":"3qi1cgv6ljgadfb"},"id":"hhxkai36fzat6i0","previousOperationId":"uywsna14vvc6crh"}
{"type":"log","timestamp":1719009871888,"level":"debug","message":"Page request: GET (stylesheet) https://cdnjs.cloudflare.com/ajax/libs/metro/4.1.5/css/metro.min.css","meta":{"rootId":"3qi1cgv6ljgadfb","id":"3qi1cgv6ljgadfb"},"id":"ykg26l89y4bwlyn","previousOperationId":"uywsna14vvc6crh"}
{"type":"log","timestamp":1719009871888,"level":"debug","message":"Page request: GET (script) https://cdnjs.cloudflare.com/ajax/libs/Chart.js/2.7.2/Chart.min.js","meta":{"rootId":"3qi1cgv6ljgadfb","id":"3qi1cgv6ljgadfb"},"id":"ojllrfxptz85txz","previousOperationId":"uywsna14vvc6crh"}
{"type":"log","timestamp":1719009871889,"level":"debug","message":"Page request finished: GET (document) 200 file:///var/folders/2x/1bhfw9mx7d775w_jmf56lcp80000gn/T/jsreport/autocleanup/19baa7bb-6425-44c2-bd44-e170723a2c41-chrome-pdf.html","meta":{"rootId":"3qi1cgv6ljgadfb","id":"3qi1cgv6ljgadfb"},"id":"01rwl3kwavb84ty","previousOperationId":"uywsna14vvc6crh"}
{"type":"log","timestamp":1719009871899,"level":"debug","message":"Page request finished: GET (stylesheet) 200 https://cdnjs.cloudflare.com/ajax/libs/metro/4.1.5/css/metro.min.css","meta":{"rootId":"3qi1cgv6ljgadfb","id":"3qi1cgv6ljgadfb"},"id":"yqvmn8933y1k3on","previousOperationId":"uywsna14vvc6crh"}
{"type":"log","timestamp":1719009871901,"level":"debug","message":"Page request finished: GET (script) 200 https://cdnjs.cloudflare.com/ajax/libs/Chart.js/2.7.2/Chart.min.js","meta":{"rootId":"3qi1cgv6ljgadfb","id":"3qi1cgv6ljgadfb"},"id":"kk06ott1e762nkq","previousOperationId":"uywsna14vvc6crh"}
{"type":"log","timestamp":1719009871939,"level":"debug","message":"Running chrome with params {\"timeout\":59952,\"margin\":{},\"printBackground\":true}","meta":{"rootId":"3qi1cgv6ljgadfb","id":"3qi1cgv6ljgadfb"},"id":"79z816w5i7b7koj","previousOperationId":"uywsna14vvc6crh"}
{"type":"operationEnd","operationId":"uywsna14vvc6crh","timestamp":1719009872158,"id":"n5ict4cucppancd","previousEventId":"c1jokci5jc7nma2","previousOperationId":"uywsna14vvc6crh"}
{"type":"log","timestamp":1719009872158,"level":"info","message":"pdf-utils is starting pdf processing","meta":{"rootId":"3qi1cgv6ljgadfb","id":"3qi1cgv6ljgadfb"},"id":"3vusofkxlbd4a9r","previousOperationId":"uywsna14vvc6crh"}
{"type":"operationStart","subtype":"pdfUtils","name":"pdf utils","timestamp":1719009872159,"id":"tvtzvvs3rnup496","previousEventId":"n5ict4cucppancd","operationId":"liavvxm8xji4wxp","previousOperationId":"uywsna14vvc6crh"}
{"type":"log","timestamp":1719009872159,"level":"debug","message":"pdf-utils detected 1 pdf operation(s) to process","meta":{"rootId":"3qi1cgv6ljgadfb","id":"3qi1cgv6ljgadfb"},"id":"4zfbzn59wefsvs9","previousOperationId":"liavvxm8xji4wxp"}
{"type":"log","timestamp":1719009872185,"level":"debug","message":"pdf-utils running pdf operation merge","meta":{"rootId":"3qi1cgv6ljgadfb","id":"3qi1cgv6ljgadfb"},"id":"vpjr24a0efm8kmw","previousOperationId":"liavvxm8xji4wxp"}
{"type":"operationStart","subtype":"pdfUtilsMerge","name":"pdf utils merge","previousOperationId":"liavvxm8xji4wxp","timestamp":1719009872185,"id":"lgxr6e95vfvsxjm","previousEventId":"tvtzvvs3rnup496","operationId":"b9fjg5sdy4rczmt"}
{"type":"operationStart","subtype":"render","name":"anonymous","previousOperationId":"b9fjg5sdy4rczmt","timestamp":1719009872185,"id":"10josq3oo06x5gm","previousEventId":"lgxr6e95vfvsxjm","operationId":"3t40omhnhrq7pcv"}
{"type":"log","timestamp":1719009872185,"level":"info","message":"Starting rendering (child) request","meta":{"rootId":"3qi1cgv6ljgadfb","id":"p1dkhrylp89tn4o"},"id":"55qrb9qiu7kap27","previousOperationId":"3t40omhnhrq7pcv"}
{"type":"log","timestamp":1719009872186,"level":"info","message":"Rendering anonymous template { recipe: chrome-pdf, engine: handlebars }","meta":{"rootId":"3qi1cgv6ljgadfb","id":"p1dkhrylp89tn4o"},"id":"qgl693i9841va05","previousOperationId":"3t40omhnhrq7pcv"}
{"type":"log","timestamp":1719009872186,"level":"debug","message":"Inline data specified.","meta":{"rootId":"3qi1cgv6ljgadfb","id":"p1dkhrylp89tn4o"},"id":"d6jge4uvahgwoax","previousOperationId":"3t40omhnhrq7pcv"}
{"type":"log","timestamp":1719009872199,"level":"debug","message":"Base url not specified, skipping its injection.","meta":{"rootId":"3qi1cgv6ljgadfb","id":"p1dkhrylp89tn4o"},"id":"t8c3b3tmeonxv9n","previousOperationId":"3t40omhnhrq7pcv"}
{"type":"operationStart","subtype":"engine","name":"handlebars","timestamp":1719009872200,"id":"g34g699z08gadkg","previousEventId":"10josq3oo06x5gm","operationId":"wvla5kthx22ga6u","previousOperationId":"3t40omhnhrq7pcv"}
{"type":"log","timestamp":1719009872200,"level":"debug","message":"Rendering engine handlebars","meta":{"rootId":"3qi1cgv6ljgadfb","id":"p1dkhrylp89tn4o"},"id":"szquttq2pzp9in6","previousOperationId":"wvla5kthx22ga6u"}
{"type":"operationEnd","operationId":"wvla5kthx22ga6u","timestamp":1719009872207,"id":"valkl6iv4jy8z6d","previousEventId":"g34g699z08gadkg","previousOperationId":"wvla5kthx22ga6u"}
{"type":"operationStart","subtype":"recipe","name":"chrome-pdf","timestamp":1719009872207,"id":"81x0dfvqw9to83e","previousEventId":"valkl6iv4jy8z6d","operationId":"pl1vzp9xlxg0uo1","previousOperationId":"wvla5kthx22ga6u"}
{"type":"log","timestamp":1719009872207,"level":"debug","message":"Executing recipe chrome-pdf","meta":{"rootId":"3qi1cgv6ljgadfb","id":"p1dkhrylp89tn4o"},"id":"v6xoeyx6vcxun5y","previousOperationId":"pl1vzp9xlxg0uo1"}
{"type":"log","timestamp":1719009872208,"level":"debug","message":"Converting with chrome Chrome/126.0.6478.61 using chrome-pool strategy","meta":{"rootId":"3qi1cgv6ljgadfb","id":"p1dkhrylp89tn4o"},"id":"rdjuk2tzcuf541j","previousOperationId":"pl1vzp9xlxg0uo1"}
{"type":"log","timestamp":1719009872440,"level":"debug","message":"Page request: GET (document) file:///var/folders/2x/1bhfw9mx7d775w_jmf56lcp80000gn/T/jsreport/autocleanup/2df7e2f8-8ce8-4b96-b973-e9a39387cef7-chrome-pdf.html","meta":{"rootId":"3qi1cgv6ljgadfb","id":"p1dkhrylp89tn4o"},"id":"pwcj9mk0n6ic5fc","previousOperationId":"pl1vzp9xlxg0uo1"}
{"type":"log","timestamp":1719009872449,"level":"debug","message":"Page request finished: GET (document) 200 file:///var/folders/2x/1bhfw9mx7d775w_jmf56lcp80000gn/T/jsreport/autocleanup/2df7e2f8-8ce8-4b96-b973-e9a39387cef7-chrome-pdf.html","meta":{"rootId":"3qi1cgv6ljgadfb","id":"p1dkhrylp89tn4o"},"id":"6dvzrhr04l010td","previousOperationId":"pl1vzp9xlxg0uo1"}
{"type":"log","timestamp":1719009872449,"level":"debug","message":"Page request: GET (stylesheet) https://cdnjs.cloudflare.com/ajax/libs/metro/4.1.5/css/metro.min.css","meta":{"rootId":"3qi1cgv6ljgadfb","id":"p1dkhrylp89tn4o"},"id":"m2t2xoynr40rpqj","previousOperationId":"pl1vzp9xlxg0uo1"}
{"type":"log","timestamp":1719009872460,"level":"debug","message":"Page request finished: GET (stylesheet) 200 https://cdnjs.cloudflare.com/ajax/libs/metro/4.1.5/css/metro.min.css","meta":{"rootId":"3qi1cgv6ljgadfb","id":"p1dkhrylp89tn4o"},"id":"z4vp1uyhqs17ahv","previousOperationId":"pl1vzp9xlxg0uo1"}
{"type":"log","timestamp":1719009872483,"level":"debug","message":"Running chrome with params {\"timeout\":59468,\"margin\":{},\"printBackground\":true}","meta":{"rootId":"3qi1cgv6ljgadfb","id":"p1dkhrylp89tn4o"},"id":"6dhvu6x4xayps6r","previousOperationId":"pl1vzp9xlxg0uo1"}
{"type":"operationEnd","operationId":"pl1vzp9xlxg0uo1","timestamp":1719009872639,"id":"wrl8wwt44ufh1bu","previousEventId":"81x0dfvqw9to83e","previousOperationId":"pl1vzp9xlxg0uo1"}
{"type":"log","timestamp":1719009872639,"level":"debug","message":"Skipping storing report.","meta":{"rootId":"3qi1cgv6ljgadfb","id":"p1dkhrylp89tn4o"},"id":"acxx6a3fxkr2sto","previousOperationId":"pl1vzp9xlxg0uo1"}
{"type":"log","timestamp":1719009872639,"level":"info","message":"Rendering (child) request finished in 963 ms","meta":{"rootId":"3qi1cgv6ljgadfb","id":"p1dkhrylp89tn4o"},"id":"aptc26iwy6tt0hw","previousOperationId":"pl1vzp9xlxg0uo1"}
{"type":"operationEnd","subtype":"render","operationId":"3t40omhnhrq7pcv","timestamp":1719009872639,"id":"44hc59qfxptacr8","previousEventId":"wrl8wwt44ufh1bu","previousOperationId":"pl1vzp9xlxg0uo1"}
{"type":"operationEnd","operationId":"b9fjg5sdy4rczmt","timestamp":1719009872669,"id":"ypdt0gwep5juaa3","previousEventId":"lgxr6e95vfvsxjm","previousOperationId":"b9fjg5sdy4rczmt"}
{"type":"log","timestamp":1719009872669,"level":"debug","message":"pdf-utils postprocess start","meta":{"rootId":"3qi1cgv6ljgadfb","id":"3qi1cgv6ljgadfb"},"id":"v3ykdtn0jh9pmox","previousOperationId":"b9fjg5sdy4rczmt"}
{"type":"log","timestamp":1719009872701,"level":"debug","message":"pdf-utils postprocess end","meta":{"rootId":"3qi1cgv6ljgadfb","id":"3qi1cgv6ljgadfb"},"id":"57bfvfp2ovg404o","previousOperationId":"b9fjg5sdy4rczmt"}
{"type":"operationEnd","operationId":"liavvxm8xji4wxp","timestamp":1719009872701,"id":"fe9l1917p47v8z5","previousEventId":"ypdt0gwep5juaa3","previousOperationId":"b9fjg5sdy4rczmt"}
{"type":"log","timestamp":1719009872701,"level":"info","message":"pdf-utils pdf processing was finished","meta":{"rootId":"3qi1cgv6ljgadfb","id":"3qi1cgv6ljgadfb"},"id":"6x09dgul27kteor","previousOperationId":"liavvxm8xji4wxp"}
{"type":"log","timestamp":1719009872701,"level":"debug","message":"Skipping storing report.","meta":{"rootId":"3qi1cgv6ljgadfb","id":"3qi1cgv6ljgadfb"},"id":"1zkwmj19n9w144k","previousOperationId":"liavvxm8xji4wxp"}
{"type":"log","timestamp":1719009872701,"level":"info","message":"Rendering request 163 finished in 1025 ms","meta":{"rootId":"3qi1cgv6ljgadfb","id":"3qi1cgv6ljgadfb"},"id":"fohnbkpf9xkqjgj","previousOperationId":"liavvxm8xji4wxp"}
{"type":"operationEnd","subtype":"render","operationId":"sm4pa201lun9fhl","timestamp":1719009872701,"id":"hf7eva89938mtvk","previousEventId":"fe9l1917p47v8z5","previousOperationId":"liavvxm8xji4wxp"}
{"type":"operationEnd","doDiffs":false,"previousEventId":"h1qcxd0yhw52x0u","previousOperationId":"myd622exiq7z2of","operationId":"myd622exiq7z2of","timestamp":1719009872705,"id":"ylkzc6mfo1ubeyn"}
