{"type":"operationStart","subtype":"profile","data":{"_id":"JaIuUYXClneaz5dT","timestamp":"2024-06-21T21:54:12.197Z","state":"queued","mode":"standard","creationDate":"2024-06-21T21:54:12.206Z","modificationDate":"2024-06-21T21:54:12.206Z","shortid":"ryoZUI5","$entitySet":"profiles"},"doDiffs":false,"timestamp":1719006852200,"id":"p1xg02dij0a3vzk","previousOperationId":null,"operationId":"d11zr8ee69druei"}
{"type":"log","level":"info","message":"Render request 118 queued for execution and waiting for available worker","previousOperationId":"d11zr8ee69druei","timestamp":1719006852201,"id":"qscsn5200yv49nu"}
{"type":"operationStart","subtype":"render","name":"anonymous","previousOperationId":"d11zr8ee69druei","timestamp":1719006852213,"id":"aqq9ep226cpohky","previousEventId":"p1xg02dij0a3vzk","operationId":"9smwfc90ex49vmr"}
{"type":"log","timestamp":1719006852213,"level":"info","message":"Starting rendering request 118","meta":{"rootId":"475gcccqtcr511r","id":"475gcccqtcr511r"},"id":"mrcl1zulbm9focy","previousOperationId":"9smwfc90ex49vmr"}
{"type":"log","timestamp":1719006852213,"level":"info","message":"Rendering anonymous template { recipe: chrome-pdf, engine: handlebars }","meta":{"rootId":"475gcccqtcr511r","id":"475gcccqtcr511r"},"id":"9ir9ygf4u8wugdi","previousOperationId":"9smwfc90ex49vmr"}
{"type":"log","timestamp":1719006852213,"level":"debug","message":"Inline data specified.","meta":{"rootId":"475gcccqtcr511r","id":"475gcccqtcr511r"},"id":"fwctneobk6tnjb7","previousOperationId":"9smwfc90ex49vmr"}
{"type":"log","timestamp":1719006852214,"level":"debug","message":"Base url not specified, skipping its injection.","meta":{"rootId":"475gcccqtcr511r","id":"475gcccqtcr511r"},"id":"tn9ft1n53bhlfq2","previousOperationId":"9smwfc90ex49vmr"}
{"type":"operationStart","subtype":"engine","name":"handlebars","timestamp":1719006852214,"id":"0iu51kuuv1oalgo","previousEventId":"aqq9ep226cpohky","operationId":"sh0fsy87w2sobq9","previousOperationId":"9smwfc90ex49vmr"}
{"type":"log","timestamp":1719006852214,"level":"debug","message":"Rendering engine handlebars","meta":{"rootId":"475gcccqtcr511r","id":"475gcccqtcr511r"},"id":"rgbviwyh1qm97nr","previousOperationId":"sh0fsy87w2sobq9"}
{"type":"log","timestamp":1719006852218,"level":"debug","message":"(console:log) Pdf utils adding group field, value: \"France\"","meta":{"userLevel":true,"rootId":"475gcccqtcr511r","id":"475gcccqtcr511r"},"id":"u0h3c2i90enicq2","previousOperationId":"sh0fsy87w2sobq9"}
{"type":"log","timestamp":1719006852220,"level":"debug","message":"(console:log) Pdf utils adding group field, value: \"Germany\"","meta":{"userLevel":true,"rootId":"475gcccqtcr511r","id":"475gcccqtcr511r"},"id":"umf908kf47opuot","previousOperationId":"sh0fsy87w2sobq9"}
{"type":"operationEnd","operationId":"sh0fsy87w2sobq9","timestamp":1719006852221,"id":"99ezrdwvjwwj7z4","previousEventId":"0iu51kuuv1oalgo","previousOperationId":"sh0fsy87w2sobq9"}
{"type":"operationStart","subtype":"recipe","name":"chrome-pdf","timestamp":1719006852221,"id":"ht0cwrnhs87ncaq","previousEventId":"99ezrdwvjwwj7z4","operationId":"7qziolhrmcd6x74","previousOperationId":"sh0fsy87w2sobq9"}
{"type":"log","timestamp":1719006852221,"level":"debug","message":"Executing recipe chrome-pdf","meta":{"rootId":"475gcccqtcr511r","id":"475gcccqtcr511r"},"id":"e91ggayagw7hkad","previousOperationId":"7qziolhrmcd6x74"}
{"type":"log","timestamp":1719006852221,"level":"debug","message":"Starting child request to render pdf header","meta":{"rootId":"475gcccqtcr511r","id":"475gcccqtcr511r"},"id":"yd7wfic2dtvdhmu","previousOperationId":"7qziolhrmcd6x74"}
{"type":"operationStart","subtype":"render","name":"anonymous","previousOperationId":"7qziolhrmcd6x74","timestamp":1719006852221,"id":"q17jsmgu9g437ri","previousEventId":"ht0cwrnhs87ncaq","operationId":"8mvo1tr62wa1bde"}
{"type":"log","timestamp":1719006852221,"level":"info","message":"Starting rendering (child) request","meta":{"rootId":"475gcccqtcr511r","id":"7ci7crs42kocs0s"},"id":"bc7hlanvvm82165","previousOperationId":"8mvo1tr62wa1bde"}
{"type":"log","timestamp":1719006852221,"level":"info","message":"Rendering anonymous template { recipe: html, engine: handlebars }","meta":{"rootId":"475gcccqtcr511r","id":"7ci7crs42kocs0s"},"id":"8ijm9g877nbrbwu","previousOperationId":"8mvo1tr62wa1bde"}
{"type":"log","timestamp":1719006852221,"level":"debug","message":"Inline data specified.","meta":{"rootId":"475gcccqtcr511r","id":"7ci7crs42kocs0s"},"id":"j2firdc7o8swmpl","previousOperationId":"8mvo1tr62wa1bde"}
{"type":"log","timestamp":1719006852222,"level":"debug","message":"Base url not specified, skipping its injection.","meta":{"rootId":"475gcccqtcr511r","id":"7ci7crs42kocs0s"},"id":"d2s1pmif1qmb5el","previousOperationId":"8mvo1tr62wa1bde"}
{"type":"operationStart","subtype":"engine","name":"handlebars","timestamp":1719006852222,"id":"8g1evmobefnacv0","previousEventId":"q17jsmgu9g437ri","operationId":"gmcb9qp7bhy0lby","previousOperationId":"8mvo1tr62wa1bde"}
{"type":"log","timestamp":1719006852222,"level":"debug","message":"Rendering engine handlebars","meta":{"rootId":"475gcccqtcr511r","id":"7ci7crs42kocs0s"},"id":"9kj0e1ybinnucxp","previousOperationId":"gmcb9qp7bhy0lby"}
{"type":"operationEnd","operationId":"gmcb9qp7bhy0lby","timestamp":1719006852225,"id":"563b031xccutlol","previousEventId":"8g1evmobefnacv0","previousOperationId":"gmcb9qp7bhy0lby"}
{"type":"operationStart","subtype":"recipe","name":"html","timestamp":1719006852225,"id":"l8v1y3lm004oe0y","previousEventId":"563b031xccutlol","operationId":"few7z97zrnw9lo8","previousOperationId":"gmcb9qp7bhy0lby"}
{"type":"log","timestamp":1719006852225,"level":"debug","message":"Executing recipe html","meta":{"rootId":"475gcccqtcr511r","id":"7ci7crs42kocs0s"},"id":"bn9fyr5fm4bol77","previousOperationId":"few7z97zrnw9lo8"}
{"type":"operationEnd","operationId":"few7z97zrnw9lo8","timestamp":1719006852225,"id":"uqbb9da9bxlqawl","previousEventId":"l8v1y3lm004oe0y","previousOperationId":"few7z97zrnw9lo8"}
{"type":"log","timestamp":1719006852225,"level":"debug","message":"Skipping storing report.","meta":{"rootId":"475gcccqtcr511r","id":"7ci7crs42kocs0s"},"id":"ea8jqabil2zumy7","previousOperationId":"few7z97zrnw9lo8"}
{"type":"log","timestamp":1719006852225,"level":"info","message":"Rendering (child) request finished in 30 ms","meta":{"rootId":"475gcccqtcr511r","id":"7ci7crs42kocs0s"},"id":"a4jdgqcukyc7hxx","previousOperationId":"few7z97zrnw9lo8"}
{"type":"operationEnd","subtype":"render","operationId":"8mvo1tr62wa1bde","timestamp":1719006852225,"id":"ioe8k5ev6eb4fda","previousEventId":"uqbb9da9bxlqawl","previousOperationId":"few7z97zrnw9lo8"}
{"type":"log","timestamp":1719006852225,"level":"debug","message":"Starting child request to render pdf footer","meta":{"rootId":"475gcccqtcr511r","id":"475gcccqtcr511r"},"id":"3o3rjoyxx07hjxe","previousOperationId":"7qziolhrmcd6x74"}
{"type":"operationStart","subtype":"render","name":"anonymous","previousOperationId":"7qziolhrmcd6x74","timestamp":1719006852225,"id":"66r1ul7wxvxlaqj","previousEventId":"ht0cwrnhs87ncaq","operationId":"l0n91hhaw911d8a"}
{"type":"log","timestamp":1719006852225,"level":"info","message":"Starting rendering (child) request","meta":{"rootId":"475gcccqtcr511r","id":"87w7ql3dics4243"},"id":"3tl6pbhlox457zw","previousOperationId":"l0n91hhaw911d8a"}
{"type":"log","timestamp":1719006852225,"level":"info","message":"Rendering anonymous template { recipe: html, engine: handlebars }","meta":{"rootId":"475gcccqtcr511r","id":"87w7ql3dics4243"},"id":"swndc5l03dvi2lr","previousOperationId":"l0n91hhaw911d8a"}
{"type":"log","timestamp":1719006852225,"level":"debug","message":"Inline data specified.","meta":{"rootId":"475gcccqtcr511r","id":"87w7ql3dics4243"},"id":"g307u2fni2xgdd1","previousOperationId":"l0n91hhaw911d8a"}
{"type":"log","timestamp":1719006852225,"level":"debug","message":"Base url not specified, skipping its injection.","meta":{"rootId":"475gcccqtcr511r","id":"87w7ql3dics4243"},"id":"bkb15w12d94pqwi","previousOperationId":"l0n91hhaw911d8a"}
{"type":"operationStart","subtype":"engine","name":"handlebars","timestamp":1719006852225,"id":"wpq406ngv3bepgk","previousEventId":"66r1ul7wxvxlaqj","operationId":"is01k9xw1yttfqd","previousOperationId":"l0n91hhaw911d8a"}
{"type":"log","timestamp":1719006852225,"level":"debug","message":"Rendering engine handlebars","meta":{"rootId":"475gcccqtcr511r","id":"87w7ql3dics4243"},"id":"gbu5sfq9hbtoiwn","previousOperationId":"is01k9xw1yttfqd"}
{"type":"operationEnd","operationId":"is01k9xw1yttfqd","timestamp":1719006852227,"id":"vmhec6k1po4jnsr","previousEventId":"wpq406ngv3bepgk","previousOperationId":"is01k9xw1yttfqd"}
{"type":"operationStart","subtype":"recipe","name":"html","timestamp":1719006852227,"id":"1d325ob84h95tye","previousEventId":"vmhec6k1po4jnsr","operationId":"p1pqofflifysqum","previousOperationId":"is01k9xw1yttfqd"}
{"type":"log","timestamp":1719006852227,"level":"debug","message":"Executing recipe html","meta":{"rootId":"475gcccqtcr511r","id":"87w7ql3dics4243"},"id":"vjeerpwgbhc6eqi","previousOperationId":"p1pqofflifysqum"}
{"type":"operationEnd","operationId":"p1pqofflifysqum","timestamp":1719006852227,"id":"4o3u1a21s2emvl9","previousEventId":"1d325ob84h95tye","previousOperationId":"p1pqofflifysqum"}
{"type":"log","timestamp":1719006852227,"level":"debug","message":"Skipping storing report.","meta":{"rootId":"475gcccqtcr511r","id":"87w7ql3dics4243"},"id":"mvvesvl826kg59k","previousOperationId":"p1pqofflifysqum"}
{"type":"log","timestamp":1719006852227,"level":"info","message":"Rendering (child) request finished in 32 ms","meta":{"rootId":"475gcccqtcr511r","id":"87w7ql3dics4243"},"id":"d7z79byisl56qlb","previousOperationId":"p1pqofflifysqum"}
{"type":"operationEnd","subtype":"render","operationId":"l0n91hhaw911d8a","timestamp":1719006852227,"id":"oow5qiy51ridve9","previousEventId":"4o3u1a21s2emvl9","previousOperationId":"p1pqofflifysqum"}
{"type":"log","timestamp":1719006852229,"level":"debug","message":"Converting with chrome Chrome/126.0.6478.61 using chrome-pool strategy","meta":{"rootId":"475gcccqtcr511r","id":"475gcccqtcr511r"},"id":"p5i6k9bp6s7ixmf","previousOperationId":"7qziolhrmcd6x74"}
{"type":"log","timestamp":1719006852308,"level":"debug","message":"Page request: GET (document) file:///var/folders/2x/1bhfw9mx7d775w_jmf56lcp80000gn/T/jsreport/autocleanup/43c4755e-0b2d-4e86-9f98-60335b28f25a-chrome-pdf.html","meta":{"rootId":"475gcccqtcr511r","id":"475gcccqtcr511r"},"id":"aotomt8wqe5jakw","previousOperationId":"7qziolhrmcd6x74"}
{"type":"log","timestamp":1719006852315,"level":"debug","message":"Page request: GET (stylesheet) https://cdnjs.cloudflare.com/ajax/libs/metro/4.1.5/css/metro.min.css","meta":{"rootId":"475gcccqtcr511r","id":"475gcccqtcr511r"},"id":"bjdslultmv2rquy","previousOperationId":"7qziolhrmcd6x74"}
{"type":"log","timestamp":1719006852315,"level":"debug","message":"Page request finished: GET (document) 200 file:///var/folders/2x/1bhfw9mx7d775w_jmf56lcp80000gn/T/jsreport/autocleanup/43c4755e-0b2d-4e86-9f98-60335b28f25a-chrome-pdf.html","meta":{"rootId":"475gcccqtcr511r","id":"475gcccqtcr511r"},"id":"a7tc8m0k0gff816","previousOperationId":"7qziolhrmcd6x74"}
{"type":"log","timestamp":1719006852315,"level":"debug","message":"Page request: GET (script) https://cdnjs.cloudflare.com/ajax/libs/Chart.js/2.7.2/Chart.min.js","meta":{"rootId":"475gcccqtcr511r","id":"475gcccqtcr511r"},"id":"ts4z32eli1c3qm9","previousOperationId":"7qziolhrmcd6x74"}
{"type":"log","timestamp":1719006852322,"level":"debug","message":"Page request finished: GET (stylesheet) 200 https://cdnjs.cloudflare.com/ajax/libs/metro/4.1.5/css/metro.min.css","meta":{"rootId":"475gcccqtcr511r","id":"475gcccqtcr511r"},"id":"kbc462bvupxvz2p","previousOperationId":"7qziolhrmcd6x74"}
{"type":"log","timestamp":1719006852322,"level":"debug","message":"Page request finished: GET (script) 200 https://cdnjs.cloudflare.com/ajax/libs/Chart.js/2.7.2/Chart.min.js","meta":{"rootId":"475gcccqtcr511r","id":"475gcccqtcr511r"},"id":"4m0qv4cwvuucabk","previousOperationId":"7qziolhrmcd6x74"}
{"type":"log","timestamp":1719006852366,"level":"debug","message":"Running chrome with params {\"displayHeaderFooter\":true,\"headerTemplate\":\"...\",\"footerTemplate\":\"...\",\"marginTop\":\"4cm\",\"marginRight\":\"1.5cm\",\"marginLeft\":\"1.5cm\",\"marginBottom\":\"1.5cm\",\"timeout\":59968,\"margin\":{\"top\":\"4cm\",\"right\":\"1.5cm\",\"bottom\":\"1.5cm\",\"left\":\"1.5cm\"},\"printBackground\":true}","meta":{"rootId":"475gcccqtcr511r","id":"475gcccqtcr511r"},"id":"vyhteyfcmp9msay","previousOperationId":"7qziolhrmcd6x74"}
{"type":"operationEnd","operationId":"7qziolhrmcd6x74","timestamp":1719006852568,"id":"rfjs41xj1mvxgwz","previousEventId":"ht0cwrnhs87ncaq","previousOperationId":"7qziolhrmcd6x74"}
{"type":"log","timestamp":1719006852568,"level":"debug","message":"Skipping storing report.","meta":{"rootId":"475gcccqtcr511r","id":"475gcccqtcr511r"},"id":"0v253kgl72auaru","previousOperationId":"7qziolhrmcd6x74"}
{"type":"log","timestamp":1719006852568,"level":"info","message":"Rendering request 118 finished in 373 ms","meta":{"rootId":"475gcccqtcr511r","id":"475gcccqtcr511r"},"id":"c2r3mcqhildvooy","previousOperationId":"7qziolhrmcd6x74"}
{"type":"operationEnd","subtype":"render","operationId":"9smwfc90ex49vmr","timestamp":1719006852568,"id":"pc41wlycjq9kxkd","previousEventId":"rfjs41xj1mvxgwz","previousOperationId":"7qziolhrmcd6x74"}
{"type":"operationEnd","doDiffs":false,"previousEventId":"p1xg02dij0a3vzk","previousOperationId":"d11zr8ee69druei","operationId":"d11zr8ee69druei","timestamp":1719006852569,"id":"zc67z6s9vxcfsqm"}
