{"type":"operationStart","subtype":"profile","data":{"_id":"rX4Scrjg0Hmhmcx7","timestamp":"2024-06-21T22:13:54.582Z","state":"queued","mode":"standard","creationDate":"2024-06-21T22:13:54.585Z","modificationDate":"2024-06-21T22:13:54.585Z","shortid":"f-hl-Mc","$entitySet":"profiles"},"doDiffs":false,"timestamp":1719008034584,"id":"v6xkzfmxpcusaoj","previousOperationId":null,"operationId":"29vzj93f2enxkxp"}
{"type":"log","level":"info","message":"Render request 144 queued for execution and waiting for available worker","previousOperationId":"29vzj93f2enxkxp","timestamp":1719008034584,"id":"iwkpluqmq7716o7"}
{"type":"operationStart","subtype":"render","name":"anonymous","previousOperationId":"29vzj93f2enxkxp","timestamp":1719008034588,"id":"qlpi6vnwmeep42l","previousEventId":"v6xkzfmxpcusaoj","operationId":"6q8tjsz5y0huct8"}
{"type":"log","timestamp":1719008034588,"level":"info","message":"Starting rendering request 144","meta":{"rootId":"51ic5n9v8z2vuzj","id":"51ic5n9v8z2vuzj"},"id":"q84i9ge2ootrel0","previousOperationId":"6q8tjsz5y0huct8"}
{"type":"log","timestamp":1719008034588,"level":"info","message":"Rendering anonymous template { recipe: chrome-pdf, engine: handlebars }","meta":{"rootId":"51ic5n9v8z2vuzj","id":"51ic5n9v8z2vuzj"},"id":"fft4fq0g1caalyv","previousOperationId":"6q8tjsz5y0huct8"}
{"type":"log","timestamp":1719008034588,"level":"debug","message":"Inline data specified.","meta":{"rootId":"51ic5n9v8z2vuzj","id":"51ic5n9v8z2vuzj"},"id":"b1yednurbii9ojt","previousOperationId":"6q8tjsz5y0huct8"}
{"type":"log","timestamp":1719008034589,"level":"debug","message":"Base url not specified, skipping its injection.","meta":{"rootId":"51ic5n9v8z2vuzj","id":"51ic5n9v8z2vuzj"},"id":"nz20x3qx9q7728k","previousOperationId":"6q8tjsz5y0huct8"}
{"type":"operationStart","subtype":"engine","name":"handlebars","timestamp":1719008034589,"id":"muon3lirsd949tp","previousEventId":"qlpi6vnwmeep42l","operationId":"kibw8mm4ndc7xbg","previousOperationId":"6q8tjsz5y0huct8"}
{"type":"log","timestamp":1719008034589,"level":"debug","message":"Rendering engine handlebars","meta":{"rootId":"51ic5n9v8z2vuzj","id":"51ic5n9v8z2vuzj"},"id":"0gsrvt7teorng65","previousOperationId":"kibw8mm4ndc7xbg"}
{"type":"log","timestamp":1719008034609,"level":"debug","message":"(console:log) Pdf utils adding group field, value: 1","meta":{"userLevel":true,"rootId":"51ic5n9v8z2vuzj","id":"51ic5n9v8z2vuzj"},"id":"laivxk4xy3o41y7","previousOperationId":"kibw8mm4ndc7xbg"}
{"type":"log","timestamp":1719008034609,"level":"debug","message":"(console:log) Pdf utils adding group field, value: 2","meta":{"userLevel":true,"rootId":"51ic5n9v8z2vuzj","id":"51ic5n9v8z2vuzj"},"id":"os1wtwq6de4fpv9","previousOperationId":"kibw8mm4ndc7xbg"}
{"type":"log","timestamp":1719008034609,"level":"debug","message":"(console:log) Pdf utils adding group field, value: 3","meta":{"userLevel":true,"rootId":"51ic5n9v8z2vuzj","id":"51ic5n9v8z2vuzj"},"id":"0ex67n1sl58qnla","previousOperationId":"kibw8mm4ndc7xbg"}
{"type":"operationEnd","operationId":"kibw8mm4ndc7xbg","timestamp":1719008034609,"id":"pqh2l7jvxzj5l2s","previousEventId":"muon3lirsd949tp","previousOperationId":"kibw8mm4ndc7xbg"}
{"type":"operationStart","subtype":"recipe","name":"chrome-pdf","timestamp":1719008034610,"id":"0mzuuvncpmbs209","previousEventId":"pqh2l7jvxzj5l2s","operationId":"rh9k6w6pz3rvoa6","previousOperationId":"kibw8mm4ndc7xbg"}
{"type":"log","timestamp":1719008034610,"level":"debug","message":"Executing recipe chrome-pdf","meta":{"rootId":"51ic5n9v8z2vuzj","id":"51ic5n9v8z2vuzj"},"id":"7z4hh8d377ficzt","previousOperationId":"rh9k6w6pz3rvoa6"}
{"type":"log","timestamp":1719008034613,"level":"debug","message":"Converting with chrome Chrome/126.0.6478.61 using chrome-pool strategy","meta":{"rootId":"51ic5n9v8z2vuzj","id":"51ic5n9v8z2vuzj"},"id":"7g0bwy4bjfhn5o8","previousOperationId":"rh9k6w6pz3rvoa6"}
{"type":"log","timestamp":1719008034708,"level":"debug","message":"Page request: GET (document) file:///var/folders/2x/1bhfw9mx7d775w_jmf56lcp80000gn/T/jsreport/autocleanup/262e1a1e-be06-4278-b279-c0762cdb71f5-chrome-pdf.html","meta":{"rootId":"51ic5n9v8z2vuzj","id":"51ic5n9v8z2vuzj"},"id":"1x7lxo8as1xs9n8","previousOperationId":"rh9k6w6pz3rvoa6"}
{"type":"log","timestamp":1719008034713,"level":"debug","message":"Page request finished: GET (document) 200 file:///var/folders/2x/1bhfw9mx7d775w_jmf56lcp80000gn/T/jsreport/autocleanup/262e1a1e-be06-4278-b279-c0762cdb71f5-chrome-pdf.html","meta":{"rootId":"51ic5n9v8z2vuzj","id":"51ic5n9v8z2vuzj"},"id":"oydgamzabkuezsj","previousOperationId":"rh9k6w6pz3rvoa6"}
{"type":"log","timestamp":1719008034715,"level":"debug","message":"Page request: GET (stylesheet) https://cdnjs.cloudflare.com/ajax/libs/metro/4.1.5/css/metro.min.css","meta":{"rootId":"51ic5n9v8z2vuzj","id":"51ic5n9v8z2vuzj"},"id":"wxwwalyc9an58bo","previousOperationId":"rh9k6w6pz3rvoa6"}
{"type":"log","timestamp":1719008034715,"level":"debug","message":"Page request: GET (script) https://cdnjs.cloudflare.com/ajax/libs/Chart.js/2.7.2/Chart.min.js","meta":{"rootId":"51ic5n9v8z2vuzj","id":"51ic5n9v8z2vuzj"},"id":"qgazqt0di5fkwp8","previousOperationId":"rh9k6w6pz3rvoa6"}
{"type":"log","timestamp":1719008034723,"level":"debug","message":"Page request finished: GET (stylesheet) 200 https://cdnjs.cloudflare.com/ajax/libs/metro/4.1.5/css/metro.min.css","meta":{"rootId":"51ic5n9v8z2vuzj","id":"51ic5n9v8z2vuzj"},"id":"sor73dzh9vykq15","previousOperationId":"rh9k6w6pz3rvoa6"}
{"type":"log","timestamp":1719008034723,"level":"debug","message":"Page request finished: GET (script) 200 https://cdnjs.cloudflare.com/ajax/libs/Chart.js/2.7.2/Chart.min.js","meta":{"rootId":"51ic5n9v8z2vuzj","id":"51ic5n9v8z2vuzj"},"id":"q6pyx6puc4i8wgx","previousOperationId":"rh9k6w6pz3rvoa6"}
{"type":"log","timestamp":1719008034746,"level":"debug","message":"Running chrome with params {\"marginTop\":\"2cm\",\"marginRight\":\"1.5cm\",\"marginLeft\":\"1.5cm\",\"marginBottom\":\"1.5cm\",\"timeout\":59968,\"margin\":{\"top\":\"2cm\",\"right\":\"1.5cm\",\"bottom\":\"1.5cm\",\"left\":\"1.5cm\"},\"printBackground\":true}","meta":{"rootId":"51ic5n9v8z2vuzj","id":"51ic5n9v8z2vuzj"},"id":"z9kfi0gv3wmuffl","previousOperationId":"rh9k6w6pz3rvoa6"}
{"type":"operationEnd","operationId":"rh9k6w6pz3rvoa6","timestamp":1719008034862,"id":"a1igha797ur2rcv","previousEventId":"0mzuuvncpmbs209","previousOperationId":"rh9k6w6pz3rvoa6"}
{"type":"log","timestamp":1719008034862,"level":"info","message":"pdf-utils is starting pdf processing","meta":{"rootId":"51ic5n9v8z2vuzj","id":"51ic5n9v8z2vuzj"},"id":"lvv4pkmv7xhbynx","previousOperationId":"rh9k6w6pz3rvoa6"}
{"type":"operationStart","subtype":"pdfUtils","name":"pdf utils","timestamp":1719008034863,"id":"ens3ulz9ttujpdz","previousEventId":"a1igha797ur2rcv","operationId":"n517xb82bq89ksh","previousOperationId":"rh9k6w6pz3rvoa6"}
{"type":"log","timestamp":1719008034863,"level":"debug","message":"pdf-utils detected 1 pdf operation(s) to process","meta":{"rootId":"51ic5n9v8z2vuzj","id":"51ic5n9v8z2vuzj"},"id":"ic3cpftwmg2rkgy","previousOperationId":"n517xb82bq89ksh"}
{"type":"log","timestamp":1719008034868,"level":"debug","message":"pdf-utils running pdf operation merge","meta":{"rootId":"51ic5n9v8z2vuzj","id":"51ic5n9v8z2vuzj"},"id":"okdygs6o78gryi7","previousOperationId":"n517xb82bq89ksh"}
{"type":"operationStart","subtype":"pdfUtilsMerge","name":"pdf utils merge","previousOperationId":"n517xb82bq89ksh","timestamp":1719008034868,"id":"ma6nufb9cowqegg","previousEventId":"ens3ulz9ttujpdz","operationId":"p82ovi12ljktrxi"}
{"type":"operationStart","subtype":"render","name":"anonymous","previousOperationId":"p82ovi12ljktrxi","timestamp":1719008034868,"id":"nvpljhrppwehhrc","previousEventId":"ma6nufb9cowqegg","operationId":"xt1gy7bdcnzutiu"}
{"type":"log","timestamp":1719008034868,"level":"info","message":"Starting rendering (child) request","meta":{"rootId":"51ic5n9v8z2vuzj","id":"3fk92m1jvtyfgju"},"id":"9bjw9i4fx7jydkk","previousOperationId":"xt1gy7bdcnzutiu"}
{"type":"log","timestamp":1719008034868,"level":"info","message":"Rendering anonymous template { recipe: chrome-pdf, engine: handlebars }","meta":{"rootId":"51ic5n9v8z2vuzj","id":"3fk92m1jvtyfgju"},"id":"mz2t73tnpxg1obl","previousOperationId":"xt1gy7bdcnzutiu"}
{"type":"log","timestamp":1719008034868,"level":"debug","message":"Inline data specified.","meta":{"rootId":"51ic5n9v8z2vuzj","id":"3fk92m1jvtyfgju"},"id":"ty3yvyq2vae8ss6","previousOperationId":"xt1gy7bdcnzutiu"}
{"type":"log","timestamp":1719008034868,"level":"debug","message":"Base url not specified, skipping its injection.","meta":{"rootId":"51ic5n9v8z2vuzj","id":"3fk92m1jvtyfgju"},"id":"s9le5ilxjxhnxon","previousOperationId":"xt1gy7bdcnzutiu"}
{"type":"operationStart","subtype":"engine","name":"handlebars","timestamp":1719008034868,"id":"5bwnw9qp2u20z4j","previousEventId":"nvpljhrppwehhrc","operationId":"xkwfg6cad7w9ch1","previousOperationId":"xt1gy7bdcnzutiu"}
{"type":"log","timestamp":1719008034868,"level":"debug","message":"Rendering engine handlebars","meta":{"rootId":"51ic5n9v8z2vuzj","id":"3fk92m1jvtyfgju"},"id":"aloalo0dgyfv9fj","previousOperationId":"xkwfg6cad7w9ch1"}
{"type":"operationEnd","operationId":"xkwfg6cad7w9ch1","timestamp":1719008034870,"id":"9npcjinv6bf9wo6","previousEventId":"5bwnw9qp2u20z4j","previousOperationId":"xkwfg6cad7w9ch1"}
{"type":"operationStart","subtype":"recipe","name":"chrome-pdf","timestamp":1719008034870,"id":"hq5b3zkoo564c10","previousEventId":"9npcjinv6bf9wo6","operationId":"j17j2qkr1yyglgj","previousOperationId":"xkwfg6cad7w9ch1"}
{"type":"log","timestamp":1719008034870,"level":"debug","message":"Executing recipe chrome-pdf","meta":{"rootId":"51ic5n9v8z2vuzj","id":"3fk92m1jvtyfgju"},"id":"f1jrx907b4c5xt5","previousOperationId":"j17j2qkr1yyglgj"}
{"type":"log","timestamp":1719008034870,"level":"debug","message":"Converting with chrome Chrome/126.0.6478.61 using chrome-pool strategy","meta":{"rootId":"51ic5n9v8z2vuzj","id":"3fk92m1jvtyfgju"},"id":"u6sew62k7rylyu1","previousOperationId":"j17j2qkr1yyglgj"}
{"type":"log","timestamp":1719008034930,"level":"debug","message":"Page request: GET (document) file:///var/folders/2x/1bhfw9mx7d775w_jmf56lcp80000gn/T/jsreport/autocleanup/83d24121-de3f-4b5d-89cd-04bcb53dd58c-chrome-pdf.html","meta":{"rootId":"51ic5n9v8z2vuzj","id":"3fk92m1jvtyfgju"},"id":"ckmpy6mr3088ga0","previousOperationId":"j17j2qkr1yyglgj"}
{"type":"log","timestamp":1719008034934,"level":"debug","message":"Page request finished: GET (document) 200 file:///var/folders/2x/1bhfw9mx7d775w_jmf56lcp80000gn/T/jsreport/autocleanup/83d24121-de3f-4b5d-89cd-04bcb53dd58c-chrome-pdf.html","meta":{"rootId":"51ic5n9v8z2vuzj","id":"3fk92m1jvtyfgju"},"id":"g5u93y85v40ybm3","previousOperationId":"j17j2qkr1yyglgj"}
{"type":"log","timestamp":1719008034935,"level":"debug","message":"Running chrome with params {\"timeout\":59709,\"margin\":{},\"printBackground\":true}","meta":{"rootId":"51ic5n9v8z2vuzj","id":"3fk92m1jvtyfgju"},"id":"h3rwjwq4emqan7q","previousOperationId":"j17j2qkr1yyglgj"}
{"type":"operationEnd","operationId":"j17j2qkr1yyglgj","timestamp":1719008034970,"id":"rgaka4upipvw1ls","previousEventId":"hq5b3zkoo564c10","previousOperationId":"j17j2qkr1yyglgj"}
{"type":"log","timestamp":1719008034970,"level":"debug","message":"Skipping storing report.","meta":{"rootId":"51ic5n9v8z2vuzj","id":"3fk92m1jvtyfgju"},"id":"st2i75r834mczel","previousOperationId":"j17j2qkr1yyglgj"}
{"type":"log","timestamp":1719008034970,"level":"info","message":"Rendering (child) request finished in 391 ms","meta":{"rootId":"51ic5n9v8z2vuzj","id":"3fk92m1jvtyfgju"},"id":"nn3y19d1z2rbdis","previousOperationId":"j17j2qkr1yyglgj"}
{"type":"operationEnd","subtype":"render","operationId":"xt1gy7bdcnzutiu","timestamp":1719008034970,"id":"c3aekv4dz0rh6rb","previousEventId":"rgaka4upipvw1ls","previousOperationId":"j17j2qkr1yyglgj"}
{"type":"operationEnd","operationId":"p82ovi12ljktrxi","timestamp":1719008034974,"id":"7ajf68wyji05kd9","previousEventId":"ma6nufb9cowqegg","previousOperationId":"p82ovi12ljktrxi"}
{"type":"log","timestamp":1719008034974,"level":"debug","message":"pdf-utils postprocess start","meta":{"rootId":"51ic5n9v8z2vuzj","id":"51ic5n9v8z2vuzj"},"id":"skd6cqb3l651yjq","previousOperationId":"p82ovi12ljktrxi"}
{"type":"log","timestamp":1719008034978,"level":"debug","message":"pdf-utils postprocess end","meta":{"rootId":"51ic5n9v8z2vuzj","id":"51ic5n9v8z2vuzj"},"id":"uitnoe22u1jwjzf","previousOperationId":"p82ovi12ljktrxi"}
{"type":"operationEnd","operationId":"n517xb82bq89ksh","timestamp":1719008034978,"id":"ic22ow2ea3b6rw1","previousEventId":"7ajf68wyji05kd9","previousOperationId":"p82ovi12ljktrxi"}
{"type":"log","timestamp":1719008034978,"level":"info","message":"pdf-utils pdf processing was finished","meta":{"rootId":"51ic5n9v8z2vuzj","id":"51ic5n9v8z2vuzj"},"id":"sj5rvx47z30h5tq","previousOperationId":"n517xb82bq89ksh"}
{"type":"log","timestamp":1719008034979,"level":"debug","message":"Skipping storing report.","meta":{"rootId":"51ic5n9v8z2vuzj","id":"51ic5n9v8z2vuzj"},"id":"meemspw3zipqaah","previousOperationId":"n517xb82bq89ksh"}
{"type":"log","timestamp":1719008034979,"level":"info","message":"Rendering request 144 finished in 400 ms","meta":{"rootId":"51ic5n9v8z2vuzj","id":"51ic5n9v8z2vuzj"},"id":"dstpfcbbri1cs24","previousOperationId":"n517xb82bq89ksh"}
{"type":"operationEnd","subtype":"render","operationId":"6q8tjsz5y0huct8","timestamp":1719008034979,"id":"gyvbd62jgnwcgbb","previousEventId":"ic22ow2ea3b6rw1","previousOperationId":"n517xb82bq89ksh"}
{"type":"operationEnd","doDiffs":false,"previousEventId":"v6xkzfmxpcusaoj","previousOperationId":"29vzj93f2enxkxp","operationId":"29vzj93f2enxkxp","timestamp":1719008034981,"id":"dcmp3azac0c341x"}
