{"type":"operationStart","subtype":"profile","data":{"_id":"EgfQ7aTwEbTnqx1m","timestamp":"2024-06-21T16:47:28.441Z","state":"queued","mode":"standard","creationDate":"2024-06-21T16:47:28.443Z","modificationDate":"2024-06-21T16:47:28.443Z","shortid":"cCb1nDP","$entitySet":"profiles"},"doDiffs":false,"timestamp":1718988448442,"id":"qgg65od657lk42s","previousOperationId":null,"operationId":"yz0re90z01xgbx0"}
{"type":"log","level":"info","message":"Render request 23 queued for execution and waiting for available worker","previousOperationId":"yz0re90z01xgbx0","timestamp":1718988448442,"id":"kiju8daahmo9wip"}
{"type":"operationStart","subtype":"render","name":"anonymous","previousOperationId":"yz0re90z01xgbx0","timestamp":1718988448447,"id":"zqv7ukj7k237oh3","previousEventId":"qgg65od657lk42s","operationId":"yxtuyefu6zam1l0"}
{"type":"log","timestamp":1718988448447,"level":"info","message":"Starting rendering request 23","meta":{"rootId":"55luzz5a6s1yy3b","id":"55luzz5a6s1yy3b"},"id":"fnjdoy8e3tgtuyl","previousOperationId":"yxtuyefu6zam1l0"}
{"type":"log","timestamp":1718988448448,"level":"info","message":"Rendering anonymous template { recipe: chrome-pdf, engine: handlebars }","meta":{"rootId":"55luzz5a6s1yy3b","id":"55luzz5a6s1yy3b"},"id":"ggmpgifnszan2gu","previousOperationId":"yxtuyefu6zam1l0"}
{"type":"log","timestamp":1718988448448,"level":"debug","message":"Inline data specified.","meta":{"rootId":"55luzz5a6s1yy3b","id":"55luzz5a6s1yy3b"},"id":"66e95uo0oxc6lug","previousOperationId":"yxtuyefu6zam1l0"}
{"type":"log","timestamp":1718988448448,"level":"debug","message":"Base url not specified, skipping its injection.","meta":{"rootId":"55luzz5a6s1yy3b","id":"55luzz5a6s1yy3b"},"id":"rkz6s07ufw7mmkf","previousOperationId":"yxtuyefu6zam1l0"}
{"type":"operationStart","subtype":"engine","name":"handlebars","timestamp":1718988448449,"id":"yvqhfm3ni13gx0a","previousEventId":"zqv7ukj7k237oh3","operationId":"pye91ttcnt2hhir","previousOperationId":"yxtuyefu6zam1l0"}
{"type":"log","timestamp":1718988448449,"level":"debug","message":"Rendering engine handlebars","meta":{"rootId":"55luzz5a6s1yy3b","id":"55luzz5a6s1yy3b"},"id":"r4r6pargeu89br8","previousOperationId":"pye91ttcnt2hhir"}
{"type":"operationEnd","operationId":"pye91ttcnt2hhir","timestamp":1718988448460,"id":"ap6ldp4cm9k32ol","previousEventId":"yvqhfm3ni13gx0a","previousOperationId":"pye91ttcnt2hhir"}
{"type":"operationStart","subtype":"recipe","name":"chrome-pdf","timestamp":1718988448460,"id":"8kumvabpnsvyotv","previousEventId":"ap6ldp4cm9k32ol","operationId":"yomuffxik1p0jbz","previousOperationId":"pye91ttcnt2hhir"}
{"type":"log","timestamp":1718988448460,"level":"debug","message":"Executing recipe chrome-pdf","meta":{"rootId":"55luzz5a6s1yy3b","id":"55luzz5a6s1yy3b"},"id":"nforppc1q9bzep2","previousOperationId":"yomuffxik1p0jbz"}
{"type":"log","timestamp":1718988448463,"level":"debug","message":"Starting child request to render pdf header","meta":{"rootId":"55luzz5a6s1yy3b","id":"55luzz5a6s1yy3b"},"id":"byzcejnf6f3ggeo","previousOperationId":"yomuffxik1p0jbz"}
{"type":"operationStart","subtype":"render","name":"anonymous","previousOperationId":"yomuffxik1p0jbz","timestamp":1718988448464,"id":"n8vriw4wl0gg610","previousEventId":"8kumvabpnsvyotv","operationId":"uk4fu9gr69u8lol"}
{"type":"log","timestamp":1718988448464,"level":"info","message":"Starting rendering (child) request","meta":{"rootId":"55luzz5a6s1yy3b","id":"dva7t4wk20t7zi5"},"id":"ix3sn52rdgrc1rg","previousOperationId":"uk4fu9gr69u8lol"}
{"type":"log","timestamp":1718988448464,"level":"info","message":"Rendering anonymous template { recipe: html, engine: handlebars }","meta":{"rootId":"55luzz5a6s1yy3b","id":"dva7t4wk20t7zi5"},"id":"qastharptffgu9t","previousOperationId":"uk4fu9gr69u8lol"}
{"type":"log","timestamp":1718988448464,"level":"debug","message":"Inline data specified.","meta":{"rootId":"55luzz5a6s1yy3b","id":"dva7t4wk20t7zi5"},"id":"7oi6llets0s10vv","previousOperationId":"uk4fu9gr69u8lol"}
{"type":"log","timestamp":1718988448464,"level":"debug","message":"Base url not specified, skipping its injection.","meta":{"rootId":"55luzz5a6s1yy3b","id":"dva7t4wk20t7zi5"},"id":"ff1a3ifydc5f35z","previousOperationId":"uk4fu9gr69u8lol"}
{"type":"operationStart","subtype":"engine","name":"handlebars","timestamp":1718988448464,"id":"w5gq9yx3b1fbvbm","previousEventId":"n8vriw4wl0gg610","operationId":"uhcbw0dk9ysbyuy","previousOperationId":"uk4fu9gr69u8lol"}
{"type":"log","timestamp":1718988448464,"level":"debug","message":"Rendering engine handlebars","meta":{"rootId":"55luzz5a6s1yy3b","id":"dva7t4wk20t7zi5"},"id":"o77gufl9azppz40","previousOperationId":"uhcbw0dk9ysbyuy"}
{"type":"operationEnd","operationId":"uhcbw0dk9ysbyuy","timestamp":1718988448466,"id":"d7mhnrnc3vqaz64","previousEventId":"w5gq9yx3b1fbvbm","previousOperationId":"uhcbw0dk9ysbyuy"}
{"type":"operationStart","subtype":"recipe","name":"html","timestamp":1718988448466,"id":"nkfenrp1fheyxc6","previousEventId":"d7mhnrnc3vqaz64","operationId":"83bhu2ex29eug0i","previousOperationId":"uhcbw0dk9ysbyuy"}
{"type":"log","timestamp":1718988448466,"level":"debug","message":"Executing recipe html","meta":{"rootId":"55luzz5a6s1yy3b","id":"dva7t4wk20t7zi5"},"id":"w0z8o48c7sx8az4","previousOperationId":"83bhu2ex29eug0i"}
{"type":"operationEnd","operationId":"83bhu2ex29eug0i","timestamp":1718988448466,"id":"ygw2gf0doqrevas","previousEventId":"nkfenrp1fheyxc6","previousOperationId":"83bhu2ex29eug0i"}
{"type":"log","timestamp":1718988448467,"level":"debug","message":"Skipping storing report.","meta":{"rootId":"55luzz5a6s1yy3b","id":"dva7t4wk20t7zi5"},"id":"kguwkdtt3wj70zl","previousOperationId":"83bhu2ex29eug0i"}
{"type":"log","timestamp":1718988448467,"level":"info","message":"Rendering (child) request finished in 27 ms","meta":{"rootId":"55luzz5a6s1yy3b","id":"dva7t4wk20t7zi5"},"id":"amkgz4rxt73yeop","previousOperationId":"83bhu2ex29eug0i"}
{"type":"operationEnd","subtype":"render","operationId":"uk4fu9gr69u8lol","timestamp":1718988448467,"id":"zrooqb4t4745tdp","previousEventId":"ygw2gf0doqrevas","previousOperationId":"83bhu2ex29eug0i"}
{"type":"log","timestamp":1718988448472,"level":"debug","message":"Converting with chrome Chrome/126.0.6478.61 using chrome-pool strategy","meta":{"rootId":"55luzz5a6s1yy3b","id":"55luzz5a6s1yy3b"},"id":"pkcwpwmuhp939ej","previousOperationId":"yomuffxik1p0jbz"}
{"type":"log","timestamp":1718988448557,"level":"debug","message":"Page request: GET (document) file:///var/folders/2x/1bhfw9mx7d775w_jmf56lcp80000gn/T/jsreport/autocleanup/f7a82dd7-6ae3-477d-94dc-6ced0256c650-chrome-pdf.html","meta":{"rootId":"55luzz5a6s1yy3b","id":"55luzz5a6s1yy3b"},"id":"5gte3ssekgsijko","previousOperationId":"yomuffxik1p0jbz"}
{"type":"log","timestamp":1718988448563,"level":"debug","message":"Page request finished: GET (document) 200 file:///var/folders/2x/1bhfw9mx7d775w_jmf56lcp80000gn/T/jsreport/autocleanup/f7a82dd7-6ae3-477d-94dc-6ced0256c650-chrome-pdf.html","meta":{"rootId":"55luzz5a6s1yy3b","id":"55luzz5a6s1yy3b"},"id":"mp61u0v9nosrrlq","previousOperationId":"yomuffxik1p0jbz"}
{"type":"log","timestamp":1718988448565,"level":"debug","message":"Running chrome with params {\"headerTemplate\":\"...\",\"timeout\":59973,\"margin\":{},\"printBackground\":true}","meta":{"rootId":"55luzz5a6s1yy3b","id":"55luzz5a6s1yy3b"},"id":"8u2x640npzouhwm","previousOperationId":"yomuffxik1p0jbz"}
{"type":"operationEnd","operationId":"yomuffxik1p0jbz","timestamp":1718988448634,"id":"rsz3ptm4kf3a76b","previousEventId":"8kumvabpnsvyotv","previousOperationId":"yomuffxik1p0jbz"}
{"type":"log","timestamp":1718988448634,"level":"debug","message":"Skipping storing report.","meta":{"rootId":"55luzz5a6s1yy3b","id":"55luzz5a6s1yy3b"},"id":"32qwgy5jmstybxb","previousOperationId":"yomuffxik1p0jbz"}
{"type":"log","timestamp":1718988448634,"level":"info","message":"Rendering request 23 finished in 194 ms","meta":{"rootId":"55luzz5a6s1yy3b","id":"55luzz5a6s1yy3b"},"id":"njcztnmz3966gmb","previousOperationId":"yomuffxik1p0jbz"}
{"type":"operationEnd","subtype":"render","operationId":"yxtuyefu6zam1l0","timestamp":1718988448634,"id":"et68thssalchomr","previousEventId":"rsz3ptm4kf3a76b","previousOperationId":"yomuffxik1p0jbz"}
{"type":"operationEnd","doDiffs":false,"previousEventId":"qgg65od657lk42s","previousOperationId":"yz0re90z01xgbx0","operationId":"yz0re90z01xgbx0","timestamp":1718988448635,"id":"zco31hst7cdbmef"}
