{"type":"operationStart","subtype":"profile","data":{"_id":"Y8gfcBPCrU2HjK5f","timestamp":"2024-06-21T16:30:35.130Z","state":"queued","mode":"standard","creationDate":"2024-06-21T16:30:35.133Z","modificationDate":"2024-06-21T16:30:35.133Z","shortid":"DVu-IWZ","$entitySet":"profiles"},"doDiffs":false,"timestamp":1718987435132,"id":"jhha4nvpbavqvm6","previousOperationId":null,"operationId":"b43lgg46q0gdaas"}
{"type":"log","level":"info","message":"Render request 11 queued for execution and waiting for available worker","previousOperationId":"b43lgg46q0gdaas","timestamp":1718987435132,"id":"tx0jsb6a725s7ao"}
{"type":"operationStart","subtype":"render","name":"anonymous","previousOperationId":"b43lgg46q0gdaas","timestamp":1718987435142,"id":"4dozo9z56bvum3n","previousEventId":"jhha4nvpbavqvm6","operationId":"g5808spytxil16l"}
{"type":"log","timestamp":1718987435142,"level":"info","message":"Starting rendering request 11","meta":{"rootId":"5h6jrvp30cad2k6","id":"5h6jrvp30cad2k6"},"id":"zaalxmu1u6ffy89","previousOperationId":"g5808spytxil16l"}
{"type":"log","timestamp":1718987435143,"level":"info","message":"Rendering anonymous template { recipe: chrome-pdf, engine: handlebars }","meta":{"rootId":"5h6jrvp30cad2k6","id":"5h6jrvp30cad2k6"},"id":"2bi753uwm969681","previousOperationId":"g5808spytxil16l"}
{"type":"log","timestamp":1718987435143,"level":"debug","message":"Inline data specified.","meta":{"rootId":"5h6jrvp30cad2k6","id":"5h6jrvp30cad2k6"},"id":"fp5b61y1lt3hm2w","previousOperationId":"g5808spytxil16l"}
{"type":"log","timestamp":1718987435145,"level":"debug","message":"Base url not specified, skipping its injection.","meta":{"rootId":"5h6jrvp30cad2k6","id":"5h6jrvp30cad2k6"},"id":"9ewzlhbn7t1wigg","previousOperationId":"g5808spytxil16l"}
{"type":"operationStart","subtype":"engine","name":"handlebars","timestamp":1718987435146,"id":"pewbs5dwa9qp94o","previousEventId":"4dozo9z56bvum3n","operationId":"q380opkn3dprylt","previousOperationId":"g5808spytxil16l"}
{"type":"log","timestamp":1718987435146,"level":"debug","message":"Rendering engine handlebars","meta":{"rootId":"5h6jrvp30cad2k6","id":"5h6jrvp30cad2k6"},"id":"6xm2sz0obkoeqkp","previousOperationId":"q380opkn3dprylt"}
{"type":"operationEnd","operationId":"q380opkn3dprylt","timestamp":1718987435176,"id":"u1rd5i4qv92x2tg","previousEventId":"pewbs5dwa9qp94o","previousOperationId":"q380opkn3dprylt"}
{"type":"operationStart","subtype":"recipe","name":"chrome-pdf","timestamp":1718987435176,"id":"ki4rsn0jzkq8beg","previousEventId":"u1rd5i4qv92x2tg","operationId":"5ar3rzhmuofntla","previousOperationId":"q380opkn3dprylt"}
{"type":"log","timestamp":1718987435176,"level":"debug","message":"Executing recipe chrome-pdf","meta":{"rootId":"5h6jrvp30cad2k6","id":"5h6jrvp30cad2k6"},"id":"xkd7h8sh6ub7edt","previousOperationId":"5ar3rzhmuofntla"}
{"type":"log","timestamp":1718987435212,"level":"debug","message":"Converting with chrome Chrome/126.0.6478.61 using chrome-pool strategy","meta":{"rootId":"5h6jrvp30cad2k6","id":"5h6jrvp30cad2k6"},"id":"146gb8nnmo8nlbz","previousOperationId":"5ar3rzhmuofntla"}
{"type":"log","timestamp":1718987435714,"level":"debug","message":"Page request: GET (document) file:///var/folders/2x/1bhfw9mx7d775w_jmf56lcp80000gn/T/jsreport/autocleanup/a6e35977-818e-4eb1-9d8c-ae2dd3610616-chrome-pdf.html","meta":{"rootId":"5h6jrvp30cad2k6","id":"5h6jrvp30cad2k6"},"id":"gwitg1civq3o5b2","previousOperationId":"5ar3rzhmuofntla"}
{"type":"log","timestamp":1718987435733,"level":"debug","message":"Page request finished: GET (document) 200 file:///var/folders/2x/1bhfw9mx7d775w_jmf56lcp80000gn/T/jsreport/autocleanup/a6e35977-818e-4eb1-9d8c-ae2dd3610616-chrome-pdf.html","meta":{"rootId":"5h6jrvp30cad2k6","id":"5h6jrvp30cad2k6"},"id":"rw673864ri9u9z0","previousOperationId":"5ar3rzhmuofntla"}
{"type":"log","timestamp":1718987435735,"level":"debug","message":"Page request: GET (stylesheet) https://cdnjs.cloudflare.com/ajax/libs/metro/4.1.5/css/metro.min.css","meta":{"rootId":"5h6jrvp30cad2k6","id":"5h6jrvp30cad2k6"},"id":"syrtloh2kgxjwta","previousOperationId":"5ar3rzhmuofntla"}
{"type":"log","timestamp":1718987435736,"level":"debug","message":"Page request: GET (script) https://cdnjs.cloudflare.com/ajax/libs/Chart.js/2.7.2/Chart.min.js","meta":{"rootId":"5h6jrvp30cad2k6","id":"5h6jrvp30cad2k6"},"id":"ap9s4lzjctfdnim","previousOperationId":"5ar3rzhmuofntla"}
{"type":"log","timestamp":1718987435750,"level":"debug","message":"Page request finished: GET (stylesheet) 200 https://cdnjs.cloudflare.com/ajax/libs/metro/4.1.5/css/metro.min.css","meta":{"rootId":"5h6jrvp30cad2k6","id":"5h6jrvp30cad2k6"},"id":"let5e5341bhdlul","previousOperationId":"5ar3rzhmuofntla"}
{"type":"log","timestamp":1718987435750,"level":"debug","message":"Page request finished: GET (script) 200 https://cdnjs.cloudflare.com/ajax/libs/Chart.js/2.7.2/Chart.min.js","meta":{"rootId":"5h6jrvp30cad2k6","id":"5h6jrvp30cad2k6"},"id":"s2eum4h2c9tjni3","previousOperationId":"5ar3rzhmuofntla"}
{"type":"log","timestamp":1718987435781,"level":"debug","message":"Running chrome with params {\"timeout\":59944,\"margin\":{},\"printBackground\":true}","meta":{"rootId":"5h6jrvp30cad2k6","id":"5h6jrvp30cad2k6"},"id":"n5xd2m1kz20liiz","previousOperationId":"5ar3rzhmuofntla"}
{"type":"operationEnd","operationId":"5ar3rzhmuofntla","timestamp":1718987435863,"id":"sl7iq79jqklnhoc","previousEventId":"ki4rsn0jzkq8beg","previousOperationId":"5ar3rzhmuofntla"}
{"type":"log","timestamp":1718987435863,"level":"debug","message":"Skipping storing report.","meta":{"rootId":"5h6jrvp30cad2k6","id":"5h6jrvp30cad2k6"},"id":"1oofvm3twff65w2","previousOperationId":"5ar3rzhmuofntla"}
{"type":"log","timestamp":1718987435863,"level":"info","message":"Rendering request 11 finished in 740 ms","meta":{"rootId":"5h6jrvp30cad2k6","id":"5h6jrvp30cad2k6"},"id":"3kxqpc7hzvwo6si","previousOperationId":"5ar3rzhmuofntla"}
{"type":"operationEnd","subtype":"render","operationId":"g5808spytxil16l","timestamp":1718987435863,"id":"xmyv4jzhag5rlb7","previousEventId":"sl7iq79jqklnhoc","previousOperationId":"5ar3rzhmuofntla"}
{"type":"operationEnd","doDiffs":false,"previousEventId":"jhha4nvpbavqvm6","previousOperationId":"b43lgg46q0gdaas","operationId":"b43lgg46q0gdaas","timestamp":1718987435864,"id":"b07smgiggbknqva"}
