{"type":"operationStart","subtype":"profile","data":{"_id":"jejVD4YVXnSsQi7b","timestamp":"2024-06-21T20:25:12.229Z","state":"queued","mode":"standard","creationDate":"2024-06-21T20:25:12.232Z","modificationDate":"2024-06-21T20:25:12.232Z","shortid":"UvHECYE","$entitySet":"profiles"},"doDiffs":false,"timestamp":1719001512230,"id":"otnat1juztna175","previousOperationId":null,"operationId":"bamuzdnmwcnhnns"}
{"type":"log","level":"info","message":"Render request 78 queued for execution and waiting for available worker","previousOperationId":"bamuzdnmwcnhnns","timestamp":1719001512230,"id":"vbsf3o64p77xdc8"}
{"type":"operationStart","subtype":"render","name":"anonymous","previousOperationId":"bamuzdnmwcnhnns","timestamp":1719001512248,"id":"5z30q85onh4kxbh","previousEventId":"otnat1juztna175","operationId":"p8tfrimb9s62pha"}
{"type":"log","timestamp":1719001512249,"level":"info","message":"Starting rendering request 78","meta":{"rootId":"5l6q6r1nyajz19l","id":"5l6q6r1nyajz19l"},"id":"qadhpz08y90qkap","previousOperationId":"p8tfrimb9s62pha"}
{"type":"log","timestamp":1719001512251,"level":"info","message":"Rendering anonymous template { recipe: chrome-pdf, engine: handlebars }","meta":{"rootId":"5l6q6r1nyajz19l","id":"5l6q6r1nyajz19l"},"id":"5c56xuxez583r6l","previousOperationId":"p8tfrimb9s62pha"}
{"type":"log","timestamp":1719001512251,"level":"debug","message":"Inline data specified.","meta":{"rootId":"5l6q6r1nyajz19l","id":"5l6q6r1nyajz19l"},"id":"rc945rgcbkarhy0","previousOperationId":"p8tfrimb9s62pha"}
{"type":"log","timestamp":1719001512253,"level":"debug","message":"Base url not specified, skipping its injection.","meta":{"rootId":"5l6q6r1nyajz19l","id":"5l6q6r1nyajz19l"},"id":"6u8qdte9u86g4p1","previousOperationId":"p8tfrimb9s62pha"}
{"type":"operationStart","subtype":"engine","name":"handlebars","timestamp":1719001512255,"id":"tboo35jpqu3v4p3","previousEventId":"5z30q85onh4kxbh","operationId":"put3818m1rcmxqn","previousOperationId":"p8tfrimb9s62pha"}
{"type":"log","timestamp":1719001512255,"level":"debug","message":"Rendering engine handlebars","meta":{"rootId":"5l6q6r1nyajz19l","id":"5l6q6r1nyajz19l"},"id":"2ytzg57anx7ycau","previousOperationId":"put3818m1rcmxqn"}
{"type":"operationEnd","operationId":"put3818m1rcmxqn","timestamp":1719001512340,"id":"2yjxk042z603tuv","previousEventId":"tboo35jpqu3v4p3","previousOperationId":"put3818m1rcmxqn"}
{"type":"operationStart","subtype":"recipe","name":"chrome-pdf","timestamp":1719001512342,"id":"iwsf2g91cynv7k3","previousEventId":"2yjxk042z603tuv","operationId":"9yz5pwdh2q9uoii","previousOperationId":"put3818m1rcmxqn"}
{"type":"log","timestamp":1719001512342,"level":"debug","message":"Executing recipe chrome-pdf","meta":{"rootId":"5l6q6r1nyajz19l","id":"5l6q6r1nyajz19l"},"id":"g39qbcz5w86o58h","previousOperationId":"9yz5pwdh2q9uoii"}
{"type":"log","timestamp":1719001514157,"level":"debug","message":"Converting with chrome Chrome/126.0.6478.61 using chrome-pool strategy","meta":{"rootId":"5l6q6r1nyajz19l","id":"5l6q6r1nyajz19l"},"id":"c3rjj17b97dqwtg","previousOperationId":"9yz5pwdh2q9uoii"}
{"type":"log","timestamp":1719001514357,"level":"debug","message":"Page request: GET (document) file:///var/folders/2x/1bhfw9mx7d775w_jmf56lcp80000gn/T/jsreport/autocleanup/13c9802f-209d-4f8b-8aba-1df1609322a5-chrome-pdf.html","meta":{"rootId":"5l6q6r1nyajz19l","id":"5l6q6r1nyajz19l"},"id":"a7j6ed1zbt7k8pd","previousOperationId":"9yz5pwdh2q9uoii"}
{"type":"log","timestamp":1719001514370,"level":"debug","message":"Page request finished: GET (document) 200 file:///var/folders/2x/1bhfw9mx7d775w_jmf56lcp80000gn/T/jsreport/autocleanup/13c9802f-209d-4f8b-8aba-1df1609322a5-chrome-pdf.html","meta":{"rootId":"5l6q6r1nyajz19l","id":"5l6q6r1nyajz19l"},"id":"7egqz2kc56mg5tg","previousOperationId":"9yz5pwdh2q9uoii"}
{"type":"log","timestamp":1719001514372,"level":"debug","message":"Page request: GET (stylesheet) https://cdnjs.cloudflare.com/ajax/libs/metro/4.1.5/css/metro.min.css","meta":{"rootId":"5l6q6r1nyajz19l","id":"5l6q6r1nyajz19l"},"id":"yshl1j7xbxf0xse","previousOperationId":"9yz5pwdh2q9uoii"}
{"type":"log","timestamp":1719001514372,"level":"debug","message":"Page request: GET (script) https://cdnjs.cloudflare.com/ajax/libs/Chart.js/2.7.2/Chart.min.js","meta":{"rootId":"5l6q6r1nyajz19l","id":"5l6q6r1nyajz19l"},"id":"w2kre5wb4ctsy0s","previousOperationId":"9yz5pwdh2q9uoii"}
{"type":"log","timestamp":1719001514469,"level":"debug","message":"Page request finished: GET (stylesheet) 200 https://cdnjs.cloudflare.com/ajax/libs/metro/4.1.5/css/metro.min.css","meta":{"rootId":"5l6q6r1nyajz19l","id":"5l6q6r1nyajz19l"},"id":"le9lcyezm7vqi2m","previousOperationId":"9yz5pwdh2q9uoii"}
{"type":"log","timestamp":1719001514473,"level":"debug","message":"Page request finished: GET (script) 200 https://cdnjs.cloudflare.com/ajax/libs/Chart.js/2.7.2/Chart.min.js","meta":{"rootId":"5l6q6r1nyajz19l","id":"5l6q6r1nyajz19l"},"id":"a6z885vd6dk0baj","previousOperationId":"9yz5pwdh2q9uoii"}
{"type":"log","timestamp":1719001514507,"level":"debug","message":"Running chrome with params {\"timeout\":59877,\"margin\":{},\"printBackground\":true}","meta":{"rootId":"5l6q6r1nyajz19l","id":"5l6q6r1nyajz19l"},"id":"v5clk11ugd4pn9c","previousOperationId":"9yz5pwdh2q9uoii"}
{"type":"operationEnd","operationId":"9yz5pwdh2q9uoii","timestamp":1719001514678,"id":"8ui801k9wb4ipt4","previousEventId":"iwsf2g91cynv7k3","previousOperationId":"9yz5pwdh2q9uoii"}
{"type":"log","timestamp":1719001514678,"level":"debug","message":"Skipping storing report.","meta":{"rootId":"5l6q6r1nyajz19l","id":"5l6q6r1nyajz19l"},"id":"ol5rko84dhsag8f","previousOperationId":"9yz5pwdh2q9uoii"}
{"type":"log","timestamp":1719001514678,"level":"info","message":"Rendering request 78 finished in 2455 ms","meta":{"rootId":"5l6q6r1nyajz19l","id":"5l6q6r1nyajz19l"},"id":"2uwd67ezc3xt9b5","previousOperationId":"9yz5pwdh2q9uoii"}
{"type":"operationEnd","subtype":"render","operationId":"p8tfrimb9s62pha","timestamp":1719001514678,"id":"klf9el2v66871pd","previousEventId":"8ui801k9wb4ipt4","previousOperationId":"9yz5pwdh2q9uoii"}
{"type":"operationEnd","doDiffs":false,"previousEventId":"otnat1juztna175","previousOperationId":"bamuzdnmwcnhnns","operationId":"bamuzdnmwcnhnns","timestamp":1719001514679,"id":"o5s6c7m21yvphkg"}
