{"type":"operationStart","subtype":"profile","data":{"_id":"VsGnURixEhwpc6td","timestamp":"2024-06-24T15:17:11.286Z","state":"queued","mode":"standard","creationDate":"2024-06-24T15:17:11.288Z","modificationDate":"2024-06-24T15:17:11.288Z","shortid":"C2zpu10","$entitySet":"profiles"},"doDiffs":false,"timestamp":1719242231287,"id":"b37kp78xvimv2hf","previousOperationId":null,"operationId":"tdm2vm0s9ieu4x9"}
{"type":"log","level":"info","message":"Render request 3 queued for execution and waiting for available worker","previousOperationId":"tdm2vm0s9ieu4x9","timestamp":1719242231287,"id":"nwb9z8hppbyur08"}
{"type":"operationStart","subtype":"render","name":"anonymous","previousOperationId":"tdm2vm0s9ieu4x9","timestamp":1719242231304,"id":"9fo5nxf7mv23m7i","previousEventId":"b37kp78xvimv2hf","operationId":"fsvzxvgivea62ua"}
{"type":"log","timestamp":1719242231305,"level":"info","message":"Starting rendering request 3","meta":{"rootId":"5t8ou81oyqev6r4","id":"5t8ou81oyqev6r4"},"id":"w8epypv0k49rlje","previousOperationId":"fsvzxvgivea62ua"}
{"type":"log","timestamp":1719242231305,"level":"info","message":"Rendering anonymous template { recipe: chrome-pdf, engine: handlebars }","meta":{"rootId":"5t8ou81oyqev6r4","id":"5t8ou81oyqev6r4"},"id":"a7nzupmaaad6a5h","previousOperationId":"fsvzxvgivea62ua"}
{"type":"log","timestamp":1719242231305,"level":"debug","message":"Inline data specified.","meta":{"rootId":"5t8ou81oyqev6r4","id":"5t8ou81oyqev6r4"},"id":"wrdu8p0up5qkyo4","previousOperationId":"fsvzxvgivea62ua"}
{"type":"log","timestamp":1719242231306,"level":"debug","message":"Base url not specified, skipping its injection.","meta":{"rootId":"5t8ou81oyqev6r4","id":"5t8ou81oyqev6r4"},"id":"b76mklx2knwj496","previousOperationId":"fsvzxvgivea62ua"}
{"type":"operationStart","subtype":"engine","name":"handlebars","timestamp":1719242231308,"id":"fp9to4s8jtf1x98","previousEventId":"9fo5nxf7mv23m7i","operationId":"ki85wxaovz8ji8c","previousOperationId":"fsvzxvgivea62ua"}
{"type":"log","timestamp":1719242231309,"level":"debug","message":"Rendering engine handlebars","meta":{"rootId":"5t8ou81oyqev6r4","id":"5t8ou81oyqev6r4"},"id":"z3naildffuq1x3h","previousOperationId":"ki85wxaovz8ji8c"}
{"type":"operationEnd","operationId":"ki85wxaovz8ji8c","timestamp":1719242231322,"id":"73zjcw4daop1rfs","previousEventId":"fp9to4s8jtf1x98","previousOperationId":"ki85wxaovz8ji8c"}
{"type":"operationStart","subtype":"recipe","name":"chrome-pdf","timestamp":1719242231323,"id":"gl9ey7moycnvzi9","previousEventId":"73zjcw4daop1rfs","operationId":"jc2tarj8ihtb7a1","previousOperationId":"ki85wxaovz8ji8c"}
{"type":"log","timestamp":1719242231323,"level":"debug","message":"Executing recipe chrome-pdf","meta":{"rootId":"5t8ou81oyqev6r4","id":"5t8ou81oyqev6r4"},"id":"z8ilcsys7rh5xzy","previousOperationId":"jc2tarj8ihtb7a1"}
{"type":"log","timestamp":1719242231332,"level":"debug","message":"Converting with chrome Chrome/126.0.6478.61 using chrome-pool strategy","meta":{"rootId":"5t8ou81oyqev6r4","id":"5t8ou81oyqev6r4"},"id":"j65n81i2r30ohyy","previousOperationId":"jc2tarj8ihtb7a1"}
{"type":"log","timestamp":1719242231615,"level":"debug","message":"Page request: GET (document) file:///var/folders/2x/1bhfw9mx7d775w_jmf56lcp80000gn/T/jsreport/autocleanup/b65780b0-1189-4fe2-8406-1898a3c839a3-chrome-pdf.html","meta":{"rootId":"5t8ou81oyqev6r4","id":"5t8ou81oyqev6r4"},"id":"wesmmmxsgl4qsvq","previousOperationId":"jc2tarj8ihtb7a1"}
{"type":"log","timestamp":1719242231636,"level":"debug","message":"Page request finished: GET (document) 200 file:///var/folders/2x/1bhfw9mx7d775w_jmf56lcp80000gn/T/jsreport/autocleanup/b65780b0-1189-4fe2-8406-1898a3c839a3-chrome-pdf.html","meta":{"rootId":"5t8ou81oyqev6r4","id":"5t8ou81oyqev6r4"},"id":"oslkoukc34gkwzl","previousOperationId":"jc2tarj8ihtb7a1"}
{"type":"log","timestamp":1719242231639,"level":"debug","message":"Page request: GET (stylesheet) https://cdnjs.cloudflare.com/ajax/libs/metro/4.1.5/css/metro.min.css","meta":{"rootId":"5t8ou81oyqev6r4","id":"5t8ou81oyqev6r4"},"id":"h4rg8cavp89gu8o","previousOperationId":"jc2tarj8ihtb7a1"}
{"type":"log","timestamp":1719242231639,"level":"debug","message":"Page request: GET (script) https://cdnjs.cloudflare.com/ajax/libs/Chart.js/2.7.2/Chart.min.js","meta":{"rootId":"5t8ou81oyqev6r4","id":"5t8ou81oyqev6r4"},"id":"gb9tjzbx6z1zxy2","previousOperationId":"jc2tarj8ihtb7a1"}
{"type":"log","timestamp":1719242231652,"level":"debug","message":"Page request finished: GET (stylesheet) 200 https://cdnjs.cloudflare.com/ajax/libs/metro/4.1.5/css/metro.min.css","meta":{"rootId":"5t8ou81oyqev6r4","id":"5t8ou81oyqev6r4"},"id":"jr74089zto5wb2n","previousOperationId":"jc2tarj8ihtb7a1"}
{"type":"log","timestamp":1719242231652,"level":"debug","message":"Page request finished: GET (script) 200 https://cdnjs.cloudflare.com/ajax/libs/Chart.js/2.7.2/Chart.min.js","meta":{"rootId":"5t8ou81oyqev6r4","id":"5t8ou81oyqev6r4"},"id":"98c88g183c9nvyi","previousOperationId":"jc2tarj8ihtb7a1"}
{"type":"log","timestamp":1719242231695,"level":"debug","message":"Running chrome with params {\"marginTop\":\"4cm\",\"marginRight\":\"1.5cm\",\"marginLeft\":\"1.5cm\",\"marginBottom\":\"1.5cm\",\"timeout\":59955,\"margin\":{\"top\":\"4cm\",\"right\":\"1.5cm\",\"bottom\":\"1.5cm\",\"left\":\"1.5cm\"},\"printBackground\":true}","meta":{"rootId":"5t8ou81oyqev6r4","id":"5t8ou81oyqev6r4"},"id":"kf6p39cype2kwap","previousOperationId":"jc2tarj8ihtb7a1"}
{"type":"operationEnd","operationId":"jc2tarj8ihtb7a1","timestamp":1719242231861,"id":"a6j24bsmbgtuxvx","previousEventId":"gl9ey7moycnvzi9","previousOperationId":"jc2tarj8ihtb7a1"}
{"type":"log","timestamp":1719242231861,"level":"debug","message":"Skipping storing report.","meta":{"rootId":"5t8ou81oyqev6r4","id":"5t8ou81oyqev6r4"},"id":"o07jlit4910kgdh","previousOperationId":"jc2tarj8ihtb7a1"}
{"type":"log","timestamp":1719242231861,"level":"info","message":"Rendering request 3 finished in 581 ms","meta":{"rootId":"5t8ou81oyqev6r4","id":"5t8ou81oyqev6r4"},"id":"flap0qrotufgaya","previousOperationId":"jc2tarj8ihtb7a1"}
{"type":"operationEnd","subtype":"render","operationId":"fsvzxvgivea62ua","timestamp":1719242231861,"id":"vwirpv1hzb35uzo","previousEventId":"a6j24bsmbgtuxvx","previousOperationId":"jc2tarj8ihtb7a1"}
{"type":"operationEnd","doDiffs":false,"previousEventId":"b37kp78xvimv2hf","previousOperationId":"tdm2vm0s9ieu4x9","operationId":"tdm2vm0s9ieu4x9","timestamp":1719242231862,"id":"dozwdjxwn0jxu7f"}
