{"type":"operationStart","subtype":"profile","data":{"_id":"3Q3BYNR6O4L1da7p","timestamp":"2024-06-21T16:47:12.717Z","state":"queued","mode":"standard","creationDate":"2024-06-21T16:47:12.719Z","modificationDate":"2024-06-21T16:47:12.719Z","shortid":"7KHQcMH","$entitySet":"profiles"},"doDiffs":false,"timestamp":1718988432718,"id":"umfjqd20d7h075r","previousOperationId":null,"operationId":"0mywdizacvy5cmq"}
{"type":"log","level":"info","message":"Render request 22 queued for execution and waiting for available worker","previousOperationId":"0mywdizacvy5cmq","timestamp":1718988432718,"id":"l8mjyydj84lpwf3"}
{"type":"operationStart","subtype":"render","name":"anonymous","previousOperationId":"0mywdizacvy5cmq","timestamp":1718988432726,"id":"l78t4iucx1hgaii","previousEventId":"umfjqd20d7h075r","operationId":"dykyi9ev6jdir60"}
{"type":"log","timestamp":1718988432726,"level":"info","message":"Starting rendering request 22","meta":{"rootId":"63r84y8xx4wm4tw","id":"63r84y8xx4wm4tw"},"id":"7op4ntdoqc6b8p3","previousOperationId":"dykyi9ev6jdir60"}
{"type":"log","timestamp":1718988432726,"level":"info","message":"Rendering anonymous template { recipe: chrome-pdf, engine: handlebars }","meta":{"rootId":"63r84y8xx4wm4tw","id":"63r84y8xx4wm4tw"},"id":"dbsfd2cz74q9urr","previousOperationId":"dykyi9ev6jdir60"}
{"type":"log","timestamp":1718988432727,"level":"debug","message":"Inline data specified.","meta":{"rootId":"63r84y8xx4wm4tw","id":"63r84y8xx4wm4tw"},"id":"47fp0359ngjfz7f","previousOperationId":"dykyi9ev6jdir60"}
{"type":"log","timestamp":1718988432728,"level":"debug","message":"Base url not specified, skipping its injection.","meta":{"rootId":"63r84y8xx4wm4tw","id":"63r84y8xx4wm4tw"},"id":"0mgxludyttxznue","previousOperationId":"dykyi9ev6jdir60"}
{"type":"operationStart","subtype":"engine","name":"handlebars","timestamp":1718988432729,"id":"zxw6svn0j6lc21k","previousEventId":"l78t4iucx1hgaii","operationId":"7fq5h4404m1f73j","previousOperationId":"dykyi9ev6jdir60"}
{"type":"log","timestamp":1718988432729,"level":"debug","message":"Rendering engine handlebars","meta":{"rootId":"63r84y8xx4wm4tw","id":"63r84y8xx4wm4tw"},"id":"lon1j7wwb08t1xu","previousOperationId":"7fq5h4404m1f73j"}
{"type":"operationEnd","operationId":"7fq5h4404m1f73j","timestamp":1718988432734,"id":"ajov8erweo3wtes","previousEventId":"zxw6svn0j6lc21k","previousOperationId":"7fq5h4404m1f73j"}
{"type":"operationStart","subtype":"recipe","name":"chrome-pdf","timestamp":1718988432734,"id":"rv3yn0rabqowt0u","previousEventId":"ajov8erweo3wtes","operationId":"ylsw52nausv0pp4","previousOperationId":"7fq5h4404m1f73j"}
{"type":"log","timestamp":1718988432734,"level":"debug","message":"Executing recipe chrome-pdf","meta":{"rootId":"63r84y8xx4wm4tw","id":"63r84y8xx4wm4tw"},"id":"fvtwb95poc1uryd","previousOperationId":"ylsw52nausv0pp4"}
{"type":"log","timestamp":1718988432736,"level":"debug","message":"Starting child request to render pdf header","meta":{"rootId":"63r84y8xx4wm4tw","id":"63r84y8xx4wm4tw"},"id":"5ln0tnyxo8u2gjq","previousOperationId":"ylsw52nausv0pp4"}
{"type":"operationStart","subtype":"render","name":"anonymous","previousOperationId":"ylsw52nausv0pp4","timestamp":1718988432736,"id":"d74fco9h97lsdnj","previousEventId":"rv3yn0rabqowt0u","operationId":"q5u3kj41j1mr4fp"}
{"type":"log","timestamp":1718988432736,"level":"info","message":"Starting rendering (child) request","meta":{"rootId":"63r84y8xx4wm4tw","id":"jxdlvbw2ijqdvqt"},"id":"cdjjew8tujmof2n","previousOperationId":"q5u3kj41j1mr4fp"}
{"type":"log","timestamp":1718988432736,"level":"info","message":"Rendering anonymous template { recipe: html, engine: handlebars }","meta":{"rootId":"63r84y8xx4wm4tw","id":"jxdlvbw2ijqdvqt"},"id":"2ndzxfvq899t8mb","previousOperationId":"q5u3kj41j1mr4fp"}
{"type":"log","timestamp":1718988432736,"level":"debug","message":"Inline data specified.","meta":{"rootId":"63r84y8xx4wm4tw","id":"jxdlvbw2ijqdvqt"},"id":"iam0fasiorlx1f0","previousOperationId":"q5u3kj41j1mr4fp"}
{"type":"log","timestamp":1718988432736,"level":"debug","message":"Base url not specified, skipping its injection.","meta":{"rootId":"63r84y8xx4wm4tw","id":"jxdlvbw2ijqdvqt"},"id":"2dvsbdjmpdkcacs","previousOperationId":"q5u3kj41j1mr4fp"}
{"type":"operationStart","subtype":"engine","name":"handlebars","timestamp":1718988432736,"id":"br7n36ksldp54hv","previousEventId":"d74fco9h97lsdnj","operationId":"lyvmxo0jem58itb","previousOperationId":"q5u3kj41j1mr4fp"}
{"type":"log","timestamp":1718988432736,"level":"debug","message":"Rendering engine handlebars","meta":{"rootId":"63r84y8xx4wm4tw","id":"jxdlvbw2ijqdvqt"},"id":"i8wyhi3mxhkldne","previousOperationId":"lyvmxo0jem58itb"}
{"type":"operationEnd","operationId":"lyvmxo0jem58itb","timestamp":1718988432740,"id":"xifq2a4befu2gl7","previousEventId":"br7n36ksldp54hv","previousOperationId":"lyvmxo0jem58itb"}
{"type":"operationStart","subtype":"recipe","name":"html","timestamp":1718988432740,"id":"obdxa3rewopz0aw","previousEventId":"xifq2a4befu2gl7","operationId":"6ka5nn3zzv05qz6","previousOperationId":"lyvmxo0jem58itb"}
{"type":"log","timestamp":1718988432740,"level":"debug","message":"Executing recipe html","meta":{"rootId":"63r84y8xx4wm4tw","id":"jxdlvbw2ijqdvqt"},"id":"3ry5864muifxtuk","previousOperationId":"6ka5nn3zzv05qz6"}
{"type":"operationEnd","operationId":"6ka5nn3zzv05qz6","timestamp":1718988432740,"id":"dy7z03l6v91uq7d","previousEventId":"obdxa3rewopz0aw","previousOperationId":"6ka5nn3zzv05qz6"}
{"type":"log","timestamp":1718988432740,"level":"debug","message":"Skipping storing report.","meta":{"rootId":"63r84y8xx4wm4tw","id":"jxdlvbw2ijqdvqt"},"id":"mjcg6aerslwixxz","previousOperationId":"6ka5nn3zzv05qz6"}
{"type":"log","timestamp":1718988432740,"level":"info","message":"Rendering (child) request finished in 24 ms","meta":{"rootId":"63r84y8xx4wm4tw","id":"jxdlvbw2ijqdvqt"},"id":"0uur0i3ewa27tv9","previousOperationId":"6ka5nn3zzv05qz6"}
{"type":"operationEnd","subtype":"render","operationId":"q5u3kj41j1mr4fp","timestamp":1718988432740,"id":"5s5gxmlewom95lv","previousEventId":"dy7z03l6v91uq7d","previousOperationId":"6ka5nn3zzv05qz6"}
{"type":"log","timestamp":1718988432753,"level":"debug","message":"Converting with chrome Chrome/126.0.6478.61 using chrome-pool strategy","meta":{"rootId":"63r84y8xx4wm4tw","id":"63r84y8xx4wm4tw"},"id":"jaq92exmufrzxdr","previousOperationId":"ylsw52nausv0pp4"}
{"type":"log","timestamp":1718988433164,"level":"debug","message":"Page request: GET (document) file:///var/folders/2x/1bhfw9mx7d775w_jmf56lcp80000gn/T/jsreport/autocleanup/dc619a99-d018-48d5-9f8e-86d435a0fa77-chrome-pdf.html","meta":{"rootId":"63r84y8xx4wm4tw","id":"63r84y8xx4wm4tw"},"id":"blnbm2hyl0cf8eh","previousOperationId":"ylsw52nausv0pp4"}
{"type":"log","timestamp":1718988433186,"level":"debug","message":"Page request finished: GET (document) 200 file:///var/folders/2x/1bhfw9mx7d775w_jmf56lcp80000gn/T/jsreport/autocleanup/dc619a99-d018-48d5-9f8e-86d435a0fa77-chrome-pdf.html","meta":{"rootId":"63r84y8xx4wm4tw","id":"63r84y8xx4wm4tw"},"id":"fmkj25oeahl3veh","previousOperationId":"ylsw52nausv0pp4"}
{"type":"log","timestamp":1718988433218,"level":"debug","message":"Running chrome with params {\"headerTemplate\":\"...\",\"width\":\"300px\",\"timeout\":59976,\"margin\":{},\"printBackground\":true}","meta":{"rootId":"63r84y8xx4wm4tw","id":"63r84y8xx4wm4tw"},"id":"epg7torvbjf1wb1","previousOperationId":"ylsw52nausv0pp4"}
{"type":"operationEnd","operationId":"ylsw52nausv0pp4","timestamp":1718988433326,"id":"ogwm9f9i859nhld","previousEventId":"rv3yn0rabqowt0u","previousOperationId":"ylsw52nausv0pp4"}
{"type":"log","timestamp":1718988433326,"level":"debug","message":"Skipping storing report.","meta":{"rootId":"63r84y8xx4wm4tw","id":"63r84y8xx4wm4tw"},"id":"vy86rzfgrfq4f3c","previousOperationId":"ylsw52nausv0pp4"}
{"type":"log","timestamp":1718988433326,"level":"info","message":"Rendering request 22 finished in 610 ms","meta":{"rootId":"63r84y8xx4wm4tw","id":"63r84y8xx4wm4tw"},"id":"3ais5zjoz1m0tf8","previousOperationId":"ylsw52nausv0pp4"}
{"type":"operationEnd","subtype":"render","operationId":"dykyi9ev6jdir60","timestamp":1718988433326,"id":"dvwgmi010e156rd","previousEventId":"ogwm9f9i859nhld","previousOperationId":"ylsw52nausv0pp4"}
{"type":"operationEnd","doDiffs":false,"previousEventId":"umfjqd20d7h075r","previousOperationId":"0mywdizacvy5cmq","operationId":"0mywdizacvy5cmq","timestamp":1718988433327,"id":"y51pbbfcx5h2ed8"}
