{"type":"operationStart","subtype":"profile","data":{"_id":"StGnSVKYWiHq5wHC","timestamp":"2024-06-21T22:43:04.430Z","state":"queued","mode":"standard","creationDate":"2024-06-21T22:43:04.432Z","modificationDate":"2024-06-21T22:43:04.432Z","shortid":"KkHGhaH","$entitySet":"profiles"},"doDiffs":false,"timestamp":1719009784431,"id":"ixmenkbgvolpvg2","previousOperationId":null,"operationId":"ukwkr03d1lgt135"}
{"type":"log","level":"info","message":"Render request 160 queued for execution and waiting for available worker","previousOperationId":"ukwkr03d1lgt135","timestamp":1719009784431,"id":"nhem1sawi7jmimw"}
{"type":"operationStart","subtype":"render","name":"anonymous","previousOperationId":"ukwkr03d1lgt135","timestamp":1719009784436,"id":"nxfooke675ix2il","previousEventId":"ixmenkbgvolpvg2","operationId":"7j9txr0guhbpbw2"}
{"type":"log","timestamp":1719009784436,"level":"info","message":"Starting rendering request 160","meta":{"rootId":"67dxf00bpb24sjt","id":"67dxf00bpb24sjt"},"id":"uduwpmusfml9zxj","previousOperationId":"7j9txr0guhbpbw2"}
{"type":"log","timestamp":1719009784436,"level":"info","message":"Rendering anonymous template { recipe: chrome-pdf, engine: handlebars }","meta":{"rootId":"67dxf00bpb24sjt","id":"67dxf00bpb24sjt"},"id":"zhtlmv3zllr2qbr","previousOperationId":"7j9txr0guhbpbw2"}
{"type":"log","timestamp":1719009784436,"level":"debug","message":"Inline data specified.","meta":{"rootId":"67dxf00bpb24sjt","id":"67dxf00bpb24sjt"},"id":"wplnkl9em8wipxe","previousOperationId":"7j9txr0guhbpbw2"}
{"type":"log","timestamp":1719009784437,"level":"debug","message":"Base url not specified, skipping its injection.","meta":{"rootId":"67dxf00bpb24sjt","id":"67dxf00bpb24sjt"},"id":"qhvss7xvlnhe5e7","previousOperationId":"7j9txr0guhbpbw2"}
{"type":"operationStart","subtype":"engine","name":"handlebars","timestamp":1719009784437,"id":"tmkf9j0ij1lij8c","previousEventId":"nxfooke675ix2il","operationId":"4xfyccb59v9vdr8","previousOperationId":"7j9txr0guhbpbw2"}
{"type":"log","timestamp":1719009784437,"level":"debug","message":"Rendering engine handlebars","meta":{"rootId":"67dxf00bpb24sjt","id":"67dxf00bpb24sjt"},"id":"tj42vnicx5rrh2w","previousOperationId":"4xfyccb59v9vdr8"}
{"type":"log","timestamp":1719009784450,"level":"debug","message":"(console:log) Pdf utils adding group field, value: \"France\"","meta":{"userLevel":true,"rootId":"67dxf00bpb24sjt","id":"67dxf00bpb24sjt"},"id":"coopznrrfh8667u","previousOperationId":"4xfyccb59v9vdr8"}
{"type":"log","timestamp":1719009784451,"level":"debug","message":"(console:log) Pdf utils adding group field, value: \"Germany\"","meta":{"userLevel":true,"rootId":"67dxf00bpb24sjt","id":"67dxf00bpb24sjt"},"id":"wkmmm546x5b1w5o","previousOperationId":"4xfyccb59v9vdr8"}
{"type":"operationEnd","operationId":"4xfyccb59v9vdr8","timestamp":1719009784451,"id":"1yqcvbuowxye5m9","previousEventId":"tmkf9j0ij1lij8c","previousOperationId":"4xfyccb59v9vdr8"}
{"type":"operationStart","subtype":"recipe","name":"chrome-pdf","timestamp":1719009784452,"id":"18wdxabn63536xe","previousEventId":"1yqcvbuowxye5m9","operationId":"mesbmesvwiu82yd","previousOperationId":"4xfyccb59v9vdr8"}
{"type":"log","timestamp":1719009784452,"level":"debug","message":"Executing recipe chrome-pdf","meta":{"rootId":"67dxf00bpb24sjt","id":"67dxf00bpb24sjt"},"id":"uvw9p2lf5e3w81y","previousOperationId":"mesbmesvwiu82yd"}
{"type":"log","timestamp":1719009784464,"level":"debug","message":"Converting with chrome Chrome/126.0.6478.61 using chrome-pool strategy","meta":{"rootId":"67dxf00bpb24sjt","id":"67dxf00bpb24sjt"},"id":"c8zx8jgensxeapp","previousOperationId":"mesbmesvwiu82yd"}
{"type":"log","timestamp":1719009784549,"level":"debug","message":"Page request: GET (document) file:///var/folders/2x/1bhfw9mx7d775w_jmf56lcp80000gn/T/jsreport/autocleanup/0ab46c04-3b23-48d3-9b80-8d05c6712a86-chrome-pdf.html","meta":{"rootId":"67dxf00bpb24sjt","id":"67dxf00bpb24sjt"},"id":"4l37akskh3zssy9","previousOperationId":"mesbmesvwiu82yd"}
{"type":"log","timestamp":1719009784553,"level":"debug","message":"Page request finished: GET (document) 200 file:///var/folders/2x/1bhfw9mx7d775w_jmf56lcp80000gn/T/jsreport/autocleanup/0ab46c04-3b23-48d3-9b80-8d05c6712a86-chrome-pdf.html","meta":{"rootId":"67dxf00bpb24sjt","id":"67dxf00bpb24sjt"},"id":"ob73urap83awtym","previousOperationId":"mesbmesvwiu82yd"}
{"type":"log","timestamp":1719009784553,"level":"debug","message":"Page request: GET (stylesheet) https://cdnjs.cloudflare.com/ajax/libs/metro/4.1.5/css/metro.min.css","meta":{"rootId":"67dxf00bpb24sjt","id":"67dxf00bpb24sjt"},"id":"828o6udy2tbh3gx","previousOperationId":"mesbmesvwiu82yd"}
{"type":"log","timestamp":1719009784553,"level":"debug","message":"Page request: GET (script) https://cdnjs.cloudflare.com/ajax/libs/Chart.js/2.7.2/Chart.min.js","meta":{"rootId":"67dxf00bpb24sjt","id":"67dxf00bpb24sjt"},"id":"fm4apm6x3eivpwr","previousOperationId":"mesbmesvwiu82yd"}
{"type":"log","timestamp":1719009784561,"level":"debug","message":"Page request finished: GET (stylesheet) 200 https://cdnjs.cloudflare.com/ajax/libs/metro/4.1.5/css/metro.min.css","meta":{"rootId":"67dxf00bpb24sjt","id":"67dxf00bpb24sjt"},"id":"5hiqghladpa2om5","previousOperationId":"mesbmesvwiu82yd"}
{"type":"log","timestamp":1719009784561,"level":"debug","message":"Page request finished: GET (script) 200 https://cdnjs.cloudflare.com/ajax/libs/Chart.js/2.7.2/Chart.min.js","meta":{"rootId":"67dxf00bpb24sjt","id":"67dxf00bpb24sjt"},"id":"hhmjc423xd833ef","previousOperationId":"mesbmesvwiu82yd"}
{"type":"log","timestamp":1719009784592,"level":"debug","message":"Running chrome with params {\"marginTop\":\"4cm\",\"marginRight\":\"1.5cm\",\"marginLeft\":\"1.5cm\",\"marginBottom\":\"1.5cm\",\"timeout\":59975,\"margin\":{\"top\":\"4cm\",\"right\":\"1.5cm\",\"bottom\":\"1.5cm\",\"left\":\"1.5cm\"},\"printBackground\":true}","meta":{"rootId":"67dxf00bpb24sjt","id":"67dxf00bpb24sjt"},"id":"f7v1tbyh57o8jzw","previousOperationId":"mesbmesvwiu82yd"}
{"type":"operationEnd","operationId":"mesbmesvwiu82yd","timestamp":1719009784749,"id":"q4bzv9x1fureadi","previousEventId":"18wdxabn63536xe","previousOperationId":"mesbmesvwiu82yd"}
{"type":"log","timestamp":1719009784749,"level":"info","message":"pdf-utils is starting pdf processing","meta":{"rootId":"67dxf00bpb24sjt","id":"67dxf00bpb24sjt"},"id":"smch7yw9iaoxor0","previousOperationId":"mesbmesvwiu82yd"}
{"type":"operationStart","subtype":"pdfUtils","name":"pdf utils","timestamp":1719009784749,"id":"4s6qoxqazr80y9e","previousEventId":"q4bzv9x1fureadi","operationId":"bh9z6ttfso6xmfu","previousOperationId":"mesbmesvwiu82yd"}
{"type":"log","timestamp":1719009784749,"level":"debug","message":"pdf-utils detected 1 pdf operation(s) to process","meta":{"rootId":"67dxf00bpb24sjt","id":"67dxf00bpb24sjt"},"id":"10kusvgyrw8qscj","previousOperationId":"bh9z6ttfso6xmfu"}
{"type":"log","timestamp":1719009784761,"level":"debug","message":"pdf-utils running pdf operation merge","meta":{"rootId":"67dxf00bpb24sjt","id":"67dxf00bpb24sjt"},"id":"59hf7notafdu8ol","previousOperationId":"bh9z6ttfso6xmfu"}
{"type":"operationStart","subtype":"pdfUtilsMerge","name":"pdf utils merge","previousOperationId":"bh9z6ttfso6xmfu","timestamp":1719009784761,"id":"w9rs6oedw9715if","previousEventId":"4s6qoxqazr80y9e","operationId":"32rx2s51lgeqhnk"}
{"type":"operationStart","subtype":"render","name":"anonymous","previousOperationId":"32rx2s51lgeqhnk","timestamp":1719009784761,"id":"8ky706gdwci3kkf","previousEventId":"w9rs6oedw9715if","operationId":"lc3wohqiz9no4mc"}
{"type":"log","timestamp":1719009784761,"level":"info","message":"Starting rendering (child) request","meta":{"rootId":"67dxf00bpb24sjt","id":"hpj9gc1zhdy64wd"},"id":"qynw3bk2dtragek","previousOperationId":"lc3wohqiz9no4mc"}
{"type":"log","timestamp":1719009784761,"level":"info","message":"Rendering anonymous template { recipe: chrome-pdf, engine: handlebars }","meta":{"rootId":"67dxf00bpb24sjt","id":"hpj9gc1zhdy64wd"},"id":"wl2r4xz9up0j2nt","previousOperationId":"lc3wohqiz9no4mc"}
{"type":"log","timestamp":1719009784761,"level":"debug","message":"Inline data specified.","meta":{"rootId":"67dxf00bpb24sjt","id":"hpj9gc1zhdy64wd"},"id":"7jpeffryzr420d7","previousOperationId":"lc3wohqiz9no4mc"}
{"type":"log","timestamp":1719009784761,"level":"debug","message":"Base url not specified, skipping its injection.","meta":{"rootId":"67dxf00bpb24sjt","id":"hpj9gc1zhdy64wd"},"id":"ggit54wof1mpsby","previousOperationId":"lc3wohqiz9no4mc"}
{"type":"operationStart","subtype":"engine","name":"handlebars","timestamp":1719009784762,"id":"1ltv4q5geyv4kji","previousEventId":"8ky706gdwci3kkf","operationId":"s7oouwfqrn0fl9d","previousOperationId":"lc3wohqiz9no4mc"}
{"type":"log","timestamp":1719009784762,"level":"debug","message":"Rendering engine handlebars","meta":{"rootId":"67dxf00bpb24sjt","id":"hpj9gc1zhdy64wd"},"id":"3msnofe0vhxb0fp","previousOperationId":"s7oouwfqrn0fl9d"}
{"type":"operationEnd","operationId":"s7oouwfqrn0fl9d","timestamp":1719009784767,"id":"kbce9ckoqxzgl29","previousEventId":"1ltv4q5geyv4kji","previousOperationId":"s7oouwfqrn0fl9d"}
{"type":"operationStart","subtype":"recipe","name":"chrome-pdf","timestamp":1719009784767,"id":"qpooufeaam7k4xb","previousEventId":"kbce9ckoqxzgl29","operationId":"t9vmkn15r9kyubg","previousOperationId":"s7oouwfqrn0fl9d"}
{"type":"log","timestamp":1719009784767,"level":"debug","message":"Executing recipe chrome-pdf","meta":{"rootId":"67dxf00bpb24sjt","id":"hpj9gc1zhdy64wd"},"id":"beqc3xy07zgiygm","previousOperationId":"t9vmkn15r9kyubg"}
{"type":"log","timestamp":1719009784770,"level":"debug","message":"Converting with chrome Chrome/126.0.6478.61 using chrome-pool strategy","meta":{"rootId":"67dxf00bpb24sjt","id":"hpj9gc1zhdy64wd"},"id":"e3s0h8ffalfp57a","previousOperationId":"t9vmkn15r9kyubg"}
{"type":"log","timestamp":1719009784830,"level":"debug","message":"Page request: GET (document) file:///var/folders/2x/1bhfw9mx7d775w_jmf56lcp80000gn/T/jsreport/autocleanup/774c015f-77bd-44be-a860-f06b4d11d7d0-chrome-pdf.html","meta":{"rootId":"67dxf00bpb24sjt","id":"hpj9gc1zhdy64wd"},"id":"klsssslgxl5lzi1","previousOperationId":"t9vmkn15r9kyubg"}
{"type":"log","timestamp":1719009784833,"level":"debug","message":"Page request finished: GET (document) 200 file:///var/folders/2x/1bhfw9mx7d775w_jmf56lcp80000gn/T/jsreport/autocleanup/774c015f-77bd-44be-a860-f06b4d11d7d0-chrome-pdf.html","meta":{"rootId":"67dxf00bpb24sjt","id":"hpj9gc1zhdy64wd"},"id":"m4fx0iqll9ijxl4","previousOperationId":"t9vmkn15r9kyubg"}
{"type":"log","timestamp":1719009784833,"level":"debug","message":"Page request: GET (stylesheet) https://cdnjs.cloudflare.com/ajax/libs/metro/4.1.5/css/metro.min.css","meta":{"rootId":"67dxf00bpb24sjt","id":"hpj9gc1zhdy64wd"},"id":"2x7svd3e5lkv7h2","previousOperationId":"t9vmkn15r9kyubg"}
{"type":"log","timestamp":1719009784839,"level":"debug","message":"Page request finished: GET (stylesheet) 200 https://cdnjs.cloudflare.com/ajax/libs/metro/4.1.5/css/metro.min.css","meta":{"rootId":"67dxf00bpb24sjt","id":"hpj9gc1zhdy64wd"},"id":"757rwb5uamrqxa1","previousOperationId":"t9vmkn15r9kyubg"}
{"type":"log","timestamp":1719009784859,"level":"debug","message":"Running chrome with params {\"timeout\":59663,\"margin\":{},\"printBackground\":true}","meta":{"rootId":"67dxf00bpb24sjt","id":"hpj9gc1zhdy64wd"},"id":"sczt6hhn81dzhkk","previousOperationId":"t9vmkn15r9kyubg"}
{"type":"operationEnd","operationId":"t9vmkn15r9kyubg","timestamp":1719009784955,"id":"k4myyz98rm6vgnv","previousEventId":"qpooufeaam7k4xb","previousOperationId":"t9vmkn15r9kyubg"}
{"type":"log","timestamp":1719009784955,"level":"debug","message":"Skipping storing report.","meta":{"rootId":"67dxf00bpb24sjt","id":"hpj9gc1zhdy64wd"},"id":"z8jqhebcl067aen","previousOperationId":"t9vmkn15r9kyubg"}
{"type":"log","timestamp":1719009784955,"level":"info","message":"Rendering (child) request finished in 525 ms","meta":{"rootId":"67dxf00bpb24sjt","id":"hpj9gc1zhdy64wd"},"id":"gbry9b0vutedyj7","previousOperationId":"t9vmkn15r9kyubg"}
{"type":"operationEnd","subtype":"render","operationId":"lc3wohqiz9no4mc","timestamp":1719009784955,"id":"zxy36hd8bnc1pd7","previousEventId":"k4myyz98rm6vgnv","previousOperationId":"t9vmkn15r9kyubg"}
{"type":"operationEnd","operationId":"32rx2s51lgeqhnk","timestamp":1719009784975,"id":"kvp9ci4ao51w0u2","previousEventId":"w9rs6oedw9715if","previousOperationId":"32rx2s51lgeqhnk"}
{"type":"log","timestamp":1719009784975,"level":"debug","message":"pdf-utils postprocess start","meta":{"rootId":"67dxf00bpb24sjt","id":"67dxf00bpb24sjt"},"id":"5mmhrrxcuaufym3","previousOperationId":"32rx2s51lgeqhnk"}
{"type":"log","timestamp":1719009784998,"level":"debug","message":"pdf-utils postprocess end","meta":{"rootId":"67dxf00bpb24sjt","id":"67dxf00bpb24sjt"},"id":"8u8v29unqo9u17j","previousOperationId":"32rx2s51lgeqhnk"}
{"type":"operationEnd","operationId":"bh9z6ttfso6xmfu","timestamp":1719009784998,"id":"qzidnmi9fwe9f9z","previousEventId":"kvp9ci4ao51w0u2","previousOperationId":"32rx2s51lgeqhnk"}
{"type":"log","timestamp":1719009784999,"level":"info","message":"pdf-utils pdf processing was finished","meta":{"rootId":"67dxf00bpb24sjt","id":"67dxf00bpb24sjt"},"id":"a51s3tnzyrr1h4w","previousOperationId":"bh9z6ttfso6xmfu"}
{"type":"log","timestamp":1719009784999,"level":"debug","message":"Skipping storing report.","meta":{"rootId":"67dxf00bpb24sjt","id":"67dxf00bpb24sjt"},"id":"46zz3b385ap4oox","previousOperationId":"bh9z6ttfso6xmfu"}
{"type":"log","timestamp":1719009784999,"level":"info","message":"Rendering request 160 finished in 569 ms","meta":{"rootId":"67dxf00bpb24sjt","id":"67dxf00bpb24sjt"},"id":"upn4auqcstijjos","previousOperationId":"bh9z6ttfso6xmfu"}
{"type":"operationEnd","subtype":"render","operationId":"7j9txr0guhbpbw2","timestamp":1719009784999,"id":"a84s0en30oo6ua7","previousEventId":"qzidnmi9fwe9f9z","previousOperationId":"bh9z6ttfso6xmfu"}
{"type":"operationEnd","doDiffs":false,"previousEventId":"ixmenkbgvolpvg2","previousOperationId":"ukwkr03d1lgt135","operationId":"ukwkr03d1lgt135","timestamp":1719009784999,"id":"o599tn5aeh5rjd1"}
