{"type":"operationStart","subtype":"profile","data":{"_id":"Au6G3v0KtYCCP6eW","timestamp":"2024-06-21T20:00:49.112Z","state":"queued","mode":"standard","creationDate":"2024-06-21T20:00:49.113Z","modificationDate":"2024-06-21T20:00:49.113Z","shortid":"jJG_6Pb","$entitySet":"profiles"},"doDiffs":false,"timestamp":1719000049112,"id":"vcv1jvl6gzv3lj7","previousOperationId":null,"operationId":"nc18t3fvhmq4o6i"}
{"type":"log","level":"info","message":"Render request 74 queued for execution and waiting for available worker","previousOperationId":"nc18t3fvhmq4o6i","timestamp":1719000049112,"id":"ikn4fwx667u3yyg"}
{"type":"operationStart","subtype":"render","name":"anonymous","previousOperationId":"nc18t3fvhmq4o6i","timestamp":1719000049120,"id":"q3bxbhx4e6547of","previousEventId":"vcv1jvl6gzv3lj7","operationId":"hgnohx5atiiar88"}
{"type":"log","timestamp":1719000049120,"level":"info","message":"Starting rendering request 74","meta":{"rootId":"69scy4zfz2wdko6","id":"69scy4zfz2wdko6"},"id":"g0uesad87mpjfew","previousOperationId":"hgnohx5atiiar88"}
{"type":"log","timestamp":1719000049121,"level":"info","message":"Rendering anonymous template { recipe: chrome-pdf, engine: handlebars }","meta":{"rootId":"69scy4zfz2wdko6","id":"69scy4zfz2wdko6"},"id":"ztugsievqahi6m5","previousOperationId":"hgnohx5atiiar88"}
{"type":"log","timestamp":1719000049121,"level":"debug","message":"Inline data specified.","meta":{"rootId":"69scy4zfz2wdko6","id":"69scy4zfz2wdko6"},"id":"cn4ubkxvbw6pab6","previousOperationId":"hgnohx5atiiar88"}
{"type":"log","timestamp":1719000049123,"level":"debug","message":"Base url not specified, skipping its injection.","meta":{"rootId":"69scy4zfz2wdko6","id":"69scy4zfz2wdko6"},"id":"lttunxrk4vyduwy","previousOperationId":"hgnohx5atiiar88"}
{"type":"operationStart","subtype":"engine","name":"handlebars","timestamp":1719000049126,"id":"spuagglx4kz3pq2","previousEventId":"q3bxbhx4e6547of","operationId":"psgysiuzk6blmeg","previousOperationId":"hgnohx5atiiar88"}
{"type":"log","timestamp":1719000049126,"level":"debug","message":"Rendering engine handlebars","meta":{"rootId":"69scy4zfz2wdko6","id":"69scy4zfz2wdko6"},"id":"u4iyablhlo922fe","previousOperationId":"psgysiuzk6blmeg"}
{"type":"operationEnd","operationId":"psgysiuzk6blmeg","timestamp":1719000049144,"id":"oddl836wz7h1535","previousEventId":"spuagglx4kz3pq2","previousOperationId":"psgysiuzk6blmeg"}
{"type":"operationStart","subtype":"recipe","name":"chrome-pdf","timestamp":1719000049144,"id":"hfx4ovd4dom24z8","previousEventId":"oddl836wz7h1535","operationId":"8gbxd9piz4xrpfo","previousOperationId":"psgysiuzk6blmeg"}
{"type":"log","timestamp":1719000049144,"level":"debug","message":"Executing recipe chrome-pdf","meta":{"rootId":"69scy4zfz2wdko6","id":"69scy4zfz2wdko6"},"id":"2wzxx1fo3yt893g","previousOperationId":"8gbxd9piz4xrpfo"}
{"type":"log","timestamp":1719000049146,"level":"debug","message":"Converting with chrome Chrome/126.0.6478.61 using chrome-pool strategy","meta":{"rootId":"69scy4zfz2wdko6","id":"69scy4zfz2wdko6"},"id":"71etdx93xslrg9t","previousOperationId":"8gbxd9piz4xrpfo"}
{"type":"log","timestamp":1719000049239,"level":"debug","message":"Page request: GET (document) file:///var/folders/2x/1bhfw9mx7d775w_jmf56lcp80000gn/T/jsreport/autocleanup/43eeef63-18e7-47a2-a1a8-1d31d07cc5fe-chrome-pdf.html","meta":{"rootId":"69scy4zfz2wdko6","id":"69scy4zfz2wdko6"},"id":"7ajbovd0mj3ftch","previousOperationId":"8gbxd9piz4xrpfo"}
{"type":"log","timestamp":1719000049243,"level":"debug","message":"Page request finished: GET (document) 200 file:///var/folders/2x/1bhfw9mx7d775w_jmf56lcp80000gn/T/jsreport/autocleanup/43eeef63-18e7-47a2-a1a8-1d31d07cc5fe-chrome-pdf.html","meta":{"rootId":"69scy4zfz2wdko6","id":"69scy4zfz2wdko6"},"id":"u4i6rqg46u1zp78","previousOperationId":"8gbxd9piz4xrpfo"}
{"type":"log","timestamp":1719000049243,"level":"debug","message":"Page request: GET (stylesheet) https://cdnjs.cloudflare.com/ajax/libs/metro/4.1.5/css/metro.min.css","meta":{"rootId":"69scy4zfz2wdko6","id":"69scy4zfz2wdko6"},"id":"1uq6808742b2bry","previousOperationId":"8gbxd9piz4xrpfo"}
{"type":"log","timestamp":1719000049244,"level":"debug","message":"Page request: GET (script) https://cdnjs.cloudflare.com/ajax/libs/Chart.js/2.7.2/Chart.min.js","meta":{"rootId":"69scy4zfz2wdko6","id":"69scy4zfz2wdko6"},"id":"ai8oxjdamvo6qux","previousOperationId":"8gbxd9piz4xrpfo"}
{"type":"log","timestamp":1719000049252,"level":"debug","message":"Page request finished: GET (stylesheet) 200 https://cdnjs.cloudflare.com/ajax/libs/metro/4.1.5/css/metro.min.css","meta":{"rootId":"69scy4zfz2wdko6","id":"69scy4zfz2wdko6"},"id":"l26sn4kie1mdjxa","previousOperationId":"8gbxd9piz4xrpfo"}
{"type":"log","timestamp":1719000049252,"level":"debug","message":"Page request finished: GET (script) 200 https://cdnjs.cloudflare.com/ajax/libs/Chart.js/2.7.2/Chart.min.js","meta":{"rootId":"69scy4zfz2wdko6","id":"69scy4zfz2wdko6"},"id":"x2jja4kut30dgi7","previousOperationId":"8gbxd9piz4xrpfo"}
{"type":"log","timestamp":1719000049271,"level":"debug","message":"Running chrome with params {\"timeout\":59967,\"margin\":{},\"printBackground\":true}","meta":{"rootId":"69scy4zfz2wdko6","id":"69scy4zfz2wdko6"},"id":"g22ywkapryyy6xf","previousOperationId":"8gbxd9piz4xrpfo"}
{"type":"operationEnd","operationId":"8gbxd9piz4xrpfo","timestamp":1719000049386,"id":"mrmdybkjrltwoyh","previousEventId":"hfx4ovd4dom24z8","previousOperationId":"8gbxd9piz4xrpfo"}
{"type":"log","timestamp":1719000049386,"level":"debug","message":"Skipping storing report.","meta":{"rootId":"69scy4zfz2wdko6","id":"69scy4zfz2wdko6"},"id":"ofrkezq8ir1230y","previousOperationId":"8gbxd9piz4xrpfo"}
{"type":"log","timestamp":1719000049386,"level":"info","message":"Rendering request 74 finished in 275 ms","meta":{"rootId":"69scy4zfz2wdko6","id":"69scy4zfz2wdko6"},"id":"b4rta5328du9fsz","previousOperationId":"8gbxd9piz4xrpfo"}
{"type":"operationEnd","subtype":"render","operationId":"hgnohx5atiiar88","timestamp":1719000049386,"id":"bqqw8zpre90ikha","previousEventId":"mrmdybkjrltwoyh","previousOperationId":"8gbxd9piz4xrpfo"}
{"type":"operationEnd","doDiffs":false,"previousEventId":"vcv1jvl6gzv3lj7","previousOperationId":"nc18t3fvhmq4o6i","operationId":"nc18t3fvhmq4o6i","timestamp":1719000049387,"id":"0826xjw85tkc7at"}
