{"type":"operationStart","subtype":"profile","data":{"_id":"PGOh3UNLLe7507Ft","timestamp":"2024-06-21T16:24:51.732Z","state":"queued","mode":"standard","creationDate":"2024-06-21T16:24:51.735Z","modificationDate":"2024-06-21T16:24:51.735Z","shortid":"Z8JHfZk","$entitySet":"profiles"},"doDiffs":false,"timestamp":1718987091733,"id":"kleihy6bwkguouu","previousOperationId":null,"operationId":"ajtkhupx3jwqahc"}
{"type":"log","level":"info","message":"Render request 8 queued for execution and waiting for available worker","previousOperationId":"ajtkhupx3jwqahc","timestamp":1718987091734,"id":"z74rpvkli8vdljs"}
{"type":"operationStart","subtype":"render","name":"anonymous","previousOperationId":"ajtkhupx3jwqahc","timestamp":1718987091760,"id":"y6tjgwxuct3hfqk","previousEventId":"kleihy6bwkguouu","operationId":"p6ohqeztmnzcizz"}
{"type":"log","timestamp":1718987091761,"level":"info","message":"Starting rendering request 8","meta":{"rootId":"69w60ll2yz1d75i","id":"69w60ll2yz1d75i"},"id":"qsy0y1htgs258xj","previousOperationId":"p6ohqeztmnzcizz"}
{"type":"log","timestamp":1718987091762,"level":"info","message":"Rendering anonymous template { recipe: chrome-pdf, engine: handlebars }","meta":{"rootId":"69w60ll2yz1d75i","id":"69w60ll2yz1d75i"},"id":"vslk294enwsgccl","previousOperationId":"p6ohqeztmnzcizz"}
{"type":"log","timestamp":1718987091762,"level":"debug","message":"Inline data specified.","meta":{"rootId":"69w60ll2yz1d75i","id":"69w60ll2yz1d75i"},"id":"oouf6dqgvevgui8","previousOperationId":"p6ohqeztmnzcizz"}
{"type":"log","timestamp":1718987091764,"level":"debug","message":"Base url not specified, skipping its injection.","meta":{"rootId":"69w60ll2yz1d75i","id":"69w60ll2yz1d75i"},"id":"n10ukskkyknie7g","previousOperationId":"p6ohqeztmnzcizz"}
{"type":"operationStart","subtype":"engine","name":"handlebars","timestamp":1718987091766,"id":"e2nig2enqp5vwrc","previousEventId":"y6tjgwxuct3hfqk","operationId":"7r2r9f79l80oe06","previousOperationId":"p6ohqeztmnzcizz"}
{"type":"log","timestamp":1718987091766,"level":"debug","message":"Rendering engine handlebars","meta":{"rootId":"69w60ll2yz1d75i","id":"69w60ll2yz1d75i"},"id":"vljq0h3r9xvg8kz","previousOperationId":"7r2r9f79l80oe06"}
{"type":"operationEnd","operationId":"7r2r9f79l80oe06","timestamp":1718987091794,"id":"m17eioqd0mx2h31","previousEventId":"e2nig2enqp5vwrc","previousOperationId":"7r2r9f79l80oe06"}
{"type":"operationStart","subtype":"recipe","name":"chrome-pdf","timestamp":1718987091794,"id":"0sxgf94els9ohap","previousEventId":"m17eioqd0mx2h31","operationId":"ii0itex7yo4dotn","previousOperationId":"7r2r9f79l80oe06"}
{"type":"log","timestamp":1718987091794,"level":"debug","message":"Executing recipe chrome-pdf","meta":{"rootId":"69w60ll2yz1d75i","id":"69w60ll2yz1d75i"},"id":"q0vgk99jv0wg824","previousOperationId":"ii0itex7yo4dotn"}
{"type":"log","timestamp":1718987091813,"level":"debug","message":"Converting with chrome Chrome/126.0.6478.61 using chrome-pool strategy","meta":{"rootId":"69w60ll2yz1d75i","id":"69w60ll2yz1d75i"},"id":"xd1lglqp5sc1p8x","previousOperationId":"ii0itex7yo4dotn"}
{"type":"log","timestamp":1718987092263,"level":"debug","message":"Page request: GET (document) file:///var/folders/2x/1bhfw9mx7d775w_jmf56lcp80000gn/T/jsreport/autocleanup/24d80c2a-ee89-42c7-aa80-5ce246eae3cd-chrome-pdf.html","meta":{"rootId":"69w60ll2yz1d75i","id":"69w60ll2yz1d75i"},"id":"0av1xjhrbzoqupi","previousOperationId":"ii0itex7yo4dotn"}
{"type":"log","timestamp":1718987092283,"level":"debug","message":"Page request finished: GET (document) 200 file:///var/folders/2x/1bhfw9mx7d775w_jmf56lcp80000gn/T/jsreport/autocleanup/24d80c2a-ee89-42c7-aa80-5ce246eae3cd-chrome-pdf.html","meta":{"rootId":"69w60ll2yz1d75i","id":"69w60ll2yz1d75i"},"id":"j0nik1w2dbyruht","previousOperationId":"ii0itex7yo4dotn"}
{"type":"log","timestamp":1718987092289,"level":"debug","message":"Page request: GET (stylesheet) https://cdnjs.cloudflare.com/ajax/libs/metro/4.1.5/css/metro.min.css","meta":{"rootId":"69w60ll2yz1d75i","id":"69w60ll2yz1d75i"},"id":"kj71wv7kui5gbtb","previousOperationId":"ii0itex7yo4dotn"}
{"type":"log","timestamp":1718987092289,"level":"debug","message":"Page request: GET (script) https://cdnjs.cloudflare.com/ajax/libs/Chart.js/2.7.2/Chart.min.js","meta":{"rootId":"69w60ll2yz1d75i","id":"69w60ll2yz1d75i"},"id":"jx8y941ri0a8avr","previousOperationId":"ii0itex7yo4dotn"}
{"type":"log","timestamp":1718987092301,"level":"debug","message":"Page request finished: GET (stylesheet) 200 https://cdnjs.cloudflare.com/ajax/libs/metro/4.1.5/css/metro.min.css","meta":{"rootId":"69w60ll2yz1d75i","id":"69w60ll2yz1d75i"},"id":"pm8kif42cebouvx","previousOperationId":"ii0itex7yo4dotn"}
{"type":"log","timestamp":1718987092302,"level":"debug","message":"Page request finished: GET (script) 200 https://cdnjs.cloudflare.com/ajax/libs/Chart.js/2.7.2/Chart.min.js","meta":{"rootId":"69w60ll2yz1d75i","id":"69w60ll2yz1d75i"},"id":"9gbrbidsnozfstg","previousOperationId":"ii0itex7yo4dotn"}
{"type":"log","timestamp":1718987092322,"level":"debug","message":"Running chrome with params {\"timeout\":59928,\"margin\":{},\"printBackground\":true}","meta":{"rootId":"69w60ll2yz1d75i","id":"69w60ll2yz1d75i"},"id":"7cw02iq14ree7by","previousOperationId":"ii0itex7yo4dotn"}
{"type":"operationEnd","operationId":"ii0itex7yo4dotn","timestamp":1718987092430,"id":"6a8go6hhlj4qusj","previousEventId":"0sxgf94els9ohap","previousOperationId":"ii0itex7yo4dotn"}
{"type":"log","timestamp":1718987092431,"level":"debug","message":"Skipping storing report.","meta":{"rootId":"69w60ll2yz1d75i","id":"69w60ll2yz1d75i"},"id":"tkoi76ex64ey9dr","previousOperationId":"ii0itex7yo4dotn"}
{"type":"log","timestamp":1718987092431,"level":"info","message":"Rendering request 8 finished in 706 ms","meta":{"rootId":"69w60ll2yz1d75i","id":"69w60ll2yz1d75i"},"id":"lfvzcmm0i21rmy5","previousOperationId":"ii0itex7yo4dotn"}
{"type":"operationEnd","subtype":"render","operationId":"p6ohqeztmnzcizz","timestamp":1718987092431,"id":"cru7fv6wyjq0pn5","previousEventId":"6a8go6hhlj4qusj","previousOperationId":"ii0itex7yo4dotn"}
{"type":"operationEnd","doDiffs":false,"previousEventId":"kleihy6bwkguouu","previousOperationId":"ajtkhupx3jwqahc","operationId":"ajtkhupx3jwqahc","timestamp":1718987092431,"id":"ytzu8593ck8obpp"}
