{"type":"operationStart","subtype":"profile","data":{"_id":"E7J4Md4OU5plE38z","timestamp":"2024-06-21T22:46:10.930Z","state":"queued","mode":"standard","creationDate":"2024-06-21T22:46:10.932Z","modificationDate":"2024-06-21T22:46:10.932Z","shortid":"fV21nYh","$entitySet":"profiles"},"doDiffs":false,"timestamp":1719009970931,"id":"246dslwfxc0auvo","previousOperationId":null,"operationId":"wkxpr38nlbg5ej8"}
{"type":"log","level":"info","message":"Render request 167 queued for execution and waiting for available worker","previousOperationId":"wkxpr38nlbg5ej8","timestamp":1719009970931,"id":"lwnx9dgxclf5aad"}
{"type":"operationStart","subtype":"render","name":"anonymous","previousOperationId":"wkxpr38nlbg5ej8","timestamp":1719009970941,"id":"qkdq6q7nn7u748u","previousEventId":"246dslwfxc0auvo","operationId":"hd5yace5fj6i206"}
{"type":"log","timestamp":1719009970942,"level":"info","message":"Starting rendering request 167","meta":{"rootId":"6avqh87pmlyr1yr","id":"6avqh87pmlyr1yr"},"id":"bvmqbnd7ojjfsts","previousOperationId":"hd5yace5fj6i206"}
{"type":"log","timestamp":1719009970943,"level":"info","message":"Rendering anonymous template { recipe: chrome-pdf, engine: handlebars }","meta":{"rootId":"6avqh87pmlyr1yr","id":"6avqh87pmlyr1yr"},"id":"v0rdgkw243rovrc","previousOperationId":"hd5yace5fj6i206"}
{"type":"log","timestamp":1719009970943,"level":"debug","message":"Inline data specified.","meta":{"rootId":"6avqh87pmlyr1yr","id":"6avqh87pmlyr1yr"},"id":"zlecy8u0c9qkqyj","previousOperationId":"hd5yace5fj6i206"}
{"type":"log","timestamp":1719009970946,"level":"debug","message":"Base url not specified, skipping its injection.","meta":{"rootId":"6avqh87pmlyr1yr","id":"6avqh87pmlyr1yr"},"id":"g9o1w1m9rf9yr48","previousOperationId":"hd5yace5fj6i206"}
{"type":"operationStart","subtype":"engine","name":"handlebars","timestamp":1719009970948,"id":"lnoek1enp6rfm03","previousEventId":"qkdq6q7nn7u748u","operationId":"ljuksjzjp33dwzx","previousOperationId":"hd5yace5fj6i206"}
{"type":"log","timestamp":1719009970948,"level":"debug","message":"Rendering engine handlebars","meta":{"rootId":"6avqh87pmlyr1yr","id":"6avqh87pmlyr1yr"},"id":"ow58jk8tsdksdv1","previousOperationId":"ljuksjzjp33dwzx"}
{"type":"log","timestamp":1719009970966,"level":"debug","message":"(console:log) Pdf utils adding group field, value: \"France\"","meta":{"userLevel":true,"rootId":"6avqh87pmlyr1yr","id":"6avqh87pmlyr1yr"},"id":"fts4zoyo0r2sowz","previousOperationId":"ljuksjzjp33dwzx"}
{"type":"log","timestamp":1719009970969,"level":"debug","message":"(console:log) Pdf utils adding group field, value: \"Germany\"","meta":{"userLevel":true,"rootId":"6avqh87pmlyr1yr","id":"6avqh87pmlyr1yr"},"id":"bdebjaxcs8g6dj4","previousOperationId":"ljuksjzjp33dwzx"}
{"type":"operationEnd","operationId":"ljuksjzjp33dwzx","timestamp":1719009970969,"id":"016hdtm7v14wd4l","previousEventId":"lnoek1enp6rfm03","previousOperationId":"ljuksjzjp33dwzx"}
{"type":"operationStart","subtype":"recipe","name":"chrome-pdf","timestamp":1719009970970,"id":"6ftvnuit5pwhwhm","previousEventId":"016hdtm7v14wd4l","operationId":"150dl1pxxuxc03v","previousOperationId":"ljuksjzjp33dwzx"}
{"type":"log","timestamp":1719009970970,"level":"debug","message":"Executing recipe chrome-pdf","meta":{"rootId":"6avqh87pmlyr1yr","id":"6avqh87pmlyr1yr"},"id":"q5hlpu1zn8373rz","previousOperationId":"150dl1pxxuxc03v"}
{"type":"log","timestamp":1719009970975,"level":"debug","message":"Converting with chrome Chrome/126.0.6478.61 using chrome-pool strategy","meta":{"rootId":"6avqh87pmlyr1yr","id":"6avqh87pmlyr1yr"},"id":"oocrg46jriukao0","previousOperationId":"150dl1pxxuxc03v"}
{"type":"log","timestamp":1719009971102,"level":"debug","message":"Page request: GET (document) file:///var/folders/2x/1bhfw9mx7d775w_jmf56lcp80000gn/T/jsreport/autocleanup/d651e2ee-360c-4bdf-8450-cd9c75e2bcc2-chrome-pdf.html","meta":{"rootId":"6avqh87pmlyr1yr","id":"6avqh87pmlyr1yr"},"id":"gm28c7splmd09d4","previousOperationId":"150dl1pxxuxc03v"}
{"type":"log","timestamp":1719009971107,"level":"debug","message":"Page request finished: GET (document) 200 file:///var/folders/2x/1bhfw9mx7d775w_jmf56lcp80000gn/T/jsreport/autocleanup/d651e2ee-360c-4bdf-8450-cd9c75e2bcc2-chrome-pdf.html","meta":{"rootId":"6avqh87pmlyr1yr","id":"6avqh87pmlyr1yr"},"id":"d6ylqql43rslf6k","previousOperationId":"150dl1pxxuxc03v"}
{"type":"log","timestamp":1719009971107,"level":"debug","message":"Page request: GET (stylesheet) https://cdnjs.cloudflare.com/ajax/libs/metro/4.1.5/css/metro.min.css","meta":{"rootId":"6avqh87pmlyr1yr","id":"6avqh87pmlyr1yr"},"id":"gl1mxkc0csupg6f","previousOperationId":"150dl1pxxuxc03v"}
{"type":"log","timestamp":1719009971107,"level":"debug","message":"Page request: GET (script) https://cdnjs.cloudflare.com/ajax/libs/Chart.js/2.7.2/Chart.min.js","meta":{"rootId":"6avqh87pmlyr1yr","id":"6avqh87pmlyr1yr"},"id":"miqfk78ieo6rg8h","previousOperationId":"150dl1pxxuxc03v"}
{"type":"log","timestamp":1719009971115,"level":"debug","message":"Page request finished: GET (stylesheet) 200 https://cdnjs.cloudflare.com/ajax/libs/metro/4.1.5/css/metro.min.css","meta":{"rootId":"6avqh87pmlyr1yr","id":"6avqh87pmlyr1yr"},"id":"fmbfvmh439sqf6i","previousOperationId":"150dl1pxxuxc03v"}
{"type":"log","timestamp":1719009971115,"level":"debug","message":"Page request finished: GET (script) 200 https://cdnjs.cloudflare.com/ajax/libs/Chart.js/2.7.2/Chart.min.js","meta":{"rootId":"6avqh87pmlyr1yr","id":"6avqh87pmlyr1yr"},"id":"r46tw1nt5gptu74","previousOperationId":"150dl1pxxuxc03v"}
{"type":"log","timestamp":1719009971153,"level":"debug","message":"Running chrome with params {\"marginTop\":\"4cm\",\"marginRight\":\"1.5cm\",\"marginLeft\":\"1.5cm\",\"marginBottom\":\"1.5cm\",\"timeout\":59958,\"margin\":{\"top\":\"4cm\",\"right\":\"1.5cm\",\"bottom\":\"1.5cm\",\"left\":\"1.5cm\"},\"printBackground\":true}","meta":{"rootId":"6avqh87pmlyr1yr","id":"6avqh87pmlyr1yr"},"id":"3ogyfv0e33115eu","previousOperationId":"150dl1pxxuxc03v"}
{"type":"operationEnd","operationId":"150dl1pxxuxc03v","timestamp":1719009971326,"id":"dlr75g7kg3quxjz","previousEventId":"6ftvnuit5pwhwhm","previousOperationId":"150dl1pxxuxc03v"}
{"type":"log","timestamp":1719009971326,"level":"info","message":"pdf-utils is starting pdf processing","meta":{"rootId":"6avqh87pmlyr1yr","id":"6avqh87pmlyr1yr"},"id":"r7jok0xzldx4uph","previousOperationId":"150dl1pxxuxc03v"}
{"type":"operationStart","subtype":"pdfUtils","name":"pdf utils","timestamp":1719009971326,"id":"i0t1upnn1la43r4","previousEventId":"dlr75g7kg3quxjz","operationId":"cby83ho593vd0qu","previousOperationId":"150dl1pxxuxc03v"}
{"type":"log","timestamp":1719009971326,"level":"debug","message":"pdf-utils detected 1 pdf operation(s) to process","meta":{"rootId":"6avqh87pmlyr1yr","id":"6avqh87pmlyr1yr"},"id":"1ms1ol78mh6zhwk","previousOperationId":"cby83ho593vd0qu"}
{"type":"log","timestamp":1719009971339,"level":"debug","message":"pdf-utils running pdf operation merge","meta":{"rootId":"6avqh87pmlyr1yr","id":"6avqh87pmlyr1yr"},"id":"zg5rm25vnz8hu3o","previousOperationId":"cby83ho593vd0qu"}
{"type":"operationStart","subtype":"pdfUtilsMerge","name":"pdf utils merge","previousOperationId":"cby83ho593vd0qu","timestamp":1719009971339,"id":"cwc8usb360c03y6","previousEventId":"i0t1upnn1la43r4","operationId":"zio1g29qzrrut17"}
{"type":"operationStart","subtype":"render","name":"anonymous","previousOperationId":"zio1g29qzrrut17","timestamp":1719009971339,"id":"fxo1p2kiljme11i","previousEventId":"cwc8usb360c03y6","operationId":"aipvy4gvi947n0b"}
{"type":"log","timestamp":1719009971339,"level":"info","message":"Starting rendering (child) request","meta":{"rootId":"6avqh87pmlyr1yr","id":"ig67mv9jzbc5hv4"},"id":"vt95054kf68wh4t","previousOperationId":"aipvy4gvi947n0b"}
{"type":"log","timestamp":1719009971339,"level":"info","message":"Rendering anonymous template { recipe: chrome-pdf, engine: handlebars }","meta":{"rootId":"6avqh87pmlyr1yr","id":"ig67mv9jzbc5hv4"},"id":"3ieyphpwqtxwz4b","previousOperationId":"aipvy4gvi947n0b"}
{"type":"log","timestamp":1719009971339,"level":"debug","message":"Inline data specified.","meta":{"rootId":"6avqh87pmlyr1yr","id":"ig67mv9jzbc5hv4"},"id":"fczgxi2c7629a1a","previousOperationId":"aipvy4gvi947n0b"}
{"type":"log","timestamp":1719009971340,"level":"debug","message":"Base url not specified, skipping its injection.","meta":{"rootId":"6avqh87pmlyr1yr","id":"ig67mv9jzbc5hv4"},"id":"3ibtmf4uwga8kjz","previousOperationId":"aipvy4gvi947n0b"}
{"type":"operationStart","subtype":"engine","name":"handlebars","timestamp":1719009971340,"id":"etc5dlfayekh4dd","previousEventId":"fxo1p2kiljme11i","operationId":"vca5pbkept0fzwc","previousOperationId":"aipvy4gvi947n0b"}
{"type":"log","timestamp":1719009971340,"level":"debug","message":"Rendering engine handlebars","meta":{"rootId":"6avqh87pmlyr1yr","id":"ig67mv9jzbc5hv4"},"id":"pvtowhbjn0cct7h","previousOperationId":"vca5pbkept0fzwc"}
{"type":"operationEnd","operationId":"vca5pbkept0fzwc","timestamp":1719009971342,"id":"cx5sm32rrd4l975","previousEventId":"etc5dlfayekh4dd","previousOperationId":"vca5pbkept0fzwc"}
{"type":"operationStart","subtype":"recipe","name":"chrome-pdf","timestamp":1719009971343,"id":"8ns4ji52a7phd2d","previousEventId":"cx5sm32rrd4l975","operationId":"qjrnma9ve77jjwh","previousOperationId":"vca5pbkept0fzwc"}
{"type":"log","timestamp":1719009971343,"level":"debug","message":"Executing recipe chrome-pdf","meta":{"rootId":"6avqh87pmlyr1yr","id":"ig67mv9jzbc5hv4"},"id":"odb3bfu2cdvay0j","previousOperationId":"qjrnma9ve77jjwh"}
{"type":"log","timestamp":1719009971343,"level":"debug","message":"Converting with chrome Chrome/126.0.6478.61 using chrome-pool strategy","meta":{"rootId":"6avqh87pmlyr1yr","id":"ig67mv9jzbc5hv4"},"id":"xshs0pefom6zxjq","previousOperationId":"qjrnma9ve77jjwh"}
{"type":"log","timestamp":1719009971408,"level":"debug","message":"Page request: GET (document) file:///var/folders/2x/1bhfw9mx7d775w_jmf56lcp80000gn/T/jsreport/autocleanup/1aa3c0b2-541d-4302-8aad-4dd14c3de7a0-chrome-pdf.html","meta":{"rootId":"6avqh87pmlyr1yr","id":"ig67mv9jzbc5hv4"},"id":"zbbgvd6xe7nq8n2","previousOperationId":"qjrnma9ve77jjwh"}
{"type":"log","timestamp":1719009971412,"level":"debug","message":"Page request finished: GET (document) 200 file:///var/folders/2x/1bhfw9mx7d775w_jmf56lcp80000gn/T/jsreport/autocleanup/1aa3c0b2-541d-4302-8aad-4dd14c3de7a0-chrome-pdf.html","meta":{"rootId":"6avqh87pmlyr1yr","id":"ig67mv9jzbc5hv4"},"id":"tu2j2hdk8ykpgfd","previousOperationId":"qjrnma9ve77jjwh"}
{"type":"log","timestamp":1719009971412,"level":"debug","message":"Page request: GET (stylesheet) https://cdnjs.cloudflare.com/ajax/libs/metro/4.1.5/css/metro.min.css","meta":{"rootId":"6avqh87pmlyr1yr","id":"ig67mv9jzbc5hv4"},"id":"fl3fvpm49skksim","previousOperationId":"qjrnma9ve77jjwh"}
{"type":"log","timestamp":1719009971419,"level":"debug","message":"Page request finished: GET (stylesheet) 200 https://cdnjs.cloudflare.com/ajax/libs/metro/4.1.5/css/metro.min.css","meta":{"rootId":"6avqh87pmlyr1yr","id":"ig67mv9jzbc5hv4"},"id":"r7ippzvan1amkb7","previousOperationId":"qjrnma9ve77jjwh"}
{"type":"log","timestamp":1719009971440,"level":"debug","message":"Running chrome with params {\"timeout\":59586,\"margin\":{},\"printBackground\":true}","meta":{"rootId":"6avqh87pmlyr1yr","id":"ig67mv9jzbc5hv4"},"id":"mo7xst31whxm117","previousOperationId":"qjrnma9ve77jjwh"}
{"type":"operationEnd","operationId":"qjrnma9ve77jjwh","timestamp":1719009971563,"id":"eaor4x48b81xkyb","previousEventId":"8ns4ji52a7phd2d","previousOperationId":"qjrnma9ve77jjwh"}
{"type":"log","timestamp":1719009971563,"level":"debug","message":"Skipping storing report.","meta":{"rootId":"6avqh87pmlyr1yr","id":"ig67mv9jzbc5hv4"},"id":"q01orsf6vekt5q8","previousOperationId":"qjrnma9ve77jjwh"}
{"type":"log","timestamp":1719009971563,"level":"info","message":"Rendering (child) request finished in 634 ms","meta":{"rootId":"6avqh87pmlyr1yr","id":"ig67mv9jzbc5hv4"},"id":"o5j0hqr3ta3901g","previousOperationId":"qjrnma9ve77jjwh"}
{"type":"operationEnd","subtype":"render","operationId":"aipvy4gvi947n0b","timestamp":1719009971563,"id":"s07y75npaolbjcy","previousEventId":"eaor4x48b81xkyb","previousOperationId":"qjrnma9ve77jjwh"}
{"type":"operationEnd","operationId":"zio1g29qzrrut17","timestamp":1719009971595,"id":"vbsvpgw1lf2d4up","previousEventId":"cwc8usb360c03y6","previousOperationId":"zio1g29qzrrut17"}
{"type":"log","timestamp":1719009971595,"level":"debug","message":"pdf-utils postprocess start","meta":{"rootId":"6avqh87pmlyr1yr","id":"6avqh87pmlyr1yr"},"id":"ehi1xs48h960dgq","previousOperationId":"zio1g29qzrrut17"}
{"type":"log","timestamp":1719009971640,"level":"debug","message":"pdf-utils postprocess end","meta":{"rootId":"6avqh87pmlyr1yr","id":"6avqh87pmlyr1yr"},"id":"6bcand6mv91ldoq","previousOperationId":"zio1g29qzrrut17"}
{"type":"operationEnd","operationId":"cby83ho593vd0qu","timestamp":1719009971640,"id":"8ocgtuwt32o5g3v","previousEventId":"vbsvpgw1lf2d4up","previousOperationId":"zio1g29qzrrut17"}
{"type":"log","timestamp":1719009971641,"level":"info","message":"pdf-utils pdf processing was finished","meta":{"rootId":"6avqh87pmlyr1yr","id":"6avqh87pmlyr1yr"},"id":"059gaum3ll0csie","previousOperationId":"cby83ho593vd0qu"}
{"type":"log","timestamp":1719009971641,"level":"debug","message":"Skipping storing report.","meta":{"rootId":"6avqh87pmlyr1yr","id":"6avqh87pmlyr1yr"},"id":"qjmduhv3qi7497x","previousOperationId":"cby83ho593vd0qu"}
{"type":"log","timestamp":1719009971641,"level":"info","message":"Rendering request 167 finished in 712 ms","meta":{"rootId":"6avqh87pmlyr1yr","id":"6avqh87pmlyr1yr"},"id":"uuqn6uc82tbmz8b","previousOperationId":"cby83ho593vd0qu"}
{"type":"operationEnd","subtype":"render","operationId":"hd5yace5fj6i206","timestamp":1719009971641,"id":"5p20ea8qg4jz0ui","previousEventId":"8ocgtuwt32o5g3v","previousOperationId":"cby83ho593vd0qu"}
{"type":"operationEnd","doDiffs":false,"previousEventId":"246dslwfxc0auvo","previousOperationId":"wkxpr38nlbg5ej8","operationId":"wkxpr38nlbg5ej8","timestamp":1719009971642,"id":"2d03clonwru6qe8"}
