{"type":"operationStart","subtype":"profile","data":{"_id":"rWtwNr0KCtGeYOAN","timestamp":"2024-06-21T22:09:10.535Z","state":"queued","mode":"standard","creationDate":"2024-06-21T22:09:10.539Z","modificationDate":"2024-06-21T22:09:10.539Z","shortid":"suZIzF1","$entitySet":"profiles"},"doDiffs":false,"timestamp":1719007750538,"id":"8tqbajr3h1wmg69","previousOperationId":null,"operationId":"bz0hphmwu9m86jp"}
{"type":"log","level":"info","message":"Render request 140 queued for execution and waiting for available worker","previousOperationId":"bz0hphmwu9m86jp","timestamp":1719007750538,"id":"socak535t4bdg0b"}
{"type":"operationStart","subtype":"render","name":"anonymous","previousOperationId":"bz0hphmwu9m86jp","timestamp":1719007750543,"id":"okqrjicfj2i7smz","previousEventId":"8tqbajr3h1wmg69","operationId":"f4b2650mv9obx9h"}
{"type":"log","timestamp":1719007750544,"level":"info","message":"Starting rendering request 140","meta":{"rootId":"6dsznrtr44x1rs5","id":"6dsznrtr44x1rs5"},"id":"olne889ok9h5ebr","previousOperationId":"f4b2650mv9obx9h"}
{"type":"log","timestamp":1719007750544,"level":"info","message":"Rendering anonymous template { recipe: chrome-pdf, engine: handlebars }","meta":{"rootId":"6dsznrtr44x1rs5","id":"6dsznrtr44x1rs5"},"id":"kxqxovvjm9a0c8o","previousOperationId":"f4b2650mv9obx9h"}
{"type":"log","timestamp":1719007750544,"level":"debug","message":"Inline data specified.","meta":{"rootId":"6dsznrtr44x1rs5","id":"6dsznrtr44x1rs5"},"id":"xubaua27w0h7q8i","previousOperationId":"f4b2650mv9obx9h"}
{"type":"log","timestamp":1719007750544,"level":"debug","message":"Base url not specified, skipping its injection.","meta":{"rootId":"6dsznrtr44x1rs5","id":"6dsznrtr44x1rs5"},"id":"narbwle6a3tmhhw","previousOperationId":"f4b2650mv9obx9h"}
{"type":"operationStart","subtype":"engine","name":"handlebars","timestamp":1719007750545,"id":"cxws4syprbvf5wi","previousEventId":"okqrjicfj2i7smz","operationId":"9f751xnrn0pntks","previousOperationId":"f4b2650mv9obx9h"}
{"type":"log","timestamp":1719007750545,"level":"debug","message":"Rendering engine handlebars","meta":{"rootId":"6dsznrtr44x1rs5","id":"6dsznrtr44x1rs5"},"id":"629tazbz43pc25e","previousOperationId":"9f751xnrn0pntks"}
{"type":"log","timestamp":1719007750554,"level":"debug","message":"(console:log) Pdf utils adding group field, value: \"France\"","meta":{"userLevel":true,"rootId":"6dsznrtr44x1rs5","id":"6dsznrtr44x1rs5"},"id":"uz3rvn7swknpa76","previousOperationId":"9f751xnrn0pntks"}
{"type":"log","timestamp":1719007750554,"level":"debug","message":"(console:log) Pdf utils adding group field, value: \"Germany\"","meta":{"userLevel":true,"rootId":"6dsznrtr44x1rs5","id":"6dsznrtr44x1rs5"},"id":"khvbrcg9qvn34yr","previousOperationId":"9f751xnrn0pntks"}
{"type":"operationEnd","operationId":"9f751xnrn0pntks","timestamp":1719007750555,"id":"wixis20i6wqzo05","previousEventId":"cxws4syprbvf5wi","previousOperationId":"9f751xnrn0pntks"}
{"type":"operationStart","subtype":"recipe","name":"chrome-pdf","timestamp":1719007750555,"id":"uad1uqpww32u9bv","previousEventId":"wixis20i6wqzo05","operationId":"65zls42rmy2kyqr","previousOperationId":"9f751xnrn0pntks"}
{"type":"log","timestamp":1719007750555,"level":"debug","message":"Executing recipe chrome-pdf","meta":{"rootId":"6dsznrtr44x1rs5","id":"6dsznrtr44x1rs5"},"id":"2ii47qeyc36atcp","previousOperationId":"65zls42rmy2kyqr"}
{"type":"log","timestamp":1719007750558,"level":"debug","message":"Converting with chrome Chrome/126.0.6478.61 using chrome-pool strategy","meta":{"rootId":"6dsznrtr44x1rs5","id":"6dsznrtr44x1rs5"},"id":"jd3r0ng72gkmujd","previousOperationId":"65zls42rmy2kyqr"}
{"type":"log","timestamp":1719007750645,"level":"debug","message":"Page request: GET (document) file:///var/folders/2x/1bhfw9mx7d775w_jmf56lcp80000gn/T/jsreport/autocleanup/43b3002b-f202-417f-81cc-8722ef88b4c8-chrome-pdf.html","meta":{"rootId":"6dsznrtr44x1rs5","id":"6dsznrtr44x1rs5"},"id":"phx9tmzx3a0x8xg","previousOperationId":"65zls42rmy2kyqr"}
{"type":"log","timestamp":1719007750653,"level":"debug","message":"Page request: GET (stylesheet) https://cdnjs.cloudflare.com/ajax/libs/metro/4.1.5/css/metro.min.css","meta":{"rootId":"6dsznrtr44x1rs5","id":"6dsznrtr44x1rs5"},"id":"wpo4l1khiu56zcq","previousOperationId":"65zls42rmy2kyqr"}
{"type":"log","timestamp":1719007750653,"level":"debug","message":"Page request finished: GET (document) 200 file:///var/folders/2x/1bhfw9mx7d775w_jmf56lcp80000gn/T/jsreport/autocleanup/43b3002b-f202-417f-81cc-8722ef88b4c8-chrome-pdf.html","meta":{"rootId":"6dsznrtr44x1rs5","id":"6dsznrtr44x1rs5"},"id":"sgivnigqzhx52c7","previousOperationId":"65zls42rmy2kyqr"}
{"type":"log","timestamp":1719007750654,"level":"debug","message":"Page request: GET (script) https://cdnjs.cloudflare.com/ajax/libs/Chart.js/2.7.2/Chart.min.js","meta":{"rootId":"6dsznrtr44x1rs5","id":"6dsznrtr44x1rs5"},"id":"amt7679n2ssu2l0","previousOperationId":"65zls42rmy2kyqr"}
{"type":"log","timestamp":1719007750662,"level":"debug","message":"Page request finished: GET (stylesheet) 200 https://cdnjs.cloudflare.com/ajax/libs/metro/4.1.5/css/metro.min.css","meta":{"rootId":"6dsznrtr44x1rs5","id":"6dsznrtr44x1rs5"},"id":"hznlyho0wzd0e24","previousOperationId":"65zls42rmy2kyqr"}
{"type":"log","timestamp":1719007750663,"level":"debug","message":"Page request finished: GET (script) 200 https://cdnjs.cloudflare.com/ajax/libs/Chart.js/2.7.2/Chart.min.js","meta":{"rootId":"6dsznrtr44x1rs5","id":"6dsznrtr44x1rs5"},"id":"6pahymla9y0n35p","previousOperationId":"65zls42rmy2kyqr"}
{"type":"log","timestamp":1719007750700,"level":"debug","message":"Running chrome with params {\"marginTop\":\"2cm\",\"marginRight\":\"1.5cm\",\"marginLeft\":\"1.5cm\",\"marginBottom\":\"1.5cm\",\"timeout\":59978,\"margin\":{\"top\":\"2cm\",\"right\":\"1.5cm\",\"bottom\":\"1.5cm\",\"left\":\"1.5cm\"},\"printBackground\":true}","meta":{"rootId":"6dsznrtr44x1rs5","id":"6dsznrtr44x1rs5"},"id":"dm6l2vkh8tnvz0x","previousOperationId":"65zls42rmy2kyqr"}
{"type":"operationEnd","operationId":"65zls42rmy2kyqr","timestamp":1719007750868,"id":"5ncvzocnjelotur","previousEventId":"uad1uqpww32u9bv","previousOperationId":"65zls42rmy2kyqr"}
{"type":"log","timestamp":1719007750868,"level":"info","message":"pdf-utils is starting pdf processing","meta":{"rootId":"6dsznrtr44x1rs5","id":"6dsznrtr44x1rs5"},"id":"sdn1338biuqdc22","previousOperationId":"65zls42rmy2kyqr"}
{"type":"operationStart","subtype":"pdfUtils","name":"pdf utils","timestamp":1719007750869,"id":"f7yj9wjl59f7ny7","previousEventId":"5ncvzocnjelotur","operationId":"lpyrgggs8c22hon","previousOperationId":"65zls42rmy2kyqr"}
{"type":"log","timestamp":1719007750869,"level":"debug","message":"pdf-utils detected 1 pdf operation(s) to process","meta":{"rootId":"6dsznrtr44x1rs5","id":"6dsznrtr44x1rs5"},"id":"8yvx3yo608rdsxk","previousOperationId":"lpyrgggs8c22hon"}
{"type":"log","timestamp":1719007750891,"level":"debug","message":"pdf-utils running pdf operation merge","meta":{"rootId":"6dsznrtr44x1rs5","id":"6dsznrtr44x1rs5"},"id":"weexu26e866n0j1","previousOperationId":"lpyrgggs8c22hon"}
{"type":"operationStart","subtype":"pdfUtilsMerge","name":"pdf utils merge","previousOperationId":"lpyrgggs8c22hon","timestamp":1719007750891,"id":"zg235zd6xhczaw0","previousEventId":"f7yj9wjl59f7ny7","operationId":"5nmy1jzzyvdl846"}
{"type":"operationStart","subtype":"render","name":"anonymous","previousOperationId":"5nmy1jzzyvdl846","timestamp":1719007750891,"id":"adrpotjlqoa2anw","previousEventId":"zg235zd6xhczaw0","operationId":"wrpgn4z045ny8lu"}
{"type":"log","timestamp":1719007750891,"level":"info","message":"Starting rendering (child) request","meta":{"rootId":"6dsznrtr44x1rs5","id":"0ey34wmcyk8681d"},"id":"j6jricscoxt7idl","previousOperationId":"wrpgn4z045ny8lu"}
{"type":"log","timestamp":1719007750891,"level":"info","message":"Rendering anonymous template { recipe: chrome-pdf, engine: handlebars }","meta":{"rootId":"6dsznrtr44x1rs5","id":"0ey34wmcyk8681d"},"id":"gvegynfm6uvz5bf","previousOperationId":"wrpgn4z045ny8lu"}
{"type":"log","timestamp":1719007750891,"level":"debug","message":"Inline data specified.","meta":{"rootId":"6dsznrtr44x1rs5","id":"0ey34wmcyk8681d"},"id":"3ubh5lukrjq850x","previousOperationId":"wrpgn4z045ny8lu"}
{"type":"log","timestamp":1719007750891,"level":"debug","message":"Base url not specified, skipping its injection.","meta":{"rootId":"6dsznrtr44x1rs5","id":"0ey34wmcyk8681d"},"id":"b7ncn0mff7zlyx7","previousOperationId":"wrpgn4z045ny8lu"}
{"type":"operationStart","subtype":"engine","name":"handlebars","timestamp":1719007750891,"id":"2cuk3g3gif4xggl","previousEventId":"adrpotjlqoa2anw","operationId":"17cl73gy7ka4k8q","previousOperationId":"wrpgn4z045ny8lu"}
{"type":"log","timestamp":1719007750891,"level":"debug","message":"Rendering engine handlebars","meta":{"rootId":"6dsznrtr44x1rs5","id":"0ey34wmcyk8681d"},"id":"k3vp6492notnjlf","previousOperationId":"17cl73gy7ka4k8q"}
{"type":"operationEnd","operationId":"17cl73gy7ka4k8q","timestamp":1719007750893,"id":"y92jeqlk3aju494","previousEventId":"2cuk3g3gif4xggl","previousOperationId":"17cl73gy7ka4k8q"}
{"type":"operationStart","subtype":"recipe","name":"chrome-pdf","timestamp":1719007750893,"id":"92i5rd1xexjwb1i","previousEventId":"y92jeqlk3aju494","operationId":"r90iz341t57xdgy","previousOperationId":"17cl73gy7ka4k8q"}
{"type":"log","timestamp":1719007750893,"level":"debug","message":"Executing recipe chrome-pdf","meta":{"rootId":"6dsznrtr44x1rs5","id":"0ey34wmcyk8681d"},"id":"r0sboj1sbj9yz9z","previousOperationId":"r90iz341t57xdgy"}
{"type":"log","timestamp":1719007750893,"level":"debug","message":"Converting with chrome Chrome/126.0.6478.61 using chrome-pool strategy","meta":{"rootId":"6dsznrtr44x1rs5","id":"0ey34wmcyk8681d"},"id":"wmacjmwivagy1d3","previousOperationId":"r90iz341t57xdgy"}
{"type":"log","timestamp":1719007750954,"level":"debug","message":"Page request: GET (document) file:///var/folders/2x/1bhfw9mx7d775w_jmf56lcp80000gn/T/jsreport/autocleanup/19d6cd09-3994-42ef-909b-ccff79ebb1bc-chrome-pdf.html","meta":{"rootId":"6dsznrtr44x1rs5","id":"0ey34wmcyk8681d"},"id":"sdvp5s9yj9grro4","previousOperationId":"r90iz341t57xdgy"}
{"type":"log","timestamp":1719007750958,"level":"debug","message":"Page request finished: GET (document) 200 file:///var/folders/2x/1bhfw9mx7d775w_jmf56lcp80000gn/T/jsreport/autocleanup/19d6cd09-3994-42ef-909b-ccff79ebb1bc-chrome-pdf.html","meta":{"rootId":"6dsznrtr44x1rs5","id":"0ey34wmcyk8681d"},"id":"1ytmdhgrqbsv0uv","previousOperationId":"r90iz341t57xdgy"}
{"type":"log","timestamp":1719007750959,"level":"debug","message":"Running chrome with params {\"timeout\":59641,\"margin\":{},\"printBackground\":true}","meta":{"rootId":"6dsznrtr44x1rs5","id":"0ey34wmcyk8681d"},"id":"1jic6ymza4kxe9q","previousOperationId":"r90iz341t57xdgy"}
{"type":"operationEnd","operationId":"r90iz341t57xdgy","timestamp":1719007750994,"id":"r5aphphggdxul7e","previousEventId":"92i5rd1xexjwb1i","previousOperationId":"r90iz341t57xdgy"}
{"type":"log","timestamp":1719007750994,"level":"debug","message":"Skipping storing report.","meta":{"rootId":"6dsznrtr44x1rs5","id":"0ey34wmcyk8681d"},"id":"agm0bjnwq9v0x1v","previousOperationId":"r90iz341t57xdgy"}
{"type":"log","timestamp":1719007750994,"level":"info","message":"Rendering (child) request finished in 460 ms","meta":{"rootId":"6dsznrtr44x1rs5","id":"0ey34wmcyk8681d"},"id":"cspx7a4upu99c9z","previousOperationId":"r90iz341t57xdgy"}
{"type":"operationEnd","subtype":"render","operationId":"wrpgn4z045ny8lu","timestamp":1719007750994,"id":"nvrnxi2nabupqdw","previousEventId":"r5aphphggdxul7e","previousOperationId":"r90iz341t57xdgy"}
{"type":"operationEnd","operationId":"5nmy1jzzyvdl846","timestamp":1719007751006,"id":"r4qbo2599oj2kmy","previousEventId":"zg235zd6xhczaw0","previousOperationId":"5nmy1jzzyvdl846"}
{"type":"log","timestamp":1719007751006,"level":"debug","message":"pdf-utils postprocess start","meta":{"rootId":"6dsznrtr44x1rs5","id":"6dsznrtr44x1rs5"},"id":"lmquwtv5hqsipg9","previousOperationId":"5nmy1jzzyvdl846"}
{"type":"log","timestamp":1719007751022,"level":"debug","message":"pdf-utils postprocess end","meta":{"rootId":"6dsznrtr44x1rs5","id":"6dsznrtr44x1rs5"},"id":"0yx5ftuzcdea6sc","previousOperationId":"5nmy1jzzyvdl846"}
{"type":"operationEnd","operationId":"lpyrgggs8c22hon","timestamp":1719007751022,"id":"187s49vx936gy21","previousEventId":"r4qbo2599oj2kmy","previousOperationId":"5nmy1jzzyvdl846"}
{"type":"log","timestamp":1719007751024,"level":"info","message":"pdf-utils pdf processing was finished","meta":{"rootId":"6dsznrtr44x1rs5","id":"6dsznrtr44x1rs5"},"id":"oijlg39yio1pknz","previousOperationId":"lpyrgggs8c22hon"}
{"type":"log","timestamp":1719007751024,"level":"debug","message":"Skipping storing report.","meta":{"rootId":"6dsznrtr44x1rs5","id":"6dsznrtr44x1rs5"},"id":"j7owqyicun2sxv6","previousOperationId":"lpyrgggs8c22hon"}
{"type":"log","timestamp":1719007751024,"level":"info","message":"Rendering request 140 finished in 490 ms","meta":{"rootId":"6dsznrtr44x1rs5","id":"6dsznrtr44x1rs5"},"id":"stfesn0qdj6nwth","previousOperationId":"lpyrgggs8c22hon"}
{"type":"operationEnd","subtype":"render","operationId":"f4b2650mv9obx9h","timestamp":1719007751024,"id":"m1dgrw93mw0l0fz","previousEventId":"187s49vx936gy21","previousOperationId":"lpyrgggs8c22hon"}
{"type":"operationEnd","doDiffs":false,"previousEventId":"8tqbajr3h1wmg69","previousOperationId":"bz0hphmwu9m86jp","operationId":"bz0hphmwu9m86jp","timestamp":1719007751025,"id":"oil4p8uchy260am"}
