{"type":"operationStart","subtype":"profile","data":{"_id":"2POHUBVvTd4tndrl","timestamp":"2024-06-24T15:20:59.971Z","state":"queued","mode":"standard","creationDate":"2024-06-24T15:20:59.979Z","modificationDate":"2024-06-24T15:20:59.979Z","shortid":"efbFPC8","$entitySet":"profiles"},"doDiffs":false,"timestamp":1719242459976,"id":"qw7qjc76r76qejk","previousOperationId":null,"operationId":"6xxbq41xyeygpdh"}
{"type":"log","level":"info","message":"Render request 6 queued for execution and waiting for available worker","previousOperationId":"6xxbq41xyeygpdh","timestamp":1719242459976,"id":"ie9dtu7zq5isxom"}
{"type":"operationStart","subtype":"render","name":"anonymous","previousOperationId":"6xxbq41xyeygpdh","timestamp":1719242459993,"id":"2hn32drteafbfl8","previousEventId":"qw7qjc76r76qejk","operationId":"np003qv8oxg7951"}
{"type":"log","timestamp":1719242459993,"level":"info","message":"Starting rendering request 6","meta":{"rootId":"6m6ki9joniwyu4s","id":"6m6ki9joniwyu4s"},"id":"2pdtthq9c9dnvgp","previousOperationId":"np003qv8oxg7951"}
{"type":"log","timestamp":1719242459993,"level":"info","message":"Rendering anonymous template { recipe: chrome-pdf, engine: handlebars }","meta":{"rootId":"6m6ki9joniwyu4s","id":"6m6ki9joniwyu4s"},"id":"um5j2dcufq3l1p9","previousOperationId":"np003qv8oxg7951"}
{"type":"log","timestamp":1719242459993,"level":"debug","message":"Inline data specified.","meta":{"rootId":"6m6ki9joniwyu4s","id":"6m6ki9joniwyu4s"},"id":"pmc7e4zsprhmegp","previousOperationId":"np003qv8oxg7951"}
{"type":"log","timestamp":1719242459994,"level":"debug","message":"Base url not specified, skipping its injection.","meta":{"rootId":"6m6ki9joniwyu4s","id":"6m6ki9joniwyu4s"},"id":"ju9yu51b26q2vyr","previousOperationId":"np003qv8oxg7951"}
{"type":"operationStart","subtype":"engine","name":"handlebars","timestamp":1719242459994,"id":"rau6c4wd8fywgie","previousEventId":"2hn32drteafbfl8","operationId":"kro04wc06m2l4ok","previousOperationId":"np003qv8oxg7951"}
{"type":"log","timestamp":1719242459994,"level":"debug","message":"Rendering engine handlebars","meta":{"rootId":"6m6ki9joniwyu4s","id":"6m6ki9joniwyu4s"},"id":"eoixo60xnt5yxny","previousOperationId":"kro04wc06m2l4ok"}
{"type":"operationEnd","operationId":"kro04wc06m2l4ok","timestamp":1719242460008,"id":"asquprfurzssr81","previousEventId":"rau6c4wd8fywgie","previousOperationId":"kro04wc06m2l4ok"}
{"type":"operationStart","subtype":"recipe","name":"chrome-pdf","timestamp":1719242460008,"id":"28wfqg7ez416po4","previousEventId":"asquprfurzssr81","operationId":"xe740c21ay88hoa","previousOperationId":"kro04wc06m2l4ok"}
{"type":"log","timestamp":1719242460008,"level":"debug","message":"Executing recipe chrome-pdf","meta":{"rootId":"6m6ki9joniwyu4s","id":"6m6ki9joniwyu4s"},"id":"32mq4bo75mtjmsv","previousOperationId":"xe740c21ay88hoa"}
{"type":"log","timestamp":1719242460022,"level":"debug","message":"Converting with chrome Chrome/126.0.6478.61 using chrome-pool strategy","meta":{"rootId":"6m6ki9joniwyu4s","id":"6m6ki9joniwyu4s"},"id":"25cseidk56ycwfk","previousOperationId":"xe740c21ay88hoa"}
{"type":"log","timestamp":1719242460360,"level":"debug","message":"Page request: GET (document) file:///var/folders/2x/1bhfw9mx7d775w_jmf56lcp80000gn/T/jsreport/autocleanup/02d90387-76ab-4abb-8936-0f716f3498b0-chrome-pdf.html","meta":{"rootId":"6m6ki9joniwyu4s","id":"6m6ki9joniwyu4s"},"id":"hk49e3kcujanhvh","previousOperationId":"xe740c21ay88hoa"}
{"type":"log","timestamp":1719242460380,"level":"debug","message":"Page request finished: GET (document) 200 file:///var/folders/2x/1bhfw9mx7d775w_jmf56lcp80000gn/T/jsreport/autocleanup/02d90387-76ab-4abb-8936-0f716f3498b0-chrome-pdf.html","meta":{"rootId":"6m6ki9joniwyu4s","id":"6m6ki9joniwyu4s"},"id":"t2bho5hx7wxomx5","previousOperationId":"xe740c21ay88hoa"}
{"type":"log","timestamp":1719242460384,"level":"debug","message":"Page request: GET (stylesheet) https://cdnjs.cloudflare.com/ajax/libs/metro/4.1.5/css/metro.min.css","meta":{"rootId":"6m6ki9joniwyu4s","id":"6m6ki9joniwyu4s"},"id":"idmcyh3clalh6yy","previousOperationId":"xe740c21ay88hoa"}
{"type":"log","timestamp":1719242460384,"level":"debug","message":"Page request: GET (script) https://cdnjs.cloudflare.com/ajax/libs/Chart.js/2.7.2/Chart.min.js","meta":{"rootId":"6m6ki9joniwyu4s","id":"6m6ki9joniwyu4s"},"id":"63c0jmmoue00mic","previousOperationId":"xe740c21ay88hoa"}
{"type":"log","timestamp":1719242460393,"level":"debug","message":"Page request finished: GET (stylesheet) 200 https://cdnjs.cloudflare.com/ajax/libs/metro/4.1.5/css/metro.min.css","meta":{"rootId":"6m6ki9joniwyu4s","id":"6m6ki9joniwyu4s"},"id":"rptxt11i0jgtbu8","previousOperationId":"xe740c21ay88hoa"}
{"type":"log","timestamp":1719242460394,"level":"debug","message":"Page request finished: GET (script) 200 https://cdnjs.cloudflare.com/ajax/libs/Chart.js/2.7.2/Chart.min.js","meta":{"rootId":"6m6ki9joniwyu4s","id":"6m6ki9joniwyu4s"},"id":"cobkikiezjs6txc","previousOperationId":"xe740c21ay88hoa"}
{"type":"log","timestamp":1719242460458,"level":"debug","message":"Running chrome with params {\"marginTop\":\"4cm\",\"marginRight\":\"1.5cm\",\"marginLeft\":\"1.5cm\",\"marginBottom\":\"1.5cm\",\"timeout\":59951,\"margin\":{\"top\":\"4cm\",\"right\":\"1.5cm\",\"bottom\":\"1.5cm\",\"left\":\"1.5cm\"},\"printBackground\":true}","meta":{"rootId":"6m6ki9joniwyu4s","id":"6m6ki9joniwyu4s"},"id":"32p9ga1gunu8p1p","previousOperationId":"xe740c21ay88hoa"}
{"type":"operationEnd","operationId":"xe740c21ay88hoa","timestamp":1719242460600,"id":"l5bazji4uzwdnsq","previousEventId":"28wfqg7ez416po4","previousOperationId":"xe740c21ay88hoa"}
{"type":"log","timestamp":1719242460600,"level":"info","message":"pdf-utils is starting pdf processing","meta":{"rootId":"6m6ki9joniwyu4s","id":"6m6ki9joniwyu4s"},"id":"3ngtdlc0fxwa49d","previousOperationId":"xe740c21ay88hoa"}
{"type":"operationStart","subtype":"pdfUtils","name":"pdf utils","timestamp":1719242460680,"id":"p9uc67vi526q2yf","previousEventId":"l5bazji4uzwdnsq","operationId":"hp26qv1oio5p58i","previousOperationId":"xe740c21ay88hoa"}
{"type":"log","timestamp":1719242460680,"level":"debug","message":"pdf-utils detected 1 pdf operation(s) to process","meta":{"rootId":"6m6ki9joniwyu4s","id":"6m6ki9joniwyu4s"},"id":"tkagury9cj7rvhj","previousOperationId":"hp26qv1oio5p58i"}
{"type":"log","timestamp":1719242460690,"level":"debug","message":"pdf-utils running pdf operation undefined","meta":{"rootId":"6m6ki9joniwyu4s","id":"6m6ki9joniwyu4s"},"id":"c0v6xn58m1rpnlb","previousOperationId":"hp26qv1oio5p58i"}
{"type":"log","timestamp":1719242460690,"level":"debug","message":"pdf-utils postprocess start","meta":{"rootId":"6m6ki9joniwyu4s","id":"6m6ki9joniwyu4s"},"id":"8ksci3rdk1n2i14","previousOperationId":"hp26qv1oio5p58i"}
{"type":"log","timestamp":1719242460699,"level":"debug","message":"pdf-utils postprocess end","meta":{"rootId":"6m6ki9joniwyu4s","id":"6m6ki9joniwyu4s"},"id":"gdhm4e163a0bny0","previousOperationId":"hp26qv1oio5p58i"}
{"type":"operationEnd","operationId":"hp26qv1oio5p58i","timestamp":1719242460699,"id":"0ax9adc226feeoa","previousEventId":"p9uc67vi526q2yf","previousOperationId":"hp26qv1oio5p58i"}
{"type":"log","timestamp":1719242460700,"level":"info","message":"pdf-utils pdf processing was finished","meta":{"rootId":"6m6ki9joniwyu4s","id":"6m6ki9joniwyu4s"},"id":"e316nj3yu2hlr69","previousOperationId":"hp26qv1oio5p58i"}
{"type":"log","timestamp":1719242460700,"level":"debug","message":"Skipping storing report.","meta":{"rootId":"6m6ki9joniwyu4s","id":"6m6ki9joniwyu4s"},"id":"ybk2v6mdk5obnpr","previousOperationId":"hp26qv1oio5p58i"}
{"type":"log","timestamp":1719242460700,"level":"info","message":"Rendering request 6 finished in 739 ms","meta":{"rootId":"6m6ki9joniwyu4s","id":"6m6ki9joniwyu4s"},"id":"mnwndkbr4z3c7tu","previousOperationId":"hp26qv1oio5p58i"}
{"type":"operationEnd","subtype":"render","operationId":"np003qv8oxg7951","timestamp":1719242460700,"id":"28swe5rsirak2e7","previousEventId":"0ax9adc226feeoa","previousOperationId":"hp26qv1oio5p58i"}
{"type":"operationEnd","doDiffs":false,"previousEventId":"qw7qjc76r76qejk","previousOperationId":"6xxbq41xyeygpdh","operationId":"6xxbq41xyeygpdh","timestamp":1719242460700,"id":"86tvduxyogwgd7z"}
