{"type":"operationStart","subtype":"profile","data":{"_id":"dBP4syWCYXKERS4W","timestamp":"2024-06-21T22:03:45.556Z","state":"queued","mode":"standard","creationDate":"2024-06-21T22:03:45.563Z","modificationDate":"2024-06-21T22:03:45.563Z","shortid":"oDn1o82","$entitySet":"profiles"},"doDiffs":false,"timestamp":1719007425558,"id":"h529sy3lrryxpej","previousOperationId":null,"operationId":"9ncmlgzg85fqtx7"}
{"type":"log","level":"info","message":"Render request 135 queued for execution and waiting for available worker","previousOperationId":"9ncmlgzg85fqtx7","timestamp":1719007425558,"id":"fe2qhsvtxiu993j"}
{"type":"operationStart","subtype":"render","name":"anonymous","previousOperationId":"9ncmlgzg85fqtx7","timestamp":1719007425577,"id":"t6gryrjd45qms46","previousEventId":"h529sy3lrryxpej","operationId":"jits50slp4nukw1"}
{"type":"log","timestamp":1719007425577,"level":"info","message":"Starting rendering request 135","meta":{"rootId":"6vtoniyu1fwsen6","id":"6vtoniyu1fwsen6"},"id":"ubzcwzgreknc7qd","previousOperationId":"jits50slp4nukw1"}
{"type":"log","timestamp":1719007425577,"level":"info","message":"Rendering anonymous template { recipe: chrome-pdf, engine: handlebars }","meta":{"rootId":"6vtoniyu1fwsen6","id":"6vtoniyu1fwsen6"},"id":"a8of189niygmvc0","previousOperationId":"jits50slp4nukw1"}
{"type":"log","timestamp":1719007425577,"level":"debug","message":"Inline data specified.","meta":{"rootId":"6vtoniyu1fwsen6","id":"6vtoniyu1fwsen6"},"id":"tpy5cxeilb3u8ig","previousOperationId":"jits50slp4nukw1"}
{"type":"log","timestamp":1719007425578,"level":"debug","message":"Base url not specified, skipping its injection.","meta":{"rootId":"6vtoniyu1fwsen6","id":"6vtoniyu1fwsen6"},"id":"j9tf2va4zix5mij","previousOperationId":"jits50slp4nukw1"}
{"type":"operationStart","subtype":"engine","name":"handlebars","timestamp":1719007425578,"id":"7dhcnll8g555jpq","previousEventId":"t6gryrjd45qms46","operationId":"iler6i6gd3if1i1","previousOperationId":"jits50slp4nukw1"}
{"type":"log","timestamp":1719007425578,"level":"debug","message":"Rendering engine handlebars","meta":{"rootId":"6vtoniyu1fwsen6","id":"6vtoniyu1fwsen6"},"id":"n9ns2rlf8ahy7gd","previousOperationId":"iler6i6gd3if1i1"}
{"type":"log","timestamp":1719007425586,"level":"debug","message":"(console:log) Pdf utils adding group field, value: \"France\"","meta":{"userLevel":true,"rootId":"6vtoniyu1fwsen6","id":"6vtoniyu1fwsen6"},"id":"32kgost62v57dvu","previousOperationId":"iler6i6gd3if1i1"}
{"type":"log","timestamp":1719007425586,"level":"debug","message":"(console:log) Pdf utils adding group field, value: \"Germany\"","meta":{"userLevel":true,"rootId":"6vtoniyu1fwsen6","id":"6vtoniyu1fwsen6"},"id":"h6e2w8lhmpzlyto","previousOperationId":"iler6i6gd3if1i1"}
{"type":"operationEnd","operationId":"iler6i6gd3if1i1","timestamp":1719007425586,"id":"jfjcz13nqiu4c4p","previousEventId":"7dhcnll8g555jpq","previousOperationId":"iler6i6gd3if1i1"}
{"type":"operationStart","subtype":"recipe","name":"chrome-pdf","timestamp":1719007425587,"id":"w4u2tbdsy7rywdp","previousEventId":"jfjcz13nqiu4c4p","operationId":"jeae7in26nqp14l","previousOperationId":"iler6i6gd3if1i1"}
{"type":"log","timestamp":1719007425587,"level":"debug","message":"Executing recipe chrome-pdf","meta":{"rootId":"6vtoniyu1fwsen6","id":"6vtoniyu1fwsen6"},"id":"taeg46qshti93cg","previousOperationId":"jeae7in26nqp14l"}
{"type":"log","timestamp":1719007425588,"level":"debug","message":"Starting child request to render pdf header","meta":{"rootId":"6vtoniyu1fwsen6","id":"6vtoniyu1fwsen6"},"id":"kggpjn6sphm54o1","previousOperationId":"jeae7in26nqp14l"}
{"type":"operationStart","subtype":"render","name":"anonymous","previousOperationId":"jeae7in26nqp14l","timestamp":1719007425588,"id":"54cbsixcv6lssyw","previousEventId":"w4u2tbdsy7rywdp","operationId":"rce4f7i3fw7l3pm"}
{"type":"log","timestamp":1719007425588,"level":"info","message":"Starting rendering (child) request","meta":{"rootId":"6vtoniyu1fwsen6","id":"vt2af5srfmw1wrz"},"id":"21f4q4pt9qyf851","previousOperationId":"rce4f7i3fw7l3pm"}
{"type":"log","timestamp":1719007425588,"level":"info","message":"Rendering anonymous template { recipe: html, engine: handlebars }","meta":{"rootId":"6vtoniyu1fwsen6","id":"vt2af5srfmw1wrz"},"id":"0u83m26qhajvvnj","previousOperationId":"rce4f7i3fw7l3pm"}
{"type":"log","timestamp":1719007425588,"level":"debug","message":"Inline data specified.","meta":{"rootId":"6vtoniyu1fwsen6","id":"vt2af5srfmw1wrz"},"id":"096o7fg5qvaxwqm","previousOperationId":"rce4f7i3fw7l3pm"}
{"type":"log","timestamp":1719007425588,"level":"debug","message":"Base url not specified, skipping its injection.","meta":{"rootId":"6vtoniyu1fwsen6","id":"vt2af5srfmw1wrz"},"id":"lhj98cyhph1v8f5","previousOperationId":"rce4f7i3fw7l3pm"}
{"type":"operationStart","subtype":"engine","name":"handlebars","timestamp":1719007425588,"id":"x78uhu031re93wz","previousEventId":"54cbsixcv6lssyw","operationId":"wt4taglawjht4cc","previousOperationId":"rce4f7i3fw7l3pm"}
{"type":"log","timestamp":1719007425588,"level":"debug","message":"Rendering engine handlebars","meta":{"rootId":"6vtoniyu1fwsen6","id":"vt2af5srfmw1wrz"},"id":"69enam1szgkqots","previousOperationId":"wt4taglawjht4cc"}
{"type":"operationEnd","operationId":"wt4taglawjht4cc","timestamp":1719007425590,"id":"e83khqc8c9q0bzv","previousEventId":"x78uhu031re93wz","previousOperationId":"wt4taglawjht4cc"}
{"type":"operationStart","subtype":"recipe","name":"html","timestamp":1719007425590,"id":"82fhb431sb0npaz","previousEventId":"e83khqc8c9q0bzv","operationId":"aefeagwonnw0x5l","previousOperationId":"wt4taglawjht4cc"}
{"type":"log","timestamp":1719007425590,"level":"debug","message":"Executing recipe html","meta":{"rootId":"6vtoniyu1fwsen6","id":"vt2af5srfmw1wrz"},"id":"4dg87mkiwp1lit5","previousOperationId":"aefeagwonnw0x5l"}
{"type":"operationEnd","operationId":"aefeagwonnw0x5l","timestamp":1719007425590,"id":"iw6ecavwhg0usqq","previousEventId":"82fhb431sb0npaz","previousOperationId":"aefeagwonnw0x5l"}
{"type":"log","timestamp":1719007425590,"level":"debug","message":"Skipping storing report.","meta":{"rootId":"6vtoniyu1fwsen6","id":"vt2af5srfmw1wrz"},"id":"ohs8603mr9cto3b","previousOperationId":"aefeagwonnw0x5l"}
{"type":"log","timestamp":1719007425590,"level":"info","message":"Rendering (child) request finished in 35 ms","meta":{"rootId":"6vtoniyu1fwsen6","id":"vt2af5srfmw1wrz"},"id":"yww3ypufkbf1lt7","previousOperationId":"aefeagwonnw0x5l"}
{"type":"operationEnd","subtype":"render","operationId":"rce4f7i3fw7l3pm","timestamp":1719007425590,"id":"tuzyad1056k5z3r","previousEventId":"iw6ecavwhg0usqq","previousOperationId":"aefeagwonnw0x5l"}
{"type":"log","timestamp":1719007425590,"level":"debug","message":"Starting child request to render pdf footer","meta":{"rootId":"6vtoniyu1fwsen6","id":"6vtoniyu1fwsen6"},"id":"rvgun9pizl91d6c","previousOperationId":"jeae7in26nqp14l"}
{"type":"operationStart","subtype":"render","name":"anonymous","previousOperationId":"jeae7in26nqp14l","timestamp":1719007425590,"id":"u632jkk3r0w7q3h","previousEventId":"w4u2tbdsy7rywdp","operationId":"a69mel2wqaswcbg"}
{"type":"log","timestamp":1719007425590,"level":"info","message":"Starting rendering (child) request","meta":{"rootId":"6vtoniyu1fwsen6","id":"cbjkcea6e83ehz9"},"id":"k2s5kahcwqveodu","previousOperationId":"a69mel2wqaswcbg"}
{"type":"log","timestamp":1719007425590,"level":"info","message":"Rendering anonymous template { recipe: html, engine: handlebars }","meta":{"rootId":"6vtoniyu1fwsen6","id":"cbjkcea6e83ehz9"},"id":"ryswsyontaqi7mu","previousOperationId":"a69mel2wqaswcbg"}
{"type":"log","timestamp":1719007425590,"level":"debug","message":"Inline data specified.","meta":{"rootId":"6vtoniyu1fwsen6","id":"cbjkcea6e83ehz9"},"id":"bxtz80l7cm4vsyo","previousOperationId":"a69mel2wqaswcbg"}
{"type":"log","timestamp":1719007425590,"level":"debug","message":"Base url not specified, skipping its injection.","meta":{"rootId":"6vtoniyu1fwsen6","id":"cbjkcea6e83ehz9"},"id":"gic6spzkrpl85n6","previousOperationId":"a69mel2wqaswcbg"}
{"type":"operationStart","subtype":"engine","name":"handlebars","timestamp":1719007425591,"id":"yzrl8jtejh6a535","previousEventId":"u632jkk3r0w7q3h","operationId":"nygoz39hmgamase","previousOperationId":"a69mel2wqaswcbg"}
{"type":"log","timestamp":1719007425591,"level":"debug","message":"Rendering engine handlebars","meta":{"rootId":"6vtoniyu1fwsen6","id":"cbjkcea6e83ehz9"},"id":"dtx4uolf879yge6","previousOperationId":"nygoz39hmgamase"}
{"type":"operationEnd","operationId":"nygoz39hmgamase","timestamp":1719007425593,"id":"pza554w3yvu9rqv","previousEventId":"yzrl8jtejh6a535","previousOperationId":"nygoz39hmgamase"}
{"type":"operationStart","subtype":"recipe","name":"html","timestamp":1719007425593,"id":"4dscnbv5j41m4a8","previousEventId":"pza554w3yvu9rqv","operationId":"zhbxt1c5hqrlzq4","previousOperationId":"nygoz39hmgamase"}
{"type":"log","timestamp":1719007425593,"level":"debug","message":"Executing recipe html","meta":{"rootId":"6vtoniyu1fwsen6","id":"cbjkcea6e83ehz9"},"id":"th08i4mkbxxiqvz","previousOperationId":"zhbxt1c5hqrlzq4"}
{"type":"operationEnd","operationId":"zhbxt1c5hqrlzq4","timestamp":1719007425593,"id":"v5kzzq26gv52mee","previousEventId":"4dscnbv5j41m4a8","previousOperationId":"zhbxt1c5hqrlzq4"}
{"type":"log","timestamp":1719007425593,"level":"debug","message":"Skipping storing report.","meta":{"rootId":"6vtoniyu1fwsen6","id":"cbjkcea6e83ehz9"},"id":"sderd73ui1j8yyb","previousOperationId":"zhbxt1c5hqrlzq4"}
{"type":"log","timestamp":1719007425593,"level":"info","message":"Rendering (child) request finished in 38 ms","meta":{"rootId":"6vtoniyu1fwsen6","id":"cbjkcea6e83ehz9"},"id":"cmlqlvtyen7ssn5","previousOperationId":"zhbxt1c5hqrlzq4"}
{"type":"operationEnd","subtype":"render","operationId":"a69mel2wqaswcbg","timestamp":1719007425593,"id":"wl1onusbeiszro4","previousEventId":"v5kzzq26gv52mee","previousOperationId":"zhbxt1c5hqrlzq4"}
{"type":"log","timestamp":1719007425594,"level":"debug","message":"Converting with chrome Chrome/126.0.6478.61 using chrome-pool strategy","meta":{"rootId":"6vtoniyu1fwsen6","id":"6vtoniyu1fwsen6"},"id":"dpzllnhf6cv3qkd","previousOperationId":"jeae7in26nqp14l"}
{"type":"log","timestamp":1719007425775,"level":"debug","message":"Page request: GET (document) file:///var/folders/2x/1bhfw9mx7d775w_jmf56lcp80000gn/T/jsreport/autocleanup/3ab31f4e-27e9-4764-8e5e-2b8c7b31fef0-chrome-pdf.html","meta":{"rootId":"6vtoniyu1fwsen6","id":"6vtoniyu1fwsen6"},"id":"ltu5y6pv2x8wfsz","previousOperationId":"jeae7in26nqp14l"}
{"type":"log","timestamp":1719007425781,"level":"debug","message":"Page request finished: GET (document) 200 file:///var/folders/2x/1bhfw9mx7d775w_jmf56lcp80000gn/T/jsreport/autocleanup/3ab31f4e-27e9-4764-8e5e-2b8c7b31fef0-chrome-pdf.html","meta":{"rootId":"6vtoniyu1fwsen6","id":"6vtoniyu1fwsen6"},"id":"fij6d9kjsux71e2","previousOperationId":"jeae7in26nqp14l"}
{"type":"log","timestamp":1719007425788,"level":"debug","message":"Page request: GET (stylesheet) https://cdnjs.cloudflare.com/ajax/libs/metro/4.1.5/css/metro.min.css","meta":{"rootId":"6vtoniyu1fwsen6","id":"6vtoniyu1fwsen6"},"id":"hsk7jfjiaatm5vk","previousOperationId":"jeae7in26nqp14l"}
{"type":"log","timestamp":1719007425790,"level":"debug","message":"Page request: GET (script) https://cdnjs.cloudflare.com/ajax/libs/Chart.js/2.7.2/Chart.min.js","meta":{"rootId":"6vtoniyu1fwsen6","id":"6vtoniyu1fwsen6"},"id":"qgxsr8f85hsi49a","previousOperationId":"jeae7in26nqp14l"}
{"type":"log","timestamp":1719007425799,"level":"debug","message":"Page request finished: GET (stylesheet) 200 https://cdnjs.cloudflare.com/ajax/libs/metro/4.1.5/css/metro.min.css","meta":{"rootId":"6vtoniyu1fwsen6","id":"6vtoniyu1fwsen6"},"id":"ck1t9ac73rbje46","previousOperationId":"jeae7in26nqp14l"}
{"type":"log","timestamp":1719007425810,"level":"debug","message":"Page request finished: GET (script) 200 https://cdnjs.cloudflare.com/ajax/libs/Chart.js/2.7.2/Chart.min.js","meta":{"rootId":"6vtoniyu1fwsen6","id":"6vtoniyu1fwsen6"},"id":"8vzd59l8elviuyp","previousOperationId":"jeae7in26nqp14l"}
{"type":"log","timestamp":1719007425843,"level":"debug","message":"Running chrome with params {\"displayHeaderFooter\":true,\"headerTemplate\":\"...\",\"footerTemplate\":\"...\",\"marginTop\":\"2cm\",\"marginRight\":\"1.5cm\",\"marginLeft\":\"1.5cm\",\"marginBottom\":\"1.5cm\",\"timeout\":59962,\"margin\":{\"top\":\"2cm\",\"right\":\"1.5cm\",\"bottom\":\"1.5cm\",\"left\":\"1.5cm\"},\"printBackground\":true}","meta":{"rootId":"6vtoniyu1fwsen6","id":"6vtoniyu1fwsen6"},"id":"k535uw5q0aqsyuy","previousOperationId":"jeae7in26nqp14l"}
{"type":"operationEnd","operationId":"jeae7in26nqp14l","timestamp":1719007426052,"id":"3aacrww7c8wshch","previousEventId":"w4u2tbdsy7rywdp","previousOperationId":"jeae7in26nqp14l"}
{"type":"log","timestamp":1719007426052,"level":"info","message":"pdf-utils is starting pdf processing","meta":{"rootId":"6vtoniyu1fwsen6","id":"6vtoniyu1fwsen6"},"id":"nrltfidmo2exssd","previousOperationId":"jeae7in26nqp14l"}
{"type":"operationStart","subtype":"pdfUtils","name":"pdf utils","timestamp":1719007426052,"id":"ulyru7hy2qz3z3d","previousEventId":"3aacrww7c8wshch","operationId":"mo8d2ncczaedv1z","previousOperationId":"jeae7in26nqp14l"}
{"type":"log","timestamp":1719007426052,"level":"debug","message":"pdf-utils detected 1 pdf operation(s) to process","meta":{"rootId":"6vtoniyu1fwsen6","id":"6vtoniyu1fwsen6"},"id":"blbpn1hg0lfd6ym","previousOperationId":"mo8d2ncczaedv1z"}
{"type":"log","timestamp":1719007426063,"level":"debug","message":"pdf-utils running pdf operation merge","meta":{"rootId":"6vtoniyu1fwsen6","id":"6vtoniyu1fwsen6"},"id":"y1zg5nv14iq46hl","previousOperationId":"mo8d2ncczaedv1z"}
{"type":"operationStart","subtype":"pdfUtilsMerge","name":"pdf utils merge","previousOperationId":"mo8d2ncczaedv1z","timestamp":1719007426063,"id":"ih1pnards0njhfy","previousEventId":"ulyru7hy2qz3z3d","operationId":"ekii6s0yf4cxsmv"}
{"type":"operationStart","subtype":"render","name":"anonymous","previousOperationId":"ekii6s0yf4cxsmv","timestamp":1719007426064,"id":"evxs2j6nr12itc7","previousEventId":"ih1pnards0njhfy","operationId":"zcbqkayn9d9c0n0"}
{"type":"log","timestamp":1719007426064,"level":"info","message":"Starting rendering (child) request","meta":{"rootId":"6vtoniyu1fwsen6","id":"q4ly1kelw2cv2rl"},"id":"n933qobl6xbwc9h","previousOperationId":"zcbqkayn9d9c0n0"}
{"type":"log","timestamp":1719007426064,"level":"info","message":"Rendering anonymous template { recipe: chrome-pdf, engine: handlebars }","meta":{"rootId":"6vtoniyu1fwsen6","id":"q4ly1kelw2cv2rl"},"id":"tp72hoa8ie7egdc","previousOperationId":"zcbqkayn9d9c0n0"}
{"type":"log","timestamp":1719007426064,"level":"debug","message":"Inline data specified.","meta":{"rootId":"6vtoniyu1fwsen6","id":"q4ly1kelw2cv2rl"},"id":"zc3uwx2ofencxai","previousOperationId":"zcbqkayn9d9c0n0"}
{"type":"log","timestamp":1719007426065,"level":"debug","message":"Base url not specified, skipping its injection.","meta":{"rootId":"6vtoniyu1fwsen6","id":"q4ly1kelw2cv2rl"},"id":"p83cx66xnq71xjb","previousOperationId":"zcbqkayn9d9c0n0"}
{"type":"operationStart","subtype":"engine","name":"handlebars","timestamp":1719007426065,"id":"5afzk0a5say2svo","previousEventId":"evxs2j6nr12itc7","operationId":"65yhte1dxx51fwz","previousOperationId":"zcbqkayn9d9c0n0"}
{"type":"log","timestamp":1719007426066,"level":"debug","message":"Rendering engine handlebars","meta":{"rootId":"6vtoniyu1fwsen6","id":"q4ly1kelw2cv2rl"},"id":"vjc1cy7v913ylm7","previousOperationId":"65yhte1dxx51fwz"}
{"type":"operationEnd","operationId":"65yhte1dxx51fwz","timestamp":1719007426069,"id":"nexykbd155yxhqe","previousEventId":"5afzk0a5say2svo","previousOperationId":"65yhte1dxx51fwz"}
{"type":"operationStart","subtype":"recipe","name":"chrome-pdf","timestamp":1719007426069,"id":"21bdtwp5i9mbb2h","previousEventId":"nexykbd155yxhqe","operationId":"evxf6zk3d3dilrv","previousOperationId":"65yhte1dxx51fwz"}
{"type":"log","timestamp":1719007426069,"level":"debug","message":"Executing recipe chrome-pdf","meta":{"rootId":"6vtoniyu1fwsen6","id":"q4ly1kelw2cv2rl"},"id":"ibprapy915fraeb","previousOperationId":"evxf6zk3d3dilrv"}
{"type":"log","timestamp":1719007426070,"level":"debug","message":"Converting with chrome Chrome/126.0.6478.61 using chrome-pool strategy","meta":{"rootId":"6vtoniyu1fwsen6","id":"q4ly1kelw2cv2rl"},"id":"u6g0piuk8y01lpj","previousOperationId":"evxf6zk3d3dilrv"}
{"type":"log","timestamp":1719007426132,"level":"debug","message":"Page request: GET (document) file:///var/folders/2x/1bhfw9mx7d775w_jmf56lcp80000gn/T/jsreport/autocleanup/3536cdb0-c5b0-4355-a4de-96f34f19121b-chrome-pdf.html","meta":{"rootId":"6vtoniyu1fwsen6","id":"q4ly1kelw2cv2rl"},"id":"0ee9wnf57o5u3h4","previousOperationId":"evxf6zk3d3dilrv"}
{"type":"log","timestamp":1719007426136,"level":"debug","message":"Page request finished: GET (document) 200 file:///var/folders/2x/1bhfw9mx7d775w_jmf56lcp80000gn/T/jsreport/autocleanup/3536cdb0-c5b0-4355-a4de-96f34f19121b-chrome-pdf.html","meta":{"rootId":"6vtoniyu1fwsen6","id":"q4ly1kelw2cv2rl"},"id":"dydi3w29x2q9tl7","previousOperationId":"evxf6zk3d3dilrv"}
{"type":"log","timestamp":1719007426137,"level":"debug","message":"Running chrome with params {\"timeout\":59485,\"margin\":{},\"printBackground\":true}","meta":{"rootId":"6vtoniyu1fwsen6","id":"q4ly1kelw2cv2rl"},"id":"irac2ens3m4cnhd","previousOperationId":"evxf6zk3d3dilrv"}
{"type":"operationEnd","operationId":"evxf6zk3d3dilrv","timestamp":1719007426209,"id":"s3yu4wjs7s0no2i","previousEventId":"21bdtwp5i9mbb2h","previousOperationId":"evxf6zk3d3dilrv"}
{"type":"log","timestamp":1719007426209,"level":"debug","message":"Skipping storing report.","meta":{"rootId":"6vtoniyu1fwsen6","id":"q4ly1kelw2cv2rl"},"id":"fk98yaxh6ux3efg","previousOperationId":"evxf6zk3d3dilrv"}
{"type":"log","timestamp":1719007426210,"level":"info","message":"Rendering (child) request finished in 655 ms","meta":{"rootId":"6vtoniyu1fwsen6","id":"q4ly1kelw2cv2rl"},"id":"u6oxzaybsbe4pbs","previousOperationId":"evxf6zk3d3dilrv"}
{"type":"operationEnd","subtype":"render","operationId":"zcbqkayn9d9c0n0","timestamp":1719007426210,"id":"s2o4j71woa3p5x5","previousEventId":"s3yu4wjs7s0no2i","previousOperationId":"evxf6zk3d3dilrv"}
{"type":"operationEnd","operationId":"ekii6s0yf4cxsmv","timestamp":1719007426218,"id":"wac4xq9pe7jrnlj","previousEventId":"ih1pnards0njhfy","previousOperationId":"ekii6s0yf4cxsmv"}
{"type":"log","timestamp":1719007426218,"level":"debug","message":"pdf-utils postprocess start","meta":{"rootId":"6vtoniyu1fwsen6","id":"6vtoniyu1fwsen6"},"id":"tedf1n0xzhq7ky3","previousOperationId":"ekii6s0yf4cxsmv"}
{"type":"log","timestamp":1719007426232,"level":"debug","message":"pdf-utils postprocess end","meta":{"rootId":"6vtoniyu1fwsen6","id":"6vtoniyu1fwsen6"},"id":"kserps82oil1i6k","previousOperationId":"ekii6s0yf4cxsmv"}
{"type":"operationEnd","operationId":"mo8d2ncczaedv1z","timestamp":1719007426232,"id":"hhqs4ezim2vmgmj","previousEventId":"wac4xq9pe7jrnlj","previousOperationId":"ekii6s0yf4cxsmv"}
{"type":"log","timestamp":1719007426232,"level":"info","message":"pdf-utils pdf processing was finished","meta":{"rootId":"6vtoniyu1fwsen6","id":"6vtoniyu1fwsen6"},"id":"vgie227c1douzft","previousOperationId":"mo8d2ncczaedv1z"}
{"type":"log","timestamp":1719007426232,"level":"debug","message":"Skipping storing report.","meta":{"rootId":"6vtoniyu1fwsen6","id":"6vtoniyu1fwsen6"},"id":"ik9s198xdy4t457","previousOperationId":"mo8d2ncczaedv1z"}
{"type":"log","timestamp":1719007426232,"level":"info","message":"Rendering request 135 finished in 677 ms","meta":{"rootId":"6vtoniyu1fwsen6","id":"6vtoniyu1fwsen6"},"id":"9bsikkhadimjoay","previousOperationId":"mo8d2ncczaedv1z"}
{"type":"operationEnd","subtype":"render","operationId":"jits50slp4nukw1","timestamp":1719007426232,"id":"3k6h5u46056kbpb","previousEventId":"hhqs4ezim2vmgmj","previousOperationId":"mo8d2ncczaedv1z"}
{"type":"operationEnd","doDiffs":false,"previousEventId":"h529sy3lrryxpej","previousOperationId":"9ncmlgzg85fqtx7","operationId":"9ncmlgzg85fqtx7","timestamp":1719007426233,"id":"ojxk081j29pw5nf"}
