{"type":"operationStart","subtype":"profile","data":{"_id":"SfI6uhIGvSzXEIYl","timestamp":"2024-06-21T19:51:56.457Z","state":"queued","mode":"standard","creationDate":"2024-06-21T19:51:56.459Z","modificationDate":"2024-06-21T19:51:56.459Z","shortid":"ZglO4hc","$entitySet":"profiles"},"doDiffs":false,"timestamp":1718999516457,"id":"p1dt4gx8dvj03jd","previousOperationId":null,"operationId":"tjktvyjkdrhcsvd"}
{"type":"log","level":"info","message":"Render request 57 queued for execution and waiting for available worker","previousOperationId":"tjktvyjkdrhcsvd","timestamp":1718999516457,"id":"x95xjvv2j4hy64k"}
{"type":"operationStart","subtype":"render","name":"anonymous","previousOperationId":"tjktvyjkdrhcsvd","timestamp":1718999516464,"id":"tzx0yh1rro5f7ei","previousEventId":"p1dt4gx8dvj03jd","operationId":"w5b342v5ma2gjgp"}
{"type":"log","timestamp":1718999516465,"level":"info","message":"Starting rendering request 57","meta":{"rootId":"706ttxvem93xg3f","id":"706ttxvem93xg3f"},"id":"8lxkwkg6nlvgdwb","previousOperationId":"w5b342v5ma2gjgp"}
{"type":"log","timestamp":1718999516465,"level":"info","message":"Rendering anonymous template { recipe: chrome-pdf, engine: handlebars }","meta":{"rootId":"706ttxvem93xg3f","id":"706ttxvem93xg3f"},"id":"zyggziwwvav7vud","previousOperationId":"w5b342v5ma2gjgp"}
{"type":"log","timestamp":1718999516465,"level":"debug","message":"Inline data specified.","meta":{"rootId":"706ttxvem93xg3f","id":"706ttxvem93xg3f"},"id":"ksyc3bt2wzcmlka","previousOperationId":"w5b342v5ma2gjgp"}
{"type":"log","timestamp":1718999516466,"level":"debug","message":"Base url not specified, skipping its injection.","meta":{"rootId":"706ttxvem93xg3f","id":"706ttxvem93xg3f"},"id":"2t0d88yz20qpwf6","previousOperationId":"w5b342v5ma2gjgp"}
{"type":"operationStart","subtype":"engine","name":"handlebars","timestamp":1718999516467,"id":"jnnyxl3mft031v8","previousEventId":"tzx0yh1rro5f7ei","operationId":"me3uxmxseqw14nl","previousOperationId":"w5b342v5ma2gjgp"}
{"type":"log","timestamp":1718999516467,"level":"debug","message":"Rendering engine handlebars","meta":{"rootId":"706ttxvem93xg3f","id":"706ttxvem93xg3f"},"id":"11pbnom1qohuc6p","previousOperationId":"me3uxmxseqw14nl"}
{"type":"operationEnd","operationId":"me3uxmxseqw14nl","timestamp":1718999516482,"id":"gh13kn9bd7w1qsu","previousEventId":"jnnyxl3mft031v8","previousOperationId":"me3uxmxseqw14nl"}
{"type":"operationStart","subtype":"recipe","name":"chrome-pdf","timestamp":1718999516482,"id":"jruwra06i6tr222","previousEventId":"gh13kn9bd7w1qsu","operationId":"1f9nxgip8t5nbnr","previousOperationId":"me3uxmxseqw14nl"}
{"type":"log","timestamp":1718999516482,"level":"debug","message":"Executing recipe chrome-pdf","meta":{"rootId":"706ttxvem93xg3f","id":"706ttxvem93xg3f"},"id":"4ptzpy3v09dowzv","previousOperationId":"1f9nxgip8t5nbnr"}
{"type":"log","timestamp":1718999516487,"level":"debug","message":"Converting with chrome Chrome/126.0.6478.61 using chrome-pool strategy","meta":{"rootId":"706ttxvem93xg3f","id":"706ttxvem93xg3f"},"id":"4uzub6hs8qqzvpm","previousOperationId":"1f9nxgip8t5nbnr"}
{"type":"log","timestamp":1718999516572,"level":"debug","message":"Page request: GET (document) file:///var/folders/2x/1bhfw9mx7d775w_jmf56lcp80000gn/T/jsreport/autocleanup/a484e8c8-6c88-45d3-8558-782e02be101b-chrome-pdf.html","meta":{"rootId":"706ttxvem93xg3f","id":"706ttxvem93xg3f"},"id":"x4a62f567mp4h7k","previousOperationId":"1f9nxgip8t5nbnr"}
{"type":"log","timestamp":1718999516577,"level":"debug","message":"Page request finished: GET (document) 200 file:///var/folders/2x/1bhfw9mx7d775w_jmf56lcp80000gn/T/jsreport/autocleanup/a484e8c8-6c88-45d3-8558-782e02be101b-chrome-pdf.html","meta":{"rootId":"706ttxvem93xg3f","id":"706ttxvem93xg3f"},"id":"orpw0o5o21uou3i","previousOperationId":"1f9nxgip8t5nbnr"}
{"type":"log","timestamp":1718999516577,"level":"debug","message":"Page request: GET (stylesheet) https://cdnjs.cloudflare.com/ajax/libs/metro/4.1.5/css/metro.min.css","meta":{"rootId":"706ttxvem93xg3f","id":"706ttxvem93xg3f"},"id":"blwuggfe8afcw6w","previousOperationId":"1f9nxgip8t5nbnr"}
{"type":"log","timestamp":1718999516577,"level":"debug","message":"Page request: GET (script) https://cdnjs.cloudflare.com/ajax/libs/Chart.js/2.7.2/Chart.min.js","meta":{"rootId":"706ttxvem93xg3f","id":"706ttxvem93xg3f"},"id":"sn7thpnt0ksiffu","previousOperationId":"1f9nxgip8t5nbnr"}
{"type":"log","timestamp":1718999516586,"level":"debug","message":"Page request finished: GET (stylesheet) 200 https://cdnjs.cloudflare.com/ajax/libs/metro/4.1.5/css/metro.min.css","meta":{"rootId":"706ttxvem93xg3f","id":"706ttxvem93xg3f"},"id":"erd32d59eehyvhn","previousOperationId":"1f9nxgip8t5nbnr"}
{"type":"log","timestamp":1718999516586,"level":"debug","message":"Page request finished: GET (script) 200 https://cdnjs.cloudflare.com/ajax/libs/Chart.js/2.7.2/Chart.min.js","meta":{"rootId":"706ttxvem93xg3f","id":"706ttxvem93xg3f"},"id":"x6b6encjgfzn69j","previousOperationId":"1f9nxgip8t5nbnr"}
{"type":"log","timestamp":1718999516591,"level":"debug","message":"Running chrome with params {\"timeout\":59973,\"margin\":{},\"printBackground\":true}","meta":{"rootId":"706ttxvem93xg3f","id":"706ttxvem93xg3f"},"id":"zhw50ynckzvctdy","previousOperationId":"1f9nxgip8t5nbnr"}
{"type":"operationEnd","operationId":"1f9nxgip8t5nbnr","timestamp":1718999516641,"id":"34fvnmrkudm1pir","previousEventId":"jruwra06i6tr222","previousOperationId":"1f9nxgip8t5nbnr"}
{"type":"log","timestamp":1718999516641,"level":"debug","message":"Skipping storing report.","meta":{"rootId":"706ttxvem93xg3f","id":"706ttxvem93xg3f"},"id":"1ejci0trw4q0ktd","previousOperationId":"1f9nxgip8t5nbnr"}
{"type":"log","timestamp":1718999516641,"level":"info","message":"Rendering request 57 finished in 185 ms","meta":{"rootId":"706ttxvem93xg3f","id":"706ttxvem93xg3f"},"id":"jtjr5xf0cvoe4lf","previousOperationId":"1f9nxgip8t5nbnr"}
{"type":"operationEnd","subtype":"render","operationId":"w5b342v5ma2gjgp","timestamp":1718999516641,"id":"3gzappy2yls681g","previousEventId":"34fvnmrkudm1pir","previousOperationId":"1f9nxgip8t5nbnr"}
{"type":"operationEnd","doDiffs":false,"previousEventId":"p1dt4gx8dvj03jd","previousOperationId":"tjktvyjkdrhcsvd","operationId":"tjktvyjkdrhcsvd","timestamp":1718999516641,"id":"xqgoslr641pflkr"}
