{"type":"operationStart","subtype":"profile","data":{"_id":"H8F0dxl9gdcFBLjY","timestamp":"2024-06-21T19:59:06.430Z","state":"queued","mode":"standard","creationDate":"2024-06-21T19:59:06.431Z","modificationDate":"2024-06-21T19:59:06.431Z","shortid":"eaN4FbF","$entitySet":"profiles"},"doDiffs":false,"timestamp":1718999946431,"id":"2om1yxh61ba5eik","previousOperationId":null,"operationId":"gafo47olojrxemv"}
{"type":"log","level":"info","message":"Render request 68 queued for execution and waiting for available worker","previousOperationId":"gafo47olojrxemv","timestamp":1718999946431,"id":"exwsb3puy7s3axr"}
{"type":"operationStart","subtype":"render","name":"anonymous","previousOperationId":"gafo47olojrxemv","timestamp":1718999946435,"id":"8vkohbtcync9907","previousEventId":"2om1yxh61ba5eik","operationId":"34fq8l4gxfr6o1x"}
{"type":"log","timestamp":1718999946435,"level":"info","message":"Starting rendering request 68","meta":{"rootId":"70e1aoycwxaa7c1","id":"70e1aoycwxaa7c1"},"id":"pnzgyl2eoagl7ff","previousOperationId":"34fq8l4gxfr6o1x"}
{"type":"log","timestamp":1718999946435,"level":"info","message":"Rendering anonymous template { recipe: chrome-pdf, engine: handlebars }","meta":{"rootId":"70e1aoycwxaa7c1","id":"70e1aoycwxaa7c1"},"id":"6xu8ikit9rhwf4z","previousOperationId":"34fq8l4gxfr6o1x"}
{"type":"log","timestamp":1718999946435,"level":"debug","message":"Inline data specified.","meta":{"rootId":"70e1aoycwxaa7c1","id":"70e1aoycwxaa7c1"},"id":"5pk2ie5i327h1d3","previousOperationId":"34fq8l4gxfr6o1x"}
{"type":"log","timestamp":1718999946436,"level":"debug","message":"Base url not specified, skipping its injection.","meta":{"rootId":"70e1aoycwxaa7c1","id":"70e1aoycwxaa7c1"},"id":"5uakmr7tuz3dmxe","previousOperationId":"34fq8l4gxfr6o1x"}
{"type":"operationStart","subtype":"engine","name":"handlebars","timestamp":1718999946437,"id":"vadw2xahp18egr9","previousEventId":"8vkohbtcync9907","operationId":"niv3n0aw9ua3lss","previousOperationId":"34fq8l4gxfr6o1x"}
{"type":"log","timestamp":1718999946437,"level":"debug","message":"Rendering engine handlebars","meta":{"rootId":"70e1aoycwxaa7c1","id":"70e1aoycwxaa7c1"},"id":"op2bu4ftawjpdev","previousOperationId":"niv3n0aw9ua3lss"}
{"type":"operationEnd","operationId":"niv3n0aw9ua3lss","timestamp":1718999946450,"id":"yqa7hl0c58k0i30","previousEventId":"vadw2xahp18egr9","previousOperationId":"niv3n0aw9ua3lss"}
{"type":"operationStart","subtype":"recipe","name":"chrome-pdf","timestamp":1718999946450,"id":"gmsriurtbx25cp9","previousEventId":"yqa7hl0c58k0i30","operationId":"8lt6eozz59c1la8","previousOperationId":"niv3n0aw9ua3lss"}
{"type":"log","timestamp":1718999946450,"level":"debug","message":"Executing recipe chrome-pdf","meta":{"rootId":"70e1aoycwxaa7c1","id":"70e1aoycwxaa7c1"},"id":"fbpjf2vpx882huc","previousOperationId":"8lt6eozz59c1la8"}
{"type":"log","timestamp":1718999946454,"level":"debug","message":"Converting with chrome Chrome/126.0.6478.61 using chrome-pool strategy","meta":{"rootId":"70e1aoycwxaa7c1","id":"70e1aoycwxaa7c1"},"id":"8kak5d8b8pffk38","previousOperationId":"8lt6eozz59c1la8"}
{"type":"log","timestamp":1718999946530,"level":"debug","message":"Page request: GET (document) file:///var/folders/2x/1bhfw9mx7d775w_jmf56lcp80000gn/T/jsreport/autocleanup/d60e9e56-3019-4658-a887-5b683b660eba-chrome-pdf.html","meta":{"rootId":"70e1aoycwxaa7c1","id":"70e1aoycwxaa7c1"},"id":"7vr5xktan8lrc05","previousOperationId":"8lt6eozz59c1la8"}
{"type":"log","timestamp":1718999946535,"level":"debug","message":"Page request finished: GET (document) 200 file:///var/folders/2x/1bhfw9mx7d775w_jmf56lcp80000gn/T/jsreport/autocleanup/d60e9e56-3019-4658-a887-5b683b660eba-chrome-pdf.html","meta":{"rootId":"70e1aoycwxaa7c1","id":"70e1aoycwxaa7c1"},"id":"4jb2wlni2ux4snz","previousOperationId":"8lt6eozz59c1la8"}
{"type":"log","timestamp":1718999946537,"level":"debug","message":"Page request: GET (stylesheet) https://cdnjs.cloudflare.com/ajax/libs/metro/4.1.5/css/metro.min.css","meta":{"rootId":"70e1aoycwxaa7c1","id":"70e1aoycwxaa7c1"},"id":"ay7jstuctxstxcy","previousOperationId":"8lt6eozz59c1la8"}
{"type":"log","timestamp":1718999946538,"level":"debug","message":"Page request: GET (script) https://cdnjs.cloudflare.com/ajax/libs/Chart.js/2.7.2/Chart.min.js","meta":{"rootId":"70e1aoycwxaa7c1","id":"70e1aoycwxaa7c1"},"id":"engzzjma9zjfm7b","previousOperationId":"8lt6eozz59c1la8"}
{"type":"log","timestamp":1718999946546,"level":"debug","message":"Page request finished: GET (stylesheet) 200 https://cdnjs.cloudflare.com/ajax/libs/metro/4.1.5/css/metro.min.css","meta":{"rootId":"70e1aoycwxaa7c1","id":"70e1aoycwxaa7c1"},"id":"kl9g3egxotbe5y2","previousOperationId":"8lt6eozz59c1la8"}
{"type":"log","timestamp":1718999946547,"level":"debug","message":"Page request finished: GET (script) 200 https://cdnjs.cloudflare.com/ajax/libs/Chart.js/2.7.2/Chart.min.js","meta":{"rootId":"70e1aoycwxaa7c1","id":"70e1aoycwxaa7c1"},"id":"1qutos5nd7etmt8","previousOperationId":"8lt6eozz59c1la8"}
{"type":"log","timestamp":1718999946563,"level":"debug","message":"Running chrome with params {\"timeout\":59978,\"margin\":{},\"printBackground\":true}","meta":{"rootId":"70e1aoycwxaa7c1","id":"70e1aoycwxaa7c1"},"id":"fb83jczidxgghh4","previousOperationId":"8lt6eozz59c1la8"}
{"type":"operationEnd","operationId":"8lt6eozz59c1la8","timestamp":1718999946649,"id":"jp7af3hf8fi5310","previousEventId":"gmsriurtbx25cp9","previousOperationId":"8lt6eozz59c1la8"}
{"type":"log","timestamp":1718999946649,"level":"debug","message":"Skipping storing report.","meta":{"rootId":"70e1aoycwxaa7c1","id":"70e1aoycwxaa7c1"},"id":"5ldcihtcqy0mhw4","previousOperationId":"8lt6eozz59c1la8"}
{"type":"log","timestamp":1718999946649,"level":"info","message":"Rendering request 68 finished in 219 ms","meta":{"rootId":"70e1aoycwxaa7c1","id":"70e1aoycwxaa7c1"},"id":"jxgtnysb8fhpicx","previousOperationId":"8lt6eozz59c1la8"}
{"type":"operationEnd","subtype":"render","operationId":"34fq8l4gxfr6o1x","timestamp":1718999946649,"id":"rujv6wgxauw345y","previousEventId":"jp7af3hf8fi5310","previousOperationId":"8lt6eozz59c1la8"}
{"type":"operationEnd","doDiffs":false,"previousEventId":"2om1yxh61ba5eik","previousOperationId":"gafo47olojrxemv","operationId":"gafo47olojrxemv","timestamp":1718999946649,"id":"xst06ics8l10c8l"}
