{"type":"operationStart","subtype":"profile","data":{"_id":"IbuzxyJbdZxo8GT7","timestamp":"2024-06-22T02:07:58.842Z","state":"queued","mode":"standard","creationDate":"2024-06-22T02:07:58.851Z","modificationDate":"2024-06-22T02:07:58.851Z","shortid":"R3YzOgq","$entitySet":"profiles"},"doDiffs":false,"timestamp":1719022078847,"id":"2j9ybekej5xpw0x","previousOperationId":null,"operationId":"snkdt6tljrtuh7g"}
{"type":"log","level":"info","message":"Render request 169 queued for execution and waiting for available worker","previousOperationId":"snkdt6tljrtuh7g","timestamp":1719022078847,"id":"9izp8e5ndaifaz7"}
{"type":"operationStart","subtype":"render","name":"anonymous","previousOperationId":"snkdt6tljrtuh7g","timestamp":1719022078891,"id":"ia0w1ew8vj1gs61","previousEventId":"2j9ybekej5xpw0x","operationId":"pdzunqyimp8niqv"}
{"type":"log","timestamp":1719022078893,"level":"info","message":"Starting rendering request 169","meta":{"rootId":"75zvm1fm0vw9cay","id":"75zvm1fm0vw9cay"},"id":"ahbfgzr6rfrig1b","previousOperationId":"pdzunqyimp8niqv"}
{"type":"log","timestamp":1719022078895,"level":"info","message":"Rendering anonymous template { recipe: chrome-pdf, engine: handlebars }","meta":{"rootId":"75zvm1fm0vw9cay","id":"75zvm1fm0vw9cay"},"id":"7kwxlfaizoyccqj","previousOperationId":"pdzunqyimp8niqv"}
{"type":"log","timestamp":1719022078895,"level":"debug","message":"Inline data specified.","meta":{"rootId":"75zvm1fm0vw9cay","id":"75zvm1fm0vw9cay"},"id":"i5deali69qvcxfv","previousOperationId":"pdzunqyimp8niqv"}
{"type":"log","timestamp":1719022078900,"level":"debug","message":"Base url not specified, skipping its injection.","meta":{"rootId":"75zvm1fm0vw9cay","id":"75zvm1fm0vw9cay"},"id":"99sk61wxpu2v0j4","previousOperationId":"pdzunqyimp8niqv"}
{"type":"operationStart","subtype":"engine","name":"handlebars","timestamp":1719022078908,"id":"nkhf6fyrpn1eqdp","previousEventId":"ia0w1ew8vj1gs61","operationId":"rvo3bnmb8hq97jd","previousOperationId":"pdzunqyimp8niqv"}
{"type":"log","timestamp":1719022078908,"level":"debug","message":"Rendering engine handlebars","meta":{"rootId":"75zvm1fm0vw9cay","id":"75zvm1fm0vw9cay"},"id":"cyv7u946hxt5q5b","previousOperationId":"rvo3bnmb8hq97jd"}
{"type":"log","timestamp":1719022078937,"level":"debug","message":"(console:log) Pdf utils adding group field, value: \"France\"","meta":{"userLevel":true,"rootId":"75zvm1fm0vw9cay","id":"75zvm1fm0vw9cay"},"id":"xailyqfgeaers9z","previousOperationId":"rvo3bnmb8hq97jd"}
{"type":"log","timestamp":1719022078940,"level":"debug","message":"(console:log) Pdf utils adding group field, value: \"Germany\"","meta":{"userLevel":true,"rootId":"75zvm1fm0vw9cay","id":"75zvm1fm0vw9cay"},"id":"hn025dpyn5m38uk","previousOperationId":"rvo3bnmb8hq97jd"}
{"type":"operationEnd","operationId":"rvo3bnmb8hq97jd","timestamp":1719022078940,"id":"mdfuhprga5giczi","previousEventId":"nkhf6fyrpn1eqdp","previousOperationId":"rvo3bnmb8hq97jd"}
{"type":"operationStart","subtype":"recipe","name":"chrome-pdf","timestamp":1719022078943,"id":"okj32pu27dsobok","previousEventId":"mdfuhprga5giczi","operationId":"acg6odz8pw2xzf1","previousOperationId":"rvo3bnmb8hq97jd"}
{"type":"log","timestamp":1719022078943,"level":"debug","message":"Executing recipe chrome-pdf","meta":{"rootId":"75zvm1fm0vw9cay","id":"75zvm1fm0vw9cay"},"id":"wv0y2ok44ah1ick","previousOperationId":"acg6odz8pw2xzf1"}
{"type":"log","timestamp":1719022080928,"level":"debug","message":"Converting with chrome Chrome/126.0.6478.61 using chrome-pool strategy","meta":{"rootId":"75zvm1fm0vw9cay","id":"75zvm1fm0vw9cay"},"id":"l83szcqgq5akjwo","previousOperationId":"acg6odz8pw2xzf1"}
{"type":"log","timestamp":1719022081582,"level":"debug","message":"Page request: GET (document) file:///var/folders/2x/1bhfw9mx7d775w_jmf56lcp80000gn/T/jsreport/autocleanup/b3a0a483-58c8-4595-9104-81d67c9da29c-chrome-pdf.html","meta":{"rootId":"75zvm1fm0vw9cay","id":"75zvm1fm0vw9cay"},"id":"83sbqagm9ll895k","previousOperationId":"acg6odz8pw2xzf1"}
{"type":"log","timestamp":1719022081596,"level":"debug","message":"Page request finished: GET (document) 200 file:///var/folders/2x/1bhfw9mx7d775w_jmf56lcp80000gn/T/jsreport/autocleanup/b3a0a483-58c8-4595-9104-81d67c9da29c-chrome-pdf.html","meta":{"rootId":"75zvm1fm0vw9cay","id":"75zvm1fm0vw9cay"},"id":"0gp9b7qksgab9to","previousOperationId":"acg6odz8pw2xzf1"}
{"type":"log","timestamp":1719022081598,"level":"debug","message":"Page request: GET (stylesheet) https://cdnjs.cloudflare.com/ajax/libs/metro/4.1.5/css/metro.min.css","meta":{"rootId":"75zvm1fm0vw9cay","id":"75zvm1fm0vw9cay"},"id":"4ztf9plvv5k5f8j","previousOperationId":"acg6odz8pw2xzf1"}
{"type":"log","timestamp":1719022081598,"level":"debug","message":"Page request: GET (script) https://cdnjs.cloudflare.com/ajax/libs/Chart.js/2.7.2/Chart.min.js","meta":{"rootId":"75zvm1fm0vw9cay","id":"75zvm1fm0vw9cay"},"id":"x2wsn1qvfd2e34w","previousOperationId":"acg6odz8pw2xzf1"}
{"type":"log","timestamp":1719022081681,"level":"debug","message":"Page request finished: GET (stylesheet) 200 https://cdnjs.cloudflare.com/ajax/libs/metro/4.1.5/css/metro.min.css","meta":{"rootId":"75zvm1fm0vw9cay","id":"75zvm1fm0vw9cay"},"id":"qmscu68mdvr7h0c","previousOperationId":"acg6odz8pw2xzf1"}
{"type":"log","timestamp":1719022081694,"level":"debug","message":"Page request finished: GET (script) 200 https://cdnjs.cloudflare.com/ajax/libs/Chart.js/2.7.2/Chart.min.js","meta":{"rootId":"75zvm1fm0vw9cay","id":"75zvm1fm0vw9cay"},"id":"utw0i1mz9ri2y4v","previousOperationId":"acg6odz8pw2xzf1"}
{"type":"log","timestamp":1719022081793,"level":"debug","message":"Running chrome with params {\"marginTop\":\"4cm\",\"marginRight\":\"1.5cm\",\"marginLeft\":\"1.5cm\",\"marginBottom\":\"1.5cm\",\"timeout\":59883,\"margin\":{\"top\":\"4cm\",\"right\":\"1.5cm\",\"bottom\":\"1.5cm\",\"left\":\"1.5cm\"},\"printBackground\":true}","meta":{"rootId":"75zvm1fm0vw9cay","id":"75zvm1fm0vw9cay"},"id":"4u0pyiqfdyvvw4n","previousOperationId":"acg6odz8pw2xzf1"}
{"type":"operationEnd","operationId":"acg6odz8pw2xzf1","timestamp":1719022082320,"id":"y47qp4ywr4rpkza","previousEventId":"okj32pu27dsobok","previousOperationId":"acg6odz8pw2xzf1"}
{"type":"log","timestamp":1719022082320,"level":"info","message":"pdf-utils is starting pdf processing","meta":{"rootId":"75zvm1fm0vw9cay","id":"75zvm1fm0vw9cay"},"id":"u976sc6eqs3grrm","previousOperationId":"acg6odz8pw2xzf1"}
{"type":"operationStart","subtype":"pdfUtils","name":"pdf utils","timestamp":1719022082321,"id":"j5aq3jk9bh7ddaz","previousEventId":"y47qp4ywr4rpkza","operationId":"43oi76aanbecpr2","previousOperationId":"acg6odz8pw2xzf1"}
{"type":"log","timestamp":1719022082321,"level":"debug","message":"pdf-utils detected 1 pdf operation(s) to process","meta":{"rootId":"75zvm1fm0vw9cay","id":"75zvm1fm0vw9cay"},"id":"zawvow1e9vgidu7","previousOperationId":"43oi76aanbecpr2"}
{"type":"log","timestamp":1719022082340,"level":"debug","message":"pdf-utils running pdf operation merge","meta":{"rootId":"75zvm1fm0vw9cay","id":"75zvm1fm0vw9cay"},"id":"0k5ex69rv5qzb0i","previousOperationId":"43oi76aanbecpr2"}
{"type":"operationStart","subtype":"pdfUtilsMerge","name":"pdf utils merge","previousOperationId":"43oi76aanbecpr2","timestamp":1719022082340,"id":"hhf5024mcnv53ci","previousEventId":"j5aq3jk9bh7ddaz","operationId":"gspwphrovpyhlu1"}
{"type":"operationStart","subtype":"render","name":"anonymous","previousOperationId":"gspwphrovpyhlu1","timestamp":1719022082340,"id":"tuqkur9zruqo4uo","previousEventId":"hhf5024mcnv53ci","operationId":"gnd46lun5e2ipsi"}
{"type":"log","timestamp":1719022082340,"level":"info","message":"Starting rendering (child) request","meta":{"rootId":"75zvm1fm0vw9cay","id":"oscs1675kpepixe"},"id":"z8ke2suvhod5au1","previousOperationId":"gnd46lun5e2ipsi"}
{"type":"log","timestamp":1719022082340,"level":"info","message":"Rendering anonymous template { recipe: chrome-pdf, engine: handlebars }","meta":{"rootId":"75zvm1fm0vw9cay","id":"oscs1675kpepixe"},"id":"scskuht9a5hsvc5","previousOperationId":"gnd46lun5e2ipsi"}
{"type":"log","timestamp":1719022082340,"level":"debug","message":"Inline data specified.","meta":{"rootId":"75zvm1fm0vw9cay","id":"oscs1675kpepixe"},"id":"f1zbty9hy5vw2tk","previousOperationId":"gnd46lun5e2ipsi"}
{"type":"log","timestamp":1719022082342,"level":"debug","message":"Base url not specified, skipping its injection.","meta":{"rootId":"75zvm1fm0vw9cay","id":"oscs1675kpepixe"},"id":"b9m8upbtco58ofu","previousOperationId":"gnd46lun5e2ipsi"}
{"type":"operationStart","subtype":"engine","name":"handlebars","timestamp":1719022082343,"id":"v77ihsch11tfgb3","previousEventId":"tuqkur9zruqo4uo","operationId":"ewts9acknyfjdzl","previousOperationId":"gnd46lun5e2ipsi"}
{"type":"log","timestamp":1719022082343,"level":"debug","message":"Rendering engine handlebars","meta":{"rootId":"75zvm1fm0vw9cay","id":"oscs1675kpepixe"},"id":"wfbjhe624p7ppf1","previousOperationId":"ewts9acknyfjdzl"}
{"type":"operationEnd","operationId":"ewts9acknyfjdzl","timestamp":1719022082360,"id":"cupkrqjmfjeszu0","previousEventId":"v77ihsch11tfgb3","previousOperationId":"ewts9acknyfjdzl"}
{"type":"operationStart","subtype":"recipe","name":"chrome-pdf","timestamp":1719022082360,"id":"ds4lqs532wkh3dz","previousEventId":"cupkrqjmfjeszu0","operationId":"zkxti249t8ydz0r","previousOperationId":"ewts9acknyfjdzl"}
{"type":"log","timestamp":1719022082360,"level":"debug","message":"Executing recipe chrome-pdf","meta":{"rootId":"75zvm1fm0vw9cay","id":"oscs1675kpepixe"},"id":"5mgutftjyy2r0dk","previousOperationId":"zkxti249t8ydz0r"}
{"type":"log","timestamp":1719022082364,"level":"debug","message":"Converting with chrome Chrome/126.0.6478.61 using chrome-pool strategy","meta":{"rootId":"75zvm1fm0vw9cay","id":"oscs1675kpepixe"},"id":"lgx21wqztwvuozz","previousOperationId":"zkxti249t8ydz0r"}
{"type":"log","timestamp":1719022082444,"level":"debug","message":"Page request: GET (document) file:///var/folders/2x/1bhfw9mx7d775w_jmf56lcp80000gn/T/jsreport/autocleanup/aac1c791-495c-4f21-a923-cfef3e3847fe-chrome-pdf.html","meta":{"rootId":"75zvm1fm0vw9cay","id":"oscs1675kpepixe"},"id":"xijv61521wnnbyx","previousOperationId":"zkxti249t8ydz0r"}
{"type":"log","timestamp":1719022082450,"level":"debug","message":"Page request finished: GET (document) 200 file:///var/folders/2x/1bhfw9mx7d775w_jmf56lcp80000gn/T/jsreport/autocleanup/aac1c791-495c-4f21-a923-cfef3e3847fe-chrome-pdf.html","meta":{"rootId":"75zvm1fm0vw9cay","id":"oscs1675kpepixe"},"id":"mozeowgpsjgt48s","previousOperationId":"zkxti249t8ydz0r"}
{"type":"log","timestamp":1719022082450,"level":"debug","message":"Page request: GET (stylesheet) https://cdnjs.cloudflare.com/ajax/libs/metro/4.1.5/css/metro.min.css","meta":{"rootId":"75zvm1fm0vw9cay","id":"oscs1675kpepixe"},"id":"ic25x6xwdeb499y","previousOperationId":"zkxti249t8ydz0r"}
{"type":"log","timestamp":1719022082458,"level":"debug","message":"Page request finished: GET (stylesheet) 200 https://cdnjs.cloudflare.com/ajax/libs/metro/4.1.5/css/metro.min.css","meta":{"rootId":"75zvm1fm0vw9cay","id":"oscs1675kpepixe"},"id":"kleci7t5h3gts5u","previousOperationId":"zkxti249t8ydz0r"}
{"type":"log","timestamp":1719022082486,"level":"debug","message":"Running chrome with params {\"timeout\":56470,\"margin\":{},\"printBackground\":true}","meta":{"rootId":"75zvm1fm0vw9cay","id":"oscs1675kpepixe"},"id":"qtlp47ukq3b93in","previousOperationId":"zkxti249t8ydz0r"}
{"type":"operationEnd","operationId":"zkxti249t8ydz0r","timestamp":1719022082612,"id":"fpr50rrsw4bov15","previousEventId":"ds4lqs532wkh3dz","previousOperationId":"zkxti249t8ydz0r"}
{"type":"log","timestamp":1719022082612,"level":"debug","message":"Skipping storing report.","meta":{"rootId":"75zvm1fm0vw9cay","id":"oscs1675kpepixe"},"id":"k4sgukzwfc6xst9","previousOperationId":"zkxti249t8ydz0r"}
{"type":"log","timestamp":1719022082612,"level":"info","message":"Rendering (child) request finished in 3778 ms","meta":{"rootId":"75zvm1fm0vw9cay","id":"oscs1675kpepixe"},"id":"gr2jvusq89axj9o","previousOperationId":"zkxti249t8ydz0r"}
{"type":"operationEnd","subtype":"render","operationId":"gnd46lun5e2ipsi","timestamp":1719022082612,"id":"gzrfhbx4k15yxuh","previousEventId":"fpr50rrsw4bov15","previousOperationId":"zkxti249t8ydz0r"}
{"type":"operationEnd","operationId":"gspwphrovpyhlu1","timestamp":1719022082636,"id":"qwqvenbamc5xp8w","previousEventId":"hhf5024mcnv53ci","previousOperationId":"gspwphrovpyhlu1"}
{"type":"log","timestamp":1719022082636,"level":"debug","message":"pdf-utils postprocess start","meta":{"rootId":"75zvm1fm0vw9cay","id":"75zvm1fm0vw9cay"},"id":"nzq6vqzz38ljlsl","previousOperationId":"gspwphrovpyhlu1"}
{"type":"log","timestamp":1719022082661,"level":"debug","message":"pdf-utils postprocess end","meta":{"rootId":"75zvm1fm0vw9cay","id":"75zvm1fm0vw9cay"},"id":"l4bo8phc6dxl9u7","previousOperationId":"gspwphrovpyhlu1"}
{"type":"operationEnd","operationId":"43oi76aanbecpr2","timestamp":1719022082661,"id":"ktvju10jb5njp8e","previousEventId":"qwqvenbamc5xp8w","previousOperationId":"gspwphrovpyhlu1"}
{"type":"log","timestamp":1719022082662,"level":"info","message":"pdf-utils pdf processing was finished","meta":{"rootId":"75zvm1fm0vw9cay","id":"75zvm1fm0vw9cay"},"id":"9gzfok09wae3p5k","previousOperationId":"43oi76aanbecpr2"}
{"type":"log","timestamp":1719022082662,"level":"debug","message":"Skipping storing report.","meta":{"rootId":"75zvm1fm0vw9cay","id":"75zvm1fm0vw9cay"},"id":"h9n9m5z2bmopjaz","previousOperationId":"43oi76aanbecpr2"}
{"type":"log","timestamp":1719022082662,"level":"info","message":"Rendering request 169 finished in 3828 ms","meta":{"rootId":"75zvm1fm0vw9cay","id":"75zvm1fm0vw9cay"},"id":"a98lrodzr78b8k8","previousOperationId":"43oi76aanbecpr2"}
{"type":"operationEnd","subtype":"render","operationId":"pdzunqyimp8niqv","timestamp":1719022082662,"id":"xlj78g0mlc5e76a","previousEventId":"ktvju10jb5njp8e","previousOperationId":"43oi76aanbecpr2"}
{"type":"operationEnd","doDiffs":false,"previousEventId":"2j9ybekej5xpw0x","previousOperationId":"snkdt6tljrtuh7g","operationId":"snkdt6tljrtuh7g","timestamp":1719022082662,"id":"xyrxhywept3dvqc"}
