{"type":"operationStart","subtype":"profile","data":{"_id":"q6Nwvz0Zj6erNpdG","timestamp":"2024-06-21T15:35:58.500Z","state":"queued","mode":"standard","creationDate":"2024-06-21T15:35:58.507Z","modificationDate":"2024-06-21T15:35:58.507Z","shortid":"apOdPtw","$entitySet":"profiles"},"doDiffs":false,"timestamp":1718984158503,"id":"5gdag6wbpj9wn59","previousOperationId":null,"operationId":"zbxcumhxsu27v0v"}
{"type":"log","level":"info","message":"Render request 3 queued for execution and waiting for available worker","previousOperationId":"zbxcumhxsu27v0v","timestamp":1718984158504,"id":"ripegne03fbhd4r"}
{"type":"operationStart","subtype":"render","name":"anonymous","previousOperationId":"zbxcumhxsu27v0v","timestamp":1718984158515,"id":"pbl4oi11p49kg1a","previousEventId":"5gdag6wbpj9wn59","operationId":"dbiuf7j6bhmt6w6"}
{"type":"log","timestamp":1718984158515,"level":"info","message":"Starting rendering request 3","meta":{"rootId":"7d8ssb6f3ujlzuw","id":"7d8ssb6f3ujlzuw"},"id":"6amhvuwt52n0i1g","previousOperationId":"dbiuf7j6bhmt6w6"}
{"type":"log","timestamp":1718984158515,"level":"info","message":"Rendering anonymous template { recipe: chrome-pdf, engine: handlebars }","meta":{"rootId":"7d8ssb6f3ujlzuw","id":"7d8ssb6f3ujlzuw"},"id":"44ozg1rmh4owhpq","previousOperationId":"dbiuf7j6bhmt6w6"}
{"type":"log","timestamp":1718984158515,"level":"debug","message":"Inline data specified.","meta":{"rootId":"7d8ssb6f3ujlzuw","id":"7d8ssb6f3ujlzuw"},"id":"astuyl2vvgkl8m0","previousOperationId":"dbiuf7j6bhmt6w6"}
{"type":"log","timestamp":1718984158516,"level":"debug","message":"Base url not specified, skipping its injection.","meta":{"rootId":"7d8ssb6f3ujlzuw","id":"7d8ssb6f3ujlzuw"},"id":"6ss2h4f0798cc45","previousOperationId":"dbiuf7j6bhmt6w6"}
{"type":"operationStart","subtype":"engine","name":"handlebars","timestamp":1718984158516,"id":"x2ywtwyfsi2j9r8","previousEventId":"pbl4oi11p49kg1a","operationId":"w3gzu3xe6iq38wk","previousOperationId":"dbiuf7j6bhmt6w6"}
{"type":"log","timestamp":1718984158516,"level":"debug","message":"Rendering engine handlebars","meta":{"rootId":"7d8ssb6f3ujlzuw","id":"7d8ssb6f3ujlzuw"},"id":"irrnf2tjghuxtoz","previousOperationId":"w3gzu3xe6iq38wk"}
{"type":"operationEnd","operationId":"w3gzu3xe6iq38wk","timestamp":1718984158526,"id":"5xhwvj0jozykyle","previousEventId":"x2ywtwyfsi2j9r8","previousOperationId":"w3gzu3xe6iq38wk"}
{"type":"operationStart","subtype":"recipe","name":"chrome-pdf","timestamp":1718984158526,"id":"pyn8c12lblfv8e9","previousEventId":"5xhwvj0jozykyle","operationId":"8197ta0watmy9su","previousOperationId":"w3gzu3xe6iq38wk"}
{"type":"log","timestamp":1718984158526,"level":"debug","message":"Executing recipe chrome-pdf","meta":{"rootId":"7d8ssb6f3ujlzuw","id":"7d8ssb6f3ujlzuw"},"id":"t64vzn8bddeqex7","previousOperationId":"8197ta0watmy9su"}
{"type":"log","timestamp":1718984158542,"level":"debug","message":"Converting with chrome Chrome/126.0.6478.61 using chrome-pool strategy","meta":{"rootId":"7d8ssb6f3ujlzuw","id":"7d8ssb6f3ujlzuw"},"id":"3ftdk0jdooenko6","previousOperationId":"8197ta0watmy9su"}
{"type":"log","timestamp":1718984159212,"level":"debug","message":"Page request: GET (document) file:///var/folders/2x/1bhfw9mx7d775w_jmf56lcp80000gn/T/jsreport/autocleanup/90a4d871-32ab-4cd7-b4b7-70c9e51a65ee-chrome-pdf.html","meta":{"rootId":"7d8ssb6f3ujlzuw","id":"7d8ssb6f3ujlzuw"},"id":"xb9mq2pzkvoszu1","previousOperationId":"8197ta0watmy9su"}
{"type":"log","timestamp":1718984159237,"level":"debug","message":"Page request: GET (stylesheet) https://fonts.googleapis.com/css?family=Montserrat","meta":{"rootId":"7d8ssb6f3ujlzuw","id":"7d8ssb6f3ujlzuw"},"id":"8kt3iedcmnizmw7","previousOperationId":"8197ta0watmy9su"}
{"type":"log","timestamp":1718984159246,"level":"debug","message":"Page request finished: GET (stylesheet) 200 https://fonts.googleapis.com/css?family=Montserrat","meta":{"rootId":"7d8ssb6f3ujlzuw","id":"7d8ssb6f3ujlzuw"},"id":"3089b6tqmyeg7p1","previousOperationId":"8197ta0watmy9su"}
{"type":"log","timestamp":1718984159246,"level":"debug","message":"Page request finished: GET (document) 200 file:///var/folders/2x/1bhfw9mx7d775w_jmf56lcp80000gn/T/jsreport/autocleanup/90a4d871-32ab-4cd7-b4b7-70c9e51a65ee-chrome-pdf.html","meta":{"rootId":"7d8ssb6f3ujlzuw","id":"7d8ssb6f3ujlzuw"},"id":"vhhtu1pbalmfurk","previousOperationId":"8197ta0watmy9su"}
{"type":"log","timestamp":1718984159248,"level":"debug","message":"Page request: GET (image) https://ciam-api.hcg.gob.mx/img/ciam_letra.png","meta":{"rootId":"7d8ssb6f3ujlzuw","id":"7d8ssb6f3ujlzuw"},"id":"w4pij5gjqjmrpn5","previousOperationId":"8197ta0watmy9su"}
{"type":"log","timestamp":1718984159249,"level":"debug","message":"Page request: GET (image) https://ciam-api.hcg.gob.mx/img/cienf_letra.png","meta":{"rootId":"7d8ssb6f3ujlzuw","id":"7d8ssb6f3ujlzuw"},"id":"emh4sybfthye5rb","previousOperationId":"8197ta0watmy9su"}
{"type":"log","timestamp":1718984159249,"level":"debug","message":"Page request: GET (image) https://ciam-api.hcg.gob.mx/img/header_mailing.png","meta":{"rootId":"7d8ssb6f3ujlzuw","id":"7d8ssb6f3ujlzuw"},"id":"j1v3sh9djbsas1b","previousOperationId":"8197ta0watmy9su"}
{"type":"log","timestamp":1718984159249,"level":"debug","message":"Page request: GET (image) https://ciam-api.hcg.gob.mx/img/fb2.png","meta":{"rootId":"7d8ssb6f3ujlzuw","id":"7d8ssb6f3ujlzuw"},"id":"ip3dedzc7ocr3ed","previousOperationId":"8197ta0watmy9su"}
{"type":"log","timestamp":1718984159250,"level":"debug","message":"Page request: GET (image) https://ciam-api.hcg.gob.mx/img/ig2.png","meta":{"rootId":"7d8ssb6f3ujlzuw","id":"7d8ssb6f3ujlzuw"},"id":"48sq9hrn9p8c4yv","previousOperationId":"8197ta0watmy9su"}
{"type":"log","timestamp":1718984159250,"level":"debug","message":"Page request: GET (image) https://ciam-api.hcg.gob.mx/img/tw2.png","meta":{"rootId":"7d8ssb6f3ujlzuw","id":"7d8ssb6f3ujlzuw"},"id":"f2a3o81xepks3ex","previousOperationId":"8197ta0watmy9su"}
{"type":"log","timestamp":1718984159250,"level":"debug","message":"Page request: GET (image) https://ciam-api.hcg.gob.mx/img/yt2.png","meta":{"rootId":"7d8ssb6f3ujlzuw","id":"7d8ssb6f3ujlzuw"},"id":"quomdmr84yz7gsv","previousOperationId":"8197ta0watmy9su"}
{"type":"log","timestamp":1718984159250,"level":"debug","message":"Page request: GET (image) https://ciam-api.hcg.gob.mx/img/wp.png","meta":{"rootId":"7d8ssb6f3ujlzuw","id":"7d8ssb6f3ujlzuw"},"id":"pi08gpoeshxc0aq","previousOperationId":"8197ta0watmy9su"}
{"type":"log","timestamp":1718984159251,"level":"debug","message":"Page request: GET (image) https://ciam-api.hcg.gob.mx/img/tlg2.png","meta":{"rootId":"7d8ssb6f3ujlzuw","id":"7d8ssb6f3ujlzuw"},"id":"7qzdgi8p59fhpzj","previousOperationId":"8197ta0watmy9su"}
{"type":"log","timestamp":1718984159251,"level":"debug","message":"Page request: GET (image) https://ciam-api.hcg.gob.mx/img/logo_udgblanco.png","meta":{"rootId":"7d8ssb6f3ujlzuw","id":"7d8ssb6f3ujlzuw"},"id":"jpeivqcaqqchvsb","previousOperationId":"8197ta0watmy9su"}
{"type":"log","timestamp":1718984159251,"level":"debug","message":"Page request: GET (image) https://ciam-api.hcg.gob.mx/img/logo_hcgblanco.png","meta":{"rootId":"7d8ssb6f3ujlzuw","id":"7d8ssb6f3ujlzuw"},"id":"tkuce1051xcc6ma","previousOperationId":"8197ta0watmy9su"}
{"type":"log","timestamp":1718984159291,"level":"debug","message":"Page request finished: GET (image) 200 https://ciam-api.hcg.gob.mx/img/ciam_letra.png","meta":{"rootId":"7d8ssb6f3ujlzuw","id":"7d8ssb6f3ujlzuw"},"id":"086jxhyo4jc535l","previousOperationId":"8197ta0watmy9su"}
{"type":"log","timestamp":1718984159291,"level":"debug","message":"Page request finished: GET (image) 200 https://ciam-api.hcg.gob.mx/img/cienf_letra.png","meta":{"rootId":"7d8ssb6f3ujlzuw","id":"7d8ssb6f3ujlzuw"},"id":"9ax44avjcaadxfy","previousOperationId":"8197ta0watmy9su"}
{"type":"log","timestamp":1718984159292,"level":"debug","message":"Page request finished: GET (image) 200 https://ciam-api.hcg.gob.mx/img/fb2.png","meta":{"rootId":"7d8ssb6f3ujlzuw","id":"7d8ssb6f3ujlzuw"},"id":"mbf8i4z09q2ifcu","previousOperationId":"8197ta0watmy9su"}
{"type":"log","timestamp":1718984159292,"level":"debug","message":"Page request finished: GET (image) 200 https://ciam-api.hcg.gob.mx/img/ig2.png","meta":{"rootId":"7d8ssb6f3ujlzuw","id":"7d8ssb6f3ujlzuw"},"id":"a7etqkaacsq6y5t","previousOperationId":"8197ta0watmy9su"}
{"type":"log","timestamp":1718984159292,"level":"debug","message":"Page request finished: GET (image) 200 https://ciam-api.hcg.gob.mx/img/header_mailing.png","meta":{"rootId":"7d8ssb6f3ujlzuw","id":"7d8ssb6f3ujlzuw"},"id":"x4mkbewwoou23ob","previousOperationId":"8197ta0watmy9su"}
{"type":"log","timestamp":1718984159292,"level":"debug","message":"Page request finished: GET (image) 200 https://ciam-api.hcg.gob.mx/img/tw2.png","meta":{"rootId":"7d8ssb6f3ujlzuw","id":"7d8ssb6f3ujlzuw"},"id":"zux7uaqj4gigs3a","previousOperationId":"8197ta0watmy9su"}
{"type":"log","timestamp":1718984159292,"level":"debug","message":"Page request finished: GET (image) 200 https://ciam-api.hcg.gob.mx/img/yt2.png","meta":{"rootId":"7d8ssb6f3ujlzuw","id":"7d8ssb6f3ujlzuw"},"id":"rg9xo3bj1e6i97p","previousOperationId":"8197ta0watmy9su"}
{"type":"log","timestamp":1718984159292,"level":"debug","message":"Page request finished: GET (image) 200 https://ciam-api.hcg.gob.mx/img/wp.png","meta":{"rootId":"7d8ssb6f3ujlzuw","id":"7d8ssb6f3ujlzuw"},"id":"y0zcjnvicewib14","previousOperationId":"8197ta0watmy9su"}
{"type":"log","timestamp":1718984159292,"level":"debug","message":"Page request finished: GET (image) 200 https://ciam-api.hcg.gob.mx/img/tlg2.png","meta":{"rootId":"7d8ssb6f3ujlzuw","id":"7d8ssb6f3ujlzuw"},"id":"qca2puid91na22t","previousOperationId":"8197ta0watmy9su"}
{"type":"log","timestamp":1718984159292,"level":"debug","message":"Page request finished: GET (image) 200 https://ciam-api.hcg.gob.mx/img/logo_udgblanco.png","meta":{"rootId":"7d8ssb6f3ujlzuw","id":"7d8ssb6f3ujlzuw"},"id":"f5n8y9wjy1cwdvy","previousOperationId":"8197ta0watmy9su"}
{"type":"log","timestamp":1718984159293,"level":"debug","message":"Page request finished: GET (image) 200 https://ciam-api.hcg.gob.mx/img/logo_hcgblanco.png","meta":{"rootId":"7d8ssb6f3ujlzuw","id":"7d8ssb6f3ujlzuw"},"id":"4utd4sbzffktsr3","previousOperationId":"8197ta0watmy9su"}
{"type":"log","timestamp":1718984159304,"level":"debug","message":"Running chrome with params {\"timeout\":59968,\"margin\":{},\"printBackground\":true}","meta":{"rootId":"7d8ssb6f3ujlzuw","id":"7d8ssb6f3ujlzuw"},"id":"a4ka6iaap0hbs7w","previousOperationId":"8197ta0watmy9su"}
{"type":"operationEnd","operationId":"8197ta0watmy9su","timestamp":1718984159492,"id":"wwx30nwbhlpv5i2","previousEventId":"pyn8c12lblfv8e9","previousOperationId":"8197ta0watmy9su"}
{"type":"log","timestamp":1718984159492,"level":"debug","message":"Skipping storing report.","meta":{"rootId":"7d8ssb6f3ujlzuw","id":"7d8ssb6f3ujlzuw"},"id":"xdn8jmaqrzunhsd","previousOperationId":"8197ta0watmy9su"}
{"type":"log","timestamp":1718984159492,"level":"info","message":"Rendering request 3 finished in 996 ms","meta":{"rootId":"7d8ssb6f3ujlzuw","id":"7d8ssb6f3ujlzuw"},"id":"km4fl3ugpxwmpu3","previousOperationId":"8197ta0watmy9su"}
{"type":"operationEnd","subtype":"render","operationId":"dbiuf7j6bhmt6w6","timestamp":1718984159492,"id":"xxmx9yvra0dllmw","previousEventId":"wwx30nwbhlpv5i2","previousOperationId":"8197ta0watmy9su"}
{"type":"operationEnd","doDiffs":false,"previousEventId":"5gdag6wbpj9wn59","previousOperationId":"zbxcumhxsu27v0v","operationId":"zbxcumhxsu27v0v","timestamp":1718984159493,"id":"eodjza48agit6ed"}
