{"type":"operationStart","subtype":"profile","data":{"_id":"1Cr7clnw4w7pn1pt","timestamp":"2024-06-21T21:07:18.154Z","state":"queued","mode":"standard","creationDate":"2024-06-21T21:07:18.155Z","modificationDate":"2024-06-21T21:07:18.155Z","shortid":"005CLlw","$entitySet":"profiles"},"doDiffs":false,"timestamp":1719004038154,"id":"gu54svcei6ttv59","previousOperationId":null,"operationId":"28a2gameu9phz7d"}
{"type":"log","level":"info","message":"Render request 100 queued for execution and waiting for available worker","previousOperationId":"28a2gameu9phz7d","timestamp":1719004038154,"id":"2iqqdfkcsz2xy07"}
{"type":"operationStart","subtype":"render","name":"anonymous","previousOperationId":"28a2gameu9phz7d","timestamp":1719004038162,"id":"w8yzrbkx04n7icf","previousEventId":"gu54svcei6ttv59","operationId":"fjckwhgtfyih2ic"}
{"type":"log","timestamp":1719004038162,"level":"info","message":"Starting rendering request 100","meta":{"rootId":"7gqwp6a6e4dyplc","id":"7gqwp6a6e4dyplc"},"id":"o8lgtivi2cdl1sk","previousOperationId":"fjckwhgtfyih2ic"}
{"type":"log","timestamp":1719004038162,"level":"info","message":"Rendering anonymous template { recipe: chrome-pdf, engine: handlebars }","meta":{"rootId":"7gqwp6a6e4dyplc","id":"7gqwp6a6e4dyplc"},"id":"8l7znc03mk58vmp","previousOperationId":"fjckwhgtfyih2ic"}
{"type":"log","timestamp":1719004038162,"level":"debug","message":"Inline data specified.","meta":{"rootId":"7gqwp6a6e4dyplc","id":"7gqwp6a6e4dyplc"},"id":"ibdpo3jlmqygl3u","previousOperationId":"fjckwhgtfyih2ic"}
{"type":"log","timestamp":1719004038163,"level":"debug","message":"Base url not specified, skipping its injection.","meta":{"rootId":"7gqwp6a6e4dyplc","id":"7gqwp6a6e4dyplc"},"id":"uy4afxraoi6k9zm","previousOperationId":"fjckwhgtfyih2ic"}
{"type":"operationStart","subtype":"engine","name":"handlebars","timestamp":1719004038163,"id":"ragm90j5kyrlew8","previousEventId":"w8yzrbkx04n7icf","operationId":"6mm8r2putfqhwpj","previousOperationId":"fjckwhgtfyih2ic"}
{"type":"log","timestamp":1719004038163,"level":"debug","message":"Rendering engine handlebars","meta":{"rootId":"7gqwp6a6e4dyplc","id":"7gqwp6a6e4dyplc"},"id":"8xy8sf47dak05sk","previousOperationId":"6mm8r2putfqhwpj"}
{"type":"operationEnd","operationId":"6mm8r2putfqhwpj","timestamp":1719004038183,"id":"6jdxlv4jrw66me3","previousEventId":"ragm90j5kyrlew8","previousOperationId":"6mm8r2putfqhwpj"}
{"type":"operationStart","subtype":"recipe","name":"chrome-pdf","timestamp":1719004038183,"id":"rt6znal0rrpzi1p","previousEventId":"6jdxlv4jrw66me3","operationId":"j6k38b7ojihmd6o","previousOperationId":"6mm8r2putfqhwpj"}
{"type":"log","timestamp":1719004038183,"level":"debug","message":"Executing recipe chrome-pdf","meta":{"rootId":"7gqwp6a6e4dyplc","id":"7gqwp6a6e4dyplc"},"id":"1hbtuuyzxol6irr","previousOperationId":"j6k38b7ojihmd6o"}
{"type":"log","timestamp":1719004038184,"level":"debug","message":"Starting child request to render pdf header","meta":{"rootId":"7gqwp6a6e4dyplc","id":"7gqwp6a6e4dyplc"},"id":"mquh6ffm3712y08","previousOperationId":"j6k38b7ojihmd6o"}
{"type":"operationStart","subtype":"render","name":"anonymous","previousOperationId":"j6k38b7ojihmd6o","timestamp":1719004038184,"id":"rj9w4n7ouc4onhf","previousEventId":"rt6znal0rrpzi1p","operationId":"za69jgm5kwivc3q"}
{"type":"log","timestamp":1719004038184,"level":"info","message":"Starting rendering (child) request","meta":{"rootId":"7gqwp6a6e4dyplc","id":"8hsqzl25ua0t71a"},"id":"sorcxb1e22uazn8","previousOperationId":"za69jgm5kwivc3q"}
{"type":"log","timestamp":1719004038184,"level":"info","message":"Rendering anonymous template { recipe: html, engine: handlebars }","meta":{"rootId":"7gqwp6a6e4dyplc","id":"8hsqzl25ua0t71a"},"id":"7mf3rxt2smauej0","previousOperationId":"za69jgm5kwivc3q"}
{"type":"log","timestamp":1719004038184,"level":"debug","message":"Inline data specified.","meta":{"rootId":"7gqwp6a6e4dyplc","id":"8hsqzl25ua0t71a"},"id":"7zffwljf23h4gp2","previousOperationId":"za69jgm5kwivc3q"}
{"type":"log","timestamp":1719004038186,"level":"debug","message":"Base url not specified, skipping its injection.","meta":{"rootId":"7gqwp6a6e4dyplc","id":"8hsqzl25ua0t71a"},"id":"uz3axu9ihcw3tzy","previousOperationId":"za69jgm5kwivc3q"}
{"type":"operationStart","subtype":"engine","name":"handlebars","timestamp":1719004038186,"id":"qmb8or7g6f54wqn","previousEventId":"rj9w4n7ouc4onhf","operationId":"n2c74v7zao39m19","previousOperationId":"za69jgm5kwivc3q"}
{"type":"log","timestamp":1719004038186,"level":"debug","message":"Rendering engine handlebars","meta":{"rootId":"7gqwp6a6e4dyplc","id":"8hsqzl25ua0t71a"},"id":"c6zqqr46yre4knp","previousOperationId":"n2c74v7zao39m19"}
{"type":"operationEnd","operationId":"n2c74v7zao39m19","timestamp":1719004038188,"id":"76u0hypqp1sb3hf","previousEventId":"qmb8or7g6f54wqn","previousOperationId":"n2c74v7zao39m19"}
{"type":"operationStart","subtype":"recipe","name":"html","timestamp":1719004038188,"id":"owbrvrwlhloldwr","previousEventId":"76u0hypqp1sb3hf","operationId":"7m81owshm4vrdm7","previousOperationId":"n2c74v7zao39m19"}
{"type":"log","timestamp":1719004038188,"level":"debug","message":"Executing recipe html","meta":{"rootId":"7gqwp6a6e4dyplc","id":"8hsqzl25ua0t71a"},"id":"z7o36a66lixccq1","previousOperationId":"7m81owshm4vrdm7"}
{"type":"operationEnd","operationId":"7m81owshm4vrdm7","timestamp":1719004038188,"id":"k96ssrllgcdgg26","previousEventId":"owbrvrwlhloldwr","previousOperationId":"7m81owshm4vrdm7"}
{"type":"log","timestamp":1719004038188,"level":"debug","message":"Skipping storing report.","meta":{"rootId":"7gqwp6a6e4dyplc","id":"8hsqzl25ua0t71a"},"id":"84rz43rvayq9omw","previousOperationId":"7m81owshm4vrdm7"}
{"type":"log","timestamp":1719004038188,"level":"info","message":"Rendering (child) request finished in 39 ms","meta":{"rootId":"7gqwp6a6e4dyplc","id":"8hsqzl25ua0t71a"},"id":"w9pujyort8tvt30","previousOperationId":"7m81owshm4vrdm7"}
{"type":"operationEnd","subtype":"render","operationId":"za69jgm5kwivc3q","timestamp":1719004038188,"id":"c9tyf27dkwyfztt","previousEventId":"k96ssrllgcdgg26","previousOperationId":"7m81owshm4vrdm7"}
{"type":"log","timestamp":1719004038188,"level":"debug","message":"Starting child request to render pdf footer","meta":{"rootId":"7gqwp6a6e4dyplc","id":"7gqwp6a6e4dyplc"},"id":"tuq7c2ipk0uh9t9","previousOperationId":"j6k38b7ojihmd6o"}
{"type":"operationStart","subtype":"render","name":"anonymous","previousOperationId":"j6k38b7ojihmd6o","timestamp":1719004038188,"id":"xyy9zfp4252x77o","previousEventId":"rt6znal0rrpzi1p","operationId":"hcksczgcj0hdxfc"}
{"type":"log","timestamp":1719004038188,"level":"info","message":"Starting rendering (child) request","meta":{"rootId":"7gqwp6a6e4dyplc","id":"2t045sxxwkhdjiu"},"id":"r0sswr5vnxea9e9","previousOperationId":"hcksczgcj0hdxfc"}
{"type":"log","timestamp":1719004038188,"level":"info","message":"Rendering anonymous template { recipe: html, engine: handlebars }","meta":{"rootId":"7gqwp6a6e4dyplc","id":"2t045sxxwkhdjiu"},"id":"bg6zwf0leewwrs8","previousOperationId":"hcksczgcj0hdxfc"}
{"type":"log","timestamp":1719004038188,"level":"debug","message":"Inline data specified.","meta":{"rootId":"7gqwp6a6e4dyplc","id":"2t045sxxwkhdjiu"},"id":"7b8mfrdhkfrj803","previousOperationId":"hcksczgcj0hdxfc"}
{"type":"log","timestamp":1719004038188,"level":"debug","message":"Base url not specified, skipping its injection.","meta":{"rootId":"7gqwp6a6e4dyplc","id":"2t045sxxwkhdjiu"},"id":"oormwdbwog0kffa","previousOperationId":"hcksczgcj0hdxfc"}
{"type":"operationStart","subtype":"engine","name":"handlebars","timestamp":1719004038189,"id":"7k06mfp9xe3geqf","previousEventId":"xyy9zfp4252x77o","operationId":"0257214njp3rxwx","previousOperationId":"hcksczgcj0hdxfc"}
{"type":"log","timestamp":1719004038189,"level":"debug","message":"Rendering engine handlebars","meta":{"rootId":"7gqwp6a6e4dyplc","id":"2t045sxxwkhdjiu"},"id":"i2ad8onmt1vtwgj","previousOperationId":"0257214njp3rxwx"}
{"type":"operationEnd","operationId":"0257214njp3rxwx","timestamp":1719004038196,"id":"hnmoupx510xy6dk","previousEventId":"7k06mfp9xe3geqf","previousOperationId":"0257214njp3rxwx"}
{"type":"operationStart","subtype":"recipe","name":"html","timestamp":1719004038196,"id":"s1tchadsi7p8v9v","previousEventId":"hnmoupx510xy6dk","operationId":"nnuvruooahtdiy8","previousOperationId":"0257214njp3rxwx"}
{"type":"log","timestamp":1719004038196,"level":"debug","message":"Executing recipe html","meta":{"rootId":"7gqwp6a6e4dyplc","id":"2t045sxxwkhdjiu"},"id":"r8mzf5rc7sewq3c","previousOperationId":"nnuvruooahtdiy8"}
{"type":"operationEnd","operationId":"nnuvruooahtdiy8","timestamp":1719004038196,"id":"673cyafga562ln0","previousEventId":"s1tchadsi7p8v9v","previousOperationId":"nnuvruooahtdiy8"}
{"type":"log","timestamp":1719004038196,"level":"debug","message":"Skipping storing report.","meta":{"rootId":"7gqwp6a6e4dyplc","id":"2t045sxxwkhdjiu"},"id":"3sxvgvw3fbmq7gt","previousOperationId":"nnuvruooahtdiy8"}
{"type":"log","timestamp":1719004038196,"level":"info","message":"Rendering (child) request finished in 47 ms","meta":{"rootId":"7gqwp6a6e4dyplc","id":"2t045sxxwkhdjiu"},"id":"5av3ys6o7nnjry4","previousOperationId":"nnuvruooahtdiy8"}
{"type":"operationEnd","subtype":"render","operationId":"hcksczgcj0hdxfc","timestamp":1719004038196,"id":"vvxto7vgaz2fcok","previousEventId":"673cyafga562ln0","previousOperationId":"nnuvruooahtdiy8"}
{"type":"log","timestamp":1719004038198,"level":"debug","message":"Converting with chrome Chrome/126.0.6478.61 using chrome-pool strategy","meta":{"rootId":"7gqwp6a6e4dyplc","id":"7gqwp6a6e4dyplc"},"id":"2vmfhihtsp15xx4","previousOperationId":"j6k38b7ojihmd6o"}
{"type":"log","timestamp":1719004038308,"level":"debug","message":"Page request: GET (document) file:///var/folders/2x/1bhfw9mx7d775w_jmf56lcp80000gn/T/jsreport/autocleanup/e3c3a8ce-0ea4-45a2-9003-b30c583e178c-chrome-pdf.html","meta":{"rootId":"7gqwp6a6e4dyplc","id":"7gqwp6a6e4dyplc"},"id":"1vs4ki2zkuaeq9e","previousOperationId":"j6k38b7ojihmd6o"}
{"type":"log","timestamp":1719004038313,"level":"debug","message":"Page request finished: GET (document) 200 file:///var/folders/2x/1bhfw9mx7d775w_jmf56lcp80000gn/T/jsreport/autocleanup/e3c3a8ce-0ea4-45a2-9003-b30c583e178c-chrome-pdf.html","meta":{"rootId":"7gqwp6a6e4dyplc","id":"7gqwp6a6e4dyplc"},"id":"qkbge63ki56sxca","previousOperationId":"j6k38b7ojihmd6o"}
{"type":"log","timestamp":1719004038313,"level":"debug","message":"Page request: GET (stylesheet) https://cdnjs.cloudflare.com/ajax/libs/metro/4.1.5/css/metro.min.css","meta":{"rootId":"7gqwp6a6e4dyplc","id":"7gqwp6a6e4dyplc"},"id":"kb2dyaq11vdsweb","previousOperationId":"j6k38b7ojihmd6o"}
{"type":"log","timestamp":1719004038314,"level":"debug","message":"Page request: GET (script) https://cdnjs.cloudflare.com/ajax/libs/Chart.js/2.7.2/Chart.min.js","meta":{"rootId":"7gqwp6a6e4dyplc","id":"7gqwp6a6e4dyplc"},"id":"rn2wn9rvqgpx9rr","previousOperationId":"j6k38b7ojihmd6o"}
{"type":"log","timestamp":1719004038321,"level":"debug","message":"Page request finished: GET (stylesheet) 200 https://cdnjs.cloudflare.com/ajax/libs/metro/4.1.5/css/metro.min.css","meta":{"rootId":"7gqwp6a6e4dyplc","id":"7gqwp6a6e4dyplc"},"id":"d6beofr8qwci7ao","previousOperationId":"j6k38b7ojihmd6o"}
{"type":"log","timestamp":1719004038321,"level":"debug","message":"Page request finished: GET (script) 200 https://cdnjs.cloudflare.com/ajax/libs/Chart.js/2.7.2/Chart.min.js","meta":{"rootId":"7gqwp6a6e4dyplc","id":"7gqwp6a6e4dyplc"},"id":"1i53tns8p9dvka7","previousOperationId":"j6k38b7ojihmd6o"}
{"type":"log","timestamp":1719004038357,"level":"debug","message":"Running chrome with params {\"displayHeaderFooter\":true,\"headerTemplate\":\"...\",\"footerTemplate\":\"...\",\"timeout\":59953,\"margin\":{},\"printBackground\":true}","meta":{"rootId":"7gqwp6a6e4dyplc","id":"7gqwp6a6e4dyplc"},"id":"khiziyquqkz84q6","previousOperationId":"j6k38b7ojihmd6o"}
{"type":"operationEnd","operationId":"j6k38b7ojihmd6o","timestamp":1719004038533,"id":"bio9i64fbfgy2vv","previousEventId":"rt6znal0rrpzi1p","previousOperationId":"j6k38b7ojihmd6o"}
{"type":"log","timestamp":1719004038533,"level":"debug","message":"Skipping storing report.","meta":{"rootId":"7gqwp6a6e4dyplc","id":"7gqwp6a6e4dyplc"},"id":"uljfv3csn0q1hx5","previousOperationId":"j6k38b7ojihmd6o"}
{"type":"log","timestamp":1719004038533,"level":"info","message":"Rendering request 100 finished in 384 ms","meta":{"rootId":"7gqwp6a6e4dyplc","id":"7gqwp6a6e4dyplc"},"id":"0aqfxcquf0hl1n4","previousOperationId":"j6k38b7ojihmd6o"}
{"type":"operationEnd","subtype":"render","operationId":"fjckwhgtfyih2ic","timestamp":1719004038533,"id":"k656bfji8che2y9","previousEventId":"bio9i64fbfgy2vv","previousOperationId":"j6k38b7ojihmd6o"}
{"type":"operationEnd","doDiffs":false,"previousEventId":"gu54svcei6ttv59","previousOperationId":"28a2gameu9phz7d","operationId":"28a2gameu9phz7d","timestamp":1719004038534,"id":"38z135k1ayylf1v"}
