{"type":"operationStart","subtype":"profile","data":{"_id":"3L3cZmYpBpMTfkgI","timestamp":"2024-06-21T22:02:42.099Z","state":"queued","mode":"standard","creationDate":"2024-06-21T22:02:42.102Z","modificationDate":"2024-06-21T22:02:42.102Z","shortid":"zFSjV_h","$entitySet":"profiles"},"doDiffs":false,"timestamp":1719007362101,"id":"on09x6f4e9bfdeo","previousOperationId":null,"operationId":"yyh03msfnubj9v3"}
{"type":"log","level":"info","message":"Render request 129 queued for execution and waiting for available worker","previousOperationId":"yyh03msfnubj9v3","timestamp":1719007362101,"id":"f9ugcea06emf5fx"}
{"type":"operationStart","subtype":"render","name":"anonymous","previousOperationId":"yyh03msfnubj9v3","timestamp":1719007362107,"id":"apez1t5q9cb5fd9","previousEventId":"on09x6f4e9bfdeo","operationId":"f6gmoy36vvp6jpz"}
{"type":"log","timestamp":1719007362107,"level":"info","message":"Starting rendering request 129","meta":{"rootId":"7z3yo8df14tmjpx","id":"7z3yo8df14tmjpx"},"id":"7xgsyvoj8k8srib","previousOperationId":"f6gmoy36vvp6jpz"}
{"type":"log","timestamp":1719007362107,"level":"info","message":"Rendering anonymous template { recipe: chrome-pdf, engine: handlebars }","meta":{"rootId":"7z3yo8df14tmjpx","id":"7z3yo8df14tmjpx"},"id":"6hhibd6rsobx0jf","previousOperationId":"f6gmoy36vvp6jpz"}
{"type":"log","timestamp":1719007362107,"level":"debug","message":"Inline data specified.","meta":{"rootId":"7z3yo8df14tmjpx","id":"7z3yo8df14tmjpx"},"id":"41w16a8ggp5v9ig","previousOperationId":"f6gmoy36vvp6jpz"}
{"type":"log","timestamp":1719007362108,"level":"debug","message":"Base url not specified, skipping its injection.","meta":{"rootId":"7z3yo8df14tmjpx","id":"7z3yo8df14tmjpx"},"id":"9s3soy583ptre7y","previousOperationId":"f6gmoy36vvp6jpz"}
{"type":"operationStart","subtype":"engine","name":"handlebars","timestamp":1719007362109,"id":"xsmvxgh2t9yy6n5","previousEventId":"apez1t5q9cb5fd9","operationId":"gkkobyoevmv3h8j","previousOperationId":"f6gmoy36vvp6jpz"}
{"type":"log","timestamp":1719007362109,"level":"debug","message":"Rendering engine handlebars","meta":{"rootId":"7z3yo8df14tmjpx","id":"7z3yo8df14tmjpx"},"id":"3u6n1b18rf4zqe3","previousOperationId":"gkkobyoevmv3h8j"}
{"type":"log","timestamp":1719007362131,"level":"debug","message":"(console:log) Pdf utils adding group field, value: \"France\"","meta":{"userLevel":true,"rootId":"7z3yo8df14tmjpx","id":"7z3yo8df14tmjpx"},"id":"0hesapwitbxcgbd","previousOperationId":"gkkobyoevmv3h8j"}
{"type":"log","timestamp":1719007362132,"level":"debug","message":"(console:log) Pdf utils adding group field, value: \"Germany\"","meta":{"userLevel":true,"rootId":"7z3yo8df14tmjpx","id":"7z3yo8df14tmjpx"},"id":"cctptm20eguyam2","previousOperationId":"gkkobyoevmv3h8j"}
{"type":"operationEnd","operationId":"gkkobyoevmv3h8j","timestamp":1719007362132,"id":"0n9870io8w02pq8","previousEventId":"xsmvxgh2t9yy6n5","previousOperationId":"gkkobyoevmv3h8j"}
{"type":"operationStart","subtype":"recipe","name":"chrome-pdf","timestamp":1719007362132,"id":"5e45c84zb3z7uci","previousEventId":"0n9870io8w02pq8","operationId":"aslawab18p7qit1","previousOperationId":"gkkobyoevmv3h8j"}
{"type":"log","timestamp":1719007362132,"level":"debug","message":"Executing recipe chrome-pdf","meta":{"rootId":"7z3yo8df14tmjpx","id":"7z3yo8df14tmjpx"},"id":"6l9qqozv0a6mslq","previousOperationId":"aslawab18p7qit1"}
{"type":"log","timestamp":1719007362133,"level":"debug","message":"Starting child request to render pdf header","meta":{"rootId":"7z3yo8df14tmjpx","id":"7z3yo8df14tmjpx"},"id":"1qtc72derzg5556","previousOperationId":"aslawab18p7qit1"}
{"type":"operationStart","subtype":"render","name":"anonymous","previousOperationId":"aslawab18p7qit1","timestamp":1719007362133,"id":"ykl7t7x9v8ft925","previousEventId":"5e45c84zb3z7uci","operationId":"j51hgfyds8v51ur"}
{"type":"log","timestamp":1719007362133,"level":"info","message":"Starting rendering (child) request","meta":{"rootId":"7z3yo8df14tmjpx","id":"0bxtrd3srbxt7mm"},"id":"6tpx9vryn8lajmf","previousOperationId":"j51hgfyds8v51ur"}
{"type":"log","timestamp":1719007362133,"level":"info","message":"Rendering anonymous template { recipe: html, engine: handlebars }","meta":{"rootId":"7z3yo8df14tmjpx","id":"0bxtrd3srbxt7mm"},"id":"a5nd8wx3hws5ckn","previousOperationId":"j51hgfyds8v51ur"}
{"type":"log","timestamp":1719007362133,"level":"debug","message":"Inline data specified.","meta":{"rootId":"7z3yo8df14tmjpx","id":"0bxtrd3srbxt7mm"},"id":"ln28lfauta7ihc2","previousOperationId":"j51hgfyds8v51ur"}
{"type":"log","timestamp":1719007362133,"level":"debug","message":"Base url not specified, skipping its injection.","meta":{"rootId":"7z3yo8df14tmjpx","id":"0bxtrd3srbxt7mm"},"id":"sa09nhn9dl3zstr","previousOperationId":"j51hgfyds8v51ur"}
{"type":"operationStart","subtype":"engine","name":"handlebars","timestamp":1719007362133,"id":"pwlbqiqylrounsz","previousEventId":"ykl7t7x9v8ft925","operationId":"dsxvv8saa9dfwky","previousOperationId":"j51hgfyds8v51ur"}
{"type":"log","timestamp":1719007362133,"level":"debug","message":"Rendering engine handlebars","meta":{"rootId":"7z3yo8df14tmjpx","id":"0bxtrd3srbxt7mm"},"id":"5b0r28zy0m3xoxx","previousOperationId":"dsxvv8saa9dfwky"}
{"type":"operationEnd","operationId":"dsxvv8saa9dfwky","timestamp":1719007362137,"id":"d2cs6dvvvr4gzyr","previousEventId":"pwlbqiqylrounsz","previousOperationId":"dsxvv8saa9dfwky"}
{"type":"operationStart","subtype":"recipe","name":"html","timestamp":1719007362137,"id":"s8cm993cmamord8","previousEventId":"d2cs6dvvvr4gzyr","operationId":"voyk09phxf3a1u9","previousOperationId":"dsxvv8saa9dfwky"}
{"type":"log","timestamp":1719007362137,"level":"debug","message":"Executing recipe html","meta":{"rootId":"7z3yo8df14tmjpx","id":"0bxtrd3srbxt7mm"},"id":"l78c2gcnuzjstu0","previousOperationId":"voyk09phxf3a1u9"}
{"type":"operationEnd","operationId":"voyk09phxf3a1u9","timestamp":1719007362137,"id":"7hz4wcyb8swam24","previousEventId":"s8cm993cmamord8","previousOperationId":"voyk09phxf3a1u9"}
{"type":"log","timestamp":1719007362137,"level":"debug","message":"Skipping storing report.","meta":{"rootId":"7z3yo8df14tmjpx","id":"0bxtrd3srbxt7mm"},"id":"x14nstie8554zlb","previousOperationId":"voyk09phxf3a1u9"}
{"type":"log","timestamp":1719007362137,"level":"info","message":"Rendering (child) request finished in 39 ms","meta":{"rootId":"7z3yo8df14tmjpx","id":"0bxtrd3srbxt7mm"},"id":"pwl9qc5ref7wfjm","previousOperationId":"voyk09phxf3a1u9"}
{"type":"operationEnd","subtype":"render","operationId":"j51hgfyds8v51ur","timestamp":1719007362137,"id":"5xa596qzlfwtt5t","previousEventId":"7hz4wcyb8swam24","previousOperationId":"voyk09phxf3a1u9"}
{"type":"log","timestamp":1719007362137,"level":"debug","message":"Starting child request to render pdf footer","meta":{"rootId":"7z3yo8df14tmjpx","id":"7z3yo8df14tmjpx"},"id":"i9tb5zxdw8iotqu","previousOperationId":"aslawab18p7qit1"}
{"type":"operationStart","subtype":"render","name":"anonymous","previousOperationId":"aslawab18p7qit1","timestamp":1719007362137,"id":"z3faa8ljkzbycet","previousEventId":"5e45c84zb3z7uci","operationId":"hu5qcn3jqb3u6ae"}
{"type":"log","timestamp":1719007362137,"level":"info","message":"Starting rendering (child) request","meta":{"rootId":"7z3yo8df14tmjpx","id":"7kwuy21eg0zs9l9"},"id":"8vhe87kz7bod02l","previousOperationId":"hu5qcn3jqb3u6ae"}
{"type":"log","timestamp":1719007362137,"level":"info","message":"Rendering anonymous template { recipe: html, engine: handlebars }","meta":{"rootId":"7z3yo8df14tmjpx","id":"7kwuy21eg0zs9l9"},"id":"zj3g2s0ch6scx0i","previousOperationId":"hu5qcn3jqb3u6ae"}
{"type":"log","timestamp":1719007362137,"level":"debug","message":"Inline data specified.","meta":{"rootId":"7z3yo8df14tmjpx","id":"7kwuy21eg0zs9l9"},"id":"r39k6rfspkg4q2g","previousOperationId":"hu5qcn3jqb3u6ae"}
{"type":"log","timestamp":1719007362137,"level":"debug","message":"Base url not specified, skipping its injection.","meta":{"rootId":"7z3yo8df14tmjpx","id":"7kwuy21eg0zs9l9"},"id":"b3vmax88t2wdsax","previousOperationId":"hu5qcn3jqb3u6ae"}
{"type":"operationStart","subtype":"engine","name":"handlebars","timestamp":1719007362137,"id":"takrqnzlk4e8t1l","previousEventId":"z3faa8ljkzbycet","operationId":"w80bgvl3zee8snv","previousOperationId":"hu5qcn3jqb3u6ae"}
{"type":"log","timestamp":1719007362137,"level":"debug","message":"Rendering engine handlebars","meta":{"rootId":"7z3yo8df14tmjpx","id":"7kwuy21eg0zs9l9"},"id":"jx4s2lmn5blqiac","previousOperationId":"w80bgvl3zee8snv"}
{"type":"operationEnd","operationId":"w80bgvl3zee8snv","timestamp":1719007362139,"id":"hu9qxa6mdjvglpu","previousEventId":"takrqnzlk4e8t1l","previousOperationId":"w80bgvl3zee8snv"}
{"type":"operationStart","subtype":"recipe","name":"html","timestamp":1719007362139,"id":"1sci3gpcz2lvetj","previousEventId":"hu9qxa6mdjvglpu","operationId":"g1rr9tpr6axxwdw","previousOperationId":"w80bgvl3zee8snv"}
{"type":"log","timestamp":1719007362139,"level":"debug","message":"Executing recipe html","meta":{"rootId":"7z3yo8df14tmjpx","id":"7kwuy21eg0zs9l9"},"id":"b3hkkb5a1529iyb","previousOperationId":"g1rr9tpr6axxwdw"}
{"type":"operationEnd","operationId":"g1rr9tpr6axxwdw","timestamp":1719007362139,"id":"ryxwzzpquc3mskt","previousEventId":"1sci3gpcz2lvetj","previousOperationId":"g1rr9tpr6axxwdw"}
{"type":"log","timestamp":1719007362139,"level":"debug","message":"Skipping storing report.","meta":{"rootId":"7z3yo8df14tmjpx","id":"7kwuy21eg0zs9l9"},"id":"rxe3n9uuoeujc9d","previousOperationId":"g1rr9tpr6axxwdw"}
{"type":"log","timestamp":1719007362139,"level":"info","message":"Rendering (child) request finished in 41 ms","meta":{"rootId":"7z3yo8df14tmjpx","id":"7kwuy21eg0zs9l9"},"id":"rhjazto9ejqc6ps","previousOperationId":"g1rr9tpr6axxwdw"}
{"type":"operationEnd","subtype":"render","operationId":"hu5qcn3jqb3u6ae","timestamp":1719007362139,"id":"9atm6ukuxz0dd70","previousEventId":"ryxwzzpquc3mskt","previousOperationId":"g1rr9tpr6axxwdw"}
{"type":"log","timestamp":1719007362141,"level":"debug","message":"Converting with chrome Chrome/126.0.6478.61 using chrome-pool strategy","meta":{"rootId":"7z3yo8df14tmjpx","id":"7z3yo8df14tmjpx"},"id":"p0g2g5x1tqsuurf","previousOperationId":"aslawab18p7qit1"}
{"type":"log","timestamp":1719007362232,"level":"debug","message":"Page request: GET (document) file:///var/folders/2x/1bhfw9mx7d775w_jmf56lcp80000gn/T/jsreport/autocleanup/7bba6879-98d5-428e-9ba0-aed061204fac-chrome-pdf.html","meta":{"rootId":"7z3yo8df14tmjpx","id":"7z3yo8df14tmjpx"},"id":"ppv1cysmu7q0fb3","previousOperationId":"aslawab18p7qit1"}
{"type":"log","timestamp":1719007362237,"level":"debug","message":"Page request finished: GET (document) 200 file:///var/folders/2x/1bhfw9mx7d775w_jmf56lcp80000gn/T/jsreport/autocleanup/7bba6879-98d5-428e-9ba0-aed061204fac-chrome-pdf.html","meta":{"rootId":"7z3yo8df14tmjpx","id":"7z3yo8df14tmjpx"},"id":"ytxybis1atq9evy","previousOperationId":"aslawab18p7qit1"}
{"type":"log","timestamp":1719007362237,"level":"debug","message":"Page request: GET (stylesheet) https://cdnjs.cloudflare.com/ajax/libs/metro/4.1.5/css/metro.min.css","meta":{"rootId":"7z3yo8df14tmjpx","id":"7z3yo8df14tmjpx"},"id":"0i8m7hm128ap4wj","previousOperationId":"aslawab18p7qit1"}
{"type":"log","timestamp":1719007362237,"level":"debug","message":"Page request: GET (script) https://cdnjs.cloudflare.com/ajax/libs/Chart.js/2.7.2/Chart.min.js","meta":{"rootId":"7z3yo8df14tmjpx","id":"7z3yo8df14tmjpx"},"id":"1s9ut59de8ibtb7","previousOperationId":"aslawab18p7qit1"}
{"type":"log","timestamp":1719007362245,"level":"debug","message":"Page request finished: GET (stylesheet) 200 https://cdnjs.cloudflare.com/ajax/libs/metro/4.1.5/css/metro.min.css","meta":{"rootId":"7z3yo8df14tmjpx","id":"7z3yo8df14tmjpx"},"id":"sc6xkjwglnwfnp8","previousOperationId":"aslawab18p7qit1"}
{"type":"log","timestamp":1719007362246,"level":"debug","message":"Page request finished: GET (script) 200 https://cdnjs.cloudflare.com/ajax/libs/Chart.js/2.7.2/Chart.min.js","meta":{"rootId":"7z3yo8df14tmjpx","id":"7z3yo8df14tmjpx"},"id":"1b5fa7qf760h8ko","previousOperationId":"aslawab18p7qit1"}
{"type":"log","timestamp":1719007362290,"level":"debug","message":"Running chrome with params {\"displayHeaderFooter\":true,\"headerTemplate\":\"...\",\"footerTemplate\":\"...\",\"marginTop\":\"4cm\",\"marginRight\":\"1.5cm\",\"marginLeft\":\"1.5cm\",\"marginBottom\":\"1.5cm\",\"timeout\":59959,\"margin\":{\"top\":\"4cm\",\"right\":\"1.5cm\",\"bottom\":\"1.5cm\",\"left\":\"1.5cm\"},\"printBackground\":true}","meta":{"rootId":"7z3yo8df14tmjpx","id":"7z3yo8df14tmjpx"},"id":"1vjhc91stmw8w7i","previousOperationId":"aslawab18p7qit1"}
{"type":"operationEnd","operationId":"aslawab18p7qit1","timestamp":1719007362477,"id":"i6p8wdnm00rjgtj","previousEventId":"5e45c84zb3z7uci","previousOperationId":"aslawab18p7qit1"}
{"type":"log","timestamp":1719007362477,"level":"info","message":"pdf-utils is starting pdf processing","meta":{"rootId":"7z3yo8df14tmjpx","id":"7z3yo8df14tmjpx"},"id":"ngexo3y229acyz5","previousOperationId":"aslawab18p7qit1"}
{"type":"operationStart","subtype":"pdfUtils","name":"pdf utils","timestamp":1719007362478,"id":"27x936l32et9czd","previousEventId":"i6p8wdnm00rjgtj","operationId":"5zi467c6llyur4t","previousOperationId":"aslawab18p7qit1"}
{"type":"log","timestamp":1719007362478,"level":"debug","message":"pdf-utils detected 1 pdf operation(s) to process","meta":{"rootId":"7z3yo8df14tmjpx","id":"7z3yo8df14tmjpx"},"id":"gwlmyyw6ofc9z8m","previousOperationId":"5zi467c6llyur4t"}
{"type":"log","timestamp":1719007362494,"level":"debug","message":"pdf-utils running pdf operation merge","meta":{"rootId":"7z3yo8df14tmjpx","id":"7z3yo8df14tmjpx"},"id":"ii25cm4oxwzj9wm","previousOperationId":"5zi467c6llyur4t"}
{"type":"operationStart","subtype":"pdfUtilsMerge","name":"pdf utils merge","previousOperationId":"5zi467c6llyur4t","timestamp":1719007362494,"id":"s3t3qae4l8g90te","previousEventId":"27x936l32et9czd","operationId":"2l6yfcf55vvpn99"}
{"type":"operationStart","subtype":"render","name":"anonymous","previousOperationId":"2l6yfcf55vvpn99","timestamp":1719007362494,"id":"w016k0fzvd3qvbu","previousEventId":"s3t3qae4l8g90te","operationId":"yt99n75yb1tq0dm"}
{"type":"log","timestamp":1719007362494,"level":"info","message":"Starting rendering (child) request","meta":{"rootId":"7z3yo8df14tmjpx","id":"xp9lwf398z01yf2"},"id":"9z51v1y91fg769p","previousOperationId":"yt99n75yb1tq0dm"}
{"type":"log","timestamp":1719007362494,"level":"info","message":"Rendering anonymous template { recipe: chrome-pdf, engine: handlebars }","meta":{"rootId":"7z3yo8df14tmjpx","id":"xp9lwf398z01yf2"},"id":"u9yevjdlmz964gg","previousOperationId":"yt99n75yb1tq0dm"}
{"type":"log","timestamp":1719007362494,"level":"debug","message":"Inline data specified.","meta":{"rootId":"7z3yo8df14tmjpx","id":"xp9lwf398z01yf2"},"id":"vlq4zh9oc96h5v6","previousOperationId":"yt99n75yb1tq0dm"}
{"type":"log","timestamp":1719007362497,"level":"debug","message":"Base url not specified, skipping its injection.","meta":{"rootId":"7z3yo8df14tmjpx","id":"xp9lwf398z01yf2"},"id":"myiyebm387865em","previousOperationId":"yt99n75yb1tq0dm"}
{"type":"operationStart","subtype":"engine","name":"handlebars","timestamp":1719007362497,"id":"bs7u306wagocfob","previousEventId":"w016k0fzvd3qvbu","operationId":"9detnu1gtp32f7z","previousOperationId":"yt99n75yb1tq0dm"}
{"type":"log","timestamp":1719007362497,"level":"debug","message":"Rendering engine handlebars","meta":{"rootId":"7z3yo8df14tmjpx","id":"xp9lwf398z01yf2"},"id":"cjfai4r38ioxvu9","previousOperationId":"9detnu1gtp32f7z"}
{"type":"operationEnd","operationId":"9detnu1gtp32f7z","timestamp":1719007362500,"id":"3lyrdjwhrpik1b8","previousEventId":"bs7u306wagocfob","previousOperationId":"9detnu1gtp32f7z"}
{"type":"operationStart","subtype":"recipe","name":"chrome-pdf","timestamp":1719007362500,"id":"2g5fiejeg7gccsl","previousEventId":"3lyrdjwhrpik1b8","operationId":"v727n1ww1y8xi7e","previousOperationId":"9detnu1gtp32f7z"}
{"type":"log","timestamp":1719007362500,"level":"debug","message":"Executing recipe chrome-pdf","meta":{"rootId":"7z3yo8df14tmjpx","id":"xp9lwf398z01yf2"},"id":"dflyr3uox5b4tll","previousOperationId":"v727n1ww1y8xi7e"}
{"type":"log","timestamp":1719007362500,"level":"debug","message":"Converting with chrome Chrome/126.0.6478.61 using chrome-pool strategy","meta":{"rootId":"7z3yo8df14tmjpx","id":"xp9lwf398z01yf2"},"id":"pjx8s0u0fvs2lbs","previousOperationId":"v727n1ww1y8xi7e"}
{"type":"log","timestamp":1719007362560,"level":"debug","message":"Page request: GET (document) file:///var/folders/2x/1bhfw9mx7d775w_jmf56lcp80000gn/T/jsreport/autocleanup/0f062dfd-101f-458e-95a0-92b0a4d69736-chrome-pdf.html","meta":{"rootId":"7z3yo8df14tmjpx","id":"xp9lwf398z01yf2"},"id":"ws6jh0r4xo0a0ox","previousOperationId":"v727n1ww1y8xi7e"}
{"type":"log","timestamp":1719007362564,"level":"debug","message":"Page request finished: GET (document) 200 file:///var/folders/2x/1bhfw9mx7d775w_jmf56lcp80000gn/T/jsreport/autocleanup/0f062dfd-101f-458e-95a0-92b0a4d69736-chrome-pdf.html","meta":{"rootId":"7z3yo8df14tmjpx","id":"xp9lwf398z01yf2"},"id":"lzq6sp0h2xcjk5v","previousOperationId":"v727n1ww1y8xi7e"}
{"type":"log","timestamp":1719007362565,"level":"debug","message":"Running chrome with params {\"timeout\":59598,\"margin\":{},\"printBackground\":true}","meta":{"rootId":"7z3yo8df14tmjpx","id":"xp9lwf398z01yf2"},"id":"wyy0023j315l625","previousOperationId":"v727n1ww1y8xi7e"}
{"type":"operationEnd","operationId":"v727n1ww1y8xi7e","timestamp":1719007362628,"id":"0wpki4vg3cse7el","previousEventId":"2g5fiejeg7gccsl","previousOperationId":"v727n1ww1y8xi7e"}
{"type":"log","timestamp":1719007362628,"level":"debug","message":"Skipping storing report.","meta":{"rootId":"7z3yo8df14tmjpx","id":"xp9lwf398z01yf2"},"id":"166jlgenygeyb99","previousOperationId":"v727n1ww1y8xi7e"}
{"type":"log","timestamp":1719007362628,"level":"info","message":"Rendering (child) request finished in 530 ms","meta":{"rootId":"7z3yo8df14tmjpx","id":"xp9lwf398z01yf2"},"id":"ieqszfumgofedde","previousOperationId":"v727n1ww1y8xi7e"}
{"type":"operationEnd","subtype":"render","operationId":"yt99n75yb1tq0dm","timestamp":1719007362628,"id":"fs9oom2thsli8qa","previousEventId":"0wpki4vg3cse7el","previousOperationId":"v727n1ww1y8xi7e"}
{"type":"operationEnd","operationId":"2l6yfcf55vvpn99","timestamp":1719007362640,"id":"udpu7do5yxn7ju1","previousEventId":"s3t3qae4l8g90te","previousOperationId":"2l6yfcf55vvpn99"}
{"type":"log","timestamp":1719007362640,"level":"debug","message":"pdf-utils postprocess start","meta":{"rootId":"7z3yo8df14tmjpx","id":"7z3yo8df14tmjpx"},"id":"j6lv7ef3x6uo2wy","previousOperationId":"2l6yfcf55vvpn99"}
{"type":"log","timestamp":1719007362655,"level":"debug","message":"pdf-utils postprocess end","meta":{"rootId":"7z3yo8df14tmjpx","id":"7z3yo8df14tmjpx"},"id":"cbql80rt5d6ot4m","previousOperationId":"2l6yfcf55vvpn99"}
{"type":"operationEnd","operationId":"5zi467c6llyur4t","timestamp":1719007362655,"id":"bu3fn4yw38jkbv7","previousEventId":"udpu7do5yxn7ju1","previousOperationId":"2l6yfcf55vvpn99"}
{"type":"log","timestamp":1719007362656,"level":"info","message":"pdf-utils pdf processing was finished","meta":{"rootId":"7z3yo8df14tmjpx","id":"7z3yo8df14tmjpx"},"id":"mnvwbego33ss79i","previousOperationId":"5zi467c6llyur4t"}
{"type":"log","timestamp":1719007362656,"level":"debug","message":"Skipping storing report.","meta":{"rootId":"7z3yo8df14tmjpx","id":"7z3yo8df14tmjpx"},"id":"ngnfl6dskdnpx88","previousOperationId":"5zi467c6llyur4t"}
{"type":"log","timestamp":1719007362656,"level":"info","message":"Rendering request 129 finished in 558 ms","meta":{"rootId":"7z3yo8df14tmjpx","id":"7z3yo8df14tmjpx"},"id":"pb798ump91kpp9f","previousOperationId":"5zi467c6llyur4t"}
{"type":"operationEnd","subtype":"render","operationId":"f6gmoy36vvp6jpz","timestamp":1719007362656,"id":"mt6tw1gmycp92jr","previousEventId":"bu3fn4yw38jkbv7","previousOperationId":"5zi467c6llyur4t"}
{"type":"operationEnd","doDiffs":false,"previousEventId":"on09x6f4e9bfdeo","previousOperationId":"yyh03msfnubj9v3","operationId":"yyh03msfnubj9v3","timestamp":1719007362657,"id":"itpd7qj4zsoxus7"}
