{"type":"operationStart","subtype":"profile","data":{"_id":"HoUyJIuLtt3HaqZW","timestamp":"2024-06-20T22:43:56.224Z","state":"queued","mode":"standard","creationDate":"2024-06-20T22:43:56.225Z","modificationDate":"2024-06-20T22:43:56.225Z","shortid":"_sazNBS","$entitySet":"profiles"},"doDiffs":false,"timestamp":1718923436224,"id":"imn1nwgfjenisem","previousOperationId":null,"operationId":"u8044cl9bumdznz"}
{"type":"log","level":"info","message":"Render request 11 queued for execution and waiting for available worker","previousOperationId":"u8044cl9bumdznz","timestamp":1718923436224,"id":"bqyzxug5lmw7djn"}
{"type":"operationStart","subtype":"render","name":"anonymous","previousOperationId":"u8044cl9bumdznz","timestamp":1718923436228,"id":"f1ybompvwbkj5je","previousEventId":"imn1nwgfjenisem","operationId":"of4x65f7i110vab"}
{"type":"log","timestamp":1718923436228,"level":"info","message":"Starting rendering request 11","meta":{"rootId":"85bwctmsteujd74","id":"85bwctmsteujd74"},"id":"l9hw9354v6ywqps","previousOperationId":"of4x65f7i110vab"}
{"type":"log","timestamp":1718923436228,"level":"info","message":"Rendering anonymous template { recipe: chrome-pdf, engine: none }","meta":{"rootId":"85bwctmsteujd74","id":"85bwctmsteujd74"},"id":"9w7hvqda22gownm","previousOperationId":"of4x65f7i110vab"}
{"type":"log","timestamp":1718923436228,"level":"debug","message":"Data item not defined for this template.","meta":{"rootId":"85bwctmsteujd74","id":"85bwctmsteujd74"},"id":"j6vges113ynv3o5","previousOperationId":"of4x65f7i110vab"}
{"type":"log","timestamp":1718923436229,"level":"debug","message":"Base url not specified, skipping its injection.","meta":{"rootId":"85bwctmsteujd74","id":"85bwctmsteujd74"},"id":"8wpypf2xecdll0t","previousOperationId":"of4x65f7i110vab"}
{"type":"operationStart","subtype":"engine","name":"none","timestamp":1718923436229,"id":"ymoa2s3vb810n84","previousEventId":"f1ybompvwbkj5je","operationId":"yheyylqv4zdqxx9","previousOperationId":"of4x65f7i110vab"}
{"type":"log","timestamp":1718923436229,"level":"debug","message":"Rendering engine none","meta":{"rootId":"85bwctmsteujd74","id":"85bwctmsteujd74"},"id":"h9h2f1o4oyvfvgt","previousOperationId":"yheyylqv4zdqxx9"}
{"type":"operationEnd","operationId":"yheyylqv4zdqxx9","timestamp":1718923436233,"id":"d8ir1nj3q5rhjuw","previousEventId":"ymoa2s3vb810n84","previousOperationId":"yheyylqv4zdqxx9"}
{"type":"operationStart","subtype":"recipe","name":"chrome-pdf","timestamp":1718923436233,"id":"vsawipoihks3b8s","previousEventId":"d8ir1nj3q5rhjuw","operationId":"ytyhqfzrliszoa0","previousOperationId":"yheyylqv4zdqxx9"}
{"type":"log","timestamp":1718923436233,"level":"debug","message":"Executing recipe chrome-pdf","meta":{"rootId":"85bwctmsteujd74","id":"85bwctmsteujd74"},"id":"xksbwo7pb4rqr4e","previousOperationId":"ytyhqfzrliszoa0"}
{"type":"log","timestamp":1718923436244,"level":"debug","message":"Converting with chrome Chrome/126.0.6478.61 using chrome-pool strategy","meta":{"rootId":"85bwctmsteujd74","id":"85bwctmsteujd74"},"id":"5ljn5lio069ing3","previousOperationId":"ytyhqfzrliszoa0"}
{"type":"log","timestamp":1718923436435,"level":"debug","message":"Page request: GET (document) file:///var/folders/2x/1bhfw9mx7d775w_jmf56lcp80000gn/T/jsreport/autocleanup/a2c5d529-28b8-4446-853a-18bb04d3c813-chrome-pdf.html","meta":{"rootId":"85bwctmsteujd74","id":"85bwctmsteujd74"},"id":"oyogv32m7wmrew2","previousOperationId":"ytyhqfzrliszoa0"}
{"type":"log","timestamp":1718923436439,"level":"debug","message":"Page request finished: GET (document) 200 file:///var/folders/2x/1bhfw9mx7d775w_jmf56lcp80000gn/T/jsreport/autocleanup/a2c5d529-28b8-4446-853a-18bb04d3c813-chrome-pdf.html","meta":{"rootId":"85bwctmsteujd74","id":"85bwctmsteujd74"},"id":"t02hy2b7ignkszp","previousOperationId":"ytyhqfzrliszoa0"}
{"type":"log","timestamp":1718923436439,"level":"debug","message":"Running chrome with params {\"timeout\":59988,\"margin\":{},\"printBackground\":true}","meta":{"rootId":"85bwctmsteujd74","id":"85bwctmsteujd74"},"id":"7udtvuayzugg3ih","previousOperationId":"ytyhqfzrliszoa0"}
{"type":"operationEnd","operationId":"ytyhqfzrliszoa0","timestamp":1718923436481,"id":"qeggotizyzm7jof","previousEventId":"vsawipoihks3b8s","previousOperationId":"ytyhqfzrliszoa0"}
{"type":"log","timestamp":1718923436481,"level":"debug","message":"Skipping storing report.","meta":{"rootId":"85bwctmsteujd74","id":"85bwctmsteujd74"},"id":"kbnr7p242uutyzb","previousOperationId":"ytyhqfzrliszoa0"}
{"type":"log","timestamp":1718923436481,"level":"info","message":"Rendering request 11 finished in 258 ms","meta":{"rootId":"85bwctmsteujd74","id":"85bwctmsteujd74"},"id":"q5s80k5rsu1le5y","previousOperationId":"ytyhqfzrliszoa0"}
{"type":"operationEnd","subtype":"render","operationId":"of4x65f7i110vab","timestamp":1718923436481,"id":"pbalzuvyzhp7a49","previousEventId":"qeggotizyzm7jof","previousOperationId":"ytyhqfzrliszoa0"}
{"type":"operationEnd","doDiffs":false,"previousEventId":"imn1nwgfjenisem","previousOperationId":"u8044cl9bumdznz","operationId":"u8044cl9bumdznz","timestamp":1718923436481,"id":"iowjjjq7blj05a7"}
