{"type":"operationStart","subtype":"profile","data":{"_id":"A1zdZhbDij4syDPP","timestamp":"2024-06-24T15:21:51.137Z","state":"queued","mode":"standard","creationDate":"2024-06-24T15:21:51.138Z","modificationDate":"2024-06-24T15:21:51.138Z","shortid":"G1Was0M","$entitySet":"profiles"},"doDiffs":false,"timestamp":1719242511137,"id":"sholzaxpaz2g1ja","previousOperationId":null,"operationId":"5q498r5diqktnj7"}
{"type":"log","level":"info","message":"Render request 7 queued for execution and waiting for available worker","previousOperationId":"5q498r5diqktnj7","timestamp":1719242511137,"id":"toznh41or0hdoqd"}
{"type":"operationStart","subtype":"render","name":"anonymous","previousOperationId":"5q498r5diqktnj7","timestamp":1719242511143,"id":"hp146s9fmpshqcs","previousEventId":"sholzaxpaz2g1ja","operationId":"do8ybzoranyxl57"}
{"type":"log","timestamp":1719242511143,"level":"info","message":"Starting rendering request 7","meta":{"rootId":"87x8wm4zk20ergz","id":"87x8wm4zk20ergz"},"id":"z80whft6iba2fd5","previousOperationId":"do8ybzoranyxl57"}
{"type":"log","timestamp":1719242511143,"level":"info","message":"Rendering anonymous template { recipe: chrome-pdf, engine: handlebars }","meta":{"rootId":"87x8wm4zk20ergz","id":"87x8wm4zk20ergz"},"id":"x4lo1bpy71y0xf7","previousOperationId":"do8ybzoranyxl57"}
{"type":"log","timestamp":1719242511143,"level":"debug","message":"Inline data specified.","meta":{"rootId":"87x8wm4zk20ergz","id":"87x8wm4zk20ergz"},"id":"5jmt8c4p74xak1b","previousOperationId":"do8ybzoranyxl57"}
{"type":"log","timestamp":1719242511144,"level":"debug","message":"Base url not specified, skipping its injection.","meta":{"rootId":"87x8wm4zk20ergz","id":"87x8wm4zk20ergz"},"id":"4jcxfivd70lxzf4","previousOperationId":"do8ybzoranyxl57"}
{"type":"operationStart","subtype":"engine","name":"handlebars","timestamp":1719242511144,"id":"yh1s2n1r4c4zlvo","previousEventId":"hp146s9fmpshqcs","operationId":"jfy7lxrr7jnf3mz","previousOperationId":"do8ybzoranyxl57"}
{"type":"log","timestamp":1719242511144,"level":"debug","message":"Rendering engine handlebars","meta":{"rootId":"87x8wm4zk20ergz","id":"87x8wm4zk20ergz"},"id":"w0grpxanm2w0pgk","previousOperationId":"jfy7lxrr7jnf3mz"}
{"type":"operationEnd","operationId":"jfy7lxrr7jnf3mz","timestamp":1719242511160,"id":"7loras1kwywzsio","previousEventId":"yh1s2n1r4c4zlvo","previousOperationId":"jfy7lxrr7jnf3mz"}
{"type":"operationStart","subtype":"recipe","name":"chrome-pdf","timestamp":1719242511161,"id":"n0lm9958qlwgz14","previousEventId":"7loras1kwywzsio","operationId":"jh0hqkwqpn2gxyj","previousOperationId":"jfy7lxrr7jnf3mz"}
{"type":"log","timestamp":1719242511161,"level":"debug","message":"Executing recipe chrome-pdf","meta":{"rootId":"87x8wm4zk20ergz","id":"87x8wm4zk20ergz"},"id":"181ge9lr8t932rb","previousOperationId":"jh0hqkwqpn2gxyj"}
{"type":"log","timestamp":1719242511173,"level":"debug","message":"Converting with chrome Chrome/126.0.6478.61 using chrome-pool strategy","meta":{"rootId":"87x8wm4zk20ergz","id":"87x8wm4zk20ergz"},"id":"hkm9x84upxsarzp","previousOperationId":"jh0hqkwqpn2gxyj"}
{"type":"log","timestamp":1719242511302,"level":"debug","message":"Page request: GET (document) file:///var/folders/2x/1bhfw9mx7d775w_jmf56lcp80000gn/T/jsreport/autocleanup/23b77757-4b7f-4769-b1dd-1fb4bb153385-chrome-pdf.html","meta":{"rootId":"87x8wm4zk20ergz","id":"87x8wm4zk20ergz"},"id":"riti129yj6x42ao","previousOperationId":"jh0hqkwqpn2gxyj"}
{"type":"log","timestamp":1719242511307,"level":"debug","message":"Page request finished: GET (document) 200 file:///var/folders/2x/1bhfw9mx7d775w_jmf56lcp80000gn/T/jsreport/autocleanup/23b77757-4b7f-4769-b1dd-1fb4bb153385-chrome-pdf.html","meta":{"rootId":"87x8wm4zk20ergz","id":"87x8wm4zk20ergz"},"id":"20t5wy5crhflr9f","previousOperationId":"jh0hqkwqpn2gxyj"}
{"type":"log","timestamp":1719242511308,"level":"debug","message":"Page request: GET (stylesheet) https://cdnjs.cloudflare.com/ajax/libs/metro/4.1.5/css/metro.min.css","meta":{"rootId":"87x8wm4zk20ergz","id":"87x8wm4zk20ergz"},"id":"zbs1v27yyd0rwny","previousOperationId":"jh0hqkwqpn2gxyj"}
{"type":"log","timestamp":1719242511308,"level":"debug","message":"Page request: GET (script) https://cdnjs.cloudflare.com/ajax/libs/Chart.js/2.7.2/Chart.min.js","meta":{"rootId":"87x8wm4zk20ergz","id":"87x8wm4zk20ergz"},"id":"uzvit1sv0u5woj1","previousOperationId":"jh0hqkwqpn2gxyj"}
{"type":"log","timestamp":1719242511316,"level":"debug","message":"Page request finished: GET (stylesheet) 200 https://cdnjs.cloudflare.com/ajax/libs/metro/4.1.5/css/metro.min.css","meta":{"rootId":"87x8wm4zk20ergz","id":"87x8wm4zk20ergz"},"id":"uxmvy1am0rdkakq","previousOperationId":"jh0hqkwqpn2gxyj"}
{"type":"log","timestamp":1719242511317,"level":"debug","message":"Page request finished: GET (script) 200 https://cdnjs.cloudflare.com/ajax/libs/Chart.js/2.7.2/Chart.min.js","meta":{"rootId":"87x8wm4zk20ergz","id":"87x8wm4zk20ergz"},"id":"jqxrh3izypbnkg1","previousOperationId":"jh0hqkwqpn2gxyj"}
{"type":"log","timestamp":1719242511345,"level":"debug","message":"Running chrome with params {\"marginTop\":\"4cm\",\"marginRight\":\"1.5cm\",\"marginLeft\":\"1.5cm\",\"marginBottom\":\"1.5cm\",\"timeout\":59965,\"margin\":{\"top\":\"4cm\",\"right\":\"1.5cm\",\"bottom\":\"1.5cm\",\"left\":\"1.5cm\"},\"printBackground\":true}","meta":{"rootId":"87x8wm4zk20ergz","id":"87x8wm4zk20ergz"},"id":"hvfpbjioz1un07i","previousOperationId":"jh0hqkwqpn2gxyj"}
{"type":"operationEnd","operationId":"jh0hqkwqpn2gxyj","timestamp":1719242511438,"id":"03rg7ico9yar72f","previousEventId":"n0lm9958qlwgz14","previousOperationId":"jh0hqkwqpn2gxyj"}
{"type":"log","timestamp":1719242511438,"level":"info","message":"pdf-utils is starting pdf processing","meta":{"rootId":"87x8wm4zk20ergz","id":"87x8wm4zk20ergz"},"id":"cwqxmvojm6te0vm","previousOperationId":"jh0hqkwqpn2gxyj"}
{"type":"operationStart","subtype":"pdfUtils","name":"pdf utils","timestamp":1719242511438,"id":"38rksxp6us7uzly","previousEventId":"03rg7ico9yar72f","operationId":"6z8u8mc81ppeds3","previousOperationId":"jh0hqkwqpn2gxyj"}
{"type":"log","timestamp":1719242511438,"level":"debug","message":"pdf-utils detected 1 pdf operation(s) to process","meta":{"rootId":"87x8wm4zk20ergz","id":"87x8wm4zk20ergz"},"id":"woqag4xhx3rbra0","previousOperationId":"6z8u8mc81ppeds3"}
{"type":"log","timestamp":1719242511443,"level":"debug","message":"pdf-utils running pdf operation undefined","meta":{"rootId":"87x8wm4zk20ergz","id":"87x8wm4zk20ergz"},"id":"np8e8ga71ktqmq5","previousOperationId":"6z8u8mc81ppeds3"}
{"type":"log","timestamp":1719242511443,"level":"debug","message":"pdf-utils postprocess start","meta":{"rootId":"87x8wm4zk20ergz","id":"87x8wm4zk20ergz"},"id":"qjywsdvryatvgqp","previousOperationId":"6z8u8mc81ppeds3"}
{"type":"log","timestamp":1719242511447,"level":"debug","message":"pdf-utils postprocess end","meta":{"rootId":"87x8wm4zk20ergz","id":"87x8wm4zk20ergz"},"id":"nppi7k5h63v1swp","previousOperationId":"6z8u8mc81ppeds3"}
{"type":"operationEnd","operationId":"6z8u8mc81ppeds3","timestamp":1719242511447,"id":"8h3dydm89z8ntii","previousEventId":"38rksxp6us7uzly","previousOperationId":"6z8u8mc81ppeds3"}
{"type":"log","timestamp":1719242511447,"level":"info","message":"pdf-utils pdf processing was finished","meta":{"rootId":"87x8wm4zk20ergz","id":"87x8wm4zk20ergz"},"id":"dc9n5kxjigjyg9t","previousOperationId":"6z8u8mc81ppeds3"}
{"type":"log","timestamp":1719242511447,"level":"debug","message":"Skipping storing report.","meta":{"rootId":"87x8wm4zk20ergz","id":"87x8wm4zk20ergz"},"id":"3yjhy35rxev7ryh","previousOperationId":"6z8u8mc81ppeds3"}
{"type":"log","timestamp":1719242511447,"level":"info","message":"Rendering request 7 finished in 318 ms","meta":{"rootId":"87x8wm4zk20ergz","id":"87x8wm4zk20ergz"},"id":"fvv3khujflvs63p","previousOperationId":"6z8u8mc81ppeds3"}
{"type":"operationEnd","subtype":"render","operationId":"do8ybzoranyxl57","timestamp":1719242511447,"id":"shfw7amaxykxp5b","previousEventId":"8h3dydm89z8ntii","previousOperationId":"6z8u8mc81ppeds3"}
{"type":"operationEnd","doDiffs":false,"previousEventId":"sholzaxpaz2g1ja","previousOperationId":"5q498r5diqktnj7","operationId":"5q498r5diqktnj7","timestamp":1719242511449,"id":"k0ecnkx70cadycc"}
