{"type":"operationStart","subtype":"profile","data":{"_id":"dIsdZ8oGd48halPp","timestamp":"2024-06-22T02:10:54.173Z","state":"queued","mode":"standard","creationDate":"2024-06-22T02:10:54.175Z","modificationDate":"2024-06-22T02:10:54.175Z","shortid":"EBCIAoS","$entitySet":"profiles"},"doDiffs":false,"timestamp":1719022254174,"id":"tsljj7lk0iv1gk3","previousOperationId":null,"operationId":"3d3vfxegx8vwwr2"}
{"type":"log","level":"info","message":"Render request 172 queued for execution and waiting for available worker","previousOperationId":"3d3vfxegx8vwwr2","timestamp":1719022254174,"id":"t73v10eanrbi759"}
{"type":"operationStart","subtype":"render","name":"anonymous","previousOperationId":"3d3vfxegx8vwwr2","timestamp":1719022254182,"id":"mt1kkwtk8gkulqi","previousEventId":"tsljj7lk0iv1gk3","operationId":"7pqe4v0v358drbx"}
{"type":"log","timestamp":1719022254182,"level":"info","message":"Starting rendering request 172","meta":{"rootId":"8a7lruk39my7pai","id":"8a7lruk39my7pai"},"id":"m8aslu4gvv2zyui","previousOperationId":"7pqe4v0v358drbx"}
{"type":"log","timestamp":1719022254182,"level":"info","message":"Rendering anonymous template { recipe: chrome-pdf, engine: handlebars }","meta":{"rootId":"8a7lruk39my7pai","id":"8a7lruk39my7pai"},"id":"ip0r2bwm6x91vql","previousOperationId":"7pqe4v0v358drbx"}
{"type":"log","timestamp":1719022254182,"level":"debug","message":"Inline data specified.","meta":{"rootId":"8a7lruk39my7pai","id":"8a7lruk39my7pai"},"id":"x6q3h64sd2jiwb2","previousOperationId":"7pqe4v0v358drbx"}
{"type":"log","timestamp":1719022254183,"level":"debug","message":"Base url not specified, skipping its injection.","meta":{"rootId":"8a7lruk39my7pai","id":"8a7lruk39my7pai"},"id":"iao1opgaqgszb1q","previousOperationId":"7pqe4v0v358drbx"}
{"type":"operationStart","subtype":"engine","name":"handlebars","timestamp":1719022254184,"id":"ffad2saent3vx2k","previousEventId":"mt1kkwtk8gkulqi","operationId":"f81nxpcjgaxauj3","previousOperationId":"7pqe4v0v358drbx"}
{"type":"log","timestamp":1719022254184,"level":"debug","message":"Rendering engine handlebars","meta":{"rootId":"8a7lruk39my7pai","id":"8a7lruk39my7pai"},"id":"kktot2x05gxvqc5","previousOperationId":"f81nxpcjgaxauj3"}
{"type":"log","timestamp":1719022254212,"level":"debug","message":"(console:log) Pdf utils adding group field, value: \"France\"","meta":{"userLevel":true,"rootId":"8a7lruk39my7pai","id":"8a7lruk39my7pai"},"id":"a29wlhu78uwbwdq","previousOperationId":"f81nxpcjgaxauj3"}
{"type":"log","timestamp":1719022254212,"level":"debug","message":"(console:log) Pdf utils adding group field, value: \"Germany\"","meta":{"userLevel":true,"rootId":"8a7lruk39my7pai","id":"8a7lruk39my7pai"},"id":"b3u49atu3tz593l","previousOperationId":"f81nxpcjgaxauj3"}
{"type":"operationEnd","operationId":"f81nxpcjgaxauj3","timestamp":1719022254213,"id":"uaopq46g6i50t0g","previousEventId":"ffad2saent3vx2k","previousOperationId":"f81nxpcjgaxauj3"}
{"type":"operationStart","subtype":"recipe","name":"chrome-pdf","timestamp":1719022254213,"id":"v6cak68rwxv2wkx","previousEventId":"uaopq46g6i50t0g","operationId":"4t3165sv5hczar7","previousOperationId":"f81nxpcjgaxauj3"}
{"type":"log","timestamp":1719022254213,"level":"debug","message":"Executing recipe chrome-pdf","meta":{"rootId":"8a7lruk39my7pai","id":"8a7lruk39my7pai"},"id":"qt01c6pljzfwox4","previousOperationId":"4t3165sv5hczar7"}
{"type":"log","timestamp":1719022254217,"level":"debug","message":"Converting with chrome Chrome/126.0.6478.61 using chrome-pool strategy","meta":{"rootId":"8a7lruk39my7pai","id":"8a7lruk39my7pai"},"id":"wbj9q629lfulbfl","previousOperationId":"4t3165sv5hczar7"}
{"type":"log","timestamp":1719022254373,"level":"debug","message":"Page request: GET (document) file:///var/folders/2x/1bhfw9mx7d775w_jmf56lcp80000gn/T/jsreport/autocleanup/afee5510-7c36-4db8-a14b-2b7578a10f0d-chrome-pdf.html","meta":{"rootId":"8a7lruk39my7pai","id":"8a7lruk39my7pai"},"id":"bj8byzaz3dqxgum","previousOperationId":"4t3165sv5hczar7"}
{"type":"log","timestamp":1719022254377,"level":"debug","message":"Page request finished: GET (document) 200 file:///var/folders/2x/1bhfw9mx7d775w_jmf56lcp80000gn/T/jsreport/autocleanup/afee5510-7c36-4db8-a14b-2b7578a10f0d-chrome-pdf.html","meta":{"rootId":"8a7lruk39my7pai","id":"8a7lruk39my7pai"},"id":"3zt2zo2x0of3dbt","previousOperationId":"4t3165sv5hczar7"}
{"type":"log","timestamp":1719022254377,"level":"debug","message":"Page request: GET (stylesheet) https://cdnjs.cloudflare.com/ajax/libs/metro/4.1.5/css/metro.min.css","meta":{"rootId":"8a7lruk39my7pai","id":"8a7lruk39my7pai"},"id":"lqjv4yhvqlub4xu","previousOperationId":"4t3165sv5hczar7"}
{"type":"log","timestamp":1719022254377,"level":"debug","message":"Page request: GET (script) https://cdnjs.cloudflare.com/ajax/libs/Chart.js/2.7.2/Chart.min.js","meta":{"rootId":"8a7lruk39my7pai","id":"8a7lruk39my7pai"},"id":"2y2tusq23o8pppy","previousOperationId":"4t3165sv5hczar7"}
{"type":"log","timestamp":1719022254385,"level":"debug","message":"Page request finished: GET (stylesheet) 200 https://cdnjs.cloudflare.com/ajax/libs/metro/4.1.5/css/metro.min.css","meta":{"rootId":"8a7lruk39my7pai","id":"8a7lruk39my7pai"},"id":"lb32xfy02xo2bti","previousOperationId":"4t3165sv5hczar7"}
{"type":"log","timestamp":1719022254385,"level":"debug","message":"Page request finished: GET (script) 200 https://cdnjs.cloudflare.com/ajax/libs/Chart.js/2.7.2/Chart.min.js","meta":{"rootId":"8a7lruk39my7pai","id":"8a7lruk39my7pai"},"id":"l8rra3uwlzcqci1","previousOperationId":"4t3165sv5hczar7"}
{"type":"log","timestamp":1719022254433,"level":"debug","message":"Running chrome with params {\"marginTop\":\"4cm\",\"marginRight\":\"1.5cm\",\"marginLeft\":\"1.5cm\",\"marginBottom\":\"1.5cm\",\"timeout\":59957,\"margin\":{\"top\":\"4cm\",\"right\":\"1.5cm\",\"bottom\":\"1.5cm\",\"left\":\"1.5cm\"},\"printBackground\":true}","meta":{"rootId":"8a7lruk39my7pai","id":"8a7lruk39my7pai"},"id":"aay34isyf75uumo","previousOperationId":"4t3165sv5hczar7"}
{"type":"operationEnd","operationId":"4t3165sv5hczar7","timestamp":1719022254616,"id":"loo6eum5gzdqzb1","previousEventId":"v6cak68rwxv2wkx","previousOperationId":"4t3165sv5hczar7"}
{"type":"log","timestamp":1719022254616,"level":"info","message":"pdf-utils is starting pdf processing","meta":{"rootId":"8a7lruk39my7pai","id":"8a7lruk39my7pai"},"id":"73kdf6kq833649b","previousOperationId":"4t3165sv5hczar7"}
{"type":"operationStart","subtype":"pdfUtils","name":"pdf utils","timestamp":1719022254617,"id":"tt6lloqqa1irmh0","previousEventId":"loo6eum5gzdqzb1","operationId":"1b45divo4jyrp31","previousOperationId":"4t3165sv5hczar7"}
{"type":"log","timestamp":1719022254617,"level":"debug","message":"pdf-utils detected 1 pdf operation(s) to process","meta":{"rootId":"8a7lruk39my7pai","id":"8a7lruk39my7pai"},"id":"96jdhuf7qrc52rp","previousOperationId":"1b45divo4jyrp31"}
{"type":"log","timestamp":1719022254629,"level":"debug","message":"pdf-utils running pdf operation merge","meta":{"rootId":"8a7lruk39my7pai","id":"8a7lruk39my7pai"},"id":"x0i71ubfl6occ3p","previousOperationId":"1b45divo4jyrp31"}
{"type":"operationStart","subtype":"pdfUtilsMerge","name":"pdf utils merge","previousOperationId":"1b45divo4jyrp31","timestamp":1719022254629,"id":"rfbaufydugc6u5y","previousEventId":"tt6lloqqa1irmh0","operationId":"gxxlgku0mwn5rzw"}
{"type":"operationStart","subtype":"render","name":"anonymous","previousOperationId":"gxxlgku0mwn5rzw","timestamp":1719022254629,"id":"ktuxojf1ka7vyd9","previousEventId":"rfbaufydugc6u5y","operationId":"dammhx3c9j6o62e"}
{"type":"log","timestamp":1719022254629,"level":"info","message":"Starting rendering (child) request","meta":{"rootId":"8a7lruk39my7pai","id":"4x1ngz1pofr552j"},"id":"yy9si1xyryzd31x","previousOperationId":"dammhx3c9j6o62e"}
{"type":"log","timestamp":1719022254629,"level":"info","message":"Rendering anonymous template { recipe: chrome-pdf, engine: handlebars }","meta":{"rootId":"8a7lruk39my7pai","id":"4x1ngz1pofr552j"},"id":"25p7usfokyjume2","previousOperationId":"dammhx3c9j6o62e"}
{"type":"log","timestamp":1719022254629,"level":"debug","message":"Inline data specified.","meta":{"rootId":"8a7lruk39my7pai","id":"4x1ngz1pofr552j"},"id":"ls703icx6bstoyv","previousOperationId":"dammhx3c9j6o62e"}
{"type":"log","timestamp":1719022254629,"level":"debug","message":"Base url not specified, skipping its injection.","meta":{"rootId":"8a7lruk39my7pai","id":"4x1ngz1pofr552j"},"id":"qhtz1t3xys66em5","previousOperationId":"dammhx3c9j6o62e"}
{"type":"operationStart","subtype":"engine","name":"handlebars","timestamp":1719022254629,"id":"d9olw5a406xwa1k","previousEventId":"ktuxojf1ka7vyd9","operationId":"ud6500db71utu2g","previousOperationId":"dammhx3c9j6o62e"}
{"type":"log","timestamp":1719022254629,"level":"debug","message":"Rendering engine handlebars","meta":{"rootId":"8a7lruk39my7pai","id":"4x1ngz1pofr552j"},"id":"irnr618au2x41hc","previousOperationId":"ud6500db71utu2g"}
{"type":"operationEnd","operationId":"ud6500db71utu2g","timestamp":1719022254632,"id":"9zrttyduzauwp1z","previousEventId":"d9olw5a406xwa1k","previousOperationId":"ud6500db71utu2g"}
{"type":"operationStart","subtype":"recipe","name":"chrome-pdf","timestamp":1719022254632,"id":"2n9ogyvw42hxsrt","previousEventId":"9zrttyduzauwp1z","operationId":"zeqfm3mwwg12c3j","previousOperationId":"ud6500db71utu2g"}
{"type":"log","timestamp":1719022254632,"level":"debug","message":"Executing recipe chrome-pdf","meta":{"rootId":"8a7lruk39my7pai","id":"4x1ngz1pofr552j"},"id":"ejs49hike5nnn6y","previousOperationId":"zeqfm3mwwg12c3j"}
{"type":"log","timestamp":1719022254633,"level":"debug","message":"Converting with chrome Chrome/126.0.6478.61 using chrome-pool strategy","meta":{"rootId":"8a7lruk39my7pai","id":"4x1ngz1pofr552j"},"id":"ppd4vyuo8un6wsv","previousOperationId":"zeqfm3mwwg12c3j"}
{"type":"log","timestamp":1719022254692,"level":"debug","message":"Page request: GET (document) file:///var/folders/2x/1bhfw9mx7d775w_jmf56lcp80000gn/T/jsreport/autocleanup/e7e7dfc4-c1d8-4684-8fd8-ef6c53df5f64-chrome-pdf.html","meta":{"rootId":"8a7lruk39my7pai","id":"4x1ngz1pofr552j"},"id":"fhvdzbrsilnkntq","previousOperationId":"zeqfm3mwwg12c3j"}
{"type":"log","timestamp":1719022254696,"level":"debug","message":"Page request finished: GET (document) 200 file:///var/folders/2x/1bhfw9mx7d775w_jmf56lcp80000gn/T/jsreport/autocleanup/e7e7dfc4-c1d8-4684-8fd8-ef6c53df5f64-chrome-pdf.html","meta":{"rootId":"8a7lruk39my7pai","id":"4x1ngz1pofr552j"},"id":"ino5vvxlbbwtgg3","previousOperationId":"zeqfm3mwwg12c3j"}
{"type":"log","timestamp":1719022254696,"level":"debug","message":"Page request: GET (stylesheet) https://cdnjs.cloudflare.com/ajax/libs/metro/4.1.5/css/metro.min.css","meta":{"rootId":"8a7lruk39my7pai","id":"4x1ngz1pofr552j"},"id":"k8hgk9gbglsjnpa","previousOperationId":"zeqfm3mwwg12c3j"}
{"type":"log","timestamp":1719022254702,"level":"debug","message":"Page request finished: GET (stylesheet) 200 https://cdnjs.cloudflare.com/ajax/libs/metro/4.1.5/css/metro.min.css","meta":{"rootId":"8a7lruk39my7pai","id":"4x1ngz1pofr552j"},"id":"xnl3rjqzq8jtwtl","previousOperationId":"zeqfm3mwwg12c3j"}
{"type":"log","timestamp":1719022254728,"level":"debug","message":"Running chrome with params {\"timeout\":59538,\"margin\":{},\"printBackground\":true}","meta":{"rootId":"8a7lruk39my7pai","id":"4x1ngz1pofr552j"},"id":"68fqajyosl1durn","previousOperationId":"zeqfm3mwwg12c3j"}
{"type":"operationEnd","operationId":"zeqfm3mwwg12c3j","timestamp":1719022254852,"id":"o3qn8s8147o57bp","previousEventId":"2n9ogyvw42hxsrt","previousOperationId":"zeqfm3mwwg12c3j"}
{"type":"log","timestamp":1719022254852,"level":"debug","message":"Skipping storing report.","meta":{"rootId":"8a7lruk39my7pai","id":"4x1ngz1pofr552j"},"id":"hpxl86y7mm7f0tp","previousOperationId":"zeqfm3mwwg12c3j"}
{"type":"log","timestamp":1719022254852,"level":"info","message":"Rendering (child) request finished in 681 ms","meta":{"rootId":"8a7lruk39my7pai","id":"4x1ngz1pofr552j"},"id":"8fsumvfxnh4qtsk","previousOperationId":"zeqfm3mwwg12c3j"}
{"type":"operationEnd","subtype":"render","operationId":"dammhx3c9j6o62e","timestamp":1719022254852,"id":"pi7x1ef5szj3agy","previousEventId":"o3qn8s8147o57bp","previousOperationId":"zeqfm3mwwg12c3j"}
{"type":"operationEnd","operationId":"gxxlgku0mwn5rzw","timestamp":1719022254873,"id":"g03h6f2tku36i8f","previousEventId":"rfbaufydugc6u5y","previousOperationId":"gxxlgku0mwn5rzw"}
{"type":"log","timestamp":1719022254873,"level":"debug","message":"pdf-utils postprocess start","meta":{"rootId":"8a7lruk39my7pai","id":"8a7lruk39my7pai"},"id":"923rk00880j5jwh","previousOperationId":"gxxlgku0mwn5rzw"}
{"type":"log","timestamp":1719022254896,"level":"debug","message":"pdf-utils postprocess end","meta":{"rootId":"8a7lruk39my7pai","id":"8a7lruk39my7pai"},"id":"sx8q4atmbbhvwpz","previousOperationId":"gxxlgku0mwn5rzw"}
{"type":"operationEnd","operationId":"1b45divo4jyrp31","timestamp":1719022254896,"id":"4i430qnygiy0vfa","previousEventId":"g03h6f2tku36i8f","previousOperationId":"gxxlgku0mwn5rzw"}
{"type":"log","timestamp":1719022254897,"level":"info","message":"pdf-utils pdf processing was finished","meta":{"rootId":"8a7lruk39my7pai","id":"8a7lruk39my7pai"},"id":"okthpp6iok6rs50","previousOperationId":"1b45divo4jyrp31"}
{"type":"log","timestamp":1719022254897,"level":"debug","message":"Skipping storing report.","meta":{"rootId":"8a7lruk39my7pai","id":"8a7lruk39my7pai"},"id":"chibqdnx0mitozx","previousOperationId":"1b45divo4jyrp31"}
{"type":"log","timestamp":1719022254897,"level":"info","message":"Rendering request 172 finished in 726 ms","meta":{"rootId":"8a7lruk39my7pai","id":"8a7lruk39my7pai"},"id":"hllf1forh9vr3ih","previousOperationId":"1b45divo4jyrp31"}
{"type":"operationEnd","subtype":"render","operationId":"7pqe4v0v358drbx","timestamp":1719022254897,"id":"8p999sgys1dg9cv","previousEventId":"4i430qnygiy0vfa","previousOperationId":"1b45divo4jyrp31"}
{"type":"operationEnd","doDiffs":false,"previousEventId":"tsljj7lk0iv1gk3","previousOperationId":"3d3vfxegx8vwwr2","operationId":"3d3vfxegx8vwwr2","timestamp":1719022254898,"id":"9mrga7ch02h04l9"}
