{"type":"operationStart","subtype":"profile","data":{"_id":"gGcjCnOGX9Rkn7Ut","timestamp":"2024-06-21T21:54:50.844Z","state":"queued","mode":"standard","creationDate":"2024-06-21T21:54:50.847Z","modificationDate":"2024-06-21T21:54:50.847Z","shortid":"oWs_yZ9","$entitySet":"profiles"},"doDiffs":false,"timestamp":1719006890846,"id":"kad51vbip6m4po5","previousOperationId":null,"operationId":"zq67jck5daf6at9"}
{"type":"log","level":"info","message":"Render request 121 queued for execution and waiting for available worker","previousOperationId":"zq67jck5daf6at9","timestamp":1719006890846,"id":"ax42b4cvn8ye6l3"}
{"type":"operationStart","subtype":"render","name":"anonymous","previousOperationId":"zq67jck5daf6at9","timestamp":1719006890854,"id":"w3rcbvhodgub5jd","previousEventId":"kad51vbip6m4po5","operationId":"86q7lzb09h4fuc5"}
{"type":"log","timestamp":1719006890854,"level":"info","message":"Starting rendering request 121","meta":{"rootId":"8h8kefgu1qm2ly6","id":"8h8kefgu1qm2ly6"},"id":"lxswh2hc3ycexf3","previousOperationId":"86q7lzb09h4fuc5"}
{"type":"log","timestamp":1719006890854,"level":"info","message":"Rendering anonymous template { recipe: chrome-pdf, engine: handlebars }","meta":{"rootId":"8h8kefgu1qm2ly6","id":"8h8kefgu1qm2ly6"},"id":"f6bl3b9i6f4orkv","previousOperationId":"86q7lzb09h4fuc5"}
{"type":"log","timestamp":1719006890854,"level":"debug","message":"Inline data specified.","meta":{"rootId":"8h8kefgu1qm2ly6","id":"8h8kefgu1qm2ly6"},"id":"xhoxxbx3748ikil","previousOperationId":"86q7lzb09h4fuc5"}
{"type":"log","timestamp":1719006890860,"level":"debug","message":"Base url not specified, skipping its injection.","meta":{"rootId":"8h8kefgu1qm2ly6","id":"8h8kefgu1qm2ly6"},"id":"z5nxhgo5p599no0","previousOperationId":"86q7lzb09h4fuc5"}
{"type":"operationStart","subtype":"engine","name":"handlebars","timestamp":1719006890860,"id":"jbyvm8q3fflfvlk","previousEventId":"w3rcbvhodgub5jd","operationId":"lbvtcuwnium8ttd","previousOperationId":"86q7lzb09h4fuc5"}
{"type":"log","timestamp":1719006890860,"level":"debug","message":"Rendering engine handlebars","meta":{"rootId":"8h8kefgu1qm2ly6","id":"8h8kefgu1qm2ly6"},"id":"x8c4al40pz7lx4d","previousOperationId":"lbvtcuwnium8ttd"}
{"type":"log","timestamp":1719006890910,"level":"debug","message":"(console:log) Pdf utils adding group field, value: \"France\"","meta":{"userLevel":true,"rootId":"8h8kefgu1qm2ly6","id":"8h8kefgu1qm2ly6"},"id":"yoiss400lr7q8gn","previousOperationId":"lbvtcuwnium8ttd"}
{"type":"log","timestamp":1719006890916,"level":"debug","message":"(console:log) Pdf utils adding group field, value: \"Germany\"","meta":{"userLevel":true,"rootId":"8h8kefgu1qm2ly6","id":"8h8kefgu1qm2ly6"},"id":"wjkquh6h24o6uv5","previousOperationId":"lbvtcuwnium8ttd"}
{"type":"operationEnd","operationId":"lbvtcuwnium8ttd","timestamp":1719006890916,"id":"glu5ksqzlu1v4gb","previousEventId":"jbyvm8q3fflfvlk","previousOperationId":"lbvtcuwnium8ttd"}
{"type":"operationStart","subtype":"recipe","name":"chrome-pdf","timestamp":1719006890916,"id":"va5133dpb14mecn","previousEventId":"glu5ksqzlu1v4gb","operationId":"jtu26wys9k8zchg","previousOperationId":"lbvtcuwnium8ttd"}
{"type":"log","timestamp":1719006890916,"level":"debug","message":"Executing recipe chrome-pdf","meta":{"rootId":"8h8kefgu1qm2ly6","id":"8h8kefgu1qm2ly6"},"id":"i4vxum31xqk8vf7","previousOperationId":"jtu26wys9k8zchg"}
{"type":"log","timestamp":1719006890918,"level":"debug","message":"Starting child request to render pdf header","meta":{"rootId":"8h8kefgu1qm2ly6","id":"8h8kefgu1qm2ly6"},"id":"6046fkimr27xo0b","previousOperationId":"jtu26wys9k8zchg"}
{"type":"operationStart","subtype":"render","name":"anonymous","previousOperationId":"jtu26wys9k8zchg","timestamp":1719006890918,"id":"jv3t2nnyxzu154v","previousEventId":"va5133dpb14mecn","operationId":"iech6h8gasvvxal"}
{"type":"log","timestamp":1719006890918,"level":"info","message":"Starting rendering (child) request","meta":{"rootId":"8h8kefgu1qm2ly6","id":"o0puv8fpbuywg31"},"id":"qhaqa4n31yjwdho","previousOperationId":"iech6h8gasvvxal"}
{"type":"log","timestamp":1719006890918,"level":"info","message":"Rendering anonymous template { recipe: html, engine: handlebars }","meta":{"rootId":"8h8kefgu1qm2ly6","id":"o0puv8fpbuywg31"},"id":"kgew808u0p03p2f","previousOperationId":"iech6h8gasvvxal"}
{"type":"log","timestamp":1719006890918,"level":"debug","message":"Inline data specified.","meta":{"rootId":"8h8kefgu1qm2ly6","id":"o0puv8fpbuywg31"},"id":"xdvh6emmgpmh8cd","previousOperationId":"iech6h8gasvvxal"}
{"type":"log","timestamp":1719006890918,"level":"debug","message":"Base url not specified, skipping its injection.","meta":{"rootId":"8h8kefgu1qm2ly6","id":"o0puv8fpbuywg31"},"id":"o68hpucdvq87oox","previousOperationId":"iech6h8gasvvxal"}
{"type":"operationStart","subtype":"engine","name":"handlebars","timestamp":1719006890918,"id":"8rs6i1r9ykxbfly","previousEventId":"jv3t2nnyxzu154v","operationId":"rbefa9fn6su25de","previousOperationId":"iech6h8gasvvxal"}
{"type":"log","timestamp":1719006890918,"level":"debug","message":"Rendering engine handlebars","meta":{"rootId":"8h8kefgu1qm2ly6","id":"o0puv8fpbuywg31"},"id":"4w5gtyuqi647rv6","previousOperationId":"rbefa9fn6su25de"}
{"type":"operationEnd","operationId":"rbefa9fn6su25de","timestamp":1719006890920,"id":"06t2oe9edhsuec1","previousEventId":"8rs6i1r9ykxbfly","previousOperationId":"rbefa9fn6su25de"}
{"type":"operationStart","subtype":"recipe","name":"html","timestamp":1719006890920,"id":"1rxitbrml6ndxcm","previousEventId":"06t2oe9edhsuec1","operationId":"arpbkp6d1gr15lh","previousOperationId":"rbefa9fn6su25de"}
{"type":"log","timestamp":1719006890920,"level":"debug","message":"Executing recipe html","meta":{"rootId":"8h8kefgu1qm2ly6","id":"o0puv8fpbuywg31"},"id":"wnjkidgzwvooayp","previousOperationId":"arpbkp6d1gr15lh"}
{"type":"operationEnd","operationId":"arpbkp6d1gr15lh","timestamp":1719006890920,"id":"761vrbgldsonav8","previousEventId":"1rxitbrml6ndxcm","previousOperationId":"arpbkp6d1gr15lh"}
{"type":"log","timestamp":1719006890920,"level":"debug","message":"Skipping storing report.","meta":{"rootId":"8h8kefgu1qm2ly6","id":"o0puv8fpbuywg31"},"id":"m6uytyh496xj95m","previousOperationId":"arpbkp6d1gr15lh"}
{"type":"log","timestamp":1719006890920,"level":"info","message":"Rendering (child) request finished in 77 ms","meta":{"rootId":"8h8kefgu1qm2ly6","id":"o0puv8fpbuywg31"},"id":"8x58t0ijc9zta8q","previousOperationId":"arpbkp6d1gr15lh"}
{"type":"operationEnd","subtype":"render","operationId":"iech6h8gasvvxal","timestamp":1719006890920,"id":"xskox294yi7sv7j","previousEventId":"761vrbgldsonav8","previousOperationId":"arpbkp6d1gr15lh"}
{"type":"log","timestamp":1719006890920,"level":"debug","message":"Starting child request to render pdf footer","meta":{"rootId":"8h8kefgu1qm2ly6","id":"8h8kefgu1qm2ly6"},"id":"ix5ax1yaqgufoum","previousOperationId":"jtu26wys9k8zchg"}
{"type":"operationStart","subtype":"render","name":"anonymous","previousOperationId":"jtu26wys9k8zchg","timestamp":1719006890920,"id":"1739w9hqenxdkjt","previousEventId":"va5133dpb14mecn","operationId":"iqr5r5rqb0d6o1o"}
{"type":"log","timestamp":1719006890920,"level":"info","message":"Starting rendering (child) request","meta":{"rootId":"8h8kefgu1qm2ly6","id":"ds9xw72d5ybjtby"},"id":"sb6sfux63uzzv0f","previousOperationId":"iqr5r5rqb0d6o1o"}
{"type":"log","timestamp":1719006890920,"level":"info","message":"Rendering anonymous template { recipe: html, engine: handlebars }","meta":{"rootId":"8h8kefgu1qm2ly6","id":"ds9xw72d5ybjtby"},"id":"ifs15im7tfve8h9","previousOperationId":"iqr5r5rqb0d6o1o"}
{"type":"log","timestamp":1719006890920,"level":"debug","message":"Inline data specified.","meta":{"rootId":"8h8kefgu1qm2ly6","id":"ds9xw72d5ybjtby"},"id":"2k3uayfa355eeab","previousOperationId":"iqr5r5rqb0d6o1o"}
{"type":"log","timestamp":1719006890920,"level":"debug","message":"Base url not specified, skipping its injection.","meta":{"rootId":"8h8kefgu1qm2ly6","id":"ds9xw72d5ybjtby"},"id":"id3315pyvn3g3si","previousOperationId":"iqr5r5rqb0d6o1o"}
{"type":"operationStart","subtype":"engine","name":"handlebars","timestamp":1719006890920,"id":"x6h76wz2qwx71dg","previousEventId":"1739w9hqenxdkjt","operationId":"6h3fq31cz1p2efc","previousOperationId":"iqr5r5rqb0d6o1o"}
{"type":"log","timestamp":1719006890920,"level":"debug","message":"Rendering engine handlebars","meta":{"rootId":"8h8kefgu1qm2ly6","id":"ds9xw72d5ybjtby"},"id":"xmag9xp5591kmrw","previousOperationId":"6h3fq31cz1p2efc"}
{"type":"operationEnd","operationId":"6h3fq31cz1p2efc","timestamp":1719006890922,"id":"i54zze3b5pb1dyu","previousEventId":"x6h76wz2qwx71dg","previousOperationId":"6h3fq31cz1p2efc"}
{"type":"operationStart","subtype":"recipe","name":"html","timestamp":1719006890922,"id":"bjpahmduvbowgxd","previousEventId":"i54zze3b5pb1dyu","operationId":"65ba6hpt97ymigs","previousOperationId":"6h3fq31cz1p2efc"}
{"type":"log","timestamp":1719006890922,"level":"debug","message":"Executing recipe html","meta":{"rootId":"8h8kefgu1qm2ly6","id":"ds9xw72d5ybjtby"},"id":"3f8pigqq84qduht","previousOperationId":"65ba6hpt97ymigs"}
{"type":"operationEnd","operationId":"65ba6hpt97ymigs","timestamp":1719006890922,"id":"raskozg5xn6mazd","previousEventId":"bjpahmduvbowgxd","previousOperationId":"65ba6hpt97ymigs"}
{"type":"log","timestamp":1719006890922,"level":"debug","message":"Skipping storing report.","meta":{"rootId":"8h8kefgu1qm2ly6","id":"ds9xw72d5ybjtby"},"id":"xrlf4ys96c6wacn","previousOperationId":"65ba6hpt97ymigs"}
{"type":"log","timestamp":1719006890922,"level":"info","message":"Rendering (child) request finished in 79 ms","meta":{"rootId":"8h8kefgu1qm2ly6","id":"ds9xw72d5ybjtby"},"id":"nb81hxam7ydqop2","previousOperationId":"65ba6hpt97ymigs"}
{"type":"operationEnd","subtype":"render","operationId":"iqr5r5rqb0d6o1o","timestamp":1719006890922,"id":"w3ghfpmfbek41a9","previousEventId":"raskozg5xn6mazd","previousOperationId":"65ba6hpt97ymigs"}
{"type":"log","timestamp":1719006890931,"level":"debug","message":"Converting with chrome Chrome/126.0.6478.61 using chrome-pool strategy","meta":{"rootId":"8h8kefgu1qm2ly6","id":"8h8kefgu1qm2ly6"},"id":"ba7xsg1cgz28d76","previousOperationId":"jtu26wys9k8zchg"}
{"type":"log","timestamp":1719006891053,"level":"debug","message":"Page request: GET (document) file:///var/folders/2x/1bhfw9mx7d775w_jmf56lcp80000gn/T/jsreport/autocleanup/28bf72fd-0e05-4a09-b69b-379bc087b789-chrome-pdf.html","meta":{"rootId":"8h8kefgu1qm2ly6","id":"8h8kefgu1qm2ly6"},"id":"myxz41rjfbzfpgs","previousOperationId":"jtu26wys9k8zchg"}
{"type":"log","timestamp":1719006891058,"level":"debug","message":"Page request finished: GET (document) 200 file:///var/folders/2x/1bhfw9mx7d775w_jmf56lcp80000gn/T/jsreport/autocleanup/28bf72fd-0e05-4a09-b69b-379bc087b789-chrome-pdf.html","meta":{"rootId":"8h8kefgu1qm2ly6","id":"8h8kefgu1qm2ly6"},"id":"4qhjtzwxhyty69b","previousOperationId":"jtu26wys9k8zchg"}
{"type":"log","timestamp":1719006891058,"level":"debug","message":"Page request: GET (stylesheet) https://cdnjs.cloudflare.com/ajax/libs/metro/4.1.5/css/metro.min.css","meta":{"rootId":"8h8kefgu1qm2ly6","id":"8h8kefgu1qm2ly6"},"id":"gyxbjmlvdhneaze","previousOperationId":"jtu26wys9k8zchg"}
{"type":"log","timestamp":1719006891058,"level":"debug","message":"Page request: GET (script) https://cdnjs.cloudflare.com/ajax/libs/Chart.js/2.7.2/Chart.min.js","meta":{"rootId":"8h8kefgu1qm2ly6","id":"8h8kefgu1qm2ly6"},"id":"dton1nktsm2hoth","previousOperationId":"jtu26wys9k8zchg"}
{"type":"log","timestamp":1719006891066,"level":"debug","message":"Page request finished: GET (stylesheet) 200 https://cdnjs.cloudflare.com/ajax/libs/metro/4.1.5/css/metro.min.css","meta":{"rootId":"8h8kefgu1qm2ly6","id":"8h8kefgu1qm2ly6"},"id":"0mvlebw6jf8rpyt","previousOperationId":"jtu26wys9k8zchg"}
{"type":"log","timestamp":1719006891066,"level":"debug","message":"Page request finished: GET (script) 200 https://cdnjs.cloudflare.com/ajax/libs/Chart.js/2.7.2/Chart.min.js","meta":{"rootId":"8h8kefgu1qm2ly6","id":"8h8kefgu1qm2ly6"},"id":"lkqtyq2sszg0bc3","previousOperationId":"jtu26wys9k8zchg"}
{"type":"log","timestamp":1719006891117,"level":"debug","message":"Running chrome with params {\"displayHeaderFooter\":true,\"headerTemplate\":\"...\",\"footerTemplate\":\"...\",\"marginTop\":\"4cm\",\"marginRight\":\"1.5cm\",\"marginLeft\":\"1.5cm\",\"marginBottom\":\"1.5cm\",\"timeout\":59921,\"margin\":{\"top\":\"4cm\",\"right\":\"1.5cm\",\"bottom\":\"1.5cm\",\"left\":\"1.5cm\"},\"printBackground\":true}","meta":{"rootId":"8h8kefgu1qm2ly6","id":"8h8kefgu1qm2ly6"},"id":"zjmebbkp2z9xln5","previousOperationId":"jtu26wys9k8zchg"}
{"type":"operationEnd","operationId":"jtu26wys9k8zchg","timestamp":1719006891321,"id":"xijytvwqtik7ren","previousEventId":"va5133dpb14mecn","previousOperationId":"jtu26wys9k8zchg"}
{"type":"log","timestamp":1719006891322,"level":"debug","message":"Skipping storing report.","meta":{"rootId":"8h8kefgu1qm2ly6","id":"8h8kefgu1qm2ly6"},"id":"u3hquqttmrzzdzn","previousOperationId":"jtu26wys9k8zchg"}
{"type":"log","timestamp":1719006891322,"level":"info","message":"Rendering request 121 finished in 479 ms","meta":{"rootId":"8h8kefgu1qm2ly6","id":"8h8kefgu1qm2ly6"},"id":"uw5svcd0t70uw4y","previousOperationId":"jtu26wys9k8zchg"}
{"type":"operationEnd","subtype":"render","operationId":"86q7lzb09h4fuc5","timestamp":1719006891322,"id":"y9tvte306p6e483","previousEventId":"xijytvwqtik7ren","previousOperationId":"jtu26wys9k8zchg"}
{"type":"operationEnd","doDiffs":false,"previousEventId":"kad51vbip6m4po5","previousOperationId":"zq67jck5daf6at9","operationId":"zq67jck5daf6at9","timestamp":1719006891323,"id":"fjuj4uf4yvzky8j"}
