{"type":"operationStart","subtype":"profile","data":{"_id":"eYv7FaVnZzqXS8E5","timestamp":"2024-06-21T20:40:10.278Z","state":"queued","mode":"standard","creationDate":"2024-06-21T20:40:10.279Z","modificationDate":"2024-06-21T20:40:10.279Z","shortid":"OmH_fZw","$entitySet":"profiles"},"doDiffs":false,"timestamp":1719002410278,"id":"l4bldvylzhpuoem","previousOperationId":null,"operationId":"s54ruijkleszaaq"}
{"type":"log","level":"info","message":"Render request 90 queued for execution and waiting for available worker","previousOperationId":"s54ruijkleszaaq","timestamp":1719002410279,"id":"lkirhiqhn04gby7"}
{"type":"operationStart","subtype":"render","name":"anonymous","previousOperationId":"s54ruijkleszaaq","timestamp":1719002410285,"id":"ndoin78t883uo5x","previousEventId":"l4bldvylzhpuoem","operationId":"mhlpc3tw1t1mb0t"}
{"type":"log","timestamp":1719002410286,"level":"info","message":"Starting rendering request 90","meta":{"rootId":"8iao4jmdfgkzdlt","id":"8iao4jmdfgkzdlt"},"id":"lhejrqcldnb16af","previousOperationId":"mhlpc3tw1t1mb0t"}
{"type":"log","timestamp":1719002410286,"level":"info","message":"Rendering anonymous template { recipe: chrome-pdf, engine: handlebars }","meta":{"rootId":"8iao4jmdfgkzdlt","id":"8iao4jmdfgkzdlt"},"id":"mzrtqcgsnjbn4zh","previousOperationId":"mhlpc3tw1t1mb0t"}
{"type":"log","timestamp":1719002410286,"level":"debug","message":"Inline data specified.","meta":{"rootId":"8iao4jmdfgkzdlt","id":"8iao4jmdfgkzdlt"},"id":"ytbfkkt3poewph9","previousOperationId":"mhlpc3tw1t1mb0t"}
{"type":"log","timestamp":1719002410286,"level":"debug","message":"Base url not specified, skipping its injection.","meta":{"rootId":"8iao4jmdfgkzdlt","id":"8iao4jmdfgkzdlt"},"id":"ik3vtnb6wqdi329","previousOperationId":"mhlpc3tw1t1mb0t"}
{"type":"operationStart","subtype":"engine","name":"handlebars","timestamp":1719002410287,"id":"cbs9gvviz1g7c1y","previousEventId":"ndoin78t883uo5x","operationId":"fx62x447tdajbi4","previousOperationId":"mhlpc3tw1t1mb0t"}
{"type":"log","timestamp":1719002410287,"level":"debug","message":"Rendering engine handlebars","meta":{"rootId":"8iao4jmdfgkzdlt","id":"8iao4jmdfgkzdlt"},"id":"gab6fkqz93667z5","previousOperationId":"fx62x447tdajbi4"}
{"type":"operationEnd","operationId":"fx62x447tdajbi4","timestamp":1719002410292,"id":"ndc24j48otyyj9d","previousEventId":"cbs9gvviz1g7c1y","previousOperationId":"fx62x447tdajbi4"}
{"type":"operationStart","subtype":"recipe","name":"chrome-pdf","timestamp":1719002410292,"id":"06dkypc94iy0mfp","previousEventId":"ndc24j48otyyj9d","operationId":"hwta34m7jbbllk3","previousOperationId":"fx62x447tdajbi4"}
{"type":"log","timestamp":1719002410292,"level":"debug","message":"Executing recipe chrome-pdf","meta":{"rootId":"8iao4jmdfgkzdlt","id":"8iao4jmdfgkzdlt"},"id":"sn4fesu380owcau","previousOperationId":"hwta34m7jbbllk3"}
{"type":"log","timestamp":1719002410295,"level":"debug","message":"Converting with chrome Chrome/126.0.6478.61 using chrome-pool strategy","meta":{"rootId":"8iao4jmdfgkzdlt","id":"8iao4jmdfgkzdlt"},"id":"xzdypuhicmbe765","previousOperationId":"hwta34m7jbbllk3"}
{"type":"log","timestamp":1719002410357,"level":"debug","message":"Page request: GET (document) file:///var/folders/2x/1bhfw9mx7d775w_jmf56lcp80000gn/T/jsreport/autocleanup/5e181968-7315-4e3c-af5a-00cf8b6fd895-chrome-pdf.html","meta":{"rootId":"8iao4jmdfgkzdlt","id":"8iao4jmdfgkzdlt"},"id":"s8qpdntfgrd3v2a","previousOperationId":"hwta34m7jbbllk3"}
{"type":"log","timestamp":1719002410362,"level":"debug","message":"Page request finished: GET (document) 200 file:///var/folders/2x/1bhfw9mx7d775w_jmf56lcp80000gn/T/jsreport/autocleanup/5e181968-7315-4e3c-af5a-00cf8b6fd895-chrome-pdf.html","meta":{"rootId":"8iao4jmdfgkzdlt","id":"8iao4jmdfgkzdlt"},"id":"iwxi417htzhl943","previousOperationId":"hwta34m7jbbllk3"}
{"type":"log","timestamp":1719002410363,"level":"debug","message":"Page request: GET (stylesheet) https://cdnjs.cloudflare.com/ajax/libs/metro/4.1.5/css/metro.min.css","meta":{"rootId":"8iao4jmdfgkzdlt","id":"8iao4jmdfgkzdlt"},"id":"94b4avcz6y9tu3x","previousOperationId":"hwta34m7jbbllk3"}
{"type":"log","timestamp":1719002410363,"level":"debug","message":"Page request: GET (script) https://cdnjs.cloudflare.com/ajax/libs/Chart.js/2.7.2/Chart.min.js","meta":{"rootId":"8iao4jmdfgkzdlt","id":"8iao4jmdfgkzdlt"},"id":"mccjmre5n1661km","previousOperationId":"hwta34m7jbbllk3"}
{"type":"log","timestamp":1719002410372,"level":"debug","message":"Page request finished: GET (stylesheet) 200 https://cdnjs.cloudflare.com/ajax/libs/metro/4.1.5/css/metro.min.css","meta":{"rootId":"8iao4jmdfgkzdlt","id":"8iao4jmdfgkzdlt"},"id":"9x12ypetfrxl3v8","previousOperationId":"hwta34m7jbbllk3"}
{"type":"log","timestamp":1719002410372,"level":"debug","message":"Page request finished: GET (script) 200 https://cdnjs.cloudflare.com/ajax/libs/Chart.js/2.7.2/Chart.min.js","meta":{"rootId":"8iao4jmdfgkzdlt","id":"8iao4jmdfgkzdlt"},"id":"vec5g3rvf661ecv","previousOperationId":"hwta34m7jbbllk3"}
{"type":"log","timestamp":1719002410433,"level":"debug","message":"Running chrome with params {\"timeout\":59984,\"margin\":{},\"printBackground\":true}","meta":{"rootId":"8iao4jmdfgkzdlt","id":"8iao4jmdfgkzdlt"},"id":"484xxlkyl5wkgqd","previousOperationId":"hwta34m7jbbllk3"}
{"type":"operationEnd","operationId":"hwta34m7jbbllk3","timestamp":1719002410590,"id":"7w960b6b0tfazck","previousEventId":"06dkypc94iy0mfp","previousOperationId":"hwta34m7jbbllk3"}
{"type":"log","timestamp":1719002410590,"level":"debug","message":"Skipping storing report.","meta":{"rootId":"8iao4jmdfgkzdlt","id":"8iao4jmdfgkzdlt"},"id":"fnamw4ecmccfs53","previousOperationId":"hwta34m7jbbllk3"}
{"type":"log","timestamp":1719002410590,"level":"info","message":"Rendering request 90 finished in 313 ms","meta":{"rootId":"8iao4jmdfgkzdlt","id":"8iao4jmdfgkzdlt"},"id":"oh62fjv2g2cbxxa","previousOperationId":"hwta34m7jbbllk3"}
{"type":"operationEnd","subtype":"render","operationId":"mhlpc3tw1t1mb0t","timestamp":1719002410590,"id":"phm0n5nvog44hvo","previousEventId":"7w960b6b0tfazck","previousOperationId":"hwta34m7jbbllk3"}
{"type":"operationEnd","doDiffs":false,"previousEventId":"l4bldvylzhpuoem","previousOperationId":"s54ruijkleszaaq","operationId":"s54ruijkleszaaq","timestamp":1719002410590,"id":"bwgcfji9mnz61mj"}
