{"type":"operationStart","subtype":"profile","data":{"_id":"JDRmhCa51fH6Sn0s","timestamp":"2024-06-21T21:47:26.804Z","state":"queued","mode":"standard","creationDate":"2024-06-21T21:47:26.807Z","modificationDate":"2024-06-21T21:47:26.807Z","shortid":"BBFQu-O","$entitySet":"profiles"},"doDiffs":false,"timestamp":1719006446805,"id":"x2jypxdhw7po6at","previousOperationId":null,"operationId":"xqebyto99mmezcd"}
{"type":"log","level":"info","message":"Render request 112 queued for execution and waiting for available worker","previousOperationId":"xqebyto99mmezcd","timestamp":1719006446805,"id":"1sivbcmkk841kiu"}
{"type":"operationStart","subtype":"render","name":"anonymous","previousOperationId":"xqebyto99mmezcd","timestamp":1719006446825,"id":"4lzmq4mj05ry5l9","previousEventId":"x2jypxdhw7po6at","operationId":"kskhw81liwsqzrj"}
{"type":"log","timestamp":1719006446826,"level":"info","message":"Starting rendering request 112","meta":{"rootId":"96b615da4hiszd9","id":"96b615da4hiszd9"},"id":"b416r4fbw9was1g","previousOperationId":"kskhw81liwsqzrj"}
{"type":"log","timestamp":1719006446828,"level":"info","message":"Rendering anonymous template { recipe: chrome-pdf, engine: handlebars }","meta":{"rootId":"96b615da4hiszd9","id":"96b615da4hiszd9"},"id":"b3qjvdheakkig25","previousOperationId":"kskhw81liwsqzrj"}
{"type":"log","timestamp":1719006446828,"level":"debug","message":"Inline data specified.","meta":{"rootId":"96b615da4hiszd9","id":"96b615da4hiszd9"},"id":"gkysk86s54eztbj","previousOperationId":"kskhw81liwsqzrj"}
{"type":"log","timestamp":1719006446830,"level":"debug","message":"Base url not specified, skipping its injection.","meta":{"rootId":"96b615da4hiszd9","id":"96b615da4hiszd9"},"id":"uu28fzauj98fbe3","previousOperationId":"kskhw81liwsqzrj"}
{"type":"operationStart","subtype":"engine","name":"handlebars","timestamp":1719006446832,"id":"rrgbgucx7eeqmf3","previousEventId":"4lzmq4mj05ry5l9","operationId":"9o3vsducdibt436","previousOperationId":"kskhw81liwsqzrj"}
{"type":"log","timestamp":1719006446832,"level":"debug","message":"Rendering engine handlebars","meta":{"rootId":"96b615da4hiszd9","id":"96b615da4hiszd9"},"id":"2rp5cdhfh5kqpqd","previousOperationId":"9o3vsducdibt436"}
{"type":"log","timestamp":1719006446909,"level":"debug","message":"(console:log) Pdf utils adding group field, value: \"France\"","meta":{"userLevel":true,"rootId":"96b615da4hiszd9","id":"96b615da4hiszd9"},"id":"stepsht4qecpite","previousOperationId":"9o3vsducdibt436"}
{"type":"log","timestamp":1719006446915,"level":"debug","message":"(console:log) Pdf utils adding group field, value: \"Germany\"","meta":{"userLevel":true,"rootId":"96b615da4hiszd9","id":"96b615da4hiszd9"},"id":"7jlrjvf85spsscb","previousOperationId":"9o3vsducdibt436"}
{"type":"operationEnd","operationId":"9o3vsducdibt436","timestamp":1719006446916,"id":"4njnbo9otosuk4r","previousEventId":"rrgbgucx7eeqmf3","previousOperationId":"9o3vsducdibt436"}
{"type":"operationStart","subtype":"recipe","name":"chrome-pdf","timestamp":1719006446917,"id":"mhcxz0modt0w1xp","previousEventId":"4njnbo9otosuk4r","operationId":"jm8vlgxekw6q5bn","previousOperationId":"9o3vsducdibt436"}
{"type":"log","timestamp":1719006446917,"level":"debug","message":"Executing recipe chrome-pdf","meta":{"rootId":"96b615da4hiszd9","id":"96b615da4hiszd9"},"id":"dhr5wrtto4fhpqh","previousOperationId":"jm8vlgxekw6q5bn"}
{"type":"log","timestamp":1719006446919,"level":"debug","message":"Starting child request to render pdf header","meta":{"rootId":"96b615da4hiszd9","id":"96b615da4hiszd9"},"id":"wj52a2dmqnamjfr","previousOperationId":"jm8vlgxekw6q5bn"}
{"type":"operationStart","subtype":"render","name":"anonymous","previousOperationId":"jm8vlgxekw6q5bn","timestamp":1719006446920,"id":"j4vhdr3lpmkcpzb","previousEventId":"mhcxz0modt0w1xp","operationId":"ha87cazcladyx4d"}
{"type":"log","timestamp":1719006446920,"level":"info","message":"Starting rendering (child) request","meta":{"rootId":"96b615da4hiszd9","id":"8zuqrh0ps08p8wo"},"id":"s81yq4f22f6reir","previousOperationId":"ha87cazcladyx4d"}
{"type":"log","timestamp":1719006446920,"level":"info","message":"Rendering anonymous template { recipe: html, engine: handlebars }","meta":{"rootId":"96b615da4hiszd9","id":"8zuqrh0ps08p8wo"},"id":"qepvfm4yd0fgkt4","previousOperationId":"ha87cazcladyx4d"}
{"type":"log","timestamp":1719006446920,"level":"debug","message":"Inline data specified.","meta":{"rootId":"96b615da4hiszd9","id":"8zuqrh0ps08p8wo"},"id":"6uz30ktu1nr80fm","previousOperationId":"ha87cazcladyx4d"}
{"type":"log","timestamp":1719006446921,"level":"debug","message":"Base url not specified, skipping its injection.","meta":{"rootId":"96b615da4hiszd9","id":"8zuqrh0ps08p8wo"},"id":"pvamt3ien5cvsiu","previousOperationId":"ha87cazcladyx4d"}
{"type":"operationStart","subtype":"engine","name":"handlebars","timestamp":1719006446921,"id":"d9hnknizzlzj0os","previousEventId":"j4vhdr3lpmkcpzb","operationId":"w8ajwc3ikdi7eru","previousOperationId":"ha87cazcladyx4d"}
{"type":"log","timestamp":1719006446921,"level":"debug","message":"Rendering engine handlebars","meta":{"rootId":"96b615da4hiszd9","id":"8zuqrh0ps08p8wo"},"id":"s9eoe08mcaqea1s","previousOperationId":"w8ajwc3ikdi7eru"}
{"type":"operationEnd","operationId":"w8ajwc3ikdi7eru","timestamp":1719006446927,"id":"e29bjrdko7sz7zt","previousEventId":"d9hnknizzlzj0os","previousOperationId":"w8ajwc3ikdi7eru"}
{"type":"operationStart","subtype":"recipe","name":"html","timestamp":1719006446927,"id":"aaxzfel9942c6v7","previousEventId":"e29bjrdko7sz7zt","operationId":"a7i8cix1qwxd0xl","previousOperationId":"w8ajwc3ikdi7eru"}
{"type":"log","timestamp":1719006446927,"level":"debug","message":"Executing recipe html","meta":{"rootId":"96b615da4hiszd9","id":"8zuqrh0ps08p8wo"},"id":"8otnc7201beei95","previousOperationId":"a7i8cix1qwxd0xl"}
{"type":"operationEnd","operationId":"a7i8cix1qwxd0xl","timestamp":1719006446927,"id":"2q2r35dnqln4ak3","previousEventId":"aaxzfel9942c6v7","previousOperationId":"a7i8cix1qwxd0xl"}
{"type":"log","timestamp":1719006446927,"level":"debug","message":"Skipping storing report.","meta":{"rootId":"96b615da4hiszd9","id":"8zuqrh0ps08p8wo"},"id":"jif0xrckro60l8f","previousOperationId":"a7i8cix1qwxd0xl"}
{"type":"log","timestamp":1719006446927,"level":"info","message":"Rendering (child) request finished in 130 ms","meta":{"rootId":"96b615da4hiszd9","id":"8zuqrh0ps08p8wo"},"id":"cudu1pftdvav1y5","previousOperationId":"a7i8cix1qwxd0xl"}
{"type":"operationEnd","subtype":"render","operationId":"ha87cazcladyx4d","timestamp":1719006446927,"id":"t9tlykv6wb6fl23","previousEventId":"2q2r35dnqln4ak3","previousOperationId":"a7i8cix1qwxd0xl"}
{"type":"log","timestamp":1719006446927,"level":"debug","message":"Starting child request to render pdf footer","meta":{"rootId":"96b615da4hiszd9","id":"96b615da4hiszd9"},"id":"2nlyyolsast037f","previousOperationId":"jm8vlgxekw6q5bn"}
{"type":"operationStart","subtype":"render","name":"anonymous","previousOperationId":"jm8vlgxekw6q5bn","timestamp":1719006446927,"id":"fgs46yi681zrbkt","previousEventId":"mhcxz0modt0w1xp","operationId":"y3s7vubjyzylnq1"}
{"type":"log","timestamp":1719006446927,"level":"info","message":"Starting rendering (child) request","meta":{"rootId":"96b615da4hiszd9","id":"urgs7yzm9aipuzw"},"id":"s6f0avc0t66wxwh","previousOperationId":"y3s7vubjyzylnq1"}
{"type":"log","timestamp":1719006446927,"level":"info","message":"Rendering anonymous template { recipe: html, engine: handlebars }","meta":{"rootId":"96b615da4hiszd9","id":"urgs7yzm9aipuzw"},"id":"5rbraahazd6w7pg","previousOperationId":"y3s7vubjyzylnq1"}
{"type":"log","timestamp":1719006446927,"level":"debug","message":"Inline data specified.","meta":{"rootId":"96b615da4hiszd9","id":"urgs7yzm9aipuzw"},"id":"brs78pyi4vj64ui","previousOperationId":"y3s7vubjyzylnq1"}
{"type":"log","timestamp":1719006446928,"level":"debug","message":"Base url not specified, skipping its injection.","meta":{"rootId":"96b615da4hiszd9","id":"urgs7yzm9aipuzw"},"id":"d5qzkv43fca9fzm","previousOperationId":"y3s7vubjyzylnq1"}
{"type":"operationStart","subtype":"engine","name":"handlebars","timestamp":1719006446928,"id":"2ew0nlhet5nftnq","previousEventId":"fgs46yi681zrbkt","operationId":"6uq0l9wxk53i6us","previousOperationId":"y3s7vubjyzylnq1"}
{"type":"log","timestamp":1719006446928,"level":"debug","message":"Rendering engine handlebars","meta":{"rootId":"96b615da4hiszd9","id":"urgs7yzm9aipuzw"},"id":"tlig24p6623qu3x","previousOperationId":"6uq0l9wxk53i6us"}
{"type":"operationEnd","operationId":"6uq0l9wxk53i6us","timestamp":1719006446931,"id":"mzauv5oxyx7fwvg","previousEventId":"2ew0nlhet5nftnq","previousOperationId":"6uq0l9wxk53i6us"}
{"type":"operationStart","subtype":"recipe","name":"html","timestamp":1719006446931,"id":"f4fprzed2lob8iq","previousEventId":"mzauv5oxyx7fwvg","operationId":"kdt78xlpfaq0n5v","previousOperationId":"6uq0l9wxk53i6us"}
{"type":"log","timestamp":1719006446931,"level":"debug","message":"Executing recipe html","meta":{"rootId":"96b615da4hiszd9","id":"urgs7yzm9aipuzw"},"id":"9h3as0up5osj1el","previousOperationId":"kdt78xlpfaq0n5v"}
{"type":"operationEnd","operationId":"kdt78xlpfaq0n5v","timestamp":1719006446931,"id":"jlcear76vknoqb2","previousEventId":"f4fprzed2lob8iq","previousOperationId":"kdt78xlpfaq0n5v"}
{"type":"log","timestamp":1719006446931,"level":"debug","message":"Skipping storing report.","meta":{"rootId":"96b615da4hiszd9","id":"urgs7yzm9aipuzw"},"id":"y17rsyk7pcnhlvk","previousOperationId":"kdt78xlpfaq0n5v"}
{"type":"log","timestamp":1719006446931,"level":"info","message":"Rendering (child) request finished in 134 ms","meta":{"rootId":"96b615da4hiszd9","id":"urgs7yzm9aipuzw"},"id":"7a8a6m5d9bhdnlq","previousOperationId":"kdt78xlpfaq0n5v"}
{"type":"operationEnd","subtype":"render","operationId":"y3s7vubjyzylnq1","timestamp":1719006446931,"id":"pp7ehdg9jmx8jln","previousEventId":"jlcear76vknoqb2","previousOperationId":"kdt78xlpfaq0n5v"}
{"type":"log","timestamp":1719006446947,"level":"debug","message":"Converting with chrome Chrome/126.0.6478.61 using chrome-pool strategy","meta":{"rootId":"96b615da4hiszd9","id":"96b615da4hiszd9"},"id":"a21ruxvfupqz9m5","previousOperationId":"jm8vlgxekw6q5bn"}
{"type":"log","timestamp":1719006447429,"level":"debug","message":"Page request: GET (document) file:///var/folders/2x/1bhfw9mx7d775w_jmf56lcp80000gn/T/jsreport/autocleanup/fd5227c6-9d7d-4c75-8cab-d8da53c3dcff-chrome-pdf.html","meta":{"rootId":"96b615da4hiszd9","id":"96b615da4hiszd9"},"id":"dfd7vkmyxfucwhw","previousOperationId":"jm8vlgxekw6q5bn"}
{"type":"log","timestamp":1719006447453,"level":"debug","message":"Page request finished: GET (document) 200 file:///var/folders/2x/1bhfw9mx7d775w_jmf56lcp80000gn/T/jsreport/autocleanup/fd5227c6-9d7d-4c75-8cab-d8da53c3dcff-chrome-pdf.html","meta":{"rootId":"96b615da4hiszd9","id":"96b615da4hiszd9"},"id":"vvbu8l3wjabmz21","previousOperationId":"jm8vlgxekw6q5bn"}
{"type":"log","timestamp":1719006447458,"level":"debug","message":"Page request: GET (stylesheet) https://cdnjs.cloudflare.com/ajax/libs/metro/4.1.5/css/metro.min.css","meta":{"rootId":"96b615da4hiszd9","id":"96b615da4hiszd9"},"id":"s7e6u4oi0bgdz53","previousOperationId":"jm8vlgxekw6q5bn"}
{"type":"log","timestamp":1719006447458,"level":"debug","message":"Page request: GET (script) https://cdnjs.cloudflare.com/ajax/libs/Chart.js/2.7.2/Chart.min.js","meta":{"rootId":"96b615da4hiszd9","id":"96b615da4hiszd9"},"id":"tw5whton6p9amok","previousOperationId":"jm8vlgxekw6q5bn"}
{"type":"log","timestamp":1719006447472,"level":"debug","message":"Page request finished: GET (stylesheet) 200 https://cdnjs.cloudflare.com/ajax/libs/metro/4.1.5/css/metro.min.css","meta":{"rootId":"96b615da4hiszd9","id":"96b615da4hiszd9"},"id":"rxdu9sun3txdu07","previousOperationId":"jm8vlgxekw6q5bn"}
{"type":"log","timestamp":1719006447472,"level":"debug","message":"Page request finished: GET (script) 200 https://cdnjs.cloudflare.com/ajax/libs/Chart.js/2.7.2/Chart.min.js","meta":{"rootId":"96b615da4hiszd9","id":"96b615da4hiszd9"},"id":"42rvbd6jywmqocn","previousOperationId":"jm8vlgxekw6q5bn"}
{"type":"log","timestamp":1719006447573,"level":"debug","message":"Running chrome with params {\"displayHeaderFooter\":true,\"headerTemplate\":\"...\",\"footerTemplate\":\"...\",\"marginTop\":\"4cm\",\"marginRight\":\"1.5cm\",\"marginLeft\":\"1.5cm\",\"marginBottom\":\"1.5cm\",\"timeout\":59866,\"margin\":{\"top\":\"4cm\",\"right\":\"1.5cm\",\"bottom\":\"1.5cm\",\"left\":\"1.5cm\"},\"printBackground\":true}","meta":{"rootId":"96b615da4hiszd9","id":"96b615da4hiszd9"},"id":"bvqlgczwbs2sakk","previousOperationId":"jm8vlgxekw6q5bn"}
{"type":"operationEnd","operationId":"jm8vlgxekw6q5bn","timestamp":1719006447872,"id":"kbi9q1uo36atym1","previousEventId":"mhcxz0modt0w1xp","previousOperationId":"jm8vlgxekw6q5bn"}
{"type":"log","timestamp":1719006447872,"level":"debug","message":"Skipping storing report.","meta":{"rootId":"96b615da4hiszd9","id":"96b615da4hiszd9"},"id":"422m4p5apc8gtib","previousOperationId":"jm8vlgxekw6q5bn"}
{"type":"log","timestamp":1719006447872,"level":"info","message":"Rendering request 112 finished in 1075 ms","meta":{"rootId":"96b615da4hiszd9","id":"96b615da4hiszd9"},"id":"eiwjvfqtvvok8ad","previousOperationId":"jm8vlgxekw6q5bn"}
{"type":"operationEnd","subtype":"render","operationId":"kskhw81liwsqzrj","timestamp":1719006447872,"id":"g5zh0q55h2ldrqp","previousEventId":"kbi9q1uo36atym1","previousOperationId":"jm8vlgxekw6q5bn"}
{"type":"operationEnd","doDiffs":false,"previousEventId":"x2jypxdhw7po6at","previousOperationId":"xqebyto99mmezcd","operationId":"xqebyto99mmezcd","timestamp":1719006447873,"id":"mygupepc5b1uxtu"}
