{"type":"operationStart","subtype":"profile","data":{"_id":"VT1hg6q37gBenHU1","timestamp":"2024-06-21T20:51:13.045Z","state":"queued","mode":"standard","creationDate":"2024-06-21T20:51:13.048Z","modificationDate":"2024-06-21T20:51:13.048Z","shortid":"b_YaTjq","$entitySet":"profiles"},"doDiffs":false,"timestamp":1719003073046,"id":"lobs3zk21l94fvo","previousOperationId":null,"operationId":"nuk11tp3pn9503i"}
{"type":"log","level":"info","message":"Render request 92 queued for execution and waiting for available worker","previousOperationId":"nuk11tp3pn9503i","timestamp":1719003073046,"id":"p2suujsi7hf1t5w"}
{"type":"operationStart","subtype":"render","name":"anonymous","previousOperationId":"nuk11tp3pn9503i","timestamp":1719003073061,"id":"yxfa3bkaggpus0u","previousEventId":"lobs3zk21l94fvo","operationId":"fvqj372jd0u643s"}
{"type":"log","timestamp":1719003073061,"level":"info","message":"Starting rendering request 92","meta":{"rootId":"98q7mywhvzif0x6","id":"98q7mywhvzif0x6"},"id":"xoijs6msrkgug9s","previousOperationId":"fvqj372jd0u643s"}
{"type":"log","timestamp":1719003073062,"level":"info","message":"Rendering anonymous template { recipe: chrome-pdf, engine: handlebars }","meta":{"rootId":"98q7mywhvzif0x6","id":"98q7mywhvzif0x6"},"id":"3igum8mh6laibnk","previousOperationId":"fvqj372jd0u643s"}
{"type":"log","timestamp":1719003073062,"level":"debug","message":"Inline data specified.","meta":{"rootId":"98q7mywhvzif0x6","id":"98q7mywhvzif0x6"},"id":"6uudet4of80kzhk","previousOperationId":"fvqj372jd0u643s"}
{"type":"log","timestamp":1719003073063,"level":"debug","message":"Base url not specified, skipping its injection.","meta":{"rootId":"98q7mywhvzif0x6","id":"98q7mywhvzif0x6"},"id":"qaohgx0dlrjnonq","previousOperationId":"fvqj372jd0u643s"}
{"type":"operationStart","subtype":"engine","name":"handlebars","timestamp":1719003073063,"id":"3r36bry0pmnbcb4","previousEventId":"yxfa3bkaggpus0u","operationId":"j59bx5jja0q3t8t","previousOperationId":"fvqj372jd0u643s"}
{"type":"log","timestamp":1719003073063,"level":"debug","message":"Rendering engine handlebars","meta":{"rootId":"98q7mywhvzif0x6","id":"98q7mywhvzif0x6"},"id":"43avi10bet4fo2t","previousOperationId":"j59bx5jja0q3t8t"}
{"type":"operationEnd","operationId":"j59bx5jja0q3t8t","timestamp":1719003073097,"id":"dcbah63xmsdn5h4","previousEventId":"3r36bry0pmnbcb4","previousOperationId":"j59bx5jja0q3t8t"}
{"type":"operationStart","subtype":"recipe","name":"chrome-pdf","timestamp":1719003073098,"id":"oq1zob2s47vee91","previousEventId":"dcbah63xmsdn5h4","operationId":"1nloliewhau2rrp","previousOperationId":"j59bx5jja0q3t8t"}
{"type":"log","timestamp":1719003073098,"level":"debug","message":"Executing recipe chrome-pdf","meta":{"rootId":"98q7mywhvzif0x6","id":"98q7mywhvzif0x6"},"id":"mjao8lxm1jplsjz","previousOperationId":"1nloliewhau2rrp"}
{"type":"log","timestamp":1719003073116,"level":"debug","message":"Converting with chrome Chrome/126.0.6478.61 using chrome-pool strategy","meta":{"rootId":"98q7mywhvzif0x6","id":"98q7mywhvzif0x6"},"id":"7714g1gcl1xhqag","previousOperationId":"1nloliewhau2rrp"}
{"type":"log","timestamp":1719003073480,"level":"debug","message":"Page request: GET (document) file:///var/folders/2x/1bhfw9mx7d775w_jmf56lcp80000gn/T/jsreport/autocleanup/749cc39a-ebcf-4eff-beb5-c16372e31620-chrome-pdf.html","meta":{"rootId":"98q7mywhvzif0x6","id":"98q7mywhvzif0x6"},"id":"2nqxim3lkw2jg5e","previousOperationId":"1nloliewhau2rrp"}
{"type":"log","timestamp":1719003073507,"level":"debug","message":"Page request: GET (stylesheet) https://cdnjs.cloudflare.com/ajax/libs/metro/4.1.5/css/metro.min.css","meta":{"rootId":"98q7mywhvzif0x6","id":"98q7mywhvzif0x6"},"id":"jee3yhb5z4n89gm","previousOperationId":"1nloliewhau2rrp"}
{"type":"log","timestamp":1719003073507,"level":"debug","message":"Page request: GET (script) https://cdnjs.cloudflare.com/ajax/libs/Chart.js/2.7.2/Chart.min.js","meta":{"rootId":"98q7mywhvzif0x6","id":"98q7mywhvzif0x6"},"id":"5nrob6k2cvj58s5","previousOperationId":"1nloliewhau2rrp"}
{"type":"log","timestamp":1719003073511,"level":"debug","message":"Page request finished: GET (document) 200 file:///var/folders/2x/1bhfw9mx7d775w_jmf56lcp80000gn/T/jsreport/autocleanup/749cc39a-ebcf-4eff-beb5-c16372e31620-chrome-pdf.html","meta":{"rootId":"98q7mywhvzif0x6","id":"98q7mywhvzif0x6"},"id":"cq93cjb20sa00mi","previousOperationId":"1nloliewhau2rrp"}
{"type":"log","timestamp":1719003073521,"level":"debug","message":"Page request finished: GET (stylesheet) 200 https://cdnjs.cloudflare.com/ajax/libs/metro/4.1.5/css/metro.min.css","meta":{"rootId":"98q7mywhvzif0x6","id":"98q7mywhvzif0x6"},"id":"6gdkg9eh08v46cz","previousOperationId":"1nloliewhau2rrp"}
{"type":"log","timestamp":1719003073521,"level":"debug","message":"Page request finished: GET (script) 200 https://cdnjs.cloudflare.com/ajax/libs/Chart.js/2.7.2/Chart.min.js","meta":{"rootId":"98q7mywhvzif0x6","id":"98q7mywhvzif0x6"},"id":"vaikrkpnxmf9ss8","previousOperationId":"1nloliewhau2rrp"}
{"type":"log","timestamp":1719003073593,"level":"debug","message":"Running chrome with params {\"timeout\":59939,\"margin\":{},\"printBackground\":true}","meta":{"rootId":"98q7mywhvzif0x6","id":"98q7mywhvzif0x6"},"id":"1xtocvz69bfsu6i","previousOperationId":"1nloliewhau2rrp"}
{"type":"operationEnd","operationId":"1nloliewhau2rrp","timestamp":1719003074437,"id":"tr8jaoertige55r","previousEventId":"oq1zob2s47vee91","previousOperationId":"1nloliewhau2rrp"}
{"type":"log","timestamp":1719003074437,"level":"debug","message":"Skipping storing report.","meta":{"rootId":"98q7mywhvzif0x6","id":"98q7mywhvzif0x6"},"id":"5nmk83ttx82d6ke","previousOperationId":"1nloliewhau2rrp"}
{"type":"log","timestamp":1719003074437,"level":"info","message":"Rendering request 92 finished in 1398 ms","meta":{"rootId":"98q7mywhvzif0x6","id":"98q7mywhvzif0x6"},"id":"9pmy7ancua30ray","previousOperationId":"1nloliewhau2rrp"}
{"type":"operationEnd","subtype":"render","operationId":"fvqj372jd0u643s","timestamp":1719003074437,"id":"6onbnmkigxtp3dq","previousEventId":"tr8jaoertige55r","previousOperationId":"1nloliewhau2rrp"}
{"type":"operationEnd","doDiffs":false,"previousEventId":"lobs3zk21l94fvo","previousOperationId":"nuk11tp3pn9503i","operationId":"nuk11tp3pn9503i","timestamp":1719003074437,"id":"9ajjgntul3rp46o"}
