{"type":"operationStart","subtype":"profile","data":{"_id":"Ni6h83YYdh8XybRi","timestamp":"2024-06-21T22:02:31.644Z","state":"queued","mode":"standard","creationDate":"2024-06-21T22:02:31.649Z","modificationDate":"2024-06-21T22:02:31.649Z","shortid":"ostyc0j","$entitySet":"profiles"},"doDiffs":false,"timestamp":1719007351649,"id":"uj1hjfynqi7zy8i","previousOperationId":null,"operationId":"uuxs7rq0khhojxg"}
{"type":"log","level":"info","message":"Render request 128 queued for execution and waiting for available worker","previousOperationId":"uuxs7rq0khhojxg","timestamp":1719007351649,"id":"ollcdjp0sqxhoom"}
{"type":"operationStart","subtype":"render","name":"anonymous","previousOperationId":"uuxs7rq0khhojxg","timestamp":1719007351655,"id":"ref3faflzn2e9ov","previousEventId":"uj1hjfynqi7zy8i","operationId":"lgkn1bjnhdkhl0x"}
{"type":"log","timestamp":1719007351655,"level":"info","message":"Starting rendering request 128","meta":{"rootId":"9de88rttatfzu3c","id":"9de88rttatfzu3c"},"id":"9boq71q29xd6cj1","previousOperationId":"lgkn1bjnhdkhl0x"}
{"type":"log","timestamp":1719007351655,"level":"info","message":"Rendering anonymous template { recipe: chrome-pdf, engine: handlebars }","meta":{"rootId":"9de88rttatfzu3c","id":"9de88rttatfzu3c"},"id":"8cy21ruaingi9bk","previousOperationId":"lgkn1bjnhdkhl0x"}
{"type":"log","timestamp":1719007351655,"level":"debug","message":"Inline data specified.","meta":{"rootId":"9de88rttatfzu3c","id":"9de88rttatfzu3c"},"id":"h19g5v4onqr5ux0","previousOperationId":"lgkn1bjnhdkhl0x"}
{"type":"log","timestamp":1719007351656,"level":"debug","message":"Base url not specified, skipping its injection.","meta":{"rootId":"9de88rttatfzu3c","id":"9de88rttatfzu3c"},"id":"9n4t2ojfmslzgmq","previousOperationId":"lgkn1bjnhdkhl0x"}
{"type":"operationStart","subtype":"engine","name":"handlebars","timestamp":1719007351656,"id":"tzdj7yyiqit3zqi","previousEventId":"ref3faflzn2e9ov","operationId":"042jf8pqe1wc2i7","previousOperationId":"lgkn1bjnhdkhl0x"}
{"type":"log","timestamp":1719007351656,"level":"debug","message":"Rendering engine handlebars","meta":{"rootId":"9de88rttatfzu3c","id":"9de88rttatfzu3c"},"id":"3wh888x4mgcg1bd","previousOperationId":"042jf8pqe1wc2i7"}
{"type":"log","timestamp":1719007351668,"level":"debug","message":"(console:log) Pdf utils adding group field, value: \"France\"","meta":{"userLevel":true,"rootId":"9de88rttatfzu3c","id":"9de88rttatfzu3c"},"id":"4akh5itdbgfhy3j","previousOperationId":"042jf8pqe1wc2i7"}
{"type":"log","timestamp":1719007351668,"level":"debug","message":"(console:log) Pdf utils adding group field, value: \"Germany\"","meta":{"userLevel":true,"rootId":"9de88rttatfzu3c","id":"9de88rttatfzu3c"},"id":"dwew8zkidbu742t","previousOperationId":"042jf8pqe1wc2i7"}
{"type":"operationEnd","operationId":"042jf8pqe1wc2i7","timestamp":1719007351668,"id":"rtj3r8jsibzgmay","previousEventId":"tzdj7yyiqit3zqi","previousOperationId":"042jf8pqe1wc2i7"}
{"type":"operationStart","subtype":"recipe","name":"chrome-pdf","timestamp":1719007351669,"id":"pnmtgl4t6mtcj0p","previousEventId":"rtj3r8jsibzgmay","operationId":"h3uw6pytwhb8vgt","previousOperationId":"042jf8pqe1wc2i7"}
{"type":"log","timestamp":1719007351669,"level":"debug","message":"Executing recipe chrome-pdf","meta":{"rootId":"9de88rttatfzu3c","id":"9de88rttatfzu3c"},"id":"s2o04z78hge928d","previousOperationId":"h3uw6pytwhb8vgt"}
{"type":"log","timestamp":1719007351669,"level":"debug","message":"Starting child request to render pdf header","meta":{"rootId":"9de88rttatfzu3c","id":"9de88rttatfzu3c"},"id":"k5v9zdugfmlvrha","previousOperationId":"h3uw6pytwhb8vgt"}
{"type":"operationStart","subtype":"render","name":"anonymous","previousOperationId":"h3uw6pytwhb8vgt","timestamp":1719007351669,"id":"ugtniwfp8b1pwau","previousEventId":"pnmtgl4t6mtcj0p","operationId":"pzfoor5krqhm58b"}
{"type":"log","timestamp":1719007351669,"level":"info","message":"Starting rendering (child) request","meta":{"rootId":"9de88rttatfzu3c","id":"oh9owfib8n6qe6i"},"id":"l0os0cy3j9w0tig","previousOperationId":"pzfoor5krqhm58b"}
{"type":"log","timestamp":1719007351669,"level":"info","message":"Rendering anonymous template { recipe: html, engine: handlebars }","meta":{"rootId":"9de88rttatfzu3c","id":"oh9owfib8n6qe6i"},"id":"l1vzt8wirwh2plr","previousOperationId":"pzfoor5krqhm58b"}
{"type":"log","timestamp":1719007351669,"level":"debug","message":"Inline data specified.","meta":{"rootId":"9de88rttatfzu3c","id":"oh9owfib8n6qe6i"},"id":"nvqhjosxhc9c5th","previousOperationId":"pzfoor5krqhm58b"}
{"type":"log","timestamp":1719007351671,"level":"debug","message":"Base url not specified, skipping its injection.","meta":{"rootId":"9de88rttatfzu3c","id":"oh9owfib8n6qe6i"},"id":"6v3ulpkv3afcvxh","previousOperationId":"pzfoor5krqhm58b"}
{"type":"operationStart","subtype":"engine","name":"handlebars","timestamp":1719007351672,"id":"zggcd61kzu6id53","previousEventId":"ugtniwfp8b1pwau","operationId":"j55dyeg9r73uavd","previousOperationId":"pzfoor5krqhm58b"}
{"type":"log","timestamp":1719007351672,"level":"debug","message":"Rendering engine handlebars","meta":{"rootId":"9de88rttatfzu3c","id":"oh9owfib8n6qe6i"},"id":"f8c1g6y072e1evf","previousOperationId":"j55dyeg9r73uavd"}
{"type":"operationEnd","operationId":"j55dyeg9r73uavd","timestamp":1719007351674,"id":"g0yiwu7d5mupabx","previousEventId":"zggcd61kzu6id53","previousOperationId":"j55dyeg9r73uavd"}
{"type":"operationStart","subtype":"recipe","name":"html","timestamp":1719007351674,"id":"xy6qx2vwpb9w9ly","previousEventId":"g0yiwu7d5mupabx","operationId":"ucjst5pgep0byym","previousOperationId":"j55dyeg9r73uavd"}
{"type":"log","timestamp":1719007351674,"level":"debug","message":"Executing recipe html","meta":{"rootId":"9de88rttatfzu3c","id":"oh9owfib8n6qe6i"},"id":"q7m3qivqnfsts06","previousOperationId":"ucjst5pgep0byym"}
{"type":"operationEnd","operationId":"ucjst5pgep0byym","timestamp":1719007351674,"id":"krmwkjx9inh1968","previousEventId":"xy6qx2vwpb9w9ly","previousOperationId":"ucjst5pgep0byym"}
{"type":"log","timestamp":1719007351674,"level":"debug","message":"Skipping storing report.","meta":{"rootId":"9de88rttatfzu3c","id":"oh9owfib8n6qe6i"},"id":"fplu0wd369wvknv","previousOperationId":"ucjst5pgep0byym"}
{"type":"log","timestamp":1719007351674,"level":"info","message":"Rendering (child) request finished in 32 ms","meta":{"rootId":"9de88rttatfzu3c","id":"oh9owfib8n6qe6i"},"id":"1hagr64aqmsiupw","previousOperationId":"ucjst5pgep0byym"}
{"type":"operationEnd","subtype":"render","operationId":"pzfoor5krqhm58b","timestamp":1719007351674,"id":"wb3g6ez4e3p0qrq","previousEventId":"krmwkjx9inh1968","previousOperationId":"ucjst5pgep0byym"}
{"type":"log","timestamp":1719007351674,"level":"debug","message":"Starting child request to render pdf footer","meta":{"rootId":"9de88rttatfzu3c","id":"9de88rttatfzu3c"},"id":"v5wxi7neav24zyx","previousOperationId":"h3uw6pytwhb8vgt"}
{"type":"operationStart","subtype":"render","name":"anonymous","previousOperationId":"h3uw6pytwhb8vgt","timestamp":1719007351674,"id":"px8nkc2xr7tkx3g","previousEventId":"pnmtgl4t6mtcj0p","operationId":"naf7vkpr3bp5lvw"}
{"type":"log","timestamp":1719007351674,"level":"info","message":"Starting rendering (child) request","meta":{"rootId":"9de88rttatfzu3c","id":"vsdbo13q6nzqmse"},"id":"fhny23hkd6guw2m","previousOperationId":"naf7vkpr3bp5lvw"}
{"type":"log","timestamp":1719007351674,"level":"info","message":"Rendering anonymous template { recipe: html, engine: handlebars }","meta":{"rootId":"9de88rttatfzu3c","id":"vsdbo13q6nzqmse"},"id":"lacxjro5m8fbjuj","previousOperationId":"naf7vkpr3bp5lvw"}
{"type":"log","timestamp":1719007351674,"level":"debug","message":"Inline data specified.","meta":{"rootId":"9de88rttatfzu3c","id":"vsdbo13q6nzqmse"},"id":"jna0wrs7rxwo4ep","previousOperationId":"naf7vkpr3bp5lvw"}
{"type":"log","timestamp":1719007351674,"level":"debug","message":"Base url not specified, skipping its injection.","meta":{"rootId":"9de88rttatfzu3c","id":"vsdbo13q6nzqmse"},"id":"df59kqtt6l5sfpr","previousOperationId":"naf7vkpr3bp5lvw"}
{"type":"operationStart","subtype":"engine","name":"handlebars","timestamp":1719007351674,"id":"hivr83qozryedut","previousEventId":"px8nkc2xr7tkx3g","operationId":"iuxlkcbk0numw6u","previousOperationId":"naf7vkpr3bp5lvw"}
{"type":"log","timestamp":1719007351674,"level":"debug","message":"Rendering engine handlebars","meta":{"rootId":"9de88rttatfzu3c","id":"vsdbo13q6nzqmse"},"id":"lgbiud2ijvhmii9","previousOperationId":"iuxlkcbk0numw6u"}
{"type":"operationEnd","operationId":"iuxlkcbk0numw6u","timestamp":1719007351677,"id":"9hjkrpsko634iwr","previousEventId":"hivr83qozryedut","previousOperationId":"iuxlkcbk0numw6u"}
{"type":"operationStart","subtype":"recipe","name":"html","timestamp":1719007351677,"id":"kqm0menno2ylp1e","previousEventId":"9hjkrpsko634iwr","operationId":"bqz4s37bd9bdxlm","previousOperationId":"iuxlkcbk0numw6u"}
{"type":"log","timestamp":1719007351677,"level":"debug","message":"Executing recipe html","meta":{"rootId":"9de88rttatfzu3c","id":"vsdbo13q6nzqmse"},"id":"rtgq4jpjyv5r9sv","previousOperationId":"bqz4s37bd9bdxlm"}
{"type":"operationEnd","operationId":"bqz4s37bd9bdxlm","timestamp":1719007351677,"id":"h5veyuph0vqrrwj","previousEventId":"kqm0menno2ylp1e","previousOperationId":"bqz4s37bd9bdxlm"}
{"type":"log","timestamp":1719007351677,"level":"debug","message":"Skipping storing report.","meta":{"rootId":"9de88rttatfzu3c","id":"vsdbo13q6nzqmse"},"id":"nrxcujzn3lc8i17","previousOperationId":"bqz4s37bd9bdxlm"}
{"type":"log","timestamp":1719007351677,"level":"info","message":"Rendering (child) request finished in 35 ms","meta":{"rootId":"9de88rttatfzu3c","id":"vsdbo13q6nzqmse"},"id":"uqs69oeub7s4agz","previousOperationId":"bqz4s37bd9bdxlm"}
{"type":"operationEnd","subtype":"render","operationId":"naf7vkpr3bp5lvw","timestamp":1719007351677,"id":"513jgoftqta8wna","previousEventId":"h5veyuph0vqrrwj","previousOperationId":"bqz4s37bd9bdxlm"}
{"type":"log","timestamp":1719007351679,"level":"debug","message":"Converting with chrome Chrome/126.0.6478.61 using chrome-pool strategy","meta":{"rootId":"9de88rttatfzu3c","id":"9de88rttatfzu3c"},"id":"bjayy2nar7w9cds","previousOperationId":"h3uw6pytwhb8vgt"}
{"type":"log","timestamp":1719007351776,"level":"debug","message":"Page request: GET (document) file:///var/folders/2x/1bhfw9mx7d775w_jmf56lcp80000gn/T/jsreport/autocleanup/9c77f052-a5b3-4016-9f57-f340dc3f7581-chrome-pdf.html","meta":{"rootId":"9de88rttatfzu3c","id":"9de88rttatfzu3c"},"id":"2fkg3h6h5wxzs55","previousOperationId":"h3uw6pytwhb8vgt"}
{"type":"log","timestamp":1719007351780,"level":"debug","message":"Page request finished: GET (document) 200 file:///var/folders/2x/1bhfw9mx7d775w_jmf56lcp80000gn/T/jsreport/autocleanup/9c77f052-a5b3-4016-9f57-f340dc3f7581-chrome-pdf.html","meta":{"rootId":"9de88rttatfzu3c","id":"9de88rttatfzu3c"},"id":"viop47lsqt2pm2l","previousOperationId":"h3uw6pytwhb8vgt"}
{"type":"log","timestamp":1719007351781,"level":"debug","message":"Page request: GET (stylesheet) https://cdnjs.cloudflare.com/ajax/libs/metro/4.1.5/css/metro.min.css","meta":{"rootId":"9de88rttatfzu3c","id":"9de88rttatfzu3c"},"id":"60eumqrix3i5c48","previousOperationId":"h3uw6pytwhb8vgt"}
{"type":"log","timestamp":1719007351781,"level":"debug","message":"Page request: GET (script) https://cdnjs.cloudflare.com/ajax/libs/Chart.js/2.7.2/Chart.min.js","meta":{"rootId":"9de88rttatfzu3c","id":"9de88rttatfzu3c"},"id":"r0cdimo45re8dh9","previousOperationId":"h3uw6pytwhb8vgt"}
{"type":"log","timestamp":1719007351788,"level":"debug","message":"Page request finished: GET (stylesheet) 200 https://cdnjs.cloudflare.com/ajax/libs/metro/4.1.5/css/metro.min.css","meta":{"rootId":"9de88rttatfzu3c","id":"9de88rttatfzu3c"},"id":"zwe45txuz45p5c0","previousOperationId":"h3uw6pytwhb8vgt"}
{"type":"log","timestamp":1719007351788,"level":"debug","message":"Page request finished: GET (script) 200 https://cdnjs.cloudflare.com/ajax/libs/Chart.js/2.7.2/Chart.min.js","meta":{"rootId":"9de88rttatfzu3c","id":"9de88rttatfzu3c"},"id":"rw6vi4sr26h25wk","previousOperationId":"h3uw6pytwhb8vgt"}
{"type":"log","timestamp":1719007351833,"level":"debug","message":"Running chrome with params {\"displayHeaderFooter\":true,\"headerTemplate\":\"...\",\"footerTemplate\":\"...\",\"marginTop\":\"4cm\",\"marginRight\":\"1.5cm\",\"marginLeft\":\"1.5cm\",\"marginBottom\":\"1.5cm\",\"timeout\":59965,\"margin\":{\"top\":\"4cm\",\"right\":\"1.5cm\",\"bottom\":\"1.5cm\",\"left\":\"1.5cm\"},\"printBackground\":true}","meta":{"rootId":"9de88rttatfzu3c","id":"9de88rttatfzu3c"},"id":"ggsc4bybce6lmbg","previousOperationId":"h3uw6pytwhb8vgt"}
{"type":"operationEnd","operationId":"h3uw6pytwhb8vgt","timestamp":1719007352036,"id":"ftl41zh3pqgx2tr","previousEventId":"pnmtgl4t6mtcj0p","previousOperationId":"h3uw6pytwhb8vgt"}
{"type":"log","timestamp":1719007352036,"level":"info","message":"pdf-utils is starting pdf processing","meta":{"rootId":"9de88rttatfzu3c","id":"9de88rttatfzu3c"},"id":"wacz8s4bupph9g5","previousOperationId":"h3uw6pytwhb8vgt"}
{"type":"operationStart","subtype":"pdfUtils","name":"pdf utils","timestamp":1719007352038,"id":"uweon9r23ugzku2","previousEventId":"ftl41zh3pqgx2tr","operationId":"0s08cbaj5qm1j4b","previousOperationId":"h3uw6pytwhb8vgt"}
{"type":"log","timestamp":1719007352038,"level":"debug","message":"pdf-utils detected 1 pdf operation(s) to process","meta":{"rootId":"9de88rttatfzu3c","id":"9de88rttatfzu3c"},"id":"iuasyg5dvpqciy4","previousOperationId":"0s08cbaj5qm1j4b"}
{"type":"log","timestamp":1719007352055,"level":"debug","message":"pdf-utils running pdf operation merge","meta":{"rootId":"9de88rttatfzu3c","id":"9de88rttatfzu3c"},"id":"mtw0a77x603damd","previousOperationId":"0s08cbaj5qm1j4b"}
{"type":"operationStart","subtype":"pdfUtilsMerge","name":"pdf utils merge","previousOperationId":"0s08cbaj5qm1j4b","timestamp":1719007352055,"id":"8m4thdpq40xa0i0","previousEventId":"uweon9r23ugzku2","operationId":"wwdvgifsu047j66"}
{"type":"operationStart","subtype":"render","name":"anonymous","previousOperationId":"wwdvgifsu047j66","timestamp":1719007352055,"id":"enflvfco04lz9w6","previousEventId":"8m4thdpq40xa0i0","operationId":"tibos0d1qcouibn"}
{"type":"log","timestamp":1719007352055,"level":"info","message":"Starting rendering (child) request","meta":{"rootId":"9de88rttatfzu3c","id":"yr9h8bmz6j3nqbp"},"id":"d91b7agbca4guea","previousOperationId":"tibos0d1qcouibn"}
{"type":"log","timestamp":1719007352055,"level":"info","message":"Rendering anonymous template { recipe: chrome-pdf, engine: handlebars }","meta":{"rootId":"9de88rttatfzu3c","id":"yr9h8bmz6j3nqbp"},"id":"2h75py6c7daqk3u","previousOperationId":"tibos0d1qcouibn"}
{"type":"log","timestamp":1719007352055,"level":"debug","message":"Inline data specified.","meta":{"rootId":"9de88rttatfzu3c","id":"yr9h8bmz6j3nqbp"},"id":"gl0ov9o04d9740j","previousOperationId":"tibos0d1qcouibn"}
{"type":"log","timestamp":1719007352057,"level":"debug","message":"Base url not specified, skipping its injection.","meta":{"rootId":"9de88rttatfzu3c","id":"yr9h8bmz6j3nqbp"},"id":"3ekv58yh56dpada","previousOperationId":"tibos0d1qcouibn"}
{"type":"operationStart","subtype":"engine","name":"handlebars","timestamp":1719007352057,"id":"gtk3ayuf699loxc","previousEventId":"enflvfco04lz9w6","operationId":"dwsjksgv7an08z0","previousOperationId":"tibos0d1qcouibn"}
{"type":"log","timestamp":1719007352057,"level":"debug","message":"Rendering engine handlebars","meta":{"rootId":"9de88rttatfzu3c","id":"yr9h8bmz6j3nqbp"},"id":"ugecg0xchui7tam","previousOperationId":"dwsjksgv7an08z0"}
{"type":"operationEnd","operationId":"dwsjksgv7an08z0","timestamp":1719007352059,"id":"l8269aboz3qy5pq","previousEventId":"gtk3ayuf699loxc","previousOperationId":"dwsjksgv7an08z0"}
{"type":"operationStart","subtype":"recipe","name":"chrome-pdf","timestamp":1719007352059,"id":"tfc0a49fp8v8pf4","previousEventId":"l8269aboz3qy5pq","operationId":"gijwkfn9gx0dhmo","previousOperationId":"dwsjksgv7an08z0"}
{"type":"log","timestamp":1719007352059,"level":"debug","message":"Executing recipe chrome-pdf","meta":{"rootId":"9de88rttatfzu3c","id":"yr9h8bmz6j3nqbp"},"id":"i79m15zv09l3fq4","previousOperationId":"gijwkfn9gx0dhmo"}
{"type":"log","timestamp":1719007352060,"level":"debug","message":"Converting with chrome Chrome/126.0.6478.61 using chrome-pool strategy","meta":{"rootId":"9de88rttatfzu3c","id":"yr9h8bmz6j3nqbp"},"id":"afl8k9ep1wvkrue","previousOperationId":"gijwkfn9gx0dhmo"}
{"type":"log","timestamp":1719007352118,"level":"debug","message":"Page request: GET (document) file:///var/folders/2x/1bhfw9mx7d775w_jmf56lcp80000gn/T/jsreport/autocleanup/76763826-bea5-4c73-94a6-d41992378c7d-chrome-pdf.html","meta":{"rootId":"9de88rttatfzu3c","id":"yr9h8bmz6j3nqbp"},"id":"ih828nlkvbf2efb","previousOperationId":"gijwkfn9gx0dhmo"}
{"type":"log","timestamp":1719007352122,"level":"debug","message":"Page request finished: GET (document) 200 file:///var/folders/2x/1bhfw9mx7d775w_jmf56lcp80000gn/T/jsreport/autocleanup/76763826-bea5-4c73-94a6-d41992378c7d-chrome-pdf.html","meta":{"rootId":"9de88rttatfzu3c","id":"yr9h8bmz6j3nqbp"},"id":"drqavv763tkq3sj","previousOperationId":"gijwkfn9gx0dhmo"}
{"type":"log","timestamp":1719007352124,"level":"debug","message":"Running chrome with params {\"timeout\":59583,\"margin\":{},\"printBackground\":true}","meta":{"rootId":"9de88rttatfzu3c","id":"yr9h8bmz6j3nqbp"},"id":"qjxx9ru3v85l0k4","previousOperationId":"gijwkfn9gx0dhmo"}
{"type":"operationEnd","operationId":"gijwkfn9gx0dhmo","timestamp":1719007352185,"id":"17v9fdjaxdmkkfm","previousEventId":"tfc0a49fp8v8pf4","previousOperationId":"gijwkfn9gx0dhmo"}
{"type":"log","timestamp":1719007352185,"level":"debug","message":"Skipping storing report.","meta":{"rootId":"9de88rttatfzu3c","id":"yr9h8bmz6j3nqbp"},"id":"glg9pd19x7ept8z","previousOperationId":"gijwkfn9gx0dhmo"}
{"type":"log","timestamp":1719007352185,"level":"info","message":"Rendering (child) request finished in 543 ms","meta":{"rootId":"9de88rttatfzu3c","id":"yr9h8bmz6j3nqbp"},"id":"2e6xhlybnjxjtna","previousOperationId":"gijwkfn9gx0dhmo"}
{"type":"operationEnd","subtype":"render","operationId":"tibos0d1qcouibn","timestamp":1719007352185,"id":"xowc6fyuw18jws4","previousEventId":"17v9fdjaxdmkkfm","previousOperationId":"gijwkfn9gx0dhmo"}
{"type":"operationEnd","operationId":"wwdvgifsu047j66","timestamp":1719007352199,"id":"jqff7kcw7k6kmcv","previousEventId":"8m4thdpq40xa0i0","previousOperationId":"wwdvgifsu047j66"}
{"type":"log","timestamp":1719007352199,"level":"debug","message":"pdf-utils postprocess start","meta":{"rootId":"9de88rttatfzu3c","id":"9de88rttatfzu3c"},"id":"f5hkfgs1rs8hrci","previousOperationId":"wwdvgifsu047j66"}
{"type":"log","timestamp":1719007352214,"level":"debug","message":"pdf-utils postprocess end","meta":{"rootId":"9de88rttatfzu3c","id":"9de88rttatfzu3c"},"id":"uavy8ej53effgu3","previousOperationId":"wwdvgifsu047j66"}
{"type":"operationEnd","operationId":"0s08cbaj5qm1j4b","timestamp":1719007352214,"id":"y33y9eq474947cz","previousEventId":"jqff7kcw7k6kmcv","previousOperationId":"wwdvgifsu047j66"}
{"type":"log","timestamp":1719007352215,"level":"info","message":"pdf-utils pdf processing was finished","meta":{"rootId":"9de88rttatfzu3c","id":"9de88rttatfzu3c"},"id":"oyhudsao3r74onk","previousOperationId":"0s08cbaj5qm1j4b"}
{"type":"log","timestamp":1719007352215,"level":"debug","message":"Skipping storing report.","meta":{"rootId":"9de88rttatfzu3c","id":"9de88rttatfzu3c"},"id":"utq2g9k90j2skci","previousOperationId":"0s08cbaj5qm1j4b"}
{"type":"log","timestamp":1719007352215,"level":"info","message":"Rendering request 128 finished in 573 ms","meta":{"rootId":"9de88rttatfzu3c","id":"9de88rttatfzu3c"},"id":"321hrrgvfsc7pdg","previousOperationId":"0s08cbaj5qm1j4b"}
{"type":"operationEnd","subtype":"render","operationId":"lgkn1bjnhdkhl0x","timestamp":1719007352215,"id":"vhngv1lcbg0uoei","previousEventId":"y33y9eq474947cz","previousOperationId":"0s08cbaj5qm1j4b"}
{"type":"operationEnd","doDiffs":false,"previousEventId":"uj1hjfynqi7zy8i","previousOperationId":"uuxs7rq0khhojxg","operationId":"uuxs7rq0khhojxg","timestamp":1719007352216,"id":"4nm6ya8ilgx4k25"}
