{"type":"operationStart","subtype":"profile","data":{"_id":"n19JKTmRpFRLbAkn","timestamp":"2024-06-21T20:25:54.594Z","state":"queued","mode":"standard","creationDate":"2024-06-21T20:25:54.596Z","modificationDate":"2024-06-21T20:25:54.596Z","shortid":"d75pqtk","$entitySet":"profiles"},"doDiffs":false,"timestamp":1719001554595,"id":"s5fjy1a3680e393","previousOperationId":null,"operationId":"m3f6mw25fn6gswm"}
{"type":"log","level":"info","message":"Render request 81 queued for execution and waiting for available worker","previousOperationId":"m3f6mw25fn6gswm","timestamp":1719001554595,"id":"uvrr8i8dhttd8yx"}
{"type":"operationStart","subtype":"render","name":"anonymous","previousOperationId":"m3f6mw25fn6gswm","timestamp":1719001554601,"id":"adsoi4x3jyweihg","previousEventId":"s5fjy1a3680e393","operationId":"hj9wl7nibu3u543"}
{"type":"log","timestamp":1719001554601,"level":"info","message":"Starting rendering request 81","meta":{"rootId":"9e5cnfotatk2z54","id":"9e5cnfotatk2z54"},"id":"ng8txz0nlmbwhaw","previousOperationId":"hj9wl7nibu3u543"}
{"type":"log","timestamp":1719001554601,"level":"info","message":"Rendering anonymous template { recipe: chrome-pdf, engine: handlebars }","meta":{"rootId":"9e5cnfotatk2z54","id":"9e5cnfotatk2z54"},"id":"awjex2csd844swp","previousOperationId":"hj9wl7nibu3u543"}
{"type":"log","timestamp":1719001554601,"level":"debug","message":"Inline data specified.","meta":{"rootId":"9e5cnfotatk2z54","id":"9e5cnfotatk2z54"},"id":"e7ob3t6q1lqscoj","previousOperationId":"hj9wl7nibu3u543"}
{"type":"log","timestamp":1719001554602,"level":"debug","message":"Base url not specified, skipping its injection.","meta":{"rootId":"9e5cnfotatk2z54","id":"9e5cnfotatk2z54"},"id":"xebzn103haatth8","previousOperationId":"hj9wl7nibu3u543"}
{"type":"operationStart","subtype":"engine","name":"handlebars","timestamp":1719001554602,"id":"9bivufcu5zshmsq","previousEventId":"adsoi4x3jyweihg","operationId":"r4l9lkal2nsopr0","previousOperationId":"hj9wl7nibu3u543"}
{"type":"log","timestamp":1719001554602,"level":"debug","message":"Rendering engine handlebars","meta":{"rootId":"9e5cnfotatk2z54","id":"9e5cnfotatk2z54"},"id":"5filrueblfhujge","previousOperationId":"r4l9lkal2nsopr0"}
{"type":"operationEnd","operationId":"r4l9lkal2nsopr0","timestamp":1719001554615,"id":"3ju0mpxx8mlthz8","previousEventId":"9bivufcu5zshmsq","previousOperationId":"r4l9lkal2nsopr0"}
{"type":"operationStart","subtype":"recipe","name":"chrome-pdf","timestamp":1719001554615,"id":"6vdo3u67l6342r9","previousEventId":"3ju0mpxx8mlthz8","operationId":"8pivrefb79o2o19","previousOperationId":"r4l9lkal2nsopr0"}
{"type":"log","timestamp":1719001554615,"level":"debug","message":"Executing recipe chrome-pdf","meta":{"rootId":"9e5cnfotatk2z54","id":"9e5cnfotatk2z54"},"id":"2d1exujwpc9gahn","previousOperationId":"8pivrefb79o2o19"}
{"type":"log","timestamp":1719001554617,"level":"debug","message":"Converting with chrome Chrome/126.0.6478.61 using chrome-pool strategy","meta":{"rootId":"9e5cnfotatk2z54","id":"9e5cnfotatk2z54"},"id":"yyfba9mq4w3lzpw","previousOperationId":"8pivrefb79o2o19"}
{"type":"log","timestamp":1719001554657,"level":"debug","message":"Page request: GET (document) file:///var/folders/2x/1bhfw9mx7d775w_jmf56lcp80000gn/T/jsreport/autocleanup/7d13b608-a9ac-4cdb-b355-284edf94d95a-chrome-pdf.html","meta":{"rootId":"9e5cnfotatk2z54","id":"9e5cnfotatk2z54"},"id":"th9lyc1h1wke4v1","previousOperationId":"8pivrefb79o2o19"}
{"type":"log","timestamp":1719001554661,"level":"debug","message":"Page request finished: GET (document) 200 file:///var/folders/2x/1bhfw9mx7d775w_jmf56lcp80000gn/T/jsreport/autocleanup/7d13b608-a9ac-4cdb-b355-284edf94d95a-chrome-pdf.html","meta":{"rootId":"9e5cnfotatk2z54","id":"9e5cnfotatk2z54"},"id":"w9wjqzioxvtekjd","previousOperationId":"8pivrefb79o2o19"}
{"type":"log","timestamp":1719001554661,"level":"debug","message":"Page request: GET (stylesheet) https://cdnjs.cloudflare.com/ajax/libs/metro/4.1.5/css/metro.min.css","meta":{"rootId":"9e5cnfotatk2z54","id":"9e5cnfotatk2z54"},"id":"br1z35ryrxss5h4","previousOperationId":"8pivrefb79o2o19"}
{"type":"log","timestamp":1719001554662,"level":"debug","message":"Page request: GET (script) https://cdnjs.cloudflare.com/ajax/libs/Chart.js/2.7.2/Chart.min.js","meta":{"rootId":"9e5cnfotatk2z54","id":"9e5cnfotatk2z54"},"id":"tm8cvyg5xrjcxku","previousOperationId":"8pivrefb79o2o19"}
{"type":"log","timestamp":1719001554670,"level":"debug","message":"Page request finished: GET (stylesheet) 200 https://cdnjs.cloudflare.com/ajax/libs/metro/4.1.5/css/metro.min.css","meta":{"rootId":"9e5cnfotatk2z54","id":"9e5cnfotatk2z54"},"id":"9n3n48v89321mwf","previousOperationId":"8pivrefb79o2o19"}
{"type":"log","timestamp":1719001554670,"level":"debug","message":"Page request finished: GET (script) 200 https://cdnjs.cloudflare.com/ajax/libs/Chart.js/2.7.2/Chart.min.js","meta":{"rootId":"9e5cnfotatk2z54","id":"9e5cnfotatk2z54"},"id":"248mxcim3lr4c16","previousOperationId":"8pivrefb79o2o19"}
{"type":"log","timestamp":1719001554706,"level":"debug","message":"Running chrome with params {\"timeout\":59979,\"margin\":{},\"printBackground\":true}","meta":{"rootId":"9e5cnfotatk2z54","id":"9e5cnfotatk2z54"},"id":"tcac9c91ozl0fol","previousOperationId":"8pivrefb79o2o19"}
{"type":"operationEnd","operationId":"8pivrefb79o2o19","timestamp":1719001554811,"id":"4ful8iqri9107ka","previousEventId":"6vdo3u67l6342r9","previousOperationId":"8pivrefb79o2o19"}
{"type":"log","timestamp":1719001554811,"level":"debug","message":"Skipping storing report.","meta":{"rootId":"9e5cnfotatk2z54","id":"9e5cnfotatk2z54"},"id":"xdzlo9gyew5hpdk","previousOperationId":"8pivrefb79o2o19"}
{"type":"log","timestamp":1719001554811,"level":"info","message":"Rendering request 81 finished in 217 ms","meta":{"rootId":"9e5cnfotatk2z54","id":"9e5cnfotatk2z54"},"id":"mq5c2q80mgoen6a","previousOperationId":"8pivrefb79o2o19"}
{"type":"operationEnd","subtype":"render","operationId":"hj9wl7nibu3u543","timestamp":1719001554811,"id":"1mkjmf590nxpxkt","previousEventId":"4ful8iqri9107ka","previousOperationId":"8pivrefb79o2o19"}
{"type":"operationEnd","doDiffs":false,"previousEventId":"s5fjy1a3680e393","previousOperationId":"m3f6mw25fn6gswm","operationId":"m3f6mw25fn6gswm","timestamp":1719001554812,"id":"ori5ygsczmojwt1"}
