{"type":"operationStart","subtype":"profile","data":{"_id":"KH74DOaOo74Tj4TR","timestamp":"2024-06-21T20:50:30.560Z","state":"queued","mode":"standard","creationDate":"2024-06-21T20:50:30.563Z","modificationDate":"2024-06-21T20:50:30.563Z","shortid":"98xYBUY","$entitySet":"profiles"},"doDiffs":false,"timestamp":1719003030562,"id":"teievfkuellcs25","previousOperationId":null,"operationId":"6nk97bbhts3jf6v"}
{"type":"log","level":"info","message":"Render request 91 queued for execution and waiting for available worker","previousOperationId":"6nk97bbhts3jf6v","timestamp":1719003030562,"id":"59t0pjho0gn3sh9"}
{"type":"operationStart","subtype":"render","name":"anonymous","previousOperationId":"6nk97bbhts3jf6v","timestamp":1719003030604,"id":"bz7jd6r1bh9fu47","previousEventId":"teievfkuellcs25","operationId":"qqn9xwf9worpafj"}
{"type":"log","timestamp":1719003030606,"level":"info","message":"Starting rendering request 91","meta":{"rootId":"9iqh2wkww45gaic","id":"9iqh2wkww45gaic"},"id":"h4ovxsdxoqs7e6s","previousOperationId":"qqn9xwf9worpafj"}
{"type":"log","timestamp":1719003030607,"level":"info","message":"Rendering anonymous template { recipe: chrome-pdf, engine: handlebars }","meta":{"rootId":"9iqh2wkww45gaic","id":"9iqh2wkww45gaic"},"id":"aqywthy1z1nn68t","previousOperationId":"qqn9xwf9worpafj"}
{"type":"log","timestamp":1719003030607,"level":"debug","message":"Inline data specified.","meta":{"rootId":"9iqh2wkww45gaic","id":"9iqh2wkww45gaic"},"id":"wtrsjzcgurlb1db","previousOperationId":"qqn9xwf9worpafj"}
{"type":"log","timestamp":1719003030609,"level":"debug","message":"Base url not specified, skipping its injection.","meta":{"rootId":"9iqh2wkww45gaic","id":"9iqh2wkww45gaic"},"id":"hg8hxtatlc53mvv","previousOperationId":"qqn9xwf9worpafj"}
{"type":"operationStart","subtype":"engine","name":"handlebars","timestamp":1719003030612,"id":"8mtipaaeqkp1943","previousEventId":"bz7jd6r1bh9fu47","operationId":"bor3y06tlix8b3e","previousOperationId":"qqn9xwf9worpafj"}
{"type":"log","timestamp":1719003030612,"level":"debug","message":"Rendering engine handlebars","meta":{"rootId":"9iqh2wkww45gaic","id":"9iqh2wkww45gaic"},"id":"kb0cv1kom2o6ggd","previousOperationId":"bor3y06tlix8b3e"}
{"type":"operationEnd","operationId":"bor3y06tlix8b3e","timestamp":1719003030657,"id":"2g0nc91a4tcpypn","previousEventId":"8mtipaaeqkp1943","previousOperationId":"bor3y06tlix8b3e"}
{"type":"operationStart","subtype":"recipe","name":"chrome-pdf","timestamp":1719003030658,"id":"3dekyb0i3vryl1v","previousEventId":"2g0nc91a4tcpypn","operationId":"yg52srt6h4bofsd","previousOperationId":"bor3y06tlix8b3e"}
{"type":"log","timestamp":1719003030658,"level":"debug","message":"Executing recipe chrome-pdf","meta":{"rootId":"9iqh2wkww45gaic","id":"9iqh2wkww45gaic"},"id":"sghhv3pgi5gjh1g","previousOperationId":"yg52srt6h4bofsd"}
{"type":"log","timestamp":1719003030689,"level":"debug","message":"Converting with chrome Chrome/126.0.6478.61 using chrome-pool strategy","meta":{"rootId":"9iqh2wkww45gaic","id":"9iqh2wkww45gaic"},"id":"ocx0nudamz4v7gd","previousOperationId":"yg52srt6h4bofsd"}
{"type":"log","timestamp":1719003031039,"level":"debug","message":"Page request: GET (document) file:///var/folders/2x/1bhfw9mx7d775w_jmf56lcp80000gn/T/jsreport/autocleanup/8e3ef6a8-a38f-49f2-8ab1-bd16d48290fa-chrome-pdf.html","meta":{"rootId":"9iqh2wkww45gaic","id":"9iqh2wkww45gaic"},"id":"76anq1j573ffkhx","previousOperationId":"yg52srt6h4bofsd"}
{"type":"log","timestamp":1719003031075,"level":"debug","message":"Page request finished: GET (document) 200 file:///var/folders/2x/1bhfw9mx7d775w_jmf56lcp80000gn/T/jsreport/autocleanup/8e3ef6a8-a38f-49f2-8ab1-bd16d48290fa-chrome-pdf.html","meta":{"rootId":"9iqh2wkww45gaic","id":"9iqh2wkww45gaic"},"id":"pyigufgwftrigj4","previousOperationId":"yg52srt6h4bofsd"}
{"type":"log","timestamp":1719003031082,"level":"debug","message":"Page request: GET (stylesheet) https://cdnjs.cloudflare.com/ajax/libs/metro/4.1.5/css/metro.min.css","meta":{"rootId":"9iqh2wkww45gaic","id":"9iqh2wkww45gaic"},"id":"2d8efkv07r6qvxj","previousOperationId":"yg52srt6h4bofsd"}
{"type":"log","timestamp":1719003031082,"level":"debug","message":"Page request: GET (script) https://cdnjs.cloudflare.com/ajax/libs/Chart.js/2.7.2/Chart.min.js","meta":{"rootId":"9iqh2wkww45gaic","id":"9iqh2wkww45gaic"},"id":"vql0f13ppygu9q0","previousOperationId":"yg52srt6h4bofsd"}
{"type":"log","timestamp":1719003031100,"level":"debug","message":"Page request finished: GET (stylesheet) 200 https://cdnjs.cloudflare.com/ajax/libs/metro/4.1.5/css/metro.min.css","meta":{"rootId":"9iqh2wkww45gaic","id":"9iqh2wkww45gaic"},"id":"aj9ezowgky63086","previousOperationId":"yg52srt6h4bofsd"}
{"type":"log","timestamp":1719003031100,"level":"debug","message":"Page request finished: GET (script) 200 https://cdnjs.cloudflare.com/ajax/libs/Chart.js/2.7.2/Chart.min.js","meta":{"rootId":"9iqh2wkww45gaic","id":"9iqh2wkww45gaic"},"id":"y1evu336pdqr4i4","previousOperationId":"yg52srt6h4bofsd"}
{"type":"log","timestamp":1719003031120,"level":"warn","message":"Page error: ordersFrance is not defined , stack: ReferenceError: ordersFrance is not defined\n    at <anonymous> (file:///var/folders/2x/1bhfw9mx7d775w_jmf56lcp80000gn/T/jsreport/autocleanup/8e3ef6a8-a38f-49f2-8ab1-bd16d48290fa-chrome-pdf.html:143:21)","meta":{"rootId":"9iqh2wkww45gaic","id":"9iqh2wkww45gaic"},"id":"1bq2kyaa88m6aey","previousOperationId":"yg52srt6h4bofsd"}
{"type":"log","timestamp":1719003031120,"level":"warn","message":"Page error: ordersGermany is not defined , stack: ReferenceError: ordersGermany is not defined\n    at <anonymous> (file:///var/folders/2x/1bhfw9mx7d775w_jmf56lcp80000gn/T/jsreport/autocleanup/8e3ef6a8-a38f-49f2-8ab1-bd16d48290fa-chrome-pdf.html:358:21)","meta":{"rootId":"9iqh2wkww45gaic","id":"9iqh2wkww45gaic"},"id":"fu0fqkactol84fy","previousOperationId":"yg52srt6h4bofsd"}
{"type":"log","timestamp":1719003031170,"level":"debug","message":"Running chrome with params {\"timeout\":59887,\"margin\":{},\"printBackground\":true}","meta":{"rootId":"9iqh2wkww45gaic","id":"9iqh2wkww45gaic"},"id":"6da2opdm0d9q5ey","previousOperationId":"yg52srt6h4bofsd"}
{"type":"operationEnd","operationId":"yg52srt6h4bofsd","timestamp":1719003031488,"id":"e0kl52phc15mco3","previousEventId":"3dekyb0i3vryl1v","previousOperationId":"yg52srt6h4bofsd"}
{"type":"log","timestamp":1719003031488,"level":"debug","message":"Skipping storing report.","meta":{"rootId":"9iqh2wkww45gaic","id":"9iqh2wkww45gaic"},"id":"a0k7o8f2hbdim0k","previousOperationId":"yg52srt6h4bofsd"}
{"type":"log","timestamp":1719003031488,"level":"info","message":"Rendering request 91 finished in 934 ms","meta":{"rootId":"9iqh2wkww45gaic","id":"9iqh2wkww45gaic"},"id":"5e8nrrlgh8u30b8","previousOperationId":"yg52srt6h4bofsd"}
{"type":"operationEnd","subtype":"render","operationId":"qqn9xwf9worpafj","timestamp":1719003031488,"id":"78bjh2yrjsn0jgt","previousEventId":"e0kl52phc15mco3","previousOperationId":"yg52srt6h4bofsd"}
{"type":"operationEnd","doDiffs":false,"previousEventId":"teievfkuellcs25","previousOperationId":"6nk97bbhts3jf6v","operationId":"6nk97bbhts3jf6v","timestamp":1719003031489,"id":"q3gboxib4bp9gsj"}
