{"type":"operationStart","subtype":"profile","data":{"_id":"Rcf4BiGNSmoz0Pth","timestamp":"2024-06-21T21:10:07.651Z","state":"queued","mode":"standard","creationDate":"2024-06-21T21:10:07.656Z","modificationDate":"2024-06-21T21:10:07.656Z","shortid":"iAmDYUp","$entitySet":"profiles"},"doDiffs":false,"timestamp":1719004207655,"id":"4idd2cnkyfaypgm","previousOperationId":null,"operationId":"4m8srhwa7jyx7mi"}
{"type":"log","level":"info","message":"Render request 102 queued for execution and waiting for available worker","previousOperationId":"4m8srhwa7jyx7mi","timestamp":1719004207655,"id":"hrp7w0e47o3i2zu"}
{"type":"operationStart","subtype":"render","name":"anonymous","previousOperationId":"4m8srhwa7jyx7mi","timestamp":1719004207664,"id":"8av4czoiy87f2cf","previousEventId":"4idd2cnkyfaypgm","operationId":"vi1t0b30kc8lc7u"}
{"type":"log","timestamp":1719004207665,"level":"info","message":"Starting rendering request 102","meta":{"rootId":"9lr8nys3hz0zae9","id":"9lr8nys3hz0zae9"},"id":"gd8fuv3443q01rg","previousOperationId":"vi1t0b30kc8lc7u"}
{"type":"log","timestamp":1719004207666,"level":"info","message":"Rendering anonymous template { recipe: chrome-pdf, engine: handlebars }","meta":{"rootId":"9lr8nys3hz0zae9","id":"9lr8nys3hz0zae9"},"id":"p7abjsy5871lzk3","previousOperationId":"vi1t0b30kc8lc7u"}
{"type":"log","timestamp":1719004207666,"level":"debug","message":"Inline data specified.","meta":{"rootId":"9lr8nys3hz0zae9","id":"9lr8nys3hz0zae9"},"id":"76qq6f0uo9yj534","previousOperationId":"vi1t0b30kc8lc7u"}
{"type":"log","timestamp":1719004207670,"level":"debug","message":"Base url not specified, skipping its injection.","meta":{"rootId":"9lr8nys3hz0zae9","id":"9lr8nys3hz0zae9"},"id":"qmrc9o3l9v43msr","previousOperationId":"vi1t0b30kc8lc7u"}
{"type":"operationStart","subtype":"engine","name":"handlebars","timestamp":1719004207671,"id":"hpt3gng0dopv02g","previousEventId":"8av4czoiy87f2cf","operationId":"hpehzcq1ncfrbfl","previousOperationId":"vi1t0b30kc8lc7u"}
{"type":"log","timestamp":1719004207671,"level":"debug","message":"Rendering engine handlebars","meta":{"rootId":"9lr8nys3hz0zae9","id":"9lr8nys3hz0zae9"},"id":"0jreewrj6ip9fim","previousOperationId":"hpehzcq1ncfrbfl"}
{"type":"operationEnd","operationId":"hpehzcq1ncfrbfl","timestamp":1719004207693,"id":"qfu9q56xnf0wh1j","previousEventId":"hpt3gng0dopv02g","previousOperationId":"hpehzcq1ncfrbfl"}
{"type":"operationStart","subtype":"recipe","name":"chrome-pdf","timestamp":1719004207694,"id":"tj4bhkr923bquik","previousEventId":"qfu9q56xnf0wh1j","operationId":"kvh4xvjl45uxq18","previousOperationId":"hpehzcq1ncfrbfl"}
{"type":"log","timestamp":1719004207694,"level":"debug","message":"Executing recipe chrome-pdf","meta":{"rootId":"9lr8nys3hz0zae9","id":"9lr8nys3hz0zae9"},"id":"o0clq7fl7vptfpv","previousOperationId":"kvh4xvjl45uxq18"}
{"type":"log","timestamp":1719004207696,"level":"debug","message":"Starting child request to render pdf header","meta":{"rootId":"9lr8nys3hz0zae9","id":"9lr8nys3hz0zae9"},"id":"4i63isfmyk16bgw","previousOperationId":"kvh4xvjl45uxq18"}
{"type":"operationStart","subtype":"render","name":"anonymous","previousOperationId":"kvh4xvjl45uxq18","timestamp":1719004207696,"id":"7va8vyayog2mdyr","previousEventId":"tj4bhkr923bquik","operationId":"kvpr7gj8nlxtrvz"}
{"type":"log","timestamp":1719004207696,"level":"info","message":"Starting rendering (child) request","meta":{"rootId":"9lr8nys3hz0zae9","id":"ga5frourarg3h21"},"id":"aofxsq608et61ok","previousOperationId":"kvpr7gj8nlxtrvz"}
{"type":"log","timestamp":1719004207696,"level":"info","message":"Rendering anonymous template { recipe: html, engine: handlebars }","meta":{"rootId":"9lr8nys3hz0zae9","id":"ga5frourarg3h21"},"id":"td1rb3qorc7nb54","previousOperationId":"kvpr7gj8nlxtrvz"}
{"type":"log","timestamp":1719004207696,"level":"debug","message":"Inline data specified.","meta":{"rootId":"9lr8nys3hz0zae9","id":"ga5frourarg3h21"},"id":"jp62fpga7lwbo3b","previousOperationId":"kvpr7gj8nlxtrvz"}
{"type":"log","timestamp":1719004207696,"level":"debug","message":"Base url not specified, skipping its injection.","meta":{"rootId":"9lr8nys3hz0zae9","id":"ga5frourarg3h21"},"id":"rc26xnyr53fu86k","previousOperationId":"kvpr7gj8nlxtrvz"}
{"type":"operationStart","subtype":"engine","name":"handlebars","timestamp":1719004207696,"id":"x0yz2k7fknz7yzk","previousEventId":"7va8vyayog2mdyr","operationId":"j9153qxckicya09","previousOperationId":"kvpr7gj8nlxtrvz"}
{"type":"log","timestamp":1719004207696,"level":"debug","message":"Rendering engine handlebars","meta":{"rootId":"9lr8nys3hz0zae9","id":"ga5frourarg3h21"},"id":"e6tgk78b7folh8b","previousOperationId":"j9153qxckicya09"}
{"type":"operationEnd","operationId":"j9153qxckicya09","timestamp":1719004207700,"id":"rn3vekl3s0x525c","previousEventId":"x0yz2k7fknz7yzk","previousOperationId":"j9153qxckicya09"}
{"type":"operationStart","subtype":"recipe","name":"html","timestamp":1719004207700,"id":"34ty2u4brykau6k","previousEventId":"rn3vekl3s0x525c","operationId":"ixvvonswq8faa8d","previousOperationId":"j9153qxckicya09"}
{"type":"log","timestamp":1719004207700,"level":"debug","message":"Executing recipe html","meta":{"rootId":"9lr8nys3hz0zae9","id":"ga5frourarg3h21"},"id":"icde5qjgdwzjfip","previousOperationId":"ixvvonswq8faa8d"}
{"type":"operationEnd","operationId":"ixvvonswq8faa8d","timestamp":1719004207700,"id":"wpu31ocpgwxuzz7","previousEventId":"34ty2u4brykau6k","previousOperationId":"ixvvonswq8faa8d"}
{"type":"log","timestamp":1719004207700,"level":"debug","message":"Skipping storing report.","meta":{"rootId":"9lr8nys3hz0zae9","id":"ga5frourarg3h21"},"id":"modinudw6ywhfvt","previousOperationId":"ixvvonswq8faa8d"}
{"type":"log","timestamp":1719004207700,"level":"info","message":"Rendering (child) request finished in 54 ms","meta":{"rootId":"9lr8nys3hz0zae9","id":"ga5frourarg3h21"},"id":"v8g9141i5s0cq0r","previousOperationId":"ixvvonswq8faa8d"}
{"type":"operationEnd","subtype":"render","operationId":"kvpr7gj8nlxtrvz","timestamp":1719004207700,"id":"mz4nnxf3h5x57mx","previousEventId":"wpu31ocpgwxuzz7","previousOperationId":"ixvvonswq8faa8d"}
{"type":"log","timestamp":1719004207700,"level":"debug","message":"Starting child request to render pdf footer","meta":{"rootId":"9lr8nys3hz0zae9","id":"9lr8nys3hz0zae9"},"id":"kkq1zm0nh5dia1i","previousOperationId":"kvh4xvjl45uxq18"}
{"type":"operationStart","subtype":"render","name":"anonymous","previousOperationId":"kvh4xvjl45uxq18","timestamp":1719004207700,"id":"htcz3nnw33bcmjr","previousEventId":"tj4bhkr923bquik","operationId":"05dz0wl6i1oah0k"}
{"type":"log","timestamp":1719004207700,"level":"info","message":"Starting rendering (child) request","meta":{"rootId":"9lr8nys3hz0zae9","id":"rty439f8fnvka5o"},"id":"77tjue15l0x0aya","previousOperationId":"05dz0wl6i1oah0k"}
{"type":"log","timestamp":1719004207700,"level":"info","message":"Rendering anonymous template { recipe: html, engine: handlebars }","meta":{"rootId":"9lr8nys3hz0zae9","id":"rty439f8fnvka5o"},"id":"6jpy1xusjy9cwu3","previousOperationId":"05dz0wl6i1oah0k"}
{"type":"log","timestamp":1719004207700,"level":"debug","message":"Inline data specified.","meta":{"rootId":"9lr8nys3hz0zae9","id":"rty439f8fnvka5o"},"id":"8tzwv263u6omsdp","previousOperationId":"05dz0wl6i1oah0k"}
{"type":"log","timestamp":1719004207701,"level":"debug","message":"Base url not specified, skipping its injection.","meta":{"rootId":"9lr8nys3hz0zae9","id":"rty439f8fnvka5o"},"id":"rjdtwzt0ts4jzi0","previousOperationId":"05dz0wl6i1oah0k"}
{"type":"operationStart","subtype":"engine","name":"handlebars","timestamp":1719004207701,"id":"i967h8t109rgjb2","previousEventId":"htcz3nnw33bcmjr","operationId":"t1ec6hbevdvj1a8","previousOperationId":"05dz0wl6i1oah0k"}
{"type":"log","timestamp":1719004207701,"level":"debug","message":"Rendering engine handlebars","meta":{"rootId":"9lr8nys3hz0zae9","id":"rty439f8fnvka5o"},"id":"gnelp3ejyfk39nd","previousOperationId":"t1ec6hbevdvj1a8"}
{"type":"operationEnd","operationId":"t1ec6hbevdvj1a8","timestamp":1719004207714,"id":"2di1o3sokmke0w0","previousEventId":"i967h8t109rgjb2","previousOperationId":"t1ec6hbevdvj1a8"}
{"type":"operationStart","subtype":"recipe","name":"html","timestamp":1719004207714,"id":"nz4gbwjmxz0kptx","previousEventId":"2di1o3sokmke0w0","operationId":"lp0w38xkhjkzphk","previousOperationId":"t1ec6hbevdvj1a8"}
{"type":"log","timestamp":1719004207714,"level":"debug","message":"Executing recipe html","meta":{"rootId":"9lr8nys3hz0zae9","id":"rty439f8fnvka5o"},"id":"jg7mrzxopgm5op3","previousOperationId":"lp0w38xkhjkzphk"}
{"type":"operationEnd","operationId":"lp0w38xkhjkzphk","timestamp":1719004207714,"id":"ee50x6kwqgfz7es","previousEventId":"nz4gbwjmxz0kptx","previousOperationId":"lp0w38xkhjkzphk"}
{"type":"log","timestamp":1719004207714,"level":"debug","message":"Skipping storing report.","meta":{"rootId":"9lr8nys3hz0zae9","id":"rty439f8fnvka5o"},"id":"95j1xoa8tb27j0e","previousOperationId":"lp0w38xkhjkzphk"}
{"type":"log","timestamp":1719004207714,"level":"info","message":"Rendering (child) request finished in 68 ms","meta":{"rootId":"9lr8nys3hz0zae9","id":"rty439f8fnvka5o"},"id":"56pq802aff38mpi","previousOperationId":"lp0w38xkhjkzphk"}
{"type":"operationEnd","subtype":"render","operationId":"05dz0wl6i1oah0k","timestamp":1719004207714,"id":"1ctfosuj8wbyqr9","previousEventId":"ee50x6kwqgfz7es","previousOperationId":"lp0w38xkhjkzphk"}
{"type":"log","timestamp":1719004207718,"level":"debug","message":"Converting with chrome Chrome/126.0.6478.61 using chrome-pool strategy","meta":{"rootId":"9lr8nys3hz0zae9","id":"9lr8nys3hz0zae9"},"id":"xncrck40wkp1j66","previousOperationId":"kvh4xvjl45uxq18"}
{"type":"log","timestamp":1719004207877,"level":"debug","message":"Page request: GET (document) file:///var/folders/2x/1bhfw9mx7d775w_jmf56lcp80000gn/T/jsreport/autocleanup/1285f7c5-e5c1-4993-8f93-c232ca021a6b-chrome-pdf.html","meta":{"rootId":"9lr8nys3hz0zae9","id":"9lr8nys3hz0zae9"},"id":"adoi5vja3vpf19z","previousOperationId":"kvh4xvjl45uxq18"}
{"type":"log","timestamp":1719004207882,"level":"debug","message":"Page request finished: GET (document) 200 file:///var/folders/2x/1bhfw9mx7d775w_jmf56lcp80000gn/T/jsreport/autocleanup/1285f7c5-e5c1-4993-8f93-c232ca021a6b-chrome-pdf.html","meta":{"rootId":"9lr8nys3hz0zae9","id":"9lr8nys3hz0zae9"},"id":"da56clfqsubm792","previousOperationId":"kvh4xvjl45uxq18"}
{"type":"log","timestamp":1719004207882,"level":"debug","message":"Page request: GET (stylesheet) https://cdnjs.cloudflare.com/ajax/libs/metro/4.1.5/css/metro.min.css","meta":{"rootId":"9lr8nys3hz0zae9","id":"9lr8nys3hz0zae9"},"id":"nq2zpjdqm8n4nz3","previousOperationId":"kvh4xvjl45uxq18"}
{"type":"log","timestamp":1719004207882,"level":"debug","message":"Page request: GET (script) https://cdnjs.cloudflare.com/ajax/libs/Chart.js/2.7.2/Chart.min.js","meta":{"rootId":"9lr8nys3hz0zae9","id":"9lr8nys3hz0zae9"},"id":"itrukymtbo3wfu4","previousOperationId":"kvh4xvjl45uxq18"}
{"type":"log","timestamp":1719004207890,"level":"debug","message":"Page request finished: GET (stylesheet) 200 https://cdnjs.cloudflare.com/ajax/libs/metro/4.1.5/css/metro.min.css","meta":{"rootId":"9lr8nys3hz0zae9","id":"9lr8nys3hz0zae9"},"id":"elkycjjgleh6nzc","previousOperationId":"kvh4xvjl45uxq18"}
{"type":"log","timestamp":1719004207891,"level":"debug","message":"Page request finished: GET (script) 200 https://cdnjs.cloudflare.com/ajax/libs/Chart.js/2.7.2/Chart.min.js","meta":{"rootId":"9lr8nys3hz0zae9","id":"9lr8nys3hz0zae9"},"id":"jbbujagh91dv3as","previousOperationId":"kvh4xvjl45uxq18"}
{"type":"log","timestamp":1719004207932,"level":"debug","message":"Running chrome with params {\"displayHeaderFooter\":true,\"headerTemplate\":\"...\",\"footerTemplate\":\"...\",\"marginTop\":\"1cm\",\"marginRight\":\"1cm\",\"marginBottom\":\"2cm\",\"marginLeft\":\"1cm\",\"timeout\":59932,\"margin\":{\"top\":\"1cm\",\"right\":\"1cm\",\"bottom\":\"2cm\",\"left\":\"1cm\"},\"printBackground\":true}","meta":{"rootId":"9lr8nys3hz0zae9","id":"9lr8nys3hz0zae9"},"id":"ahpawwhcm1s8lpy","previousOperationId":"kvh4xvjl45uxq18"}
{"type":"operationEnd","operationId":"kvh4xvjl45uxq18","timestamp":1719004208117,"id":"4swlxkxe476vs41","previousEventId":"tj4bhkr923bquik","previousOperationId":"kvh4xvjl45uxq18"}
{"type":"log","timestamp":1719004208117,"level":"debug","message":"Skipping storing report.","meta":{"rootId":"9lr8nys3hz0zae9","id":"9lr8nys3hz0zae9"},"id":"x7992qg50w79i6d","previousOperationId":"kvh4xvjl45uxq18"}
{"type":"log","timestamp":1719004208117,"level":"info","message":"Rendering request 102 finished in 471 ms","meta":{"rootId":"9lr8nys3hz0zae9","id":"9lr8nys3hz0zae9"},"id":"n6a2hoyr8fhvttj","previousOperationId":"kvh4xvjl45uxq18"}
{"type":"operationEnd","subtype":"render","operationId":"vi1t0b30kc8lc7u","timestamp":1719004208117,"id":"xz6m6cn4vf2980l","previousEventId":"4swlxkxe476vs41","previousOperationId":"kvh4xvjl45uxq18"}
{"type":"operationEnd","doDiffs":false,"previousEventId":"4idd2cnkyfaypgm","previousOperationId":"4m8srhwa7jyx7mi","operationId":"4m8srhwa7jyx7mi","timestamp":1719004208118,"id":"52qhky1idkoiu33"}
