{"type":"operationStart","subtype":"profile","data":{"_id":"56mPbF9Bshrnmj22","timestamp":"2024-06-22T14:43:16.020Z","state":"queued","mode":"standard","creationDate":"2024-06-22T14:43:16.022Z","modificationDate":"2024-06-22T14:43:16.022Z","shortid":"RkkwdpV","$entitySet":"profiles"},"doDiffs":false,"timestamp":1719067396021,"id":"59jfgyegzwsnx30","previousOperationId":null,"operationId":"t99gwcghzih5lit"}
{"type":"log","level":"info","message":"Render request 180 queued for execution and waiting for available worker","previousOperationId":"t99gwcghzih5lit","timestamp":1719067396021,"id":"yhk82uzpun8gf5e"}
{"type":"operationStart","subtype":"render","name":"anonymous","previousOperationId":"t99gwcghzih5lit","timestamp":1719067396027,"id":"9vjvbht747oof5n","previousEventId":"59jfgyegzwsnx30","operationId":"0fl4d2mi4zzka96"}
{"type":"log","timestamp":1719067396027,"level":"info","message":"Starting rendering request 180","meta":{"rootId":"9qiib2undzl5f4l","id":"9qiib2undzl5f4l"},"id":"4wjfh9z9tgj0b1c","previousOperationId":"0fl4d2mi4zzka96"}
{"type":"log","timestamp":1719067396027,"level":"info","message":"Rendering anonymous template { recipe: chrome-pdf, engine: handlebars }","meta":{"rootId":"9qiib2undzl5f4l","id":"9qiib2undzl5f4l"},"id":"0rka5dub993eexw","previousOperationId":"0fl4d2mi4zzka96"}
{"type":"log","timestamp":1719067396028,"level":"debug","message":"Inline data specified.","meta":{"rootId":"9qiib2undzl5f4l","id":"9qiib2undzl5f4l"},"id":"efs9vyxpbu10f3f","previousOperationId":"0fl4d2mi4zzka96"}
{"type":"log","timestamp":1719067396028,"level":"debug","message":"Base url not specified, skipping its injection.","meta":{"rootId":"9qiib2undzl5f4l","id":"9qiib2undzl5f4l"},"id":"81iy1pmzntwjgnj","previousOperationId":"0fl4d2mi4zzka96"}
{"type":"operationStart","subtype":"engine","name":"handlebars","timestamp":1719067396029,"id":"pzmujf9dxbld9df","previousEventId":"9vjvbht747oof5n","operationId":"s6xhhvkcgj6r8ah","previousOperationId":"0fl4d2mi4zzka96"}
{"type":"log","timestamp":1719067396029,"level":"debug","message":"Rendering engine handlebars","meta":{"rootId":"9qiib2undzl5f4l","id":"9qiib2undzl5f4l"},"id":"t83gk5iztjcwies","previousOperationId":"s6xhhvkcgj6r8ah"}
{"type":"log","timestamp":1719067396047,"level":"debug","message":"(console:log) Pdf utils adding group field, value: \"France\"","meta":{"userLevel":true,"rootId":"9qiib2undzl5f4l","id":"9qiib2undzl5f4l"},"id":"qfv2dra0swcavkn","previousOperationId":"s6xhhvkcgj6r8ah"}
{"type":"log","timestamp":1719067396048,"level":"debug","message":"(console:log) Pdf utils adding group field, value: \"Germany\"","meta":{"userLevel":true,"rootId":"9qiib2undzl5f4l","id":"9qiib2undzl5f4l"},"id":"ycue0xeloeglp8g","previousOperationId":"s6xhhvkcgj6r8ah"}
{"type":"operationEnd","operationId":"s6xhhvkcgj6r8ah","timestamp":1719067396049,"id":"v5fyyree5vuwfe5","previousEventId":"pzmujf9dxbld9df","previousOperationId":"s6xhhvkcgj6r8ah"}
{"type":"operationStart","subtype":"recipe","name":"chrome-pdf","timestamp":1719067396049,"id":"nmw42ps54q1yx0m","previousEventId":"v5fyyree5vuwfe5","operationId":"lv516d8hd6es9wl","previousOperationId":"s6xhhvkcgj6r8ah"}
{"type":"log","timestamp":1719067396049,"level":"debug","message":"Executing recipe chrome-pdf","meta":{"rootId":"9qiib2undzl5f4l","id":"9qiib2undzl5f4l"},"id":"jxctcsig5dms2iq","previousOperationId":"lv516d8hd6es9wl"}
{"type":"log","timestamp":1719067396062,"level":"debug","message":"Converting with chrome Chrome/126.0.6478.61 using chrome-pool strategy","meta":{"rootId":"9qiib2undzl5f4l","id":"9qiib2undzl5f4l"},"id":"hdnrx2ur6msktaz","previousOperationId":"lv516d8hd6es9wl"}
{"type":"log","timestamp":1719067396359,"level":"debug","message":"Page request: GET (document) file:///var/folders/2x/1bhfw9mx7d775w_jmf56lcp80000gn/T/jsreport/autocleanup/6fb080c9-ec26-4a22-b581-d12bf1b0f6a9-chrome-pdf.html","meta":{"rootId":"9qiib2undzl5f4l","id":"9qiib2undzl5f4l"},"id":"9pd0d8bm4x00088","previousOperationId":"lv516d8hd6es9wl"}
{"type":"log","timestamp":1719067396388,"level":"debug","message":"Page request: GET (stylesheet) https://cdnjs.cloudflare.com/ajax/libs/metro/4.1.5/css/metro.min.css","meta":{"rootId":"9qiib2undzl5f4l","id":"9qiib2undzl5f4l"},"id":"3prnfn69xc27jdy","previousOperationId":"lv516d8hd6es9wl"}
{"type":"log","timestamp":1719067396388,"level":"debug","message":"Page request: GET (script) https://cdnjs.cloudflare.com/ajax/libs/Chart.js/2.7.2/Chart.min.js","meta":{"rootId":"9qiib2undzl5f4l","id":"9qiib2undzl5f4l"},"id":"ipinuwtkelvopg9","previousOperationId":"lv516d8hd6es9wl"}
{"type":"log","timestamp":1719067396388,"level":"debug","message":"Page request finished: GET (document) 200 file:///var/folders/2x/1bhfw9mx7d775w_jmf56lcp80000gn/T/jsreport/autocleanup/6fb080c9-ec26-4a22-b581-d12bf1b0f6a9-chrome-pdf.html","meta":{"rootId":"9qiib2undzl5f4l","id":"9qiib2undzl5f4l"},"id":"ccn3qsqr8r4uhio","previousOperationId":"lv516d8hd6es9wl"}
{"type":"log","timestamp":1719067396397,"level":"debug","message":"Page request finished: GET (stylesheet) 200 https://cdnjs.cloudflare.com/ajax/libs/metro/4.1.5/css/metro.min.css","meta":{"rootId":"9qiib2undzl5f4l","id":"9qiib2undzl5f4l"},"id":"rn4pi9ulrv36xt0","previousOperationId":"lv516d8hd6es9wl"}
{"type":"log","timestamp":1719067396397,"level":"debug","message":"Page request finished: GET (script) 200 https://cdnjs.cloudflare.com/ajax/libs/Chart.js/2.7.2/Chart.min.js","meta":{"rootId":"9qiib2undzl5f4l","id":"9qiib2undzl5f4l"},"id":"cg2kegwm5xddirz","previousOperationId":"lv516d8hd6es9wl"}
{"type":"log","timestamp":1719067396479,"level":"debug","message":"Running chrome with params {\"marginTop\":\"4cm\",\"marginRight\":\"1.5cm\",\"marginLeft\":\"1.5cm\",\"marginBottom\":\"1.5cm\",\"timeout\":59965,\"margin\":{\"top\":\"4cm\",\"right\":\"1.5cm\",\"bottom\":\"1.5cm\",\"left\":\"1.5cm\"},\"printBackground\":true}","meta":{"rootId":"9qiib2undzl5f4l","id":"9qiib2undzl5f4l"},"id":"7j3534u7l1ubjsq","previousOperationId":"lv516d8hd6es9wl"}
{"type":"operationEnd","operationId":"lv516d8hd6es9wl","timestamp":1719067396733,"id":"vtfxtwr0lj0jg3o","previousEventId":"nmw42ps54q1yx0m","previousOperationId":"lv516d8hd6es9wl"}
{"type":"log","timestamp":1719067396733,"level":"info","message":"pdf-utils is starting pdf processing","meta":{"rootId":"9qiib2undzl5f4l","id":"9qiib2undzl5f4l"},"id":"97wuhmg8v37zebi","previousOperationId":"lv516d8hd6es9wl"}
{"type":"operationStart","subtype":"pdfUtils","name":"pdf utils","timestamp":1719067396733,"id":"u2he0qd9qojez66","previousEventId":"vtfxtwr0lj0jg3o","operationId":"ui5zuu1f1tad19v","previousOperationId":"lv516d8hd6es9wl"}
{"type":"log","timestamp":1719067396733,"level":"debug","message":"pdf-utils detected 1 pdf operation(s) to process","meta":{"rootId":"9qiib2undzl5f4l","id":"9qiib2undzl5f4l"},"id":"p85eehyslc618z8","previousOperationId":"ui5zuu1f1tad19v"}
{"type":"log","timestamp":1719067396747,"level":"debug","message":"pdf-utils running pdf operation merge","meta":{"rootId":"9qiib2undzl5f4l","id":"9qiib2undzl5f4l"},"id":"cgctceguw1juls1","previousOperationId":"ui5zuu1f1tad19v"}
{"type":"operationStart","subtype":"pdfUtilsMerge","name":"pdf utils merge","previousOperationId":"ui5zuu1f1tad19v","timestamp":1719067396747,"id":"6nxwhj7oyoquedb","previousEventId":"u2he0qd9qojez66","operationId":"5qf9meby7f1enfx"}
{"type":"operationStart","subtype":"render","name":"anonymous","previousOperationId":"5qf9meby7f1enfx","timestamp":1719067396747,"id":"c4e7kj1l1qjp5jt","previousEventId":"6nxwhj7oyoquedb","operationId":"wfiwrdriwj7c4an"}
{"type":"log","timestamp":1719067396747,"level":"info","message":"Starting rendering (child) request","meta":{"rootId":"9qiib2undzl5f4l","id":"vnmu7083e9i3j5z"},"id":"loum8sccgm8x3q0","previousOperationId":"wfiwrdriwj7c4an"}
{"type":"log","timestamp":1719067396747,"level":"info","message":"Rendering anonymous template { recipe: chrome-pdf, engine: handlebars }","meta":{"rootId":"9qiib2undzl5f4l","id":"vnmu7083e9i3j5z"},"id":"n81hq1yzvh3nl80","previousOperationId":"wfiwrdriwj7c4an"}
{"type":"log","timestamp":1719067396747,"level":"debug","message":"Inline data specified.","meta":{"rootId":"9qiib2undzl5f4l","id":"vnmu7083e9i3j5z"},"id":"pmw6gjo48idm0zt","previousOperationId":"wfiwrdriwj7c4an"}
{"type":"log","timestamp":1719067396748,"level":"debug","message":"Base url not specified, skipping its injection.","meta":{"rootId":"9qiib2undzl5f4l","id":"vnmu7083e9i3j5z"},"id":"loe8de2oswp0wps","previousOperationId":"wfiwrdriwj7c4an"}
{"type":"operationStart","subtype":"engine","name":"handlebars","timestamp":1719067396748,"id":"alcw3kapn0tgb4t","previousEventId":"c4e7kj1l1qjp5jt","operationId":"8lb5d6r97f0on25","previousOperationId":"wfiwrdriwj7c4an"}
{"type":"log","timestamp":1719067396748,"level":"debug","message":"Rendering engine handlebars","meta":{"rootId":"9qiib2undzl5f4l","id":"vnmu7083e9i3j5z"},"id":"oxphvygd3a77eit","previousOperationId":"8lb5d6r97f0on25"}
{"type":"operationEnd","operationId":"8lb5d6r97f0on25","timestamp":1719067396758,"id":"zf9os13o733jy6m","previousEventId":"alcw3kapn0tgb4t","previousOperationId":"8lb5d6r97f0on25"}
{"type":"operationStart","subtype":"recipe","name":"chrome-pdf","timestamp":1719067396758,"id":"te4d7u7fz0nlbet","previousEventId":"zf9os13o733jy6m","operationId":"ofg102xaaoutdrf","previousOperationId":"8lb5d6r97f0on25"}
{"type":"log","timestamp":1719067396758,"level":"debug","message":"Executing recipe chrome-pdf","meta":{"rootId":"9qiib2undzl5f4l","id":"vnmu7083e9i3j5z"},"id":"hgppykgr5sw0o94","previousOperationId":"ofg102xaaoutdrf"}
{"type":"log","timestamp":1719067396763,"level":"debug","message":"Converting with chrome Chrome/126.0.6478.61 using chrome-pool strategy","meta":{"rootId":"9qiib2undzl5f4l","id":"vnmu7083e9i3j5z"},"id":"ffx9zwmrf84howr","previousOperationId":"ofg102xaaoutdrf"}
{"type":"log","timestamp":1719067396779,"level":"debug","message":"Page request: GET (document) file:///var/folders/2x/1bhfw9mx7d775w_jmf56lcp80000gn/T/jsreport/autocleanup/335bf9b7-14be-49cb-8612-af20dbac2c08-chrome-pdf.html","meta":{"rootId":"9qiib2undzl5f4l","id":"vnmu7083e9i3j5z"},"id":"ak6z8i46r4oizlk","previousOperationId":"ofg102xaaoutdrf"}
{"type":"log","timestamp":1719067396785,"level":"debug","message":"Page request finished: GET (document) 200 file:///var/folders/2x/1bhfw9mx7d775w_jmf56lcp80000gn/T/jsreport/autocleanup/335bf9b7-14be-49cb-8612-af20dbac2c08-chrome-pdf.html","meta":{"rootId":"9qiib2undzl5f4l","id":"vnmu7083e9i3j5z"},"id":"96h37bzlzf4yybq","previousOperationId":"ofg102xaaoutdrf"}
{"type":"log","timestamp":1719067396785,"level":"debug","message":"Page request: GET (stylesheet) https://cdnjs.cloudflare.com/ajax/libs/metro/4.1.5/css/metro.min.css","meta":{"rootId":"9qiib2undzl5f4l","id":"vnmu7083e9i3j5z"},"id":"z2518vly6ec33oy","previousOperationId":"ofg102xaaoutdrf"}
{"type":"log","timestamp":1719067396791,"level":"debug","message":"Page request finished: GET (stylesheet) 200 https://cdnjs.cloudflare.com/ajax/libs/metro/4.1.5/css/metro.min.css","meta":{"rootId":"9qiib2undzl5f4l","id":"vnmu7083e9i3j5z"},"id":"jj3g5ppw0cpox0u","previousOperationId":"ofg102xaaoutdrf"}
{"type":"log","timestamp":1719067396819,"level":"debug","message":"Running chrome with params {\"timeout\":59254,\"margin\":{},\"printBackground\":true}","meta":{"rootId":"9qiib2undzl5f4l","id":"vnmu7083e9i3j5z"},"id":"5sy9fs7yfuk4n40","previousOperationId":"ofg102xaaoutdrf"}
{"type":"operationEnd","operationId":"ofg102xaaoutdrf","timestamp":1719067396947,"id":"vmqu21d1567w9w3","previousEventId":"te4d7u7fz0nlbet","previousOperationId":"ofg102xaaoutdrf"}
{"type":"log","timestamp":1719067396947,"level":"debug","message":"Skipping storing report.","meta":{"rootId":"9qiib2undzl5f4l","id":"vnmu7083e9i3j5z"},"id":"3j6k5pyms5zd39u","previousOperationId":"ofg102xaaoutdrf"}
{"type":"log","timestamp":1719067396947,"level":"info","message":"Rendering (child) request finished in 931 ms","meta":{"rootId":"9qiib2undzl5f4l","id":"vnmu7083e9i3j5z"},"id":"rqna42jvr4v3b2h","previousOperationId":"ofg102xaaoutdrf"}
{"type":"operationEnd","subtype":"render","operationId":"wfiwrdriwj7c4an","timestamp":1719067396947,"id":"9gch83hptqyhcnu","previousEventId":"vmqu21d1567w9w3","previousOperationId":"ofg102xaaoutdrf"}
{"type":"operationEnd","operationId":"5qf9meby7f1enfx","timestamp":1719067396972,"id":"1g5q5g7n4tjpfgk","previousEventId":"6nxwhj7oyoquedb","previousOperationId":"5qf9meby7f1enfx"}
{"type":"log","timestamp":1719067396972,"level":"debug","message":"pdf-utils postprocess start","meta":{"rootId":"9qiib2undzl5f4l","id":"9qiib2undzl5f4l"},"id":"74u65m5ebe97fge","previousOperationId":"5qf9meby7f1enfx"}
{"type":"log","timestamp":1719067396999,"level":"debug","message":"pdf-utils postprocess end","meta":{"rootId":"9qiib2undzl5f4l","id":"9qiib2undzl5f4l"},"id":"rluy2brklrwnkik","previousOperationId":"5qf9meby7f1enfx"}
{"type":"operationEnd","operationId":"ui5zuu1f1tad19v","timestamp":1719067396999,"id":"236ocfkrz4zh3by","previousEventId":"1g5q5g7n4tjpfgk","previousOperationId":"5qf9meby7f1enfx"}
{"type":"log","timestamp":1719067397000,"level":"info","message":"pdf-utils pdf processing was finished","meta":{"rootId":"9qiib2undzl5f4l","id":"9qiib2undzl5f4l"},"id":"bjkrtet27n4g5yd","previousOperationId":"ui5zuu1f1tad19v"}
{"type":"log","timestamp":1719067397000,"level":"debug","message":"Skipping storing report.","meta":{"rootId":"9qiib2undzl5f4l","id":"9qiib2undzl5f4l"},"id":"cemcv2yrvq2c1je","previousOperationId":"ui5zuu1f1tad19v"}
{"type":"log","timestamp":1719067397000,"level":"info","message":"Rendering request 180 finished in 984 ms","meta":{"rootId":"9qiib2undzl5f4l","id":"9qiib2undzl5f4l"},"id":"43jc52zaeq70ni5","previousOperationId":"ui5zuu1f1tad19v"}
{"type":"operationEnd","subtype":"render","operationId":"0fl4d2mi4zzka96","timestamp":1719067397000,"id":"f92tzem5ivhuwdw","previousEventId":"236ocfkrz4zh3by","previousOperationId":"ui5zuu1f1tad19v"}
{"type":"operationEnd","doDiffs":false,"previousEventId":"59jfgyegzwsnx30","previousOperationId":"t99gwcghzih5lit","operationId":"t99gwcghzih5lit","timestamp":1719067397001,"id":"nfc21j0gupkh8zm"}
