{"type":"operationStart","subtype":"profile","data":{"_id":"OtA9b7yPhorMxH74","timestamp":"2024-06-20T22:49:05.767Z","state":"queued","mode":"standard","creationDate":"2024-06-20T22:49:05.771Z","modificationDate":"2024-06-20T22:49:05.771Z","shortid":"WWo9qfP","$entitySet":"profiles"},"doDiffs":false,"timestamp":1718923745770,"id":"dqqafk83ixwugsf","previousOperationId":null,"operationId":"pcuyiqc9lfqljg8"}
{"type":"log","level":"info","message":"Render request 14 queued for execution and waiting for available worker","previousOperationId":"pcuyiqc9lfqljg8","timestamp":1718923745770,"id":"10sbtxr3bj8cd2q"}
{"type":"operationStart","subtype":"render","name":"anonymous","previousOperationId":"pcuyiqc9lfqljg8","timestamp":1718923745778,"id":"w8mjq381amqqoy7","previousEventId":"dqqafk83ixwugsf","operationId":"ylrgk7xn5jqvxju"}
{"type":"log","timestamp":1718923745778,"level":"info","message":"Starting rendering request 14","meta":{"rootId":"9w4jzu99e9ijjxj","id":"9w4jzu99e9ijjxj"},"id":"wx4qtxq3y1si74b","previousOperationId":"ylrgk7xn5jqvxju"}
{"type":"log","timestamp":1718923745779,"level":"info","message":"Rendering anonymous template { recipe: chrome-pdf, engine: handlebars }","meta":{"rootId":"9w4jzu99e9ijjxj","id":"9w4jzu99e9ijjxj"},"id":"z5uqehk33ds4rk4","previousOperationId":"ylrgk7xn5jqvxju"}
{"type":"log","timestamp":1718923745779,"level":"debug","message":"Inline data specified.","meta":{"rootId":"9w4jzu99e9ijjxj","id":"9w4jzu99e9ijjxj"},"id":"0hr0mm0oka8675t","previousOperationId":"ylrgk7xn5jqvxju"}
{"type":"log","timestamp":1718923745779,"level":"debug","message":"Base url not specified, skipping its injection.","meta":{"rootId":"9w4jzu99e9ijjxj","id":"9w4jzu99e9ijjxj"},"id":"5srvkk0tcpe02ob","previousOperationId":"ylrgk7xn5jqvxju"}
{"type":"operationStart","subtype":"engine","name":"handlebars","timestamp":1718923745780,"id":"1ambpt8ku95j8q2","previousEventId":"w8mjq381amqqoy7","operationId":"9gggcqporjvdbgh","previousOperationId":"ylrgk7xn5jqvxju"}
{"type":"log","timestamp":1718923745780,"level":"debug","message":"Rendering engine handlebars","meta":{"rootId":"9w4jzu99e9ijjxj","id":"9w4jzu99e9ijjxj"},"id":"dmz47wvyq2zkyn6","previousOperationId":"9gggcqporjvdbgh"}
{"type":"operationEnd","operationId":"9gggcqporjvdbgh","timestamp":1718923745814,"id":"9rdy6e5f7ld99wk","previousEventId":"1ambpt8ku95j8q2","previousOperationId":"9gggcqporjvdbgh"}
{"type":"operationStart","subtype":"recipe","name":"chrome-pdf","timestamp":1718923745814,"id":"ep6gz0vf5xw6dsl","previousEventId":"9rdy6e5f7ld99wk","operationId":"to1ylazlffv2dz7","previousOperationId":"9gggcqporjvdbgh"}
{"type":"log","timestamp":1718923745814,"level":"debug","message":"Executing recipe chrome-pdf","meta":{"rootId":"9w4jzu99e9ijjxj","id":"9w4jzu99e9ijjxj"},"id":"sycafgnaht2tjqn","previousOperationId":"to1ylazlffv2dz7"}
{"type":"log","timestamp":1718923745836,"level":"debug","message":"Converting with chrome Chrome/126.0.6478.61 using chrome-pool strategy","meta":{"rootId":"9w4jzu99e9ijjxj","id":"9w4jzu99e9ijjxj"},"id":"122h3ph78qv7x5l","previousOperationId":"to1ylazlffv2dz7"}
{"type":"log","timestamp":1718923746330,"level":"debug","message":"Page request: GET (document) file:///var/folders/2x/1bhfw9mx7d775w_jmf56lcp80000gn/T/jsreport/autocleanup/cd0f811d-e896-479e-a974-7faa1244d7ed-chrome-pdf.html","meta":{"rootId":"9w4jzu99e9ijjxj","id":"9w4jzu99e9ijjxj"},"id":"c2yv05z4gbcrewt","previousOperationId":"to1ylazlffv2dz7"}
{"type":"log","timestamp":1718923746352,"level":"debug","message":"Page request finished: GET (document) 200 file:///var/folders/2x/1bhfw9mx7d775w_jmf56lcp80000gn/T/jsreport/autocleanup/cd0f811d-e896-479e-a974-7faa1244d7ed-chrome-pdf.html","meta":{"rootId":"9w4jzu99e9ijjxj","id":"9w4jzu99e9ijjxj"},"id":"f0ftww9c4buqmef","previousOperationId":"to1ylazlffv2dz7"}
{"type":"log","timestamp":1718923746357,"level":"debug","message":"Running chrome with params {\"timeout\":59945,\"margin\":{},\"printBackground\":true}","meta":{"rootId":"9w4jzu99e9ijjxj","id":"9w4jzu99e9ijjxj"},"id":"6fkssa707w0dg2h","previousOperationId":"to1ylazlffv2dz7"}
{"type":"operationEnd","operationId":"to1ylazlffv2dz7","timestamp":1718923746431,"id":"276u4ueoou72ox1","previousEventId":"ep6gz0vf5xw6dsl","previousOperationId":"to1ylazlffv2dz7"}
{"type":"log","timestamp":1718923746431,"level":"debug","message":"Skipping storing report.","meta":{"rootId":"9w4jzu99e9ijjxj","id":"9w4jzu99e9ijjxj"},"id":"jtdg87h3a67z6gf","previousOperationId":"to1ylazlffv2dz7"}
{"type":"log","timestamp":1718923746431,"level":"info","message":"Rendering request 14 finished in 668 ms","meta":{"rootId":"9w4jzu99e9ijjxj","id":"9w4jzu99e9ijjxj"},"id":"r9usunbvrj6qii2","previousOperationId":"to1ylazlffv2dz7"}
{"type":"operationEnd","subtype":"render","operationId":"ylrgk7xn5jqvxju","timestamp":1718923746431,"id":"fqqtmugyh75eaed","previousEventId":"276u4ueoou72ox1","previousOperationId":"to1ylazlffv2dz7"}
{"type":"operationEnd","doDiffs":false,"previousEventId":"dqqafk83ixwugsf","previousOperationId":"pcuyiqc9lfqljg8","operationId":"pcuyiqc9lfqljg8","timestamp":1718923746431,"id":"gntgrtspzo4d68x"}
