{"type":"operationStart","subtype":"profile","data":{"_id":"8wPqRwsM4KZtcfZo","timestamp":"2024-06-21T21:54:13.798Z","state":"queued","mode":"standard","creationDate":"2024-06-21T21:54:13.799Z","modificationDate":"2024-06-21T21:54:13.799Z","shortid":"DH5q7kB","$entitySet":"profiles"},"doDiffs":false,"timestamp":1719006853799,"id":"pds5r3yz48g1opr","previousOperationId":null,"operationId":"wd8t2dy3v2x45gs"}
{"type":"log","level":"info","message":"Render request 119 queued for execution and waiting for available worker","previousOperationId":"wd8t2dy3v2x45gs","timestamp":1719006853799,"id":"3dha0kjfschg0e8"}
{"type":"operationStart","subtype":"render","name":"anonymous","previousOperationId":"wd8t2dy3v2x45gs","timestamp":1719006853813,"id":"d421lmrj148n4vh","previousEventId":"pds5r3yz48g1opr","operationId":"skeik83z3t0j51a"}
{"type":"log","timestamp":1719006853813,"level":"info","message":"Starting rendering request 119","meta":{"rootId":"9xtsqhjoc799s6r","id":"9xtsqhjoc799s6r"},"id":"7c75az426xqpagl","previousOperationId":"skeik83z3t0j51a"}
{"type":"log","timestamp":1719006853813,"level":"info","message":"Rendering anonymous template { recipe: chrome-pdf, engine: handlebars }","meta":{"rootId":"9xtsqhjoc799s6r","id":"9xtsqhjoc799s6r"},"id":"4pstsexcrqmf3wb","previousOperationId":"skeik83z3t0j51a"}
{"type":"log","timestamp":1719006853813,"level":"debug","message":"Inline data specified.","meta":{"rootId":"9xtsqhjoc799s6r","id":"9xtsqhjoc799s6r"},"id":"yzqho1zr3k9wa98","previousOperationId":"skeik83z3t0j51a"}
{"type":"log","timestamp":1719006853814,"level":"debug","message":"Base url not specified, skipping its injection.","meta":{"rootId":"9xtsqhjoc799s6r","id":"9xtsqhjoc799s6r"},"id":"jq8audcicux5kp2","previousOperationId":"skeik83z3t0j51a"}
{"type":"operationStart","subtype":"engine","name":"handlebars","timestamp":1719006853814,"id":"ccrx3h62bicrw5f","previousEventId":"d421lmrj148n4vh","operationId":"bdl1mbiyxnvdcde","previousOperationId":"skeik83z3t0j51a"}
{"type":"log","timestamp":1719006853814,"level":"debug","message":"Rendering engine handlebars","meta":{"rootId":"9xtsqhjoc799s6r","id":"9xtsqhjoc799s6r"},"id":"3wa5o9nr07v93wp","previousOperationId":"bdl1mbiyxnvdcde"}
{"type":"log","timestamp":1719006853818,"level":"debug","message":"(console:log) Pdf utils adding group field, value: \"France\"","meta":{"userLevel":true,"rootId":"9xtsqhjoc799s6r","id":"9xtsqhjoc799s6r"},"id":"i0ls0bbukcxd4lz","previousOperationId":"bdl1mbiyxnvdcde"}
{"type":"log","timestamp":1719006853819,"level":"debug","message":"(console:log) Pdf utils adding group field, value: \"Germany\"","meta":{"userLevel":true,"rootId":"9xtsqhjoc799s6r","id":"9xtsqhjoc799s6r"},"id":"x186fqwnx38zcrb","previousOperationId":"bdl1mbiyxnvdcde"}
{"type":"operationEnd","operationId":"bdl1mbiyxnvdcde","timestamp":1719006853819,"id":"3gzq4fv4yc6g1ca","previousEventId":"ccrx3h62bicrw5f","previousOperationId":"bdl1mbiyxnvdcde"}
{"type":"operationStart","subtype":"recipe","name":"chrome-pdf","timestamp":1719006853819,"id":"21tuubtepmx90ht","previousEventId":"3gzq4fv4yc6g1ca","operationId":"zcs4v0deml2z3kb","previousOperationId":"bdl1mbiyxnvdcde"}
{"type":"log","timestamp":1719006853819,"level":"debug","message":"Executing recipe chrome-pdf","meta":{"rootId":"9xtsqhjoc799s6r","id":"9xtsqhjoc799s6r"},"id":"7tffdfpv80bxf7h","previousOperationId":"zcs4v0deml2z3kb"}
{"type":"log","timestamp":1719006853820,"level":"debug","message":"Starting child request to render pdf header","meta":{"rootId":"9xtsqhjoc799s6r","id":"9xtsqhjoc799s6r"},"id":"ybnw6bz9wxwhy16","previousOperationId":"zcs4v0deml2z3kb"}
{"type":"operationStart","subtype":"render","name":"anonymous","previousOperationId":"zcs4v0deml2z3kb","timestamp":1719006853820,"id":"tk52q517c2fgr4q","previousEventId":"21tuubtepmx90ht","operationId":"xuyx4unb8yo3x6k"}
{"type":"log","timestamp":1719006853820,"level":"info","message":"Starting rendering (child) request","meta":{"rootId":"9xtsqhjoc799s6r","id":"ecq4lptfk1y21r1"},"id":"ximgjt4g0zdt4jj","previousOperationId":"xuyx4unb8yo3x6k"}
{"type":"log","timestamp":1719006853820,"level":"info","message":"Rendering anonymous template { recipe: html, engine: handlebars }","meta":{"rootId":"9xtsqhjoc799s6r","id":"ecq4lptfk1y21r1"},"id":"v6ffk1v1bbfn3el","previousOperationId":"xuyx4unb8yo3x6k"}
{"type":"log","timestamp":1719006853820,"level":"debug","message":"Inline data specified.","meta":{"rootId":"9xtsqhjoc799s6r","id":"ecq4lptfk1y21r1"},"id":"bxj5khvvwjf387p","previousOperationId":"xuyx4unb8yo3x6k"}
{"type":"log","timestamp":1719006853820,"level":"debug","message":"Base url not specified, skipping its injection.","meta":{"rootId":"9xtsqhjoc799s6r","id":"ecq4lptfk1y21r1"},"id":"qalp38n43rnsb11","previousOperationId":"xuyx4unb8yo3x6k"}
{"type":"operationStart","subtype":"engine","name":"handlebars","timestamp":1719006853820,"id":"z47okztkr6wo1k1","previousEventId":"tk52q517c2fgr4q","operationId":"jd5zqcm0xr3wo2s","previousOperationId":"xuyx4unb8yo3x6k"}
{"type":"log","timestamp":1719006853820,"level":"debug","message":"Rendering engine handlebars","meta":{"rootId":"9xtsqhjoc799s6r","id":"ecq4lptfk1y21r1"},"id":"6vdi1px7zwcn9dw","previousOperationId":"jd5zqcm0xr3wo2s"}
{"type":"operationEnd","operationId":"jd5zqcm0xr3wo2s","timestamp":1719006853823,"id":"klz24pkxnrx9n3j","previousEventId":"z47okztkr6wo1k1","previousOperationId":"jd5zqcm0xr3wo2s"}
{"type":"operationStart","subtype":"recipe","name":"html","timestamp":1719006853823,"id":"qkdc796z16k56jw","previousEventId":"klz24pkxnrx9n3j","operationId":"2fejs4dztzl7pmc","previousOperationId":"jd5zqcm0xr3wo2s"}
{"type":"log","timestamp":1719006853823,"level":"debug","message":"Executing recipe html","meta":{"rootId":"9xtsqhjoc799s6r","id":"ecq4lptfk1y21r1"},"id":"ufgb193fturj66z","previousOperationId":"2fejs4dztzl7pmc"}
{"type":"operationEnd","operationId":"2fejs4dztzl7pmc","timestamp":1719006853823,"id":"7hr3bc8tigtp71a","previousEventId":"qkdc796z16k56jw","previousOperationId":"2fejs4dztzl7pmc"}
{"type":"log","timestamp":1719006853823,"level":"debug","message":"Skipping storing report.","meta":{"rootId":"9xtsqhjoc799s6r","id":"ecq4lptfk1y21r1"},"id":"mfq2omcjyoa5bs5","previousOperationId":"2fejs4dztzl7pmc"}
{"type":"log","timestamp":1719006853823,"level":"info","message":"Rendering (child) request finished in 26 ms","meta":{"rootId":"9xtsqhjoc799s6r","id":"ecq4lptfk1y21r1"},"id":"i9bczvtdxp8r3tf","previousOperationId":"2fejs4dztzl7pmc"}
{"type":"operationEnd","subtype":"render","operationId":"xuyx4unb8yo3x6k","timestamp":1719006853823,"id":"fh209fa5kuyduur","previousEventId":"7hr3bc8tigtp71a","previousOperationId":"2fejs4dztzl7pmc"}
{"type":"log","timestamp":1719006853823,"level":"debug","message":"Starting child request to render pdf footer","meta":{"rootId":"9xtsqhjoc799s6r","id":"9xtsqhjoc799s6r"},"id":"fu58s4oozhkuzjb","previousOperationId":"zcs4v0deml2z3kb"}
{"type":"operationStart","subtype":"render","name":"anonymous","previousOperationId":"zcs4v0deml2z3kb","timestamp":1719006853823,"id":"azyvfm0ewhjzxx2","previousEventId":"21tuubtepmx90ht","operationId":"5ztgwflicp8hca7"}
{"type":"log","timestamp":1719006853823,"level":"info","message":"Starting rendering (child) request","meta":{"rootId":"9xtsqhjoc799s6r","id":"xqi081k3x418r0b"},"id":"f7zqtj65uxhu25w","previousOperationId":"5ztgwflicp8hca7"}
{"type":"log","timestamp":1719006853823,"level":"info","message":"Rendering anonymous template { recipe: html, engine: handlebars }","meta":{"rootId":"9xtsqhjoc799s6r","id":"xqi081k3x418r0b"},"id":"pmvryp6yczq9m6u","previousOperationId":"5ztgwflicp8hca7"}
{"type":"log","timestamp":1719006853823,"level":"debug","message":"Inline data specified.","meta":{"rootId":"9xtsqhjoc799s6r","id":"xqi081k3x418r0b"},"id":"l2k6dx15g0tffmi","previousOperationId":"5ztgwflicp8hca7"}
{"type":"log","timestamp":1719006853823,"level":"debug","message":"Base url not specified, skipping its injection.","meta":{"rootId":"9xtsqhjoc799s6r","id":"xqi081k3x418r0b"},"id":"6hdgabf50vy8lkv","previousOperationId":"5ztgwflicp8hca7"}
{"type":"operationStart","subtype":"engine","name":"handlebars","timestamp":1719006853823,"id":"v52tj4mlxa7fs6e","previousEventId":"azyvfm0ewhjzxx2","operationId":"ysjmgtzf9avl14s","previousOperationId":"5ztgwflicp8hca7"}
{"type":"log","timestamp":1719006853823,"level":"debug","message":"Rendering engine handlebars","meta":{"rootId":"9xtsqhjoc799s6r","id":"xqi081k3x418r0b"},"id":"qny3mbjwwkcj169","previousOperationId":"ysjmgtzf9avl14s"}
{"type":"operationEnd","operationId":"ysjmgtzf9avl14s","timestamp":1719006853827,"id":"ugnfeq8cpibsdrc","previousEventId":"v52tj4mlxa7fs6e","previousOperationId":"ysjmgtzf9avl14s"}
{"type":"operationStart","subtype":"recipe","name":"html","timestamp":1719006853827,"id":"ugg7yojtdkuq4v5","previousEventId":"ugnfeq8cpibsdrc","operationId":"0zdw4iufpj7namr","previousOperationId":"ysjmgtzf9avl14s"}
{"type":"log","timestamp":1719006853827,"level":"debug","message":"Executing recipe html","meta":{"rootId":"9xtsqhjoc799s6r","id":"xqi081k3x418r0b"},"id":"4z9drbutp30rx4g","previousOperationId":"0zdw4iufpj7namr"}
{"type":"operationEnd","operationId":"0zdw4iufpj7namr","timestamp":1719006853827,"id":"ygsibguvb2zwejt","previousEventId":"ugg7yojtdkuq4v5","previousOperationId":"0zdw4iufpj7namr"}
{"type":"log","timestamp":1719006853827,"level":"debug","message":"Skipping storing report.","meta":{"rootId":"9xtsqhjoc799s6r","id":"xqi081k3x418r0b"},"id":"sttm202kulaql9v","previousOperationId":"0zdw4iufpj7namr"}
{"type":"log","timestamp":1719006853827,"level":"info","message":"Rendering (child) request finished in 30 ms","meta":{"rootId":"9xtsqhjoc799s6r","id":"xqi081k3x418r0b"},"id":"ht6k4d151opcaig","previousOperationId":"0zdw4iufpj7namr"}
{"type":"operationEnd","subtype":"render","operationId":"5ztgwflicp8hca7","timestamp":1719006853827,"id":"qw3my3r8wuuvqos","previousEventId":"ygsibguvb2zwejt","previousOperationId":"0zdw4iufpj7namr"}
{"type":"log","timestamp":1719006853828,"level":"debug","message":"Converting with chrome Chrome/126.0.6478.61 using chrome-pool strategy","meta":{"rootId":"9xtsqhjoc799s6r","id":"9xtsqhjoc799s6r"},"id":"ahukes3sw2zvu3j","previousOperationId":"zcs4v0deml2z3kb"}
{"type":"log","timestamp":1719006853909,"level":"debug","message":"Page request: GET (document) file:///var/folders/2x/1bhfw9mx7d775w_jmf56lcp80000gn/T/jsreport/autocleanup/3dec502c-c675-48ed-8575-17b483e067ba-chrome-pdf.html","meta":{"rootId":"9xtsqhjoc799s6r","id":"9xtsqhjoc799s6r"},"id":"is3tq9x2nzkpkpu","previousOperationId":"zcs4v0deml2z3kb"}
{"type":"log","timestamp":1719006853913,"level":"debug","message":"Page request finished: GET (document) 200 file:///var/folders/2x/1bhfw9mx7d775w_jmf56lcp80000gn/T/jsreport/autocleanup/3dec502c-c675-48ed-8575-17b483e067ba-chrome-pdf.html","meta":{"rootId":"9xtsqhjoc799s6r","id":"9xtsqhjoc799s6r"},"id":"9dd9tbaqfl7zx21","previousOperationId":"zcs4v0deml2z3kb"}
{"type":"log","timestamp":1719006853913,"level":"debug","message":"Page request: GET (stylesheet) https://cdnjs.cloudflare.com/ajax/libs/metro/4.1.5/css/metro.min.css","meta":{"rootId":"9xtsqhjoc799s6r","id":"9xtsqhjoc799s6r"},"id":"jovgn9e9cp6l7n8","previousOperationId":"zcs4v0deml2z3kb"}
{"type":"log","timestamp":1719006853913,"level":"debug","message":"Page request: GET (script) https://cdnjs.cloudflare.com/ajax/libs/Chart.js/2.7.2/Chart.min.js","meta":{"rootId":"9xtsqhjoc799s6r","id":"9xtsqhjoc799s6r"},"id":"sl71b60tsnr5shu","previousOperationId":"zcs4v0deml2z3kb"}
{"type":"log","timestamp":1719006853922,"level":"debug","message":"Page request finished: GET (stylesheet) 200 https://cdnjs.cloudflare.com/ajax/libs/metro/4.1.5/css/metro.min.css","meta":{"rootId":"9xtsqhjoc799s6r","id":"9xtsqhjoc799s6r"},"id":"92yuuuxtmbjwy5x","previousOperationId":"zcs4v0deml2z3kb"}
{"type":"log","timestamp":1719006853923,"level":"debug","message":"Page request finished: GET (script) 200 https://cdnjs.cloudflare.com/ajax/libs/Chart.js/2.7.2/Chart.min.js","meta":{"rootId":"9xtsqhjoc799s6r","id":"9xtsqhjoc799s6r"},"id":"jd515i6nr6hmzsa","previousOperationId":"zcs4v0deml2z3kb"}
{"type":"log","timestamp":1719006853963,"level":"debug","message":"Running chrome with params {\"displayHeaderFooter\":true,\"headerTemplate\":\"...\",\"footerTemplate\":\"...\",\"marginTop\":\"4cm\",\"marginRight\":\"1.5cm\",\"marginLeft\":\"1.5cm\",\"marginBottom\":\"1.5cm\",\"timeout\":59970,\"margin\":{\"top\":\"4cm\",\"right\":\"1.5cm\",\"bottom\":\"1.5cm\",\"left\":\"1.5cm\"},\"printBackground\":true}","meta":{"rootId":"9xtsqhjoc799s6r","id":"9xtsqhjoc799s6r"},"id":"l23hwchjy5rr9hf","previousOperationId":"zcs4v0deml2z3kb"}
{"type":"operationEnd","operationId":"zcs4v0deml2z3kb","timestamp":1719006854152,"id":"bbz75576u1v9wx7","previousEventId":"21tuubtepmx90ht","previousOperationId":"zcs4v0deml2z3kb"}
{"type":"log","timestamp":1719006854152,"level":"debug","message":"Skipping storing report.","meta":{"rootId":"9xtsqhjoc799s6r","id":"9xtsqhjoc799s6r"},"id":"ppwamj5posteeg5","previousOperationId":"zcs4v0deml2z3kb"}
{"type":"log","timestamp":1719006854152,"level":"info","message":"Rendering request 119 finished in 355 ms","meta":{"rootId":"9xtsqhjoc799s6r","id":"9xtsqhjoc799s6r"},"id":"htv835wnza6g9ua","previousOperationId":"zcs4v0deml2z3kb"}
{"type":"operationEnd","subtype":"render","operationId":"skeik83z3t0j51a","timestamp":1719006854152,"id":"ug9crolj3n7c85z","previousEventId":"bbz75576u1v9wx7","previousOperationId":"zcs4v0deml2z3kb"}
{"type":"operationEnd","doDiffs":false,"previousEventId":"pds5r3yz48g1opr","previousOperationId":"wd8t2dy3v2x45gs","operationId":"wd8t2dy3v2x45gs","timestamp":1719006854152,"id":"5078jb4lj3pwitj"}
