{"type":"operationStart","subtype":"profile","data":{"_id":"Ojp3ZwMBXaae8yTl","timestamp":"2024-06-21T19:50:42.599Z","state":"queued","mode":"standard","creationDate":"2024-06-21T19:50:42.601Z","modificationDate":"2024-06-21T19:50:42.601Z","shortid":"bLtbeOU","$entitySet":"profiles"},"doDiffs":false,"timestamp":1718999442600,"id":"09p7el6u6q69wvp","previousOperationId":null,"operationId":"lsto391qz5uygr3"}
{"type":"log","level":"info","message":"Render request 55 queued for execution and waiting for available worker","previousOperationId":"lsto391qz5uygr3","timestamp":1718999442600,"id":"1g36linmibqpjgs"}
{"type":"operationStart","subtype":"render","name":"anonymous","previousOperationId":"lsto391qz5uygr3","timestamp":1718999442607,"id":"1k4oatofmqdgyik","previousEventId":"09p7el6u6q69wvp","operationId":"cembnd9q8f0m3k0"}
{"type":"log","timestamp":1718999442607,"level":"info","message":"Starting rendering request 55","meta":{"rootId":"a0gqwi5vddwy0wd","id":"a0gqwi5vddwy0wd"},"id":"dsxdfe16qu5543f","previousOperationId":"cembnd9q8f0m3k0"}
{"type":"log","timestamp":1718999442607,"level":"info","message":"Rendering anonymous template { recipe: chrome-pdf, engine: handlebars }","meta":{"rootId":"a0gqwi5vddwy0wd","id":"a0gqwi5vddwy0wd"},"id":"gcilq1erwuakdmi","previousOperationId":"cembnd9q8f0m3k0"}
{"type":"log","timestamp":1718999442608,"level":"debug","message":"Inline data specified.","meta":{"rootId":"a0gqwi5vddwy0wd","id":"a0gqwi5vddwy0wd"},"id":"ak3ju8w43khzo6j","previousOperationId":"cembnd9q8f0m3k0"}
{"type":"log","timestamp":1718999442611,"level":"debug","message":"Base url not specified, skipping its injection.","meta":{"rootId":"a0gqwi5vddwy0wd","id":"a0gqwi5vddwy0wd"},"id":"8w4j0gctrv73res","previousOperationId":"cembnd9q8f0m3k0"}
{"type":"operationStart","subtype":"engine","name":"handlebars","timestamp":1718999442613,"id":"zans7702mjynjeo","previousEventId":"1k4oatofmqdgyik","operationId":"sdxahdgm30ml4bq","previousOperationId":"cembnd9q8f0m3k0"}
{"type":"log","timestamp":1718999442613,"level":"debug","message":"Rendering engine handlebars","meta":{"rootId":"a0gqwi5vddwy0wd","id":"a0gqwi5vddwy0wd"},"id":"ridm9iojfv5wl8p","previousOperationId":"sdxahdgm30ml4bq"}
{"type":"operationEnd","operationId":"sdxahdgm30ml4bq","timestamp":1718999442622,"id":"ezdezgrb4ivwqma","previousEventId":"zans7702mjynjeo","previousOperationId":"sdxahdgm30ml4bq"}
{"type":"operationStart","subtype":"recipe","name":"chrome-pdf","timestamp":1718999442622,"id":"yqamsqpt5kx4rei","previousEventId":"ezdezgrb4ivwqma","operationId":"csmdoep3qozm0ob","previousOperationId":"sdxahdgm30ml4bq"}
{"type":"log","timestamp":1718999442622,"level":"debug","message":"Executing recipe chrome-pdf","meta":{"rootId":"a0gqwi5vddwy0wd","id":"a0gqwi5vddwy0wd"},"id":"hrhwh22zf8o3obg","previousOperationId":"csmdoep3qozm0ob"}
{"type":"log","timestamp":1718999442624,"level":"debug","message":"Converting with chrome Chrome/126.0.6478.61 using chrome-pool strategy","meta":{"rootId":"a0gqwi5vddwy0wd","id":"a0gqwi5vddwy0wd"},"id":"43i34bsfo4p93xt","previousOperationId":"csmdoep3qozm0ob"}
{"type":"log","timestamp":1718999442707,"level":"debug","message":"Page request: GET (document) file:///var/folders/2x/1bhfw9mx7d775w_jmf56lcp80000gn/T/jsreport/autocleanup/7d9f4fc0-dad9-4840-a685-85477e31b48b-chrome-pdf.html","meta":{"rootId":"a0gqwi5vddwy0wd","id":"a0gqwi5vddwy0wd"},"id":"se7pcjj3ca782kb","previousOperationId":"csmdoep3qozm0ob"}
{"type":"log","timestamp":1718999442711,"level":"debug","message":"Page request finished: GET (document) 200 file:///var/folders/2x/1bhfw9mx7d775w_jmf56lcp80000gn/T/jsreport/autocleanup/7d9f4fc0-dad9-4840-a685-85477e31b48b-chrome-pdf.html","meta":{"rootId":"a0gqwi5vddwy0wd","id":"a0gqwi5vddwy0wd"},"id":"425nbnipv4o3qe4","previousOperationId":"csmdoep3qozm0ob"}
{"type":"log","timestamp":1718999442711,"level":"debug","message":"Page request: GET (stylesheet) https://cdnjs.cloudflare.com/ajax/libs/metro/4.1.5/css/metro.min.css","meta":{"rootId":"a0gqwi5vddwy0wd","id":"a0gqwi5vddwy0wd"},"id":"q8tfc5zvkesj7jl","previousOperationId":"csmdoep3qozm0ob"}
{"type":"log","timestamp":1718999442711,"level":"debug","message":"Page request: GET (script) https://cdnjs.cloudflare.com/ajax/libs/Chart.js/2.7.2/Chart.min.js","meta":{"rootId":"a0gqwi5vddwy0wd","id":"a0gqwi5vddwy0wd"},"id":"akaau9jiyl1u63i","previousOperationId":"csmdoep3qozm0ob"}
{"type":"log","timestamp":1718999442718,"level":"debug","message":"Page request finished: GET (stylesheet) 200 https://cdnjs.cloudflare.com/ajax/libs/metro/4.1.5/css/metro.min.css","meta":{"rootId":"a0gqwi5vddwy0wd","id":"a0gqwi5vddwy0wd"},"id":"ox3gs8adqrjo4sa","previousOperationId":"csmdoep3qozm0ob"}
{"type":"log","timestamp":1718999442718,"level":"debug","message":"Page request finished: GET (script) 200 https://cdnjs.cloudflare.com/ajax/libs/Chart.js/2.7.2/Chart.min.js","meta":{"rootId":"a0gqwi5vddwy0wd","id":"a0gqwi5vddwy0wd"},"id":"pnex3eswtcnkrls","previousOperationId":"csmdoep3qozm0ob"}
{"type":"log","timestamp":1718999442723,"level":"debug","message":"Running chrome with params {\"timeout\":59976,\"margin\":{},\"printBackground\":true}","meta":{"rootId":"a0gqwi5vddwy0wd","id":"a0gqwi5vddwy0wd"},"id":"6tbvtuz8g6st6qw","previousOperationId":"csmdoep3qozm0ob"}
{"type":"operationEnd","operationId":"csmdoep3qozm0ob","timestamp":1718999442763,"id":"c9ehn5743or2mjm","previousEventId":"yqamsqpt5kx4rei","previousOperationId":"csmdoep3qozm0ob"}
{"type":"log","timestamp":1718999442763,"level":"debug","message":"Skipping storing report.","meta":{"rootId":"a0gqwi5vddwy0wd","id":"a0gqwi5vddwy0wd"},"id":"f2a34ku1f0ua6r4","previousOperationId":"csmdoep3qozm0ob"}
{"type":"log","timestamp":1718999442763,"level":"info","message":"Rendering request 55 finished in 165 ms","meta":{"rootId":"a0gqwi5vddwy0wd","id":"a0gqwi5vddwy0wd"},"id":"8bthis1j5s52m15","previousOperationId":"csmdoep3qozm0ob"}
{"type":"operationEnd","subtype":"render","operationId":"cembnd9q8f0m3k0","timestamp":1718999442763,"id":"x1v27rxks2wv3j8","previousEventId":"c9ehn5743or2mjm","previousOperationId":"csmdoep3qozm0ob"}
{"type":"operationEnd","doDiffs":false,"previousEventId":"09p7el6u6q69wvp","previousOperationId":"lsto391qz5uygr3","operationId":"lsto391qz5uygr3","timestamp":1718999442763,"id":"xlw18vozq04bizc"}
