{"type":"operationStart","subtype":"profile","data":{"_id":"qyoJ3gwaoCdxq9N1","timestamp":"2024-06-21T19:57:14.582Z","state":"queued","mode":"standard","creationDate":"2024-06-21T19:57:14.583Z","modificationDate":"2024-06-21T19:57:14.583Z","shortid":"azTNN-C","$entitySet":"profiles"},"doDiffs":false,"timestamp":1718999834582,"id":"w11i248tnwo46rj","previousOperationId":null,"operationId":"dgfd8wfb50w6mtl"}
{"type":"log","level":"info","message":"Render request 66 queued for execution and waiting for available worker","previousOperationId":"dgfd8wfb50w6mtl","timestamp":1718999834582,"id":"a3jmkey67dj5ksn"}
{"type":"operationStart","subtype":"render","name":"anonymous","previousOperationId":"dgfd8wfb50w6mtl","timestamp":1718999834587,"id":"mzghrowzar78eht","previousEventId":"w11i248tnwo46rj","operationId":"dk74yaxrovz6at6"}
{"type":"log","timestamp":1718999834587,"level":"info","message":"Starting rendering request 66","meta":{"rootId":"a5sdmu87171ffug","id":"a5sdmu87171ffug"},"id":"367bg05590b1ksa","previousOperationId":"dk74yaxrovz6at6"}
{"type":"log","timestamp":1718999834587,"level":"info","message":"Rendering anonymous template { recipe: chrome-pdf, engine: handlebars }","meta":{"rootId":"a5sdmu87171ffug","id":"a5sdmu87171ffug"},"id":"531jd0wkqwso42u","previousOperationId":"dk74yaxrovz6at6"}
{"type":"log","timestamp":1718999834587,"level":"debug","message":"Inline data specified.","meta":{"rootId":"a5sdmu87171ffug","id":"a5sdmu87171ffug"},"id":"i0bvynbys8p6j0j","previousOperationId":"dk74yaxrovz6at6"}
{"type":"log","timestamp":1718999834587,"level":"debug","message":"Base url not specified, skipping its injection.","meta":{"rootId":"a5sdmu87171ffug","id":"a5sdmu87171ffug"},"id":"ym6v0ez9z0ss27s","previousOperationId":"dk74yaxrovz6at6"}
{"type":"operationStart","subtype":"engine","name":"handlebars","timestamp":1718999834588,"id":"yp21410k958h96h","previousEventId":"mzghrowzar78eht","operationId":"6ynhd0y9o6z9hsb","previousOperationId":"dk74yaxrovz6at6"}
{"type":"log","timestamp":1718999834588,"level":"debug","message":"Rendering engine handlebars","meta":{"rootId":"a5sdmu87171ffug","id":"a5sdmu87171ffug"},"id":"vgp7oascfhwhp4e","previousOperationId":"6ynhd0y9o6z9hsb"}
{"type":"operationEnd","operationId":"6ynhd0y9o6z9hsb","timestamp":1718999834598,"id":"i8pv6v25aj7yd1b","previousEventId":"yp21410k958h96h","previousOperationId":"6ynhd0y9o6z9hsb"}
{"type":"operationStart","subtype":"recipe","name":"chrome-pdf","timestamp":1718999834598,"id":"ox7gozqdqppn95f","previousEventId":"i8pv6v25aj7yd1b","operationId":"smoh748at6b13by","previousOperationId":"6ynhd0y9o6z9hsb"}
{"type":"log","timestamp":1718999834598,"level":"debug","message":"Executing recipe chrome-pdf","meta":{"rootId":"a5sdmu87171ffug","id":"a5sdmu87171ffug"},"id":"fx4p7ho1myk95yj","previousOperationId":"smoh748at6b13by"}
{"type":"log","timestamp":1718999834600,"level":"debug","message":"Converting with chrome Chrome/126.0.6478.61 using chrome-pool strategy","meta":{"rootId":"a5sdmu87171ffug","id":"a5sdmu87171ffug"},"id":"zmugiqgw9n0sc8x","previousOperationId":"smoh748at6b13by"}
{"type":"log","timestamp":1718999834677,"level":"debug","message":"Page request: GET (document) file:///var/folders/2x/1bhfw9mx7d775w_jmf56lcp80000gn/T/jsreport/autocleanup/2ad57e27-d4a8-4b14-acca-817cab379cf8-chrome-pdf.html","meta":{"rootId":"a5sdmu87171ffug","id":"a5sdmu87171ffug"},"id":"l53mvjwdx8b7ihu","previousOperationId":"smoh748at6b13by"}
{"type":"log","timestamp":1718999834682,"level":"debug","message":"Page request finished: GET (document) 200 file:///var/folders/2x/1bhfw9mx7d775w_jmf56lcp80000gn/T/jsreport/autocleanup/2ad57e27-d4a8-4b14-acca-817cab379cf8-chrome-pdf.html","meta":{"rootId":"a5sdmu87171ffug","id":"a5sdmu87171ffug"},"id":"p95mwwll29a25kd","previousOperationId":"smoh748at6b13by"}
{"type":"log","timestamp":1718999834682,"level":"debug","message":"Page request: GET (stylesheet) https://cdnjs.cloudflare.com/ajax/libs/metro/4.1.5/css/metro.min.css","meta":{"rootId":"a5sdmu87171ffug","id":"a5sdmu87171ffug"},"id":"b9clpwoul6plae2","previousOperationId":"smoh748at6b13by"}
{"type":"log","timestamp":1718999834682,"level":"debug","message":"Page request: GET (script) https://cdnjs.cloudflare.com/ajax/libs/Chart.js/2.7.2/Chart.min.js","meta":{"rootId":"a5sdmu87171ffug","id":"a5sdmu87171ffug"},"id":"rca1alzmq6peow6","previousOperationId":"smoh748at6b13by"}
{"type":"log","timestamp":1718999834690,"level":"debug","message":"Page request finished: GET (stylesheet) 200 https://cdnjs.cloudflare.com/ajax/libs/metro/4.1.5/css/metro.min.css","meta":{"rootId":"a5sdmu87171ffug","id":"a5sdmu87171ffug"},"id":"c0zuh94qikl5hen","previousOperationId":"smoh748at6b13by"}
{"type":"log","timestamp":1718999834690,"level":"debug","message":"Page request finished: GET (script) 200 https://cdnjs.cloudflare.com/ajax/libs/Chart.js/2.7.2/Chart.min.js","meta":{"rootId":"a5sdmu87171ffug","id":"a5sdmu87171ffug"},"id":"qvnyvchf9o21ar3","previousOperationId":"smoh748at6b13by"}
{"type":"log","timestamp":1718999834696,"level":"debug","message":"Running chrome with params {\"timeout\":59982,\"margin\":{},\"printBackground\":true}","meta":{"rootId":"a5sdmu87171ffug","id":"a5sdmu87171ffug"},"id":"ea05snwu7ko307m","previousOperationId":"smoh748at6b13by"}
{"type":"operationEnd","operationId":"smoh748at6b13by","timestamp":1718999834737,"id":"brhbvoaygyemufd","previousEventId":"ox7gozqdqppn95f","previousOperationId":"smoh748at6b13by"}
{"type":"log","timestamp":1718999834737,"level":"debug","message":"Skipping storing report.","meta":{"rootId":"a5sdmu87171ffug","id":"a5sdmu87171ffug"},"id":"ak6vu1jmty9vt01","previousOperationId":"smoh748at6b13by"}
{"type":"log","timestamp":1718999834737,"level":"info","message":"Rendering request 66 finished in 156 ms","meta":{"rootId":"a5sdmu87171ffug","id":"a5sdmu87171ffug"},"id":"q3tip0b27p6de5o","previousOperationId":"smoh748at6b13by"}
{"type":"operationEnd","subtype":"render","operationId":"dk74yaxrovz6at6","timestamp":1718999834737,"id":"e6ou0ee4bdjohi7","previousEventId":"brhbvoaygyemufd","previousOperationId":"smoh748at6b13by"}
{"type":"operationEnd","doDiffs":false,"previousEventId":"w11i248tnwo46rj","previousOperationId":"dgfd8wfb50w6mtl","operationId":"dgfd8wfb50w6mtl","timestamp":1718999834738,"id":"94etdjbaus5np0g"}
