{"type":"operationStart","subtype":"profile","data":{"_id":"zS7Wo0jqNnXy14Ey","timestamp":"2024-06-22T14:29:22.095Z","state":"queued","mode":"standard","creationDate":"2024-06-22T14:29:22.097Z","modificationDate":"2024-06-22T14:29:22.097Z","shortid":"TOi2gz1","$entitySet":"profiles"},"doDiffs":false,"timestamp":1719066562096,"id":"02qk2wx5w7obtbs","previousOperationId":null,"operationId":"sav6wp5vy79pcsp"}
{"type":"log","level":"info","message":"Render request 176 queued for execution and waiting for available worker","previousOperationId":"sav6wp5vy79pcsp","timestamp":1719066562097,"id":"816qplvaokuqr2e"}
{"type":"operationStart","subtype":"render","name":"anonymous","previousOperationId":"sav6wp5vy79pcsp","timestamp":1719066562110,"id":"pchlj97m1zs329m","previousEventId":"02qk2wx5w7obtbs","operationId":"b1acx582bl1a7xh"}
{"type":"log","timestamp":1719066562111,"level":"info","message":"Starting rendering request 176","meta":{"rootId":"a67u68ht65qlagw","id":"a67u68ht65qlagw"},"id":"j8t09ty0497gows","previousOperationId":"b1acx582bl1a7xh"}
{"type":"log","timestamp":1719066562112,"level":"info","message":"Rendering anonymous template { recipe: chrome-pdf, engine: handlebars }","meta":{"rootId":"a67u68ht65qlagw","id":"a67u68ht65qlagw"},"id":"9es62vnvectidis","previousOperationId":"b1acx582bl1a7xh"}
{"type":"log","timestamp":1719066562113,"level":"debug","message":"Inline data specified.","meta":{"rootId":"a67u68ht65qlagw","id":"a67u68ht65qlagw"},"id":"vq0zjhyu2pqscvo","previousOperationId":"b1acx582bl1a7xh"}
{"type":"log","timestamp":1719066562116,"level":"debug","message":"Base url not specified, skipping its injection.","meta":{"rootId":"a67u68ht65qlagw","id":"a67u68ht65qlagw"},"id":"epxweehpuunh0vr","previousOperationId":"b1acx582bl1a7xh"}
{"type":"operationStart","subtype":"engine","name":"handlebars","timestamp":1719066562117,"id":"7lgmwvptuar9zl3","previousEventId":"pchlj97m1zs329m","operationId":"7ypxehxqw426vx1","previousOperationId":"b1acx582bl1a7xh"}
{"type":"log","timestamp":1719066562117,"level":"debug","message":"Rendering engine handlebars","meta":{"rootId":"a67u68ht65qlagw","id":"a67u68ht65qlagw"},"id":"euzyq98cbo2fly2","previousOperationId":"7ypxehxqw426vx1"}
{"type":"log","timestamp":1719066562136,"level":"debug","message":"(console:log) Pdf utils adding group field, value: \"France\"","meta":{"userLevel":true,"rootId":"a67u68ht65qlagw","id":"a67u68ht65qlagw"},"id":"tmffllq8i5uqk2v","previousOperationId":"7ypxehxqw426vx1"}
{"type":"log","timestamp":1719066562138,"level":"debug","message":"(console:log) Pdf utils adding group field, value: \"Germany\"","meta":{"userLevel":true,"rootId":"a67u68ht65qlagw","id":"a67u68ht65qlagw"},"id":"zdxuvrfp0nen9sm","previousOperationId":"7ypxehxqw426vx1"}
{"type":"operationEnd","operationId":"7ypxehxqw426vx1","timestamp":1719066562138,"id":"ukxoj9blr5dyv8g","previousEventId":"7lgmwvptuar9zl3","previousOperationId":"7ypxehxqw426vx1"}
{"type":"operationStart","subtype":"recipe","name":"chrome-pdf","timestamp":1719066562140,"id":"n02p3bkqpgbcepn","previousEventId":"ukxoj9blr5dyv8g","operationId":"dk633esro2bm7nx","previousOperationId":"7ypxehxqw426vx1"}
{"type":"log","timestamp":1719066562140,"level":"debug","message":"Executing recipe chrome-pdf","meta":{"rootId":"a67u68ht65qlagw","id":"a67u68ht65qlagw"},"id":"ui6zajpdka51km8","previousOperationId":"dk633esro2bm7nx"}
{"type":"log","timestamp":1719066563813,"level":"debug","message":"Converting with chrome Chrome/126.0.6478.61 using chrome-pool strategy","meta":{"rootId":"a67u68ht65qlagw","id":"a67u68ht65qlagw"},"id":"25dvba54ziz8j6v","previousOperationId":"dk633esro2bm7nx"}
{"type":"log","timestamp":1719066564393,"level":"debug","message":"Page request: GET (document) file:///var/folders/2x/1bhfw9mx7d775w_jmf56lcp80000gn/T/jsreport/autocleanup/0c2b2826-0671-4d6a-82b8-667e67880f76-chrome-pdf.html","meta":{"rootId":"a67u68ht65qlagw","id":"a67u68ht65qlagw"},"id":"28j4o1t8cf7xwy5","previousOperationId":"dk633esro2bm7nx"}
{"type":"log","timestamp":1719066564406,"level":"debug","message":"Page request finished: GET (document) 200 file:///var/folders/2x/1bhfw9mx7d775w_jmf56lcp80000gn/T/jsreport/autocleanup/0c2b2826-0671-4d6a-82b8-667e67880f76-chrome-pdf.html","meta":{"rootId":"a67u68ht65qlagw","id":"a67u68ht65qlagw"},"id":"jhjycdsoxkfxzpy","previousOperationId":"dk633esro2bm7nx"}
{"type":"log","timestamp":1719066564407,"level":"debug","message":"Page request: GET (stylesheet) https://cdnjs.cloudflare.com/ajax/libs/metro/4.1.5/css/metro.min.css","meta":{"rootId":"a67u68ht65qlagw","id":"a67u68ht65qlagw"},"id":"wwgo4p7v91x3lnf","previousOperationId":"dk633esro2bm7nx"}
{"type":"log","timestamp":1719066564407,"level":"debug","message":"Page request: GET (script) https://cdnjs.cloudflare.com/ajax/libs/Chart.js/2.7.2/Chart.min.js","meta":{"rootId":"a67u68ht65qlagw","id":"a67u68ht65qlagw"},"id":"8szcg367ojuaf48","previousOperationId":"dk633esro2bm7nx"}
{"type":"log","timestamp":1719066564473,"level":"debug","message":"Page request finished: GET (script) 200 https://cdnjs.cloudflare.com/ajax/libs/Chart.js/2.7.2/Chart.min.js","meta":{"rootId":"a67u68ht65qlagw","id":"a67u68ht65qlagw"},"id":"xke486cs6vpw2j9","previousOperationId":"dk633esro2bm7nx"}
{"type":"log","timestamp":1719066564482,"level":"debug","message":"Page request finished: GET (stylesheet) 200 https://cdnjs.cloudflare.com/ajax/libs/metro/4.1.5/css/metro.min.css","meta":{"rootId":"a67u68ht65qlagw","id":"a67u68ht65qlagw"},"id":"zpszenzclmtaje1","previousOperationId":"dk633esro2bm7nx"}
{"type":"log","timestamp":1719066564574,"level":"debug","message":"Running chrome with params {\"marginTop\":\"4cm\",\"marginRight\":\"1.5cm\",\"marginLeft\":\"1.5cm\",\"marginBottom\":\"1.5cm\",\"timeout\":59946,\"margin\":{\"top\":\"4cm\",\"right\":\"1.5cm\",\"bottom\":\"1.5cm\",\"left\":\"1.5cm\"},\"printBackground\":true}","meta":{"rootId":"a67u68ht65qlagw","id":"a67u68ht65qlagw"},"id":"vqq56wl6e5w168i","previousOperationId":"dk633esro2bm7nx"}
{"type":"operationEnd","operationId":"dk633esro2bm7nx","timestamp":1719066565162,"id":"zbtlgywmh8z3qki","previousEventId":"n02p3bkqpgbcepn","previousOperationId":"dk633esro2bm7nx"}
{"type":"log","timestamp":1719066565162,"level":"info","message":"pdf-utils is starting pdf processing","meta":{"rootId":"a67u68ht65qlagw","id":"a67u68ht65qlagw"},"id":"nnw3y3q8bd5dehz","previousOperationId":"dk633esro2bm7nx"}
{"type":"operationStart","subtype":"pdfUtils","name":"pdf utils","timestamp":1719066565163,"id":"v9s25976cjupdzq","previousEventId":"zbtlgywmh8z3qki","operationId":"n1j3pxqeo41s5tz","previousOperationId":"dk633esro2bm7nx"}
{"type":"log","timestamp":1719066565163,"level":"debug","message":"pdf-utils detected 1 pdf operation(s) to process","meta":{"rootId":"a67u68ht65qlagw","id":"a67u68ht65qlagw"},"id":"f1dioc27oxrdtes","previousOperationId":"n1j3pxqeo41s5tz"}
{"type":"log","timestamp":1719066565180,"level":"debug","message":"pdf-utils running pdf operation merge","meta":{"rootId":"a67u68ht65qlagw","id":"a67u68ht65qlagw"},"id":"4109stnvcz3ewat","previousOperationId":"n1j3pxqeo41s5tz"}
{"type":"operationStart","subtype":"pdfUtilsMerge","name":"pdf utils merge","previousOperationId":"n1j3pxqeo41s5tz","timestamp":1719066565180,"id":"emqkzqrjdivliil","previousEventId":"v9s25976cjupdzq","operationId":"izpyqt1rqcwnjll"}
{"type":"operationStart","subtype":"render","name":"anonymous","previousOperationId":"izpyqt1rqcwnjll","timestamp":1719066565180,"id":"uzdkzd3s4hji39k","previousEventId":"emqkzqrjdivliil","operationId":"0a9l4b6i2xlr8sx"}
{"type":"log","timestamp":1719066565180,"level":"info","message":"Starting rendering (child) request","meta":{"rootId":"a67u68ht65qlagw","id":"ysspsmoreh4kkeb"},"id":"onfp0lyjobwm18q","previousOperationId":"0a9l4b6i2xlr8sx"}
{"type":"log","timestamp":1719066565180,"level":"info","message":"Rendering anonymous template { recipe: chrome-pdf, engine: handlebars }","meta":{"rootId":"a67u68ht65qlagw","id":"ysspsmoreh4kkeb"},"id":"q8u2eo8ekoib82j","previousOperationId":"0a9l4b6i2xlr8sx"}
{"type":"log","timestamp":1719066565180,"level":"debug","message":"Inline data specified.","meta":{"rootId":"a67u68ht65qlagw","id":"ysspsmoreh4kkeb"},"id":"j4lrkdf33uac7pv","previousOperationId":"0a9l4b6i2xlr8sx"}
{"type":"log","timestamp":1719066565183,"level":"debug","message":"Base url not specified, skipping its injection.","meta":{"rootId":"a67u68ht65qlagw","id":"ysspsmoreh4kkeb"},"id":"udc24cfj9mmv2kt","previousOperationId":"0a9l4b6i2xlr8sx"}
{"type":"operationStart","subtype":"engine","name":"handlebars","timestamp":1719066565183,"id":"44u0gmmq7zp5c59","previousEventId":"uzdkzd3s4hji39k","operationId":"e13xmbeoxux47ge","previousOperationId":"0a9l4b6i2xlr8sx"}
{"type":"log","timestamp":1719066565183,"level":"debug","message":"Rendering engine handlebars","meta":{"rootId":"a67u68ht65qlagw","id":"ysspsmoreh4kkeb"},"id":"7sy49wrngskhtxd","previousOperationId":"e13xmbeoxux47ge"}
{"type":"operationEnd","operationId":"e13xmbeoxux47ge","timestamp":1719066565202,"id":"e2z2b87a7ldxig0","previousEventId":"44u0gmmq7zp5c59","previousOperationId":"e13xmbeoxux47ge"}
{"type":"operationStart","subtype":"recipe","name":"chrome-pdf","timestamp":1719066565202,"id":"coa0caaq4ewzvny","previousEventId":"e2z2b87a7ldxig0","operationId":"tjw0oda9pkmiwo0","previousOperationId":"e13xmbeoxux47ge"}
{"type":"log","timestamp":1719066565202,"level":"debug","message":"Executing recipe chrome-pdf","meta":{"rootId":"a67u68ht65qlagw","id":"ysspsmoreh4kkeb"},"id":"sxu48qgh3ewizzr","previousOperationId":"tjw0oda9pkmiwo0"}
{"type":"log","timestamp":1719066565206,"level":"debug","message":"Converting with chrome Chrome/126.0.6478.61 using chrome-pool strategy","meta":{"rootId":"a67u68ht65qlagw","id":"ysspsmoreh4kkeb"},"id":"hq41qrjpbjx2mjr","previousOperationId":"tjw0oda9pkmiwo0"}
{"type":"log","timestamp":1719066565224,"level":"debug","message":"Page request: GET (document) file:///var/folders/2x/1bhfw9mx7d775w_jmf56lcp80000gn/T/jsreport/autocleanup/1c9a9f35-4686-474a-bc8b-224bd6838e05-chrome-pdf.html","meta":{"rootId":"a67u68ht65qlagw","id":"ysspsmoreh4kkeb"},"id":"tczhhe3zaanpxqz","previousOperationId":"tjw0oda9pkmiwo0"}
{"type":"log","timestamp":1719066565229,"level":"debug","message":"Page request finished: GET (document) 200 file:///var/folders/2x/1bhfw9mx7d775w_jmf56lcp80000gn/T/jsreport/autocleanup/1c9a9f35-4686-474a-bc8b-224bd6838e05-chrome-pdf.html","meta":{"rootId":"a67u68ht65qlagw","id":"ysspsmoreh4kkeb"},"id":"udl2gsu8ol652t3","previousOperationId":"tjw0oda9pkmiwo0"}
{"type":"log","timestamp":1719066565230,"level":"debug","message":"Page request: GET (stylesheet) https://cdnjs.cloudflare.com/ajax/libs/metro/4.1.5/css/metro.min.css","meta":{"rootId":"a67u68ht65qlagw","id":"ysspsmoreh4kkeb"},"id":"d2oxohhx2y23nke","previousOperationId":"tjw0oda9pkmiwo0"}
{"type":"log","timestamp":1719066565236,"level":"debug","message":"Page request finished: GET (stylesheet) 200 https://cdnjs.cloudflare.com/ajax/libs/metro/4.1.5/css/metro.min.css","meta":{"rootId":"a67u68ht65qlagw","id":"ysspsmoreh4kkeb"},"id":"omvd07lur1286ps","previousOperationId":"tjw0oda9pkmiwo0"}
{"type":"log","timestamp":1719066565264,"level":"debug","message":"Running chrome with params {\"timeout\":56882,\"margin\":{},\"printBackground\":true}","meta":{"rootId":"a67u68ht65qlagw","id":"ysspsmoreh4kkeb"},"id":"qqb4ucfvu3in3e6","previousOperationId":"tjw0oda9pkmiwo0"}
{"type":"operationEnd","operationId":"tjw0oda9pkmiwo0","timestamp":1719066565388,"id":"hi3ul9j0kiunc9n","previousEventId":"coa0caaq4ewzvny","previousOperationId":"tjw0oda9pkmiwo0"}
{"type":"log","timestamp":1719066565388,"level":"debug","message":"Skipping storing report.","meta":{"rootId":"a67u68ht65qlagw","id":"ysspsmoreh4kkeb"},"id":"jd74h9glqpos0fg","previousOperationId":"tjw0oda9pkmiwo0"}
{"type":"log","timestamp":1719066565390,"level":"info","message":"Rendering (child) request finished in 3302 ms","meta":{"rootId":"a67u68ht65qlagw","id":"ysspsmoreh4kkeb"},"id":"u1n9kfxw3hgu3f3","previousOperationId":"tjw0oda9pkmiwo0"}
{"type":"operationEnd","subtype":"render","operationId":"0a9l4b6i2xlr8sx","timestamp":1719066565390,"id":"3cps1cwphyvut9q","previousEventId":"hi3ul9j0kiunc9n","previousOperationId":"tjw0oda9pkmiwo0"}
{"type":"operationEnd","operationId":"izpyqt1rqcwnjll","timestamp":1719066565415,"id":"mwm3790gr6qi8dp","previousEventId":"emqkzqrjdivliil","previousOperationId":"izpyqt1rqcwnjll"}
{"type":"log","timestamp":1719066565415,"level":"debug","message":"pdf-utils postprocess start","meta":{"rootId":"a67u68ht65qlagw","id":"a67u68ht65qlagw"},"id":"g9rb2iyh1knosn3","previousOperationId":"izpyqt1rqcwnjll"}
{"type":"log","timestamp":1719066565445,"level":"debug","message":"pdf-utils postprocess end","meta":{"rootId":"a67u68ht65qlagw","id":"a67u68ht65qlagw"},"id":"0wjwhroo74ooswc","previousOperationId":"izpyqt1rqcwnjll"}
{"type":"operationEnd","operationId":"n1j3pxqeo41s5tz","timestamp":1719066565445,"id":"w5swj15qh33h8b6","previousEventId":"mwm3790gr6qi8dp","previousOperationId":"izpyqt1rqcwnjll"}
{"type":"log","timestamp":1719066565446,"level":"info","message":"pdf-utils pdf processing was finished","meta":{"rootId":"a67u68ht65qlagw","id":"a67u68ht65qlagw"},"id":"ogkmmtfuuhe0xrt","previousOperationId":"n1j3pxqeo41s5tz"}
{"type":"log","timestamp":1719066565446,"level":"debug","message":"Skipping storing report.","meta":{"rootId":"a67u68ht65qlagw","id":"a67u68ht65qlagw"},"id":"insq43mqnzpge32","previousOperationId":"n1j3pxqeo41s5tz"}
{"type":"log","timestamp":1719066565446,"level":"info","message":"Rendering request 176 finished in 3358 ms","meta":{"rootId":"a67u68ht65qlagw","id":"a67u68ht65qlagw"},"id":"t5r3jbzafqhxr7k","previousOperationId":"n1j3pxqeo41s5tz"}
{"type":"operationEnd","subtype":"render","operationId":"b1acx582bl1a7xh","timestamp":1719066565446,"id":"8n98mszvp4uubl2","previousEventId":"w5swj15qh33h8b6","previousOperationId":"n1j3pxqeo41s5tz"}
{"type":"operationEnd","doDiffs":false,"previousEventId":"02qk2wx5w7obtbs","previousOperationId":"sav6wp5vy79pcsp","operationId":"sav6wp5vy79pcsp","timestamp":1719066565447,"id":"zqaf8ryit7lglvp"}
