{"type":"operationStart","subtype":"profile","data":{"_id":"QI4afwXpf2WNboNO","timestamp":"2024-06-21T19:52:44.879Z","state":"queued","mode":"standard","creationDate":"2024-06-21T19:52:44.881Z","modificationDate":"2024-06-21T19:52:44.881Z","shortid":"xsMRDSG","$entitySet":"profiles"},"doDiffs":false,"timestamp":1718999564880,"id":"m45ewlt8laoj8to","previousOperationId":null,"operationId":"57v9kojokjbygtu"}
{"type":"log","level":"info","message":"Render request 59 queued for execution and waiting for available worker","previousOperationId":"57v9kojokjbygtu","timestamp":1718999564880,"id":"l2fhspsb0dlv9hb"}
{"type":"operationStart","subtype":"render","name":"anonymous","previousOperationId":"57v9kojokjbygtu","timestamp":1718999564886,"id":"cxyez8wvb78s7s7","previousEventId":"m45ewlt8laoj8to","operationId":"gnjlczrzgnap3hs"}
{"type":"log","timestamp":1718999564887,"level":"info","message":"Starting rendering request 59","meta":{"rootId":"ad84kqajj930p1d","id":"ad84kqajj930p1d"},"id":"ly8y1h8e0e18vac","previousOperationId":"gnjlczrzgnap3hs"}
{"type":"log","timestamp":1718999564892,"level":"info","message":"Rendering anonymous template { recipe: chrome-pdf, engine: handlebars }","meta":{"rootId":"ad84kqajj930p1d","id":"ad84kqajj930p1d"},"id":"e3jm3h1ohwbl8rv","previousOperationId":"gnjlczrzgnap3hs"}
{"type":"log","timestamp":1718999564892,"level":"debug","message":"Inline data specified.","meta":{"rootId":"ad84kqajj930p1d","id":"ad84kqajj930p1d"},"id":"j37219i3x0dj6h5","previousOperationId":"gnjlczrzgnap3hs"}
{"type":"log","timestamp":1718999564900,"level":"debug","message":"Base url not specified, skipping its injection.","meta":{"rootId":"ad84kqajj930p1d","id":"ad84kqajj930p1d"},"id":"h3c19k4zwklfipm","previousOperationId":"gnjlczrzgnap3hs"}
{"type":"operationStart","subtype":"engine","name":"handlebars","timestamp":1718999564903,"id":"h844m28bht73qo6","previousEventId":"cxyez8wvb78s7s7","operationId":"kvh2y98tv4vtqgc","previousOperationId":"gnjlczrzgnap3hs"}
{"type":"log","timestamp":1718999564903,"level":"debug","message":"Rendering engine handlebars","meta":{"rootId":"ad84kqajj930p1d","id":"ad84kqajj930p1d"},"id":"1aliw93o1duo5g6","previousOperationId":"kvh2y98tv4vtqgc"}
{"type":"operationEnd","operationId":"kvh2y98tv4vtqgc","timestamp":1718999564917,"id":"ncfwv8fqygo26by","previousEventId":"h844m28bht73qo6","previousOperationId":"kvh2y98tv4vtqgc"}
{"type":"operationStart","subtype":"recipe","name":"chrome-pdf","timestamp":1718999564918,"id":"ajml729ifync24k","previousEventId":"ncfwv8fqygo26by","operationId":"574y1ntavq2fawo","previousOperationId":"kvh2y98tv4vtqgc"}
{"type":"log","timestamp":1718999564918,"level":"debug","message":"Executing recipe chrome-pdf","meta":{"rootId":"ad84kqajj930p1d","id":"ad84kqajj930p1d"},"id":"ioxz0411wqhkx70","previousOperationId":"574y1ntavq2fawo"}
{"type":"log","timestamp":1718999564927,"level":"debug","message":"Converting with chrome Chrome/126.0.6478.61 using chrome-pool strategy","meta":{"rootId":"ad84kqajj930p1d","id":"ad84kqajj930p1d"},"id":"0f3eic1vvzdopjl","previousOperationId":"574y1ntavq2fawo"}
{"type":"log","timestamp":1718999565013,"level":"debug","message":"Page request: GET (document) file:///var/folders/2x/1bhfw9mx7d775w_jmf56lcp80000gn/T/jsreport/autocleanup/8cb9d5e6-02da-4818-9e33-bae23d7a8bc7-chrome-pdf.html","meta":{"rootId":"ad84kqajj930p1d","id":"ad84kqajj930p1d"},"id":"rpj6izqlj9cbg95","previousOperationId":"574y1ntavq2fawo"}
{"type":"log","timestamp":1718999565017,"level":"debug","message":"Page request finished: GET (document) 200 file:///var/folders/2x/1bhfw9mx7d775w_jmf56lcp80000gn/T/jsreport/autocleanup/8cb9d5e6-02da-4818-9e33-bae23d7a8bc7-chrome-pdf.html","meta":{"rootId":"ad84kqajj930p1d","id":"ad84kqajj930p1d"},"id":"88m48nuyvyy4ikx","previousOperationId":"574y1ntavq2fawo"}
{"type":"log","timestamp":1718999565018,"level":"debug","message":"Page request: GET (stylesheet) https://cdnjs.cloudflare.com/ajax/libs/metro/4.1.5/css/metro.min.css","meta":{"rootId":"ad84kqajj930p1d","id":"ad84kqajj930p1d"},"id":"nk1fqcx0nb7kg3s","previousOperationId":"574y1ntavq2fawo"}
{"type":"log","timestamp":1718999565018,"level":"debug","message":"Page request: GET (script) https://cdnjs.cloudflare.com/ajax/libs/Chart.js/2.7.2/Chart.min.js","meta":{"rootId":"ad84kqajj930p1d","id":"ad84kqajj930p1d"},"id":"ix8w20xbw0ievyd","previousOperationId":"574y1ntavq2fawo"}
{"type":"log","timestamp":1718999565025,"level":"debug","message":"Page request finished: GET (stylesheet) 200 https://cdnjs.cloudflare.com/ajax/libs/metro/4.1.5/css/metro.min.css","meta":{"rootId":"ad84kqajj930p1d","id":"ad84kqajj930p1d"},"id":"0wd1jh6ydfgjy7d","previousOperationId":"574y1ntavq2fawo"}
{"type":"log","timestamp":1718999565026,"level":"debug","message":"Page request finished: GET (script) 200 https://cdnjs.cloudflare.com/ajax/libs/Chart.js/2.7.2/Chart.min.js","meta":{"rootId":"ad84kqajj930p1d","id":"ad84kqajj930p1d"},"id":"ni2wte8mmaovr5w","previousOperationId":"574y1ntavq2fawo"}
{"type":"log","timestamp":1718999565031,"level":"debug","message":"Running chrome with params {\"timeout\":59959,\"margin\":{},\"printBackground\":true}","meta":{"rootId":"ad84kqajj930p1d","id":"ad84kqajj930p1d"},"id":"4d1c8l1ca54koc8","previousOperationId":"574y1ntavq2fawo"}
{"type":"operationEnd","operationId":"574y1ntavq2fawo","timestamp":1718999565075,"id":"j87cx6rnldctm4o","previousEventId":"ajml729ifync24k","previousOperationId":"574y1ntavq2fawo"}
{"type":"log","timestamp":1718999565075,"level":"debug","message":"Skipping storing report.","meta":{"rootId":"ad84kqajj930p1d","id":"ad84kqajj930p1d"},"id":"20ruqpsuvv54bge","previousOperationId":"574y1ntavq2fawo"}
{"type":"log","timestamp":1718999565075,"level":"info","message":"Rendering request 59 finished in 197 ms","meta":{"rootId":"ad84kqajj930p1d","id":"ad84kqajj930p1d"},"id":"xg7t3lnic6m733i","previousOperationId":"574y1ntavq2fawo"}
{"type":"operationEnd","subtype":"render","operationId":"gnjlczrzgnap3hs","timestamp":1718999565075,"id":"7bdcfe6rwk28y3o","previousEventId":"j87cx6rnldctm4o","previousOperationId":"574y1ntavq2fawo"}
{"type":"operationEnd","doDiffs":false,"previousEventId":"m45ewlt8laoj8to","previousOperationId":"57v9kojokjbygtu","operationId":"57v9kojokjbygtu","timestamp":1718999565076,"id":"ew2bdi10y8ypgpf"}
