{"type":"operationStart","subtype":"profile","data":{"_id":"hVnMYl64e88jjBDY","timestamp":"2024-06-21T22:40:43.931Z","state":"queued","mode":"standard","creationDate":"2024-06-21T22:40:43.933Z","modificationDate":"2024-06-21T22:40:43.933Z","shortid":"UjAzqGG","$entitySet":"profiles"},"doDiffs":false,"timestamp":1719009643932,"id":"d1k3uj8zgjy3qye","previousOperationId":null,"operationId":"06wyqnztgo885ca"}
{"type":"log","level":"info","message":"Render request 156 queued for execution and waiting for available worker","previousOperationId":"06wyqnztgo885ca","timestamp":1719009643932,"id":"zfg8ilwo75gbt8y"}
{"type":"operationStart","subtype":"render","name":"anonymous","previousOperationId":"06wyqnztgo885ca","timestamp":1719009643941,"id":"ee58jb7w6jh4hba","previousEventId":"d1k3uj8zgjy3qye","operationId":"cxv7n2vn0576271"}
{"type":"log","timestamp":1719009643941,"level":"info","message":"Starting rendering request 156","meta":{"rootId":"afuvmd7qhfy9ako","id":"afuvmd7qhfy9ako"},"id":"7funti8wzht3ip7","previousOperationId":"cxv7n2vn0576271"}
{"type":"log","timestamp":1719009643942,"level":"info","message":"Rendering anonymous template { recipe: chrome-pdf, engine: handlebars }","meta":{"rootId":"afuvmd7qhfy9ako","id":"afuvmd7qhfy9ako"},"id":"eolbpu05vjr7jr6","previousOperationId":"cxv7n2vn0576271"}
{"type":"log","timestamp":1719009643942,"level":"debug","message":"Inline data specified.","meta":{"rootId":"afuvmd7qhfy9ako","id":"afuvmd7qhfy9ako"},"id":"ku9c1l115umdbhk","previousOperationId":"cxv7n2vn0576271"}
{"type":"log","timestamp":1719009643944,"level":"debug","message":"Base url not specified, skipping its injection.","meta":{"rootId":"afuvmd7qhfy9ako","id":"afuvmd7qhfy9ako"},"id":"73ltc17ef59850t","previousOperationId":"cxv7n2vn0576271"}
{"type":"operationStart","subtype":"engine","name":"handlebars","timestamp":1719009643945,"id":"czkypvef6j5oitu","previousEventId":"ee58jb7w6jh4hba","operationId":"xrosfi53185jffm","previousOperationId":"cxv7n2vn0576271"}
{"type":"log","timestamp":1719009643945,"level":"debug","message":"Rendering engine handlebars","meta":{"rootId":"afuvmd7qhfy9ako","id":"afuvmd7qhfy9ako"},"id":"vxvr6isjoo2bzd4","previousOperationId":"xrosfi53185jffm"}
{"type":"log","timestamp":1719009643955,"level":"debug","message":"(console:log) Pdf utils adding group field, value: \"France\"","meta":{"userLevel":true,"rootId":"afuvmd7qhfy9ako","id":"afuvmd7qhfy9ako"},"id":"hg4nduo3oo3oz11","previousOperationId":"xrosfi53185jffm"}
{"type":"log","timestamp":1719009643956,"level":"debug","message":"(console:log) Pdf utils adding group field, value: \"Germany\"","meta":{"userLevel":true,"rootId":"afuvmd7qhfy9ako","id":"afuvmd7qhfy9ako"},"id":"5cbvsuzkyenlhlu","previousOperationId":"xrosfi53185jffm"}
{"type":"operationEnd","operationId":"xrosfi53185jffm","timestamp":1719009643956,"id":"513ti3844f53gyl","previousEventId":"czkypvef6j5oitu","previousOperationId":"xrosfi53185jffm"}
{"type":"operationStart","subtype":"recipe","name":"chrome-pdf","timestamp":1719009643956,"id":"lzzxw8nvrl2zbyf","previousEventId":"513ti3844f53gyl","operationId":"5pyp5pfk8bic0g2","previousOperationId":"xrosfi53185jffm"}
{"type":"log","timestamp":1719009643956,"level":"debug","message":"Executing recipe chrome-pdf","meta":{"rootId":"afuvmd7qhfy9ako","id":"afuvmd7qhfy9ako"},"id":"xuesu0kfnmyyamz","previousOperationId":"5pyp5pfk8bic0g2"}
{"type":"log","timestamp":1719009643959,"level":"debug","message":"Converting with chrome Chrome/126.0.6478.61 using chrome-pool strategy","meta":{"rootId":"afuvmd7qhfy9ako","id":"afuvmd7qhfy9ako"},"id":"m0xq3bycnu9do9s","previousOperationId":"5pyp5pfk8bic0g2"}
{"type":"log","timestamp":1719009644037,"level":"debug","message":"Page request: GET (document) file:///var/folders/2x/1bhfw9mx7d775w_jmf56lcp80000gn/T/jsreport/autocleanup/4e84ef83-4cf3-43cb-8ea8-2cb4b7348d4c-chrome-pdf.html","meta":{"rootId":"afuvmd7qhfy9ako","id":"afuvmd7qhfy9ako"},"id":"j6h9ejznejx5p96","previousOperationId":"5pyp5pfk8bic0g2"}
{"type":"log","timestamp":1719009644041,"level":"debug","message":"Page request finished: GET (document) 200 file:///var/folders/2x/1bhfw9mx7d775w_jmf56lcp80000gn/T/jsreport/autocleanup/4e84ef83-4cf3-43cb-8ea8-2cb4b7348d4c-chrome-pdf.html","meta":{"rootId":"afuvmd7qhfy9ako","id":"afuvmd7qhfy9ako"},"id":"eub0x8u1x4we13x","previousOperationId":"5pyp5pfk8bic0g2"}
{"type":"log","timestamp":1719009644041,"level":"debug","message":"Page request: GET (stylesheet) https://cdnjs.cloudflare.com/ajax/libs/metro/4.1.5/css/metro.min.css","meta":{"rootId":"afuvmd7qhfy9ako","id":"afuvmd7qhfy9ako"},"id":"ul34lg4pe42h33l","previousOperationId":"5pyp5pfk8bic0g2"}
{"type":"log","timestamp":1719009644041,"level":"debug","message":"Page request: GET (script) https://cdnjs.cloudflare.com/ajax/libs/Chart.js/2.7.2/Chart.min.js","meta":{"rootId":"afuvmd7qhfy9ako","id":"afuvmd7qhfy9ako"},"id":"o3no4mu8effdqby","previousOperationId":"5pyp5pfk8bic0g2"}
{"type":"log","timestamp":1719009644050,"level":"debug","message":"Page request finished: GET (stylesheet) 200 https://cdnjs.cloudflare.com/ajax/libs/metro/4.1.5/css/metro.min.css","meta":{"rootId":"afuvmd7qhfy9ako","id":"afuvmd7qhfy9ako"},"id":"zsmtxc09kdv0rtb","previousOperationId":"5pyp5pfk8bic0g2"}
{"type":"log","timestamp":1719009644051,"level":"debug","message":"Page request finished: GET (script) 200 https://cdnjs.cloudflare.com/ajax/libs/Chart.js/2.7.2/Chart.min.js","meta":{"rootId":"afuvmd7qhfy9ako","id":"afuvmd7qhfy9ako"},"id":"hsd9kv1ajx039oa","previousOperationId":"5pyp5pfk8bic0g2"}
{"type":"log","timestamp":1719009644086,"level":"debug","message":"Running chrome with params {\"marginTop\":\"2cm\",\"marginRight\":\"1.5cm\",\"marginLeft\":\"1.5cm\",\"marginBottom\":\"1.5cm\",\"timeout\":59972,\"margin\":{\"top\":\"2cm\",\"right\":\"1.5cm\",\"bottom\":\"1.5cm\",\"left\":\"1.5cm\"},\"printBackground\":true}","meta":{"rootId":"afuvmd7qhfy9ako","id":"afuvmd7qhfy9ako"},"id":"rpbta5x3fnt4c3d","previousOperationId":"5pyp5pfk8bic0g2"}
{"type":"operationEnd","operationId":"5pyp5pfk8bic0g2","timestamp":1719009644242,"id":"ujeg32adyivtkl9","previousEventId":"lzzxw8nvrl2zbyf","previousOperationId":"5pyp5pfk8bic0g2"}
{"type":"log","timestamp":1719009644242,"level":"info","message":"pdf-utils is starting pdf processing","meta":{"rootId":"afuvmd7qhfy9ako","id":"afuvmd7qhfy9ako"},"id":"2xjixur285d4cwh","previousOperationId":"5pyp5pfk8bic0g2"}
{"type":"operationStart","subtype":"pdfUtils","name":"pdf utils","timestamp":1719009644242,"id":"keseyed48xl3qer","previousEventId":"ujeg32adyivtkl9","operationId":"0tjtso4ktkf2r3i","previousOperationId":"5pyp5pfk8bic0g2"}
{"type":"log","timestamp":1719009644242,"level":"debug","message":"pdf-utils detected 1 pdf operation(s) to process","meta":{"rootId":"afuvmd7qhfy9ako","id":"afuvmd7qhfy9ako"},"id":"alzx7iyz6l83o8e","previousOperationId":"0tjtso4ktkf2r3i"}
{"type":"log","timestamp":1719009644254,"level":"debug","message":"pdf-utils running pdf operation merge","meta":{"rootId":"afuvmd7qhfy9ako","id":"afuvmd7qhfy9ako"},"id":"gwieevp4xpdfs1m","previousOperationId":"0tjtso4ktkf2r3i"}
{"type":"operationStart","subtype":"pdfUtilsMerge","name":"pdf utils merge","previousOperationId":"0tjtso4ktkf2r3i","timestamp":1719009644254,"id":"hcixwkj8nplvh5c","previousEventId":"keseyed48xl3qer","operationId":"sf1w97ulwikztks"}
{"type":"operationStart","subtype":"render","name":"anonymous","previousOperationId":"sf1w97ulwikztks","timestamp":1719009644254,"id":"ix3uzpb8kpx017a","previousEventId":"hcixwkj8nplvh5c","operationId":"rgg2usc8rn4rlrb"}
{"type":"log","timestamp":1719009644254,"level":"info","message":"Starting rendering (child) request","meta":{"rootId":"afuvmd7qhfy9ako","id":"5qt6a3jnbcpamu9"},"id":"h0p4cekrvjse6s1","previousOperationId":"rgg2usc8rn4rlrb"}
{"type":"log","timestamp":1719009644254,"level":"info","message":"Rendering anonymous template { recipe: chrome-pdf, engine: handlebars }","meta":{"rootId":"afuvmd7qhfy9ako","id":"5qt6a3jnbcpamu9"},"id":"1r0702ul9gn8ri4","previousOperationId":"rgg2usc8rn4rlrb"}
{"type":"log","timestamp":1719009644254,"level":"debug","message":"Inline data specified.","meta":{"rootId":"afuvmd7qhfy9ako","id":"5qt6a3jnbcpamu9"},"id":"7bkibiurpoa8ve7","previousOperationId":"rgg2usc8rn4rlrb"}
{"type":"log","timestamp":1719009644254,"level":"debug","message":"Base url not specified, skipping its injection.","meta":{"rootId":"afuvmd7qhfy9ako","id":"5qt6a3jnbcpamu9"},"id":"jnko9smfwk5sqca","previousOperationId":"rgg2usc8rn4rlrb"}
{"type":"operationStart","subtype":"engine","name":"handlebars","timestamp":1719009644255,"id":"xe2s39lqlod8fc2","previousEventId":"ix3uzpb8kpx017a","operationId":"6rwgv6za2satckx","previousOperationId":"rgg2usc8rn4rlrb"}
{"type":"log","timestamp":1719009644255,"level":"debug","message":"Rendering engine handlebars","meta":{"rootId":"afuvmd7qhfy9ako","id":"5qt6a3jnbcpamu9"},"id":"9gdm4pg9kgsmu5y","previousOperationId":"6rwgv6za2satckx"}
{"type":"operationEnd","operationId":"6rwgv6za2satckx","timestamp":1719009644261,"id":"bsrqftflv37wajs","previousEventId":"xe2s39lqlod8fc2","previousOperationId":"6rwgv6za2satckx"}
{"type":"operationStart","subtype":"recipe","name":"chrome-pdf","timestamp":1719009644261,"id":"v4pii2fc0mzbfdh","previousEventId":"bsrqftflv37wajs","operationId":"ifal97gfc5wv5wo","previousOperationId":"6rwgv6za2satckx"}
{"type":"log","timestamp":1719009644261,"level":"debug","message":"Executing recipe chrome-pdf","meta":{"rootId":"afuvmd7qhfy9ako","id":"5qt6a3jnbcpamu9"},"id":"bo2oes6pto52q6c","previousOperationId":"ifal97gfc5wv5wo"}
{"type":"log","timestamp":1719009644264,"level":"debug","message":"Converting with chrome Chrome/126.0.6478.61 using chrome-pool strategy","meta":{"rootId":"afuvmd7qhfy9ako","id":"5qt6a3jnbcpamu9"},"id":"gsi4ejfiv6cq1br","previousOperationId":"ifal97gfc5wv5wo"}
{"type":"log","timestamp":1719009644324,"level":"debug","message":"Page request: GET (document) file:///var/folders/2x/1bhfw9mx7d775w_jmf56lcp80000gn/T/jsreport/autocleanup/447c77aa-ddca-40ea-b665-7bfd562a9847-chrome-pdf.html","meta":{"rootId":"afuvmd7qhfy9ako","id":"5qt6a3jnbcpamu9"},"id":"hbigctg82xjtr4c","previousOperationId":"ifal97gfc5wv5wo"}
{"type":"log","timestamp":1719009644328,"level":"debug","message":"Page request finished: GET (document) 200 file:///var/folders/2x/1bhfw9mx7d775w_jmf56lcp80000gn/T/jsreport/autocleanup/447c77aa-ddca-40ea-b665-7bfd562a9847-chrome-pdf.html","meta":{"rootId":"afuvmd7qhfy9ako","id":"5qt6a3jnbcpamu9"},"id":"q9dvpwek3bjm4ia","previousOperationId":"ifal97gfc5wv5wo"}
{"type":"log","timestamp":1719009644328,"level":"debug","message":"Page request: GET (stylesheet) https://cdnjs.cloudflare.com/ajax/libs/metro/4.1.5/css/metro.min.css","meta":{"rootId":"afuvmd7qhfy9ako","id":"5qt6a3jnbcpamu9"},"id":"1nuey6t6evxtnv8","previousOperationId":"ifal97gfc5wv5wo"}
{"type":"log","timestamp":1719009644333,"level":"debug","message":"Page request finished: GET (stylesheet) 200 https://cdnjs.cloudflare.com/ajax/libs/metro/4.1.5/css/metro.min.css","meta":{"rootId":"afuvmd7qhfy9ako","id":"5qt6a3jnbcpamu9"},"id":"pu6f269x5x7rpzl","previousOperationId":"ifal97gfc5wv5wo"}
{"type":"log","timestamp":1719009644353,"level":"debug","message":"Running chrome with params {\"timeout\":59665,\"margin\":{},\"printBackground\":true}","meta":{"rootId":"afuvmd7qhfy9ako","id":"5qt6a3jnbcpamu9"},"id":"azurpnt39lbbb1y","previousOperationId":"ifal97gfc5wv5wo"}
{"type":"operationEnd","operationId":"ifal97gfc5wv5wo","timestamp":1719009644455,"id":"cs01vnxatmhs5it","previousEventId":"v4pii2fc0mzbfdh","previousOperationId":"ifal97gfc5wv5wo"}
{"type":"log","timestamp":1719009644455,"level":"debug","message":"Skipping storing report.","meta":{"rootId":"afuvmd7qhfy9ako","id":"5qt6a3jnbcpamu9"},"id":"s4la92jdm603sio","previousOperationId":"ifal97gfc5wv5wo"}
{"type":"log","timestamp":1719009644455,"level":"info","message":"Rendering (child) request finished in 526 ms","meta":{"rootId":"afuvmd7qhfy9ako","id":"5qt6a3jnbcpamu9"},"id":"hfodxu0m726dwvw","previousOperationId":"ifal97gfc5wv5wo"}
{"type":"operationEnd","subtype":"render","operationId":"rgg2usc8rn4rlrb","timestamp":1719009644455,"id":"6h5o7d5t1ml7biv","previousEventId":"cs01vnxatmhs5it","previousOperationId":"ifal97gfc5wv5wo"}
{"type":"operationEnd","operationId":"sf1w97ulwikztks","timestamp":1719009644475,"id":"cuhjzi9o40nj1ax","previousEventId":"hcixwkj8nplvh5c","previousOperationId":"sf1w97ulwikztks"}
{"type":"log","timestamp":1719009644475,"level":"debug","message":"pdf-utils postprocess start","meta":{"rootId":"afuvmd7qhfy9ako","id":"afuvmd7qhfy9ako"},"id":"ysnmremxqfnf6wk","previousOperationId":"sf1w97ulwikztks"}
{"type":"log","timestamp":1719009644498,"level":"debug","message":"pdf-utils postprocess end","meta":{"rootId":"afuvmd7qhfy9ako","id":"afuvmd7qhfy9ako"},"id":"n08twizfyvshseg","previousOperationId":"sf1w97ulwikztks"}
{"type":"operationEnd","operationId":"0tjtso4ktkf2r3i","timestamp":1719009644498,"id":"bxzftoym7w76zf8","previousEventId":"cuhjzi9o40nj1ax","previousOperationId":"sf1w97ulwikztks"}
{"type":"log","timestamp":1719009644499,"level":"info","message":"pdf-utils pdf processing was finished","meta":{"rootId":"afuvmd7qhfy9ako","id":"afuvmd7qhfy9ako"},"id":"9h6dg6u03adjgsv","previousOperationId":"0tjtso4ktkf2r3i"}
{"type":"log","timestamp":1719009644499,"level":"debug","message":"Skipping storing report.","meta":{"rootId":"afuvmd7qhfy9ako","id":"afuvmd7qhfy9ako"},"id":"4omwfyajf2sh7c0","previousOperationId":"0tjtso4ktkf2r3i"}
{"type":"log","timestamp":1719009644499,"level":"info","message":"Rendering request 156 finished in 570 ms","meta":{"rootId":"afuvmd7qhfy9ako","id":"afuvmd7qhfy9ako"},"id":"4sxi6nruy5m86o2","previousOperationId":"0tjtso4ktkf2r3i"}
{"type":"operationEnd","subtype":"render","operationId":"cxv7n2vn0576271","timestamp":1719009644499,"id":"rpwbtuom3npk9ab","previousEventId":"bxzftoym7w76zf8","previousOperationId":"0tjtso4ktkf2r3i"}
{"type":"operationEnd","doDiffs":false,"previousEventId":"d1k3uj8zgjy3qye","previousOperationId":"06wyqnztgo885ca","operationId":"06wyqnztgo885ca","timestamp":1719009644499,"id":"t6r2wltvmaef00a"}
