{"type":"operationStart","subtype":"profile","data":{"_id":"N27nz0aqOGOlhzc8","timestamp":"2024-06-22T01:58:57.400Z","state":"queued","mode":"standard","creationDate":"2024-06-22T01:58:57.405Z","modificationDate":"2024-06-22T01:58:57.405Z","shortid":"8aSagMo","$entitySet":"profiles"},"doDiffs":false,"timestamp":1719021537403,"id":"s2v7ztb50jo8apt","previousOperationId":null,"operationId":"yztc9b2gs76alsa"}
{"type":"log","level":"info","message":"Render request 168 queued for execution and waiting for available worker","previousOperationId":"yztc9b2gs76alsa","timestamp":1719021537403,"id":"ex5ghz3foaqtsm7"}
{"type":"operationStart","subtype":"render","name":"anonymous","previousOperationId":"yztc9b2gs76alsa","timestamp":1719021537437,"id":"7si9krz4aaiya3w","previousEventId":"s2v7ztb50jo8apt","operationId":"oj3o7uz4d62xb38"}
{"type":"log","timestamp":1719021537440,"level":"info","message":"Starting rendering request 168","meta":{"rootId":"apitl7ky3se5iws","id":"apitl7ky3se5iws"},"id":"iqm8owo8e61mx77","previousOperationId":"oj3o7uz4d62xb38"}
{"type":"log","timestamp":1719021537442,"level":"info","message":"Rendering anonymous template { recipe: chrome-pdf, engine: handlebars }","meta":{"rootId":"apitl7ky3se5iws","id":"apitl7ky3se5iws"},"id":"nrjsudbd8s42vcc","previousOperationId":"oj3o7uz4d62xb38"}
{"type":"log","timestamp":1719021537442,"level":"debug","message":"Inline data specified.","meta":{"rootId":"apitl7ky3se5iws","id":"apitl7ky3se5iws"},"id":"rrxrivm78vnc28u","previousOperationId":"oj3o7uz4d62xb38"}
{"type":"log","timestamp":1719021537445,"level":"debug","message":"Base url not specified, skipping its injection.","meta":{"rootId":"apitl7ky3se5iws","id":"apitl7ky3se5iws"},"id":"34rd8b1xo8d2tga","previousOperationId":"oj3o7uz4d62xb38"}
{"type":"operationStart","subtype":"engine","name":"handlebars","timestamp":1719021537447,"id":"4tata5re5que17u","previousEventId":"7si9krz4aaiya3w","operationId":"gii2ot3fvofro88","previousOperationId":"oj3o7uz4d62xb38"}
{"type":"log","timestamp":1719021537447,"level":"debug","message":"Rendering engine handlebars","meta":{"rootId":"apitl7ky3se5iws","id":"apitl7ky3se5iws"},"id":"ea7wim2muzj44n6","previousOperationId":"gii2ot3fvofro88"}
{"type":"log","timestamp":1719021537481,"level":"debug","message":"(console:log) Pdf utils adding group field, value: \"France\"","meta":{"userLevel":true,"rootId":"apitl7ky3se5iws","id":"apitl7ky3se5iws"},"id":"zzeuhayfeqxe2cg","previousOperationId":"gii2ot3fvofro88"}
{"type":"log","timestamp":1719021537485,"level":"debug","message":"(console:log) Pdf utils adding group field, value: \"Germany\"","meta":{"userLevel":true,"rootId":"apitl7ky3se5iws","id":"apitl7ky3se5iws"},"id":"84y7sjhi905albu","previousOperationId":"gii2ot3fvofro88"}
{"type":"operationEnd","operationId":"gii2ot3fvofro88","timestamp":1719021537485,"id":"f5piuu0er4ouk9h","previousEventId":"4tata5re5que17u","previousOperationId":"gii2ot3fvofro88"}
{"type":"operationStart","subtype":"recipe","name":"chrome-pdf","timestamp":1719021537486,"id":"w9vg1kqlazuh9zf","previousEventId":"f5piuu0er4ouk9h","operationId":"d1z78nh4ffa5u0a","previousOperationId":"gii2ot3fvofro88"}
{"type":"log","timestamp":1719021537486,"level":"debug","message":"Executing recipe chrome-pdf","meta":{"rootId":"apitl7ky3se5iws","id":"apitl7ky3se5iws"},"id":"81zgw9267keh4el","previousOperationId":"d1z78nh4ffa5u0a"}
{"type":"log","timestamp":1719021539328,"level":"debug","message":"Converting with chrome Chrome/126.0.6478.61 using chrome-pool strategy","meta":{"rootId":"apitl7ky3se5iws","id":"apitl7ky3se5iws"},"id":"tdlw72irp88dxtc","previousOperationId":"d1z78nh4ffa5u0a"}
{"type":"log","timestamp":1719021539812,"level":"debug","message":"Page request: GET (document) file:///var/folders/2x/1bhfw9mx7d775w_jmf56lcp80000gn/T/jsreport/autocleanup/9e57b2f4-8f14-4773-b578-f4e968294cdb-chrome-pdf.html","meta":{"rootId":"apitl7ky3se5iws","id":"apitl7ky3se5iws"},"id":"l6496zym5pxrzm3","previousOperationId":"d1z78nh4ffa5u0a"}
{"type":"log","timestamp":1719021539826,"level":"debug","message":"Page request finished: GET (document) 200 file:///var/folders/2x/1bhfw9mx7d775w_jmf56lcp80000gn/T/jsreport/autocleanup/9e57b2f4-8f14-4773-b578-f4e968294cdb-chrome-pdf.html","meta":{"rootId":"apitl7ky3se5iws","id":"apitl7ky3se5iws"},"id":"wpol6tjswz9vfuc","previousOperationId":"d1z78nh4ffa5u0a"}
{"type":"log","timestamp":1719021539828,"level":"debug","message":"Page request: GET (stylesheet) https://cdnjs.cloudflare.com/ajax/libs/metro/4.1.5/css/metro.min.css","meta":{"rootId":"apitl7ky3se5iws","id":"apitl7ky3se5iws"},"id":"o7j586j3ts9luo2","previousOperationId":"d1z78nh4ffa5u0a"}
{"type":"log","timestamp":1719021539828,"level":"debug","message":"Page request: GET (script) https://cdnjs.cloudflare.com/ajax/libs/Chart.js/2.7.2/Chart.min.js","meta":{"rootId":"apitl7ky3se5iws","id":"apitl7ky3se5iws"},"id":"wt9he7yfod7lps8","previousOperationId":"d1z78nh4ffa5u0a"}
{"type":"log","timestamp":1719021539895,"level":"debug","message":"Page request finished: GET (script) 200 https://cdnjs.cloudflare.com/ajax/libs/Chart.js/2.7.2/Chart.min.js","meta":{"rootId":"apitl7ky3se5iws","id":"apitl7ky3se5iws"},"id":"hzsrkt0ku7ob2vi","previousOperationId":"d1z78nh4ffa5u0a"}
{"type":"log","timestamp":1719021540171,"level":"debug","message":"Page request finished: GET (stylesheet) 200 https://cdnjs.cloudflare.com/ajax/libs/metro/4.1.5/css/metro.min.css","meta":{"rootId":"apitl7ky3se5iws","id":"apitl7ky3se5iws"},"id":"opf779gqimbk6dv","previousOperationId":"d1z78nh4ffa5u0a"}
{"type":"log","timestamp":1719021540266,"level":"debug","message":"Running chrome with params {\"marginTop\":\"4cm\",\"marginRight\":\"1.5cm\",\"marginLeft\":\"1.5cm\",\"marginBottom\":\"1.5cm\",\"timeout\":59901,\"margin\":{\"top\":\"4cm\",\"right\":\"1.5cm\",\"bottom\":\"1.5cm\",\"left\":\"1.5cm\"},\"printBackground\":true}","meta":{"rootId":"apitl7ky3se5iws","id":"apitl7ky3se5iws"},"id":"1xushw9xxguh2dn","previousOperationId":"d1z78nh4ffa5u0a"}
{"type":"operationEnd","operationId":"d1z78nh4ffa5u0a","timestamp":1719021540623,"id":"lh98h6ded7b4qk2","previousEventId":"w9vg1kqlazuh9zf","previousOperationId":"d1z78nh4ffa5u0a"}
{"type":"log","timestamp":1719021540623,"level":"info","message":"pdf-utils is starting pdf processing","meta":{"rootId":"apitl7ky3se5iws","id":"apitl7ky3se5iws"},"id":"z86javi77wmyaxy","previousOperationId":"d1z78nh4ffa5u0a"}
{"type":"operationStart","subtype":"pdfUtils","name":"pdf utils","timestamp":1719021540623,"id":"629z5v8rgg4o4q8","previousEventId":"lh98h6ded7b4qk2","operationId":"mswetwptd5egba3","previousOperationId":"d1z78nh4ffa5u0a"}
{"type":"log","timestamp":1719021540623,"level":"debug","message":"pdf-utils detected 1 pdf operation(s) to process","meta":{"rootId":"apitl7ky3se5iws","id":"apitl7ky3se5iws"},"id":"sji4sue05by5el5","previousOperationId":"mswetwptd5egba3"}
{"type":"log","timestamp":1719021540646,"level":"debug","message":"pdf-utils running pdf operation merge","meta":{"rootId":"apitl7ky3se5iws","id":"apitl7ky3se5iws"},"id":"gsb9pv9041fbl4f","previousOperationId":"mswetwptd5egba3"}
{"type":"operationStart","subtype":"pdfUtilsMerge","name":"pdf utils merge","previousOperationId":"mswetwptd5egba3","timestamp":1719021540646,"id":"cb7bs8ezv3yjzpa","previousEventId":"629z5v8rgg4o4q8","operationId":"l40gf15qe78kalj"}
{"type":"operationStart","subtype":"render","name":"anonymous","previousOperationId":"l40gf15qe78kalj","timestamp":1719021540646,"id":"mhi3jpdgytql261","previousEventId":"cb7bs8ezv3yjzpa","operationId":"xvabcrpkfecyyxw"}
{"type":"log","timestamp":1719021540646,"level":"info","message":"Starting rendering (child) request","meta":{"rootId":"apitl7ky3se5iws","id":"16leknrbpg4k0t5"},"id":"5doxx99vmqqamq9","previousOperationId":"xvabcrpkfecyyxw"}
{"type":"log","timestamp":1719021540646,"level":"info","message":"Rendering anonymous template { recipe: chrome-pdf, engine: handlebars }","meta":{"rootId":"apitl7ky3se5iws","id":"16leknrbpg4k0t5"},"id":"rwqq1ix7erbdhbm","previousOperationId":"xvabcrpkfecyyxw"}
{"type":"log","timestamp":1719021540646,"level":"debug","message":"Inline data specified.","meta":{"rootId":"apitl7ky3se5iws","id":"16leknrbpg4k0t5"},"id":"qgnn9npkufkzpi0","previousOperationId":"xvabcrpkfecyyxw"}
{"type":"log","timestamp":1719021540648,"level":"debug","message":"Base url not specified, skipping its injection.","meta":{"rootId":"apitl7ky3se5iws","id":"16leknrbpg4k0t5"},"id":"w7x090e5cnq3vzy","previousOperationId":"xvabcrpkfecyyxw"}
{"type":"operationStart","subtype":"engine","name":"handlebars","timestamp":1719021540648,"id":"luo5tlqvs3mk140","previousEventId":"mhi3jpdgytql261","operationId":"areikgguazev5vz","previousOperationId":"xvabcrpkfecyyxw"}
{"type":"log","timestamp":1719021540648,"level":"debug","message":"Rendering engine handlebars","meta":{"rootId":"apitl7ky3se5iws","id":"16leknrbpg4k0t5"},"id":"izimr37bjyei2x9","previousOperationId":"areikgguazev5vz"}
{"type":"operationEnd","operationId":"areikgguazev5vz","timestamp":1719021540662,"id":"iyk02os7v1soz4i","previousEventId":"luo5tlqvs3mk140","previousOperationId":"areikgguazev5vz"}
{"type":"operationStart","subtype":"recipe","name":"chrome-pdf","timestamp":1719021540663,"id":"xxixebtvnxkr8sb","previousEventId":"iyk02os7v1soz4i","operationId":"4yd7jvbkshgm5mz","previousOperationId":"areikgguazev5vz"}
{"type":"log","timestamp":1719021540663,"level":"debug","message":"Executing recipe chrome-pdf","meta":{"rootId":"apitl7ky3se5iws","id":"16leknrbpg4k0t5"},"id":"h01vhjkuhnng7t6","previousOperationId":"4yd7jvbkshgm5mz"}
{"type":"log","timestamp":1719021540668,"level":"debug","message":"Converting with chrome Chrome/126.0.6478.61 using chrome-pool strategy","meta":{"rootId":"apitl7ky3se5iws","id":"16leknrbpg4k0t5"},"id":"ym2eascsltjz85p","previousOperationId":"4yd7jvbkshgm5mz"}
{"type":"log","timestamp":1719021540688,"level":"debug","message":"Page request: GET (document) file:///var/folders/2x/1bhfw9mx7d775w_jmf56lcp80000gn/T/jsreport/autocleanup/a13b722c-48d1-4547-923d-7f02de793b68-chrome-pdf.html","meta":{"rootId":"apitl7ky3se5iws","id":"16leknrbpg4k0t5"},"id":"anrbu5uum5uhivz","previousOperationId":"4yd7jvbkshgm5mz"}
{"type":"log","timestamp":1719021540695,"level":"debug","message":"Page request finished: GET (document) 200 file:///var/folders/2x/1bhfw9mx7d775w_jmf56lcp80000gn/T/jsreport/autocleanup/a13b722c-48d1-4547-923d-7f02de793b68-chrome-pdf.html","meta":{"rootId":"apitl7ky3se5iws","id":"16leknrbpg4k0t5"},"id":"wh2vqi66juib6jw","previousOperationId":"4yd7jvbkshgm5mz"}
{"type":"log","timestamp":1719021540695,"level":"debug","message":"Page request: GET (stylesheet) https://cdnjs.cloudflare.com/ajax/libs/metro/4.1.5/css/metro.min.css","meta":{"rootId":"apitl7ky3se5iws","id":"16leknrbpg4k0t5"},"id":"0zsbf683bl72dgj","previousOperationId":"4yd7jvbkshgm5mz"}
{"type":"log","timestamp":1719021540702,"level":"debug","message":"Page request finished: GET (stylesheet) 200 https://cdnjs.cloudflare.com/ajax/libs/metro/4.1.5/css/metro.min.css","meta":{"rootId":"apitl7ky3se5iws","id":"16leknrbpg4k0t5"},"id":"sdmtjxzbi2qjbhr","previousOperationId":"4yd7jvbkshgm5mz"}
{"type":"log","timestamp":1719021540742,"level":"debug","message":"Running chrome with params {\"timeout\":56724,\"margin\":{},\"printBackground\":true}","meta":{"rootId":"apitl7ky3se5iws","id":"16leknrbpg4k0t5"},"id":"ulb9o380t11vc2t","previousOperationId":"4yd7jvbkshgm5mz"}
{"type":"operationEnd","operationId":"4yd7jvbkshgm5mz","timestamp":1719021540875,"id":"yk3r56toxy81id7","previousEventId":"xxixebtvnxkr8sb","previousOperationId":"4yd7jvbkshgm5mz"}
{"type":"log","timestamp":1719021540875,"level":"debug","message":"Skipping storing report.","meta":{"rootId":"apitl7ky3se5iws","id":"16leknrbpg4k0t5"},"id":"wjdwsf0vyle1pni","previousOperationId":"4yd7jvbkshgm5mz"}
{"type":"log","timestamp":1719021540875,"level":"info","message":"Rendering (child) request finished in 3484 ms","meta":{"rootId":"apitl7ky3se5iws","id":"16leknrbpg4k0t5"},"id":"28efo3ft6nu9dek","previousOperationId":"4yd7jvbkshgm5mz"}
{"type":"operationEnd","subtype":"render","operationId":"xvabcrpkfecyyxw","timestamp":1719021540875,"id":"54yohzfmk1xkmh6","previousEventId":"yk3r56toxy81id7","previousOperationId":"4yd7jvbkshgm5mz"}
{"type":"operationEnd","operationId":"l40gf15qe78kalj","timestamp":1719021540902,"id":"uj1wqptgk3zd4mf","previousEventId":"cb7bs8ezv3yjzpa","previousOperationId":"l40gf15qe78kalj"}
{"type":"log","timestamp":1719021540902,"level":"debug","message":"pdf-utils postprocess start","meta":{"rootId":"apitl7ky3se5iws","id":"apitl7ky3se5iws"},"id":"fl5it01lmtjip9y","previousOperationId":"l40gf15qe78kalj"}
{"type":"log","timestamp":1719021540932,"level":"debug","message":"pdf-utils postprocess end","meta":{"rootId":"apitl7ky3se5iws","id":"apitl7ky3se5iws"},"id":"cg4pp8jcss6kxk3","previousOperationId":"l40gf15qe78kalj"}
{"type":"operationEnd","operationId":"mswetwptd5egba3","timestamp":1719021540932,"id":"0eylcw45r0fy3ak","previousEventId":"uj1wqptgk3zd4mf","previousOperationId":"l40gf15qe78kalj"}
{"type":"log","timestamp":1719021540933,"level":"info","message":"pdf-utils pdf processing was finished","meta":{"rootId":"apitl7ky3se5iws","id":"apitl7ky3se5iws"},"id":"8jlmtk7lri40m4q","previousOperationId":"mswetwptd5egba3"}
{"type":"log","timestamp":1719021540933,"level":"debug","message":"Skipping storing report.","meta":{"rootId":"apitl7ky3se5iws","id":"apitl7ky3se5iws"},"id":"4jnfjwfd48wh0w1","previousOperationId":"mswetwptd5egba3"}
{"type":"log","timestamp":1719021540933,"level":"info","message":"Rendering request 168 finished in 3542 ms","meta":{"rootId":"apitl7ky3se5iws","id":"apitl7ky3se5iws"},"id":"if074blcy642cxu","previousOperationId":"mswetwptd5egba3"}
{"type":"operationEnd","subtype":"render","operationId":"oj3o7uz4d62xb38","timestamp":1719021540933,"id":"72loahzcnlynijx","previousEventId":"0eylcw45r0fy3ak","previousOperationId":"mswetwptd5egba3"}
{"type":"operationEnd","doDiffs":false,"previousEventId":"s2v7ztb50jo8apt","previousOperationId":"yztc9b2gs76alsa","operationId":"yztc9b2gs76alsa","timestamp":1719021540934,"id":"0gd638sxe732np9"}
