{"type":"operationStart","subtype":"profile","data":{"_id":"vxq10hIJZycqt3lE","timestamp":"2024-06-21T21:02:06.484Z","state":"queued","mode":"standard","creationDate":"2024-06-21T21:02:06.486Z","modificationDate":"2024-06-21T21:02:06.486Z","shortid":"0GAH2We","$entitySet":"profiles"},"doDiffs":false,"timestamp":1719003726485,"id":"cygrwff7r0jxlzr","previousOperationId":null,"operationId":"1qs3ciq5lj64s81"}
{"type":"log","level":"info","message":"Render request 96 queued for execution and waiting for available worker","previousOperationId":"1qs3ciq5lj64s81","timestamp":1719003726485,"id":"if1g5yrjbepg36g"}
{"type":"operationStart","subtype":"render","name":"anonymous","previousOperationId":"1qs3ciq5lj64s81","timestamp":1719003726499,"id":"c89cl3zgoyxnezt","previousEventId":"cygrwff7r0jxlzr","operationId":"aidgxk4zojxca5f"}
{"type":"log","timestamp":1719003726499,"level":"info","message":"Starting rendering request 96","meta":{"rootId":"b1viue7hkejracn","id":"b1viue7hkejracn"},"id":"i27fcoqfl178gsb","previousOperationId":"aidgxk4zojxca5f"}
{"type":"log","timestamp":1719003726500,"level":"info","message":"Rendering anonymous template { recipe: chrome-pdf, engine: handlebars }","meta":{"rootId":"b1viue7hkejracn","id":"b1viue7hkejracn"},"id":"d8vo3yf26op7oea","previousOperationId":"aidgxk4zojxca5f"}
{"type":"log","timestamp":1719003726500,"level":"debug","message":"Inline data specified.","meta":{"rootId":"b1viue7hkejracn","id":"b1viue7hkejracn"},"id":"yyqmngorf2n3jsp","previousOperationId":"aidgxk4zojxca5f"}
{"type":"log","timestamp":1719003726507,"level":"debug","message":"Base url not specified, skipping its injection.","meta":{"rootId":"b1viue7hkejracn","id":"b1viue7hkejracn"},"id":"hpz1kwh9thqgxx5","previousOperationId":"aidgxk4zojxca5f"}
{"type":"operationStart","subtype":"engine","name":"handlebars","timestamp":1719003726509,"id":"vj36edwio2pdq4n","previousEventId":"c89cl3zgoyxnezt","operationId":"6kdzuvjtliog5ju","previousOperationId":"aidgxk4zojxca5f"}
{"type":"log","timestamp":1719003726509,"level":"debug","message":"Rendering engine handlebars","meta":{"rootId":"b1viue7hkejracn","id":"b1viue7hkejracn"},"id":"9imq4pod6exchb6","previousOperationId":"6kdzuvjtliog5ju"}
{"type":"operationEnd","operationId":"6kdzuvjtliog5ju","timestamp":1719003726562,"id":"rexbw74e56qkass","previousEventId":"vj36edwio2pdq4n","previousOperationId":"6kdzuvjtliog5ju"}
{"type":"operationStart","subtype":"recipe","name":"chrome-pdf","timestamp":1719003726563,"id":"yeg0byart64g61k","previousEventId":"rexbw74e56qkass","operationId":"87wufgf6n0ztegs","previousOperationId":"6kdzuvjtliog5ju"}
{"type":"log","timestamp":1719003726563,"level":"debug","message":"Executing recipe chrome-pdf","meta":{"rootId":"b1viue7hkejracn","id":"b1viue7hkejracn"},"id":"naupmb0ey8syqo5","previousOperationId":"87wufgf6n0ztegs"}
{"type":"log","timestamp":1719003726575,"level":"debug","message":"Converting with chrome Chrome/126.0.6478.61 using chrome-pool strategy","meta":{"rootId":"b1viue7hkejracn","id":"b1viue7hkejracn"},"id":"f3e9hktz5qnqeda","previousOperationId":"87wufgf6n0ztegs"}
{"type":"log","timestamp":1719003726994,"level":"debug","message":"Page request: GET (document) file:///var/folders/2x/1bhfw9mx7d775w_jmf56lcp80000gn/T/jsreport/autocleanup/a7997eb5-80de-4625-92bd-63e3ddef735d-chrome-pdf.html","meta":{"rootId":"b1viue7hkejracn","id":"b1viue7hkejracn"},"id":"t1qxyl0ttpy5ej5","previousOperationId":"87wufgf6n0ztegs"}
{"type":"log","timestamp":1719003727015,"level":"debug","message":"Page request: GET (stylesheet) https://cdnjs.cloudflare.com/ajax/libs/metro/4.1.5/css/metro.min.css","meta":{"rootId":"b1viue7hkejracn","id":"b1viue7hkejracn"},"id":"qmcjynhu4fjiir9","previousOperationId":"87wufgf6n0ztegs"}
{"type":"log","timestamp":1719003727015,"level":"debug","message":"Page request: GET (script) https://cdnjs.cloudflare.com/ajax/libs/Chart.js/2.7.2/Chart.min.js","meta":{"rootId":"b1viue7hkejracn","id":"b1viue7hkejracn"},"id":"q5yoxr6xx9ig99s","previousOperationId":"87wufgf6n0ztegs"}
{"type":"log","timestamp":1719003727026,"level":"debug","message":"Page request finished: GET (stylesheet) 200 https://cdnjs.cloudflare.com/ajax/libs/metro/4.1.5/css/metro.min.css","meta":{"rootId":"b1viue7hkejracn","id":"b1viue7hkejracn"},"id":"xara0xrvo9xmo2e","previousOperationId":"87wufgf6n0ztegs"}
{"type":"log","timestamp":1719003727026,"level":"debug","message":"Page request finished: GET (script) 200 https://cdnjs.cloudflare.com/ajax/libs/Chart.js/2.7.2/Chart.min.js","meta":{"rootId":"b1viue7hkejracn","id":"b1viue7hkejracn"},"id":"uyf179w6jdx03mc","previousOperationId":"87wufgf6n0ztegs"}
{"type":"log","timestamp":1719003727036,"level":"debug","message":"Page request finished: GET (document) 200 file:///var/folders/2x/1bhfw9mx7d775w_jmf56lcp80000gn/T/jsreport/autocleanup/a7997eb5-80de-4625-92bd-63e3ddef735d-chrome-pdf.html","meta":{"rootId":"b1viue7hkejracn","id":"b1viue7hkejracn"},"id":"c5liagkj2dj7iu3","previousOperationId":"87wufgf6n0ztegs"}
{"type":"log","timestamp":1719003727105,"level":"debug","message":"Running chrome with params {\"timeout\":59913,\"margin\":{},\"printBackground\":true}","meta":{"rootId":"b1viue7hkejracn","id":"b1viue7hkejracn"},"id":"ghu0d1t3nrt1iff","previousOperationId":"87wufgf6n0ztegs"}
{"type":"operationEnd","operationId":"87wufgf6n0ztegs","timestamp":1719003727311,"id":"aoehwaj9yidloat","previousEventId":"yeg0byart64g61k","previousOperationId":"87wufgf6n0ztegs"}
{"type":"log","timestamp":1719003727311,"level":"debug","message":"Skipping storing report.","meta":{"rootId":"b1viue7hkejracn","id":"b1viue7hkejracn"},"id":"4cxr8s38211dbth","previousOperationId":"87wufgf6n0ztegs"}
{"type":"log","timestamp":1719003727311,"level":"info","message":"Rendering request 96 finished in 833 ms","meta":{"rootId":"b1viue7hkejracn","id":"b1viue7hkejracn"},"id":"hjyl5p5a8jmq75y","previousOperationId":"87wufgf6n0ztegs"}
{"type":"operationEnd","subtype":"render","operationId":"aidgxk4zojxca5f","timestamp":1719003727311,"id":"w9lons2tziw9p53","previousEventId":"aoehwaj9yidloat","previousOperationId":"87wufgf6n0ztegs"}
{"type":"operationEnd","doDiffs":false,"previousEventId":"cygrwff7r0jxlzr","previousOperationId":"1qs3ciq5lj64s81","operationId":"1qs3ciq5lj64s81","timestamp":1719003727312,"id":"5v474vvlrkendr7"}
