{"type":"operationStart","subtype":"profile","data":{"_id":"lGI7lVXqcbIE0MvA","timestamp":"2024-06-21T22:02:52.454Z","state":"queued","mode":"standard","creationDate":"2024-06-21T22:02:52.457Z","modificationDate":"2024-06-21T22:02:52.457Z","shortid":"Gub2quU","$entitySet":"profiles"},"doDiffs":false,"timestamp":1719007372455,"id":"hymmwi22hzohp77","previousOperationId":null,"operationId":"wld1jlqlo99kcx9"}
{"type":"log","level":"info","message":"Render request 130 queued for execution and waiting for available worker","previousOperationId":"wld1jlqlo99kcx9","timestamp":1719007372455,"id":"g76uy1e1z2gzhgw"}
{"type":"operationStart","subtype":"render","name":"anonymous","previousOperationId":"wld1jlqlo99kcx9","timestamp":1719007372474,"id":"pvwgs1v3vhmbf60","previousEventId":"hymmwi22hzohp77","operationId":"04eiq764l6hgl35"}
{"type":"log","timestamp":1719007372474,"level":"info","message":"Starting rendering request 130","meta":{"rootId":"b2sxg1mfhnryd4n","id":"b2sxg1mfhnryd4n"},"id":"j0nbvoj19uzpzfj","previousOperationId":"04eiq764l6hgl35"}
{"type":"log","timestamp":1719007372475,"level":"info","message":"Rendering anonymous template { recipe: chrome-pdf, engine: handlebars }","meta":{"rootId":"b2sxg1mfhnryd4n","id":"b2sxg1mfhnryd4n"},"id":"a95n1idsejspk09","previousOperationId":"04eiq764l6hgl35"}
{"type":"log","timestamp":1719007372475,"level":"debug","message":"Inline data specified.","meta":{"rootId":"b2sxg1mfhnryd4n","id":"b2sxg1mfhnryd4n"},"id":"5l8q67c5d782s0o","previousOperationId":"04eiq764l6hgl35"}
{"type":"log","timestamp":1719007372475,"level":"debug","message":"Base url not specified, skipping its injection.","meta":{"rootId":"b2sxg1mfhnryd4n","id":"b2sxg1mfhnryd4n"},"id":"qitwalzs9dub8b4","previousOperationId":"04eiq764l6hgl35"}
{"type":"operationStart","subtype":"engine","name":"handlebars","timestamp":1719007372476,"id":"i9bjs67hzqvmgwi","previousEventId":"pvwgs1v3vhmbf60","operationId":"0ulo1bn84p9dbiv","previousOperationId":"04eiq764l6hgl35"}
{"type":"log","timestamp":1719007372476,"level":"debug","message":"Rendering engine handlebars","meta":{"rootId":"b2sxg1mfhnryd4n","id":"b2sxg1mfhnryd4n"},"id":"et6frfay3898p4t","previousOperationId":"0ulo1bn84p9dbiv"}
{"type":"log","timestamp":1719007372485,"level":"debug","message":"(console:log) Pdf utils adding group field, value: \"France\"","meta":{"userLevel":true,"rootId":"b2sxg1mfhnryd4n","id":"b2sxg1mfhnryd4n"},"id":"rrwwxtaq1yr7s2d","previousOperationId":"0ulo1bn84p9dbiv"}
{"type":"log","timestamp":1719007372486,"level":"debug","message":"(console:log) Pdf utils adding group field, value: \"Germany\"","meta":{"userLevel":true,"rootId":"b2sxg1mfhnryd4n","id":"b2sxg1mfhnryd4n"},"id":"e4h3ow4s0xgtpfd","previousOperationId":"0ulo1bn84p9dbiv"}
{"type":"operationEnd","operationId":"0ulo1bn84p9dbiv","timestamp":1719007372486,"id":"mhr94uyruyagj9o","previousEventId":"i9bjs67hzqvmgwi","previousOperationId":"0ulo1bn84p9dbiv"}
{"type":"operationStart","subtype":"recipe","name":"chrome-pdf","timestamp":1719007372486,"id":"etdn5beeg93cvdq","previousEventId":"mhr94uyruyagj9o","operationId":"alvakxgn9arfqi5","previousOperationId":"0ulo1bn84p9dbiv"}
{"type":"log","timestamp":1719007372486,"level":"debug","message":"Executing recipe chrome-pdf","meta":{"rootId":"b2sxg1mfhnryd4n","id":"b2sxg1mfhnryd4n"},"id":"chimcw6oq643cte","previousOperationId":"alvakxgn9arfqi5"}
{"type":"log","timestamp":1719007372487,"level":"debug","message":"Starting child request to render pdf header","meta":{"rootId":"b2sxg1mfhnryd4n","id":"b2sxg1mfhnryd4n"},"id":"vz63830oevlgd80","previousOperationId":"alvakxgn9arfqi5"}
{"type":"operationStart","subtype":"render","name":"anonymous","previousOperationId":"alvakxgn9arfqi5","timestamp":1719007372487,"id":"c2utg6cnor1yzlc","previousEventId":"etdn5beeg93cvdq","operationId":"4nldgii82vgp7rx"}
{"type":"log","timestamp":1719007372487,"level":"info","message":"Starting rendering (child) request","meta":{"rootId":"b2sxg1mfhnryd4n","id":"ucjbps6dwzmn5gx"},"id":"q46p7oy6xpvke04","previousOperationId":"4nldgii82vgp7rx"}
{"type":"log","timestamp":1719007372487,"level":"info","message":"Rendering anonymous template { recipe: html, engine: handlebars }","meta":{"rootId":"b2sxg1mfhnryd4n","id":"ucjbps6dwzmn5gx"},"id":"ewc7airqyfibd4o","previousOperationId":"4nldgii82vgp7rx"}
{"type":"log","timestamp":1719007372487,"level":"debug","message":"Inline data specified.","meta":{"rootId":"b2sxg1mfhnryd4n","id":"ucjbps6dwzmn5gx"},"id":"500o5t8rsgbor6b","previousOperationId":"4nldgii82vgp7rx"}
{"type":"log","timestamp":1719007372487,"level":"debug","message":"Base url not specified, skipping its injection.","meta":{"rootId":"b2sxg1mfhnryd4n","id":"ucjbps6dwzmn5gx"},"id":"pbuq25td6laam01","previousOperationId":"4nldgii82vgp7rx"}
{"type":"operationStart","subtype":"engine","name":"handlebars","timestamp":1719007372487,"id":"5copkprr9w8mkp5","previousEventId":"c2utg6cnor1yzlc","operationId":"1tepwg8i9qhzhvf","previousOperationId":"4nldgii82vgp7rx"}
{"type":"log","timestamp":1719007372487,"level":"debug","message":"Rendering engine handlebars","meta":{"rootId":"b2sxg1mfhnryd4n","id":"ucjbps6dwzmn5gx"},"id":"r9y5cxyigw5zmzm","previousOperationId":"1tepwg8i9qhzhvf"}
{"type":"operationEnd","operationId":"1tepwg8i9qhzhvf","timestamp":1719007372491,"id":"s5ztnhdqn0kyiu1","previousEventId":"5copkprr9w8mkp5","previousOperationId":"1tepwg8i9qhzhvf"}
{"type":"operationStart","subtype":"recipe","name":"html","timestamp":1719007372491,"id":"vo3jaf2yo5oxume","previousEventId":"s5ztnhdqn0kyiu1","operationId":"rk6ybykw14v1tqm","previousOperationId":"1tepwg8i9qhzhvf"}
{"type":"log","timestamp":1719007372491,"level":"debug","message":"Executing recipe html","meta":{"rootId":"b2sxg1mfhnryd4n","id":"ucjbps6dwzmn5gx"},"id":"kfbndsz9zngc5ku","previousOperationId":"rk6ybykw14v1tqm"}
{"type":"operationEnd","operationId":"rk6ybykw14v1tqm","timestamp":1719007372491,"id":"hzf3lnbfy06i39w","previousEventId":"vo3jaf2yo5oxume","previousOperationId":"rk6ybykw14v1tqm"}
{"type":"log","timestamp":1719007372491,"level":"debug","message":"Skipping storing report.","meta":{"rootId":"b2sxg1mfhnryd4n","id":"ucjbps6dwzmn5gx"},"id":"rv18num6molro18","previousOperationId":"rk6ybykw14v1tqm"}
{"type":"log","timestamp":1719007372491,"level":"info","message":"Rendering (child) request finished in 38 ms","meta":{"rootId":"b2sxg1mfhnryd4n","id":"ucjbps6dwzmn5gx"},"id":"o8anfk5ici2r8u8","previousOperationId":"rk6ybykw14v1tqm"}
{"type":"operationEnd","subtype":"render","operationId":"4nldgii82vgp7rx","timestamp":1719007372491,"id":"cgq9kknfyu273q9","previousEventId":"hzf3lnbfy06i39w","previousOperationId":"rk6ybykw14v1tqm"}
{"type":"log","timestamp":1719007372491,"level":"debug","message":"Starting child request to render pdf footer","meta":{"rootId":"b2sxg1mfhnryd4n","id":"b2sxg1mfhnryd4n"},"id":"ojqs5ny9j89kuog","previousOperationId":"alvakxgn9arfqi5"}
{"type":"operationStart","subtype":"render","name":"anonymous","previousOperationId":"alvakxgn9arfqi5","timestamp":1719007372491,"id":"n1znxc6pmaxigrx","previousEventId":"etdn5beeg93cvdq","operationId":"n43id79v8o00j0g"}
{"type":"log","timestamp":1719007372491,"level":"info","message":"Starting rendering (child) request","meta":{"rootId":"b2sxg1mfhnryd4n","id":"a7j8mq6ejeij2vg"},"id":"9ul2g723gsgbox7","previousOperationId":"n43id79v8o00j0g"}
{"type":"log","timestamp":1719007372491,"level":"info","message":"Rendering anonymous template { recipe: html, engine: handlebars }","meta":{"rootId":"b2sxg1mfhnryd4n","id":"a7j8mq6ejeij2vg"},"id":"mnjn4g7kkflj5m8","previousOperationId":"n43id79v8o00j0g"}
{"type":"log","timestamp":1719007372491,"level":"debug","message":"Inline data specified.","meta":{"rootId":"b2sxg1mfhnryd4n","id":"a7j8mq6ejeij2vg"},"id":"rzfppdx7xxhy8el","previousOperationId":"n43id79v8o00j0g"}
{"type":"log","timestamp":1719007372491,"level":"debug","message":"Base url not specified, skipping its injection.","meta":{"rootId":"b2sxg1mfhnryd4n","id":"a7j8mq6ejeij2vg"},"id":"3dihgqfezuomuog","previousOperationId":"n43id79v8o00j0g"}
{"type":"operationStart","subtype":"engine","name":"handlebars","timestamp":1719007372491,"id":"6l45z2p8gf4kdis","previousEventId":"n1znxc6pmaxigrx","operationId":"y1cb83mpsmi6xiv","previousOperationId":"n43id79v8o00j0g"}
{"type":"log","timestamp":1719007372491,"level":"debug","message":"Rendering engine handlebars","meta":{"rootId":"b2sxg1mfhnryd4n","id":"a7j8mq6ejeij2vg"},"id":"6xs6zj230gfxrk1","previousOperationId":"y1cb83mpsmi6xiv"}
{"type":"operationEnd","operationId":"y1cb83mpsmi6xiv","timestamp":1719007372493,"id":"qzq1pe9bwb5u21d","previousEventId":"6l45z2p8gf4kdis","previousOperationId":"y1cb83mpsmi6xiv"}
{"type":"operationStart","subtype":"recipe","name":"html","timestamp":1719007372493,"id":"38qfd8clzbunbvj","previousEventId":"qzq1pe9bwb5u21d","operationId":"w5xjo5gwquni96a","previousOperationId":"y1cb83mpsmi6xiv"}
{"type":"log","timestamp":1719007372493,"level":"debug","message":"Executing recipe html","meta":{"rootId":"b2sxg1mfhnryd4n","id":"a7j8mq6ejeij2vg"},"id":"741abedwfkr2agn","previousOperationId":"w5xjo5gwquni96a"}
{"type":"operationEnd","operationId":"w5xjo5gwquni96a","timestamp":1719007372493,"id":"ey6mpxdkuqm1twz","previousEventId":"38qfd8clzbunbvj","previousOperationId":"w5xjo5gwquni96a"}
{"type":"log","timestamp":1719007372494,"level":"debug","message":"Skipping storing report.","meta":{"rootId":"b2sxg1mfhnryd4n","id":"a7j8mq6ejeij2vg"},"id":"0a9x32wh0ri88d2","previousOperationId":"w5xjo5gwquni96a"}
{"type":"log","timestamp":1719007372494,"level":"info","message":"Rendering (child) request finished in 41 ms","meta":{"rootId":"b2sxg1mfhnryd4n","id":"a7j8mq6ejeij2vg"},"id":"j4n1sdzu8lowugo","previousOperationId":"w5xjo5gwquni96a"}
{"type":"operationEnd","subtype":"render","operationId":"n43id79v8o00j0g","timestamp":1719007372494,"id":"8tj2dmte2hrlwl6","previousEventId":"ey6mpxdkuqm1twz","previousOperationId":"w5xjo5gwquni96a"}
{"type":"log","timestamp":1719007372495,"level":"debug","message":"Converting with chrome Chrome/126.0.6478.61 using chrome-pool strategy","meta":{"rootId":"b2sxg1mfhnryd4n","id":"b2sxg1mfhnryd4n"},"id":"a3j2ru7exv34lwq","previousOperationId":"alvakxgn9arfqi5"}
{"type":"log","timestamp":1719007372580,"level":"debug","message":"Page request: GET (document) file:///var/folders/2x/1bhfw9mx7d775w_jmf56lcp80000gn/T/jsreport/autocleanup/42078cfb-80e6-4765-abc2-bb114a7aec22-chrome-pdf.html","meta":{"rootId":"b2sxg1mfhnryd4n","id":"b2sxg1mfhnryd4n"},"id":"jrijfdvj0l1cyyl","previousOperationId":"alvakxgn9arfqi5"}
{"type":"log","timestamp":1719007372584,"level":"debug","message":"Page request finished: GET (document) 200 file:///var/folders/2x/1bhfw9mx7d775w_jmf56lcp80000gn/T/jsreport/autocleanup/42078cfb-80e6-4765-abc2-bb114a7aec22-chrome-pdf.html","meta":{"rootId":"b2sxg1mfhnryd4n","id":"b2sxg1mfhnryd4n"},"id":"bdo0dhkj51rr8h3","previousOperationId":"alvakxgn9arfqi5"}
{"type":"log","timestamp":1719007372584,"level":"debug","message":"Page request: GET (stylesheet) https://cdnjs.cloudflare.com/ajax/libs/metro/4.1.5/css/metro.min.css","meta":{"rootId":"b2sxg1mfhnryd4n","id":"b2sxg1mfhnryd4n"},"id":"8sdwcwhu36p68ry","previousOperationId":"alvakxgn9arfqi5"}
{"type":"log","timestamp":1719007372584,"level":"debug","message":"Page request: GET (script) https://cdnjs.cloudflare.com/ajax/libs/Chart.js/2.7.2/Chart.min.js","meta":{"rootId":"b2sxg1mfhnryd4n","id":"b2sxg1mfhnryd4n"},"id":"orq6fyfk0qr5w7b","previousOperationId":"alvakxgn9arfqi5"}
{"type":"log","timestamp":1719007372592,"level":"debug","message":"Page request finished: GET (stylesheet) 200 https://cdnjs.cloudflare.com/ajax/libs/metro/4.1.5/css/metro.min.css","meta":{"rootId":"b2sxg1mfhnryd4n","id":"b2sxg1mfhnryd4n"},"id":"s9zpf650voc4qmh","previousOperationId":"alvakxgn9arfqi5"}
{"type":"log","timestamp":1719007372592,"level":"debug","message":"Page request finished: GET (script) 200 https://cdnjs.cloudflare.com/ajax/libs/Chart.js/2.7.2/Chart.min.js","meta":{"rootId":"b2sxg1mfhnryd4n","id":"b2sxg1mfhnryd4n"},"id":"vcqzrqqy0zzje2r","previousOperationId":"alvakxgn9arfqi5"}
{"type":"log","timestamp":1719007372623,"level":"debug","message":"Running chrome with params {\"displayHeaderFooter\":true,\"headerTemplate\":\"...\",\"footerTemplate\":\"...\",\"marginTop\":\"4cm\",\"marginRight\":\"1.5cm\",\"marginLeft\":\"1.5cm\",\"marginBottom\":\"1.5cm\",\"timeout\":59959,\"margin\":{\"top\":\"4cm\",\"right\":\"1.5cm\",\"bottom\":\"1.5cm\",\"left\":\"1.5cm\"},\"printBackground\":true}","meta":{"rootId":"b2sxg1mfhnryd4n","id":"b2sxg1mfhnryd4n"},"id":"y8bgvsxtumdoctw","previousOperationId":"alvakxgn9arfqi5"}
{"type":"operationEnd","operationId":"alvakxgn9arfqi5","timestamp":1719007372924,"id":"96thn1hps35rua8","previousEventId":"etdn5beeg93cvdq","previousOperationId":"alvakxgn9arfqi5"}
{"type":"log","timestamp":1719007372924,"level":"info","message":"pdf-utils is starting pdf processing","meta":{"rootId":"b2sxg1mfhnryd4n","id":"b2sxg1mfhnryd4n"},"id":"ldhwp9zw3voo5wa","previousOperationId":"alvakxgn9arfqi5"}
{"type":"operationStart","subtype":"pdfUtils","name":"pdf utils","timestamp":1719007372925,"id":"kbypznot0uije5i","previousEventId":"96thn1hps35rua8","operationId":"5dyh7idnljotpwx","previousOperationId":"alvakxgn9arfqi5"}
{"type":"log","timestamp":1719007372925,"level":"debug","message":"pdf-utils detected 1 pdf operation(s) to process","meta":{"rootId":"b2sxg1mfhnryd4n","id":"b2sxg1mfhnryd4n"},"id":"mftyxiqg09id49b","previousOperationId":"5dyh7idnljotpwx"}
{"type":"log","timestamp":1719007372940,"level":"debug","message":"pdf-utils running pdf operation merge","meta":{"rootId":"b2sxg1mfhnryd4n","id":"b2sxg1mfhnryd4n"},"id":"vcvmz7f0dp1vp01","previousOperationId":"5dyh7idnljotpwx"}
{"type":"operationStart","subtype":"pdfUtilsMerge","name":"pdf utils merge","previousOperationId":"5dyh7idnljotpwx","timestamp":1719007372940,"id":"h73amxzf0wq7e7a","previousEventId":"kbypznot0uije5i","operationId":"9i0k9608kkybsyn"}
{"type":"operationStart","subtype":"render","name":"anonymous","previousOperationId":"9i0k9608kkybsyn","timestamp":1719007372940,"id":"typ0vlvwm77035n","previousEventId":"h73amxzf0wq7e7a","operationId":"n153xissdhsc11h"}
{"type":"log","timestamp":1719007372940,"level":"info","message":"Starting rendering (child) request","meta":{"rootId":"b2sxg1mfhnryd4n","id":"5uipohz4jjt0un8"},"id":"kzdac9iarhlexc1","previousOperationId":"n153xissdhsc11h"}
{"type":"log","timestamp":1719007372940,"level":"info","message":"Rendering anonymous template { recipe: chrome-pdf, engine: handlebars }","meta":{"rootId":"b2sxg1mfhnryd4n","id":"5uipohz4jjt0un8"},"id":"3qeyjh1rnxypy0h","previousOperationId":"n153xissdhsc11h"}
{"type":"log","timestamp":1719007372940,"level":"debug","message":"Inline data specified.","meta":{"rootId":"b2sxg1mfhnryd4n","id":"5uipohz4jjt0un8"},"id":"d4mx7vw5rrcs7zd","previousOperationId":"n153xissdhsc11h"}
{"type":"log","timestamp":1719007372942,"level":"debug","message":"Base url not specified, skipping its injection.","meta":{"rootId":"b2sxg1mfhnryd4n","id":"5uipohz4jjt0un8"},"id":"tigjdc7xmz6ajzh","previousOperationId":"n153xissdhsc11h"}
{"type":"operationStart","subtype":"engine","name":"handlebars","timestamp":1719007372942,"id":"ygf35k5x45i1aos","previousEventId":"typ0vlvwm77035n","operationId":"35vj17xbilcqih6","previousOperationId":"n153xissdhsc11h"}
{"type":"log","timestamp":1719007372942,"level":"debug","message":"Rendering engine handlebars","meta":{"rootId":"b2sxg1mfhnryd4n","id":"5uipohz4jjt0un8"},"id":"yqqvzqc55rnbify","previousOperationId":"35vj17xbilcqih6"}
{"type":"operationEnd","operationId":"35vj17xbilcqih6","timestamp":1719007372945,"id":"6bznn0r2myer62w","previousEventId":"ygf35k5x45i1aos","previousOperationId":"35vj17xbilcqih6"}
{"type":"operationStart","subtype":"recipe","name":"chrome-pdf","timestamp":1719007372945,"id":"erjl1mtrif7bo70","previousEventId":"6bznn0r2myer62w","operationId":"e092f77plpybugb","previousOperationId":"35vj17xbilcqih6"}
{"type":"log","timestamp":1719007372945,"level":"debug","message":"Executing recipe chrome-pdf","meta":{"rootId":"b2sxg1mfhnryd4n","id":"5uipohz4jjt0un8"},"id":"wjf1gfjc2p0r0rr","previousOperationId":"e092f77plpybugb"}
{"type":"log","timestamp":1719007372946,"level":"debug","message":"Converting with chrome Chrome/126.0.6478.61 using chrome-pool strategy","meta":{"rootId":"b2sxg1mfhnryd4n","id":"5uipohz4jjt0un8"},"id":"84herfcxgo20ybh","previousOperationId":"e092f77plpybugb"}
{"type":"log","timestamp":1719007373005,"level":"debug","message":"Page request: GET (document) file:///var/folders/2x/1bhfw9mx7d775w_jmf56lcp80000gn/T/jsreport/autocleanup/ef3bc7f0-1e4b-4c32-af09-ada9f15e6953-chrome-pdf.html","meta":{"rootId":"b2sxg1mfhnryd4n","id":"5uipohz4jjt0un8"},"id":"y0355fbi51wehzg","previousOperationId":"e092f77plpybugb"}
{"type":"log","timestamp":1719007373009,"level":"debug","message":"Page request finished: GET (document) 200 file:///var/folders/2x/1bhfw9mx7d775w_jmf56lcp80000gn/T/jsreport/autocleanup/ef3bc7f0-1e4b-4c32-af09-ada9f15e6953-chrome-pdf.html","meta":{"rootId":"b2sxg1mfhnryd4n","id":"5uipohz4jjt0un8"},"id":"bwdd4adtygbkzz1","previousOperationId":"e092f77plpybugb"}
{"type":"log","timestamp":1719007373011,"level":"debug","message":"Running chrome with params {\"timeout\":59508,\"margin\":{},\"printBackground\":true}","meta":{"rootId":"b2sxg1mfhnryd4n","id":"5uipohz4jjt0un8"},"id":"aiaz00k7vkbt3qb","previousOperationId":"e092f77plpybugb"}
{"type":"operationEnd","operationId":"e092f77plpybugb","timestamp":1719007373072,"id":"12ajeykdnpuwn5h","previousEventId":"erjl1mtrif7bo70","previousOperationId":"e092f77plpybugb"}
{"type":"log","timestamp":1719007373072,"level":"debug","message":"Skipping storing report.","meta":{"rootId":"b2sxg1mfhnryd4n","id":"5uipohz4jjt0un8"},"id":"184r88fgttfqbsm","previousOperationId":"e092f77plpybugb"}
{"type":"log","timestamp":1719007373072,"level":"info","message":"Rendering (child) request finished in 619 ms","meta":{"rootId":"b2sxg1mfhnryd4n","id":"5uipohz4jjt0un8"},"id":"9krdzwpm3p2k5p7","previousOperationId":"e092f77plpybugb"}
{"type":"operationEnd","subtype":"render","operationId":"n153xissdhsc11h","timestamp":1719007373072,"id":"p5n1z9zg6z75b6d","previousEventId":"12ajeykdnpuwn5h","previousOperationId":"e092f77plpybugb"}
{"type":"operationEnd","operationId":"9i0k9608kkybsyn","timestamp":1719007373084,"id":"0xz9w0q2yy4wt2r","previousEventId":"h73amxzf0wq7e7a","previousOperationId":"9i0k9608kkybsyn"}
{"type":"log","timestamp":1719007373084,"level":"debug","message":"pdf-utils postprocess start","meta":{"rootId":"b2sxg1mfhnryd4n","id":"b2sxg1mfhnryd4n"},"id":"9qtq4mttbuwuxc9","previousOperationId":"9i0k9608kkybsyn"}
{"type":"log","timestamp":1719007373098,"level":"debug","message":"pdf-utils postprocess end","meta":{"rootId":"b2sxg1mfhnryd4n","id":"b2sxg1mfhnryd4n"},"id":"3pxdhanbfxgk7s7","previousOperationId":"9i0k9608kkybsyn"}
{"type":"operationEnd","operationId":"5dyh7idnljotpwx","timestamp":1719007373098,"id":"7dre8vaiqomxonw","previousEventId":"0xz9w0q2yy4wt2r","previousOperationId":"9i0k9608kkybsyn"}
{"type":"log","timestamp":1719007373098,"level":"info","message":"pdf-utils pdf processing was finished","meta":{"rootId":"b2sxg1mfhnryd4n","id":"b2sxg1mfhnryd4n"},"id":"aw234b6kcnozj6t","previousOperationId":"5dyh7idnljotpwx"}
{"type":"log","timestamp":1719007373098,"level":"debug","message":"Skipping storing report.","meta":{"rootId":"b2sxg1mfhnryd4n","id":"b2sxg1mfhnryd4n"},"id":"j59lps0es24nvy1","previousOperationId":"5dyh7idnljotpwx"}
{"type":"log","timestamp":1719007373098,"level":"info","message":"Rendering request 130 finished in 645 ms","meta":{"rootId":"b2sxg1mfhnryd4n","id":"b2sxg1mfhnryd4n"},"id":"sb08i4gh22vx2yu","previousOperationId":"5dyh7idnljotpwx"}
{"type":"operationEnd","subtype":"render","operationId":"04eiq764l6hgl35","timestamp":1719007373098,"id":"k4aqpalw5x37osy","previousEventId":"7dre8vaiqomxonw","previousOperationId":"5dyh7idnljotpwx"}
{"type":"operationEnd","doDiffs":false,"previousEventId":"hymmwi22hzohp77","previousOperationId":"wld1jlqlo99kcx9","operationId":"wld1jlqlo99kcx9","timestamp":1719007373099,"id":"osh8ba3e9s29wbo"}
