{"type":"operationStart","subtype":"profile","data":{"_id":"NmCKo4jT51gQKqoI","timestamp":"2024-06-21T20:34:10.153Z","state":"queued","mode":"standard","creationDate":"2024-06-21T20:34:10.155Z","modificationDate":"2024-06-21T20:34:10.155Z","shortid":"wwsVOND","$entitySet":"profiles"},"doDiffs":false,"timestamp":1719002050154,"id":"m64t7hnde72cobx","previousOperationId":null,"operationId":"yp07knf2ucy7d7u"}
{"type":"log","level":"info","message":"Render request 85 queued for execution and waiting for available worker","previousOperationId":"yp07knf2ucy7d7u","timestamp":1719002050154,"id":"bv656igqqa18lsi"}
{"type":"operationStart","subtype":"render","name":"anonymous","previousOperationId":"yp07knf2ucy7d7u","timestamp":1719002050164,"id":"k2ldm8zqi3sjpeo","previousEventId":"m64t7hnde72cobx","operationId":"6egmjhk9qrxxmbo"}
{"type":"log","timestamp":1719002050165,"level":"info","message":"Starting rendering request 85","meta":{"rootId":"bgktt35vn8508c1","id":"bgktt35vn8508c1"},"id":"y87s9wm30c7rppm","previousOperationId":"6egmjhk9qrxxmbo"}
{"type":"log","timestamp":1719002050165,"level":"info","message":"Rendering anonymous template { recipe: chrome-pdf, engine: handlebars }","meta":{"rootId":"bgktt35vn8508c1","id":"bgktt35vn8508c1"},"id":"nwbfgid0u6x3qsr","previousOperationId":"6egmjhk9qrxxmbo"}
{"type":"log","timestamp":1719002050165,"level":"debug","message":"Inline data specified.","meta":{"rootId":"bgktt35vn8508c1","id":"bgktt35vn8508c1"},"id":"iz7y1swq2qz15ma","previousOperationId":"6egmjhk9qrxxmbo"}
{"type":"log","timestamp":1719002050169,"level":"debug","message":"Base url not specified, skipping its injection.","meta":{"rootId":"bgktt35vn8508c1","id":"bgktt35vn8508c1"},"id":"6y1hdg8d0aa043b","previousOperationId":"6egmjhk9qrxxmbo"}
{"type":"operationStart","subtype":"engine","name":"handlebars","timestamp":1719002050170,"id":"fvyu4v9gvsv25qa","previousEventId":"k2ldm8zqi3sjpeo","operationId":"pxuy9y1ky7dnnd4","previousOperationId":"6egmjhk9qrxxmbo"}
{"type":"log","timestamp":1719002050170,"level":"debug","message":"Rendering engine handlebars","meta":{"rootId":"bgktt35vn8508c1","id":"bgktt35vn8508c1"},"id":"epriq5gcr00irfr","previousOperationId":"pxuy9y1ky7dnnd4"}
{"type":"operationEnd","operationId":"pxuy9y1ky7dnnd4","timestamp":1719002050190,"id":"f788uqm8l38ec5f","previousEventId":"fvyu4v9gvsv25qa","previousOperationId":"pxuy9y1ky7dnnd4"}
{"type":"operationStart","subtype":"recipe","name":"chrome-pdf","timestamp":1719002050191,"id":"suqh8bvi5zpwx0p","previousEventId":"f788uqm8l38ec5f","operationId":"ji0xkipjhps2n2y","previousOperationId":"pxuy9y1ky7dnnd4"}
{"type":"log","timestamp":1719002050191,"level":"debug","message":"Executing recipe chrome-pdf","meta":{"rootId":"bgktt35vn8508c1","id":"bgktt35vn8508c1"},"id":"uj9v5cskv7x8r52","previousOperationId":"ji0xkipjhps2n2y"}
{"type":"log","timestamp":1719002050209,"level":"debug","message":"Converting with chrome Chrome/126.0.6478.61 using chrome-pool strategy","meta":{"rootId":"bgktt35vn8508c1","id":"bgktt35vn8508c1"},"id":"br5s4jid3av4zxp","previousOperationId":"ji0xkipjhps2n2y"}
{"type":"log","timestamp":1719002050493,"level":"debug","message":"Page request: GET (document) file:///var/folders/2x/1bhfw9mx7d775w_jmf56lcp80000gn/T/jsreport/autocleanup/84f51ac9-5b06-49d3-a81a-cf2e4c61b3d5-chrome-pdf.html","meta":{"rootId":"bgktt35vn8508c1","id":"bgktt35vn8508c1"},"id":"jfjtxma8d50vlm6","previousOperationId":"ji0xkipjhps2n2y"}
{"type":"log","timestamp":1719002050515,"level":"debug","message":"Page request: GET (stylesheet) https://cdnjs.cloudflare.com/ajax/libs/metro/4.1.5/css/metro.min.css","meta":{"rootId":"bgktt35vn8508c1","id":"bgktt35vn8508c1"},"id":"1070o9iy6ci7acs","previousOperationId":"ji0xkipjhps2n2y"}
{"type":"log","timestamp":1719002050515,"level":"debug","message":"Page request: GET (script) https://cdnjs.cloudflare.com/ajax/libs/Chart.js/2.7.2/Chart.min.js","meta":{"rootId":"bgktt35vn8508c1","id":"bgktt35vn8508c1"},"id":"a7hyswabm9nhtc3","previousOperationId":"ji0xkipjhps2n2y"}
{"type":"log","timestamp":1719002050526,"level":"debug","message":"Page request finished: GET (stylesheet) 200 https://cdnjs.cloudflare.com/ajax/libs/metro/4.1.5/css/metro.min.css","meta":{"rootId":"bgktt35vn8508c1","id":"bgktt35vn8508c1"},"id":"qnh3oip5rcl12pw","previousOperationId":"ji0xkipjhps2n2y"}
{"type":"log","timestamp":1719002050526,"level":"debug","message":"Page request finished: GET (document) 200 file:///var/folders/2x/1bhfw9mx7d775w_jmf56lcp80000gn/T/jsreport/autocleanup/84f51ac9-5b06-49d3-a81a-cf2e4c61b3d5-chrome-pdf.html","meta":{"rootId":"bgktt35vn8508c1","id":"bgktt35vn8508c1"},"id":"sk4ov6y01y3po84","previousOperationId":"ji0xkipjhps2n2y"}
{"type":"log","timestamp":1719002050527,"level":"debug","message":"Page request finished: GET (script) 200 https://cdnjs.cloudflare.com/ajax/libs/Chart.js/2.7.2/Chart.min.js","meta":{"rootId":"bgktt35vn8508c1","id":"bgktt35vn8508c1"},"id":"9tzh77qfeb4vxuu","previousOperationId":"ji0xkipjhps2n2y"}
{"type":"log","timestamp":1719002050569,"level":"debug","message":"Running chrome with params {\"timeout\":59950,\"margin\":{},\"printBackground\":true}","meta":{"rootId":"bgktt35vn8508c1","id":"bgktt35vn8508c1"},"id":"gou8s84gyh46eu1","previousOperationId":"ji0xkipjhps2n2y"}
{"type":"operationEnd","operationId":"ji0xkipjhps2n2y","timestamp":1719002050752,"id":"7r9zqrxv2fx5v3h","previousEventId":"suqh8bvi5zpwx0p","previousOperationId":"ji0xkipjhps2n2y"}
{"type":"log","timestamp":1719002050752,"level":"debug","message":"Skipping storing report.","meta":{"rootId":"bgktt35vn8508c1","id":"bgktt35vn8508c1"},"id":"pv0sfs7py19d6dv","previousOperationId":"ji0xkipjhps2n2y"}
{"type":"log","timestamp":1719002050752,"level":"info","message":"Rendering request 85 finished in 606 ms","meta":{"rootId":"bgktt35vn8508c1","id":"bgktt35vn8508c1"},"id":"al5l7mombxjedde","previousOperationId":"ji0xkipjhps2n2y"}
{"type":"operationEnd","subtype":"render","operationId":"6egmjhk9qrxxmbo","timestamp":1719002050752,"id":"o9syvprwj1nt7lu","previousEventId":"7r9zqrxv2fx5v3h","previousOperationId":"ji0xkipjhps2n2y"}
{"type":"operationEnd","doDiffs":false,"previousEventId":"m64t7hnde72cobx","previousOperationId":"yp07knf2ucy7d7u","operationId":"yp07knf2ucy7d7u","timestamp":1719002050753,"id":"68l73ul06s7g9zv"}
