{"type":"operationStart","subtype":"profile","data":{"_id":"A80beTy1J3rSLzXl","timestamp":"2024-06-21T22:10:34.713Z","state":"queued","mode":"standard","creationDate":"2024-06-21T22:10:34.716Z","modificationDate":"2024-06-21T22:10:34.716Z","shortid":"ELYDkgA","$entitySet":"profiles"},"doDiffs":false,"timestamp":1719007834715,"id":"ffkx509qrlp9vax","previousOperationId":null,"operationId":"z5ogo7qox42nsz1"}
{"type":"log","level":"info","message":"Render request 141 queued for execution and waiting for available worker","previousOperationId":"z5ogo7qox42nsz1","timestamp":1719007834715,"id":"pv6uutpxjtriltl"}
{"type":"operationStart","subtype":"render","name":"anonymous","previousOperationId":"z5ogo7qox42nsz1","timestamp":1719007834727,"id":"ohc49ko3rlt6878","previousEventId":"ffkx509qrlp9vax","operationId":"mrkg3hwhjv74do2"}
{"type":"log","timestamp":1719007834727,"level":"info","message":"Starting rendering request 141","meta":{"rootId":"bkrkyff1ml8uhxn","id":"bkrkyff1ml8uhxn"},"id":"4a673amg61y9fmo","previousOperationId":"mrkg3hwhjv74do2"}
{"type":"log","timestamp":1719007834727,"level":"info","message":"Rendering anonymous template { recipe: chrome-pdf, engine: handlebars }","meta":{"rootId":"bkrkyff1ml8uhxn","id":"bkrkyff1ml8uhxn"},"id":"98plpnrflgkd1oi","previousOperationId":"mrkg3hwhjv74do2"}
{"type":"log","timestamp":1719007834727,"level":"debug","message":"Inline data specified.","meta":{"rootId":"bkrkyff1ml8uhxn","id":"bkrkyff1ml8uhxn"},"id":"espyszvg5ooxr6v","previousOperationId":"mrkg3hwhjv74do2"}
{"type":"log","timestamp":1719007834732,"level":"debug","message":"Base url not specified, skipping its injection.","meta":{"rootId":"bkrkyff1ml8uhxn","id":"bkrkyff1ml8uhxn"},"id":"i7kmr2iovt4goj5","previousOperationId":"mrkg3hwhjv74do2"}
{"type":"operationStart","subtype":"engine","name":"handlebars","timestamp":1719007834733,"id":"ss98vgvqaiuk58p","previousEventId":"ohc49ko3rlt6878","operationId":"dcy3qhap7sf05jk","previousOperationId":"mrkg3hwhjv74do2"}
{"type":"log","timestamp":1719007834733,"level":"debug","message":"Rendering engine handlebars","meta":{"rootId":"bkrkyff1ml8uhxn","id":"bkrkyff1ml8uhxn"},"id":"8zsas2uatl54qjt","previousOperationId":"dcy3qhap7sf05jk"}
{"type":"log","timestamp":1719007834760,"level":"debug","message":"(console:log) Pdf utils adding group field, value: \"France\"","meta":{"userLevel":true,"rootId":"bkrkyff1ml8uhxn","id":"bkrkyff1ml8uhxn"},"id":"05j283kjvkjth7s","previousOperationId":"dcy3qhap7sf05jk"}
{"type":"log","timestamp":1719007834761,"level":"debug","message":"(console:log) Pdf utils adding group field, value: \"Germany\"","meta":{"userLevel":true,"rootId":"bkrkyff1ml8uhxn","id":"bkrkyff1ml8uhxn"},"id":"71yzqisco9ect59","previousOperationId":"dcy3qhap7sf05jk"}
{"type":"operationEnd","operationId":"dcy3qhap7sf05jk","timestamp":1719007834766,"id":"3brfybod121vvz6","previousEventId":"ss98vgvqaiuk58p","previousOperationId":"dcy3qhap7sf05jk"}
{"type":"operationStart","subtype":"recipe","name":"chrome-pdf","timestamp":1719007834766,"id":"pxiyd73fxrhi5rj","previousEventId":"3brfybod121vvz6","operationId":"t0laxup8eq1asjk","previousOperationId":"dcy3qhap7sf05jk"}
{"type":"log","timestamp":1719007834766,"level":"debug","message":"Executing recipe chrome-pdf","meta":{"rootId":"bkrkyff1ml8uhxn","id":"bkrkyff1ml8uhxn"},"id":"e1bcmvj469wpnyw","previousOperationId":"t0laxup8eq1asjk"}
{"type":"log","timestamp":1719007834790,"level":"debug","message":"Converting with chrome Chrome/126.0.6478.61 using chrome-pool strategy","meta":{"rootId":"bkrkyff1ml8uhxn","id":"bkrkyff1ml8uhxn"},"id":"efntaisl5270y35","previousOperationId":"t0laxup8eq1asjk"}
{"type":"log","timestamp":1719007835539,"level":"debug","message":"Page request: GET (document) file:///var/folders/2x/1bhfw9mx7d775w_jmf56lcp80000gn/T/jsreport/autocleanup/6cf53d14-1bac-42a8-b886-6464ad414018-chrome-pdf.html","meta":{"rootId":"bkrkyff1ml8uhxn","id":"bkrkyff1ml8uhxn"},"id":"9yo9tkx2ux0fgcs","previousOperationId":"t0laxup8eq1asjk"}
{"type":"log","timestamp":1719007835565,"level":"debug","message":"Page request: GET (stylesheet) https://cdnjs.cloudflare.com/ajax/libs/metro/4.1.5/css/metro.min.css","meta":{"rootId":"bkrkyff1ml8uhxn","id":"bkrkyff1ml8uhxn"},"id":"3o3dptokfl9iukq","previousOperationId":"t0laxup8eq1asjk"}
{"type":"log","timestamp":1719007835568,"level":"debug","message":"Page request: GET (script) https://cdnjs.cloudflare.com/ajax/libs/Chart.js/2.7.2/Chart.min.js","meta":{"rootId":"bkrkyff1ml8uhxn","id":"bkrkyff1ml8uhxn"},"id":"w0fad3za046m7u7","previousOperationId":"t0laxup8eq1asjk"}
{"type":"log","timestamp":1719007835582,"level":"debug","message":"Page request finished: GET (stylesheet) 200 https://cdnjs.cloudflare.com/ajax/libs/metro/4.1.5/css/metro.min.css","meta":{"rootId":"bkrkyff1ml8uhxn","id":"bkrkyff1ml8uhxn"},"id":"3n9xfcjrms9g8b3","previousOperationId":"t0laxup8eq1asjk"}
{"type":"log","timestamp":1719007835582,"level":"debug","message":"Page request finished: GET (script) 200 https://cdnjs.cloudflare.com/ajax/libs/Chart.js/2.7.2/Chart.min.js","meta":{"rootId":"bkrkyff1ml8uhxn","id":"bkrkyff1ml8uhxn"},"id":"d9o2baqusvxyehq","previousOperationId":"t0laxup8eq1asjk"}
{"type":"log","timestamp":1719007835594,"level":"debug","message":"Page request finished: GET (document) 200 file:///var/folders/2x/1bhfw9mx7d775w_jmf56lcp80000gn/T/jsreport/autocleanup/6cf53d14-1bac-42a8-b886-6464ad414018-chrome-pdf.html","meta":{"rootId":"bkrkyff1ml8uhxn","id":"bkrkyff1ml8uhxn"},"id":"34x6ytd1glxp3fa","previousOperationId":"t0laxup8eq1asjk"}
{"type":"log","timestamp":1719007835727,"level":"debug","message":"Running chrome with params {\"marginTop\":\"2cm\",\"marginRight\":\"1.5cm\",\"marginLeft\":\"1.5cm\",\"marginBottom\":\"1.5cm\",\"timeout\":59926,\"margin\":{\"top\":\"2cm\",\"right\":\"1.5cm\",\"bottom\":\"1.5cm\",\"left\":\"1.5cm\"},\"printBackground\":true}","meta":{"rootId":"bkrkyff1ml8uhxn","id":"bkrkyff1ml8uhxn"},"id":"km6f7abyukw3zr3","previousOperationId":"t0laxup8eq1asjk"}
{"type":"operationEnd","operationId":"t0laxup8eq1asjk","timestamp":1719007836006,"id":"u0k1ahi923ldtkt","previousEventId":"pxiyd73fxrhi5rj","previousOperationId":"t0laxup8eq1asjk"}
{"type":"log","timestamp":1719007836006,"level":"info","message":"pdf-utils is starting pdf processing","meta":{"rootId":"bkrkyff1ml8uhxn","id":"bkrkyff1ml8uhxn"},"id":"qt59qn6d9p5essz","previousOperationId":"t0laxup8eq1asjk"}
{"type":"operationStart","subtype":"pdfUtils","name":"pdf utils","timestamp":1719007836006,"id":"39n8zi1ak2nzprv","previousEventId":"u0k1ahi923ldtkt","operationId":"ip1fzb1lah6ywrf","previousOperationId":"t0laxup8eq1asjk"}
{"type":"log","timestamp":1719007836006,"level":"debug","message":"pdf-utils detected 1 pdf operation(s) to process","meta":{"rootId":"bkrkyff1ml8uhxn","id":"bkrkyff1ml8uhxn"},"id":"fe2tdp13ta8mipx","previousOperationId":"ip1fzb1lah6ywrf"}
{"type":"log","timestamp":1719007836020,"level":"debug","message":"pdf-utils running pdf operation merge","meta":{"rootId":"bkrkyff1ml8uhxn","id":"bkrkyff1ml8uhxn"},"id":"l0u41id4zbs722i","previousOperationId":"ip1fzb1lah6ywrf"}
{"type":"operationStart","subtype":"pdfUtilsMerge","name":"pdf utils merge","previousOperationId":"ip1fzb1lah6ywrf","timestamp":1719007836020,"id":"rw8rnrmygprt5zx","previousEventId":"39n8zi1ak2nzprv","operationId":"0tvxnsuq8jc28i5"}
{"type":"operationStart","subtype":"render","name":"anonymous","previousOperationId":"0tvxnsuq8jc28i5","timestamp":1719007836020,"id":"0fb4ittgtit2j70","previousEventId":"rw8rnrmygprt5zx","operationId":"t5p4fgxkyu2dz7p"}
{"type":"log","timestamp":1719007836020,"level":"info","message":"Starting rendering (child) request","meta":{"rootId":"bkrkyff1ml8uhxn","id":"yw1ox6ikaqg1p34"},"id":"nt96viei3xkvkbc","previousOperationId":"t5p4fgxkyu2dz7p"}
{"type":"log","timestamp":1719007836020,"level":"info","message":"Rendering anonymous template { recipe: chrome-pdf, engine: handlebars }","meta":{"rootId":"bkrkyff1ml8uhxn","id":"yw1ox6ikaqg1p34"},"id":"7hlzztkvebkub3e","previousOperationId":"t5p4fgxkyu2dz7p"}
{"type":"log","timestamp":1719007836020,"level":"debug","message":"Inline data specified.","meta":{"rootId":"bkrkyff1ml8uhxn","id":"yw1ox6ikaqg1p34"},"id":"q8lja3sxvq33byx","previousOperationId":"t5p4fgxkyu2dz7p"}
{"type":"log","timestamp":1719007836023,"level":"debug","message":"Base url not specified, skipping its injection.","meta":{"rootId":"bkrkyff1ml8uhxn","id":"yw1ox6ikaqg1p34"},"id":"ypcepr1l7xj5hul","previousOperationId":"t5p4fgxkyu2dz7p"}
{"type":"operationStart","subtype":"engine","name":"handlebars","timestamp":1719007836023,"id":"su69fr2kanjsiqx","previousEventId":"0fb4ittgtit2j70","operationId":"duzpi0kqz7idjvy","previousOperationId":"t5p4fgxkyu2dz7p"}
{"type":"log","timestamp":1719007836023,"level":"debug","message":"Rendering engine handlebars","meta":{"rootId":"bkrkyff1ml8uhxn","id":"yw1ox6ikaqg1p34"},"id":"u3m3l8jer70oqdf","previousOperationId":"duzpi0kqz7idjvy"}
{"type":"operationEnd","operationId":"duzpi0kqz7idjvy","timestamp":1719007836026,"id":"bh6ily5rt19rxm0","previousEventId":"su69fr2kanjsiqx","previousOperationId":"duzpi0kqz7idjvy"}
{"type":"operationStart","subtype":"recipe","name":"chrome-pdf","timestamp":1719007836026,"id":"p00hmo27fzq78fk","previousEventId":"bh6ily5rt19rxm0","operationId":"l16mipdb822ogzk","previousOperationId":"duzpi0kqz7idjvy"}
{"type":"log","timestamp":1719007836026,"level":"debug","message":"Executing recipe chrome-pdf","meta":{"rootId":"bkrkyff1ml8uhxn","id":"yw1ox6ikaqg1p34"},"id":"w80vd4dvfla7vge","previousOperationId":"l16mipdb822ogzk"}
{"type":"log","timestamp":1719007836027,"level":"debug","message":"Converting with chrome Chrome/126.0.6478.61 using chrome-pool strategy","meta":{"rootId":"bkrkyff1ml8uhxn","id":"yw1ox6ikaqg1p34"},"id":"6igu222vws2c6bp","previousOperationId":"l16mipdb822ogzk"}
{"type":"log","timestamp":1719007836098,"level":"debug","message":"Page request: GET (document) file:///var/folders/2x/1bhfw9mx7d775w_jmf56lcp80000gn/T/jsreport/autocleanup/0157fd10-6292-4d8e-84d7-cfcbdc672e12-chrome-pdf.html","meta":{"rootId":"bkrkyff1ml8uhxn","id":"yw1ox6ikaqg1p34"},"id":"ehz1vbfqwubmug4","previousOperationId":"l16mipdb822ogzk"}
{"type":"log","timestamp":1719007836104,"level":"debug","message":"Page request finished: GET (document) 200 file:///var/folders/2x/1bhfw9mx7d775w_jmf56lcp80000gn/T/jsreport/autocleanup/0157fd10-6292-4d8e-84d7-cfcbdc672e12-chrome-pdf.html","meta":{"rootId":"bkrkyff1ml8uhxn","id":"yw1ox6ikaqg1p34"},"id":"btkjdmr6wx757f3","previousOperationId":"l16mipdb822ogzk"}
{"type":"log","timestamp":1719007836105,"level":"debug","message":"Running chrome with params {\"timeout\":58671,\"margin\":{},\"printBackground\":true}","meta":{"rootId":"bkrkyff1ml8uhxn","id":"yw1ox6ikaqg1p34"},"id":"eo9gu20f35xc5dz","previousOperationId":"l16mipdb822ogzk"}
{"type":"operationEnd","operationId":"l16mipdb822ogzk","timestamp":1719007836142,"id":"9f7ajkyzkgei6dd","previousEventId":"p00hmo27fzq78fk","previousOperationId":"l16mipdb822ogzk"}
{"type":"log","timestamp":1719007836142,"level":"debug","message":"Skipping storing report.","meta":{"rootId":"bkrkyff1ml8uhxn","id":"yw1ox6ikaqg1p34"},"id":"a7mvng8vuvzj9zz","previousOperationId":"l16mipdb822ogzk"}
{"type":"log","timestamp":1719007836142,"level":"info","message":"Rendering (child) request finished in 1444 ms","meta":{"rootId":"bkrkyff1ml8uhxn","id":"yw1ox6ikaqg1p34"},"id":"19vtedmcejkyqd6","previousOperationId":"l16mipdb822ogzk"}
{"type":"operationEnd","subtype":"render","operationId":"t5p4fgxkyu2dz7p","timestamp":1719007836142,"id":"po0875hy2w2stbp","previousEventId":"9f7ajkyzkgei6dd","previousOperationId":"l16mipdb822ogzk"}
{"type":"operationEnd","operationId":"0tvxnsuq8jc28i5","timestamp":1719007836155,"id":"bs89okm6s3rnwmk","previousEventId":"rw8rnrmygprt5zx","previousOperationId":"0tvxnsuq8jc28i5"}
{"type":"log","timestamp":1719007836155,"level":"debug","message":"pdf-utils postprocess start","meta":{"rootId":"bkrkyff1ml8uhxn","id":"bkrkyff1ml8uhxn"},"id":"5ix1qnay7z4iv89","previousOperationId":"0tvxnsuq8jc28i5"}
{"type":"log","timestamp":1719007836169,"level":"debug","message":"pdf-utils postprocess end","meta":{"rootId":"bkrkyff1ml8uhxn","id":"bkrkyff1ml8uhxn"},"id":"wfjrm7vnnoiua3d","previousOperationId":"0tvxnsuq8jc28i5"}
{"type":"operationEnd","operationId":"ip1fzb1lah6ywrf","timestamp":1719007836169,"id":"1uk1kxnte1ghi4i","previousEventId":"bs89okm6s3rnwmk","previousOperationId":"0tvxnsuq8jc28i5"}
{"type":"log","timestamp":1719007836169,"level":"info","message":"pdf-utils pdf processing was finished","meta":{"rootId":"bkrkyff1ml8uhxn","id":"bkrkyff1ml8uhxn"},"id":"e6jzhwluhsi3ryr","previousOperationId":"ip1fzb1lah6ywrf"}
{"type":"log","timestamp":1719007836169,"level":"debug","message":"Skipping storing report.","meta":{"rootId":"bkrkyff1ml8uhxn","id":"bkrkyff1ml8uhxn"},"id":"y3hkek8fg0bcyn7","previousOperationId":"ip1fzb1lah6ywrf"}
{"type":"log","timestamp":1719007836169,"level":"info","message":"Rendering request 141 finished in 1471 ms","meta":{"rootId":"bkrkyff1ml8uhxn","id":"bkrkyff1ml8uhxn"},"id":"50puy1ascp6hlg6","previousOperationId":"ip1fzb1lah6ywrf"}
{"type":"operationEnd","subtype":"render","operationId":"mrkg3hwhjv74do2","timestamp":1719007836169,"id":"2rec8vkkzq15h5k","previousEventId":"1uk1kxnte1ghi4i","previousOperationId":"ip1fzb1lah6ywrf"}
{"type":"operationEnd","doDiffs":false,"previousEventId":"ffkx509qrlp9vax","previousOperationId":"z5ogo7qox42nsz1","operationId":"z5ogo7qox42nsz1","timestamp":1719007836171,"id":"eolre9001imfndg"}
