{"type":"operationStart","subtype":"profile","data":{"_id":"JdvmZW2d0MVySkaF","timestamp":"2024-06-21T22:04:17.744Z","state":"queued","mode":"standard","creationDate":"2024-06-21T22:04:17.747Z","modificationDate":"2024-06-21T22:04:17.747Z","shortid":"qcH-drL","$entitySet":"profiles"},"doDiffs":false,"timestamp":1719007457745,"id":"va62x72my2nqdts","previousOperationId":null,"operationId":"g05nbr2hj8bv351"}
{"type":"log","level":"info","message":"Render request 136 queued for execution and waiting for available worker","previousOperationId":"g05nbr2hj8bv351","timestamp":1719007457746,"id":"bzqcmkxao2b9c6b"}
{"type":"operationStart","subtype":"render","name":"anonymous","previousOperationId":"g05nbr2hj8bv351","timestamp":1719007457753,"id":"2h8ivy0efxcx4m6","previousEventId":"va62x72my2nqdts","operationId":"4tqvrq9xye66hv9"}
{"type":"log","timestamp":1719007457753,"level":"info","message":"Starting rendering request 136","meta":{"rootId":"bqsy0l1iedir3u4","id":"bqsy0l1iedir3u4"},"id":"ksurhfamgbc0uuw","previousOperationId":"4tqvrq9xye66hv9"}
{"type":"log","timestamp":1719007457754,"level":"info","message":"Rendering anonymous template { recipe: chrome-pdf, engine: handlebars }","meta":{"rootId":"bqsy0l1iedir3u4","id":"bqsy0l1iedir3u4"},"id":"y52xyu6s8xf8yz1","previousOperationId":"4tqvrq9xye66hv9"}
{"type":"log","timestamp":1719007457754,"level":"debug","message":"Inline data specified.","meta":{"rootId":"bqsy0l1iedir3u4","id":"bqsy0l1iedir3u4"},"id":"zq9yzs0bwo6jah4","previousOperationId":"4tqvrq9xye66hv9"}
{"type":"log","timestamp":1719007457755,"level":"debug","message":"Base url not specified, skipping its injection.","meta":{"rootId":"bqsy0l1iedir3u4","id":"bqsy0l1iedir3u4"},"id":"tgawryovpnj8yfd","previousOperationId":"4tqvrq9xye66hv9"}
{"type":"operationStart","subtype":"engine","name":"handlebars","timestamp":1719007457756,"id":"hmw20zf33535zjn","previousEventId":"2h8ivy0efxcx4m6","operationId":"l5xxq7utjqn42fi","previousOperationId":"4tqvrq9xye66hv9"}
{"type":"log","timestamp":1719007457756,"level":"debug","message":"Rendering engine handlebars","meta":{"rootId":"bqsy0l1iedir3u4","id":"bqsy0l1iedir3u4"},"id":"9c71yupvo151ova","previousOperationId":"l5xxq7utjqn42fi"}
{"type":"log","timestamp":1719007457771,"level":"debug","message":"(console:log) Pdf utils adding group field, value: \"France\"","meta":{"userLevel":true,"rootId":"bqsy0l1iedir3u4","id":"bqsy0l1iedir3u4"},"id":"61a2vctw79snvuc","previousOperationId":"l5xxq7utjqn42fi"}
{"type":"log","timestamp":1719007457771,"level":"debug","message":"(console:log) Pdf utils adding group field, value: \"Germany\"","meta":{"userLevel":true,"rootId":"bqsy0l1iedir3u4","id":"bqsy0l1iedir3u4"},"id":"ymnq99s1ws9z3oe","previousOperationId":"l5xxq7utjqn42fi"}
{"type":"operationEnd","operationId":"l5xxq7utjqn42fi","timestamp":1719007457771,"id":"zo65je75cbypmox","previousEventId":"hmw20zf33535zjn","previousOperationId":"l5xxq7utjqn42fi"}
{"type":"operationStart","subtype":"recipe","name":"chrome-pdf","timestamp":1719007457771,"id":"c08zhixecu5ffeo","previousEventId":"zo65je75cbypmox","operationId":"rqogqevgd1apb4j","previousOperationId":"l5xxq7utjqn42fi"}
{"type":"log","timestamp":1719007457771,"level":"debug","message":"Executing recipe chrome-pdf","meta":{"rootId":"bqsy0l1iedir3u4","id":"bqsy0l1iedir3u4"},"id":"65yefhudeeuocmq","previousOperationId":"rqogqevgd1apb4j"}
{"type":"log","timestamp":1719007457774,"level":"debug","message":"Converting with chrome Chrome/126.0.6478.61 using chrome-pool strategy","meta":{"rootId":"bqsy0l1iedir3u4","id":"bqsy0l1iedir3u4"},"id":"vewdjs17lshp1zx","previousOperationId":"rqogqevgd1apb4j"}
{"type":"log","timestamp":1719007457874,"level":"debug","message":"Page request: GET (document) file:///var/folders/2x/1bhfw9mx7d775w_jmf56lcp80000gn/T/jsreport/autocleanup/8fee1994-4a2b-4c73-bfad-c31b08c53d64-chrome-pdf.html","meta":{"rootId":"bqsy0l1iedir3u4","id":"bqsy0l1iedir3u4"},"id":"6dm69zy6sc1ghj9","previousOperationId":"rqogqevgd1apb4j"}
{"type":"log","timestamp":1719007457878,"level":"debug","message":"Page request finished: GET (document) 200 file:///var/folders/2x/1bhfw9mx7d775w_jmf56lcp80000gn/T/jsreport/autocleanup/8fee1994-4a2b-4c73-bfad-c31b08c53d64-chrome-pdf.html","meta":{"rootId":"bqsy0l1iedir3u4","id":"bqsy0l1iedir3u4"},"id":"ol57fct09tu9yxl","previousOperationId":"rqogqevgd1apb4j"}
{"type":"log","timestamp":1719007457878,"level":"debug","message":"Page request: GET (stylesheet) https://cdnjs.cloudflare.com/ajax/libs/metro/4.1.5/css/metro.min.css","meta":{"rootId":"bqsy0l1iedir3u4","id":"bqsy0l1iedir3u4"},"id":"iv4kleu9xuv9ah2","previousOperationId":"rqogqevgd1apb4j"}
{"type":"log","timestamp":1719007457878,"level":"debug","message":"Page request: GET (script) https://cdnjs.cloudflare.com/ajax/libs/Chart.js/2.7.2/Chart.min.js","meta":{"rootId":"bqsy0l1iedir3u4","id":"bqsy0l1iedir3u4"},"id":"6u0aqcav1ghxua6","previousOperationId":"rqogqevgd1apb4j"}
{"type":"log","timestamp":1719007457886,"level":"debug","message":"Page request finished: GET (stylesheet) 200 https://cdnjs.cloudflare.com/ajax/libs/metro/4.1.5/css/metro.min.css","meta":{"rootId":"bqsy0l1iedir3u4","id":"bqsy0l1iedir3u4"},"id":"1kjn99vqd9p7bkr","previousOperationId":"rqogqevgd1apb4j"}
{"type":"log","timestamp":1719007457886,"level":"debug","message":"Page request finished: GET (script) 200 https://cdnjs.cloudflare.com/ajax/libs/Chart.js/2.7.2/Chart.min.js","meta":{"rootId":"bqsy0l1iedir3u4","id":"bqsy0l1iedir3u4"},"id":"uvnhlyepkhp2m0a","previousOperationId":"rqogqevgd1apb4j"}
{"type":"log","timestamp":1719007457927,"level":"debug","message":"Running chrome with params {\"marginTop\":\"2cm\",\"marginRight\":\"1.5cm\",\"marginLeft\":\"1.5cm\",\"marginBottom\":\"1.5cm\",\"timeout\":59970,\"margin\":{\"top\":\"2cm\",\"right\":\"1.5cm\",\"bottom\":\"1.5cm\",\"left\":\"1.5cm\"},\"printBackground\":true}","meta":{"rootId":"bqsy0l1iedir3u4","id":"bqsy0l1iedir3u4"},"id":"tyevlv3u7nvyexy","previousOperationId":"rqogqevgd1apb4j"}
{"type":"operationEnd","operationId":"rqogqevgd1apb4j","timestamp":1719007458104,"id":"50wnem6949evhtx","previousEventId":"c08zhixecu5ffeo","previousOperationId":"rqogqevgd1apb4j"}
{"type":"log","timestamp":1719007458104,"level":"info","message":"pdf-utils is starting pdf processing","meta":{"rootId":"bqsy0l1iedir3u4","id":"bqsy0l1iedir3u4"},"id":"8y8rdgc801e62k1","previousOperationId":"rqogqevgd1apb4j"}
{"type":"operationStart","subtype":"pdfUtils","name":"pdf utils","timestamp":1719007458104,"id":"994xnb9cwp4q929","previousEventId":"50wnem6949evhtx","operationId":"dq1n6t75a68ux91","previousOperationId":"rqogqevgd1apb4j"}
{"type":"log","timestamp":1719007458104,"level":"debug","message":"pdf-utils detected 1 pdf operation(s) to process","meta":{"rootId":"bqsy0l1iedir3u4","id":"bqsy0l1iedir3u4"},"id":"6dlp1b66tpy14jk","previousOperationId":"dq1n6t75a68ux91"}
{"type":"log","timestamp":1719007458117,"level":"debug","message":"pdf-utils running pdf operation merge","meta":{"rootId":"bqsy0l1iedir3u4","id":"bqsy0l1iedir3u4"},"id":"htritrr74m8ccva","previousOperationId":"dq1n6t75a68ux91"}
{"type":"operationStart","subtype":"pdfUtilsMerge","name":"pdf utils merge","previousOperationId":"dq1n6t75a68ux91","timestamp":1719007458117,"id":"t5nnsk3cwpuia4c","previousEventId":"994xnb9cwp4q929","operationId":"pnso9p3ccxscswa"}
{"type":"operationStart","subtype":"render","name":"anonymous","previousOperationId":"pnso9p3ccxscswa","timestamp":1719007458117,"id":"sboloqoq39byhqd","previousEventId":"t5nnsk3cwpuia4c","operationId":"jnvy0va3is37bpy"}
{"type":"log","timestamp":1719007458117,"level":"info","message":"Starting rendering (child) request","meta":{"rootId":"bqsy0l1iedir3u4","id":"z0j4yoor8l9t32p"},"id":"op91dd2jl52xgtd","previousOperationId":"jnvy0va3is37bpy"}
{"type":"log","timestamp":1719007458117,"level":"info","message":"Rendering anonymous template { recipe: chrome-pdf, engine: handlebars }","meta":{"rootId":"bqsy0l1iedir3u4","id":"z0j4yoor8l9t32p"},"id":"jnvw1g8dfhc046r","previousOperationId":"jnvy0va3is37bpy"}
{"type":"log","timestamp":1719007458117,"level":"debug","message":"Inline data specified.","meta":{"rootId":"bqsy0l1iedir3u4","id":"z0j4yoor8l9t32p"},"id":"6u9tpu84vc9fr3u","previousOperationId":"jnvy0va3is37bpy"}
{"type":"log","timestamp":1719007458117,"level":"debug","message":"Base url not specified, skipping its injection.","meta":{"rootId":"bqsy0l1iedir3u4","id":"z0j4yoor8l9t32p"},"id":"4tk9ogeyifw82hx","previousOperationId":"jnvy0va3is37bpy"}
{"type":"operationStart","subtype":"engine","name":"handlebars","timestamp":1719007458117,"id":"0ten7qmvxhsjckx","previousEventId":"sboloqoq39byhqd","operationId":"etnun3h2f9787z6","previousOperationId":"jnvy0va3is37bpy"}
{"type":"log","timestamp":1719007458117,"level":"debug","message":"Rendering engine handlebars","meta":{"rootId":"bqsy0l1iedir3u4","id":"z0j4yoor8l9t32p"},"id":"bxf9ki4abgq6frf","previousOperationId":"etnun3h2f9787z6"}
{"type":"operationEnd","operationId":"etnun3h2f9787z6","timestamp":1719007458121,"id":"8w44akq3axwv5kf","previousEventId":"0ten7qmvxhsjckx","previousOperationId":"etnun3h2f9787z6"}
{"type":"operationStart","subtype":"recipe","name":"chrome-pdf","timestamp":1719007458121,"id":"qsv7q179ja9wsrw","previousEventId":"8w44akq3axwv5kf","operationId":"1osj9naoowpuqpm","previousOperationId":"etnun3h2f9787z6"}
{"type":"log","timestamp":1719007458121,"level":"debug","message":"Executing recipe chrome-pdf","meta":{"rootId":"bqsy0l1iedir3u4","id":"z0j4yoor8l9t32p"},"id":"5dcux2drtiwp1sy","previousOperationId":"1osj9naoowpuqpm"}
{"type":"log","timestamp":1719007458121,"level":"debug","message":"Converting with chrome Chrome/126.0.6478.61 using chrome-pool strategy","meta":{"rootId":"bqsy0l1iedir3u4","id":"z0j4yoor8l9t32p"},"id":"20yibmknb2f4zn0","previousOperationId":"1osj9naoowpuqpm"}
{"type":"log","timestamp":1719007458184,"level":"debug","message":"Page request: GET (document) file:///var/folders/2x/1bhfw9mx7d775w_jmf56lcp80000gn/T/jsreport/autocleanup/73dad18a-97fe-4174-b07f-6d80473d0a7d-chrome-pdf.html","meta":{"rootId":"bqsy0l1iedir3u4","id":"z0j4yoor8l9t32p"},"id":"4nqiha7t4sqglok","previousOperationId":"1osj9naoowpuqpm"}
{"type":"log","timestamp":1719007458189,"level":"debug","message":"Page request finished: GET (document) 200 file:///var/folders/2x/1bhfw9mx7d775w_jmf56lcp80000gn/T/jsreport/autocleanup/73dad18a-97fe-4174-b07f-6d80473d0a7d-chrome-pdf.html","meta":{"rootId":"bqsy0l1iedir3u4","id":"z0j4yoor8l9t32p"},"id":"ignouf5e10bc32e","previousOperationId":"1osj9naoowpuqpm"}
{"type":"log","timestamp":1719007458189,"level":"debug","message":"Running chrome with params {\"timeout\":59621,\"margin\":{},\"printBackground\":true}","meta":{"rootId":"bqsy0l1iedir3u4","id":"z0j4yoor8l9t32p"},"id":"0lxun25rxu2xhx1","previousOperationId":"1osj9naoowpuqpm"}
{"type":"operationEnd","operationId":"1osj9naoowpuqpm","timestamp":1719007458227,"id":"0vzc7jdsj91hqch","previousEventId":"qsv7q179ja9wsrw","previousOperationId":"1osj9naoowpuqpm"}
{"type":"log","timestamp":1719007458227,"level":"debug","message":"Skipping storing report.","meta":{"rootId":"bqsy0l1iedir3u4","id":"z0j4yoor8l9t32p"},"id":"5ox2qik5im1ausg","previousOperationId":"1osj9naoowpuqpm"}
{"type":"log","timestamp":1719007458227,"level":"info","message":"Rendering (child) request finished in 485 ms","meta":{"rootId":"bqsy0l1iedir3u4","id":"z0j4yoor8l9t32p"},"id":"cb5mplk92vh0jnl","previousOperationId":"1osj9naoowpuqpm"}
{"type":"operationEnd","subtype":"render","operationId":"jnvy0va3is37bpy","timestamp":1719007458227,"id":"ex9imarcue7szok","previousEventId":"0vzc7jdsj91hqch","previousOperationId":"1osj9naoowpuqpm"}
{"type":"operationEnd","operationId":"pnso9p3ccxscswa","timestamp":1719007458236,"id":"xgqx7kkcl0bni85","previousEventId":"t5nnsk3cwpuia4c","previousOperationId":"pnso9p3ccxscswa"}
{"type":"log","timestamp":1719007458236,"level":"debug","message":"pdf-utils postprocess start","meta":{"rootId":"bqsy0l1iedir3u4","id":"bqsy0l1iedir3u4"},"id":"f9qlyw27p7b3ku9","previousOperationId":"pnso9p3ccxscswa"}
{"type":"log","timestamp":1719007458252,"level":"debug","message":"pdf-utils postprocess end","meta":{"rootId":"bqsy0l1iedir3u4","id":"bqsy0l1iedir3u4"},"id":"n603g7qk67w2qd9","previousOperationId":"pnso9p3ccxscswa"}
{"type":"operationEnd","operationId":"dq1n6t75a68ux91","timestamp":1719007458252,"id":"g0fqhmwpgvhset8","previousEventId":"xgqx7kkcl0bni85","previousOperationId":"pnso9p3ccxscswa"}
{"type":"log","timestamp":1719007458254,"level":"info","message":"pdf-utils pdf processing was finished","meta":{"rootId":"bqsy0l1iedir3u4","id":"bqsy0l1iedir3u4"},"id":"g89e57qyw305so8","previousOperationId":"dq1n6t75a68ux91"}
{"type":"log","timestamp":1719007458254,"level":"debug","message":"Skipping storing report.","meta":{"rootId":"bqsy0l1iedir3u4","id":"bqsy0l1iedir3u4"},"id":"knkv3qa6x9zthdv","previousOperationId":"dq1n6t75a68ux91"}
{"type":"log","timestamp":1719007458254,"level":"info","message":"Rendering request 136 finished in 512 ms","meta":{"rootId":"bqsy0l1iedir3u4","id":"bqsy0l1iedir3u4"},"id":"t6xjxiknwkn20uk","previousOperationId":"dq1n6t75a68ux91"}
{"type":"operationEnd","subtype":"render","operationId":"4tqvrq9xye66hv9","timestamp":1719007458254,"id":"qwecg6zrt8l9oii","previousEventId":"g0fqhmwpgvhset8","previousOperationId":"dq1n6t75a68ux91"}
{"type":"operationEnd","doDiffs":false,"previousEventId":"va62x72my2nqdts","previousOperationId":"g05nbr2hj8bv351","operationId":"g05nbr2hj8bv351","timestamp":1719007458256,"id":"9nmcuyopfc1r3q4"}
