{"type":"operationStart","subtype":"profile","data":{"_id":"gGE90pIna2DnlzxY","timestamp":"2024-06-21T22:45:05.151Z","state":"queued","mode":"standard","creationDate":"2024-06-21T22:45:05.153Z","modificationDate":"2024-06-21T22:45:05.153Z","shortid":"WXuSdUZ","$entitySet":"profiles"},"doDiffs":false,"timestamp":1719009905152,"id":"lma1qgso5b4wj8l","previousOperationId":null,"operationId":"4culen9csrauhta"}
{"type":"log","level":"info","message":"Render request 165 queued for execution and waiting for available worker","previousOperationId":"4culen9csrauhta","timestamp":1719009905152,"id":"7he4cv8bg5eegg6"}
{"type":"operationStart","subtype":"render","name":"anonymous","previousOperationId":"4culen9csrauhta","timestamp":1719009905160,"id":"bgz5mjauf5d9qim","previousEventId":"lma1qgso5b4wj8l","operationId":"yp93yzsly81m77z"}
{"type":"log","timestamp":1719009905160,"level":"info","message":"Starting rendering request 165","meta":{"rootId":"bshg4eu262xp9vw","id":"bshg4eu262xp9vw"},"id":"j8tayiwmiee1tua","previousOperationId":"yp93yzsly81m77z"}
{"type":"log","timestamp":1719009905160,"level":"info","message":"Rendering anonymous template { recipe: chrome-pdf, engine: handlebars }","meta":{"rootId":"bshg4eu262xp9vw","id":"bshg4eu262xp9vw"},"id":"jxdf4ktfgxg05hd","previousOperationId":"yp93yzsly81m77z"}
{"type":"log","timestamp":1719009905160,"level":"debug","message":"Inline data specified.","meta":{"rootId":"bshg4eu262xp9vw","id":"bshg4eu262xp9vw"},"id":"ml1ptfgbo1ylqrq","previousOperationId":"yp93yzsly81m77z"}
{"type":"log","timestamp":1719009905161,"level":"debug","message":"Base url not specified, skipping its injection.","meta":{"rootId":"bshg4eu262xp9vw","id":"bshg4eu262xp9vw"},"id":"2su3zdhj89t9ck0","previousOperationId":"yp93yzsly81m77z"}
{"type":"operationStart","subtype":"engine","name":"handlebars","timestamp":1719009905161,"id":"icwt98jh4vdk6q7","previousEventId":"bgz5mjauf5d9qim","operationId":"v0sofw7qa5z0z9e","previousOperationId":"yp93yzsly81m77z"}
{"type":"log","timestamp":1719009905161,"level":"debug","message":"Rendering engine handlebars","meta":{"rootId":"bshg4eu262xp9vw","id":"bshg4eu262xp9vw"},"id":"zfayw9bbsuins9c","previousOperationId":"v0sofw7qa5z0z9e"}
{"type":"log","timestamp":1719009905177,"level":"debug","message":"(console:log) Pdf utils adding group field, value: \"France\"","meta":{"userLevel":true,"rootId":"bshg4eu262xp9vw","id":"bshg4eu262xp9vw"},"id":"jbmsi7n94i82xm1","previousOperationId":"v0sofw7qa5z0z9e"}
{"type":"log","timestamp":1719009905178,"level":"debug","message":"(console:log) Pdf utils adding group field, value: \"Germany\"","meta":{"userLevel":true,"rootId":"bshg4eu262xp9vw","id":"bshg4eu262xp9vw"},"id":"g3el28ddsmsxlj7","previousOperationId":"v0sofw7qa5z0z9e"}
{"type":"operationEnd","operationId":"v0sofw7qa5z0z9e","timestamp":1719009905178,"id":"90iyiogxvaqk4p1","previousEventId":"icwt98jh4vdk6q7","previousOperationId":"v0sofw7qa5z0z9e"}
{"type":"operationStart","subtype":"recipe","name":"chrome-pdf","timestamp":1719009905178,"id":"x3n19k62xnhqrdc","previousEventId":"90iyiogxvaqk4p1","operationId":"kvbqxn4g8e84inz","previousOperationId":"v0sofw7qa5z0z9e"}
{"type":"log","timestamp":1719009905178,"level":"debug","message":"Executing recipe chrome-pdf","meta":{"rootId":"bshg4eu262xp9vw","id":"bshg4eu262xp9vw"},"id":"8k6h5kpjaifrf5w","previousOperationId":"kvbqxn4g8e84inz"}
{"type":"log","timestamp":1719009905182,"level":"debug","message":"Converting with chrome Chrome/126.0.6478.61 using chrome-pool strategy","meta":{"rootId":"bshg4eu262xp9vw","id":"bshg4eu262xp9vw"},"id":"8qirpntnqnjlo43","previousOperationId":"kvbqxn4g8e84inz"}
{"type":"log","timestamp":1719009905313,"level":"debug","message":"Page request: GET (document) file:///var/folders/2x/1bhfw9mx7d775w_jmf56lcp80000gn/T/jsreport/autocleanup/c5480dd2-09b4-4d33-a944-3f9dd80c42fd-chrome-pdf.html","meta":{"rootId":"bshg4eu262xp9vw","id":"bshg4eu262xp9vw"},"id":"t7g7veua0jrxgr1","previousOperationId":"kvbqxn4g8e84inz"}
{"type":"log","timestamp":1719009905318,"level":"debug","message":"Page request finished: GET (document) 200 file:///var/folders/2x/1bhfw9mx7d775w_jmf56lcp80000gn/T/jsreport/autocleanup/c5480dd2-09b4-4d33-a944-3f9dd80c42fd-chrome-pdf.html","meta":{"rootId":"bshg4eu262xp9vw","id":"bshg4eu262xp9vw"},"id":"fjr0zqcl5ii2k6y","previousOperationId":"kvbqxn4g8e84inz"}
{"type":"log","timestamp":1719009905319,"level":"debug","message":"Page request: GET (stylesheet) https://cdnjs.cloudflare.com/ajax/libs/metro/4.1.5/css/metro.min.css","meta":{"rootId":"bshg4eu262xp9vw","id":"bshg4eu262xp9vw"},"id":"v3n074eh0zyvvlc","previousOperationId":"kvbqxn4g8e84inz"}
{"type":"log","timestamp":1719009905319,"level":"debug","message":"Page request: GET (script) https://cdnjs.cloudflare.com/ajax/libs/Chart.js/2.7.2/Chart.min.js","meta":{"rootId":"bshg4eu262xp9vw","id":"bshg4eu262xp9vw"},"id":"7alk87svixmwqon","previousOperationId":"kvbqxn4g8e84inz"}
{"type":"log","timestamp":1719009905327,"level":"debug","message":"Page request finished: GET (stylesheet) 200 https://cdnjs.cloudflare.com/ajax/libs/metro/4.1.5/css/metro.min.css","meta":{"rootId":"bshg4eu262xp9vw","id":"bshg4eu262xp9vw"},"id":"2evly7ecrbnfip6","previousOperationId":"kvbqxn4g8e84inz"}
{"type":"log","timestamp":1719009905328,"level":"debug","message":"Page request finished: GET (script) 200 https://cdnjs.cloudflare.com/ajax/libs/Chart.js/2.7.2/Chart.min.js","meta":{"rootId":"bshg4eu262xp9vw","id":"bshg4eu262xp9vw"},"id":"2zl51ldg9hzt6h3","previousOperationId":"kvbqxn4g8e84inz"}
{"type":"log","timestamp":1719009905364,"level":"debug","message":"Running chrome with params {\"timeout\":59971,\"margin\":{},\"printBackground\":true}","meta":{"rootId":"bshg4eu262xp9vw","id":"bshg4eu262xp9vw"},"id":"fhlb440zyy1mru7","previousOperationId":"kvbqxn4g8e84inz"}
{"type":"operationEnd","operationId":"kvbqxn4g8e84inz","timestamp":1719009905543,"id":"gr87jzamn1s709w","previousEventId":"x3n19k62xnhqrdc","previousOperationId":"kvbqxn4g8e84inz"}
{"type":"log","timestamp":1719009905543,"level":"info","message":"pdf-utils is starting pdf processing","meta":{"rootId":"bshg4eu262xp9vw","id":"bshg4eu262xp9vw"},"id":"r0g0yte38uxjho1","previousOperationId":"kvbqxn4g8e84inz"}
{"type":"operationStart","subtype":"pdfUtils","name":"pdf utils","timestamp":1719009905544,"id":"jw0a4dq3cjwmfbc","previousEventId":"gr87jzamn1s709w","operationId":"gdhd73zracskha9","previousOperationId":"kvbqxn4g8e84inz"}
{"type":"log","timestamp":1719009905544,"level":"debug","message":"pdf-utils detected 1 pdf operation(s) to process","meta":{"rootId":"bshg4eu262xp9vw","id":"bshg4eu262xp9vw"},"id":"a87gotyyg59rskz","previousOperationId":"gdhd73zracskha9"}
{"type":"log","timestamp":1719009905556,"level":"debug","message":"pdf-utils running pdf operation merge","meta":{"rootId":"bshg4eu262xp9vw","id":"bshg4eu262xp9vw"},"id":"5k22m77zt7fu4h3","previousOperationId":"gdhd73zracskha9"}
{"type":"operationStart","subtype":"pdfUtilsMerge","name":"pdf utils merge","previousOperationId":"gdhd73zracskha9","timestamp":1719009905556,"id":"d4u0rxyyeyjq84f","previousEventId":"jw0a4dq3cjwmfbc","operationId":"550l3gfkz1i8w6n"}
{"type":"operationStart","subtype":"render","name":"anonymous","previousOperationId":"550l3gfkz1i8w6n","timestamp":1719009905556,"id":"yrydmq2qoq80su3","previousEventId":"d4u0rxyyeyjq84f","operationId":"28yz77xux3kgiv7"}
{"type":"log","timestamp":1719009905556,"level":"info","message":"Starting rendering (child) request","meta":{"rootId":"bshg4eu262xp9vw","id":"dxswafwsns60fce"},"id":"vtsjnqqfibnrp3u","previousOperationId":"28yz77xux3kgiv7"}
{"type":"log","timestamp":1719009905556,"level":"info","message":"Rendering anonymous template { recipe: chrome-pdf, engine: handlebars }","meta":{"rootId":"bshg4eu262xp9vw","id":"dxswafwsns60fce"},"id":"kz3cjzsmtbs34kz","previousOperationId":"28yz77xux3kgiv7"}
{"type":"log","timestamp":1719009905556,"level":"debug","message":"Inline data specified.","meta":{"rootId":"bshg4eu262xp9vw","id":"dxswafwsns60fce"},"id":"73xgtu8tkwadpwo","previousOperationId":"28yz77xux3kgiv7"}
{"type":"log","timestamp":1719009905556,"level":"debug","message":"Base url not specified, skipping its injection.","meta":{"rootId":"bshg4eu262xp9vw","id":"dxswafwsns60fce"},"id":"3lvs6atvvnjnf3l","previousOperationId":"28yz77xux3kgiv7"}
{"type":"operationStart","subtype":"engine","name":"handlebars","timestamp":1719009905556,"id":"h9p5ir4y3yaep9e","previousEventId":"yrydmq2qoq80su3","operationId":"v1gm9og1rczmt3d","previousOperationId":"28yz77xux3kgiv7"}
{"type":"log","timestamp":1719009905556,"level":"debug","message":"Rendering engine handlebars","meta":{"rootId":"bshg4eu262xp9vw","id":"dxswafwsns60fce"},"id":"z7j8pcfkjk1jb8w","previousOperationId":"v1gm9og1rczmt3d"}
{"type":"operationEnd","operationId":"v1gm9og1rczmt3d","timestamp":1719009905559,"id":"5281ukt9ral9ia5","previousEventId":"h9p5ir4y3yaep9e","previousOperationId":"v1gm9og1rczmt3d"}
{"type":"operationStart","subtype":"recipe","name":"chrome-pdf","timestamp":1719009905559,"id":"yblzhyvbf21v6hi","previousEventId":"5281ukt9ral9ia5","operationId":"q1huplu9dlhsi4s","previousOperationId":"v1gm9og1rczmt3d"}
{"type":"log","timestamp":1719009905559,"level":"debug","message":"Executing recipe chrome-pdf","meta":{"rootId":"bshg4eu262xp9vw","id":"dxswafwsns60fce"},"id":"5vnek2p7iumxdxd","previousOperationId":"q1huplu9dlhsi4s"}
{"type":"log","timestamp":1719009905560,"level":"debug","message":"Converting with chrome Chrome/126.0.6478.61 using chrome-pool strategy","meta":{"rootId":"bshg4eu262xp9vw","id":"dxswafwsns60fce"},"id":"ndye1fwf1c340kv","previousOperationId":"q1huplu9dlhsi4s"}
{"type":"log","timestamp":1719009905619,"level":"debug","message":"Page request: GET (document) file:///var/folders/2x/1bhfw9mx7d775w_jmf56lcp80000gn/T/jsreport/autocleanup/7a8f4b82-b20f-42ce-825e-cccfa58c5045-chrome-pdf.html","meta":{"rootId":"bshg4eu262xp9vw","id":"dxswafwsns60fce"},"id":"aucsaechtov4eq2","previousOperationId":"q1huplu9dlhsi4s"}
{"type":"log","timestamp":1719009905623,"level":"debug","message":"Page request finished: GET (document) 200 file:///var/folders/2x/1bhfw9mx7d775w_jmf56lcp80000gn/T/jsreport/autocleanup/7a8f4b82-b20f-42ce-825e-cccfa58c5045-chrome-pdf.html","meta":{"rootId":"bshg4eu262xp9vw","id":"dxswafwsns60fce"},"id":"j6hwe0vovd7r0bv","previousOperationId":"q1huplu9dlhsi4s"}
{"type":"log","timestamp":1719009905623,"level":"debug","message":"Page request: GET (stylesheet) https://cdnjs.cloudflare.com/ajax/libs/metro/4.1.5/css/metro.min.css","meta":{"rootId":"bshg4eu262xp9vw","id":"dxswafwsns60fce"},"id":"9dctt6ex4jmw3ln","previousOperationId":"q1huplu9dlhsi4s"}
{"type":"log","timestamp":1719009905629,"level":"debug","message":"Page request finished: GET (stylesheet) 200 https://cdnjs.cloudflare.com/ajax/libs/metro/4.1.5/css/metro.min.css","meta":{"rootId":"bshg4eu262xp9vw","id":"dxswafwsns60fce"},"id":"ckspl346jxqgo4n","previousOperationId":"q1huplu9dlhsi4s"}
{"type":"log","timestamp":1719009905648,"level":"debug","message":"Running chrome with params {\"timeout\":59591,\"margin\":{},\"printBackground\":true}","meta":{"rootId":"bshg4eu262xp9vw","id":"dxswafwsns60fce"},"id":"359vzzwdsoi0m0e","previousOperationId":"q1huplu9dlhsi4s"}
{"type":"operationEnd","operationId":"q1huplu9dlhsi4s","timestamp":1719009905762,"id":"arkvduj6xdzk4ee","previousEventId":"yblzhyvbf21v6hi","previousOperationId":"q1huplu9dlhsi4s"}
{"type":"log","timestamp":1719009905762,"level":"debug","message":"Skipping storing report.","meta":{"rootId":"bshg4eu262xp9vw","id":"dxswafwsns60fce"},"id":"h6cy67d4dob44bf","previousOperationId":"q1huplu9dlhsi4s"}
{"type":"log","timestamp":1719009905762,"level":"info","message":"Rendering (child) request finished in 612 ms","meta":{"rootId":"bshg4eu262xp9vw","id":"dxswafwsns60fce"},"id":"p7xqvwg0czo2qhv","previousOperationId":"q1huplu9dlhsi4s"}
{"type":"operationEnd","subtype":"render","operationId":"28yz77xux3kgiv7","timestamp":1719009905762,"id":"sjsr425d2lmhbvz","previousEventId":"arkvduj6xdzk4ee","previousOperationId":"q1huplu9dlhsi4s"}
{"type":"operationEnd","operationId":"550l3gfkz1i8w6n","timestamp":1719009905797,"id":"tvs73acpo9hux1z","previousEventId":"d4u0rxyyeyjq84f","previousOperationId":"550l3gfkz1i8w6n"}
{"type":"log","timestamp":1719009905797,"level":"debug","message":"pdf-utils postprocess start","meta":{"rootId":"bshg4eu262xp9vw","id":"bshg4eu262xp9vw"},"id":"w4o9ys897znihfc","previousOperationId":"550l3gfkz1i8w6n"}
{"type":"log","timestamp":1719009905832,"level":"debug","message":"pdf-utils postprocess end","meta":{"rootId":"bshg4eu262xp9vw","id":"bshg4eu262xp9vw"},"id":"9a15rxj31has6e8","previousOperationId":"550l3gfkz1i8w6n"}
{"type":"operationEnd","operationId":"gdhd73zracskha9","timestamp":1719009905832,"id":"32l3tlksercxwha","previousEventId":"tvs73acpo9hux1z","previousOperationId":"550l3gfkz1i8w6n"}
{"type":"log","timestamp":1719009905834,"level":"info","message":"pdf-utils pdf processing was finished","meta":{"rootId":"bshg4eu262xp9vw","id":"bshg4eu262xp9vw"},"id":"g5piuuhvzhpo576","previousOperationId":"gdhd73zracskha9"}
{"type":"log","timestamp":1719009905834,"level":"debug","message":"Skipping storing report.","meta":{"rootId":"bshg4eu262xp9vw","id":"bshg4eu262xp9vw"},"id":"nem95drjblezsum","previousOperationId":"gdhd73zracskha9"}
{"type":"log","timestamp":1719009905834,"level":"info","message":"Rendering request 165 finished in 684 ms","meta":{"rootId":"bshg4eu262xp9vw","id":"bshg4eu262xp9vw"},"id":"vlworbpaet9n3w3","previousOperationId":"gdhd73zracskha9"}
{"type":"operationEnd","subtype":"render","operationId":"yp93yzsly81m77z","timestamp":1719009905834,"id":"jye9a9t7qf6sje2","previousEventId":"32l3tlksercxwha","previousOperationId":"gdhd73zracskha9"}
{"type":"operationEnd","doDiffs":false,"previousEventId":"lma1qgso5b4wj8l","previousOperationId":"4culen9csrauhta","operationId":"4culen9csrauhta","timestamp":1719009905835,"id":"lptxa6vl451y0s3"}
