{"type":"operationStart","subtype":"profile","data":{"_id":"vtrEGKQdxBK93tHz","timestamp":"2024-06-24T15:22:49.040Z","state":"queued","mode":"standard","creationDate":"2024-06-24T15:22:49.041Z","modificationDate":"2024-06-24T15:22:49.041Z","shortid":"GFe2WD2","$entitySet":"profiles"},"doDiffs":false,"timestamp":1719242569040,"id":"sobwzm57zg36ty4","previousOperationId":null,"operationId":"qt9t6221agltgxt"}
{"type":"log","level":"info","message":"Render request 8 queued for execution and waiting for available worker","previousOperationId":"qt9t6221agltgxt","timestamp":1719242569040,"id":"murcg8vyllqedov"}
{"type":"operationStart","subtype":"render","name":"anonymous","previousOperationId":"qt9t6221agltgxt","timestamp":1719242569046,"id":"pnf7mowwj6ge8r6","previousEventId":"sobwzm57zg36ty4","operationId":"5e4dhb7ac0f0tis"}
{"type":"log","timestamp":1719242569046,"level":"info","message":"Starting rendering request 8","meta":{"rootId":"bwa259hn5mvrswy","id":"bwa259hn5mvrswy"},"id":"cp8cs26rwdk0yny","previousOperationId":"5e4dhb7ac0f0tis"}
{"type":"log","timestamp":1719242569046,"level":"info","message":"Rendering anonymous template { recipe: chrome-pdf, engine: handlebars }","meta":{"rootId":"bwa259hn5mvrswy","id":"bwa259hn5mvrswy"},"id":"xvge3pc7rx432bb","previousOperationId":"5e4dhb7ac0f0tis"}
{"type":"log","timestamp":1719242569046,"level":"debug","message":"Inline data specified.","meta":{"rootId":"bwa259hn5mvrswy","id":"bwa259hn5mvrswy"},"id":"xpvnq5p9847fcqj","previousOperationId":"5e4dhb7ac0f0tis"}
{"type":"log","timestamp":1719242569047,"level":"debug","message":"Base url not specified, skipping its injection.","meta":{"rootId":"bwa259hn5mvrswy","id":"bwa259hn5mvrswy"},"id":"91rcsovelcuh9zk","previousOperationId":"5e4dhb7ac0f0tis"}
{"type":"operationStart","subtype":"engine","name":"handlebars","timestamp":1719242569048,"id":"kqlq5u5qseujfa1","previousEventId":"pnf7mowwj6ge8r6","operationId":"w2jgaems2a2hu0j","previousOperationId":"5e4dhb7ac0f0tis"}
{"type":"log","timestamp":1719242569048,"level":"debug","message":"Rendering engine handlebars","meta":{"rootId":"bwa259hn5mvrswy","id":"bwa259hn5mvrswy"},"id":"ku8yyv94ecymiql","previousOperationId":"w2jgaems2a2hu0j"}
{"type":"operationEnd","operationId":"w2jgaems2a2hu0j","timestamp":1719242569062,"id":"zp8oo1ydtv4aovn","previousEventId":"kqlq5u5qseujfa1","previousOperationId":"w2jgaems2a2hu0j"}
{"type":"operationStart","subtype":"recipe","name":"chrome-pdf","timestamp":1719242569062,"id":"ys1spi0q85tu5k9","previousEventId":"zp8oo1ydtv4aovn","operationId":"ou0ltpmeldxrox6","previousOperationId":"w2jgaems2a2hu0j"}
{"type":"log","timestamp":1719242569062,"level":"debug","message":"Executing recipe chrome-pdf","meta":{"rootId":"bwa259hn5mvrswy","id":"bwa259hn5mvrswy"},"id":"fh3qfj1co5p002l","previousOperationId":"ou0ltpmeldxrox6"}
{"type":"log","timestamp":1719242569071,"level":"debug","message":"Converting with chrome Chrome/126.0.6478.61 using chrome-pool strategy","meta":{"rootId":"bwa259hn5mvrswy","id":"bwa259hn5mvrswy"},"id":"n3br4957da938nb","previousOperationId":"ou0ltpmeldxrox6"}
{"type":"log","timestamp":1719242569291,"level":"debug","message":"Page request: GET (document) file:///var/folders/2x/1bhfw9mx7d775w_jmf56lcp80000gn/T/jsreport/autocleanup/3fff31ff-cdcc-4a76-95fa-e91473435496-chrome-pdf.html","meta":{"rootId":"bwa259hn5mvrswy","id":"bwa259hn5mvrswy"},"id":"qy1a8lfdd6vltnr","previousOperationId":"ou0ltpmeldxrox6"}
{"type":"log","timestamp":1719242569299,"level":"debug","message":"Page request finished: GET (document) 200 file:///var/folders/2x/1bhfw9mx7d775w_jmf56lcp80000gn/T/jsreport/autocleanup/3fff31ff-cdcc-4a76-95fa-e91473435496-chrome-pdf.html","meta":{"rootId":"bwa259hn5mvrswy","id":"bwa259hn5mvrswy"},"id":"g7tcm8udojykte1","previousOperationId":"ou0ltpmeldxrox6"}
{"type":"log","timestamp":1719242569300,"level":"debug","message":"Page request: GET (stylesheet) https://cdnjs.cloudflare.com/ajax/libs/metro/4.1.5/css/metro.min.css","meta":{"rootId":"bwa259hn5mvrswy","id":"bwa259hn5mvrswy"},"id":"4yjgxeocasa994f","previousOperationId":"ou0ltpmeldxrox6"}
{"type":"log","timestamp":1719242569300,"level":"debug","message":"Page request: GET (script) https://cdnjs.cloudflare.com/ajax/libs/Chart.js/2.7.2/Chart.min.js","meta":{"rootId":"bwa259hn5mvrswy","id":"bwa259hn5mvrswy"},"id":"ets0yp66vehd9va","previousOperationId":"ou0ltpmeldxrox6"}
{"type":"log","timestamp":1719242569315,"level":"debug","message":"Page request finished: GET (stylesheet) 200 https://cdnjs.cloudflare.com/ajax/libs/metro/4.1.5/css/metro.min.css","meta":{"rootId":"bwa259hn5mvrswy","id":"bwa259hn5mvrswy"},"id":"91sm4f8qngqo4ez","previousOperationId":"ou0ltpmeldxrox6"}
{"type":"log","timestamp":1719242569316,"level":"debug","message":"Page request finished: GET (script) 200 https://cdnjs.cloudflare.com/ajax/libs/Chart.js/2.7.2/Chart.min.js","meta":{"rootId":"bwa259hn5mvrswy","id":"bwa259hn5mvrswy"},"id":"t655i3bxhkzk1nn","previousOperationId":"ou0ltpmeldxrox6"}
{"type":"log","timestamp":1719242569337,"level":"debug","message":"Running chrome with params {\"marginTop\":\"4cm\",\"marginRight\":\"1.5cm\",\"marginLeft\":\"1.5cm\",\"marginBottom\":\"1.5cm\",\"timeout\":59971,\"margin\":{\"top\":\"4cm\",\"right\":\"1.5cm\",\"bottom\":\"1.5cm\",\"left\":\"1.5cm\"},\"printBackground\":true}","meta":{"rootId":"bwa259hn5mvrswy","id":"bwa259hn5mvrswy"},"id":"xxhfh8uu6m7x9tw","previousOperationId":"ou0ltpmeldxrox6"}
{"type":"operationEnd","operationId":"ou0ltpmeldxrox6","timestamp":1719242569439,"id":"zrw88qz9981g9sy","previousEventId":"ys1spi0q85tu5k9","previousOperationId":"ou0ltpmeldxrox6"}
{"type":"log","timestamp":1719242569439,"level":"info","message":"pdf-utils is starting pdf processing","meta":{"rootId":"bwa259hn5mvrswy","id":"bwa259hn5mvrswy"},"id":"rko3cpqv571nqlv","previousOperationId":"ou0ltpmeldxrox6"}
{"type":"operationStart","subtype":"pdfUtils","name":"pdf utils","timestamp":1719242569440,"id":"o72k5p1b6pjzx2b","previousEventId":"zrw88qz9981g9sy","operationId":"rtk65ulvbxricx1","previousOperationId":"ou0ltpmeldxrox6"}
{"type":"log","timestamp":1719242569440,"level":"debug","message":"pdf-utils detected 1 pdf operation(s) to process","meta":{"rootId":"bwa259hn5mvrswy","id":"bwa259hn5mvrswy"},"id":"iedruwado768ipk","previousOperationId":"rtk65ulvbxricx1"}
{"type":"log","timestamp":1719242569445,"level":"debug","message":"pdf-utils running pdf operation undefined","meta":{"rootId":"bwa259hn5mvrswy","id":"bwa259hn5mvrswy"},"id":"9vifheuf072awvs","previousOperationId":"rtk65ulvbxricx1"}
{"type":"log","timestamp":1719242569445,"level":"debug","message":"pdf-utils postprocess start","meta":{"rootId":"bwa259hn5mvrswy","id":"bwa259hn5mvrswy"},"id":"amri6w81q3xfo0g","previousOperationId":"rtk65ulvbxricx1"}
{"type":"log","timestamp":1719242569451,"level":"debug","message":"pdf-utils postprocess end","meta":{"rootId":"bwa259hn5mvrswy","id":"bwa259hn5mvrswy"},"id":"gmjuycw60ov6t0x","previousOperationId":"rtk65ulvbxricx1"}
{"type":"operationEnd","operationId":"rtk65ulvbxricx1","timestamp":1719242569451,"id":"24u3jtj6ovc9r73","previousEventId":"o72k5p1b6pjzx2b","previousOperationId":"rtk65ulvbxricx1"}
{"type":"log","timestamp":1719242569451,"level":"info","message":"pdf-utils pdf processing was finished","meta":{"rootId":"bwa259hn5mvrswy","id":"bwa259hn5mvrswy"},"id":"g77ovb45r6r5e4l","previousOperationId":"rtk65ulvbxricx1"}
{"type":"log","timestamp":1719242569451,"level":"debug","message":"Skipping storing report.","meta":{"rootId":"bwa259hn5mvrswy","id":"bwa259hn5mvrswy"},"id":"q3hmn2deu5wjq96","previousOperationId":"rtk65ulvbxricx1"}
{"type":"log","timestamp":1719242569451,"level":"info","message":"Rendering request 8 finished in 417 ms","meta":{"rootId":"bwa259hn5mvrswy","id":"bwa259hn5mvrswy"},"id":"3ixvz4p1tjc3ob3","previousOperationId":"rtk65ulvbxricx1"}
{"type":"operationEnd","subtype":"render","operationId":"5e4dhb7ac0f0tis","timestamp":1719242569451,"id":"tmq1bfegfavn6e1","previousEventId":"24u3jtj6ovc9r73","previousOperationId":"rtk65ulvbxricx1"}
{"type":"operationEnd","doDiffs":false,"previousEventId":"sobwzm57zg36ty4","previousOperationId":"qt9t6221agltgxt","operationId":"qt9t6221agltgxt","timestamp":1719242569452,"id":"efwrd16lb3w2w82"}
