{"type":"operationStart","subtype":"profile","data":{"_id":"51vEuBDrui4oQOtZ","timestamp":"2024-06-21T21:16:18.069Z","state":"queued","mode":"standard","creationDate":"2024-06-21T21:16:18.071Z","modificationDate":"2024-06-21T21:16:18.071Z","shortid":"os9x2cM","$entitySet":"profiles"},"doDiffs":false,"timestamp":1719004578070,"id":"9rhj0cpgo1v9ncd","previousOperationId":null,"operationId":"mio2fjx693oshd9"}
{"type":"log","level":"info","message":"Render request 107 queued for execution and waiting for available worker","previousOperationId":"mio2fjx693oshd9","timestamp":1719004578070,"id":"xoz19z8o402m0m2"}
{"type":"operationStart","subtype":"render","name":"anonymous","previousOperationId":"mio2fjx693oshd9","timestamp":1719004578081,"id":"tv57dyg1j5vearm","previousEventId":"9rhj0cpgo1v9ncd","operationId":"oj6qabmz8jeq01e"}
{"type":"log","timestamp":1719004578082,"level":"info","message":"Starting rendering request 107","meta":{"rootId":"bwlo5vsmc4vpki4","id":"bwlo5vsmc4vpki4"},"id":"g5umvtpbmkdzw16","previousOperationId":"oj6qabmz8jeq01e"}
{"type":"log","timestamp":1719004578082,"level":"info","message":"Rendering anonymous template { recipe: chrome-pdf, engine: handlebars }","meta":{"rootId":"bwlo5vsmc4vpki4","id":"bwlo5vsmc4vpki4"},"id":"ozb4cp7bshro4gg","previousOperationId":"oj6qabmz8jeq01e"}
{"type":"log","timestamp":1719004578082,"level":"debug","message":"Inline data specified.","meta":{"rootId":"bwlo5vsmc4vpki4","id":"bwlo5vsmc4vpki4"},"id":"dqmxnsgg6eor7c0","previousOperationId":"oj6qabmz8jeq01e"}
{"type":"log","timestamp":1719004578083,"level":"debug","message":"Base url not specified, skipping its injection.","meta":{"rootId":"bwlo5vsmc4vpki4","id":"bwlo5vsmc4vpki4"},"id":"d4xtk8aouozs6sx","previousOperationId":"oj6qabmz8jeq01e"}
{"type":"operationStart","subtype":"engine","name":"handlebars","timestamp":1719004578083,"id":"8qv16x33sk9lo60","previousEventId":"tv57dyg1j5vearm","operationId":"o4kastngd3r3sgq","previousOperationId":"oj6qabmz8jeq01e"}
{"type":"log","timestamp":1719004578083,"level":"debug","message":"Rendering engine handlebars","meta":{"rootId":"bwlo5vsmc4vpki4","id":"bwlo5vsmc4vpki4"},"id":"zdyyih7j1mho3nu","previousOperationId":"o4kastngd3r3sgq"}
{"type":"log","timestamp":1719004578114,"level":"debug","message":"(console:log) Pdf utils adding group field, value: \"France\"","meta":{"userLevel":true,"rootId":"bwlo5vsmc4vpki4","id":"bwlo5vsmc4vpki4"},"id":"7i7ayfdqq202e2h","previousOperationId":"o4kastngd3r3sgq"}
{"type":"log","timestamp":1719004578114,"level":"debug","message":"(console:log) Pdf utils adding group field, value: \"Germany\"","meta":{"userLevel":true,"rootId":"bwlo5vsmc4vpki4","id":"bwlo5vsmc4vpki4"},"id":"q51xm488jq1itbu","previousOperationId":"o4kastngd3r3sgq"}
{"type":"operationEnd","operationId":"o4kastngd3r3sgq","timestamp":1719004578115,"id":"o5iu7f8q5xtolul","previousEventId":"8qv16x33sk9lo60","previousOperationId":"o4kastngd3r3sgq"}
{"type":"operationStart","subtype":"recipe","name":"chrome-pdf","timestamp":1719004578115,"id":"2ldvqvmp4pzjwzp","previousEventId":"o5iu7f8q5xtolul","operationId":"hwc229lozsq3d91","previousOperationId":"o4kastngd3r3sgq"}
{"type":"log","timestamp":1719004578115,"level":"debug","message":"Executing recipe chrome-pdf","meta":{"rootId":"bwlo5vsmc4vpki4","id":"bwlo5vsmc4vpki4"},"id":"j2dol4j9oj8pgyo","previousOperationId":"hwc229lozsq3d91"}
{"type":"log","timestamp":1719004578117,"level":"debug","message":"Starting child request to render pdf header","meta":{"rootId":"bwlo5vsmc4vpki4","id":"bwlo5vsmc4vpki4"},"id":"rd1beiw0s8esv5r","previousOperationId":"hwc229lozsq3d91"}
{"type":"operationStart","subtype":"render","name":"anonymous","previousOperationId":"hwc229lozsq3d91","timestamp":1719004578117,"id":"gd0yyij9oah9t1g","previousEventId":"2ldvqvmp4pzjwzp","operationId":"e4cz4iqo220q9kt"}
{"type":"log","timestamp":1719004578117,"level":"info","message":"Starting rendering (child) request","meta":{"rootId":"bwlo5vsmc4vpki4","id":"nx69670oqrsc2rj"},"id":"50ue0nvjtwxye89","previousOperationId":"e4cz4iqo220q9kt"}
{"type":"log","timestamp":1719004578117,"level":"info","message":"Rendering anonymous template { recipe: html, engine: handlebars }","meta":{"rootId":"bwlo5vsmc4vpki4","id":"nx69670oqrsc2rj"},"id":"5iyn75ap1yv0eh7","previousOperationId":"e4cz4iqo220q9kt"}
{"type":"log","timestamp":1719004578117,"level":"debug","message":"Inline data specified.","meta":{"rootId":"bwlo5vsmc4vpki4","id":"nx69670oqrsc2rj"},"id":"sbe2b1x0w49dnl2","previousOperationId":"e4cz4iqo220q9kt"}
{"type":"log","timestamp":1719004578117,"level":"debug","message":"Base url not specified, skipping its injection.","meta":{"rootId":"bwlo5vsmc4vpki4","id":"nx69670oqrsc2rj"},"id":"2lnemrr6qviy2nb","previousOperationId":"e4cz4iqo220q9kt"}
{"type":"operationStart","subtype":"engine","name":"handlebars","timestamp":1719004578117,"id":"xgzqe4troagkvlf","previousEventId":"gd0yyij9oah9t1g","operationId":"sxzib4t5j3qj65d","previousOperationId":"e4cz4iqo220q9kt"}
{"type":"log","timestamp":1719004578117,"level":"debug","message":"Rendering engine handlebars","meta":{"rootId":"bwlo5vsmc4vpki4","id":"nx69670oqrsc2rj"},"id":"5cplnipmum12j2g","previousOperationId":"sxzib4t5j3qj65d"}
{"type":"operationEnd","operationId":"sxzib4t5j3qj65d","timestamp":1719004578120,"id":"a7j3hp2c1mdo5pa","previousEventId":"xgzqe4troagkvlf","previousOperationId":"sxzib4t5j3qj65d"}
{"type":"operationStart","subtype":"recipe","name":"html","timestamp":1719004578120,"id":"50eqfji0fo4z3b2","previousEventId":"a7j3hp2c1mdo5pa","operationId":"gpvuhevaoo2rjcs","previousOperationId":"sxzib4t5j3qj65d"}
{"type":"log","timestamp":1719004578120,"level":"debug","message":"Executing recipe html","meta":{"rootId":"bwlo5vsmc4vpki4","id":"nx69670oqrsc2rj"},"id":"rvcve9n44tr8zxg","previousOperationId":"gpvuhevaoo2rjcs"}
{"type":"operationEnd","operationId":"gpvuhevaoo2rjcs","timestamp":1719004578120,"id":"lmj2pkzgakzu87x","previousEventId":"50eqfji0fo4z3b2","previousOperationId":"gpvuhevaoo2rjcs"}
{"type":"log","timestamp":1719004578120,"level":"debug","message":"Skipping storing report.","meta":{"rootId":"bwlo5vsmc4vpki4","id":"nx69670oqrsc2rj"},"id":"n5ixi9qcu8kqfyh","previousOperationId":"gpvuhevaoo2rjcs"}
{"type":"log","timestamp":1719004578120,"level":"info","message":"Rendering (child) request finished in 57 ms","meta":{"rootId":"bwlo5vsmc4vpki4","id":"nx69670oqrsc2rj"},"id":"m0fte1bxdtdm6cu","previousOperationId":"gpvuhevaoo2rjcs"}
{"type":"operationEnd","subtype":"render","operationId":"e4cz4iqo220q9kt","timestamp":1719004578120,"id":"rhmz5llb6siwha6","previousEventId":"lmj2pkzgakzu87x","previousOperationId":"gpvuhevaoo2rjcs"}
{"type":"log","timestamp":1719004578120,"level":"debug","message":"Starting child request to render pdf footer","meta":{"rootId":"bwlo5vsmc4vpki4","id":"bwlo5vsmc4vpki4"},"id":"1sjcsrzrmb0va8w","previousOperationId":"hwc229lozsq3d91"}
{"type":"operationStart","subtype":"render","name":"anonymous","previousOperationId":"hwc229lozsq3d91","timestamp":1719004578120,"id":"ra3c1o4thaqafzi","previousEventId":"2ldvqvmp4pzjwzp","operationId":"91yff4qke7w4hwc"}
{"type":"log","timestamp":1719004578120,"level":"info","message":"Starting rendering (child) request","meta":{"rootId":"bwlo5vsmc4vpki4","id":"dl2fyop8haaqrxd"},"id":"wlhhlff3xkbehio","previousOperationId":"91yff4qke7w4hwc"}
{"type":"log","timestamp":1719004578120,"level":"info","message":"Rendering anonymous template { recipe: html, engine: handlebars }","meta":{"rootId":"bwlo5vsmc4vpki4","id":"dl2fyop8haaqrxd"},"id":"1xqsuitw09jnbfv","previousOperationId":"91yff4qke7w4hwc"}
{"type":"log","timestamp":1719004578120,"level":"debug","message":"Inline data specified.","meta":{"rootId":"bwlo5vsmc4vpki4","id":"dl2fyop8haaqrxd"},"id":"5a70wkhgc1gvarr","previousOperationId":"91yff4qke7w4hwc"}
{"type":"log","timestamp":1719004578120,"level":"debug","message":"Base url not specified, skipping its injection.","meta":{"rootId":"bwlo5vsmc4vpki4","id":"dl2fyop8haaqrxd"},"id":"la97fvdk24tbqox","previousOperationId":"91yff4qke7w4hwc"}
{"type":"operationStart","subtype":"engine","name":"handlebars","timestamp":1719004578120,"id":"t6fg9q08k7zata2","previousEventId":"ra3c1o4thaqafzi","operationId":"ft2wuscbhlda88s","previousOperationId":"91yff4qke7w4hwc"}
{"type":"log","timestamp":1719004578120,"level":"debug","message":"Rendering engine handlebars","meta":{"rootId":"bwlo5vsmc4vpki4","id":"dl2fyop8haaqrxd"},"id":"ff8y1vtix7jnu74","previousOperationId":"ft2wuscbhlda88s"}
{"type":"operationEnd","operationId":"ft2wuscbhlda88s","timestamp":1719004578126,"id":"sdqxk3rpxsnu4ux","previousEventId":"t6fg9q08k7zata2","previousOperationId":"ft2wuscbhlda88s"}
{"type":"operationStart","subtype":"recipe","name":"html","timestamp":1719004578126,"id":"6n90fib6pbry6vh","previousEventId":"sdqxk3rpxsnu4ux","operationId":"wct56uonpa4l4q3","previousOperationId":"ft2wuscbhlda88s"}
{"type":"log","timestamp":1719004578126,"level":"debug","message":"Executing recipe html","meta":{"rootId":"bwlo5vsmc4vpki4","id":"dl2fyop8haaqrxd"},"id":"r5nwprhipycx4hp","previousOperationId":"wct56uonpa4l4q3"}
{"type":"operationEnd","operationId":"wct56uonpa4l4q3","timestamp":1719004578126,"id":"fc2hx96qoqawpti","previousEventId":"6n90fib6pbry6vh","previousOperationId":"wct56uonpa4l4q3"}
{"type":"log","timestamp":1719004578126,"level":"debug","message":"Skipping storing report.","meta":{"rootId":"bwlo5vsmc4vpki4","id":"dl2fyop8haaqrxd"},"id":"qgxjbggchzwprzm","previousOperationId":"wct56uonpa4l4q3"}
{"type":"log","timestamp":1719004578126,"level":"info","message":"Rendering (child) request finished in 63 ms","meta":{"rootId":"bwlo5vsmc4vpki4","id":"dl2fyop8haaqrxd"},"id":"l2b38yzngj515a3","previousOperationId":"wct56uonpa4l4q3"}
{"type":"operationEnd","subtype":"render","operationId":"91yff4qke7w4hwc","timestamp":1719004578126,"id":"y6u42uqs8y2yd9u","previousEventId":"fc2hx96qoqawpti","previousOperationId":"wct56uonpa4l4q3"}
{"type":"log","timestamp":1719004578135,"level":"debug","message":"Converting with chrome Chrome/126.0.6478.61 using chrome-pool strategy","meta":{"rootId":"bwlo5vsmc4vpki4","id":"bwlo5vsmc4vpki4"},"id":"6t5qu4owdy2udv0","previousOperationId":"hwc229lozsq3d91"}
{"type":"log","timestamp":1719004578368,"level":"debug","message":"Page request: GET (document) file:///var/folders/2x/1bhfw9mx7d775w_jmf56lcp80000gn/T/jsreport/autocleanup/26cf4473-6019-4fdb-8b2a-c436f9bf77f7-chrome-pdf.html","meta":{"rootId":"bwlo5vsmc4vpki4","id":"bwlo5vsmc4vpki4"},"id":"1sxjo5f7urq7hzg","previousOperationId":"hwc229lozsq3d91"}
{"type":"log","timestamp":1719004578372,"level":"debug","message":"Page request finished: GET (document) 200 file:///var/folders/2x/1bhfw9mx7d775w_jmf56lcp80000gn/T/jsreport/autocleanup/26cf4473-6019-4fdb-8b2a-c436f9bf77f7-chrome-pdf.html","meta":{"rootId":"bwlo5vsmc4vpki4","id":"bwlo5vsmc4vpki4"},"id":"mwuuwhasfsr1t0w","previousOperationId":"hwc229lozsq3d91"}
{"type":"log","timestamp":1719004578372,"level":"debug","message":"Page request: GET (stylesheet) https://cdnjs.cloudflare.com/ajax/libs/metro/4.1.5/css/metro.min.css","meta":{"rootId":"bwlo5vsmc4vpki4","id":"bwlo5vsmc4vpki4"},"id":"lbrpt6yuc2jsif5","previousOperationId":"hwc229lozsq3d91"}
{"type":"log","timestamp":1719004578372,"level":"debug","message":"Page request: GET (script) https://cdnjs.cloudflare.com/ajax/libs/Chart.js/2.7.2/Chart.min.js","meta":{"rootId":"bwlo5vsmc4vpki4","id":"bwlo5vsmc4vpki4"},"id":"l7zxlnd6qlzuzav","previousOperationId":"hwc229lozsq3d91"}
{"type":"log","timestamp":1719004578381,"level":"debug","message":"Page request finished: GET (stylesheet) 200 https://cdnjs.cloudflare.com/ajax/libs/metro/4.1.5/css/metro.min.css","meta":{"rootId":"bwlo5vsmc4vpki4","id":"bwlo5vsmc4vpki4"},"id":"5oh4rkxnstbei3d","previousOperationId":"hwc229lozsq3d91"}
{"type":"log","timestamp":1719004578381,"level":"debug","message":"Page request finished: GET (script) 200 https://cdnjs.cloudflare.com/ajax/libs/Chart.js/2.7.2/Chart.min.js","meta":{"rootId":"bwlo5vsmc4vpki4","id":"bwlo5vsmc4vpki4"},"id":"84xu4vs6yr3nhxo","previousOperationId":"hwc229lozsq3d91"}
{"type":"log","timestamp":1719004578422,"level":"debug","message":"Running chrome with params {\"displayHeaderFooter\":true,\"headerTemplate\":\"...\",\"footerTemplate\":\"...\",\"marginTop\":\"2cm\",\"marginRight\":\"1cm\",\"marginBottom\":\"2cm\",\"marginLeft\":\"1cm\",\"timeout\":59937,\"margin\":{\"top\":\"2cm\",\"right\":\"1cm\",\"bottom\":\"2cm\",\"left\":\"1cm\"},\"printBackground\":true}","meta":{"rootId":"bwlo5vsmc4vpki4","id":"bwlo5vsmc4vpki4"},"id":"vynvqtdu2iokl3m","previousOperationId":"hwc229lozsq3d91"}
{"type":"operationEnd","operationId":"hwc229lozsq3d91","timestamp":1719004578600,"id":"vg340h1kzcshu2j","previousEventId":"2ldvqvmp4pzjwzp","previousOperationId":"hwc229lozsq3d91"}
{"type":"log","timestamp":1719004578600,"level":"debug","message":"Skipping storing report.","meta":{"rootId":"bwlo5vsmc4vpki4","id":"bwlo5vsmc4vpki4"},"id":"dy6t9i6hdl0gtvj","previousOperationId":"hwc229lozsq3d91"}
{"type":"log","timestamp":1719004578600,"level":"info","message":"Rendering request 107 finished in 537 ms","meta":{"rootId":"bwlo5vsmc4vpki4","id":"bwlo5vsmc4vpki4"},"id":"go6ayh9vgi1vs77","previousOperationId":"hwc229lozsq3d91"}
{"type":"operationEnd","subtype":"render","operationId":"oj6qabmz8jeq01e","timestamp":1719004578600,"id":"4abmtex54cfql2o","previousEventId":"vg340h1kzcshu2j","previousOperationId":"hwc229lozsq3d91"}
{"type":"operationEnd","doDiffs":false,"previousEventId":"9rhj0cpgo1v9ncd","previousOperationId":"mio2fjx693oshd9","operationId":"mio2fjx693oshd9","timestamp":1719004578601,"id":"rcxmw328a7b8ywu"}
