{"type":"operationStart","subtype":"profile","data":{"_id":"jBiK8ZadKscGJ32M","timestamp":"2024-06-20T22:39:06.934Z","state":"queued","mode":"standard","creationDate":"2024-06-20T22:39:06.937Z","modificationDate":"2024-06-20T22:39:06.937Z","shortid":"XBYAmbK","$entitySet":"profiles"},"doDiffs":false,"timestamp":1718923146936,"id":"lk4ayiommvbc937","previousOperationId":null,"operationId":"tx3k5cvagcf6736"}
{"type":"log","level":"info","message":"Render request 8 queued for execution and waiting for available worker","previousOperationId":"tx3k5cvagcf6736","timestamp":1718923146936,"id":"50ctxtp5xrcth9d"}
{"type":"operationStart","subtype":"render","name":"anonymous","previousOperationId":"tx3k5cvagcf6736","timestamp":1718923146942,"id":"cta8o9ajkz44mpg","previousEventId":"lk4ayiommvbc937","operationId":"vxwnzcjb5ehseyl"}
{"type":"log","timestamp":1718923146944,"level":"info","message":"Starting rendering request 8","meta":{"rootId":"bxlmrbuj3si9vht","id":"bxlmrbuj3si9vht"},"id":"0hwsp1p5iizp1rh","previousOperationId":"vxwnzcjb5ehseyl"}
{"type":"log","timestamp":1718923146944,"level":"info","message":"Rendering anonymous template { recipe: chrome-pdf, engine: none }","meta":{"rootId":"bxlmrbuj3si9vht","id":"bxlmrbuj3si9vht"},"id":"fo6ivmur8g792fm","previousOperationId":"vxwnzcjb5ehseyl"}
{"type":"log","timestamp":1718923146944,"level":"debug","message":"Data item not defined for this template.","meta":{"rootId":"bxlmrbuj3si9vht","id":"bxlmrbuj3si9vht"},"id":"qzudopwm21x14zf","previousOperationId":"vxwnzcjb5ehseyl"}
{"type":"log","timestamp":1718923146946,"level":"debug","message":"Base url not specified, skipping its injection.","meta":{"rootId":"bxlmrbuj3si9vht","id":"bxlmrbuj3si9vht"},"id":"3m7ixprcu59ortp","previousOperationId":"vxwnzcjb5ehseyl"}
{"type":"operationStart","subtype":"engine","name":"none","timestamp":1718923146947,"id":"ueoix6iw7ag56vm","previousEventId":"cta8o9ajkz44mpg","operationId":"kvlrmo0szpwz6wi","previousOperationId":"vxwnzcjb5ehseyl"}
{"type":"log","timestamp":1718923146947,"level":"debug","message":"Rendering engine none","meta":{"rootId":"bxlmrbuj3si9vht","id":"bxlmrbuj3si9vht"},"id":"kjapj2tkn3zi2ph","previousOperationId":"kvlrmo0szpwz6wi"}
{"type":"operationEnd","operationId":"kvlrmo0szpwz6wi","timestamp":1718923146969,"id":"qha7mk8se6civa2","previousEventId":"ueoix6iw7ag56vm","previousOperationId":"kvlrmo0szpwz6wi"}
{"type":"operationStart","subtype":"recipe","name":"chrome-pdf","timestamp":1718923146969,"id":"6ivfxjd9sxlltan","previousEventId":"qha7mk8se6civa2","operationId":"imppx7ofskxalvx","previousOperationId":"kvlrmo0szpwz6wi"}
{"type":"log","timestamp":1718923146969,"level":"debug","message":"Executing recipe chrome-pdf","meta":{"rootId":"bxlmrbuj3si9vht","id":"bxlmrbuj3si9vht"},"id":"432wv8axmt0awv7","previousOperationId":"imppx7ofskxalvx"}
{"type":"log","timestamp":1718923146980,"level":"debug","message":"Converting with chrome Chrome/126.0.6478.61 using chrome-pool strategy","meta":{"rootId":"bxlmrbuj3si9vht","id":"bxlmrbuj3si9vht"},"id":"kjx4evr4k75hsbl","previousOperationId":"imppx7ofskxalvx"}
{"type":"log","timestamp":1718923147424,"level":"debug","message":"Page request: GET (document) file:///var/folders/2x/1bhfw9mx7d775w_jmf56lcp80000gn/T/jsreport/autocleanup/7125713e-5ed2-4190-943e-bc956d0aa549-chrome-pdf.html","meta":{"rootId":"bxlmrbuj3si9vht","id":"bxlmrbuj3si9vht"},"id":"7v5n4x5kaiv9hjm","previousOperationId":"imppx7ofskxalvx"}
{"type":"log","timestamp":1718923147442,"level":"debug","message":"Page request finished: GET (document) 200 file:///var/folders/2x/1bhfw9mx7d775w_jmf56lcp80000gn/T/jsreport/autocleanup/7125713e-5ed2-4190-943e-bc956d0aa549-chrome-pdf.html","meta":{"rootId":"bxlmrbuj3si9vht","id":"bxlmrbuj3si9vht"},"id":"oylxvg7zm9npa0p","previousOperationId":"imppx7ofskxalvx"}
{"type":"log","timestamp":1718923147464,"level":"debug","message":"Running chrome with params {\"timeout\":59956,\"margin\":{},\"printBackground\":true}","meta":{"rootId":"bxlmrbuj3si9vht","id":"bxlmrbuj3si9vht"},"id":"51o29xmk3t3fu8o","previousOperationId":"imppx7ofskxalvx"}
{"type":"operationEnd","operationId":"imppx7ofskxalvx","timestamp":1718923147573,"id":"5rekz1f0ck4er4k","previousEventId":"6ivfxjd9sxlltan","previousOperationId":"imppx7ofskxalvx"}
{"type":"log","timestamp":1718923147573,"level":"debug","message":"Skipping storing report.","meta":{"rootId":"bxlmrbuj3si9vht","id":"bxlmrbuj3si9vht"},"id":"epcib5a90vf0ggl","previousOperationId":"imppx7ofskxalvx"}
{"type":"log","timestamp":1718923147573,"level":"info","message":"Rendering request 8 finished in 646 ms","meta":{"rootId":"bxlmrbuj3si9vht","id":"bxlmrbuj3si9vht"},"id":"l4er64d8oinaitf","previousOperationId":"imppx7ofskxalvx"}
{"type":"operationEnd","subtype":"render","operationId":"vxwnzcjb5ehseyl","timestamp":1718923147573,"id":"gt86ssyzbfe3nq3","previousEventId":"5rekz1f0ck4er4k","previousOperationId":"imppx7ofskxalvx"}
{"type":"operationEnd","doDiffs":false,"previousEventId":"lk4ayiommvbc937","previousOperationId":"tx3k5cvagcf6736","operationId":"tx3k5cvagcf6736","timestamp":1718923147574,"id":"66q52p5ahlaxj1g"}
