{"type":"operationStart","subtype":"profile","data":{"_id":"9ftZ5neYpqQfPy4I","timestamp":"2024-06-21T21:09:42.502Z","state":"queued","mode":"standard","creationDate":"2024-06-21T21:09:42.504Z","modificationDate":"2024-06-21T21:09:42.504Z","shortid":"XyvhVDn","$entitySet":"profiles"},"doDiffs":false,"timestamp":1719004182503,"id":"q3tevmipwi2i1hb","previousOperationId":null,"operationId":"cbzibkun9qsnr3k"}
{"type":"log","level":"info","message":"Render request 101 queued for execution and waiting for available worker","previousOperationId":"cbzibkun9qsnr3k","timestamp":1719004182503,"id":"0m5dsay6j47wssd"}
{"type":"operationStart","subtype":"render","name":"anonymous","previousOperationId":"cbzibkun9qsnr3k","timestamp":1719004182509,"id":"euimqrps727tkp1","previousEventId":"q3tevmipwi2i1hb","operationId":"vovzupqvupringx"}
{"type":"log","timestamp":1719004182509,"level":"info","message":"Starting rendering request 101","meta":{"rootId":"c2f70sqgqcvl19n","id":"c2f70sqgqcvl19n"},"id":"z7aoc14tq3g3xyt","previousOperationId":"vovzupqvupringx"}
{"type":"log","timestamp":1719004182509,"level":"info","message":"Rendering anonymous template { recipe: chrome-pdf, engine: handlebars }","meta":{"rootId":"c2f70sqgqcvl19n","id":"c2f70sqgqcvl19n"},"id":"07bhw9j7i321ruu","previousOperationId":"vovzupqvupringx"}
{"type":"log","timestamp":1719004182509,"level":"debug","message":"Inline data specified.","meta":{"rootId":"c2f70sqgqcvl19n","id":"c2f70sqgqcvl19n"},"id":"1e46mx8trui5pkp","previousOperationId":"vovzupqvupringx"}
{"type":"log","timestamp":1719004182516,"level":"debug","message":"Base url not specified, skipping its injection.","meta":{"rootId":"c2f70sqgqcvl19n","id":"c2f70sqgqcvl19n"},"id":"9iyvnxkyk23vmgg","previousOperationId":"vovzupqvupringx"}
{"type":"operationStart","subtype":"engine","name":"handlebars","timestamp":1719004182517,"id":"2o2clwfnyt3cn8f","previousEventId":"euimqrps727tkp1","operationId":"pijd6q48o4t9uxw","previousOperationId":"vovzupqvupringx"}
{"type":"log","timestamp":1719004182517,"level":"debug","message":"Rendering engine handlebars","meta":{"rootId":"c2f70sqgqcvl19n","id":"c2f70sqgqcvl19n"},"id":"qc8s4a2nziy56nz","previousOperationId":"pijd6q48o4t9uxw"}
{"type":"operationEnd","operationId":"pijd6q48o4t9uxw","timestamp":1719004182539,"id":"dolj0peedpnsz3l","previousEventId":"2o2clwfnyt3cn8f","previousOperationId":"pijd6q48o4t9uxw"}
{"type":"operationStart","subtype":"recipe","name":"chrome-pdf","timestamp":1719004182539,"id":"cvuq4lgx7p2k5q9","previousEventId":"dolj0peedpnsz3l","operationId":"7xcj0h7k8p7o8z5","previousOperationId":"pijd6q48o4t9uxw"}
{"type":"log","timestamp":1719004182539,"level":"debug","message":"Executing recipe chrome-pdf","meta":{"rootId":"c2f70sqgqcvl19n","id":"c2f70sqgqcvl19n"},"id":"2xun8s6ab8v5kqs","previousOperationId":"7xcj0h7k8p7o8z5"}
{"type":"log","timestamp":1719004182541,"level":"debug","message":"Starting child request to render pdf header","meta":{"rootId":"c2f70sqgqcvl19n","id":"c2f70sqgqcvl19n"},"id":"t9wxz20j4rj4ldd","previousOperationId":"7xcj0h7k8p7o8z5"}
{"type":"operationStart","subtype":"render","name":"anonymous","previousOperationId":"7xcj0h7k8p7o8z5","timestamp":1719004182541,"id":"gj9sedp54x4z1l8","previousEventId":"cvuq4lgx7p2k5q9","operationId":"khp11baoc095d7s"}
{"type":"log","timestamp":1719004182541,"level":"info","message":"Starting rendering (child) request","meta":{"rootId":"c2f70sqgqcvl19n","id":"484a8osjwpw3z8a"},"id":"5sfp03qtovunl91","previousOperationId":"khp11baoc095d7s"}
{"type":"log","timestamp":1719004182541,"level":"info","message":"Rendering anonymous template { recipe: html, engine: handlebars }","meta":{"rootId":"c2f70sqgqcvl19n","id":"484a8osjwpw3z8a"},"id":"wrd4j8tmz80xi9g","previousOperationId":"khp11baoc095d7s"}
{"type":"log","timestamp":1719004182541,"level":"debug","message":"Inline data specified.","meta":{"rootId":"c2f70sqgqcvl19n","id":"484a8osjwpw3z8a"},"id":"nfp8u6vn6oa0zrh","previousOperationId":"khp11baoc095d7s"}
{"type":"log","timestamp":1719004182541,"level":"debug","message":"Base url not specified, skipping its injection.","meta":{"rootId":"c2f70sqgqcvl19n","id":"484a8osjwpw3z8a"},"id":"i8byskkkm8l5obh","previousOperationId":"khp11baoc095d7s"}
{"type":"operationStart","subtype":"engine","name":"handlebars","timestamp":1719004182541,"id":"ug962daj0iuf7et","previousEventId":"gj9sedp54x4z1l8","operationId":"utcfvae4t30uh8f","previousOperationId":"khp11baoc095d7s"}
{"type":"log","timestamp":1719004182541,"level":"debug","message":"Rendering engine handlebars","meta":{"rootId":"c2f70sqgqcvl19n","id":"484a8osjwpw3z8a"},"id":"2t2p3eje8ko1ick","previousOperationId":"utcfvae4t30uh8f"}
{"type":"operationEnd","operationId":"utcfvae4t30uh8f","timestamp":1719004182543,"id":"sckuh9pkl7q281w","previousEventId":"ug962daj0iuf7et","previousOperationId":"utcfvae4t30uh8f"}
{"type":"operationStart","subtype":"recipe","name":"html","timestamp":1719004182543,"id":"iihfy2wpkpdl0wi","previousEventId":"sckuh9pkl7q281w","operationId":"yaf9gtsl1c56gvy","previousOperationId":"utcfvae4t30uh8f"}
{"type":"log","timestamp":1719004182543,"level":"debug","message":"Executing recipe html","meta":{"rootId":"c2f70sqgqcvl19n","id":"484a8osjwpw3z8a"},"id":"fye5vg1dm814cv0","previousOperationId":"yaf9gtsl1c56gvy"}
{"type":"operationEnd","operationId":"yaf9gtsl1c56gvy","timestamp":1719004182543,"id":"63gl7m39qlenjsf","previousEventId":"iihfy2wpkpdl0wi","previousOperationId":"yaf9gtsl1c56gvy"}
{"type":"log","timestamp":1719004182543,"level":"debug","message":"Skipping storing report.","meta":{"rootId":"c2f70sqgqcvl19n","id":"484a8osjwpw3z8a"},"id":"gue9dbrm61fzdgn","previousOperationId":"yaf9gtsl1c56gvy"}
{"type":"log","timestamp":1719004182543,"level":"info","message":"Rendering (child) request finished in 46 ms","meta":{"rootId":"c2f70sqgqcvl19n","id":"484a8osjwpw3z8a"},"id":"ub619h18z086lhu","previousOperationId":"yaf9gtsl1c56gvy"}
{"type":"operationEnd","subtype":"render","operationId":"khp11baoc095d7s","timestamp":1719004182543,"id":"6n6ytc5uq8nmzut","previousEventId":"63gl7m39qlenjsf","previousOperationId":"yaf9gtsl1c56gvy"}
{"type":"log","timestamp":1719004182543,"level":"debug","message":"Starting child request to render pdf footer","meta":{"rootId":"c2f70sqgqcvl19n","id":"c2f70sqgqcvl19n"},"id":"6vh2bb4a3o6saxt","previousOperationId":"7xcj0h7k8p7o8z5"}
{"type":"operationStart","subtype":"render","name":"anonymous","previousOperationId":"7xcj0h7k8p7o8z5","timestamp":1719004182543,"id":"6r9lji49m7nktu2","previousEventId":"cvuq4lgx7p2k5q9","operationId":"al64uk1waakjsu9"}
{"type":"log","timestamp":1719004182543,"level":"info","message":"Starting rendering (child) request","meta":{"rootId":"c2f70sqgqcvl19n","id":"csy8q9ve2z61apg"},"id":"c1s6b153ljeo1io","previousOperationId":"al64uk1waakjsu9"}
{"type":"log","timestamp":1719004182543,"level":"info","message":"Rendering anonymous template { recipe: html, engine: handlebars }","meta":{"rootId":"c2f70sqgqcvl19n","id":"csy8q9ve2z61apg"},"id":"lo78mx8wa010aeq","previousOperationId":"al64uk1waakjsu9"}
{"type":"log","timestamp":1719004182543,"level":"debug","message":"Inline data specified.","meta":{"rootId":"c2f70sqgqcvl19n","id":"csy8q9ve2z61apg"},"id":"ysf0oyjaf5cyk6f","previousOperationId":"al64uk1waakjsu9"}
{"type":"log","timestamp":1719004182543,"level":"debug","message":"Base url not specified, skipping its injection.","meta":{"rootId":"c2f70sqgqcvl19n","id":"csy8q9ve2z61apg"},"id":"147uwozbyq2ic8n","previousOperationId":"al64uk1waakjsu9"}
{"type":"operationStart","subtype":"engine","name":"handlebars","timestamp":1719004182543,"id":"qtoc1wsizkbct9d","previousEventId":"6r9lji49m7nktu2","operationId":"l281chb6utf89vg","previousOperationId":"al64uk1waakjsu9"}
{"type":"log","timestamp":1719004182543,"level":"debug","message":"Rendering engine handlebars","meta":{"rootId":"c2f70sqgqcvl19n","id":"csy8q9ve2z61apg"},"id":"bpoi6rju3on1gsv","previousOperationId":"l281chb6utf89vg"}
{"type":"operationEnd","operationId":"l281chb6utf89vg","timestamp":1719004182550,"id":"vf996zfshfp9svv","previousEventId":"qtoc1wsizkbct9d","previousOperationId":"l281chb6utf89vg"}
{"type":"operationStart","subtype":"recipe","name":"html","timestamp":1719004182550,"id":"tn98gv9i5dxdw6o","previousEventId":"vf996zfshfp9svv","operationId":"8898mh813k53asv","previousOperationId":"l281chb6utf89vg"}
{"type":"log","timestamp":1719004182550,"level":"debug","message":"Executing recipe html","meta":{"rootId":"c2f70sqgqcvl19n","id":"csy8q9ve2z61apg"},"id":"w0i5y6net6kqjoe","previousOperationId":"8898mh813k53asv"}
{"type":"operationEnd","operationId":"8898mh813k53asv","timestamp":1719004182551,"id":"grr8tordjth2ns3","previousEventId":"tn98gv9i5dxdw6o","previousOperationId":"8898mh813k53asv"}
{"type":"log","timestamp":1719004182551,"level":"debug","message":"Skipping storing report.","meta":{"rootId":"c2f70sqgqcvl19n","id":"csy8q9ve2z61apg"},"id":"ateowosc0bc2bma","previousOperationId":"8898mh813k53asv"}
{"type":"log","timestamp":1719004182551,"level":"info","message":"Rendering (child) request finished in 54 ms","meta":{"rootId":"c2f70sqgqcvl19n","id":"csy8q9ve2z61apg"},"id":"hqjh6dkn86mciq0","previousOperationId":"8898mh813k53asv"}
{"type":"operationEnd","subtype":"render","operationId":"al64uk1waakjsu9","timestamp":1719004182551,"id":"giz7n8otjf46637","previousEventId":"grr8tordjth2ns3","previousOperationId":"8898mh813k53asv"}
{"type":"log","timestamp":1719004182554,"level":"debug","message":"Converting with chrome Chrome/126.0.6478.61 using chrome-pool strategy","meta":{"rootId":"c2f70sqgqcvl19n","id":"c2f70sqgqcvl19n"},"id":"k9by2uw5mrk9uow","previousOperationId":"7xcj0h7k8p7o8z5"}
{"type":"log","timestamp":1719004182903,"level":"debug","message":"Page request: GET (document) file:///var/folders/2x/1bhfw9mx7d775w_jmf56lcp80000gn/T/jsreport/autocleanup/7b4ff8e3-f759-48ff-8e6b-a5f420ee2510-chrome-pdf.html","meta":{"rootId":"c2f70sqgqcvl19n","id":"c2f70sqgqcvl19n"},"id":"3c1s9x8uyks8k26","previousOperationId":"7xcj0h7k8p7o8z5"}
{"type":"log","timestamp":1719004182924,"level":"debug","message":"Page request: GET (stylesheet) https://cdnjs.cloudflare.com/ajax/libs/metro/4.1.5/css/metro.min.css","meta":{"rootId":"c2f70sqgqcvl19n","id":"c2f70sqgqcvl19n"},"id":"gche9op2gsdsqia","previousOperationId":"7xcj0h7k8p7o8z5"}
{"type":"log","timestamp":1719004182924,"level":"debug","message":"Page request: GET (script) https://cdnjs.cloudflare.com/ajax/libs/Chart.js/2.7.2/Chart.min.js","meta":{"rootId":"c2f70sqgqcvl19n","id":"c2f70sqgqcvl19n"},"id":"xaeitt58ln2rpq3","previousOperationId":"7xcj0h7k8p7o8z5"}
{"type":"log","timestamp":1719004182934,"level":"debug","message":"Page request finished: GET (stylesheet) 200 https://cdnjs.cloudflare.com/ajax/libs/metro/4.1.5/css/metro.min.css","meta":{"rootId":"c2f70sqgqcvl19n","id":"c2f70sqgqcvl19n"},"id":"z2fe8qi5jh1cuu7","previousOperationId":"7xcj0h7k8p7o8z5"}
{"type":"log","timestamp":1719004182936,"level":"debug","message":"Page request finished: GET (script) 200 https://cdnjs.cloudflare.com/ajax/libs/Chart.js/2.7.2/Chart.min.js","meta":{"rootId":"c2f70sqgqcvl19n","id":"c2f70sqgqcvl19n"},"id":"5pciwtlkz286ci0","previousOperationId":"7xcj0h7k8p7o8z5"}
{"type":"log","timestamp":1719004182947,"level":"debug","message":"Page request finished: GET (document) 200 file:///var/folders/2x/1bhfw9mx7d775w_jmf56lcp80000gn/T/jsreport/autocleanup/7b4ff8e3-f759-48ff-8e6b-a5f420ee2510-chrome-pdf.html","meta":{"rootId":"c2f70sqgqcvl19n","id":"c2f70sqgqcvl19n"},"id":"kq1fur2wohzmey7","previousOperationId":"7xcj0h7k8p7o8z5"}
{"type":"log","timestamp":1719004183009,"level":"debug","message":"Running chrome with params {\"displayHeaderFooter\":true,\"headerTemplate\":\"...\",\"footerTemplate\":\"...\",\"marginTop\":\"1cm\",\"marginRight\":\"1cm\",\"marginBottom\":\"1cm\",\"marginLeft\":\"1cm\",\"timeout\":59946,\"margin\":{\"top\":\"1cm\",\"right\":\"1cm\",\"bottom\":\"1cm\",\"left\":\"1cm\"},\"printBackground\":true}","meta":{"rootId":"c2f70sqgqcvl19n","id":"c2f70sqgqcvl19n"},"id":"1iygi10micmg20v","previousOperationId":"7xcj0h7k8p7o8z5"}
{"type":"operationEnd","operationId":"7xcj0h7k8p7o8z5","timestamp":1719004183273,"id":"9e7zue0vr1iplph","previousEventId":"cvuq4lgx7p2k5q9","previousOperationId":"7xcj0h7k8p7o8z5"}
{"type":"log","timestamp":1719004183273,"level":"debug","message":"Skipping storing report.","meta":{"rootId":"c2f70sqgqcvl19n","id":"c2f70sqgqcvl19n"},"id":"r0xfq1k491wbk7f","previousOperationId":"7xcj0h7k8p7o8z5"}
{"type":"log","timestamp":1719004183273,"level":"info","message":"Rendering request 101 finished in 776 ms","meta":{"rootId":"c2f70sqgqcvl19n","id":"c2f70sqgqcvl19n"},"id":"vonoosppsxoffmg","previousOperationId":"7xcj0h7k8p7o8z5"}
{"type":"operationEnd","subtype":"render","operationId":"vovzupqvupringx","timestamp":1719004183273,"id":"xwk147eodo88902","previousEventId":"9e7zue0vr1iplph","previousOperationId":"7xcj0h7k8p7o8z5"}
{"type":"operationEnd","doDiffs":false,"previousEventId":"q3tevmipwi2i1hb","previousOperationId":"cbzibkun9qsnr3k","operationId":"cbzibkun9qsnr3k","timestamp":1719004183274,"id":"33o760rc4qkbsqr"}
