{"type":"operationStart","subtype":"profile","data":{"_id":"jqrkV1Q49tWeD6RL","timestamp":"2024-06-21T21:48:57.609Z","state":"queued","mode":"standard","creationDate":"2024-06-21T21:48:57.611Z","modificationDate":"2024-06-21T21:48:57.611Z","shortid":"PKEQQwj","$entitySet":"profiles"},"doDiffs":false,"timestamp":1719006537610,"id":"d43fkb0i9v3p229","previousOperationId":null,"operationId":"6l3ugx6ylwxkcvb"}
{"type":"log","level":"info","message":"Render request 113 queued for execution and waiting for available worker","previousOperationId":"6l3ugx6ylwxkcvb","timestamp":1719006537610,"id":"fs5uxujicp1jth1"}
{"type":"operationStart","subtype":"render","name":"anonymous","previousOperationId":"6l3ugx6ylwxkcvb","timestamp":1719006537623,"id":"7f6vhbesl5y1i81","previousEventId":"d43fkb0i9v3p229","operationId":"8xjlryhk3ruu97k"}
{"type":"log","timestamp":1719006537624,"level":"info","message":"Starting rendering request 113","meta":{"rootId":"c3ijjfoa87wa16k","id":"c3ijjfoa87wa16k"},"id":"ryny813xibjfoza","previousOperationId":"8xjlryhk3ruu97k"}
{"type":"log","timestamp":1719006537624,"level":"info","message":"Rendering anonymous template { recipe: chrome-pdf, engine: handlebars }","meta":{"rootId":"c3ijjfoa87wa16k","id":"c3ijjfoa87wa16k"},"id":"spb122zldxr8pom","previousOperationId":"8xjlryhk3ruu97k"}
{"type":"log","timestamp":1719006537624,"level":"debug","message":"Inline data specified.","meta":{"rootId":"c3ijjfoa87wa16k","id":"c3ijjfoa87wa16k"},"id":"4j9fegh6lvmr3m3","previousOperationId":"8xjlryhk3ruu97k"}
{"type":"log","timestamp":1719006537626,"level":"debug","message":"Base url not specified, skipping its injection.","meta":{"rootId":"c3ijjfoa87wa16k","id":"c3ijjfoa87wa16k"},"id":"q9ziavcb4lbx01u","previousOperationId":"8xjlryhk3ruu97k"}
{"type":"operationStart","subtype":"engine","name":"handlebars","timestamp":1719006537626,"id":"4j6qyux1mjduevr","previousEventId":"7f6vhbesl5y1i81","operationId":"pc9b3xvdk05lmhl","previousOperationId":"8xjlryhk3ruu97k"}
{"type":"log","timestamp":1719006537626,"level":"debug","message":"Rendering engine handlebars","meta":{"rootId":"c3ijjfoa87wa16k","id":"c3ijjfoa87wa16k"},"id":"755lmaa8dwscse8","previousOperationId":"pc9b3xvdk05lmhl"}
{"type":"log","timestamp":1719006537659,"level":"debug","message":"(console:log) Pdf utils adding group field, value: \"France\"","meta":{"userLevel":true,"rootId":"c3ijjfoa87wa16k","id":"c3ijjfoa87wa16k"},"id":"8xk135cvmq5o46q","previousOperationId":"pc9b3xvdk05lmhl"}
{"type":"log","timestamp":1719006537665,"level":"debug","message":"(console:log) Pdf utils adding group field, value: \"Germany\"","meta":{"userLevel":true,"rootId":"c3ijjfoa87wa16k","id":"c3ijjfoa87wa16k"},"id":"ml66i7tqdb24lad","previousOperationId":"pc9b3xvdk05lmhl"}
{"type":"operationEnd","operationId":"pc9b3xvdk05lmhl","timestamp":1719006537666,"id":"nw1azs20g6ocian","previousEventId":"4j6qyux1mjduevr","previousOperationId":"pc9b3xvdk05lmhl"}
{"type":"operationStart","subtype":"recipe","name":"chrome-pdf","timestamp":1719006537666,"id":"ecum65i7lykfb0s","previousEventId":"nw1azs20g6ocian","operationId":"sixebmuhz14woy1","previousOperationId":"pc9b3xvdk05lmhl"}
{"type":"log","timestamp":1719006537666,"level":"debug","message":"Executing recipe chrome-pdf","meta":{"rootId":"c3ijjfoa87wa16k","id":"c3ijjfoa87wa16k"},"id":"utbncgpcz2g1mvt","previousOperationId":"sixebmuhz14woy1"}
{"type":"log","timestamp":1719006537669,"level":"debug","message":"Starting child request to render pdf header","meta":{"rootId":"c3ijjfoa87wa16k","id":"c3ijjfoa87wa16k"},"id":"qqrn0ygifsb7qxm","previousOperationId":"sixebmuhz14woy1"}
{"type":"operationStart","subtype":"render","name":"anonymous","previousOperationId":"sixebmuhz14woy1","timestamp":1719006537670,"id":"vmwmpdwrng7n1i2","previousEventId":"ecum65i7lykfb0s","operationId":"avoefycoslrb30e"}
{"type":"log","timestamp":1719006537670,"level":"info","message":"Starting rendering (child) request","meta":{"rootId":"c3ijjfoa87wa16k","id":"gubyjfos3eut7i8"},"id":"vrzjggvar9dlzf6","previousOperationId":"avoefycoslrb30e"}
{"type":"log","timestamp":1719006537670,"level":"info","message":"Rendering anonymous template { recipe: html, engine: handlebars }","meta":{"rootId":"c3ijjfoa87wa16k","id":"gubyjfos3eut7i8"},"id":"33gj44rutjwdyrp","previousOperationId":"avoefycoslrb30e"}
{"type":"log","timestamp":1719006537670,"level":"debug","message":"Inline data specified.","meta":{"rootId":"c3ijjfoa87wa16k","id":"gubyjfos3eut7i8"},"id":"rvv0m8u8qxjhjl1","previousOperationId":"avoefycoslrb30e"}
{"type":"log","timestamp":1719006537670,"level":"debug","message":"Base url not specified, skipping its injection.","meta":{"rootId":"c3ijjfoa87wa16k","id":"gubyjfos3eut7i8"},"id":"e469fv0wiqm91hc","previousOperationId":"avoefycoslrb30e"}
{"type":"operationStart","subtype":"engine","name":"handlebars","timestamp":1719006537670,"id":"4iyhblhy9q81hn5","previousEventId":"vmwmpdwrng7n1i2","operationId":"qeqwi73fxen7bsi","previousOperationId":"avoefycoslrb30e"}
{"type":"log","timestamp":1719006537670,"level":"debug","message":"Rendering engine handlebars","meta":{"rootId":"c3ijjfoa87wa16k","id":"gubyjfos3eut7i8"},"id":"dzcn7xp131o94sa","previousOperationId":"qeqwi73fxen7bsi"}
{"type":"operationEnd","operationId":"qeqwi73fxen7bsi","timestamp":1719006537677,"id":"dxh9ubwdhtl6y6y","previousEventId":"4iyhblhy9q81hn5","previousOperationId":"qeqwi73fxen7bsi"}
{"type":"operationStart","subtype":"recipe","name":"html","timestamp":1719006537677,"id":"ys4mxdrqkmrpuyo","previousEventId":"dxh9ubwdhtl6y6y","operationId":"kg5nwdw41pshiif","previousOperationId":"qeqwi73fxen7bsi"}
{"type":"log","timestamp":1719006537677,"level":"debug","message":"Executing recipe html","meta":{"rootId":"c3ijjfoa87wa16k","id":"gubyjfos3eut7i8"},"id":"kcoh2my29mzr4d1","previousOperationId":"kg5nwdw41pshiif"}
{"type":"operationEnd","operationId":"kg5nwdw41pshiif","timestamp":1719006537677,"id":"s1d6p9zl6xgvdmw","previousEventId":"ys4mxdrqkmrpuyo","previousOperationId":"kg5nwdw41pshiif"}
{"type":"log","timestamp":1719006537677,"level":"debug","message":"Skipping storing report.","meta":{"rootId":"c3ijjfoa87wa16k","id":"gubyjfos3eut7i8"},"id":"is9fw92sg1ttg4e","previousOperationId":"kg5nwdw41pshiif"}
{"type":"log","timestamp":1719006537677,"level":"info","message":"Rendering (child) request finished in 73 ms","meta":{"rootId":"c3ijjfoa87wa16k","id":"gubyjfos3eut7i8"},"id":"sp7fiqhejds9fzk","previousOperationId":"kg5nwdw41pshiif"}
{"type":"operationEnd","subtype":"render","operationId":"avoefycoslrb30e","timestamp":1719006537677,"id":"lgumsii06n53txw","previousEventId":"s1d6p9zl6xgvdmw","previousOperationId":"kg5nwdw41pshiif"}
{"type":"log","timestamp":1719006537677,"level":"debug","message":"Starting child request to render pdf footer","meta":{"rootId":"c3ijjfoa87wa16k","id":"c3ijjfoa87wa16k"},"id":"21y6x7kwcetder9","previousOperationId":"sixebmuhz14woy1"}
{"type":"operationStart","subtype":"render","name":"anonymous","previousOperationId":"sixebmuhz14woy1","timestamp":1719006537677,"id":"sz321wv22gf2x7l","previousEventId":"ecum65i7lykfb0s","operationId":"mnpee4osfiv21c8"}
{"type":"log","timestamp":1719006537677,"level":"info","message":"Starting rendering (child) request","meta":{"rootId":"c3ijjfoa87wa16k","id":"yq467n7deptgpe6"},"id":"46bhgxjv8sgj1p8","previousOperationId":"mnpee4osfiv21c8"}
{"type":"log","timestamp":1719006537677,"level":"info","message":"Rendering anonymous template { recipe: html, engine: handlebars }","meta":{"rootId":"c3ijjfoa87wa16k","id":"yq467n7deptgpe6"},"id":"57vcgveib7muh75","previousOperationId":"mnpee4osfiv21c8"}
{"type":"log","timestamp":1719006537677,"level":"debug","message":"Inline data specified.","meta":{"rootId":"c3ijjfoa87wa16k","id":"yq467n7deptgpe6"},"id":"q1nmivh56xlalxg","previousOperationId":"mnpee4osfiv21c8"}
{"type":"log","timestamp":1719006537678,"level":"debug","message":"Base url not specified, skipping its injection.","meta":{"rootId":"c3ijjfoa87wa16k","id":"yq467n7deptgpe6"},"id":"wdipc4oybpub9ai","previousOperationId":"mnpee4osfiv21c8"}
{"type":"operationStart","subtype":"engine","name":"handlebars","timestamp":1719006537678,"id":"nraa1o869b8edip","previousEventId":"sz321wv22gf2x7l","operationId":"kikb4kblpteklqs","previousOperationId":"mnpee4osfiv21c8"}
{"type":"log","timestamp":1719006537678,"level":"debug","message":"Rendering engine handlebars","meta":{"rootId":"c3ijjfoa87wa16k","id":"yq467n7deptgpe6"},"id":"ntdg40zwnk5l89u","previousOperationId":"kikb4kblpteklqs"}
{"type":"operationEnd","operationId":"kikb4kblpteklqs","timestamp":1719006537680,"id":"7te0ozw3qsa9t78","previousEventId":"nraa1o869b8edip","previousOperationId":"kikb4kblpteklqs"}
{"type":"operationStart","subtype":"recipe","name":"html","timestamp":1719006537680,"id":"1koou1g00e6vemt","previousEventId":"7te0ozw3qsa9t78","operationId":"gtsm3yws0zbgjvo","previousOperationId":"kikb4kblpteklqs"}
{"type":"log","timestamp":1719006537680,"level":"debug","message":"Executing recipe html","meta":{"rootId":"c3ijjfoa87wa16k","id":"yq467n7deptgpe6"},"id":"gqhv3wfl5r4notp","previousOperationId":"gtsm3yws0zbgjvo"}
{"type":"operationEnd","operationId":"gtsm3yws0zbgjvo","timestamp":1719006537680,"id":"q6bsk7kqo1hauv1","previousEventId":"1koou1g00e6vemt","previousOperationId":"gtsm3yws0zbgjvo"}
{"type":"log","timestamp":1719006537680,"level":"debug","message":"Skipping storing report.","meta":{"rootId":"c3ijjfoa87wa16k","id":"yq467n7deptgpe6"},"id":"shwrd3tgjlyyfm0","previousOperationId":"gtsm3yws0zbgjvo"}
{"type":"log","timestamp":1719006537680,"level":"info","message":"Rendering (child) request finished in 76 ms","meta":{"rootId":"c3ijjfoa87wa16k","id":"yq467n7deptgpe6"},"id":"arkiv5mpplyx51c","previousOperationId":"gtsm3yws0zbgjvo"}
{"type":"operationEnd","subtype":"render","operationId":"mnpee4osfiv21c8","timestamp":1719006537680,"id":"0431clkcolwdoqx","previousEventId":"q6bsk7kqo1hauv1","previousOperationId":"gtsm3yws0zbgjvo"}
{"type":"log","timestamp":1719006537696,"level":"debug","message":"Converting with chrome Chrome/126.0.6478.61 using chrome-pool strategy","meta":{"rootId":"c3ijjfoa87wa16k","id":"c3ijjfoa87wa16k"},"id":"33p5pj6kjdkejq3","previousOperationId":"sixebmuhz14woy1"}
{"type":"log","timestamp":1719006538141,"level":"debug","message":"Page request: GET (document) file:///var/folders/2x/1bhfw9mx7d775w_jmf56lcp80000gn/T/jsreport/autocleanup/c054de59-4ff4-4272-a7b1-2d587aba88a6-chrome-pdf.html","meta":{"rootId":"c3ijjfoa87wa16k","id":"c3ijjfoa87wa16k"},"id":"kg6zzz0jmlz5i9o","previousOperationId":"sixebmuhz14woy1"}
{"type":"log","timestamp":1719006538166,"level":"debug","message":"Page request: GET (stylesheet) https://cdnjs.cloudflare.com/ajax/libs/metro/4.1.5/css/metro.min.css","meta":{"rootId":"c3ijjfoa87wa16k","id":"c3ijjfoa87wa16k"},"id":"rd45zqnv8o9px8e","previousOperationId":"sixebmuhz14woy1"}
{"type":"log","timestamp":1719006538166,"level":"debug","message":"Page request: GET (script) https://cdnjs.cloudflare.com/ajax/libs/Chart.js/2.7.2/Chart.min.js","meta":{"rootId":"c3ijjfoa87wa16k","id":"c3ijjfoa87wa16k"},"id":"ni65qfpjrfgqyex","previousOperationId":"sixebmuhz14woy1"}
{"type":"log","timestamp":1719006538170,"level":"debug","message":"Page request finished: GET (document) 200 file:///var/folders/2x/1bhfw9mx7d775w_jmf56lcp80000gn/T/jsreport/autocleanup/c054de59-4ff4-4272-a7b1-2d587aba88a6-chrome-pdf.html","meta":{"rootId":"c3ijjfoa87wa16k","id":"c3ijjfoa87wa16k"},"id":"96cnitqps440ez1","previousOperationId":"sixebmuhz14woy1"}
{"type":"log","timestamp":1719006538178,"level":"debug","message":"Page request finished: GET (stylesheet) 200 https://cdnjs.cloudflare.com/ajax/libs/metro/4.1.5/css/metro.min.css","meta":{"rootId":"c3ijjfoa87wa16k","id":"c3ijjfoa87wa16k"},"id":"61qdvey8fl3xusx","previousOperationId":"sixebmuhz14woy1"}
{"type":"log","timestamp":1719006538178,"level":"debug","message":"Page request finished: GET (script) 200 https://cdnjs.cloudflare.com/ajax/libs/Chart.js/2.7.2/Chart.min.js","meta":{"rootId":"c3ijjfoa87wa16k","id":"c3ijjfoa87wa16k"},"id":"pclya9lcxyt6btu","previousOperationId":"sixebmuhz14woy1"}
{"type":"log","timestamp":1719006538280,"level":"debug","message":"Running chrome with params {\"displayHeaderFooter\":true,\"headerTemplate\":\"...\",\"footerTemplate\":\"...\",\"marginTop\":\"4cm\",\"marginRight\":\"1.5cm\",\"marginLeft\":\"1.5cm\",\"marginBottom\":\"1.5cm\",\"timeout\":59924,\"margin\":{\"top\":\"4cm\",\"right\":\"1.5cm\",\"bottom\":\"1.5cm\",\"left\":\"1.5cm\"},\"printBackground\":true}","meta":{"rootId":"c3ijjfoa87wa16k","id":"c3ijjfoa87wa16k"},"id":"54pmeqbzdfrbaf6","previousOperationId":"sixebmuhz14woy1"}
{"type":"operationEnd","operationId":"sixebmuhz14woy1","timestamp":1719006538567,"id":"q8te7t7s8zsdbbo","previousEventId":"ecum65i7lykfb0s","previousOperationId":"sixebmuhz14woy1"}
{"type":"log","timestamp":1719006538567,"level":"debug","message":"Skipping storing report.","meta":{"rootId":"c3ijjfoa87wa16k","id":"c3ijjfoa87wa16k"},"id":"jr5yeioxf7nj6pn","previousOperationId":"sixebmuhz14woy1"}
{"type":"log","timestamp":1719006538567,"level":"info","message":"Rendering request 113 finished in 963 ms","meta":{"rootId":"c3ijjfoa87wa16k","id":"c3ijjfoa87wa16k"},"id":"vtlxna8mjey49l3","previousOperationId":"sixebmuhz14woy1"}
{"type":"operationEnd","subtype":"render","operationId":"8xjlryhk3ruu97k","timestamp":1719006538567,"id":"j6vwcvqrszacuzp","previousEventId":"q8te7t7s8zsdbbo","previousOperationId":"sixebmuhz14woy1"}
{"type":"operationEnd","doDiffs":false,"previousEventId":"d43fkb0i9v3p229","previousOperationId":"6l3ugx6ylwxkcvb","operationId":"6l3ugx6ylwxkcvb","timestamp":1719006538567,"id":"iubgytlsmq3xws2"}
