{"type":"operationStart","subtype":"profile","data":{"_id":"dySN5p9pq774uUXS","timestamp":"2024-06-21T22:41:36.416Z","state":"queued","mode":"standard","creationDate":"2024-06-21T22:41:36.418Z","modificationDate":"2024-06-21T22:41:36.418Z","shortid":"J4ZOOJZ","$entitySet":"profiles"},"doDiffs":false,"timestamp":1719009696417,"id":"bfhsifx6gp9qynh","previousOperationId":null,"operationId":"oj2lkkevy3j7y1s"}
{"type":"log","level":"info","message":"Render request 158 queued for execution and waiting for available worker","previousOperationId":"oj2lkkevy3j7y1s","timestamp":1719009696417,"id":"9n2qrqxi7fxqjmm"}
{"type":"operationStart","subtype":"render","name":"anonymous","previousOperationId":"oj2lkkevy3j7y1s","timestamp":1719009696422,"id":"21vq6rw11lrczbq","previousEventId":"bfhsifx6gp9qynh","operationId":"1m1uks2rgxbv9dd"}
{"type":"log","timestamp":1719009696422,"level":"info","message":"Starting rendering request 158","meta":{"rootId":"cbf9dmjq73m1lcr","id":"cbf9dmjq73m1lcr"},"id":"2ke3cqnm0ucqzi8","previousOperationId":"1m1uks2rgxbv9dd"}
{"type":"log","timestamp":1719009696422,"level":"info","message":"Rendering anonymous template { recipe: chrome-pdf, engine: handlebars }","meta":{"rootId":"cbf9dmjq73m1lcr","id":"cbf9dmjq73m1lcr"},"id":"mitgin5pv16nbt2","previousOperationId":"1m1uks2rgxbv9dd"}
{"type":"log","timestamp":1719009696422,"level":"debug","message":"Inline data specified.","meta":{"rootId":"cbf9dmjq73m1lcr","id":"cbf9dmjq73m1lcr"},"id":"qev9igbm0kr12i7","previousOperationId":"1m1uks2rgxbv9dd"}
{"type":"log","timestamp":1719009696423,"level":"debug","message":"Base url not specified, skipping its injection.","meta":{"rootId":"cbf9dmjq73m1lcr","id":"cbf9dmjq73m1lcr"},"id":"7gvfwt3z94u02zh","previousOperationId":"1m1uks2rgxbv9dd"}
{"type":"operationStart","subtype":"engine","name":"handlebars","timestamp":1719009696423,"id":"y8vky1nej5pznmf","previousEventId":"21vq6rw11lrczbq","operationId":"2nhvk9jjpj7m1sr","previousOperationId":"1m1uks2rgxbv9dd"}
{"type":"log","timestamp":1719009696423,"level":"debug","message":"Rendering engine handlebars","meta":{"rootId":"cbf9dmjq73m1lcr","id":"cbf9dmjq73m1lcr"},"id":"wjcuf93o4plehsd","previousOperationId":"2nhvk9jjpj7m1sr"}
{"type":"log","timestamp":1719009696428,"level":"debug","message":"(console:log) Pdf utils adding group field, value: \"France\"","meta":{"userLevel":true,"rootId":"cbf9dmjq73m1lcr","id":"cbf9dmjq73m1lcr"},"id":"sud9amahwwdfooe","previousOperationId":"2nhvk9jjpj7m1sr"}
{"type":"log","timestamp":1719009696428,"level":"debug","message":"(console:log) Pdf utils adding group field, value: \"Germany\"","meta":{"userLevel":true,"rootId":"cbf9dmjq73m1lcr","id":"cbf9dmjq73m1lcr"},"id":"3eqzyh7m001ny29","previousOperationId":"2nhvk9jjpj7m1sr"}
{"type":"operationEnd","operationId":"2nhvk9jjpj7m1sr","timestamp":1719009696428,"id":"d90nmp8j5jsiad6","previousEventId":"y8vky1nej5pznmf","previousOperationId":"2nhvk9jjpj7m1sr"}
{"type":"operationStart","subtype":"recipe","name":"chrome-pdf","timestamp":1719009696428,"id":"8lsxaw4vbmrs75d","previousEventId":"d90nmp8j5jsiad6","operationId":"qrj8a1mk5r4s9wf","previousOperationId":"2nhvk9jjpj7m1sr"}
{"type":"log","timestamp":1719009696428,"level":"debug","message":"Executing recipe chrome-pdf","meta":{"rootId":"cbf9dmjq73m1lcr","id":"cbf9dmjq73m1lcr"},"id":"8ztzrqqeit0bfdj","previousOperationId":"qrj8a1mk5r4s9wf"}
{"type":"log","timestamp":1719009696439,"level":"debug","message":"Converting with chrome Chrome/126.0.6478.61 using chrome-pool strategy","meta":{"rootId":"cbf9dmjq73m1lcr","id":"cbf9dmjq73m1lcr"},"id":"zgphvx1mxybn4ja","previousOperationId":"qrj8a1mk5r4s9wf"}
{"type":"log","timestamp":1719009696535,"level":"debug","message":"Page request: GET (document) file:///var/folders/2x/1bhfw9mx7d775w_jmf56lcp80000gn/T/jsreport/autocleanup/73ca4fd8-efa2-47d1-b91c-4211a842716e-chrome-pdf.html","meta":{"rootId":"cbf9dmjq73m1lcr","id":"cbf9dmjq73m1lcr"},"id":"rwnfxtw2xa24kjk","previousOperationId":"qrj8a1mk5r4s9wf"}
{"type":"log","timestamp":1719009696541,"level":"debug","message":"Page request finished: GET (document) 200 file:///var/folders/2x/1bhfw9mx7d775w_jmf56lcp80000gn/T/jsreport/autocleanup/73ca4fd8-efa2-47d1-b91c-4211a842716e-chrome-pdf.html","meta":{"rootId":"cbf9dmjq73m1lcr","id":"cbf9dmjq73m1lcr"},"id":"x9hwdkl32hhrr29","previousOperationId":"qrj8a1mk5r4s9wf"}
{"type":"log","timestamp":1719009696541,"level":"debug","message":"Page request: GET (stylesheet) https://cdnjs.cloudflare.com/ajax/libs/metro/4.1.5/css/metro.min.css","meta":{"rootId":"cbf9dmjq73m1lcr","id":"cbf9dmjq73m1lcr"},"id":"f5q2ti2sv9qlsvw","previousOperationId":"qrj8a1mk5r4s9wf"}
{"type":"log","timestamp":1719009696541,"level":"debug","message":"Page request: GET (script) https://cdnjs.cloudflare.com/ajax/libs/Chart.js/2.7.2/Chart.min.js","meta":{"rootId":"cbf9dmjq73m1lcr","id":"cbf9dmjq73m1lcr"},"id":"2zitzf8ifpi4k69","previousOperationId":"qrj8a1mk5r4s9wf"}
{"type":"log","timestamp":1719009696549,"level":"debug","message":"Page request finished: GET (stylesheet) 200 https://cdnjs.cloudflare.com/ajax/libs/metro/4.1.5/css/metro.min.css","meta":{"rootId":"cbf9dmjq73m1lcr","id":"cbf9dmjq73m1lcr"},"id":"p9nv1of8watsgzw","previousOperationId":"qrj8a1mk5r4s9wf"}
{"type":"log","timestamp":1719009696549,"level":"debug","message":"Page request finished: GET (script) 200 https://cdnjs.cloudflare.com/ajax/libs/Chart.js/2.7.2/Chart.min.js","meta":{"rootId":"cbf9dmjq73m1lcr","id":"cbf9dmjq73m1lcr"},"id":"wcpw6brrzrfgyi5","previousOperationId":"qrj8a1mk5r4s9wf"}
{"type":"log","timestamp":1719009696582,"level":"debug","message":"Running chrome with params {\"marginTop\":\"4cm\",\"marginRight\":\"1.5cm\",\"marginLeft\":\"1.5cm\",\"marginBottom\":\"1.5cm\",\"timeout\":59983,\"margin\":{\"top\":\"4cm\",\"right\":\"1.5cm\",\"bottom\":\"1.5cm\",\"left\":\"1.5cm\"},\"printBackground\":true}","meta":{"rootId":"cbf9dmjq73m1lcr","id":"cbf9dmjq73m1lcr"},"id":"zku47kr0zyvze37","previousOperationId":"qrj8a1mk5r4s9wf"}
{"type":"operationEnd","operationId":"qrj8a1mk5r4s9wf","timestamp":1719009696743,"id":"493ey6lfinnfsk6","previousEventId":"8lsxaw4vbmrs75d","previousOperationId":"qrj8a1mk5r4s9wf"}
{"type":"log","timestamp":1719009696743,"level":"info","message":"pdf-utils is starting pdf processing","meta":{"rootId":"cbf9dmjq73m1lcr","id":"cbf9dmjq73m1lcr"},"id":"q8s1hqwnplt5pzs","previousOperationId":"qrj8a1mk5r4s9wf"}
{"type":"operationStart","subtype":"pdfUtils","name":"pdf utils","timestamp":1719009696743,"id":"jxtj8k5j0rvl9hh","previousEventId":"493ey6lfinnfsk6","operationId":"zgtbepdj5wi5v9f","previousOperationId":"qrj8a1mk5r4s9wf"}
{"type":"log","timestamp":1719009696743,"level":"debug","message":"pdf-utils detected 1 pdf operation(s) to process","meta":{"rootId":"cbf9dmjq73m1lcr","id":"cbf9dmjq73m1lcr"},"id":"qx5oh8b507lr3hu","previousOperationId":"zgtbepdj5wi5v9f"}
{"type":"log","timestamp":1719009696753,"level":"debug","message":"pdf-utils running pdf operation merge","meta":{"rootId":"cbf9dmjq73m1lcr","id":"cbf9dmjq73m1lcr"},"id":"p49yl032cprbpmn","previousOperationId":"zgtbepdj5wi5v9f"}
{"type":"operationStart","subtype":"pdfUtilsMerge","name":"pdf utils merge","previousOperationId":"zgtbepdj5wi5v9f","timestamp":1719009696753,"id":"464tpux7jm4qn4l","previousEventId":"jxtj8k5j0rvl9hh","operationId":"del4ba53ljmqw5f"}
{"type":"operationStart","subtype":"render","name":"anonymous","previousOperationId":"del4ba53ljmqw5f","timestamp":1719009696754,"id":"bw2d5v2ae4o5mbm","previousEventId":"464tpux7jm4qn4l","operationId":"f4go8l6yzdk65yt"}
{"type":"log","timestamp":1719009696754,"level":"info","message":"Starting rendering (child) request","meta":{"rootId":"cbf9dmjq73m1lcr","id":"mj9m9rlxpplww38"},"id":"xgf3sgqf00ndvar","previousOperationId":"f4go8l6yzdk65yt"}
{"type":"log","timestamp":1719009696754,"level":"info","message":"Rendering anonymous template { recipe: chrome-pdf, engine: handlebars }","meta":{"rootId":"cbf9dmjq73m1lcr","id":"mj9m9rlxpplww38"},"id":"smygxzyv0y53v7p","previousOperationId":"f4go8l6yzdk65yt"}
{"type":"log","timestamp":1719009696754,"level":"debug","message":"Inline data specified.","meta":{"rootId":"cbf9dmjq73m1lcr","id":"mj9m9rlxpplww38"},"id":"tzhjevnorgwmg3d","previousOperationId":"f4go8l6yzdk65yt"}
{"type":"log","timestamp":1719009696754,"level":"debug","message":"Base url not specified, skipping its injection.","meta":{"rootId":"cbf9dmjq73m1lcr","id":"mj9m9rlxpplww38"},"id":"tm2dre2s6ar0tgp","previousOperationId":"f4go8l6yzdk65yt"}
{"type":"operationStart","subtype":"engine","name":"handlebars","timestamp":1719009696754,"id":"d3vz2ardh7fstgm","previousEventId":"bw2d5v2ae4o5mbm","operationId":"2bc05qsdh6jilsw","previousOperationId":"f4go8l6yzdk65yt"}
{"type":"log","timestamp":1719009696754,"level":"debug","message":"Rendering engine handlebars","meta":{"rootId":"cbf9dmjq73m1lcr","id":"mj9m9rlxpplww38"},"id":"8um3ngk272obm7c","previousOperationId":"2bc05qsdh6jilsw"}
{"type":"operationEnd","operationId":"2bc05qsdh6jilsw","timestamp":1719009696760,"id":"nld6kf4mqnp3k6v","previousEventId":"d3vz2ardh7fstgm","previousOperationId":"2bc05qsdh6jilsw"}
{"type":"operationStart","subtype":"recipe","name":"chrome-pdf","timestamp":1719009696760,"id":"qx1cov865tdb1qk","previousEventId":"nld6kf4mqnp3k6v","operationId":"jtfblvnw701hta2","previousOperationId":"2bc05qsdh6jilsw"}
{"type":"log","timestamp":1719009696760,"level":"debug","message":"Executing recipe chrome-pdf","meta":{"rootId":"cbf9dmjq73m1lcr","id":"mj9m9rlxpplww38"},"id":"nd6pceja5qjmbme","previousOperationId":"jtfblvnw701hta2"}
{"type":"log","timestamp":1719009696763,"level":"debug","message":"Converting with chrome Chrome/126.0.6478.61 using chrome-pool strategy","meta":{"rootId":"cbf9dmjq73m1lcr","id":"mj9m9rlxpplww38"},"id":"pc7wlw52i4i0b6f","previousOperationId":"jtfblvnw701hta2"}
{"type":"log","timestamp":1719009696823,"level":"debug","message":"Page request: GET (document) file:///var/folders/2x/1bhfw9mx7d775w_jmf56lcp80000gn/T/jsreport/autocleanup/9d538e73-f70c-4de9-852b-6752438bbc9e-chrome-pdf.html","meta":{"rootId":"cbf9dmjq73m1lcr","id":"mj9m9rlxpplww38"},"id":"9ui8aeunfvhop4v","previousOperationId":"jtfblvnw701hta2"}
{"type":"log","timestamp":1719009696827,"level":"debug","message":"Page request finished: GET (document) 200 file:///var/folders/2x/1bhfw9mx7d775w_jmf56lcp80000gn/T/jsreport/autocleanup/9d538e73-f70c-4de9-852b-6752438bbc9e-chrome-pdf.html","meta":{"rootId":"cbf9dmjq73m1lcr","id":"mj9m9rlxpplww38"},"id":"hxpmig9dh24ipx2","previousOperationId":"jtfblvnw701hta2"}
{"type":"log","timestamp":1719009696827,"level":"debug","message":"Page request: GET (stylesheet) https://cdnjs.cloudflare.com/ajax/libs/metro/4.1.5/css/metro.min.css","meta":{"rootId":"cbf9dmjq73m1lcr","id":"mj9m9rlxpplww38"},"id":"e38xa3izupceflp","previousOperationId":"jtfblvnw701hta2"}
{"type":"log","timestamp":1719009696832,"level":"debug","message":"Page request finished: GET (stylesheet) 200 https://cdnjs.cloudflare.com/ajax/libs/metro/4.1.5/css/metro.min.css","meta":{"rootId":"cbf9dmjq73m1lcr","id":"mj9m9rlxpplww38"},"id":"js52nbe8qlky4ic","previousOperationId":"jtfblvnw701hta2"}
{"type":"log","timestamp":1719009696852,"level":"debug","message":"Running chrome with params {\"timeout\":59651,\"margin\":{},\"printBackground\":true}","meta":{"rootId":"cbf9dmjq73m1lcr","id":"mj9m9rlxpplww38"},"id":"p67rtaewdp896bl","previousOperationId":"jtfblvnw701hta2"}
{"type":"operationEnd","operationId":"jtfblvnw701hta2","timestamp":1719009696952,"id":"9n3ev6f8790zot6","previousEventId":"qx1cov865tdb1qk","previousOperationId":"jtfblvnw701hta2"}
{"type":"log","timestamp":1719009696952,"level":"debug","message":"Skipping storing report.","meta":{"rootId":"cbf9dmjq73m1lcr","id":"mj9m9rlxpplww38"},"id":"6ql8nnsif19uem0","previousOperationId":"jtfblvnw701hta2"}
{"type":"log","timestamp":1719009696952,"level":"info","message":"Rendering (child) request finished in 538 ms","meta":{"rootId":"cbf9dmjq73m1lcr","id":"mj9m9rlxpplww38"},"id":"pfgfkty6y0g7zvv","previousOperationId":"jtfblvnw701hta2"}
{"type":"operationEnd","subtype":"render","operationId":"f4go8l6yzdk65yt","timestamp":1719009696952,"id":"ej9rftrbciw7jko","previousEventId":"9n3ev6f8790zot6","previousOperationId":"jtfblvnw701hta2"}
{"type":"operationEnd","operationId":"del4ba53ljmqw5f","timestamp":1719009696973,"id":"0qystkq70b27cc1","previousEventId":"464tpux7jm4qn4l","previousOperationId":"del4ba53ljmqw5f"}
{"type":"log","timestamp":1719009696973,"level":"debug","message":"pdf-utils postprocess start","meta":{"rootId":"cbf9dmjq73m1lcr","id":"cbf9dmjq73m1lcr"},"id":"kj1dxdx4p0t0kbo","previousOperationId":"del4ba53ljmqw5f"}
{"type":"log","timestamp":1719009696996,"level":"debug","message":"pdf-utils postprocess end","meta":{"rootId":"cbf9dmjq73m1lcr","id":"cbf9dmjq73m1lcr"},"id":"x3uwkn059tqzycy","previousOperationId":"del4ba53ljmqw5f"}
{"type":"operationEnd","operationId":"zgtbepdj5wi5v9f","timestamp":1719009696996,"id":"m2n1l9422teik03","previousEventId":"0qystkq70b27cc1","previousOperationId":"del4ba53ljmqw5f"}
{"type":"log","timestamp":1719009696996,"level":"info","message":"pdf-utils pdf processing was finished","meta":{"rootId":"cbf9dmjq73m1lcr","id":"cbf9dmjq73m1lcr"},"id":"dfikr14dirjxw6u","previousOperationId":"zgtbepdj5wi5v9f"}
{"type":"log","timestamp":1719009696996,"level":"debug","message":"Skipping storing report.","meta":{"rootId":"cbf9dmjq73m1lcr","id":"cbf9dmjq73m1lcr"},"id":"pj0nad8cgw9kh8j","previousOperationId":"zgtbepdj5wi5v9f"}
{"type":"log","timestamp":1719009696996,"level":"info","message":"Rendering request 158 finished in 582 ms","meta":{"rootId":"cbf9dmjq73m1lcr","id":"cbf9dmjq73m1lcr"},"id":"dezscbdxgld0tkx","previousOperationId":"zgtbepdj5wi5v9f"}
{"type":"operationEnd","subtype":"render","operationId":"1m1uks2rgxbv9dd","timestamp":1719009696996,"id":"qhw8fosxekl7ke8","previousEventId":"m2n1l9422teik03","previousOperationId":"zgtbepdj5wi5v9f"}
{"type":"operationEnd","doDiffs":false,"previousEventId":"bfhsifx6gp9qynh","previousOperationId":"oj2lkkevy3j7y1s","operationId":"oj2lkkevy3j7y1s","timestamp":1719009696997,"id":"shpi8wgmv5xckud"}
