{"type":"operationStart","subtype":"profile","data":{"_id":"iilzhcf6aguT4qMO","timestamp":"2024-06-21T22:33:27.219Z","state":"queued","mode":"standard","creationDate":"2024-06-21T22:33:27.223Z","modificationDate":"2024-06-21T22:33:27.223Z","shortid":"X3W1DpL","$entitySet":"profiles"},"doDiffs":false,"timestamp":1719009207222,"id":"ku9cvjs2l49q0n4","previousOperationId":null,"operationId":"kkyy2pmdaw0vwmh"}
{"type":"log","level":"info","message":"Render request 147 queued for execution and waiting for available worker","previousOperationId":"kkyy2pmdaw0vwmh","timestamp":1719009207222,"id":"fy0j76nboeksxpr"}
{"type":"operationStart","subtype":"render","name":"anonymous","previousOperationId":"kkyy2pmdaw0vwmh","timestamp":1719009207244,"id":"qbr196c4sf4r0n1","previousEventId":"ku9cvjs2l49q0n4","operationId":"nqio6i4mqnfg310"}
{"type":"log","timestamp":1719009207245,"level":"info","message":"Starting rendering request 147","meta":{"rootId":"cctg6mimo13zqsn","id":"cctg6mimo13zqsn"},"id":"bm4yklevbpu94vr","previousOperationId":"nqio6i4mqnfg310"}
{"type":"log","timestamp":1719009207245,"level":"info","message":"Rendering anonymous template { recipe: chrome-pdf, engine: handlebars }","meta":{"rootId":"cctg6mimo13zqsn","id":"cctg6mimo13zqsn"},"id":"1utyl29rdngad6m","previousOperationId":"nqio6i4mqnfg310"}
{"type":"log","timestamp":1719009207245,"level":"debug","message":"Inline data specified.","meta":{"rootId":"cctg6mimo13zqsn","id":"cctg6mimo13zqsn"},"id":"cxfjromk5hj1gdb","previousOperationId":"nqio6i4mqnfg310"}
{"type":"log","timestamp":1719009207246,"level":"debug","message":"Base url not specified, skipping its injection.","meta":{"rootId":"cctg6mimo13zqsn","id":"cctg6mimo13zqsn"},"id":"ud0fjbqoftlfaoe","previousOperationId":"nqio6i4mqnfg310"}
{"type":"operationStart","subtype":"engine","name":"handlebars","timestamp":1719009207247,"id":"q3mu2oapcluhyd1","previousEventId":"qbr196c4sf4r0n1","operationId":"g4p0r97lgfjp9ue","previousOperationId":"nqio6i4mqnfg310"}
{"type":"log","timestamp":1719009207247,"level":"debug","message":"Rendering engine handlebars","meta":{"rootId":"cctg6mimo13zqsn","id":"cctg6mimo13zqsn"},"id":"bka9ermy12j4zyc","previousOperationId":"g4p0r97lgfjp9ue"}
{"type":"log","timestamp":1719009207289,"level":"debug","message":"(console:log) Pdf utils adding group field, value: 1","meta":{"userLevel":true,"rootId":"cctg6mimo13zqsn","id":"cctg6mimo13zqsn"},"id":"v9dz1ozfzwgdig2","previousOperationId":"g4p0r97lgfjp9ue"}
{"type":"log","timestamp":1719009207289,"level":"debug","message":"(console:log) Pdf utils adding group field, value: 2","meta":{"userLevel":true,"rootId":"cctg6mimo13zqsn","id":"cctg6mimo13zqsn"},"id":"3nhdlcpi1iwh62v","previousOperationId":"g4p0r97lgfjp9ue"}
{"type":"log","timestamp":1719009207289,"level":"debug","message":"(console:log) Pdf utils adding group field, value: 3","meta":{"userLevel":true,"rootId":"cctg6mimo13zqsn","id":"cctg6mimo13zqsn"},"id":"4ko5nbf891o8s9k","previousOperationId":"g4p0r97lgfjp9ue"}
{"type":"operationEnd","operationId":"g4p0r97lgfjp9ue","timestamp":1719009207289,"id":"c5g6timr60lyu9b","previousEventId":"q3mu2oapcluhyd1","previousOperationId":"g4p0r97lgfjp9ue"}
{"type":"operationStart","subtype":"recipe","name":"chrome-pdf","timestamp":1719009207290,"id":"l3wj6up8u46nkbl","previousEventId":"c5g6timr60lyu9b","operationId":"3hn0svu5g5ypmvn","previousOperationId":"g4p0r97lgfjp9ue"}
{"type":"log","timestamp":1719009207290,"level":"debug","message":"Executing recipe chrome-pdf","meta":{"rootId":"cctg6mimo13zqsn","id":"cctg6mimo13zqsn"},"id":"bd86ybok6edi26g","previousOperationId":"3hn0svu5g5ypmvn"}
{"type":"log","timestamp":1719009207307,"level":"debug","message":"Converting with chrome Chrome/126.0.6478.61 using chrome-pool strategy","meta":{"rootId":"cctg6mimo13zqsn","id":"cctg6mimo13zqsn"},"id":"9fqvcpf4k7jj9dj","previousOperationId":"3hn0svu5g5ypmvn"}
{"type":"log","timestamp":1719009207731,"level":"debug","message":"Page request: GET (document) file:///var/folders/2x/1bhfw9mx7d775w_jmf56lcp80000gn/T/jsreport/autocleanup/8417c1a7-6dbf-4d47-86a3-71b161ef8c77-chrome-pdf.html","meta":{"rootId":"cctg6mimo13zqsn","id":"cctg6mimo13zqsn"},"id":"vw3wn5qjz2xd4t5","previousOperationId":"3hn0svu5g5ypmvn"}
{"type":"log","timestamp":1719009207770,"level":"debug","message":"Page request finished: GET (document) 200 file:///var/folders/2x/1bhfw9mx7d775w_jmf56lcp80000gn/T/jsreport/autocleanup/8417c1a7-6dbf-4d47-86a3-71b161ef8c77-chrome-pdf.html","meta":{"rootId":"cctg6mimo13zqsn","id":"cctg6mimo13zqsn"},"id":"tys7qdf0mpzs4s2","previousOperationId":"3hn0svu5g5ypmvn"}
{"type":"log","timestamp":1719009207770,"level":"debug","message":"Page request: GET (stylesheet) https://cdnjs.cloudflare.com/ajax/libs/metro/4.1.5/css/metro.min.css","meta":{"rootId":"cctg6mimo13zqsn","id":"cctg6mimo13zqsn"},"id":"76hog5tnk5at5x2","previousOperationId":"3hn0svu5g5ypmvn"}
{"type":"log","timestamp":1719009207770,"level":"debug","message":"Page request: GET (script) https://cdnjs.cloudflare.com/ajax/libs/Chart.js/2.7.2/Chart.min.js","meta":{"rootId":"cctg6mimo13zqsn","id":"cctg6mimo13zqsn"},"id":"ujn9nf1kmfqd87g","previousOperationId":"3hn0svu5g5ypmvn"}
{"type":"log","timestamp":1719009207782,"level":"debug","message":"Page request finished: GET (stylesheet) 200 https://cdnjs.cloudflare.com/ajax/libs/metro/4.1.5/css/metro.min.css","meta":{"rootId":"cctg6mimo13zqsn","id":"cctg6mimo13zqsn"},"id":"n1e2s11yqzbw2dw","previousOperationId":"3hn0svu5g5ypmvn"}
{"type":"log","timestamp":1719009207782,"level":"debug","message":"Page request finished: GET (script) 200 https://cdnjs.cloudflare.com/ajax/libs/Chart.js/2.7.2/Chart.min.js","meta":{"rootId":"cctg6mimo13zqsn","id":"cctg6mimo13zqsn"},"id":"o24d71ihlmk4e3t","previousOperationId":"3hn0svu5g5ypmvn"}
{"type":"log","timestamp":1719009207842,"level":"debug","message":"Running chrome with params {\"marginTop\":\"2cm\",\"marginRight\":\"1.5cm\",\"marginLeft\":\"1.5cm\",\"marginBottom\":\"1.5cm\",\"timeout\":59918,\"margin\":{\"top\":\"2cm\",\"right\":\"1.5cm\",\"bottom\":\"1.5cm\",\"left\":\"1.5cm\"},\"printBackground\":true}","meta":{"rootId":"cctg6mimo13zqsn","id":"cctg6mimo13zqsn"},"id":"5kwxcwt8gkb6q8s","previousOperationId":"3hn0svu5g5ypmvn"}
{"type":"operationEnd","operationId":"3hn0svu5g5ypmvn","timestamp":1719009208057,"id":"c3gnpgxtgf1tjv5","previousEventId":"l3wj6up8u46nkbl","previousOperationId":"3hn0svu5g5ypmvn"}
{"type":"log","timestamp":1719009208057,"level":"info","message":"pdf-utils is starting pdf processing","meta":{"rootId":"cctg6mimo13zqsn","id":"cctg6mimo13zqsn"},"id":"xke9znara7piym3","previousOperationId":"3hn0svu5g5ypmvn"}
{"type":"operationStart","subtype":"pdfUtils","name":"pdf utils","timestamp":1719009208057,"id":"lc6spe9aun5tbmy","previousEventId":"c3gnpgxtgf1tjv5","operationId":"m8e04zh330tsnwg","previousOperationId":"3hn0svu5g5ypmvn"}
{"type":"log","timestamp":1719009208057,"level":"debug","message":"pdf-utils detected 0 pdf operation(s) to process","meta":{"rootId":"cctg6mimo13zqsn","id":"cctg6mimo13zqsn"},"id":"wrx4o4hfyht3ngp","previousOperationId":"m8e04zh330tsnwg"}
{"type":"log","timestamp":1719009208057,"level":"debug","message":"pdf-utils postprocess start","meta":{"rootId":"cctg6mimo13zqsn","id":"cctg6mimo13zqsn"},"id":"i3h6xbfzoe8371l","previousOperationId":"m8e04zh330tsnwg"}
{"type":"log","timestamp":1719009208067,"level":"debug","message":"pdf-utils postprocess end","meta":{"rootId":"cctg6mimo13zqsn","id":"cctg6mimo13zqsn"},"id":"pv5jjfmc0717dzr","previousOperationId":"m8e04zh330tsnwg"}
{"type":"operationEnd","operationId":"m8e04zh330tsnwg","timestamp":1719009208067,"id":"dwcu0t3fy0vpuyh","previousEventId":"lc6spe9aun5tbmy","previousOperationId":"m8e04zh330tsnwg"}
{"type":"log","timestamp":1719009208067,"level":"info","message":"pdf-utils pdf processing was finished","meta":{"rootId":"cctg6mimo13zqsn","id":"cctg6mimo13zqsn"},"id":"osxliua6vnlujpb","previousOperationId":"m8e04zh330tsnwg"}
{"type":"log","timestamp":1719009208067,"level":"debug","message":"Skipping storing report.","meta":{"rootId":"cctg6mimo13zqsn","id":"cctg6mimo13zqsn"},"id":"1g6uo73h3wf1gg7","previousOperationId":"m8e04zh330tsnwg"}
{"type":"log","timestamp":1719009208067,"level":"info","message":"Rendering request 147 finished in 857 ms","meta":{"rootId":"cctg6mimo13zqsn","id":"cctg6mimo13zqsn"},"id":"qac3ozlrcy4ejq1","previousOperationId":"m8e04zh330tsnwg"}
{"type":"operationEnd","subtype":"render","operationId":"nqio6i4mqnfg310","timestamp":1719009208067,"id":"gl8k9dwxocjg5b8","previousEventId":"dwcu0t3fy0vpuyh","previousOperationId":"m8e04zh330tsnwg"}
{"type":"operationEnd","doDiffs":false,"previousEventId":"ku9cvjs2l49q0n4","previousOperationId":"kkyy2pmdaw0vwmh","operationId":"kkyy2pmdaw0vwmh","timestamp":1719009208068,"id":"e5fu47wwpyz7zlx"}
