{"type":"operationStart","subtype":"profile","data":{"_id":"ijgqbCRdjhI7Fp0S","timestamp":"2024-06-21T16:25:13.444Z","state":"queued","mode":"standard","creationDate":"2024-06-21T16:25:13.447Z","modificationDate":"2024-06-21T16:25:13.447Z","shortid":"5iqY7C7","$entitySet":"profiles"},"doDiffs":false,"timestamp":1718987113445,"id":"9hndqwexrlddx5p","previousOperationId":null,"operationId":"eitehh0e1x76v5u"}
{"type":"log","level":"info","message":"Render request 9 queued for execution and waiting for available worker","previousOperationId":"eitehh0e1x76v5u","timestamp":1718987113445,"id":"419kt4icm64wtfj"}
{"type":"operationStart","subtype":"render","name":"anonymous","previousOperationId":"eitehh0e1x76v5u","timestamp":1718987113460,"id":"231y423hobwf9q2","previousEventId":"9hndqwexrlddx5p","operationId":"31gubhf5qtjfz34"}
{"type":"log","timestamp":1718987113460,"level":"info","message":"Starting rendering request 9","meta":{"rootId":"cj5a5ej7q4pr5aq","id":"cj5a5ej7q4pr5aq"},"id":"jql4w02ktti0max","previousOperationId":"31gubhf5qtjfz34"}
{"type":"log","timestamp":1718987113460,"level":"info","message":"Rendering anonymous template { recipe: chrome-pdf, engine: handlebars }","meta":{"rootId":"cj5a5ej7q4pr5aq","id":"cj5a5ej7q4pr5aq"},"id":"c9uefa7gt2jd0ak","previousOperationId":"31gubhf5qtjfz34"}
{"type":"log","timestamp":1718987113460,"level":"debug","message":"Inline data specified.","meta":{"rootId":"cj5a5ej7q4pr5aq","id":"cj5a5ej7q4pr5aq"},"id":"ra3oqz41a5ud22g","previousOperationId":"31gubhf5qtjfz34"}
{"type":"log","timestamp":1718987113461,"level":"debug","message":"Base url not specified, skipping its injection.","meta":{"rootId":"cj5a5ej7q4pr5aq","id":"cj5a5ej7q4pr5aq"},"id":"0rd994l847zgo39","previousOperationId":"31gubhf5qtjfz34"}
{"type":"operationStart","subtype":"engine","name":"handlebars","timestamp":1718987113462,"id":"l33i51i8827xwi9","previousEventId":"231y423hobwf9q2","operationId":"g4v0aljkbjc3hlt","previousOperationId":"31gubhf5qtjfz34"}
{"type":"log","timestamp":1718987113462,"level":"debug","message":"Rendering engine handlebars","meta":{"rootId":"cj5a5ej7q4pr5aq","id":"cj5a5ej7q4pr5aq"},"id":"9xmna74vkw2upld","previousOperationId":"g4v0aljkbjc3hlt"}
{"type":"operationEnd","operationId":"g4v0aljkbjc3hlt","timestamp":1718987113478,"id":"6z9w2govotonubw","previousEventId":"l33i51i8827xwi9","previousOperationId":"g4v0aljkbjc3hlt"}
{"type":"operationStart","subtype":"recipe","name":"chrome-pdf","timestamp":1718987113479,"id":"pre7mclkzqe90sz","previousEventId":"6z9w2govotonubw","operationId":"isbf1nq7cz8wmy6","previousOperationId":"g4v0aljkbjc3hlt"}
{"type":"log","timestamp":1718987113479,"level":"debug","message":"Executing recipe chrome-pdf","meta":{"rootId":"cj5a5ej7q4pr5aq","id":"cj5a5ej7q4pr5aq"},"id":"zr6on7ba12r2fmt","previousOperationId":"isbf1nq7cz8wmy6"}
{"type":"log","timestamp":1718987113493,"level":"debug","message":"Converting with chrome Chrome/126.0.6478.61 using chrome-pool strategy","meta":{"rootId":"cj5a5ej7q4pr5aq","id":"cj5a5ej7q4pr5aq"},"id":"3o4pbydgcot3akm","previousOperationId":"isbf1nq7cz8wmy6"}
{"type":"log","timestamp":1718987113609,"level":"debug","message":"Page request: GET (document) file:///var/folders/2x/1bhfw9mx7d775w_jmf56lcp80000gn/T/jsreport/autocleanup/e4b6de18-c813-4245-9625-ccdb30e282fb-chrome-pdf.html","meta":{"rootId":"cj5a5ej7q4pr5aq","id":"cj5a5ej7q4pr5aq"},"id":"980972xv2fkoaxa","previousOperationId":"isbf1nq7cz8wmy6"}
{"type":"log","timestamp":1718987113614,"level":"debug","message":"Page request finished: GET (document) 200 file:///var/folders/2x/1bhfw9mx7d775w_jmf56lcp80000gn/T/jsreport/autocleanup/e4b6de18-c813-4245-9625-ccdb30e282fb-chrome-pdf.html","meta":{"rootId":"cj5a5ej7q4pr5aq","id":"cj5a5ej7q4pr5aq"},"id":"519bc9k1cormsme","previousOperationId":"isbf1nq7cz8wmy6"}
{"type":"log","timestamp":1718987113614,"level":"debug","message":"Page request: GET (stylesheet) https://cdnjs.cloudflare.com/ajax/libs/metro/4.1.5/css/metro.min.css","meta":{"rootId":"cj5a5ej7q4pr5aq","id":"cj5a5ej7q4pr5aq"},"id":"shjziv770tv80cw","previousOperationId":"isbf1nq7cz8wmy6"}
{"type":"log","timestamp":1718987113614,"level":"debug","message":"Page request: GET (script) https://cdnjs.cloudflare.com/ajax/libs/Chart.js/2.7.2/Chart.min.js","meta":{"rootId":"cj5a5ej7q4pr5aq","id":"cj5a5ej7q4pr5aq"},"id":"0277uhuo6j9k6c0","previousOperationId":"isbf1nq7cz8wmy6"}
{"type":"log","timestamp":1718987113622,"level":"debug","message":"Page request finished: GET (stylesheet) 200 https://cdnjs.cloudflare.com/ajax/libs/metro/4.1.5/css/metro.min.css","meta":{"rootId":"cj5a5ej7q4pr5aq","id":"cj5a5ej7q4pr5aq"},"id":"g0pfq315e3jpg95","previousOperationId":"isbf1nq7cz8wmy6"}
{"type":"log","timestamp":1718987113622,"level":"debug","message":"Page request finished: GET (script) 200 https://cdnjs.cloudflare.com/ajax/libs/Chart.js/2.7.2/Chart.min.js","meta":{"rootId":"cj5a5ej7q4pr5aq","id":"cj5a5ej7q4pr5aq"},"id":"mu7abmz1m0c216a","previousOperationId":"isbf1nq7cz8wmy6"}
{"type":"log","timestamp":1718987113628,"level":"debug","message":"Running chrome with params {\"timeout\":59956,\"margin\":{},\"printBackground\":true}","meta":{"rootId":"cj5a5ej7q4pr5aq","id":"cj5a5ej7q4pr5aq"},"id":"inwub22m4m6gex9","previousOperationId":"isbf1nq7cz8wmy6"}
{"type":"operationEnd","operationId":"isbf1nq7cz8wmy6","timestamp":1718987113670,"id":"ldeja4j2z2s4guq","previousEventId":"pre7mclkzqe90sz","previousOperationId":"isbf1nq7cz8wmy6"}
{"type":"log","timestamp":1718987113670,"level":"debug","message":"Skipping storing report.","meta":{"rootId":"cj5a5ej7q4pr5aq","id":"cj5a5ej7q4pr5aq"},"id":"txjd0en1v1z9l19","previousOperationId":"isbf1nq7cz8wmy6"}
{"type":"log","timestamp":1718987113670,"level":"info","message":"Rendering request 9 finished in 234 ms","meta":{"rootId":"cj5a5ej7q4pr5aq","id":"cj5a5ej7q4pr5aq"},"id":"ecgu35w64seu1pw","previousOperationId":"isbf1nq7cz8wmy6"}
{"type":"operationEnd","subtype":"render","operationId":"31gubhf5qtjfz34","timestamp":1718987113670,"id":"uoalr1m6r6p2tw3","previousEventId":"ldeja4j2z2s4guq","previousOperationId":"isbf1nq7cz8wmy6"}
{"type":"operationEnd","doDiffs":false,"previousEventId":"9hndqwexrlddx5p","previousOperationId":"eitehh0e1x76v5u","operationId":"eitehh0e1x76v5u","timestamp":1718987113671,"id":"pkrj3bkay9hzvqu"}
