{"type":"operationStart","subtype":"profile","data":{"_id":"WlpmiDGav5EzTVEz","timestamp":"2024-06-21T19:50:00.706Z","state":"queued","mode":"standard","creationDate":"2024-06-21T19:50:00.707Z","modificationDate":"2024-06-21T19:50:00.707Z","shortid":"3JafYUw","$entitySet":"profiles"},"doDiffs":false,"timestamp":1718999400707,"id":"zz2zf9tkcx85p0r","previousOperationId":null,"operationId":"29k4tcathxnmpgx"}
{"type":"log","level":"info","message":"Render request 50 queued for execution and waiting for available worker","previousOperationId":"29k4tcathxnmpgx","timestamp":1718999400707,"id":"a7mn8lmygt1gkyk"}
{"type":"operationStart","subtype":"render","name":"anonymous","previousOperationId":"29k4tcathxnmpgx","timestamp":1718999400711,"id":"tqg303e2mcfbgvs","previousEventId":"zz2zf9tkcx85p0r","operationId":"tauggj20xjdr8mh"}
{"type":"log","timestamp":1718999400711,"level":"info","message":"Starting rendering request 50","meta":{"rootId":"cjlhtus7cxim5qu","id":"cjlhtus7cxim5qu"},"id":"jfqk7c8lnmu5bql","previousOperationId":"tauggj20xjdr8mh"}
{"type":"log","timestamp":1718999400711,"level":"info","message":"Rendering anonymous template { recipe: chrome-pdf, engine: handlebars }","meta":{"rootId":"cjlhtus7cxim5qu","id":"cjlhtus7cxim5qu"},"id":"ezfvgjubyp3a5k1","previousOperationId":"tauggj20xjdr8mh"}
{"type":"log","timestamp":1718999400711,"level":"debug","message":"Inline data specified.","meta":{"rootId":"cjlhtus7cxim5qu","id":"cjlhtus7cxim5qu"},"id":"y8d39xpvooge8yf","previousOperationId":"tauggj20xjdr8mh"}
{"type":"log","timestamp":1718999400712,"level":"debug","message":"Base url not specified, skipping its injection.","meta":{"rootId":"cjlhtus7cxim5qu","id":"cjlhtus7cxim5qu"},"id":"ymhg2sle84gi4ro","previousOperationId":"tauggj20xjdr8mh"}
{"type":"operationStart","subtype":"engine","name":"handlebars","timestamp":1718999400712,"id":"g0h59thet57p4jj","previousEventId":"tqg303e2mcfbgvs","operationId":"i9out8wa6d9724r","previousOperationId":"tauggj20xjdr8mh"}
{"type":"log","timestamp":1718999400712,"level":"debug","message":"Rendering engine handlebars","meta":{"rootId":"cjlhtus7cxim5qu","id":"cjlhtus7cxim5qu"},"id":"16faql6t5v2knl6","previousOperationId":"i9out8wa6d9724r"}
{"type":"operationEnd","operationId":"i9out8wa6d9724r","timestamp":1718999400738,"id":"fg02dhb7x2ba5jv","previousEventId":"g0h59thet57p4jj","previousOperationId":"i9out8wa6d9724r"}
{"type":"operationStart","subtype":"recipe","name":"chrome-pdf","timestamp":1718999400738,"id":"baza4ajz6tdbdmm","previousEventId":"fg02dhb7x2ba5jv","operationId":"sula2sat0qqg5pm","previousOperationId":"i9out8wa6d9724r"}
{"type":"log","timestamp":1718999400738,"level":"debug","message":"Executing recipe chrome-pdf","meta":{"rootId":"cjlhtus7cxim5qu","id":"cjlhtus7cxim5qu"},"id":"kpxo5xvh6i9yrkr","previousOperationId":"sula2sat0qqg5pm"}
{"type":"log","timestamp":1718999400754,"level":"debug","message":"Converting with chrome Chrome/126.0.6478.61 using chrome-pool strategy","meta":{"rootId":"cjlhtus7cxim5qu","id":"cjlhtus7cxim5qu"},"id":"l8e7hnarloxqs5y","previousOperationId":"sula2sat0qqg5pm"}
{"type":"log","timestamp":1718999401073,"level":"debug","message":"Page request: GET (document) file:///var/folders/2x/1bhfw9mx7d775w_jmf56lcp80000gn/T/jsreport/autocleanup/0ae6d020-86da-434f-86d1-d0fe6722efc6-chrome-pdf.html","meta":{"rootId":"cjlhtus7cxim5qu","id":"cjlhtus7cxim5qu"},"id":"bw8dqu5b3cu6v9k","previousOperationId":"sula2sat0qqg5pm"}
{"type":"log","timestamp":1718999401099,"level":"debug","message":"Page request finished: GET (document) 200 file:///var/folders/2x/1bhfw9mx7d775w_jmf56lcp80000gn/T/jsreport/autocleanup/0ae6d020-86da-434f-86d1-d0fe6722efc6-chrome-pdf.html","meta":{"rootId":"cjlhtus7cxim5qu","id":"cjlhtus7cxim5qu"},"id":"d13ql7g715r7vzg","previousOperationId":"sula2sat0qqg5pm"}
{"type":"log","timestamp":1718999401113,"level":"debug","message":"Running chrome with params {\"timeout\":59964,\"margin\":{},\"printBackground\":true}","meta":{"rootId":"cjlhtus7cxim5qu","id":"cjlhtus7cxim5qu"},"id":"dxs99bu2c8t2edo","previousOperationId":"sula2sat0qqg5pm"}
{"type":"operationEnd","operationId":"sula2sat0qqg5pm","timestamp":1718999401281,"id":"7psc5tjmte5fo1q","previousEventId":"baza4ajz6tdbdmm","previousOperationId":"sula2sat0qqg5pm"}
{"type":"log","timestamp":1718999401281,"level":"debug","message":"Skipping storing report.","meta":{"rootId":"cjlhtus7cxim5qu","id":"cjlhtus7cxim5qu"},"id":"lvhkcg7apwsnse4","previousOperationId":"sula2sat0qqg5pm"}
{"type":"log","timestamp":1718999401281,"level":"info","message":"Rendering request 50 finished in 576 ms","meta":{"rootId":"cjlhtus7cxim5qu","id":"cjlhtus7cxim5qu"},"id":"5e47f5sogtpugr6","previousOperationId":"sula2sat0qqg5pm"}
{"type":"operationEnd","subtype":"render","operationId":"tauggj20xjdr8mh","timestamp":1718999401281,"id":"blj8nodyvdro0ld","previousEventId":"7psc5tjmte5fo1q","previousOperationId":"sula2sat0qqg5pm"}
{"type":"operationEnd","doDiffs":false,"previousEventId":"zz2zf9tkcx85p0r","previousOperationId":"29k4tcathxnmpgx","operationId":"29k4tcathxnmpgx","timestamp":1718999401282,"id":"kguv4xtzt1eu7g4"}
