{"type":"operationStart","subtype":"profile","data":{"_id":"ML2rfopxKSAQ5Yx6","timestamp":"2024-06-21T16:03:37.361Z","state":"queued","mode":"standard","creationDate":"2024-06-21T16:03:37.370Z","modificationDate":"2024-06-21T16:03:37.370Z","shortid":"YvAgzcR","$entitySet":"profiles"},"doDiffs":false,"timestamp":1718985817365,"id":"4p2jub7xrbqrkrd","previousOperationId":null,"operationId":"7g5wpclsgq1nsw5"}
{"type":"log","level":"info","message":"Render request 5 queued for execution and waiting for available worker","previousOperationId":"7g5wpclsgq1nsw5","timestamp":1718985817365,"id":"6f8prytheqad9k1"}
{"type":"operationStart","subtype":"render","name":"anonymous","previousOperationId":"7g5wpclsgq1nsw5","timestamp":1718985817391,"id":"2wulrgzvycz71xx","previousEventId":"4p2jub7xrbqrkrd","operationId":"0o5dxrqo0hgt4uf"}
{"type":"log","timestamp":1718985817392,"level":"info","message":"Starting rendering request 5","meta":{"rootId":"cjtndn1ac4nejfn","id":"cjtndn1ac4nejfn"},"id":"0t23fgzwaplw6hd","previousOperationId":"0o5dxrqo0hgt4uf"}
{"type":"log","timestamp":1718985817392,"level":"info","message":"Rendering anonymous template { recipe: chrome-pdf, engine: handlebars }","meta":{"rootId":"cjtndn1ac4nejfn","id":"cjtndn1ac4nejfn"},"id":"tggiksxi4m2y7d6","previousOperationId":"0o5dxrqo0hgt4uf"}
{"type":"log","timestamp":1718985817393,"level":"debug","message":"Inline data specified.","meta":{"rootId":"cjtndn1ac4nejfn","id":"cjtndn1ac4nejfn"},"id":"910j7gs4lglvv6o","previousOperationId":"0o5dxrqo0hgt4uf"}
{"type":"log","timestamp":1718985817395,"level":"debug","message":"Base url not specified, skipping its injection.","meta":{"rootId":"cjtndn1ac4nejfn","id":"cjtndn1ac4nejfn"},"id":"47z2e85ky3sefsc","previousOperationId":"0o5dxrqo0hgt4uf"}
{"type":"operationStart","subtype":"engine","name":"handlebars","timestamp":1718985817398,"id":"lcjog7fi6oynfos","previousEventId":"2wulrgzvycz71xx","operationId":"g2pxg8dktliib1z","previousOperationId":"0o5dxrqo0hgt4uf"}
{"type":"log","timestamp":1718985817398,"level":"debug","message":"Rendering engine handlebars","meta":{"rootId":"cjtndn1ac4nejfn","id":"cjtndn1ac4nejfn"},"id":"qt8asnroy5zwscu","previousOperationId":"g2pxg8dktliib1z"}
{"type":"operationEnd","operationId":"g2pxg8dktliib1z","timestamp":1718985817442,"id":"plqotmwttjo64lu","previousEventId":"lcjog7fi6oynfos","previousOperationId":"g2pxg8dktliib1z"}
{"type":"operationStart","subtype":"recipe","name":"chrome-pdf","timestamp":1718985817443,"id":"c73xt4a4596he5v","previousEventId":"plqotmwttjo64lu","operationId":"ska990okthx7e3q","previousOperationId":"g2pxg8dktliib1z"}
{"type":"log","timestamp":1718985817443,"level":"debug","message":"Executing recipe chrome-pdf","meta":{"rootId":"cjtndn1ac4nejfn","id":"cjtndn1ac4nejfn"},"id":"yd45ixm3qj2rcpj","previousOperationId":"ska990okthx7e3q"}
{"type":"log","timestamp":1718985817461,"level":"debug","message":"Converting with chrome Chrome/126.0.6478.61 using chrome-pool strategy","meta":{"rootId":"cjtndn1ac4nejfn","id":"cjtndn1ac4nejfn"},"id":"bo2ylw40evepqx9","previousOperationId":"ska990okthx7e3q"}
{"type":"log","timestamp":1718985817855,"level":"debug","message":"Page request: GET (document) file:///var/folders/2x/1bhfw9mx7d775w_jmf56lcp80000gn/T/jsreport/autocleanup/d7f02301-b62c-4284-85b9-7e3d92e13126-chrome-pdf.html","meta":{"rootId":"cjtndn1ac4nejfn","id":"cjtndn1ac4nejfn"},"id":"ar5dyod3sjs5khc","previousOperationId":"ska990okthx7e3q"}
{"type":"log","timestamp":1718985817887,"level":"debug","message":"Page request finished: GET (document) 200 file:///var/folders/2x/1bhfw9mx7d775w_jmf56lcp80000gn/T/jsreport/autocleanup/d7f02301-b62c-4284-85b9-7e3d92e13126-chrome-pdf.html","meta":{"rootId":"cjtndn1ac4nejfn","id":"cjtndn1ac4nejfn"},"id":"qzjllyc3haedi14","previousOperationId":"ska990okthx7e3q"}
{"type":"log","timestamp":1718985817894,"level":"debug","message":"Page request: GET (stylesheet) https://cdnjs.cloudflare.com/ajax/libs/metro/4.1.5/css/metro.min.css","meta":{"rootId":"cjtndn1ac4nejfn","id":"cjtndn1ac4nejfn"},"id":"tjwsr8f9nyiw3u7","previousOperationId":"ska990okthx7e3q"}
{"type":"log","timestamp":1718985817894,"level":"debug","message":"Page request: GET (script) https://cdnjs.cloudflare.com/ajax/libs/Chart.js/2.7.2/Chart.min.js","meta":{"rootId":"cjtndn1ac4nejfn","id":"cjtndn1ac4nejfn"},"id":"redt4ehhb31f525","previousOperationId":"ska990okthx7e3q"}
{"type":"log","timestamp":1718985818206,"level":"debug","message":"Page request finished: GET (script) 200 https://cdnjs.cloudflare.com/ajax/libs/Chart.js/2.7.2/Chart.min.js","meta":{"rootId":"cjtndn1ac4nejfn","id":"cjtndn1ac4nejfn"},"id":"lrn6bczkymfvpvg","previousOperationId":"ska990okthx7e3q"}
{"type":"log","timestamp":1718985818221,"level":"debug","message":"Page request finished: GET (stylesheet) 200 https://cdnjs.cloudflare.com/ajax/libs/metro/4.1.5/css/metro.min.css","meta":{"rootId":"cjtndn1ac4nejfn","id":"cjtndn1ac4nejfn"},"id":"1k68lgyr6umt2wm","previousOperationId":"ska990okthx7e3q"}
{"type":"log","timestamp":1718985818244,"level":"debug","message":"Running chrome with params {\"timeout\":59896,\"margin\":{},\"printBackground\":true}","meta":{"rootId":"cjtndn1ac4nejfn","id":"cjtndn1ac4nejfn"},"id":"dlgmzapn0ji4cr5","previousOperationId":"ska990okthx7e3q"}
{"type":"operationEnd","operationId":"ska990okthx7e3q","timestamp":1718985818391,"id":"lsd5g02dd345szq","previousEventId":"c73xt4a4596he5v","previousOperationId":"ska990okthx7e3q"}
{"type":"log","timestamp":1718985818391,"level":"debug","message":"Skipping storing report.","meta":{"rootId":"cjtndn1ac4nejfn","id":"cjtndn1ac4nejfn"},"id":"mxxrjl6tszewvuy","previousOperationId":"ska990okthx7e3q"}
{"type":"log","timestamp":1718985818391,"level":"info","message":"Rendering request 5 finished in 1051 ms","meta":{"rootId":"cjtndn1ac4nejfn","id":"cjtndn1ac4nejfn"},"id":"a9vunyr0pzlmobb","previousOperationId":"ska990okthx7e3q"}
{"type":"operationEnd","subtype":"render","operationId":"0o5dxrqo0hgt4uf","timestamp":1718985818391,"id":"k14xffqs7h8k09h","previousEventId":"lsd5g02dd345szq","previousOperationId":"ska990okthx7e3q"}
{"type":"operationEnd","doDiffs":false,"previousEventId":"4p2jub7xrbqrkrd","previousOperationId":"7g5wpclsgq1nsw5","operationId":"7g5wpclsgq1nsw5","timestamp":1718985818392,"id":"a12wjevwu4bnw1q"}
