{"type":"operationStart","subtype":"profile","data":{"_id":"D8rfghUw2apnnwzu","timestamp":"2024-06-21T22:03:32.121Z","state":"queued","mode":"standard","creationDate":"2024-06-21T22:03:32.125Z","modificationDate":"2024-06-21T22:03:32.125Z","shortid":"u3Ac6QR","$entitySet":"profiles"},"doDiffs":false,"timestamp":1719007412124,"id":"tzr2rguesu61s73","previousOperationId":null,"operationId":"4fg10bgfhmq1vy1"}
{"type":"log","level":"info","message":"Render request 133 queued for execution and waiting for available worker","previousOperationId":"4fg10bgfhmq1vy1","timestamp":1719007412124,"id":"mwauxzcn7wgn5hb"}
{"type":"operationStart","subtype":"render","name":"anonymous","previousOperationId":"4fg10bgfhmq1vy1","timestamp":1719007412129,"id":"8p8wdqselzkk8s0","previousEventId":"tzr2rguesu61s73","operationId":"wae61r80vdpaaph"}
{"type":"log","timestamp":1719007412129,"level":"info","message":"Starting rendering request 133","meta":{"rootId":"cmdek9eds9es7wi","id":"cmdek9eds9es7wi"},"id":"p8brsuqh7zqhm3r","previousOperationId":"wae61r80vdpaaph"}
{"type":"log","timestamp":1719007412129,"level":"info","message":"Rendering anonymous template { recipe: chrome-pdf, engine: handlebars }","meta":{"rootId":"cmdek9eds9es7wi","id":"cmdek9eds9es7wi"},"id":"1g7mw5ebw91sjah","previousOperationId":"wae61r80vdpaaph"}
{"type":"log","timestamp":1719007412129,"level":"debug","message":"Inline data specified.","meta":{"rootId":"cmdek9eds9es7wi","id":"cmdek9eds9es7wi"},"id":"eq41dfqkyj3rgix","previousOperationId":"wae61r80vdpaaph"}
{"type":"log","timestamp":1719007412130,"level":"debug","message":"Base url not specified, skipping its injection.","meta":{"rootId":"cmdek9eds9es7wi","id":"cmdek9eds9es7wi"},"id":"0txnjckbdg7s0w4","previousOperationId":"wae61r80vdpaaph"}
{"type":"operationStart","subtype":"engine","name":"handlebars","timestamp":1719007412130,"id":"q1rmuzk13aoziq6","previousEventId":"8p8wdqselzkk8s0","operationId":"8ojg9pndu7lqb99","previousOperationId":"wae61r80vdpaaph"}
{"type":"log","timestamp":1719007412130,"level":"debug","message":"Rendering engine handlebars","meta":{"rootId":"cmdek9eds9es7wi","id":"cmdek9eds9es7wi"},"id":"nyvad1yb0qjmoep","previousOperationId":"8ojg9pndu7lqb99"}
{"type":"log","timestamp":1719007412139,"level":"debug","message":"(console:log) Pdf utils adding group field, value: \"France\"","meta":{"userLevel":true,"rootId":"cmdek9eds9es7wi","id":"cmdek9eds9es7wi"},"id":"z8c9vm1rhvau7t7","previousOperationId":"8ojg9pndu7lqb99"}
{"type":"log","timestamp":1719007412139,"level":"debug","message":"(console:log) Pdf utils adding group field, value: \"Germany\"","meta":{"userLevel":true,"rootId":"cmdek9eds9es7wi","id":"cmdek9eds9es7wi"},"id":"foxn56d9oaixc43","previousOperationId":"8ojg9pndu7lqb99"}
{"type":"operationEnd","operationId":"8ojg9pndu7lqb99","timestamp":1719007412139,"id":"kywcmcnm0975qag","previousEventId":"q1rmuzk13aoziq6","previousOperationId":"8ojg9pndu7lqb99"}
{"type":"operationStart","subtype":"recipe","name":"chrome-pdf","timestamp":1719007412140,"id":"hbvinjthegtkzee","previousEventId":"kywcmcnm0975qag","operationId":"2kil2l8qta5sr8s","previousOperationId":"8ojg9pndu7lqb99"}
{"type":"log","timestamp":1719007412140,"level":"debug","message":"Executing recipe chrome-pdf","meta":{"rootId":"cmdek9eds9es7wi","id":"cmdek9eds9es7wi"},"id":"ciyikdgnwav5cmj","previousOperationId":"2kil2l8qta5sr8s"}
{"type":"log","timestamp":1719007412140,"level":"debug","message":"Starting child request to render pdf header","meta":{"rootId":"cmdek9eds9es7wi","id":"cmdek9eds9es7wi"},"id":"2cmcn4at3wf93r1","previousOperationId":"2kil2l8qta5sr8s"}
{"type":"operationStart","subtype":"render","name":"anonymous","previousOperationId":"2kil2l8qta5sr8s","timestamp":1719007412140,"id":"likign8el8aygim","previousEventId":"hbvinjthegtkzee","operationId":"435u3h2sq4w4ofp"}
{"type":"log","timestamp":1719007412140,"level":"info","message":"Starting rendering (child) request","meta":{"rootId":"cmdek9eds9es7wi","id":"31mu1vtghwxww5w"},"id":"efsx8cigsrocjls","previousOperationId":"435u3h2sq4w4ofp"}
{"type":"log","timestamp":1719007412141,"level":"info","message":"Rendering anonymous template { recipe: html, engine: handlebars }","meta":{"rootId":"cmdek9eds9es7wi","id":"31mu1vtghwxww5w"},"id":"xlo8z7ft7r93oli","previousOperationId":"435u3h2sq4w4ofp"}
{"type":"log","timestamp":1719007412141,"level":"debug","message":"Inline data specified.","meta":{"rootId":"cmdek9eds9es7wi","id":"31mu1vtghwxww5w"},"id":"i9qmmeauvovwjox","previousOperationId":"435u3h2sq4w4ofp"}
{"type":"log","timestamp":1719007412141,"level":"debug","message":"Base url not specified, skipping its injection.","meta":{"rootId":"cmdek9eds9es7wi","id":"31mu1vtghwxww5w"},"id":"nxjx3y5uayaj2ev","previousOperationId":"435u3h2sq4w4ofp"}
{"type":"operationStart","subtype":"engine","name":"handlebars","timestamp":1719007412141,"id":"nox5kny4wbrjxxc","previousEventId":"likign8el8aygim","operationId":"x7zjh8e2dfphkt9","previousOperationId":"435u3h2sq4w4ofp"}
{"type":"log","timestamp":1719007412141,"level":"debug","message":"Rendering engine handlebars","meta":{"rootId":"cmdek9eds9es7wi","id":"31mu1vtghwxww5w"},"id":"r8ax29olvozit5a","previousOperationId":"x7zjh8e2dfphkt9"}
{"type":"operationEnd","operationId":"x7zjh8e2dfphkt9","timestamp":1719007412143,"id":"kg9mzypbu07pjqr","previousEventId":"nox5kny4wbrjxxc","previousOperationId":"x7zjh8e2dfphkt9"}
{"type":"operationStart","subtype":"recipe","name":"html","timestamp":1719007412144,"id":"xhnjuu34hn4n7l2","previousEventId":"kg9mzypbu07pjqr","operationId":"h3c8zuwa670c0ta","previousOperationId":"x7zjh8e2dfphkt9"}
{"type":"log","timestamp":1719007412144,"level":"debug","message":"Executing recipe html","meta":{"rootId":"cmdek9eds9es7wi","id":"31mu1vtghwxww5w"},"id":"m3lfrzj7mzd6fyg","previousOperationId":"h3c8zuwa670c0ta"}
{"type":"operationEnd","operationId":"h3c8zuwa670c0ta","timestamp":1719007412144,"id":"w792mubgd4lw9mi","previousEventId":"xhnjuu34hn4n7l2","previousOperationId":"h3c8zuwa670c0ta"}
{"type":"log","timestamp":1719007412144,"level":"debug","message":"Skipping storing report.","meta":{"rootId":"cmdek9eds9es7wi","id":"31mu1vtghwxww5w"},"id":"zu3vxylv1hb88y0","previousOperationId":"h3c8zuwa670c0ta"}
{"type":"log","timestamp":1719007412144,"level":"info","message":"Rendering (child) request finished in 25 ms","meta":{"rootId":"cmdek9eds9es7wi","id":"31mu1vtghwxww5w"},"id":"x1ghol0svuzokhy","previousOperationId":"h3c8zuwa670c0ta"}
{"type":"operationEnd","subtype":"render","operationId":"435u3h2sq4w4ofp","timestamp":1719007412144,"id":"lzlywb16sldgwgi","previousEventId":"w792mubgd4lw9mi","previousOperationId":"h3c8zuwa670c0ta"}
{"type":"log","timestamp":1719007412144,"level":"debug","message":"Starting child request to render pdf footer","meta":{"rootId":"cmdek9eds9es7wi","id":"cmdek9eds9es7wi"},"id":"quxlhxvbf1lru9y","previousOperationId":"2kil2l8qta5sr8s"}
{"type":"operationStart","subtype":"render","name":"anonymous","previousOperationId":"2kil2l8qta5sr8s","timestamp":1719007412144,"id":"kg9wcpatci0m0fs","previousEventId":"hbvinjthegtkzee","operationId":"7fn8ax3v7fp530f"}
{"type":"log","timestamp":1719007412144,"level":"info","message":"Starting rendering (child) request","meta":{"rootId":"cmdek9eds9es7wi","id":"y5iw8inl3wkj8bj"},"id":"np2qtunllj7l6hl","previousOperationId":"7fn8ax3v7fp530f"}
{"type":"log","timestamp":1719007412144,"level":"info","message":"Rendering anonymous template { recipe: html, engine: handlebars }","meta":{"rootId":"cmdek9eds9es7wi","id":"y5iw8inl3wkj8bj"},"id":"42ityl1zneotey2","previousOperationId":"7fn8ax3v7fp530f"}
{"type":"log","timestamp":1719007412144,"level":"debug","message":"Inline data specified.","meta":{"rootId":"cmdek9eds9es7wi","id":"y5iw8inl3wkj8bj"},"id":"4fmfz5o7vtrgyy4","previousOperationId":"7fn8ax3v7fp530f"}
{"type":"log","timestamp":1719007412144,"level":"debug","message":"Base url not specified, skipping its injection.","meta":{"rootId":"cmdek9eds9es7wi","id":"y5iw8inl3wkj8bj"},"id":"dj8hg23hdvn4nvn","previousOperationId":"7fn8ax3v7fp530f"}
{"type":"operationStart","subtype":"engine","name":"handlebars","timestamp":1719007412144,"id":"m6y4j8z25445yqb","previousEventId":"kg9wcpatci0m0fs","operationId":"2ygkeuyrpjpxw72","previousOperationId":"7fn8ax3v7fp530f"}
{"type":"log","timestamp":1719007412144,"level":"debug","message":"Rendering engine handlebars","meta":{"rootId":"cmdek9eds9es7wi","id":"y5iw8inl3wkj8bj"},"id":"0xbwot24t5uqjml","previousOperationId":"2ygkeuyrpjpxw72"}
{"type":"operationEnd","operationId":"2ygkeuyrpjpxw72","timestamp":1719007412146,"id":"r9u9bs2dpfivlw1","previousEventId":"m6y4j8z25445yqb","previousOperationId":"2ygkeuyrpjpxw72"}
{"type":"operationStart","subtype":"recipe","name":"html","timestamp":1719007412146,"id":"4fnsjg5753rcc1k","previousEventId":"r9u9bs2dpfivlw1","operationId":"8hw0o00daw46n8w","previousOperationId":"2ygkeuyrpjpxw72"}
{"type":"log","timestamp":1719007412146,"level":"debug","message":"Executing recipe html","meta":{"rootId":"cmdek9eds9es7wi","id":"y5iw8inl3wkj8bj"},"id":"yw88jnc4wgg30x6","previousOperationId":"8hw0o00daw46n8w"}
{"type":"operationEnd","operationId":"8hw0o00daw46n8w","timestamp":1719007412146,"id":"jeow4j0iwev91bk","previousEventId":"4fnsjg5753rcc1k","previousOperationId":"8hw0o00daw46n8w"}
{"type":"log","timestamp":1719007412146,"level":"debug","message":"Skipping storing report.","meta":{"rootId":"cmdek9eds9es7wi","id":"y5iw8inl3wkj8bj"},"id":"i12d2oczpj9ah1s","previousOperationId":"8hw0o00daw46n8w"}
{"type":"log","timestamp":1719007412146,"level":"info","message":"Rendering (child) request finished in 27 ms","meta":{"rootId":"cmdek9eds9es7wi","id":"y5iw8inl3wkj8bj"},"id":"blengplgbhky0xb","previousOperationId":"8hw0o00daw46n8w"}
{"type":"operationEnd","subtype":"render","operationId":"7fn8ax3v7fp530f","timestamp":1719007412146,"id":"abkcph7vnlkytlj","previousEventId":"jeow4j0iwev91bk","previousOperationId":"8hw0o00daw46n8w"}
{"type":"log","timestamp":1719007412147,"level":"debug","message":"Converting with chrome Chrome/126.0.6478.61 using chrome-pool strategy","meta":{"rootId":"cmdek9eds9es7wi","id":"cmdek9eds9es7wi"},"id":"1cog0opppxynnzz","previousOperationId":"2kil2l8qta5sr8s"}
{"type":"log","timestamp":1719007412242,"level":"debug","message":"Page request: GET (document) file:///var/folders/2x/1bhfw9mx7d775w_jmf56lcp80000gn/T/jsreport/autocleanup/d32f05cb-7d10-4ca8-8b39-ff35adc5b47e-chrome-pdf.html","meta":{"rootId":"cmdek9eds9es7wi","id":"cmdek9eds9es7wi"},"id":"5792zhm4yd2l9kl","previousOperationId":"2kil2l8qta5sr8s"}
{"type":"log","timestamp":1719007412248,"level":"debug","message":"Page request finished: GET (document) 200 file:///var/folders/2x/1bhfw9mx7d775w_jmf56lcp80000gn/T/jsreport/autocleanup/d32f05cb-7d10-4ca8-8b39-ff35adc5b47e-chrome-pdf.html","meta":{"rootId":"cmdek9eds9es7wi","id":"cmdek9eds9es7wi"},"id":"4z1lxmlnv7rehbm","previousOperationId":"2kil2l8qta5sr8s"}
{"type":"log","timestamp":1719007412248,"level":"debug","message":"Page request: GET (stylesheet) https://cdnjs.cloudflare.com/ajax/libs/metro/4.1.5/css/metro.min.css","meta":{"rootId":"cmdek9eds9es7wi","id":"cmdek9eds9es7wi"},"id":"savxopmotchz5p8","previousOperationId":"2kil2l8qta5sr8s"}
{"type":"log","timestamp":1719007412248,"level":"debug","message":"Page request: GET (script) https://cdnjs.cloudflare.com/ajax/libs/Chart.js/2.7.2/Chart.min.js","meta":{"rootId":"cmdek9eds9es7wi","id":"cmdek9eds9es7wi"},"id":"b5wcmpq629y8o2i","previousOperationId":"2kil2l8qta5sr8s"}
{"type":"log","timestamp":1719007412256,"level":"debug","message":"Page request finished: GET (stylesheet) 200 https://cdnjs.cloudflare.com/ajax/libs/metro/4.1.5/css/metro.min.css","meta":{"rootId":"cmdek9eds9es7wi","id":"cmdek9eds9es7wi"},"id":"d02hdjr86tsa99z","previousOperationId":"2kil2l8qta5sr8s"}
{"type":"log","timestamp":1719007412256,"level":"debug","message":"Page request finished: GET (script) 200 https://cdnjs.cloudflare.com/ajax/libs/Chart.js/2.7.2/Chart.min.js","meta":{"rootId":"cmdek9eds9es7wi","id":"cmdek9eds9es7wi"},"id":"ya2vd8zdekic98l","previousOperationId":"2kil2l8qta5sr8s"}
{"type":"log","timestamp":1719007412289,"level":"debug","message":"Running chrome with params {\"displayHeaderFooter\":true,\"headerTemplate\":\"...\",\"footerTemplate\":\"...\",\"marginTop\":\"2cm\",\"marginRight\":\"1.5cm\",\"marginLeft\":\"1.5cm\",\"marginBottom\":\"1.5cm\",\"timeout\":59973,\"margin\":{\"top\":\"2cm\",\"right\":\"1.5cm\",\"bottom\":\"1.5cm\",\"left\":\"1.5cm\"},\"printBackground\":true}","meta":{"rootId":"cmdek9eds9es7wi","id":"cmdek9eds9es7wi"},"id":"85vhagpn1cyoe4u","previousOperationId":"2kil2l8qta5sr8s"}
{"type":"operationEnd","operationId":"2kil2l8qta5sr8s","timestamp":1719007412462,"id":"0i9io4gksyh3u1e","previousEventId":"hbvinjthegtkzee","previousOperationId":"2kil2l8qta5sr8s"}
{"type":"log","timestamp":1719007412462,"level":"info","message":"pdf-utils is starting pdf processing","meta":{"rootId":"cmdek9eds9es7wi","id":"cmdek9eds9es7wi"},"id":"zep30jr6wpn3qx8","previousOperationId":"2kil2l8qta5sr8s"}
{"type":"operationStart","subtype":"pdfUtils","name":"pdf utils","timestamp":1719007412462,"id":"ejmqrf49ivrbbiy","previousEventId":"0i9io4gksyh3u1e","operationId":"q1m0m6fdqqk8zow","previousOperationId":"2kil2l8qta5sr8s"}
{"type":"log","timestamp":1719007412463,"level":"debug","message":"pdf-utils detected 1 pdf operation(s) to process","meta":{"rootId":"cmdek9eds9es7wi","id":"cmdek9eds9es7wi"},"id":"qrnpr3g8obd835w","previousOperationId":"q1m0m6fdqqk8zow"}
{"type":"log","timestamp":1719007412473,"level":"debug","message":"pdf-utils running pdf operation merge","meta":{"rootId":"cmdek9eds9es7wi","id":"cmdek9eds9es7wi"},"id":"v7ivqwq759iam3y","previousOperationId":"q1m0m6fdqqk8zow"}
{"type":"operationStart","subtype":"pdfUtilsMerge","name":"pdf utils merge","previousOperationId":"q1m0m6fdqqk8zow","timestamp":1719007412473,"id":"w8a7zvo0cp3ekk3","previousEventId":"ejmqrf49ivrbbiy","operationId":"9qx7yhfm9n61at7"}
{"type":"operationStart","subtype":"render","name":"anonymous","previousOperationId":"9qx7yhfm9n61at7","timestamp":1719007412473,"id":"0dr3s6i5mdw5oqo","previousEventId":"w8a7zvo0cp3ekk3","operationId":"79zr6nyed1p51x6"}
{"type":"log","timestamp":1719007412473,"level":"info","message":"Starting rendering (child) request","meta":{"rootId":"cmdek9eds9es7wi","id":"7q9w6ak1vd03675"},"id":"6yxj2ni3u4q24nt","previousOperationId":"79zr6nyed1p51x6"}
{"type":"log","timestamp":1719007412473,"level":"info","message":"Rendering anonymous template { recipe: chrome-pdf, engine: handlebars }","meta":{"rootId":"cmdek9eds9es7wi","id":"7q9w6ak1vd03675"},"id":"w1la8khy3ii020o","previousOperationId":"79zr6nyed1p51x6"}
{"type":"log","timestamp":1719007412473,"level":"debug","message":"Inline data specified.","meta":{"rootId":"cmdek9eds9es7wi","id":"7q9w6ak1vd03675"},"id":"l0kkcmu57dxhmqs","previousOperationId":"79zr6nyed1p51x6"}
{"type":"log","timestamp":1719007412474,"level":"debug","message":"Base url not specified, skipping its injection.","meta":{"rootId":"cmdek9eds9es7wi","id":"7q9w6ak1vd03675"},"id":"7ij2t3ukz72uy2y","previousOperationId":"79zr6nyed1p51x6"}
{"type":"operationStart","subtype":"engine","name":"handlebars","timestamp":1719007412474,"id":"xchqh380brzzex9","previousEventId":"0dr3s6i5mdw5oqo","operationId":"s9pij2rwfsjla6f","previousOperationId":"79zr6nyed1p51x6"}
{"type":"log","timestamp":1719007412474,"level":"debug","message":"Rendering engine handlebars","meta":{"rootId":"cmdek9eds9es7wi","id":"7q9w6ak1vd03675"},"id":"r7qlylzclvysu3g","previousOperationId":"s9pij2rwfsjla6f"}
{"type":"operationEnd","operationId":"s9pij2rwfsjla6f","timestamp":1719007412475,"id":"kcxzpl5evp72vab","previousEventId":"xchqh380brzzex9","previousOperationId":"s9pij2rwfsjla6f"}
{"type":"operationStart","subtype":"recipe","name":"chrome-pdf","timestamp":1719007412475,"id":"rqd99qmuf2ck6jw","previousEventId":"kcxzpl5evp72vab","operationId":"2hibc1475uv69se","previousOperationId":"s9pij2rwfsjla6f"}
{"type":"log","timestamp":1719007412475,"level":"debug","message":"Executing recipe chrome-pdf","meta":{"rootId":"cmdek9eds9es7wi","id":"7q9w6ak1vd03675"},"id":"dl66i9jr3xwe1ys","previousOperationId":"2hibc1475uv69se"}
{"type":"log","timestamp":1719007412476,"level":"debug","message":"Converting with chrome Chrome/126.0.6478.61 using chrome-pool strategy","meta":{"rootId":"cmdek9eds9es7wi","id":"7q9w6ak1vd03675"},"id":"fk21ssqcbkaf3i7","previousOperationId":"2hibc1475uv69se"}
{"type":"log","timestamp":1719007412536,"level":"debug","message":"Page request: GET (document) file:///var/folders/2x/1bhfw9mx7d775w_jmf56lcp80000gn/T/jsreport/autocleanup/b1a7926c-111d-4c8e-bc1b-4bd8a663fb09-chrome-pdf.html","meta":{"rootId":"cmdek9eds9es7wi","id":"7q9w6ak1vd03675"},"id":"bb84a6xqqypwp5p","previousOperationId":"2hibc1475uv69se"}
{"type":"log","timestamp":1719007412539,"level":"debug","message":"Page request finished: GET (document) 200 file:///var/folders/2x/1bhfw9mx7d775w_jmf56lcp80000gn/T/jsreport/autocleanup/b1a7926c-111d-4c8e-bc1b-4bd8a663fb09-chrome-pdf.html","meta":{"rootId":"cmdek9eds9es7wi","id":"7q9w6ak1vd03675"},"id":"ahg2exl4kts6of0","previousOperationId":"2hibc1475uv69se"}
{"type":"log","timestamp":1719007412541,"level":"debug","message":"Running chrome with params {\"timeout\":59643,\"margin\":{},\"printBackground\":true}","meta":{"rootId":"cmdek9eds9es7wi","id":"7q9w6ak1vd03675"},"id":"xeimevf0hpiw8t4","previousOperationId":"2hibc1475uv69se"}
{"type":"operationEnd","operationId":"2hibc1475uv69se","timestamp":1719007412602,"id":"08dha9mhtcgdqyi","previousEventId":"rqd99qmuf2ck6jw","previousOperationId":"2hibc1475uv69se"}
{"type":"log","timestamp":1719007412602,"level":"debug","message":"Skipping storing report.","meta":{"rootId":"cmdek9eds9es7wi","id":"7q9w6ak1vd03675"},"id":"9610hkjs5r02lwe","previousOperationId":"2hibc1475uv69se"}
{"type":"log","timestamp":1719007412602,"level":"info","message":"Rendering (child) request finished in 483 ms","meta":{"rootId":"cmdek9eds9es7wi","id":"7q9w6ak1vd03675"},"id":"qvs7zde1bvahzo3","previousOperationId":"2hibc1475uv69se"}
{"type":"operationEnd","subtype":"render","operationId":"79zr6nyed1p51x6","timestamp":1719007412602,"id":"jzlkoh13zle7dzp","previousEventId":"08dha9mhtcgdqyi","previousOperationId":"2hibc1475uv69se"}
{"type":"operationEnd","operationId":"9qx7yhfm9n61at7","timestamp":1719007412612,"id":"3bfp6yljuasv55n","previousEventId":"w8a7zvo0cp3ekk3","previousOperationId":"9qx7yhfm9n61at7"}
{"type":"log","timestamp":1719007412612,"level":"debug","message":"pdf-utils postprocess start","meta":{"rootId":"cmdek9eds9es7wi","id":"cmdek9eds9es7wi"},"id":"a2h0aqf7tlk6q7s","previousOperationId":"9qx7yhfm9n61at7"}
{"type":"log","timestamp":1719007412626,"level":"debug","message":"pdf-utils postprocess end","meta":{"rootId":"cmdek9eds9es7wi","id":"cmdek9eds9es7wi"},"id":"b6xg87dnmdn7vkx","previousOperationId":"9qx7yhfm9n61at7"}
{"type":"operationEnd","operationId":"q1m0m6fdqqk8zow","timestamp":1719007412626,"id":"qwvt8c6bjctqyjc","previousEventId":"3bfp6yljuasv55n","previousOperationId":"9qx7yhfm9n61at7"}
{"type":"log","timestamp":1719007412627,"level":"info","message":"pdf-utils pdf processing was finished","meta":{"rootId":"cmdek9eds9es7wi","id":"cmdek9eds9es7wi"},"id":"g3z7krcs1ptif4d","previousOperationId":"q1m0m6fdqqk8zow"}
{"type":"log","timestamp":1719007412627,"level":"debug","message":"Skipping storing report.","meta":{"rootId":"cmdek9eds9es7wi","id":"cmdek9eds9es7wi"},"id":"f4ojc82l3k6aial","previousOperationId":"q1m0m6fdqqk8zow"}
{"type":"log","timestamp":1719007412627,"level":"info","message":"Rendering request 133 finished in 508 ms","meta":{"rootId":"cmdek9eds9es7wi","id":"cmdek9eds9es7wi"},"id":"h2ylavenqkq71q3","previousOperationId":"q1m0m6fdqqk8zow"}
{"type":"operationEnd","subtype":"render","operationId":"wae61r80vdpaaph","timestamp":1719007412627,"id":"v48pck78lr4boda","previousEventId":"qwvt8c6bjctqyjc","previousOperationId":"q1m0m6fdqqk8zow"}
{"type":"operationEnd","doDiffs":false,"previousEventId":"tzr2rguesu61s73","previousOperationId":"4fg10bgfhmq1vy1","operationId":"4fg10bgfhmq1vy1","timestamp":1719007412628,"id":"taw54izpp2sow0h"}
