{"type":"operationStart","subtype":"profile","data":{"_id":"31JGEhpEqPt2v73d","timestamp":"2024-06-20T22:35:18.495Z","state":"queued","mode":"standard","creationDate":"2024-06-20T22:35:18.497Z","modificationDate":"2024-06-20T22:35:18.497Z","shortid":"Ufugoxw","$entitySet":"profiles"},"doDiffs":false,"timestamp":1718922918496,"id":"vpn0vm7e1tixsk9","previousOperationId":null,"operationId":"ghlbgtl4laqj0x1"}
{"type":"log","level":"info","message":"Render request 6 queued for execution and waiting for available worker","previousOperationId":"ghlbgtl4laqj0x1","timestamp":1718922918496,"id":"yks2r5ngp4wira0"}
{"type":"operationStart","subtype":"render","name":"anonymous","previousOperationId":"ghlbgtl4laqj0x1","timestamp":1718922918537,"id":"wlh5cuzccj2es5q","previousEventId":"vpn0vm7e1tixsk9","operationId":"j3zou7tdk4ugwzy"}
{"type":"log","timestamp":1718922918538,"level":"info","message":"Starting rendering request 6","meta":{"rootId":"cwrvfm34rnsbu78","id":"cwrvfm34rnsbu78"},"id":"fkrqvr2ktpheh4x","previousOperationId":"j3zou7tdk4ugwzy"}
{"type":"log","timestamp":1718922918540,"level":"info","message":"Rendering anonymous template { recipe: chrome-pdf, engine: none }","meta":{"rootId":"cwrvfm34rnsbu78","id":"cwrvfm34rnsbu78"},"id":"dfmrjcldxp2axz2","previousOperationId":"j3zou7tdk4ugwzy"}
{"type":"log","timestamp":1718922918540,"level":"debug","message":"Data item not defined for this template.","meta":{"rootId":"cwrvfm34rnsbu78","id":"cwrvfm34rnsbu78"},"id":"9w3guwatl02i0e7","previousOperationId":"j3zou7tdk4ugwzy"}
{"type":"log","timestamp":1718922918542,"level":"debug","message":"Base url not specified, skipping its injection.","meta":{"rootId":"cwrvfm34rnsbu78","id":"cwrvfm34rnsbu78"},"id":"kjbz48ce359neef","previousOperationId":"j3zou7tdk4ugwzy"}
{"type":"operationStart","subtype":"engine","name":"none","timestamp":1718922918545,"id":"bq8o4k5saszextv","previousEventId":"wlh5cuzccj2es5q","operationId":"oxj58u230bg9msn","previousOperationId":"j3zou7tdk4ugwzy"}
{"type":"log","timestamp":1718922918545,"level":"debug","message":"Rendering engine none","meta":{"rootId":"cwrvfm34rnsbu78","id":"cwrvfm34rnsbu78"},"id":"6tquauknup9k46m","previousOperationId":"oxj58u230bg9msn"}
{"type":"operationEnd","operationId":"oxj58u230bg9msn","timestamp":1718922918569,"id":"60cjgt99oo99qtx","previousEventId":"bq8o4k5saszextv","previousOperationId":"oxj58u230bg9msn"}
{"type":"operationStart","subtype":"recipe","name":"chrome-pdf","timestamp":1718922918570,"id":"3wpavrrkjezgvp3","previousEventId":"60cjgt99oo99qtx","operationId":"qeoz7up9cfm716m","previousOperationId":"oxj58u230bg9msn"}
{"type":"log","timestamp":1718922918570,"level":"debug","message":"Executing recipe chrome-pdf","meta":{"rootId":"cwrvfm34rnsbu78","id":"cwrvfm34rnsbu78"},"id":"zisedrqcar6jxo8","previousOperationId":"qeoz7up9cfm716m"}
{"type":"log","timestamp":1718922918593,"level":"debug","message":"Converting with chrome Chrome/126.0.6478.61 using chrome-pool strategy","meta":{"rootId":"cwrvfm34rnsbu78","id":"cwrvfm34rnsbu78"},"id":"i0ap6dl1q12yy4r","previousOperationId":"qeoz7up9cfm716m"}
{"type":"log","timestamp":1718922919262,"level":"debug","message":"Page request: GET (document) file:///var/folders/2x/1bhfw9mx7d775w_jmf56lcp80000gn/T/jsreport/autocleanup/6ae4a999-2ad0-4171-8a0d-63aa1075fd41-chrome-pdf.html","meta":{"rootId":"cwrvfm34rnsbu78","id":"cwrvfm34rnsbu78"},"id":"n7i6fr9oflj3qlz","previousOperationId":"qeoz7up9cfm716m"}
{"type":"log","timestamp":1718922919290,"level":"debug","message":"Page request finished: GET (document) 200 file:///var/folders/2x/1bhfw9mx7d775w_jmf56lcp80000gn/T/jsreport/autocleanup/6ae4a999-2ad0-4171-8a0d-63aa1075fd41-chrome-pdf.html","meta":{"rootId":"cwrvfm34rnsbu78","id":"cwrvfm34rnsbu78"},"id":"wybo5vbkdgs1m4z","previousOperationId":"qeoz7up9cfm716m"}
{"type":"log","timestamp":1718922919302,"level":"debug","message":"Running chrome with params {\"timeout\":59920,\"margin\":{},\"printBackground\":true}","meta":{"rootId":"cwrvfm34rnsbu78","id":"cwrvfm34rnsbu78"},"id":"7aziv9ww52b6zsh","previousOperationId":"qeoz7up9cfm716m"}
{"type":"operationEnd","operationId":"qeoz7up9cfm716m","timestamp":1718922919525,"id":"l6ntgchy4ewvzd0","previousEventId":"3wpavrrkjezgvp3","previousOperationId":"qeoz7up9cfm716m"}
{"type":"log","timestamp":1718922919525,"level":"debug","message":"Skipping storing report.","meta":{"rootId":"cwrvfm34rnsbu78","id":"cwrvfm34rnsbu78"},"id":"vmlyv0bik8cs3hp","previousOperationId":"qeoz7up9cfm716m"}
{"type":"log","timestamp":1718922919525,"level":"info","message":"Rendering request 6 finished in 1031 ms","meta":{"rootId":"cwrvfm34rnsbu78","id":"cwrvfm34rnsbu78"},"id":"9vy0oj1fmixnh1a","previousOperationId":"qeoz7up9cfm716m"}
{"type":"operationEnd","subtype":"render","operationId":"j3zou7tdk4ugwzy","timestamp":1718922919525,"id":"7glqeqb45mlxd0t","previousEventId":"l6ntgchy4ewvzd0","previousOperationId":"qeoz7up9cfm716m"}
{"type":"operationEnd","doDiffs":false,"previousEventId":"vpn0vm7e1tixsk9","previousOperationId":"ghlbgtl4laqj0x1","operationId":"ghlbgtl4laqj0x1","timestamp":1718922919526,"id":"cpmdz1yel1usu77"}
