{"type":"operationStart","subtype":"profile","data":{"_id":"9CvYzXkL3HDruVRn","timestamp":"2024-06-21T22:08:10.856Z","state":"queued","mode":"standard","creationDate":"2024-06-21T22:08:10.858Z","modificationDate":"2024-06-21T22:08:10.858Z","shortid":"5FdDF6H","$entitySet":"profiles"},"doDiffs":false,"timestamp":1719007690857,"id":"xr3x02dsv1hpwxz","previousOperationId":null,"operationId":"unzgad12anw1mcc"}
{"type":"log","level":"info","message":"Render request 138 queued for execution and waiting for available worker","previousOperationId":"unzgad12anw1mcc","timestamp":1719007690857,"id":"wpskinyxx2upjaj"}
{"type":"operationStart","subtype":"render","name":"anonymous","previousOperationId":"unzgad12anw1mcc","timestamp":1719007690864,"id":"xul8pti66uichq6","previousEventId":"xr3x02dsv1hpwxz","operationId":"9f3claocykys4le"}
{"type":"log","timestamp":1719007690864,"level":"info","message":"Starting rendering request 138","meta":{"rootId":"cx3zijfjbw2ds3n","id":"cx3zijfjbw2ds3n"},"id":"ck2thimisnmq6tb","previousOperationId":"9f3claocykys4le"}
{"type":"log","timestamp":1719007690864,"level":"info","message":"Rendering anonymous template { recipe: chrome-pdf, engine: handlebars }","meta":{"rootId":"cx3zijfjbw2ds3n","id":"cx3zijfjbw2ds3n"},"id":"qweed1ahoh08ily","previousOperationId":"9f3claocykys4le"}
{"type":"log","timestamp":1719007690864,"level":"debug","message":"Inline data specified.","meta":{"rootId":"cx3zijfjbw2ds3n","id":"cx3zijfjbw2ds3n"},"id":"rtbtpn6xkhhumkt","previousOperationId":"9f3claocykys4le"}
{"type":"log","timestamp":1719007690865,"level":"debug","message":"Base url not specified, skipping its injection.","meta":{"rootId":"cx3zijfjbw2ds3n","id":"cx3zijfjbw2ds3n"},"id":"gyjgohq4luibg66","previousOperationId":"9f3claocykys4le"}
{"type":"operationStart","subtype":"engine","name":"handlebars","timestamp":1719007690866,"id":"napf6a80kvuehej","previousEventId":"xul8pti66uichq6","operationId":"gtpx4xyh6t91due","previousOperationId":"9f3claocykys4le"}
{"type":"log","timestamp":1719007690866,"level":"debug","message":"Rendering engine handlebars","meta":{"rootId":"cx3zijfjbw2ds3n","id":"cx3zijfjbw2ds3n"},"id":"xmpdwf1nvl50gvl","previousOperationId":"gtpx4xyh6t91due"}
{"type":"log","timestamp":1719007690881,"level":"debug","message":"(console:log) Pdf utils adding group field, value: \"France\"","meta":{"userLevel":true,"rootId":"cx3zijfjbw2ds3n","id":"cx3zijfjbw2ds3n"},"id":"b888qksds9rib0w","previousOperationId":"gtpx4xyh6t91due"}
{"type":"log","timestamp":1719007690881,"level":"debug","message":"(console:log) Pdf utils adding group field, value: \"Germany\"","meta":{"userLevel":true,"rootId":"cx3zijfjbw2ds3n","id":"cx3zijfjbw2ds3n"},"id":"3e5j4z8dq4zacl2","previousOperationId":"gtpx4xyh6t91due"}
{"type":"operationEnd","operationId":"gtpx4xyh6t91due","timestamp":1719007690881,"id":"xxlbb346f6vb6c3","previousEventId":"napf6a80kvuehej","previousOperationId":"gtpx4xyh6t91due"}
{"type":"operationStart","subtype":"recipe","name":"chrome-pdf","timestamp":1719007690882,"id":"h4k0ciqxl2g4dkm","previousEventId":"xxlbb346f6vb6c3","operationId":"2xrqpxwrj56odwe","previousOperationId":"gtpx4xyh6t91due"}
{"type":"log","timestamp":1719007690882,"level":"debug","message":"Executing recipe chrome-pdf","meta":{"rootId":"cx3zijfjbw2ds3n","id":"cx3zijfjbw2ds3n"},"id":"pm35dcckwz8axll","previousOperationId":"2xrqpxwrj56odwe"}
{"type":"log","timestamp":1719007690885,"level":"debug","message":"Converting with chrome Chrome/126.0.6478.61 using chrome-pool strategy","meta":{"rootId":"cx3zijfjbw2ds3n","id":"cx3zijfjbw2ds3n"},"id":"3npmw7aw1h8s3lk","previousOperationId":"2xrqpxwrj56odwe"}
{"type":"log","timestamp":1719007690997,"level":"debug","message":"Page request: GET (document) file:///var/folders/2x/1bhfw9mx7d775w_jmf56lcp80000gn/T/jsreport/autocleanup/76b81c6c-dbda-48d2-9efe-2ed43fd9dcfd-chrome-pdf.html","meta":{"rootId":"cx3zijfjbw2ds3n","id":"cx3zijfjbw2ds3n"},"id":"08htaiqqyh8yj2v","previousOperationId":"2xrqpxwrj56odwe"}
{"type":"log","timestamp":1719007691001,"level":"debug","message":"Page request finished: GET (document) 200 file:///var/folders/2x/1bhfw9mx7d775w_jmf56lcp80000gn/T/jsreport/autocleanup/76b81c6c-dbda-48d2-9efe-2ed43fd9dcfd-chrome-pdf.html","meta":{"rootId":"cx3zijfjbw2ds3n","id":"cx3zijfjbw2ds3n"},"id":"ykca78g95xx7fbm","previousOperationId":"2xrqpxwrj56odwe"}
{"type":"log","timestamp":1719007691001,"level":"debug","message":"Page request: GET (stylesheet) https://cdnjs.cloudflare.com/ajax/libs/metro/4.1.5/css/metro.min.css","meta":{"rootId":"cx3zijfjbw2ds3n","id":"cx3zijfjbw2ds3n"},"id":"yv1d2p2c7hahjh8","previousOperationId":"2xrqpxwrj56odwe"}
{"type":"log","timestamp":1719007691002,"level":"debug","message":"Page request: GET (script) https://cdnjs.cloudflare.com/ajax/libs/Chart.js/2.7.2/Chart.min.js","meta":{"rootId":"cx3zijfjbw2ds3n","id":"cx3zijfjbw2ds3n"},"id":"nf5es259galtii9","previousOperationId":"2xrqpxwrj56odwe"}
{"type":"log","timestamp":1719007691009,"level":"debug","message":"Page request finished: GET (stylesheet) 200 https://cdnjs.cloudflare.com/ajax/libs/metro/4.1.5/css/metro.min.css","meta":{"rootId":"cx3zijfjbw2ds3n","id":"cx3zijfjbw2ds3n"},"id":"xgotwr33faa87xu","previousOperationId":"2xrqpxwrj56odwe"}
{"type":"log","timestamp":1719007691009,"level":"debug","message":"Page request finished: GET (script) 200 https://cdnjs.cloudflare.com/ajax/libs/Chart.js/2.7.2/Chart.min.js","meta":{"rootId":"cx3zijfjbw2ds3n","id":"cx3zijfjbw2ds3n"},"id":"wr7yo0vyolwi7j8","previousOperationId":"2xrqpxwrj56odwe"}
{"type":"log","timestamp":1719007691047,"level":"debug","message":"Running chrome with params {\"marginTop\":\"2cm\",\"marginRight\":\"1.5cm\",\"marginLeft\":\"1.5cm\",\"marginBottom\":\"1.5cm\",\"timeout\":59973,\"margin\":{\"top\":\"2cm\",\"right\":\"1.5cm\",\"bottom\":\"1.5cm\",\"left\":\"1.5cm\"},\"printBackground\":true}","meta":{"rootId":"cx3zijfjbw2ds3n","id":"cx3zijfjbw2ds3n"},"id":"sdij4zwt4h2h6n5","previousOperationId":"2xrqpxwrj56odwe"}
{"type":"operationEnd","operationId":"2xrqpxwrj56odwe","timestamp":1719007691236,"id":"jwyjrrhewl2juo3","previousEventId":"h4k0ciqxl2g4dkm","previousOperationId":"2xrqpxwrj56odwe"}
{"type":"log","timestamp":1719007691236,"level":"info","message":"pdf-utils is starting pdf processing","meta":{"rootId":"cx3zijfjbw2ds3n","id":"cx3zijfjbw2ds3n"},"id":"5u0x1wk1ykq4xpt","previousOperationId":"2xrqpxwrj56odwe"}
{"type":"operationStart","subtype":"pdfUtils","name":"pdf utils","timestamp":1719007691237,"id":"kr3ifrt912kp9oz","previousEventId":"jwyjrrhewl2juo3","operationId":"7srracjrg97huke","previousOperationId":"2xrqpxwrj56odwe"}
{"type":"log","timestamp":1719007691237,"level":"debug","message":"pdf-utils detected 1 pdf operation(s) to process","meta":{"rootId":"cx3zijfjbw2ds3n","id":"cx3zijfjbw2ds3n"},"id":"y92p3cdd1kvvgvl","previousOperationId":"7srracjrg97huke"}
{"type":"log","timestamp":1719007691250,"level":"debug","message":"pdf-utils running pdf operation merge","meta":{"rootId":"cx3zijfjbw2ds3n","id":"cx3zijfjbw2ds3n"},"id":"1g05dtqldhs7e80","previousOperationId":"7srracjrg97huke"}
{"type":"operationStart","subtype":"pdfUtilsMerge","name":"pdf utils merge","previousOperationId":"7srracjrg97huke","timestamp":1719007691250,"id":"vgrzqrerukcsbtx","previousEventId":"kr3ifrt912kp9oz","operationId":"375oz4i4n2yrebh"}
{"type":"operationStart","subtype":"render","name":"anonymous","previousOperationId":"375oz4i4n2yrebh","timestamp":1719007691250,"id":"kvt341fbexw5z1w","previousEventId":"vgrzqrerukcsbtx","operationId":"9zn0m0577a1k24q"}
{"type":"log","timestamp":1719007691250,"level":"info","message":"Starting rendering (child) request","meta":{"rootId":"cx3zijfjbw2ds3n","id":"8a0md7n6yedkzbx"},"id":"1rnar19glfc974a","previousOperationId":"9zn0m0577a1k24q"}
{"type":"log","timestamp":1719007691250,"level":"info","message":"Rendering anonymous template { recipe: chrome-pdf, engine: handlebars }","meta":{"rootId":"cx3zijfjbw2ds3n","id":"8a0md7n6yedkzbx"},"id":"hlo2jb3lbo7ppp2","previousOperationId":"9zn0m0577a1k24q"}
{"type":"log","timestamp":1719007691250,"level":"debug","message":"Inline data specified.","meta":{"rootId":"cx3zijfjbw2ds3n","id":"8a0md7n6yedkzbx"},"id":"i2b09x8qvpxceu1","previousOperationId":"9zn0m0577a1k24q"}
{"type":"log","timestamp":1719007691251,"level":"debug","message":"Base url not specified, skipping its injection.","meta":{"rootId":"cx3zijfjbw2ds3n","id":"8a0md7n6yedkzbx"},"id":"btc4k1t2j7qv9x2","previousOperationId":"9zn0m0577a1k24q"}
{"type":"operationStart","subtype":"engine","name":"handlebars","timestamp":1719007691251,"id":"b0pwor64mecd4dp","previousEventId":"kvt341fbexw5z1w","operationId":"381ld81qxf7c8hu","previousOperationId":"9zn0m0577a1k24q"}
{"type":"log","timestamp":1719007691251,"level":"debug","message":"Rendering engine handlebars","meta":{"rootId":"cx3zijfjbw2ds3n","id":"8a0md7n6yedkzbx"},"id":"a4bk28axrld6yhg","previousOperationId":"381ld81qxf7c8hu"}
{"type":"operationEnd","operationId":"381ld81qxf7c8hu","timestamp":1719007691253,"id":"qt3i7wa2vvcctdi","previousEventId":"b0pwor64mecd4dp","previousOperationId":"381ld81qxf7c8hu"}
{"type":"operationStart","subtype":"recipe","name":"chrome-pdf","timestamp":1719007691253,"id":"1xrjwtkp0gqv8w5","previousEventId":"qt3i7wa2vvcctdi","operationId":"gy5tf2a6ilh9rnu","previousOperationId":"381ld81qxf7c8hu"}
{"type":"log","timestamp":1719007691253,"level":"debug","message":"Executing recipe chrome-pdf","meta":{"rootId":"cx3zijfjbw2ds3n","id":"8a0md7n6yedkzbx"},"id":"ek5o16a0nu5x2yj","previousOperationId":"gy5tf2a6ilh9rnu"}
{"type":"log","timestamp":1719007691253,"level":"debug","message":"Converting with chrome Chrome/126.0.6478.61 using chrome-pool strategy","meta":{"rootId":"cx3zijfjbw2ds3n","id":"8a0md7n6yedkzbx"},"id":"1m6k0u5383oziz3","previousOperationId":"gy5tf2a6ilh9rnu"}
{"type":"log","timestamp":1719007691314,"level":"debug","message":"Page request: GET (document) file:///var/folders/2x/1bhfw9mx7d775w_jmf56lcp80000gn/T/jsreport/autocleanup/79091517-a1eb-46d8-8adf-9de5de902d37-chrome-pdf.html","meta":{"rootId":"cx3zijfjbw2ds3n","id":"8a0md7n6yedkzbx"},"id":"x8qwys8p691ghbn","previousOperationId":"gy5tf2a6ilh9rnu"}
{"type":"log","timestamp":1719007691317,"level":"debug","message":"Page request finished: GET (document) 200 file:///var/folders/2x/1bhfw9mx7d775w_jmf56lcp80000gn/T/jsreport/autocleanup/79091517-a1eb-46d8-8adf-9de5de902d37-chrome-pdf.html","meta":{"rootId":"cx3zijfjbw2ds3n","id":"8a0md7n6yedkzbx"},"id":"pv6g9ihpji9mznr","previousOperationId":"gy5tf2a6ilh9rnu"}
{"type":"log","timestamp":1719007691318,"level":"debug","message":"Running chrome with params {\"timeout\":59602,\"margin\":{},\"printBackground\":true}","meta":{"rootId":"cx3zijfjbw2ds3n","id":"8a0md7n6yedkzbx"},"id":"zmxrotb99sg2wb5","previousOperationId":"gy5tf2a6ilh9rnu"}
{"type":"operationEnd","operationId":"gy5tf2a6ilh9rnu","timestamp":1719007691353,"id":"zyc88zxh5uq1azo","previousEventId":"1xrjwtkp0gqv8w5","previousOperationId":"gy5tf2a6ilh9rnu"}
{"type":"log","timestamp":1719007691353,"level":"debug","message":"Skipping storing report.","meta":{"rootId":"cx3zijfjbw2ds3n","id":"8a0md7n6yedkzbx"},"id":"lrnicrbzb69qgi9","previousOperationId":"gy5tf2a6ilh9rnu"}
{"type":"log","timestamp":1719007691353,"level":"info","message":"Rendering (child) request finished in 498 ms","meta":{"rootId":"cx3zijfjbw2ds3n","id":"8a0md7n6yedkzbx"},"id":"yjhqsf3l4hlqz5a","previousOperationId":"gy5tf2a6ilh9rnu"}
{"type":"operationEnd","subtype":"render","operationId":"9zn0m0577a1k24q","timestamp":1719007691353,"id":"x1yvpudhnp4qdkt","previousEventId":"zyc88zxh5uq1azo","previousOperationId":"gy5tf2a6ilh9rnu"}
{"type":"operationEnd","operationId":"375oz4i4n2yrebh","timestamp":1719007691365,"id":"exlu1hi72z0zgl9","previousEventId":"vgrzqrerukcsbtx","previousOperationId":"375oz4i4n2yrebh"}
{"type":"log","timestamp":1719007691365,"level":"debug","message":"pdf-utils postprocess start","meta":{"rootId":"cx3zijfjbw2ds3n","id":"cx3zijfjbw2ds3n"},"id":"94g3obg7nb115pa","previousOperationId":"375oz4i4n2yrebh"}
{"type":"log","timestamp":1719007691380,"level":"debug","message":"pdf-utils postprocess end","meta":{"rootId":"cx3zijfjbw2ds3n","id":"cx3zijfjbw2ds3n"},"id":"rbpwyydgdisefn1","previousOperationId":"375oz4i4n2yrebh"}
{"type":"operationEnd","operationId":"7srracjrg97huke","timestamp":1719007691380,"id":"lmu6kf2jblw45bn","previousEventId":"exlu1hi72z0zgl9","previousOperationId":"375oz4i4n2yrebh"}
{"type":"log","timestamp":1719007691387,"level":"info","message":"pdf-utils pdf processing was finished","meta":{"rootId":"cx3zijfjbw2ds3n","id":"cx3zijfjbw2ds3n"},"id":"yvqi5onei0ea47a","previousOperationId":"7srracjrg97huke"}
{"type":"log","timestamp":1719007691387,"level":"debug","message":"Skipping storing report.","meta":{"rootId":"cx3zijfjbw2ds3n","id":"cx3zijfjbw2ds3n"},"id":"uqj7xvg5gjs3euk","previousOperationId":"7srracjrg97huke"}
{"type":"log","timestamp":1719007691387,"level":"info","message":"Rendering request 138 finished in 532 ms","meta":{"rootId":"cx3zijfjbw2ds3n","id":"cx3zijfjbw2ds3n"},"id":"cbqw7xg1nr6xpy9","previousOperationId":"7srracjrg97huke"}
{"type":"operationEnd","subtype":"render","operationId":"9f3claocykys4le","timestamp":1719007691387,"id":"cpvc7cp56pgpm5g","previousEventId":"lmu6kf2jblw45bn","previousOperationId":"7srracjrg97huke"}
{"type":"operationEnd","doDiffs":false,"previousEventId":"xr3x02dsv1hpwxz","previousOperationId":"unzgad12anw1mcc","operationId":"unzgad12anw1mcc","timestamp":1719007691388,"id":"mydqz7uoz3d4pq3"}
