{"type":"operationStart","subtype":"profile","data":{"_id":"uD6msmRXiZQwOZER","timestamp":"2024-06-21T22:42:49.457Z","state":"queued","mode":"standard","creationDate":"2024-06-21T22:42:49.459Z","modificationDate":"2024-06-21T22:42:49.459Z","shortid":"Bf-takl","$entitySet":"profiles"},"doDiffs":false,"timestamp":1719009769458,"id":"rilv98muv7mrb07","previousOperationId":null,"operationId":"tg8hvsjisk2u2md"}
{"type":"log","level":"info","message":"Render request 159 queued for execution and waiting for available worker","previousOperationId":"tg8hvsjisk2u2md","timestamp":1719009769458,"id":"j9knlusreigw56f"}
{"type":"operationStart","subtype":"render","name":"anonymous","previousOperationId":"tg8hvsjisk2u2md","timestamp":1719009769475,"id":"k375l2amg7uggd2","previousEventId":"rilv98muv7mrb07","operationId":"wup5wkdlnov10x0"}
{"type":"log","timestamp":1719009769476,"level":"info","message":"Starting rendering request 159","meta":{"rootId":"d9zbtrexc4g4i5m","id":"d9zbtrexc4g4i5m"},"id":"gc50fxliqc6npbc","previousOperationId":"wup5wkdlnov10x0"}
{"type":"log","timestamp":1719009769477,"level":"info","message":"Rendering anonymous template { recipe: chrome-pdf, engine: handlebars }","meta":{"rootId":"d9zbtrexc4g4i5m","id":"d9zbtrexc4g4i5m"},"id":"pbyp3yldpx214kc","previousOperationId":"wup5wkdlnov10x0"}
{"type":"log","timestamp":1719009769477,"level":"debug","message":"Inline data specified.","meta":{"rootId":"d9zbtrexc4g4i5m","id":"d9zbtrexc4g4i5m"},"id":"9dthcdxwz86cv8p","previousOperationId":"wup5wkdlnov10x0"}
{"type":"log","timestamp":1719009769479,"level":"debug","message":"Base url not specified, skipping its injection.","meta":{"rootId":"d9zbtrexc4g4i5m","id":"d9zbtrexc4g4i5m"},"id":"1h94opftchi1b1h","previousOperationId":"wup5wkdlnov10x0"}
{"type":"operationStart","subtype":"engine","name":"handlebars","timestamp":1719009769481,"id":"bce047otu9c5ctd","previousEventId":"k375l2amg7uggd2","operationId":"bss7i4ke70abba5","previousOperationId":"wup5wkdlnov10x0"}
{"type":"log","timestamp":1719009769481,"level":"debug","message":"Rendering engine handlebars","meta":{"rootId":"d9zbtrexc4g4i5m","id":"d9zbtrexc4g4i5m"},"id":"ry2yn90mey25i3p","previousOperationId":"bss7i4ke70abba5"}
{"type":"log","timestamp":1719009769505,"level":"debug","message":"(console:log) Pdf utils adding group field, value: \"France\"","meta":{"userLevel":true,"rootId":"d9zbtrexc4g4i5m","id":"d9zbtrexc4g4i5m"},"id":"h3f4uz8s6trbfgn","previousOperationId":"bss7i4ke70abba5"}
{"type":"log","timestamp":1719009769505,"level":"debug","message":"(console:log) Pdf utils adding group field, value: \"Germany\"","meta":{"userLevel":true,"rootId":"d9zbtrexc4g4i5m","id":"d9zbtrexc4g4i5m"},"id":"yesxlxno7ijg8wd","previousOperationId":"bss7i4ke70abba5"}
{"type":"operationEnd","operationId":"bss7i4ke70abba5","timestamp":1719009769505,"id":"9uwsvxlzu3wezwf","previousEventId":"bce047otu9c5ctd","previousOperationId":"bss7i4ke70abba5"}
{"type":"operationStart","subtype":"recipe","name":"chrome-pdf","timestamp":1719009769506,"id":"hfegy8l4913sncr","previousEventId":"9uwsvxlzu3wezwf","operationId":"97bdqwtovutnlq1","previousOperationId":"bss7i4ke70abba5"}
{"type":"log","timestamp":1719009769506,"level":"debug","message":"Executing recipe chrome-pdf","meta":{"rootId":"d9zbtrexc4g4i5m","id":"d9zbtrexc4g4i5m"},"id":"oyuhuwycdtkigy2","previousOperationId":"97bdqwtovutnlq1"}
{"type":"log","timestamp":1719009769510,"level":"debug","message":"Converting with chrome Chrome/126.0.6478.61 using chrome-pool strategy","meta":{"rootId":"d9zbtrexc4g4i5m","id":"d9zbtrexc4g4i5m"},"id":"c0m4hnqldiorgg4","previousOperationId":"97bdqwtovutnlq1"}
{"type":"log","timestamp":1719009769607,"level":"debug","message":"Page request: GET (document) file:///var/folders/2x/1bhfw9mx7d775w_jmf56lcp80000gn/T/jsreport/autocleanup/227aa286-c578-4a5e-a69f-ee1bbe17e072-chrome-pdf.html","meta":{"rootId":"d9zbtrexc4g4i5m","id":"d9zbtrexc4g4i5m"},"id":"v14f5eehuu74pxo","previousOperationId":"97bdqwtovutnlq1"}
{"type":"log","timestamp":1719009769611,"level":"debug","message":"Page request finished: GET (document) 200 file:///var/folders/2x/1bhfw9mx7d775w_jmf56lcp80000gn/T/jsreport/autocleanup/227aa286-c578-4a5e-a69f-ee1bbe17e072-chrome-pdf.html","meta":{"rootId":"d9zbtrexc4g4i5m","id":"d9zbtrexc4g4i5m"},"id":"0k3xgguigi3tlhd","previousOperationId":"97bdqwtovutnlq1"}
{"type":"log","timestamp":1719009769612,"level":"debug","message":"Page request: GET (stylesheet) https://cdnjs.cloudflare.com/ajax/libs/metro/4.1.5/css/metro.min.css","meta":{"rootId":"d9zbtrexc4g4i5m","id":"d9zbtrexc4g4i5m"},"id":"dhdl58dhicqg8wc","previousOperationId":"97bdqwtovutnlq1"}
{"type":"log","timestamp":1719009769612,"level":"debug","message":"Page request: GET (script) https://cdnjs.cloudflare.com/ajax/libs/Chart.js/2.7.2/Chart.min.js","meta":{"rootId":"d9zbtrexc4g4i5m","id":"d9zbtrexc4g4i5m"},"id":"1ujy0isfiodif7v","previousOperationId":"97bdqwtovutnlq1"}
{"type":"log","timestamp":1719009769619,"level":"debug","message":"Page request finished: GET (stylesheet) 200 https://cdnjs.cloudflare.com/ajax/libs/metro/4.1.5/css/metro.min.css","meta":{"rootId":"d9zbtrexc4g4i5m","id":"d9zbtrexc4g4i5m"},"id":"d1ewdf1926uxqte","previousOperationId":"97bdqwtovutnlq1"}
{"type":"log","timestamp":1719009769620,"level":"debug","message":"Page request finished: GET (script) 200 https://cdnjs.cloudflare.com/ajax/libs/Chart.js/2.7.2/Chart.min.js","meta":{"rootId":"d9zbtrexc4g4i5m","id":"d9zbtrexc4g4i5m"},"id":"lusl39gth0bvrha","previousOperationId":"97bdqwtovutnlq1"}
{"type":"log","timestamp":1719009769653,"level":"debug","message":"Running chrome with params {\"marginTop\":\"4cm\",\"marginRight\":\"1.5cm\",\"marginLeft\":\"1.5cm\",\"marginBottom\":\"1.5cm\",\"timeout\":59950,\"margin\":{\"top\":\"4cm\",\"right\":\"1.5cm\",\"bottom\":\"1.5cm\",\"left\":\"1.5cm\"},\"printBackground\":true}","meta":{"rootId":"d9zbtrexc4g4i5m","id":"d9zbtrexc4g4i5m"},"id":"xhfoplngwtv8m1f","previousOperationId":"97bdqwtovutnlq1"}
{"type":"operationEnd","operationId":"97bdqwtovutnlq1","timestamp":1719009769818,"id":"tnc8rjalo9r2mot","previousEventId":"hfegy8l4913sncr","previousOperationId":"97bdqwtovutnlq1"}
{"type":"log","timestamp":1719009769819,"level":"info","message":"pdf-utils is starting pdf processing","meta":{"rootId":"d9zbtrexc4g4i5m","id":"d9zbtrexc4g4i5m"},"id":"0z8kzbhoxt33m12","previousOperationId":"97bdqwtovutnlq1"}
{"type":"operationStart","subtype":"pdfUtils","name":"pdf utils","timestamp":1719009769819,"id":"19k96l6q2mgfvw6","previousEventId":"tnc8rjalo9r2mot","operationId":"mcz1xs3thqgaw77","previousOperationId":"97bdqwtovutnlq1"}
{"type":"log","timestamp":1719009769819,"level":"debug","message":"pdf-utils detected 1 pdf operation(s) to process","meta":{"rootId":"d9zbtrexc4g4i5m","id":"d9zbtrexc4g4i5m"},"id":"q13ms9cmte7fg0n","previousOperationId":"mcz1xs3thqgaw77"}
{"type":"log","timestamp":1719009769839,"level":"debug","message":"pdf-utils running pdf operation merge","meta":{"rootId":"d9zbtrexc4g4i5m","id":"d9zbtrexc4g4i5m"},"id":"p355belcc4qjopr","previousOperationId":"mcz1xs3thqgaw77"}
{"type":"operationStart","subtype":"pdfUtilsMerge","name":"pdf utils merge","previousOperationId":"mcz1xs3thqgaw77","timestamp":1719009769839,"id":"uqwtm42nbdyzt0r","previousEventId":"19k96l6q2mgfvw6","operationId":"13yeu6j2tx453pa"}
{"type":"operationStart","subtype":"render","name":"anonymous","previousOperationId":"13yeu6j2tx453pa","timestamp":1719009769839,"id":"5w2s6415323dum7","previousEventId":"uqwtm42nbdyzt0r","operationId":"im2iexm8zrqaww0"}
{"type":"log","timestamp":1719009769839,"level":"info","message":"Starting rendering (child) request","meta":{"rootId":"d9zbtrexc4g4i5m","id":"dcpsuerlncfkps0"},"id":"qznup2i7qcsdib8","previousOperationId":"im2iexm8zrqaww0"}
{"type":"log","timestamp":1719009769839,"level":"info","message":"Rendering anonymous template { recipe: chrome-pdf, engine: handlebars }","meta":{"rootId":"d9zbtrexc4g4i5m","id":"dcpsuerlncfkps0"},"id":"g152n44spgh9xsl","previousOperationId":"im2iexm8zrqaww0"}
{"type":"log","timestamp":1719009769839,"level":"debug","message":"Inline data specified.","meta":{"rootId":"d9zbtrexc4g4i5m","id":"dcpsuerlncfkps0"},"id":"m8nf3nijeakj66p","previousOperationId":"im2iexm8zrqaww0"}
{"type":"log","timestamp":1719009769840,"level":"debug","message":"Base url not specified, skipping its injection.","meta":{"rootId":"d9zbtrexc4g4i5m","id":"dcpsuerlncfkps0"},"id":"435gv50uiwfwi8l","previousOperationId":"im2iexm8zrqaww0"}
{"type":"operationStart","subtype":"engine","name":"handlebars","timestamp":1719009769840,"id":"kete7lnptsl2vc1","previousEventId":"5w2s6415323dum7","operationId":"g48905qxira2eux","previousOperationId":"im2iexm8zrqaww0"}
{"type":"log","timestamp":1719009769840,"level":"debug","message":"Rendering engine handlebars","meta":{"rootId":"d9zbtrexc4g4i5m","id":"dcpsuerlncfkps0"},"id":"a626rndr1goxmuf","previousOperationId":"g48905qxira2eux"}
{"type":"operationEnd","operationId":"g48905qxira2eux","timestamp":1719009769847,"id":"6gr9gzse7hul1is","previousEventId":"kete7lnptsl2vc1","previousOperationId":"g48905qxira2eux"}
{"type":"operationStart","subtype":"recipe","name":"chrome-pdf","timestamp":1719009769847,"id":"qf4sin26bm701tl","previousEventId":"6gr9gzse7hul1is","operationId":"69fhkgpwa6yrdm9","previousOperationId":"g48905qxira2eux"}
{"type":"log","timestamp":1719009769847,"level":"debug","message":"Executing recipe chrome-pdf","meta":{"rootId":"d9zbtrexc4g4i5m","id":"dcpsuerlncfkps0"},"id":"qss6mww2rn6naym","previousOperationId":"69fhkgpwa6yrdm9"}
{"type":"log","timestamp":1719009769848,"level":"debug","message":"Converting with chrome Chrome/126.0.6478.61 using chrome-pool strategy","meta":{"rootId":"d9zbtrexc4g4i5m","id":"dcpsuerlncfkps0"},"id":"8sdb5mgjyca3q4h","previousOperationId":"69fhkgpwa6yrdm9"}
{"type":"log","timestamp":1719009769911,"level":"debug","message":"Page request: GET (document) file:///var/folders/2x/1bhfw9mx7d775w_jmf56lcp80000gn/T/jsreport/autocleanup/7615e89f-8ccd-4f32-93c6-930e9f87b32a-chrome-pdf.html","meta":{"rootId":"d9zbtrexc4g4i5m","id":"dcpsuerlncfkps0"},"id":"k4xn5s57u9wrj36","previousOperationId":"69fhkgpwa6yrdm9"}
{"type":"log","timestamp":1719009769914,"level":"debug","message":"Page request finished: GET (document) 200 file:///var/folders/2x/1bhfw9mx7d775w_jmf56lcp80000gn/T/jsreport/autocleanup/7615e89f-8ccd-4f32-93c6-930e9f87b32a-chrome-pdf.html","meta":{"rootId":"d9zbtrexc4g4i5m","id":"dcpsuerlncfkps0"},"id":"51eh1lu41kuc58h","previousOperationId":"69fhkgpwa6yrdm9"}
{"type":"log","timestamp":1719009769914,"level":"debug","message":"Page request: GET (stylesheet) https://cdnjs.cloudflare.com/ajax/libs/metro/4.1.5/css/metro.min.css","meta":{"rootId":"d9zbtrexc4g4i5m","id":"dcpsuerlncfkps0"},"id":"9kbs5iu555eoi68","previousOperationId":"69fhkgpwa6yrdm9"}
{"type":"log","timestamp":1719009769920,"level":"debug","message":"Page request finished: GET (stylesheet) 200 https://cdnjs.cloudflare.com/ajax/libs/metro/4.1.5/css/metro.min.css","meta":{"rootId":"d9zbtrexc4g4i5m","id":"dcpsuerlncfkps0"},"id":"vgmeszaxz5zy8i6","previousOperationId":"69fhkgpwa6yrdm9"}
{"type":"log","timestamp":1719009769940,"level":"debug","message":"Running chrome with params {\"timeout\":59610,\"margin\":{},\"printBackground\":true}","meta":{"rootId":"d9zbtrexc4g4i5m","id":"dcpsuerlncfkps0"},"id":"mikc0u36g5as05y","previousOperationId":"69fhkgpwa6yrdm9"}
{"type":"operationEnd","operationId":"69fhkgpwa6yrdm9","timestamp":1719009770041,"id":"svt05s6yxyschkf","previousEventId":"qf4sin26bm701tl","previousOperationId":"69fhkgpwa6yrdm9"}
{"type":"log","timestamp":1719009770041,"level":"debug","message":"Skipping storing report.","meta":{"rootId":"d9zbtrexc4g4i5m","id":"dcpsuerlncfkps0"},"id":"081trd4l64040m4","previousOperationId":"69fhkgpwa6yrdm9"}
{"type":"log","timestamp":1719009770041,"level":"info","message":"Rendering (child) request finished in 584 ms","meta":{"rootId":"d9zbtrexc4g4i5m","id":"dcpsuerlncfkps0"},"id":"tea5qkn9oxesikt","previousOperationId":"69fhkgpwa6yrdm9"}
{"type":"operationEnd","subtype":"render","operationId":"im2iexm8zrqaww0","timestamp":1719009770041,"id":"63756pzkm84uagz","previousEventId":"svt05s6yxyschkf","previousOperationId":"69fhkgpwa6yrdm9"}
{"type":"operationEnd","operationId":"13yeu6j2tx453pa","timestamp":1719009770065,"id":"iadl0rpem5mykm6","previousEventId":"uqwtm42nbdyzt0r","previousOperationId":"13yeu6j2tx453pa"}
{"type":"log","timestamp":1719009770065,"level":"debug","message":"pdf-utils postprocess start","meta":{"rootId":"d9zbtrexc4g4i5m","id":"d9zbtrexc4g4i5m"},"id":"zqsn6d8w9nuqd5p","previousOperationId":"13yeu6j2tx453pa"}
{"type":"log","timestamp":1719009770090,"level":"debug","message":"pdf-utils postprocess end","meta":{"rootId":"d9zbtrexc4g4i5m","id":"d9zbtrexc4g4i5m"},"id":"x32ivuanrl2bhem","previousOperationId":"13yeu6j2tx453pa"}
{"type":"operationEnd","operationId":"mcz1xs3thqgaw77","timestamp":1719009770090,"id":"0w7y874sksiea5w","previousEventId":"iadl0rpem5mykm6","previousOperationId":"13yeu6j2tx453pa"}
{"type":"log","timestamp":1719009770091,"level":"info","message":"pdf-utils pdf processing was finished","meta":{"rootId":"d9zbtrexc4g4i5m","id":"d9zbtrexc4g4i5m"},"id":"xxjmqmutm89pgmr","previousOperationId":"mcz1xs3thqgaw77"}
{"type":"log","timestamp":1719009770091,"level":"debug","message":"Skipping storing report.","meta":{"rootId":"d9zbtrexc4g4i5m","id":"d9zbtrexc4g4i5m"},"id":"bdojaymvy2ohavg","previousOperationId":"mcz1xs3thqgaw77"}
{"type":"log","timestamp":1719009770091,"level":"info","message":"Rendering request 159 finished in 634 ms","meta":{"rootId":"d9zbtrexc4g4i5m","id":"d9zbtrexc4g4i5m"},"id":"splxvum399i4ufe","previousOperationId":"mcz1xs3thqgaw77"}
{"type":"operationEnd","subtype":"render","operationId":"wup5wkdlnov10x0","timestamp":1719009770091,"id":"e8pmlrdynagkua9","previousEventId":"0w7y874sksiea5w","previousOperationId":"mcz1xs3thqgaw77"}
{"type":"operationEnd","doDiffs":false,"previousEventId":"rilv98muv7mrb07","previousOperationId":"tg8hvsjisk2u2md","operationId":"tg8hvsjisk2u2md","timestamp":1719009770091,"id":"zxy19xrlnm69o6s"}
