{"type":"operationStart","subtype":"profile","data":{"_id":"xweraiEhhPW086TF","timestamp":"2024-06-21T19:54:31.451Z","state":"queued","mode":"standard","creationDate":"2024-06-21T19:54:31.453Z","modificationDate":"2024-06-21T19:54:31.453Z","shortid":"MpPYS95","$entitySet":"profiles"},"doDiffs":false,"timestamp":1718999671452,"id":"vbxsj7is9jfxig7","previousOperationId":null,"operationId":"bo606248qp69zlq"}
{"type":"log","level":"info","message":"Render request 61 queued for execution and waiting for available worker","previousOperationId":"bo606248qp69zlq","timestamp":1718999671452,"id":"n475h4vp1xzl34e"}
{"type":"operationStart","subtype":"render","name":"anonymous","previousOperationId":"bo606248qp69zlq","timestamp":1718999671458,"id":"jvhq8m1n3wpyrks","previousEventId":"vbxsj7is9jfxig7","operationId":"889m6sgfatfxq7k"}
{"type":"log","timestamp":1718999671459,"level":"info","message":"Starting rendering request 61","meta":{"rootId":"dfs8neayim8l40k","id":"dfs8neayim8l40k"},"id":"qmka3k3fzk2eoyd","previousOperationId":"889m6sgfatfxq7k"}
{"type":"log","timestamp":1718999671459,"level":"info","message":"Rendering anonymous template { recipe: chrome-pdf, engine: handlebars }","meta":{"rootId":"dfs8neayim8l40k","id":"dfs8neayim8l40k"},"id":"apbuqqeoitent84","previousOperationId":"889m6sgfatfxq7k"}
{"type":"log","timestamp":1718999671459,"level":"debug","message":"Inline data specified.","meta":{"rootId":"dfs8neayim8l40k","id":"dfs8neayim8l40k"},"id":"rcncsrr3nhoe1t9","previousOperationId":"889m6sgfatfxq7k"}
{"type":"log","timestamp":1718999671462,"level":"debug","message":"Base url not specified, skipping its injection.","meta":{"rootId":"dfs8neayim8l40k","id":"dfs8neayim8l40k"},"id":"yxwnt39aatkuohg","previousOperationId":"889m6sgfatfxq7k"}
{"type":"operationStart","subtype":"engine","name":"handlebars","timestamp":1718999671466,"id":"j89c1ipqb1rtq3c","previousEventId":"jvhq8m1n3wpyrks","operationId":"p3ba6c5os9fkfv7","previousOperationId":"889m6sgfatfxq7k"}
{"type":"log","timestamp":1718999671466,"level":"debug","message":"Rendering engine handlebars","meta":{"rootId":"dfs8neayim8l40k","id":"dfs8neayim8l40k"},"id":"mx65iaox4g7o3tu","previousOperationId":"p3ba6c5os9fkfv7"}
{"type":"operationEnd","operationId":"p3ba6c5os9fkfv7","timestamp":1718999671501,"id":"i4tjyd8odt3i02b","previousEventId":"j89c1ipqb1rtq3c","previousOperationId":"p3ba6c5os9fkfv7"}
{"type":"operationStart","subtype":"recipe","name":"chrome-pdf","timestamp":1718999671501,"id":"naw6zpv803f2na5","previousEventId":"i4tjyd8odt3i02b","operationId":"0jnsalbbsk19ah4","previousOperationId":"p3ba6c5os9fkfv7"}
{"type":"log","timestamp":1718999671501,"level":"debug","message":"Executing recipe chrome-pdf","meta":{"rootId":"dfs8neayim8l40k","id":"dfs8neayim8l40k"},"id":"p3kmt98o7zjfyeb","previousOperationId":"0jnsalbbsk19ah4"}
{"type":"log","timestamp":1718999671504,"level":"debug","message":"Converting with chrome Chrome/126.0.6478.61 using chrome-pool strategy","meta":{"rootId":"dfs8neayim8l40k","id":"dfs8neayim8l40k"},"id":"9xp7isq30yxmb5c","previousOperationId":"0jnsalbbsk19ah4"}
{"type":"log","timestamp":1718999671592,"level":"debug","message":"Page request: GET (document) file:///var/folders/2x/1bhfw9mx7d775w_jmf56lcp80000gn/T/jsreport/autocleanup/0ad1c7ef-4b00-4f39-a1d4-4accc5f51ec0-chrome-pdf.html","meta":{"rootId":"dfs8neayim8l40k","id":"dfs8neayim8l40k"},"id":"mnwbkdvaoavcmq4","previousOperationId":"0jnsalbbsk19ah4"}
{"type":"log","timestamp":1718999671596,"level":"debug","message":"Page request finished: GET (document) 200 file:///var/folders/2x/1bhfw9mx7d775w_jmf56lcp80000gn/T/jsreport/autocleanup/0ad1c7ef-4b00-4f39-a1d4-4accc5f51ec0-chrome-pdf.html","meta":{"rootId":"dfs8neayim8l40k","id":"dfs8neayim8l40k"},"id":"lqljb4cb5hvre3n","previousOperationId":"0jnsalbbsk19ah4"}
{"type":"log","timestamp":1718999671596,"level":"debug","message":"Page request: GET (stylesheet) https://cdnjs.cloudflare.com/ajax/libs/metro/4.1.5/css/metro.min.css","meta":{"rootId":"dfs8neayim8l40k","id":"dfs8neayim8l40k"},"id":"4djwvtrsv2ciswe","previousOperationId":"0jnsalbbsk19ah4"}
{"type":"log","timestamp":1718999671596,"level":"debug","message":"Page request: GET (script) https://cdnjs.cloudflare.com/ajax/libs/Chart.js/2.7.2/Chart.min.js","meta":{"rootId":"dfs8neayim8l40k","id":"dfs8neayim8l40k"},"id":"4ck12u1wytxb8as","previousOperationId":"0jnsalbbsk19ah4"}
{"type":"log","timestamp":1718999671604,"level":"debug","message":"Page request finished: GET (stylesheet) 200 https://cdnjs.cloudflare.com/ajax/libs/metro/4.1.5/css/metro.min.css","meta":{"rootId":"dfs8neayim8l40k","id":"dfs8neayim8l40k"},"id":"akj58crkq8qiwkr","previousOperationId":"0jnsalbbsk19ah4"}
{"type":"log","timestamp":1718999671604,"level":"debug","message":"Page request finished: GET (script) 200 https://cdnjs.cloudflare.com/ajax/libs/Chart.js/2.7.2/Chart.min.js","meta":{"rootId":"dfs8neayim8l40k","id":"dfs8neayim8l40k"},"id":"vg48on5t2zldjgn","previousOperationId":"0jnsalbbsk19ah4"}
{"type":"log","timestamp":1718999671609,"level":"debug","message":"Running chrome with params {\"timeout\":59947,\"margin\":{},\"printBackground\":true}","meta":{"rootId":"dfs8neayim8l40k","id":"dfs8neayim8l40k"},"id":"huokixvck1sociw","previousOperationId":"0jnsalbbsk19ah4"}
{"type":"operationEnd","operationId":"0jnsalbbsk19ah4","timestamp":1718999671651,"id":"njr8cgv1gxgkngm","previousEventId":"naw6zpv803f2na5","previousOperationId":"0jnsalbbsk19ah4"}
{"type":"log","timestamp":1718999671651,"level":"debug","message":"Skipping storing report.","meta":{"rootId":"dfs8neayim8l40k","id":"dfs8neayim8l40k"},"id":"e3uqvupbzq0frgd","previousOperationId":"0jnsalbbsk19ah4"}
{"type":"log","timestamp":1718999671651,"level":"info","message":"Rendering request 61 finished in 202 ms","meta":{"rootId":"dfs8neayim8l40k","id":"dfs8neayim8l40k"},"id":"cmqcbt7ycq0a3m4","previousOperationId":"0jnsalbbsk19ah4"}
{"type":"operationEnd","subtype":"render","operationId":"889m6sgfatfxq7k","timestamp":1718999671651,"id":"ux0f0y4lwkswmwj","previousEventId":"njr8cgv1gxgkngm","previousOperationId":"0jnsalbbsk19ah4"}
{"type":"operationEnd","doDiffs":false,"previousEventId":"vbxsj7is9jfxig7","previousOperationId":"bo606248qp69zlq","operationId":"bo606248qp69zlq","timestamp":1718999671652,"id":"d683hr1qqfejaga"}
