{"type":"operationStart","subtype":"profile","data":{"_id":"4mXOqdYtLAn86co2","timestamp":"2024-06-21T22:00:20.423Z","state":"queued","mode":"standard","creationDate":"2024-06-21T22:00:20.425Z","modificationDate":"2024-06-21T22:00:20.425Z","shortid":"Knx_iW4","$entitySet":"profiles"},"doDiffs":false,"timestamp":1719007220424,"id":"27m6v52e7ge8ggy","previousOperationId":null,"operationId":"14e4rv9hzznz7nh"}
{"type":"log","level":"info","message":"Render request 126 queued for execution and waiting for available worker","previousOperationId":"14e4rv9hzznz7nh","timestamp":1719007220424,"id":"m7j39teay2o6aps"}
{"type":"operationStart","subtype":"render","name":"anonymous","previousOperationId":"14e4rv9hzznz7nh","timestamp":1719007220432,"id":"a6dhvu0uc71snk5","previousEventId":"27m6v52e7ge8ggy","operationId":"a6v5sb03fzz0qq7"}
{"type":"log","timestamp":1719007220432,"level":"info","message":"Starting rendering request 126","meta":{"rootId":"djikuaynj8x72cc","id":"djikuaynj8x72cc"},"id":"gc00pz7u16uumhg","previousOperationId":"a6v5sb03fzz0qq7"}
{"type":"log","timestamp":1719007220432,"level":"info","message":"Rendering anonymous template { recipe: chrome-pdf, engine: handlebars }","meta":{"rootId":"djikuaynj8x72cc","id":"djikuaynj8x72cc"},"id":"gpd77s7jdzyb61i","previousOperationId":"a6v5sb03fzz0qq7"}
{"type":"log","timestamp":1719007220432,"level":"debug","message":"Inline data specified.","meta":{"rootId":"djikuaynj8x72cc","id":"djikuaynj8x72cc"},"id":"8asc8ts2nc20xf3","previousOperationId":"a6v5sb03fzz0qq7"}
{"type":"log","timestamp":1719007220433,"level":"debug","message":"Base url not specified, skipping its injection.","meta":{"rootId":"djikuaynj8x72cc","id":"djikuaynj8x72cc"},"id":"5ykt29383asxccr","previousOperationId":"a6v5sb03fzz0qq7"}
{"type":"operationStart","subtype":"engine","name":"handlebars","timestamp":1719007220433,"id":"mhs6a1l0upwpclq","previousEventId":"a6dhvu0uc71snk5","operationId":"it6ht5g9m6s5qx8","previousOperationId":"a6v5sb03fzz0qq7"}
{"type":"log","timestamp":1719007220433,"level":"debug","message":"Rendering engine handlebars","meta":{"rootId":"djikuaynj8x72cc","id":"djikuaynj8x72cc"},"id":"7rgrxabycihs129","previousOperationId":"it6ht5g9m6s5qx8"}
{"type":"log","timestamp":1719007220464,"level":"debug","message":"(console:log) Pdf utils adding group field, value: \"France\"","meta":{"userLevel":true,"rootId":"djikuaynj8x72cc","id":"djikuaynj8x72cc"},"id":"g0yv6mz2b5efpbl","previousOperationId":"it6ht5g9m6s5qx8"}
{"type":"log","timestamp":1719007220473,"level":"debug","message":"(console:log) Pdf utils adding group field, value: \"Germany\"","meta":{"userLevel":true,"rootId":"djikuaynj8x72cc","id":"djikuaynj8x72cc"},"id":"ioo9xhyja3kwtib","previousOperationId":"it6ht5g9m6s5qx8"}
{"type":"operationEnd","operationId":"it6ht5g9m6s5qx8","timestamp":1719007220473,"id":"h48exnug3mfowl8","previousEventId":"mhs6a1l0upwpclq","previousOperationId":"it6ht5g9m6s5qx8"}
{"type":"operationStart","subtype":"recipe","name":"chrome-pdf","timestamp":1719007220474,"id":"5xbpu83ck5ibcpi","previousEventId":"h48exnug3mfowl8","operationId":"3mszm2xouwwxf4q","previousOperationId":"it6ht5g9m6s5qx8"}
{"type":"log","timestamp":1719007220474,"level":"debug","message":"Executing recipe chrome-pdf","meta":{"rootId":"djikuaynj8x72cc","id":"djikuaynj8x72cc"},"id":"btf1wwa5crunm2t","previousOperationId":"3mszm2xouwwxf4q"}
{"type":"log","timestamp":1719007220476,"level":"debug","message":"Starting child request to render pdf header","meta":{"rootId":"djikuaynj8x72cc","id":"djikuaynj8x72cc"},"id":"otefgd3kx6hnrtz","previousOperationId":"3mszm2xouwwxf4q"}
{"type":"operationStart","subtype":"render","name":"anonymous","previousOperationId":"3mszm2xouwwxf4q","timestamp":1719007220476,"id":"ftbzbbomvrtjozc","previousEventId":"5xbpu83ck5ibcpi","operationId":"nqab1ftwudamg4n"}
{"type":"log","timestamp":1719007220477,"level":"info","message":"Starting rendering (child) request","meta":{"rootId":"djikuaynj8x72cc","id":"t7tct2nq2tf5i6e"},"id":"h5qys9prhkpbr5w","previousOperationId":"nqab1ftwudamg4n"}
{"type":"log","timestamp":1719007220477,"level":"info","message":"Rendering anonymous template { recipe: html, engine: handlebars }","meta":{"rootId":"djikuaynj8x72cc","id":"t7tct2nq2tf5i6e"},"id":"ur3ftbgdec56aqq","previousOperationId":"nqab1ftwudamg4n"}
{"type":"log","timestamp":1719007220477,"level":"debug","message":"Inline data specified.","meta":{"rootId":"djikuaynj8x72cc","id":"t7tct2nq2tf5i6e"},"id":"drv16g9wqplxqur","previousOperationId":"nqab1ftwudamg4n"}
{"type":"log","timestamp":1719007220477,"level":"debug","message":"Base url not specified, skipping its injection.","meta":{"rootId":"djikuaynj8x72cc","id":"t7tct2nq2tf5i6e"},"id":"7zeobppigwemelt","previousOperationId":"nqab1ftwudamg4n"}
{"type":"operationStart","subtype":"engine","name":"handlebars","timestamp":1719007220477,"id":"88mzrmgda9mm5x3","previousEventId":"ftbzbbomvrtjozc","operationId":"oukjwg1bix71b2x","previousOperationId":"nqab1ftwudamg4n"}
{"type":"log","timestamp":1719007220477,"level":"debug","message":"Rendering engine handlebars","meta":{"rootId":"djikuaynj8x72cc","id":"t7tct2nq2tf5i6e"},"id":"oycu887al10lyci","previousOperationId":"oukjwg1bix71b2x"}
{"type":"operationEnd","operationId":"oukjwg1bix71b2x","timestamp":1719007220479,"id":"4h74otg4ulnhcr2","previousEventId":"88mzrmgda9mm5x3","previousOperationId":"oukjwg1bix71b2x"}
{"type":"operationStart","subtype":"recipe","name":"html","timestamp":1719007220479,"id":"etpui57ry2dbqvs","previousEventId":"4h74otg4ulnhcr2","operationId":"c8eu3onpzmyrfy2","previousOperationId":"oukjwg1bix71b2x"}
{"type":"log","timestamp":1719007220479,"level":"debug","message":"Executing recipe html","meta":{"rootId":"djikuaynj8x72cc","id":"t7tct2nq2tf5i6e"},"id":"c0pprx6ozx7fzhw","previousOperationId":"c8eu3onpzmyrfy2"}
{"type":"operationEnd","operationId":"c8eu3onpzmyrfy2","timestamp":1719007220479,"id":"l3o9nnfe68ystcj","previousEventId":"etpui57ry2dbqvs","previousOperationId":"c8eu3onpzmyrfy2"}
{"type":"log","timestamp":1719007220480,"level":"debug","message":"Skipping storing report.","meta":{"rootId":"djikuaynj8x72cc","id":"t7tct2nq2tf5i6e"},"id":"xiwucxs1p8zncl2","previousOperationId":"c8eu3onpzmyrfy2"}
{"type":"log","timestamp":1719007220480,"level":"info","message":"Rendering (child) request finished in 64 ms","meta":{"rootId":"djikuaynj8x72cc","id":"t7tct2nq2tf5i6e"},"id":"fp76zdzw8w3mssp","previousOperationId":"c8eu3onpzmyrfy2"}
{"type":"operationEnd","subtype":"render","operationId":"nqab1ftwudamg4n","timestamp":1719007220480,"id":"5ykvmguuqnff6h5","previousEventId":"l3o9nnfe68ystcj","previousOperationId":"c8eu3onpzmyrfy2"}
{"type":"log","timestamp":1719007220480,"level":"debug","message":"Starting child request to render pdf footer","meta":{"rootId":"djikuaynj8x72cc","id":"djikuaynj8x72cc"},"id":"ppdhvfyhalp2l2h","previousOperationId":"3mszm2xouwwxf4q"}
{"type":"operationStart","subtype":"render","name":"anonymous","previousOperationId":"3mszm2xouwwxf4q","timestamp":1719007220480,"id":"4nqwmkcwrfzs4gq","previousEventId":"5xbpu83ck5ibcpi","operationId":"yy57pl07akjljg1"}
{"type":"log","timestamp":1719007220480,"level":"info","message":"Starting rendering (child) request","meta":{"rootId":"djikuaynj8x72cc","id":"9lcd4vtm4zae44c"},"id":"6och73kj2j3c3w4","previousOperationId":"yy57pl07akjljg1"}
{"type":"log","timestamp":1719007220480,"level":"info","message":"Rendering anonymous template { recipe: html, engine: handlebars }","meta":{"rootId":"djikuaynj8x72cc","id":"9lcd4vtm4zae44c"},"id":"mtur0033blrkp5d","previousOperationId":"yy57pl07akjljg1"}
{"type":"log","timestamp":1719007220480,"level":"debug","message":"Inline data specified.","meta":{"rootId":"djikuaynj8x72cc","id":"9lcd4vtm4zae44c"},"id":"qsdnbvs8qfsxzsa","previousOperationId":"yy57pl07akjljg1"}
{"type":"log","timestamp":1719007220480,"level":"debug","message":"Base url not specified, skipping its injection.","meta":{"rootId":"djikuaynj8x72cc","id":"9lcd4vtm4zae44c"},"id":"uanu95cmkxwwd2k","previousOperationId":"yy57pl07akjljg1"}
{"type":"operationStart","subtype":"engine","name":"handlebars","timestamp":1719007220480,"id":"0pofqwav889wo3y","previousEventId":"4nqwmkcwrfzs4gq","operationId":"w7dpt5y0qcffj3k","previousOperationId":"yy57pl07akjljg1"}
{"type":"log","timestamp":1719007220480,"level":"debug","message":"Rendering engine handlebars","meta":{"rootId":"djikuaynj8x72cc","id":"9lcd4vtm4zae44c"},"id":"saslfh4wrih1f6f","previousOperationId":"w7dpt5y0qcffj3k"}
{"type":"operationEnd","operationId":"w7dpt5y0qcffj3k","timestamp":1719007220482,"id":"o0kwpu01dsn4lds","previousEventId":"0pofqwav889wo3y","previousOperationId":"w7dpt5y0qcffj3k"}
{"type":"operationStart","subtype":"recipe","name":"html","timestamp":1719007220482,"id":"luphaz2zos3f2in","previousEventId":"o0kwpu01dsn4lds","operationId":"jdw6v9iydnbzjnz","previousOperationId":"w7dpt5y0qcffj3k"}
{"type":"log","timestamp":1719007220482,"level":"debug","message":"Executing recipe html","meta":{"rootId":"djikuaynj8x72cc","id":"9lcd4vtm4zae44c"},"id":"olkypowyvq8mlef","previousOperationId":"jdw6v9iydnbzjnz"}
{"type":"operationEnd","operationId":"jdw6v9iydnbzjnz","timestamp":1719007220482,"id":"r9jjpp5rdavdyuy","previousEventId":"luphaz2zos3f2in","previousOperationId":"jdw6v9iydnbzjnz"}
{"type":"log","timestamp":1719007220482,"level":"debug","message":"Skipping storing report.","meta":{"rootId":"djikuaynj8x72cc","id":"9lcd4vtm4zae44c"},"id":"ejmc4czvwkzbwxd","previousOperationId":"jdw6v9iydnbzjnz"}
{"type":"log","timestamp":1719007220482,"level":"info","message":"Rendering (child) request finished in 66 ms","meta":{"rootId":"djikuaynj8x72cc","id":"9lcd4vtm4zae44c"},"id":"9rsxmssgtk2a6s1","previousOperationId":"jdw6v9iydnbzjnz"}
{"type":"operationEnd","subtype":"render","operationId":"yy57pl07akjljg1","timestamp":1719007220482,"id":"6p1kxjymyzqhvnx","previousEventId":"r9jjpp5rdavdyuy","previousOperationId":"jdw6v9iydnbzjnz"}
{"type":"log","timestamp":1719007220496,"level":"debug","message":"Converting with chrome Chrome/126.0.6478.61 using chrome-pool strategy","meta":{"rootId":"djikuaynj8x72cc","id":"djikuaynj8x72cc"},"id":"fdbdvlbg4nnvwni","previousOperationId":"3mszm2xouwwxf4q"}
{"type":"log","timestamp":1719007220914,"level":"debug","message":"Page request: GET (document) file:///var/folders/2x/1bhfw9mx7d775w_jmf56lcp80000gn/T/jsreport/autocleanup/fc6c5e05-570c-44c8-917c-48fe0efe8f2c-chrome-pdf.html","meta":{"rootId":"djikuaynj8x72cc","id":"djikuaynj8x72cc"},"id":"2ypdlg7whpn82mv","previousOperationId":"3mszm2xouwwxf4q"}
{"type":"log","timestamp":1719007220940,"level":"debug","message":"Page request finished: GET (document) 200 file:///var/folders/2x/1bhfw9mx7d775w_jmf56lcp80000gn/T/jsreport/autocleanup/fc6c5e05-570c-44c8-917c-48fe0efe8f2c-chrome-pdf.html","meta":{"rootId":"djikuaynj8x72cc","id":"djikuaynj8x72cc"},"id":"lwptfn0zp0rjq3q","previousOperationId":"3mszm2xouwwxf4q"}
{"type":"log","timestamp":1719007220942,"level":"debug","message":"Page request: GET (stylesheet) https://cdnjs.cloudflare.com/ajax/libs/metro/4.1.5/css/metro.min.css","meta":{"rootId":"djikuaynj8x72cc","id":"djikuaynj8x72cc"},"id":"diit5bwdzilg8s8","previousOperationId":"3mszm2xouwwxf4q"}
{"type":"log","timestamp":1719007220944,"level":"debug","message":"Page request: GET (script) https://cdnjs.cloudflare.com/ajax/libs/Chart.js/2.7.2/Chart.min.js","meta":{"rootId":"djikuaynj8x72cc","id":"djikuaynj8x72cc"},"id":"sg3m590gu9dr8en","previousOperationId":"3mszm2xouwwxf4q"}
{"type":"log","timestamp":1719007220953,"level":"debug","message":"Page request finished: GET (stylesheet) 200 https://cdnjs.cloudflare.com/ajax/libs/metro/4.1.5/css/metro.min.css","meta":{"rootId":"djikuaynj8x72cc","id":"djikuaynj8x72cc"},"id":"ku00av58vseo4pq","previousOperationId":"3mszm2xouwwxf4q"}
{"type":"log","timestamp":1719007220955,"level":"debug","message":"Page request finished: GET (script) 200 https://cdnjs.cloudflare.com/ajax/libs/Chart.js/2.7.2/Chart.min.js","meta":{"rootId":"djikuaynj8x72cc","id":"djikuaynj8x72cc"},"id":"srygs15k12qkorz","previousOperationId":"3mszm2xouwwxf4q"}
{"type":"log","timestamp":1719007221044,"level":"debug","message":"Running chrome with params {\"displayHeaderFooter\":true,\"headerTemplate\":\"...\",\"footerTemplate\":\"...\",\"marginTop\":\"4cm\",\"marginRight\":\"1.5cm\",\"marginLeft\":\"1.5cm\",\"marginBottom\":\"1.5cm\",\"timeout\":59934,\"margin\":{\"top\":\"4cm\",\"right\":\"1.5cm\",\"bottom\":\"1.5cm\",\"left\":\"1.5cm\"},\"printBackground\":true}","meta":{"rootId":"djikuaynj8x72cc","id":"djikuaynj8x72cc"},"id":"alt9bdfaxp9514u","previousOperationId":"3mszm2xouwwxf4q"}
{"type":"operationEnd","operationId":"3mszm2xouwwxf4q","timestamp":1719007221333,"id":"l4l20hi7eu808a6","previousEventId":"5xbpu83ck5ibcpi","previousOperationId":"3mszm2xouwwxf4q"}
{"type":"log","timestamp":1719007221333,"level":"info","message":"pdf-utils is starting pdf processing","meta":{"rootId":"djikuaynj8x72cc","id":"djikuaynj8x72cc"},"id":"4jdjkjfcegk2dpd","previousOperationId":"3mszm2xouwwxf4q"}
{"type":"operationStart","subtype":"pdfUtils","name":"pdf utils","timestamp":1719007221333,"id":"muwmexo77tvanbs","previousEventId":"l4l20hi7eu808a6","operationId":"u2u0024lfmbcbt7","previousOperationId":"3mszm2xouwwxf4q"}
{"type":"log","timestamp":1719007221334,"level":"debug","message":"pdf-utils detected 0 pdf operation(s) to process","meta":{"rootId":"djikuaynj8x72cc","id":"djikuaynj8x72cc"},"id":"hr8p0sezpdt5hfv","previousOperationId":"u2u0024lfmbcbt7"}
{"type":"log","timestamp":1719007221334,"level":"debug","message":"pdf-utils postprocess start","meta":{"rootId":"djikuaynj8x72cc","id":"djikuaynj8x72cc"},"id":"03w21mlqgwphj9v","previousOperationId":"u2u0024lfmbcbt7"}
{"type":"log","timestamp":1719007221363,"level":"debug","message":"pdf-utils postprocess end","meta":{"rootId":"djikuaynj8x72cc","id":"djikuaynj8x72cc"},"id":"hvdom0qq6suo5cv","previousOperationId":"u2u0024lfmbcbt7"}
{"type":"operationEnd","operationId":"u2u0024lfmbcbt7","timestamp":1719007221363,"id":"zx86kh6otiunw5z","previousEventId":"muwmexo77tvanbs","previousOperationId":"u2u0024lfmbcbt7"}
{"type":"log","timestamp":1719007221363,"level":"info","message":"pdf-utils pdf processing was finished","meta":{"rootId":"djikuaynj8x72cc","id":"djikuaynj8x72cc"},"id":"4geqdbaslyng32u","previousOperationId":"u2u0024lfmbcbt7"}
{"type":"log","timestamp":1719007221363,"level":"debug","message":"Skipping storing report.","meta":{"rootId":"djikuaynj8x72cc","id":"djikuaynj8x72cc"},"id":"bzwnvl3altwhpw7","previousOperationId":"u2u0024lfmbcbt7"}
{"type":"log","timestamp":1719007221363,"level":"info","message":"Rendering request 126 finished in 947 ms","meta":{"rootId":"djikuaynj8x72cc","id":"djikuaynj8x72cc"},"id":"co398k020ow50lr","previousOperationId":"u2u0024lfmbcbt7"}
{"type":"operationEnd","subtype":"render","operationId":"a6v5sb03fzz0qq7","timestamp":1719007221363,"id":"0z4dhlxvuma2itz","previousEventId":"zx86kh6otiunw5z","previousOperationId":"u2u0024lfmbcbt7"}
{"type":"operationEnd","doDiffs":false,"previousEventId":"27m6v52e7ge8ggy","previousOperationId":"14e4rv9hzznz7nh","operationId":"14e4rv9hzznz7nh","timestamp":1719007221364,"id":"wxyckyd1tsn2wvq"}
