{"type":"operationStart","subtype":"profile","data":{"_id":"qWm2hNS3abd00Cdr","timestamp":"2024-06-20T22:44:14.231Z","state":"queued","mode":"standard","creationDate":"2024-06-20T22:44:14.237Z","modificationDate":"2024-06-20T22:44:14.237Z","shortid":"tT5DHP9","$entitySet":"profiles"},"doDiffs":false,"timestamp":1718923454236,"id":"mblkuknonv4snyv","previousOperationId":null,"operationId":"xit5a0dklg9b2ck"}
{"type":"log","level":"info","message":"Render request 12 queued for execution and waiting for available worker","previousOperationId":"xit5a0dklg9b2ck","timestamp":1718923454236,"id":"3nv42e2vn0gwn35"}
{"type":"operationStart","subtype":"render","name":"anonymous","previousOperationId":"xit5a0dklg9b2ck","timestamp":1718923454241,"id":"a7uaus7rtvzfjy5","previousEventId":"mblkuknonv4snyv","operationId":"l0991ib157vi9f9"}
{"type":"log","timestamp":1718923454241,"level":"info","message":"Starting rendering request 12","meta":{"rootId":"dwo6blopj6qd3qu","id":"dwo6blopj6qd3qu"},"id":"wmyg1hx22wxdepk","previousOperationId":"l0991ib157vi9f9"}
{"type":"log","timestamp":1718923454241,"level":"info","message":"Rendering anonymous template { recipe: chrome-pdf, engine: none }","meta":{"rootId":"dwo6blopj6qd3qu","id":"dwo6blopj6qd3qu"},"id":"m96qtq4wrpmm6ep","previousOperationId":"l0991ib157vi9f9"}
{"type":"log","timestamp":1718923454241,"level":"debug","message":"Data item not defined for this template.","meta":{"rootId":"dwo6blopj6qd3qu","id":"dwo6blopj6qd3qu"},"id":"li1nhwnbsc3jiok","previousOperationId":"l0991ib157vi9f9"}
{"type":"log","timestamp":1718923454242,"level":"debug","message":"Base url not specified, skipping its injection.","meta":{"rootId":"dwo6blopj6qd3qu","id":"dwo6blopj6qd3qu"},"id":"47tygqnk8u8ulep","previousOperationId":"l0991ib157vi9f9"}
{"type":"operationStart","subtype":"engine","name":"none","timestamp":1718923454242,"id":"m8dmrhzhfw5gdvv","previousEventId":"a7uaus7rtvzfjy5","operationId":"atfyb72xm6qr5y3","previousOperationId":"l0991ib157vi9f9"}
{"type":"log","timestamp":1718923454242,"level":"debug","message":"Rendering engine none","meta":{"rootId":"dwo6blopj6qd3qu","id":"dwo6blopj6qd3qu"},"id":"x0kd3nheho84ah0","previousOperationId":"atfyb72xm6qr5y3"}
{"type":"operationEnd","operationId":"atfyb72xm6qr5y3","timestamp":1718923454246,"id":"hp6y00jbip2snce","previousEventId":"m8dmrhzhfw5gdvv","previousOperationId":"atfyb72xm6qr5y3"}
{"type":"operationStart","subtype":"recipe","name":"chrome-pdf","timestamp":1718923454247,"id":"piwjvraulhwjvrt","previousEventId":"hp6y00jbip2snce","operationId":"3ggsn41po6xowiq","previousOperationId":"atfyb72xm6qr5y3"}
{"type":"log","timestamp":1718923454247,"level":"debug","message":"Executing recipe chrome-pdf","meta":{"rootId":"dwo6blopj6qd3qu","id":"dwo6blopj6qd3qu"},"id":"fcv0uh77ii1y2um","previousOperationId":"3ggsn41po6xowiq"}
{"type":"log","timestamp":1718923454276,"level":"debug","message":"Converting with chrome Chrome/126.0.6478.61 using chrome-pool strategy","meta":{"rootId":"dwo6blopj6qd3qu","id":"dwo6blopj6qd3qu"},"id":"rwebxgqa79knmt5","previousOperationId":"3ggsn41po6xowiq"}
{"type":"log","timestamp":1718923454470,"level":"debug","message":"Page request: GET (document) file:///var/folders/2x/1bhfw9mx7d775w_jmf56lcp80000gn/T/jsreport/autocleanup/d4578d28-5226-4413-a899-d1b7dac6d7f2-chrome-pdf.html","meta":{"rootId":"dwo6blopj6qd3qu","id":"dwo6blopj6qd3qu"},"id":"gvzl2odbybxbiu0","previousOperationId":"3ggsn41po6xowiq"}
{"type":"log","timestamp":1718923454477,"level":"debug","message":"Page request finished: GET (document) 200 file:///var/folders/2x/1bhfw9mx7d775w_jmf56lcp80000gn/T/jsreport/autocleanup/d4578d28-5226-4413-a899-d1b7dac6d7f2-chrome-pdf.html","meta":{"rootId":"dwo6blopj6qd3qu","id":"dwo6blopj6qd3qu"},"id":"tt0diyw8pnn5use","previousOperationId":"3ggsn41po6xowiq"}
{"type":"log","timestamp":1718923454489,"level":"debug","message":"Running chrome with params {\"timeout\":59970,\"margin\":{},\"printBackground\":true}","meta":{"rootId":"dwo6blopj6qd3qu","id":"dwo6blopj6qd3qu"},"id":"3gqbeoo29uhajy6","previousOperationId":"3ggsn41po6xowiq"}
{"type":"operationEnd","operationId":"3ggsn41po6xowiq","timestamp":1718923454561,"id":"rcazzeimits1s91","previousEventId":"piwjvraulhwjvrt","previousOperationId":"3ggsn41po6xowiq"}
{"type":"log","timestamp":1718923454561,"level":"debug","message":"Skipping storing report.","meta":{"rootId":"dwo6blopj6qd3qu","id":"dwo6blopj6qd3qu"},"id":"ijbjatm7kxuv468","previousOperationId":"3ggsn41po6xowiq"}
{"type":"log","timestamp":1718923454561,"level":"info","message":"Rendering request 12 finished in 331 ms","meta":{"rootId":"dwo6blopj6qd3qu","id":"dwo6blopj6qd3qu"},"id":"25dgfg9ulzxl1du","previousOperationId":"3ggsn41po6xowiq"}
{"type":"operationEnd","subtype":"render","operationId":"l0991ib157vi9f9","timestamp":1718923454562,"id":"izqn5e5y7l1nh66","previousEventId":"rcazzeimits1s91","previousOperationId":"3ggsn41po6xowiq"}
{"type":"operationEnd","doDiffs":false,"previousEventId":"mblkuknonv4snyv","previousOperationId":"xit5a0dklg9b2ck","operationId":"xit5a0dklg9b2ck","timestamp":1718923454562,"id":"0qva1vixzojs11a"}
