{"type":"operationStart","subtype":"profile","data":{"_id":"EVtlTVxHqIRTjBnN","timestamp":"2024-06-21T20:36:37.753Z","state":"queued","mode":"standard","creationDate":"2024-06-21T20:36:37.758Z","modificationDate":"2024-06-21T20:36:37.758Z","shortid":"6PHFbx5","$entitySet":"profiles"},"doDiffs":false,"timestamp":1719002197754,"id":"dbwbr9liohaidxy","previousOperationId":null,"operationId":"5m15f5trhcij709"}
{"type":"log","level":"info","message":"Render request 88 queued for execution and waiting for available worker","previousOperationId":"5m15f5trhcij709","timestamp":1719002197754,"id":"vzjdnlhtzzlstsy"}
{"type":"operationStart","subtype":"render","name":"anonymous","previousOperationId":"5m15f5trhcij709","timestamp":1719002197763,"id":"x90qpnqhjnzxfvg","previousEventId":"dbwbr9liohaidxy","operationId":"xac2qdxg3kz15wy"}
{"type":"log","timestamp":1719002197763,"level":"info","message":"Starting rendering request 88","meta":{"rootId":"earkgir6nyka98e","id":"earkgir6nyka98e"},"id":"y14lrq6me3xq0lw","previousOperationId":"xac2qdxg3kz15wy"}
{"type":"log","timestamp":1719002197763,"level":"info","message":"Rendering anonymous template { recipe: chrome-pdf, engine: handlebars }","meta":{"rootId":"earkgir6nyka98e","id":"earkgir6nyka98e"},"id":"t0z34jlmco3coec","previousOperationId":"xac2qdxg3kz15wy"}
{"type":"log","timestamp":1719002197763,"level":"debug","message":"Inline data specified.","meta":{"rootId":"earkgir6nyka98e","id":"earkgir6nyka98e"},"id":"guh2je13s6xnfpm","previousOperationId":"xac2qdxg3kz15wy"}
{"type":"log","timestamp":1719002197764,"level":"debug","message":"Base url not specified, skipping its injection.","meta":{"rootId":"earkgir6nyka98e","id":"earkgir6nyka98e"},"id":"ruv2x90kquye1rm","previousOperationId":"xac2qdxg3kz15wy"}
{"type":"operationStart","subtype":"engine","name":"handlebars","timestamp":1719002197764,"id":"kj90szgj5s65b3a","previousEventId":"x90qpnqhjnzxfvg","operationId":"nb9ebkrbwsl0zm6","previousOperationId":"xac2qdxg3kz15wy"}
{"type":"log","timestamp":1719002197764,"level":"debug","message":"Rendering engine handlebars","meta":{"rootId":"earkgir6nyka98e","id":"earkgir6nyka98e"},"id":"8buyozwrapdkumz","previousOperationId":"nb9ebkrbwsl0zm6"}
{"type":"operationEnd","operationId":"nb9ebkrbwsl0zm6","timestamp":1719002197769,"id":"qolpw0ph7v6ik9e","previousEventId":"kj90szgj5s65b3a","previousOperationId":"nb9ebkrbwsl0zm6"}
{"type":"operationStart","subtype":"recipe","name":"chrome-pdf","timestamp":1719002197769,"id":"yz3d5y455hb80ij","previousEventId":"qolpw0ph7v6ik9e","operationId":"p2mavqgnhnfww3b","previousOperationId":"nb9ebkrbwsl0zm6"}
{"type":"log","timestamp":1719002197769,"level":"debug","message":"Executing recipe chrome-pdf","meta":{"rootId":"earkgir6nyka98e","id":"earkgir6nyka98e"},"id":"dbgkxoqvhs5y65t","previousOperationId":"p2mavqgnhnfww3b"}
{"type":"log","timestamp":1719002197770,"level":"debug","message":"Converting with chrome Chrome/126.0.6478.61 using chrome-pool strategy","meta":{"rootId":"earkgir6nyka98e","id":"earkgir6nyka98e"},"id":"allpiyrakct3yh5","previousOperationId":"p2mavqgnhnfww3b"}
{"type":"log","timestamp":1719002197812,"level":"debug","message":"Page request: GET (document) file:///var/folders/2x/1bhfw9mx7d775w_jmf56lcp80000gn/T/jsreport/autocleanup/c27e18b0-b20d-4b92-afb9-07901c0ea92c-chrome-pdf.html","meta":{"rootId":"earkgir6nyka98e","id":"earkgir6nyka98e"},"id":"df3joy5ttleemy5","previousOperationId":"p2mavqgnhnfww3b"}
{"type":"log","timestamp":1719002197819,"level":"debug","message":"Page request finished: GET (document) 200 file:///var/folders/2x/1bhfw9mx7d775w_jmf56lcp80000gn/T/jsreport/autocleanup/c27e18b0-b20d-4b92-afb9-07901c0ea92c-chrome-pdf.html","meta":{"rootId":"earkgir6nyka98e","id":"earkgir6nyka98e"},"id":"4biptccs6mi26h1","previousOperationId":"p2mavqgnhnfww3b"}
{"type":"log","timestamp":1719002197819,"level":"debug","message":"Page request: GET (stylesheet) https://cdnjs.cloudflare.com/ajax/libs/metro/4.1.5/css/metro.min.css","meta":{"rootId":"earkgir6nyka98e","id":"earkgir6nyka98e"},"id":"tnjoisqw4yuqvr1","previousOperationId":"p2mavqgnhnfww3b"}
{"type":"log","timestamp":1719002197819,"level":"debug","message":"Page request: GET (script) https://cdnjs.cloudflare.com/ajax/libs/Chart.js/2.7.2/Chart.min.js","meta":{"rootId":"earkgir6nyka98e","id":"earkgir6nyka98e"},"id":"ulv611h9ia755kz","previousOperationId":"p2mavqgnhnfww3b"}
{"type":"log","timestamp":1719002197828,"level":"debug","message":"Page request finished: GET (stylesheet) 200 https://cdnjs.cloudflare.com/ajax/libs/metro/4.1.5/css/metro.min.css","meta":{"rootId":"earkgir6nyka98e","id":"earkgir6nyka98e"},"id":"qmw5qqyjzhvf9oz","previousOperationId":"p2mavqgnhnfww3b"}
{"type":"log","timestamp":1719002197830,"level":"debug","message":"Page request finished: GET (script) 200 https://cdnjs.cloudflare.com/ajax/libs/Chart.js/2.7.2/Chart.min.js","meta":{"rootId":"earkgir6nyka98e","id":"earkgir6nyka98e"},"id":"io9fd9101v2fvct","previousOperationId":"p2mavqgnhnfww3b"}
{"type":"log","timestamp":1719002197835,"level":"debug","message":"Running chrome with params {\"timeout\":59982,\"margin\":{},\"printBackground\":true}","meta":{"rootId":"earkgir6nyka98e","id":"earkgir6nyka98e"},"id":"lgdmahx7ire0w3x","previousOperationId":"p2mavqgnhnfww3b"}
{"type":"operationEnd","operationId":"p2mavqgnhnfww3b","timestamp":1719002197878,"id":"csz51d1eupmiuni","previousEventId":"yz3d5y455hb80ij","previousOperationId":"p2mavqgnhnfww3b"}
{"type":"log","timestamp":1719002197878,"level":"debug","message":"Skipping storing report.","meta":{"rootId":"earkgir6nyka98e","id":"earkgir6nyka98e"},"id":"9uayhvd6h4tfv40","previousOperationId":"p2mavqgnhnfww3b"}
{"type":"log","timestamp":1719002197878,"level":"info","message":"Rendering request 88 finished in 127 ms","meta":{"rootId":"earkgir6nyka98e","id":"earkgir6nyka98e"},"id":"i7c2fy9btwllnl2","previousOperationId":"p2mavqgnhnfww3b"}
{"type":"operationEnd","subtype":"render","operationId":"xac2qdxg3kz15wy","timestamp":1719002197878,"id":"nbwrgjla2q30mdq","previousEventId":"csz51d1eupmiuni","previousOperationId":"p2mavqgnhnfww3b"}
{"type":"operationEnd","doDiffs":false,"previousEventId":"dbwbr9liohaidxy","previousOperationId":"5m15f5trhcij709","operationId":"5m15f5trhcij709","timestamp":1719002197880,"id":"1bfq448a29u010f"}
