{"type":"operationStart","subtype":"profile","data":{"_id":"2VvsP5wdyY4KN5kR","timestamp":"2024-06-21T19:59:24.704Z","state":"queued","mode":"standard","creationDate":"2024-06-21T19:59:24.705Z","modificationDate":"2024-06-21T19:59:24.705Z","shortid":"GQ_1Ge4","$entitySet":"profiles"},"doDiffs":false,"timestamp":1718999964704,"id":"7gdvlu6gyhstsdm","previousOperationId":null,"operationId":"bwe1j0m2f1dg8hk"}
{"type":"log","level":"info","message":"Render request 71 queued for execution and waiting for available worker","previousOperationId":"bwe1j0m2f1dg8hk","timestamp":1718999964704,"id":"qu0yo8uycdznn6r"}
{"type":"operationStart","subtype":"render","name":"anonymous","previousOperationId":"bwe1j0m2f1dg8hk","timestamp":1718999964708,"id":"6sz0v8p5zol9tbo","previousEventId":"7gdvlu6gyhstsdm","operationId":"dfiaxzk82uu3clg"}
{"type":"log","timestamp":1718999964708,"level":"info","message":"Starting rendering request 71","meta":{"rootId":"f3nx2fasam1i9it","id":"f3nx2fasam1i9it"},"id":"wmat3v08wureble","previousOperationId":"dfiaxzk82uu3clg"}
{"type":"log","timestamp":1718999964709,"level":"info","message":"Rendering anonymous template { recipe: chrome-pdf, engine: handlebars }","meta":{"rootId":"f3nx2fasam1i9it","id":"f3nx2fasam1i9it"},"id":"ggm6p6e0934r0te","previousOperationId":"dfiaxzk82uu3clg"}
{"type":"log","timestamp":1718999964709,"level":"debug","message":"Inline data specified.","meta":{"rootId":"f3nx2fasam1i9it","id":"f3nx2fasam1i9it"},"id":"lpmm6mop0dhg5tb","previousOperationId":"dfiaxzk82uu3clg"}
{"type":"log","timestamp":1718999964709,"level":"debug","message":"Base url not specified, skipping its injection.","meta":{"rootId":"f3nx2fasam1i9it","id":"f3nx2fasam1i9it"},"id":"4cub8h8tflc0jsv","previousOperationId":"dfiaxzk82uu3clg"}
{"type":"operationStart","subtype":"engine","name":"handlebars","timestamp":1718999964709,"id":"md4hjx2d37ntcq1","previousEventId":"6sz0v8p5zol9tbo","operationId":"od5vf7p5ejyzp3m","previousOperationId":"dfiaxzk82uu3clg"}
{"type":"log","timestamp":1718999964709,"level":"debug","message":"Rendering engine handlebars","meta":{"rootId":"f3nx2fasam1i9it","id":"f3nx2fasam1i9it"},"id":"tgjdmo6delyi4dq","previousOperationId":"od5vf7p5ejyzp3m"}
{"type":"operationEnd","operationId":"od5vf7p5ejyzp3m","timestamp":1718999964715,"id":"ouf5tge9lb8ft4y","previousEventId":"md4hjx2d37ntcq1","previousOperationId":"od5vf7p5ejyzp3m"}
{"type":"operationStart","subtype":"recipe","name":"chrome-pdf","timestamp":1718999964715,"id":"zr5168rrcxna5r3","previousEventId":"ouf5tge9lb8ft4y","operationId":"b0kq22m6w1ih0ix","previousOperationId":"od5vf7p5ejyzp3m"}
{"type":"log","timestamp":1718999964715,"level":"debug","message":"Executing recipe chrome-pdf","meta":{"rootId":"f3nx2fasam1i9it","id":"f3nx2fasam1i9it"},"id":"58uo0cyry2zheuk","previousOperationId":"b0kq22m6w1ih0ix"}
{"type":"log","timestamp":1718999964718,"level":"debug","message":"Converting with chrome Chrome/126.0.6478.61 using chrome-pool strategy","meta":{"rootId":"f3nx2fasam1i9it","id":"f3nx2fasam1i9it"},"id":"3omevbfjj32azuf","previousOperationId":"b0kq22m6w1ih0ix"}
{"type":"log","timestamp":1718999964799,"level":"debug","message":"Page request: GET (document) file:///var/folders/2x/1bhfw9mx7d775w_jmf56lcp80000gn/T/jsreport/autocleanup/b0ef9d2a-b246-469b-b824-eefe9a27a5e9-chrome-pdf.html","meta":{"rootId":"f3nx2fasam1i9it","id":"f3nx2fasam1i9it"},"id":"4xuov3b5y3s6aod","previousOperationId":"b0kq22m6w1ih0ix"}
{"type":"log","timestamp":1718999964806,"level":"debug","message":"Page request finished: GET (document) 200 file:///var/folders/2x/1bhfw9mx7d775w_jmf56lcp80000gn/T/jsreport/autocleanup/b0ef9d2a-b246-469b-b824-eefe9a27a5e9-chrome-pdf.html","meta":{"rootId":"f3nx2fasam1i9it","id":"f3nx2fasam1i9it"},"id":"x2kuodhud0vdii1","previousOperationId":"b0kq22m6w1ih0ix"}
{"type":"log","timestamp":1718999964807,"level":"debug","message":"Page request: GET (stylesheet) https://cdnjs.cloudflare.com/ajax/libs/metro/4.1.5/css/metro.min.css","meta":{"rootId":"f3nx2fasam1i9it","id":"f3nx2fasam1i9it"},"id":"wjvdqs6rknis852","previousOperationId":"b0kq22m6w1ih0ix"}
{"type":"log","timestamp":1718999964807,"level":"debug","message":"Page request: GET (script) https://cdnjs.cloudflare.com/ajax/libs/Chart.js/2.7.2/Chart.min.js","meta":{"rootId":"f3nx2fasam1i9it","id":"f3nx2fasam1i9it"},"id":"w7pz0ljs7f06p4m","previousOperationId":"b0kq22m6w1ih0ix"}
{"type":"log","timestamp":1718999964815,"level":"debug","message":"Page request finished: GET (stylesheet) 200 https://cdnjs.cloudflare.com/ajax/libs/metro/4.1.5/css/metro.min.css","meta":{"rootId":"f3nx2fasam1i9it","id":"f3nx2fasam1i9it"},"id":"ae0xropjl4t7vr1","previousOperationId":"b0kq22m6w1ih0ix"}
{"type":"log","timestamp":1718999964816,"level":"debug","message":"Page request finished: GET (script) 200 https://cdnjs.cloudflare.com/ajax/libs/Chart.js/2.7.2/Chart.min.js","meta":{"rootId":"f3nx2fasam1i9it","id":"f3nx2fasam1i9it"},"id":"zyjpe5ig88rlire","previousOperationId":"b0kq22m6w1ih0ix"}
{"type":"log","timestamp":1718999964831,"level":"debug","message":"Running chrome with params {\"timeout\":59987,\"margin\":{},\"printBackground\":true}","meta":{"rootId":"f3nx2fasam1i9it","id":"f3nx2fasam1i9it"},"id":"n390spnie6wmwa5","previousOperationId":"b0kq22m6w1ih0ix"}
{"type":"operationEnd","operationId":"b0kq22m6w1ih0ix","timestamp":1718999964916,"id":"00taqgnr8d53wqd","previousEventId":"zr5168rrcxna5r3","previousOperationId":"b0kq22m6w1ih0ix"}
{"type":"log","timestamp":1718999964916,"level":"debug","message":"Skipping storing report.","meta":{"rootId":"f3nx2fasam1i9it","id":"f3nx2fasam1i9it"},"id":"3qylktvqqfa2vfl","previousOperationId":"b0kq22m6w1ih0ix"}
{"type":"log","timestamp":1718999964916,"level":"info","message":"Rendering request 71 finished in 212 ms","meta":{"rootId":"f3nx2fasam1i9it","id":"f3nx2fasam1i9it"},"id":"x905k3bnrr7fmtk","previousOperationId":"b0kq22m6w1ih0ix"}
{"type":"operationEnd","subtype":"render","operationId":"dfiaxzk82uu3clg","timestamp":1718999964916,"id":"lxwyshaqincsjil","previousEventId":"00taqgnr8d53wqd","previousOperationId":"b0kq22m6w1ih0ix"}
{"type":"operationEnd","doDiffs":false,"previousEventId":"7gdvlu6gyhstsdm","previousOperationId":"bwe1j0m2f1dg8hk","operationId":"bwe1j0m2f1dg8hk","timestamp":1718999964917,"id":"enc6nga87s6y8ug"}
