{"type":"operationStart","subtype":"profile","data":{"_id":"AGUjeel6ET0ixV1z","timestamp":"2024-06-21T22:03:02.581Z","state":"queued","mode":"standard","creationDate":"2024-06-21T22:03:02.582Z","modificationDate":"2024-06-21T22:03:02.582Z","shortid":"ufHuZz-","$entitySet":"profiles"},"doDiffs":false,"timestamp":1719007382582,"id":"gognsf7zf2o273z","previousOperationId":null,"operationId":"vitxo45mwzem5cm"}
{"type":"log","level":"info","message":"Render request 132 queued for execution and waiting for available worker","previousOperationId":"vitxo45mwzem5cm","timestamp":1719007382582,"id":"8467lqor0sqbeye"}
{"type":"operationStart","subtype":"render","name":"anonymous","previousOperationId":"vitxo45mwzem5cm","timestamp":1719007382595,"id":"8w7d11z04e2l07k","previousEventId":"gognsf7zf2o273z","operationId":"vd2xy6zvoi8brnk"}
{"type":"log","timestamp":1719007382596,"level":"info","message":"Starting rendering request 132","meta":{"rootId":"f7b04xb9n8cyn81","id":"f7b04xb9n8cyn81"},"id":"am8y5c8dtc59v5e","previousOperationId":"vd2xy6zvoi8brnk"}
{"type":"log","timestamp":1719007382596,"level":"info","message":"Rendering anonymous template { recipe: chrome-pdf, engine: handlebars }","meta":{"rootId":"f7b04xb9n8cyn81","id":"f7b04xb9n8cyn81"},"id":"52zoddv2in2u6da","previousOperationId":"vd2xy6zvoi8brnk"}
{"type":"log","timestamp":1719007382596,"level":"debug","message":"Inline data specified.","meta":{"rootId":"f7b04xb9n8cyn81","id":"f7b04xb9n8cyn81"},"id":"g985o80bpjohax2","previousOperationId":"vd2xy6zvoi8brnk"}
{"type":"log","timestamp":1719007382597,"level":"debug","message":"Base url not specified, skipping its injection.","meta":{"rootId":"f7b04xb9n8cyn81","id":"f7b04xb9n8cyn81"},"id":"dzrfjcaskgq7ufw","previousOperationId":"vd2xy6zvoi8brnk"}
{"type":"operationStart","subtype":"engine","name":"handlebars","timestamp":1719007382599,"id":"2uki6x7z3rejw44","previousEventId":"8w7d11z04e2l07k","operationId":"r5w6aos3d17him4","previousOperationId":"vd2xy6zvoi8brnk"}
{"type":"log","timestamp":1719007382599,"level":"debug","message":"Rendering engine handlebars","meta":{"rootId":"f7b04xb9n8cyn81","id":"f7b04xb9n8cyn81"},"id":"zwzr023r62kvboi","previousOperationId":"r5w6aos3d17him4"}
{"type":"log","timestamp":1719007382609,"level":"debug","message":"(console:log) Pdf utils adding group field, value: \"France\"","meta":{"userLevel":true,"rootId":"f7b04xb9n8cyn81","id":"f7b04xb9n8cyn81"},"id":"hrxyi83eog8vi0f","previousOperationId":"r5w6aos3d17him4"}
{"type":"log","timestamp":1719007382610,"level":"debug","message":"(console:log) Pdf utils adding group field, value: \"Germany\"","meta":{"userLevel":true,"rootId":"f7b04xb9n8cyn81","id":"f7b04xb9n8cyn81"},"id":"7tburu35cxgjmon","previousOperationId":"r5w6aos3d17him4"}
{"type":"operationEnd","operationId":"r5w6aos3d17him4","timestamp":1719007382610,"id":"50ml4qb1xw9ri84","previousEventId":"2uki6x7z3rejw44","previousOperationId":"r5w6aos3d17him4"}
{"type":"operationStart","subtype":"recipe","name":"chrome-pdf","timestamp":1719007382610,"id":"fvkhsivc0mvhzlb","previousEventId":"50ml4qb1xw9ri84","operationId":"i7tig2ylncr6ie9","previousOperationId":"r5w6aos3d17him4"}
{"type":"log","timestamp":1719007382610,"level":"debug","message":"Executing recipe chrome-pdf","meta":{"rootId":"f7b04xb9n8cyn81","id":"f7b04xb9n8cyn81"},"id":"8hvbxskxq4ejbyq","previousOperationId":"i7tig2ylncr6ie9"}
{"type":"log","timestamp":1719007382611,"level":"debug","message":"Starting child request to render pdf header","meta":{"rootId":"f7b04xb9n8cyn81","id":"f7b04xb9n8cyn81"},"id":"gtyssazeai9p3tw","previousOperationId":"i7tig2ylncr6ie9"}
{"type":"operationStart","subtype":"render","name":"anonymous","previousOperationId":"i7tig2ylncr6ie9","timestamp":1719007382611,"id":"u4vtsahxo86f9cd","previousEventId":"fvkhsivc0mvhzlb","operationId":"rvu9pqk5q49ohry"}
{"type":"log","timestamp":1719007382611,"level":"info","message":"Starting rendering (child) request","meta":{"rootId":"f7b04xb9n8cyn81","id":"6m57ooxgf4j7hsy"},"id":"q8w9langbmzt7vt","previousOperationId":"rvu9pqk5q49ohry"}
{"type":"log","timestamp":1719007382611,"level":"info","message":"Rendering anonymous template { recipe: html, engine: handlebars }","meta":{"rootId":"f7b04xb9n8cyn81","id":"6m57ooxgf4j7hsy"},"id":"iba6z6ehwqaj5mf","previousOperationId":"rvu9pqk5q49ohry"}
{"type":"log","timestamp":1719007382611,"level":"debug","message":"Inline data specified.","meta":{"rootId":"f7b04xb9n8cyn81","id":"6m57ooxgf4j7hsy"},"id":"ztee0nn5nun56bg","previousOperationId":"rvu9pqk5q49ohry"}
{"type":"log","timestamp":1719007382612,"level":"debug","message":"Base url not specified, skipping its injection.","meta":{"rootId":"f7b04xb9n8cyn81","id":"6m57ooxgf4j7hsy"},"id":"1um0kr3gdf3ux03","previousOperationId":"rvu9pqk5q49ohry"}
{"type":"operationStart","subtype":"engine","name":"handlebars","timestamp":1719007382612,"id":"nzoa2vs4stn9hbk","previousEventId":"u4vtsahxo86f9cd","operationId":"dykpkjrotcrxltq","previousOperationId":"rvu9pqk5q49ohry"}
{"type":"log","timestamp":1719007382612,"level":"debug","message":"Rendering engine handlebars","meta":{"rootId":"f7b04xb9n8cyn81","id":"6m57ooxgf4j7hsy"},"id":"1kmjehh7s4dqb7w","previousOperationId":"dykpkjrotcrxltq"}
{"type":"operationEnd","operationId":"dykpkjrotcrxltq","timestamp":1719007382613,"id":"ph8giehgb0oac0q","previousEventId":"nzoa2vs4stn9hbk","previousOperationId":"dykpkjrotcrxltq"}
{"type":"operationStart","subtype":"recipe","name":"html","timestamp":1719007382613,"id":"t8mrk759zf4m2pw","previousEventId":"ph8giehgb0oac0q","operationId":"wwdotpns4s75j36","previousOperationId":"dykpkjrotcrxltq"}
{"type":"log","timestamp":1719007382613,"level":"debug","message":"Executing recipe html","meta":{"rootId":"f7b04xb9n8cyn81","id":"6m57ooxgf4j7hsy"},"id":"97wajelk18hxecw","previousOperationId":"wwdotpns4s75j36"}
{"type":"operationEnd","operationId":"wwdotpns4s75j36","timestamp":1719007382613,"id":"ey06os3ltwgd2um","previousEventId":"t8mrk759zf4m2pw","previousOperationId":"wwdotpns4s75j36"}
{"type":"log","timestamp":1719007382614,"level":"debug","message":"Skipping storing report.","meta":{"rootId":"f7b04xb9n8cyn81","id":"6m57ooxgf4j7hsy"},"id":"y2ct3cpyqfvavhc","previousOperationId":"wwdotpns4s75j36"}
{"type":"log","timestamp":1719007382614,"level":"info","message":"Rendering (child) request finished in 33 ms","meta":{"rootId":"f7b04xb9n8cyn81","id":"6m57ooxgf4j7hsy"},"id":"bxie4butvd2nb2b","previousOperationId":"wwdotpns4s75j36"}
{"type":"operationEnd","subtype":"render","operationId":"rvu9pqk5q49ohry","timestamp":1719007382614,"id":"nsysj223tluur35","previousEventId":"ey06os3ltwgd2um","previousOperationId":"wwdotpns4s75j36"}
{"type":"log","timestamp":1719007382614,"level":"debug","message":"Starting child request to render pdf footer","meta":{"rootId":"f7b04xb9n8cyn81","id":"f7b04xb9n8cyn81"},"id":"bg0u5wyihzf92jh","previousOperationId":"i7tig2ylncr6ie9"}
{"type":"operationStart","subtype":"render","name":"anonymous","previousOperationId":"i7tig2ylncr6ie9","timestamp":1719007382614,"id":"92rrfsw5d0kaoqz","previousEventId":"fvkhsivc0mvhzlb","operationId":"xchzgkw3io83ttw"}
{"type":"log","timestamp":1719007382614,"level":"info","message":"Starting rendering (child) request","meta":{"rootId":"f7b04xb9n8cyn81","id":"6kp54b1i5n2p40z"},"id":"gs3bfid6ml09qsu","previousOperationId":"xchzgkw3io83ttw"}
{"type":"log","timestamp":1719007382614,"level":"info","message":"Rendering anonymous template { recipe: html, engine: handlebars }","meta":{"rootId":"f7b04xb9n8cyn81","id":"6kp54b1i5n2p40z"},"id":"19vpo8u2kto5m87","previousOperationId":"xchzgkw3io83ttw"}
{"type":"log","timestamp":1719007382614,"level":"debug","message":"Inline data specified.","meta":{"rootId":"f7b04xb9n8cyn81","id":"6kp54b1i5n2p40z"},"id":"a3dqzap8c5sevnz","previousOperationId":"xchzgkw3io83ttw"}
{"type":"log","timestamp":1719007382614,"level":"debug","message":"Base url not specified, skipping its injection.","meta":{"rootId":"f7b04xb9n8cyn81","id":"6kp54b1i5n2p40z"},"id":"j3f8qhtxwvg0cal","previousOperationId":"xchzgkw3io83ttw"}
{"type":"operationStart","subtype":"engine","name":"handlebars","timestamp":1719007382614,"id":"vqdr3e2tuv8n3sg","previousEventId":"92rrfsw5d0kaoqz","operationId":"2psxr5i0w7rk2zq","previousOperationId":"xchzgkw3io83ttw"}
{"type":"log","timestamp":1719007382614,"level":"debug","message":"Rendering engine handlebars","meta":{"rootId":"f7b04xb9n8cyn81","id":"6kp54b1i5n2p40z"},"id":"9srt32k729vn8ki","previousOperationId":"2psxr5i0w7rk2zq"}
{"type":"operationEnd","operationId":"2psxr5i0w7rk2zq","timestamp":1719007382615,"id":"rw68e2hvvkftnao","previousEventId":"vqdr3e2tuv8n3sg","previousOperationId":"2psxr5i0w7rk2zq"}
{"type":"operationStart","subtype":"recipe","name":"html","timestamp":1719007382615,"id":"9n4vtsrvmcbdqgs","previousEventId":"rw68e2hvvkftnao","operationId":"xvyzmxxoxkzkwwh","previousOperationId":"2psxr5i0w7rk2zq"}
{"type":"log","timestamp":1719007382615,"level":"debug","message":"Executing recipe html","meta":{"rootId":"f7b04xb9n8cyn81","id":"6kp54b1i5n2p40z"},"id":"gzgldila52aeimc","previousOperationId":"xvyzmxxoxkzkwwh"}
{"type":"operationEnd","operationId":"xvyzmxxoxkzkwwh","timestamp":1719007382615,"id":"mnfoq9cqoxzrlc0","previousEventId":"9n4vtsrvmcbdqgs","previousOperationId":"xvyzmxxoxkzkwwh"}
{"type":"log","timestamp":1719007382615,"level":"debug","message":"Skipping storing report.","meta":{"rootId":"f7b04xb9n8cyn81","id":"6kp54b1i5n2p40z"},"id":"xjim8fq73zyan7z","previousOperationId":"xvyzmxxoxkzkwwh"}
{"type":"log","timestamp":1719007382615,"level":"info","message":"Rendering (child) request finished in 34 ms","meta":{"rootId":"f7b04xb9n8cyn81","id":"6kp54b1i5n2p40z"},"id":"f0wmt3lczkceswx","previousOperationId":"xvyzmxxoxkzkwwh"}
{"type":"operationEnd","subtype":"render","operationId":"xchzgkw3io83ttw","timestamp":1719007382615,"id":"yu7p34l03tzuf9t","previousEventId":"mnfoq9cqoxzrlc0","previousOperationId":"xvyzmxxoxkzkwwh"}
{"type":"log","timestamp":1719007382616,"level":"debug","message":"Converting with chrome Chrome/126.0.6478.61 using chrome-pool strategy","meta":{"rootId":"f7b04xb9n8cyn81","id":"f7b04xb9n8cyn81"},"id":"ahe9myclu75t5u4","previousOperationId":"i7tig2ylncr6ie9"}
{"type":"log","timestamp":1719007382707,"level":"debug","message":"Page request: GET (document) file:///var/folders/2x/1bhfw9mx7d775w_jmf56lcp80000gn/T/jsreport/autocleanup/ab510dc8-736a-4730-ad67-2bec9ec062d2-chrome-pdf.html","meta":{"rootId":"f7b04xb9n8cyn81","id":"f7b04xb9n8cyn81"},"id":"pefea6vdhhxwoo7","previousOperationId":"i7tig2ylncr6ie9"}
{"type":"log","timestamp":1719007382713,"level":"debug","message":"Page request finished: GET (document) 200 file:///var/folders/2x/1bhfw9mx7d775w_jmf56lcp80000gn/T/jsreport/autocleanup/ab510dc8-736a-4730-ad67-2bec9ec062d2-chrome-pdf.html","meta":{"rootId":"f7b04xb9n8cyn81","id":"f7b04xb9n8cyn81"},"id":"lrpm1h2bx90ypur","previousOperationId":"i7tig2ylncr6ie9"}
{"type":"log","timestamp":1719007382715,"level":"debug","message":"Page request: GET (stylesheet) https://cdnjs.cloudflare.com/ajax/libs/metro/4.1.5/css/metro.min.css","meta":{"rootId":"f7b04xb9n8cyn81","id":"f7b04xb9n8cyn81"},"id":"57ncp5ptdgb643y","previousOperationId":"i7tig2ylncr6ie9"}
{"type":"log","timestamp":1719007382715,"level":"debug","message":"Page request: GET (script) https://cdnjs.cloudflare.com/ajax/libs/Chart.js/2.7.2/Chart.min.js","meta":{"rootId":"f7b04xb9n8cyn81","id":"f7b04xb9n8cyn81"},"id":"luf3kskhsfho2mv","previousOperationId":"i7tig2ylncr6ie9"}
{"type":"log","timestamp":1719007382723,"level":"debug","message":"Page request finished: GET (stylesheet) 200 https://cdnjs.cloudflare.com/ajax/libs/metro/4.1.5/css/metro.min.css","meta":{"rootId":"f7b04xb9n8cyn81","id":"f7b04xb9n8cyn81"},"id":"8jfw2q2k33gu1qg","previousOperationId":"i7tig2ylncr6ie9"}
{"type":"log","timestamp":1719007382723,"level":"debug","message":"Page request finished: GET (script) 200 https://cdnjs.cloudflare.com/ajax/libs/Chart.js/2.7.2/Chart.min.js","meta":{"rootId":"f7b04xb9n8cyn81","id":"f7b04xb9n8cyn81"},"id":"ddmer52w60svpby","previousOperationId":"i7tig2ylncr6ie9"}
{"type":"log","timestamp":1719007382755,"level":"debug","message":"Running chrome with params {\"displayHeaderFooter\":true,\"headerTemplate\":\"...\",\"footerTemplate\":\"...\",\"marginTop\":\"2cm\",\"marginRight\":\"1.5cm\",\"marginLeft\":\"1.5cm\",\"marginBottom\":\"1.5cm\",\"timeout\":59966,\"margin\":{\"top\":\"2cm\",\"right\":\"1.5cm\",\"bottom\":\"1.5cm\",\"left\":\"1.5cm\"},\"printBackground\":true}","meta":{"rootId":"f7b04xb9n8cyn81","id":"f7b04xb9n8cyn81"},"id":"l1ji6hhzuhved5a","previousOperationId":"i7tig2ylncr6ie9"}
{"type":"operationEnd","operationId":"i7tig2ylncr6ie9","timestamp":1719007382936,"id":"jybgwc5rcmjgpuy","previousEventId":"fvkhsivc0mvhzlb","previousOperationId":"i7tig2ylncr6ie9"}
{"type":"log","timestamp":1719007382936,"level":"info","message":"pdf-utils is starting pdf processing","meta":{"rootId":"f7b04xb9n8cyn81","id":"f7b04xb9n8cyn81"},"id":"qpph47y3bhgp6lw","previousOperationId":"i7tig2ylncr6ie9"}
{"type":"operationStart","subtype":"pdfUtils","name":"pdf utils","timestamp":1719007382938,"id":"8qho34s89cw0g27","previousEventId":"jybgwc5rcmjgpuy","operationId":"y33xfv5uklyul3l","previousOperationId":"i7tig2ylncr6ie9"}
{"type":"log","timestamp":1719007382938,"level":"debug","message":"pdf-utils detected 1 pdf operation(s) to process","meta":{"rootId":"f7b04xb9n8cyn81","id":"f7b04xb9n8cyn81"},"id":"t5sdoolpyu4d9e6","previousOperationId":"y33xfv5uklyul3l"}
{"type":"log","timestamp":1719007382958,"level":"debug","message":"pdf-utils running pdf operation merge","meta":{"rootId":"f7b04xb9n8cyn81","id":"f7b04xb9n8cyn81"},"id":"27r5der9vnwvmdp","previousOperationId":"y33xfv5uklyul3l"}
{"type":"operationStart","subtype":"pdfUtilsMerge","name":"pdf utils merge","previousOperationId":"y33xfv5uklyul3l","timestamp":1719007382958,"id":"rcm6qucbazb8nka","previousEventId":"8qho34s89cw0g27","operationId":"tgfmgz0nmc8osbu"}
{"type":"operationStart","subtype":"render","name":"anonymous","previousOperationId":"tgfmgz0nmc8osbu","timestamp":1719007382958,"id":"3h6x4c2sue4auyv","previousEventId":"rcm6qucbazb8nka","operationId":"f3nh3v81kb0g2dr"}
{"type":"log","timestamp":1719007382958,"level":"info","message":"Starting rendering (child) request","meta":{"rootId":"f7b04xb9n8cyn81","id":"gq4wssoahnzs6gb"},"id":"468cs55tocfzbo3","previousOperationId":"f3nh3v81kb0g2dr"}
{"type":"log","timestamp":1719007382958,"level":"info","message":"Rendering anonymous template { recipe: chrome-pdf, engine: handlebars }","meta":{"rootId":"f7b04xb9n8cyn81","id":"gq4wssoahnzs6gb"},"id":"uojjiq7bb2woaml","previousOperationId":"f3nh3v81kb0g2dr"}
{"type":"log","timestamp":1719007382958,"level":"debug","message":"Inline data specified.","meta":{"rootId":"f7b04xb9n8cyn81","id":"gq4wssoahnzs6gb"},"id":"nhq4eqnug34r91q","previousOperationId":"f3nh3v81kb0g2dr"}
{"type":"log","timestamp":1719007382961,"level":"debug","message":"Base url not specified, skipping its injection.","meta":{"rootId":"f7b04xb9n8cyn81","id":"gq4wssoahnzs6gb"},"id":"euzo8ez0qmnjo0b","previousOperationId":"f3nh3v81kb0g2dr"}
{"type":"operationStart","subtype":"engine","name":"handlebars","timestamp":1719007382961,"id":"w7rybwfe8wppqrz","previousEventId":"3h6x4c2sue4auyv","operationId":"ikwqpl7mggxpn4e","previousOperationId":"f3nh3v81kb0g2dr"}
{"type":"log","timestamp":1719007382961,"level":"debug","message":"Rendering engine handlebars","meta":{"rootId":"f7b04xb9n8cyn81","id":"gq4wssoahnzs6gb"},"id":"7q3yod459doydvy","previousOperationId":"ikwqpl7mggxpn4e"}
{"type":"operationEnd","operationId":"ikwqpl7mggxpn4e","timestamp":1719007382964,"id":"wyro4alpli0m9e5","previousEventId":"w7rybwfe8wppqrz","previousOperationId":"ikwqpl7mggxpn4e"}
{"type":"operationStart","subtype":"recipe","name":"chrome-pdf","timestamp":1719007382964,"id":"mdasae6wbhy49tv","previousEventId":"wyro4alpli0m9e5","operationId":"kqvlgvzrb051gl1","previousOperationId":"ikwqpl7mggxpn4e"}
{"type":"log","timestamp":1719007382964,"level":"debug","message":"Executing recipe chrome-pdf","meta":{"rootId":"f7b04xb9n8cyn81","id":"gq4wssoahnzs6gb"},"id":"k84uqv2wpukxer2","previousOperationId":"kqvlgvzrb051gl1"}
{"type":"log","timestamp":1719007382964,"level":"debug","message":"Converting with chrome Chrome/126.0.6478.61 using chrome-pool strategy","meta":{"rootId":"f7b04xb9n8cyn81","id":"gq4wssoahnzs6gb"},"id":"98xsw6mpl6mirmh","previousOperationId":"kqvlgvzrb051gl1"}
{"type":"log","timestamp":1719007383027,"level":"debug","message":"Page request: GET (document) file:///var/folders/2x/1bhfw9mx7d775w_jmf56lcp80000gn/T/jsreport/autocleanup/bf1822dc-b9c5-4a71-921a-3e9729ff4927-chrome-pdf.html","meta":{"rootId":"f7b04xb9n8cyn81","id":"gq4wssoahnzs6gb"},"id":"6en8gfrrhcn3dyo","previousOperationId":"kqvlgvzrb051gl1"}
{"type":"log","timestamp":1719007383031,"level":"debug","message":"Page request finished: GET (document) 200 file:///var/folders/2x/1bhfw9mx7d775w_jmf56lcp80000gn/T/jsreport/autocleanup/bf1822dc-b9c5-4a71-921a-3e9729ff4927-chrome-pdf.html","meta":{"rootId":"f7b04xb9n8cyn81","id":"gq4wssoahnzs6gb"},"id":"t2jbtzs3ab6fgkb","previousOperationId":"kqvlgvzrb051gl1"}
{"type":"log","timestamp":1719007383033,"level":"debug","message":"Running chrome with params {\"timeout\":59617,\"margin\":{},\"printBackground\":true}","meta":{"rootId":"f7b04xb9n8cyn81","id":"gq4wssoahnzs6gb"},"id":"r9s4n6k7j3sxj4e","previousOperationId":"kqvlgvzrb051gl1"}
{"type":"operationEnd","operationId":"kqvlgvzrb051gl1","timestamp":1719007383096,"id":"486jb7m7zhfyov6","previousEventId":"mdasae6wbhy49tv","previousOperationId":"kqvlgvzrb051gl1"}
{"type":"log","timestamp":1719007383096,"level":"debug","message":"Skipping storing report.","meta":{"rootId":"f7b04xb9n8cyn81","id":"gq4wssoahnzs6gb"},"id":"0j79isa6r3nscfp","previousOperationId":"kqvlgvzrb051gl1"}
{"type":"log","timestamp":1719007383096,"level":"info","message":"Rendering (child) request finished in 515 ms","meta":{"rootId":"f7b04xb9n8cyn81","id":"gq4wssoahnzs6gb"},"id":"zs6rk7n29zui5o4","previousOperationId":"kqvlgvzrb051gl1"}
{"type":"operationEnd","subtype":"render","operationId":"f3nh3v81kb0g2dr","timestamp":1719007383096,"id":"lgof1s1zk5b10z9","previousEventId":"486jb7m7zhfyov6","previousOperationId":"kqvlgvzrb051gl1"}
{"type":"operationEnd","operationId":"tgfmgz0nmc8osbu","timestamp":1719007383109,"id":"b9ukcw776c1f8b9","previousEventId":"rcm6qucbazb8nka","previousOperationId":"tgfmgz0nmc8osbu"}
{"type":"log","timestamp":1719007383109,"level":"debug","message":"pdf-utils postprocess start","meta":{"rootId":"f7b04xb9n8cyn81","id":"f7b04xb9n8cyn81"},"id":"fbobbn73app9dpg","previousOperationId":"tgfmgz0nmc8osbu"}
{"type":"log","timestamp":1719007383122,"level":"debug","message":"pdf-utils postprocess end","meta":{"rootId":"f7b04xb9n8cyn81","id":"f7b04xb9n8cyn81"},"id":"mhyegmkqjuktcn7","previousOperationId":"tgfmgz0nmc8osbu"}
{"type":"operationEnd","operationId":"y33xfv5uklyul3l","timestamp":1719007383122,"id":"2jk8xa46sm9kvns","previousEventId":"b9ukcw776c1f8b9","previousOperationId":"tgfmgz0nmc8osbu"}
{"type":"log","timestamp":1719007383123,"level":"info","message":"pdf-utils pdf processing was finished","meta":{"rootId":"f7b04xb9n8cyn81","id":"f7b04xb9n8cyn81"},"id":"7gx8bxwhqpapy78","previousOperationId":"y33xfv5uklyul3l"}
{"type":"log","timestamp":1719007383123,"level":"debug","message":"Skipping storing report.","meta":{"rootId":"f7b04xb9n8cyn81","id":"f7b04xb9n8cyn81"},"id":"u5hx4h87v5xlr5x","previousOperationId":"y33xfv5uklyul3l"}
{"type":"log","timestamp":1719007383123,"level":"info","message":"Rendering request 132 finished in 542 ms","meta":{"rootId":"f7b04xb9n8cyn81","id":"f7b04xb9n8cyn81"},"id":"0ogqhsr9653wv7b","previousOperationId":"y33xfv5uklyul3l"}
{"type":"operationEnd","subtype":"render","operationId":"vd2xy6zvoi8brnk","timestamp":1719007383123,"id":"ox2nxn2g30ougry","previousEventId":"2jk8xa46sm9kvns","previousOperationId":"y33xfv5uklyul3l"}
{"type":"operationEnd","doDiffs":false,"previousEventId":"gognsf7zf2o273z","previousOperationId":"vitxo45mwzem5cm","operationId":"vitxo45mwzem5cm","timestamp":1719007383123,"id":"6d48fyho9ql4xun"}
