{"type":"operationStart","subtype":"profile","data":{"_id":"i4pOqnHfgv0g7vCQ","timestamp":"2024-06-21T21:15:55.514Z","state":"queued","mode":"standard","creationDate":"2024-06-21T21:15:55.516Z","modificationDate":"2024-06-21T21:15:55.516Z","shortid":"1VmhBnE","$entitySet":"profiles"},"doDiffs":false,"timestamp":1719004555515,"id":"0nlg4kco8evgede","previousOperationId":null,"operationId":"adi2vd3ai66dx7m"}
{"type":"log","level":"info","message":"Render request 106 queued for execution and waiting for available worker","previousOperationId":"adi2vd3ai66dx7m","timestamp":1719004555515,"id":"9mz1p3si3ck1mwd"}
{"type":"operationStart","subtype":"render","name":"anonymous","previousOperationId":"adi2vd3ai66dx7m","timestamp":1719004555522,"id":"xeojf5wbqqiuu4m","previousEventId":"0nlg4kco8evgede","operationId":"gxlcfsqoki6huew"}
{"type":"log","timestamp":1719004555522,"level":"info","message":"Starting rendering request 106","meta":{"rootId":"fnly3tdyflk7wpl","id":"fnly3tdyflk7wpl"},"id":"rba5cvfz4l80fs2","previousOperationId":"gxlcfsqoki6huew"}
{"type":"log","timestamp":1719004555523,"level":"info","message":"Rendering anonymous template { recipe: chrome-pdf, engine: handlebars }","meta":{"rootId":"fnly3tdyflk7wpl","id":"fnly3tdyflk7wpl"},"id":"gmeri8q6lwuxxru","previousOperationId":"gxlcfsqoki6huew"}
{"type":"log","timestamp":1719004555523,"level":"debug","message":"Inline data specified.","meta":{"rootId":"fnly3tdyflk7wpl","id":"fnly3tdyflk7wpl"},"id":"g42it3qn0dyg675","previousOperationId":"gxlcfsqoki6huew"}
{"type":"log","timestamp":1719004555523,"level":"debug","message":"Base url not specified, skipping its injection.","meta":{"rootId":"fnly3tdyflk7wpl","id":"fnly3tdyflk7wpl"},"id":"ulvc7j75mgl7vte","previousOperationId":"gxlcfsqoki6huew"}
{"type":"operationStart","subtype":"engine","name":"handlebars","timestamp":1719004555524,"id":"1cwv43rvb1jg8er","previousEventId":"xeojf5wbqqiuu4m","operationId":"6c4uuye3n8lrad5","previousOperationId":"gxlcfsqoki6huew"}
{"type":"log","timestamp":1719004555524,"level":"debug","message":"Rendering engine handlebars","meta":{"rootId":"fnly3tdyflk7wpl","id":"fnly3tdyflk7wpl"},"id":"lj2okzok2s72gri","previousOperationId":"6c4uuye3n8lrad5"}
{"type":"log","timestamp":1719004555543,"level":"debug","message":"(console:log) Pdf utils adding group field, value: \"France\"","meta":{"userLevel":true,"rootId":"fnly3tdyflk7wpl","id":"fnly3tdyflk7wpl"},"id":"e9jnu4s6xxrojix","previousOperationId":"6c4uuye3n8lrad5"}
{"type":"log","timestamp":1719004555544,"level":"debug","message":"(console:log) Pdf utils adding group field, value: \"Germany\"","meta":{"userLevel":true,"rootId":"fnly3tdyflk7wpl","id":"fnly3tdyflk7wpl"},"id":"zi1sbepx6l14hqm","previousOperationId":"6c4uuye3n8lrad5"}
{"type":"operationEnd","operationId":"6c4uuye3n8lrad5","timestamp":1719004555544,"id":"5lunnp5v9v1u1il","previousEventId":"1cwv43rvb1jg8er","previousOperationId":"6c4uuye3n8lrad5"}
{"type":"operationStart","subtype":"recipe","name":"chrome-pdf","timestamp":1719004555545,"id":"2etlxtnblk2bm7q","previousEventId":"5lunnp5v9v1u1il","operationId":"h3auymrimnjwdah","previousOperationId":"6c4uuye3n8lrad5"}
{"type":"log","timestamp":1719004555545,"level":"debug","message":"Executing recipe chrome-pdf","meta":{"rootId":"fnly3tdyflk7wpl","id":"fnly3tdyflk7wpl"},"id":"n5ahtppna6avh89","previousOperationId":"h3auymrimnjwdah"}
{"type":"log","timestamp":1719004555546,"level":"debug","message":"Starting child request to render pdf header","meta":{"rootId":"fnly3tdyflk7wpl","id":"fnly3tdyflk7wpl"},"id":"anqfwgo5ouvaixv","previousOperationId":"h3auymrimnjwdah"}
{"type":"operationStart","subtype":"render","name":"anonymous","previousOperationId":"h3auymrimnjwdah","timestamp":1719004555547,"id":"lto0m2mvfy0cyb1","previousEventId":"2etlxtnblk2bm7q","operationId":"5vf0p8to9i5r40w"}
{"type":"log","timestamp":1719004555547,"level":"info","message":"Starting rendering (child) request","meta":{"rootId":"fnly3tdyflk7wpl","id":"ljoad31g0pdpxjc"},"id":"br7b1z581kxcpja","previousOperationId":"5vf0p8to9i5r40w"}
{"type":"log","timestamp":1719004555547,"level":"info","message":"Rendering anonymous template { recipe: html, engine: handlebars }","meta":{"rootId":"fnly3tdyflk7wpl","id":"ljoad31g0pdpxjc"},"id":"i3h08oh7k931mue","previousOperationId":"5vf0p8to9i5r40w"}
{"type":"log","timestamp":1719004555547,"level":"debug","message":"Inline data specified.","meta":{"rootId":"fnly3tdyflk7wpl","id":"ljoad31g0pdpxjc"},"id":"vfoyie7h6uid01w","previousOperationId":"5vf0p8to9i5r40w"}
{"type":"log","timestamp":1719004555547,"level":"debug","message":"Base url not specified, skipping its injection.","meta":{"rootId":"fnly3tdyflk7wpl","id":"ljoad31g0pdpxjc"},"id":"6jcbfo7svxd7z2r","previousOperationId":"5vf0p8to9i5r40w"}
{"type":"operationStart","subtype":"engine","name":"handlebars","timestamp":1719004555547,"id":"w3xuvmnn77tmvtp","previousEventId":"lto0m2mvfy0cyb1","operationId":"zf70k8ykpp6435f","previousOperationId":"5vf0p8to9i5r40w"}
{"type":"log","timestamp":1719004555547,"level":"debug","message":"Rendering engine handlebars","meta":{"rootId":"fnly3tdyflk7wpl","id":"ljoad31g0pdpxjc"},"id":"4gklbvjgqcpnz9e","previousOperationId":"zf70k8ykpp6435f"}
{"type":"operationEnd","operationId":"zf70k8ykpp6435f","timestamp":1719004555553,"id":"zvdimghmp40evlc","previousEventId":"w3xuvmnn77tmvtp","previousOperationId":"zf70k8ykpp6435f"}
{"type":"operationStart","subtype":"recipe","name":"html","timestamp":1719004555553,"id":"u4sozj9z1uievrm","previousEventId":"zvdimghmp40evlc","operationId":"gd3c2h3stbl2rww","previousOperationId":"zf70k8ykpp6435f"}
{"type":"log","timestamp":1719004555553,"level":"debug","message":"Executing recipe html","meta":{"rootId":"fnly3tdyflk7wpl","id":"ljoad31g0pdpxjc"},"id":"reirgs0vl9zhekj","previousOperationId":"gd3c2h3stbl2rww"}
{"type":"operationEnd","operationId":"gd3c2h3stbl2rww","timestamp":1719004555553,"id":"elzcnoimenuaj0b","previousEventId":"u4sozj9z1uievrm","previousOperationId":"gd3c2h3stbl2rww"}
{"type":"log","timestamp":1719004555553,"level":"debug","message":"Skipping storing report.","meta":{"rootId":"fnly3tdyflk7wpl","id":"ljoad31g0pdpxjc"},"id":"50wdcc6qokbcg43","previousOperationId":"gd3c2h3stbl2rww"}
{"type":"log","timestamp":1719004555553,"level":"info","message":"Rendering (child) request finished in 46 ms","meta":{"rootId":"fnly3tdyflk7wpl","id":"ljoad31g0pdpxjc"},"id":"zb2bayjwmetsw04","previousOperationId":"gd3c2h3stbl2rww"}
{"type":"operationEnd","subtype":"render","operationId":"5vf0p8to9i5r40w","timestamp":1719004555553,"id":"vg25987kop7nv8k","previousEventId":"elzcnoimenuaj0b","previousOperationId":"gd3c2h3stbl2rww"}
{"type":"log","timestamp":1719004555553,"level":"debug","message":"Starting child request to render pdf footer","meta":{"rootId":"fnly3tdyflk7wpl","id":"fnly3tdyflk7wpl"},"id":"ntj3t35rxgki555","previousOperationId":"h3auymrimnjwdah"}
{"type":"operationStart","subtype":"render","name":"anonymous","previousOperationId":"h3auymrimnjwdah","timestamp":1719004555554,"id":"awgufm8cu5m7se0","previousEventId":"2etlxtnblk2bm7q","operationId":"i31veijdhqpkfn9"}
{"type":"log","timestamp":1719004555554,"level":"info","message":"Starting rendering (child) request","meta":{"rootId":"fnly3tdyflk7wpl","id":"e2rmyds72vevcxo"},"id":"k0t2ttd297ym1qi","previousOperationId":"i31veijdhqpkfn9"}
{"type":"log","timestamp":1719004555554,"level":"info","message":"Rendering anonymous template { recipe: html, engine: handlebars }","meta":{"rootId":"fnly3tdyflk7wpl","id":"e2rmyds72vevcxo"},"id":"zxu796kg89agfwt","previousOperationId":"i31veijdhqpkfn9"}
{"type":"log","timestamp":1719004555554,"level":"debug","message":"Inline data specified.","meta":{"rootId":"fnly3tdyflk7wpl","id":"e2rmyds72vevcxo"},"id":"q1nswdy5jbfypyw","previousOperationId":"i31veijdhqpkfn9"}
{"type":"log","timestamp":1719004555554,"level":"debug","message":"Base url not specified, skipping its injection.","meta":{"rootId":"fnly3tdyflk7wpl","id":"e2rmyds72vevcxo"},"id":"gbyxngbr8eow5of","previousOperationId":"i31veijdhqpkfn9"}
{"type":"operationStart","subtype":"engine","name":"handlebars","timestamp":1719004555554,"id":"5u3ap0rho0kz8uu","previousEventId":"awgufm8cu5m7se0","operationId":"ez9y8fzf1sjw8xx","previousOperationId":"i31veijdhqpkfn9"}
{"type":"log","timestamp":1719004555554,"level":"debug","message":"Rendering engine handlebars","meta":{"rootId":"fnly3tdyflk7wpl","id":"e2rmyds72vevcxo"},"id":"gxis1vpyc3twxtu","previousOperationId":"ez9y8fzf1sjw8xx"}
{"type":"operationEnd","operationId":"ez9y8fzf1sjw8xx","timestamp":1719004555560,"id":"dd4wvcpovtjk4qp","previousEventId":"5u3ap0rho0kz8uu","previousOperationId":"ez9y8fzf1sjw8xx"}
{"type":"operationStart","subtype":"recipe","name":"html","timestamp":1719004555560,"id":"rm497vgs07ww0tb","previousEventId":"dd4wvcpovtjk4qp","operationId":"hwx52r9lpx1ctw4","previousOperationId":"ez9y8fzf1sjw8xx"}
{"type":"log","timestamp":1719004555560,"level":"debug","message":"Executing recipe html","meta":{"rootId":"fnly3tdyflk7wpl","id":"e2rmyds72vevcxo"},"id":"1c31ief4xcgklma","previousOperationId":"hwx52r9lpx1ctw4"}
{"type":"operationEnd","operationId":"hwx52r9lpx1ctw4","timestamp":1719004555560,"id":"qvov1knrve3q8jx","previousEventId":"rm497vgs07ww0tb","previousOperationId":"hwx52r9lpx1ctw4"}
{"type":"log","timestamp":1719004555560,"level":"debug","message":"Skipping storing report.","meta":{"rootId":"fnly3tdyflk7wpl","id":"e2rmyds72vevcxo"},"id":"7jn0ufrku9ispjk","previousOperationId":"hwx52r9lpx1ctw4"}
{"type":"log","timestamp":1719004555560,"level":"info","message":"Rendering (child) request finished in 53 ms","meta":{"rootId":"fnly3tdyflk7wpl","id":"e2rmyds72vevcxo"},"id":"gb43i1aa0zjn2vt","previousOperationId":"hwx52r9lpx1ctw4"}
{"type":"operationEnd","subtype":"render","operationId":"i31veijdhqpkfn9","timestamp":1719004555560,"id":"4fpu3ddlaepk55t","previousEventId":"qvov1knrve3q8jx","previousOperationId":"hwx52r9lpx1ctw4"}
{"type":"log","timestamp":1719004555570,"level":"debug","message":"Converting with chrome Chrome/126.0.6478.61 using chrome-pool strategy","meta":{"rootId":"fnly3tdyflk7wpl","id":"fnly3tdyflk7wpl"},"id":"dgte8ds2arx6lsk","previousOperationId":"h3auymrimnjwdah"}
{"type":"log","timestamp":1719004555803,"level":"debug","message":"Page request: GET (document) file:///var/folders/2x/1bhfw9mx7d775w_jmf56lcp80000gn/T/jsreport/autocleanup/ed35b3ff-ba8e-4dc7-969e-fd6f43ce8727-chrome-pdf.html","meta":{"rootId":"fnly3tdyflk7wpl","id":"fnly3tdyflk7wpl"},"id":"e0863zsonlv9gt3","previousOperationId":"h3auymrimnjwdah"}
{"type":"log","timestamp":1719004555812,"level":"debug","message":"Page request finished: GET (document) 200 file:///var/folders/2x/1bhfw9mx7d775w_jmf56lcp80000gn/T/jsreport/autocleanup/ed35b3ff-ba8e-4dc7-969e-fd6f43ce8727-chrome-pdf.html","meta":{"rootId":"fnly3tdyflk7wpl","id":"fnly3tdyflk7wpl"},"id":"00blkm5836q1j8j","previousOperationId":"h3auymrimnjwdah"}
{"type":"log","timestamp":1719004555812,"level":"debug","message":"Page request: GET (stylesheet) https://cdnjs.cloudflare.com/ajax/libs/metro/4.1.5/css/metro.min.css","meta":{"rootId":"fnly3tdyflk7wpl","id":"fnly3tdyflk7wpl"},"id":"dqynv4dbn5amlji","previousOperationId":"h3auymrimnjwdah"}
{"type":"log","timestamp":1719004555812,"level":"debug","message":"Page request: GET (script) https://cdnjs.cloudflare.com/ajax/libs/Chart.js/2.7.2/Chart.min.js","meta":{"rootId":"fnly3tdyflk7wpl","id":"fnly3tdyflk7wpl"},"id":"e4k0xk4868734m1","previousOperationId":"h3auymrimnjwdah"}
{"type":"log","timestamp":1719004555824,"level":"debug","message":"Page request finished: GET (stylesheet) 200 https://cdnjs.cloudflare.com/ajax/libs/metro/4.1.5/css/metro.min.css","meta":{"rootId":"fnly3tdyflk7wpl","id":"fnly3tdyflk7wpl"},"id":"dvyhuadleh463pd","previousOperationId":"h3auymrimnjwdah"}
{"type":"log","timestamp":1719004555824,"level":"debug","message":"Page request finished: GET (script) 200 https://cdnjs.cloudflare.com/ajax/libs/Chart.js/2.7.2/Chart.min.js","meta":{"rootId":"fnly3tdyflk7wpl","id":"fnly3tdyflk7wpl"},"id":"0h0uata2wc2z69j","previousOperationId":"h3auymrimnjwdah"}
{"type":"log","timestamp":1719004555885,"level":"debug","message":"Running chrome with params {\"displayHeaderFooter\":true,\"headerTemplate\":\"...\",\"footerTemplate\":\"...\",\"marginTop\":\"2cm\",\"marginRight\":\"1cm\",\"marginBottom\":\"2cm\",\"marginLeft\":\"1cm\",\"timeout\":59947,\"margin\":{\"top\":\"2cm\",\"right\":\"1cm\",\"bottom\":\"2cm\",\"left\":\"1cm\"},\"printBackground\":true}","meta":{"rootId":"fnly3tdyflk7wpl","id":"fnly3tdyflk7wpl"},"id":"ly8ecxfkdn9p2d1","previousOperationId":"h3auymrimnjwdah"}
{"type":"operationEnd","operationId":"h3auymrimnjwdah","timestamp":1719004556583,"id":"trovoqvkdmxharj","previousEventId":"2etlxtnblk2bm7q","previousOperationId":"h3auymrimnjwdah"}
{"type":"log","timestamp":1719004556583,"level":"debug","message":"Skipping storing report.","meta":{"rootId":"fnly3tdyflk7wpl","id":"fnly3tdyflk7wpl"},"id":"i8bfdcwk1tzw9hh","previousOperationId":"h3auymrimnjwdah"}
{"type":"log","timestamp":1719004556583,"level":"info","message":"Rendering request 106 finished in 1076 ms","meta":{"rootId":"fnly3tdyflk7wpl","id":"fnly3tdyflk7wpl"},"id":"m3eh9ems8iezh2u","previousOperationId":"h3auymrimnjwdah"}
{"type":"operationEnd","subtype":"render","operationId":"gxlcfsqoki6huew","timestamp":1719004556583,"id":"scj43lxntfop3vp","previousEventId":"trovoqvkdmxharj","previousOperationId":"h3auymrimnjwdah"}
{"type":"operationEnd","doDiffs":false,"previousEventId":"0nlg4kco8evgede","previousOperationId":"adi2vd3ai66dx7m","operationId":"adi2vd3ai66dx7m","timestamp":1719004556584,"id":"19trz4zkyx5r17q"}
