{"type":"operationStart","subtype":"profile","data":{"_id":"O2C8CkTQFCbSN1Z9","timestamp":"2024-06-21T22:37:24.216Z","state":"queued","mode":"standard","creationDate":"2024-06-21T22:37:24.217Z","modificationDate":"2024-06-21T22:37:24.217Z","shortid":"j9EFuEf","$entitySet":"profiles"},"doDiffs":false,"timestamp":1719009444217,"id":"jpoib4h2a6jb8gl","previousOperationId":null,"operationId":"i1iuvc0r8crd8qs"}
{"type":"log","level":"info","message":"Render request 152 queued for execution and waiting for available worker","previousOperationId":"i1iuvc0r8crd8qs","timestamp":1719009444217,"id":"0v6hed71197qy3v"}
{"type":"operationStart","subtype":"render","name":"anonymous","previousOperationId":"i1iuvc0r8crd8qs","timestamp":1719009444220,"id":"6o87asapvsnyket","previousEventId":"jpoib4h2a6jb8gl","operationId":"n50eqvwbjx301xq"}
{"type":"log","timestamp":1719009444220,"level":"info","message":"Starting rendering request 152","meta":{"rootId":"fr8khxok8vzfpma","id":"fr8khxok8vzfpma"},"id":"64sm83free4he28","previousOperationId":"n50eqvwbjx301xq"}
{"type":"log","timestamp":1719009444221,"level":"info","message":"Rendering anonymous template { recipe: chrome-pdf, engine: handlebars }","meta":{"rootId":"fr8khxok8vzfpma","id":"fr8khxok8vzfpma"},"id":"t1dmrys3938yhwh","previousOperationId":"n50eqvwbjx301xq"}
{"type":"log","timestamp":1719009444221,"level":"debug","message":"Inline data specified.","meta":{"rootId":"fr8khxok8vzfpma","id":"fr8khxok8vzfpma"},"id":"4007q7vbj8zf2fj","previousOperationId":"n50eqvwbjx301xq"}
{"type":"log","timestamp":1719009444221,"level":"debug","message":"Base url not specified, skipping its injection.","meta":{"rootId":"fr8khxok8vzfpma","id":"fr8khxok8vzfpma"},"id":"lj1a2g7qm7a29fm","previousOperationId":"n50eqvwbjx301xq"}
{"type":"operationStart","subtype":"engine","name":"handlebars","timestamp":1719009444221,"id":"pa529nyjxn3ktsj","previousEventId":"6o87asapvsnyket","operationId":"xj84v5s9741qgn9","previousOperationId":"n50eqvwbjx301xq"}
{"type":"log","timestamp":1719009444221,"level":"debug","message":"Rendering engine handlebars","meta":{"rootId":"fr8khxok8vzfpma","id":"fr8khxok8vzfpma"},"id":"iisuvjmp2xykjwr","previousOperationId":"xj84v5s9741qgn9"}
{"type":"log","timestamp":1719009444227,"level":"debug","message":"(console:log) Pdf utils adding group field, value: 1","meta":{"userLevel":true,"rootId":"fr8khxok8vzfpma","id":"fr8khxok8vzfpma"},"id":"zfib36ohsdejddq","previousOperationId":"xj84v5s9741qgn9"}
{"type":"log","timestamp":1719009444227,"level":"debug","message":"(console:log) Pdf utils adding group field, value: 2","meta":{"userLevel":true,"rootId":"fr8khxok8vzfpma","id":"fr8khxok8vzfpma"},"id":"vlx8w3c02t4cr2x","previousOperationId":"xj84v5s9741qgn9"}
{"type":"log","timestamp":1719009444227,"level":"debug","message":"(console:log) Pdf utils adding group field, value: 3","meta":{"userLevel":true,"rootId":"fr8khxok8vzfpma","id":"fr8khxok8vzfpma"},"id":"tkx63y0lxf4maj3","previousOperationId":"xj84v5s9741qgn9"}
{"type":"operationEnd","operationId":"xj84v5s9741qgn9","timestamp":1719009444227,"id":"vjix9zhnsz5wxta","previousEventId":"pa529nyjxn3ktsj","previousOperationId":"xj84v5s9741qgn9"}
{"type":"operationStart","subtype":"recipe","name":"chrome-pdf","timestamp":1719009444227,"id":"crpxhck0dluol78","previousEventId":"vjix9zhnsz5wxta","operationId":"s61c9owpnxp2cvo","previousOperationId":"xj84v5s9741qgn9"}
{"type":"log","timestamp":1719009444227,"level":"debug","message":"Executing recipe chrome-pdf","meta":{"rootId":"fr8khxok8vzfpma","id":"fr8khxok8vzfpma"},"id":"3xx5rc3xwflyuse","previousOperationId":"s61c9owpnxp2cvo"}
{"type":"log","timestamp":1719009444229,"level":"debug","message":"Converting with chrome Chrome/126.0.6478.61 using chrome-pool strategy","meta":{"rootId":"fr8khxok8vzfpma","id":"fr8khxok8vzfpma"},"id":"wmfwgnlvol3fsja","previousOperationId":"s61c9owpnxp2cvo"}
{"type":"log","timestamp":1719009444309,"level":"debug","message":"Page request: GET (document) file:///var/folders/2x/1bhfw9mx7d775w_jmf56lcp80000gn/T/jsreport/autocleanup/70a29338-2add-45b6-a2b4-865e451212e6-chrome-pdf.html","meta":{"rootId":"fr8khxok8vzfpma","id":"fr8khxok8vzfpma"},"id":"zw6w7781nfo6eou","previousOperationId":"s61c9owpnxp2cvo"}
{"type":"log","timestamp":1719009444316,"level":"debug","message":"Page request: GET (stylesheet) https://cdnjs.cloudflare.com/ajax/libs/metro/4.1.5/css/metro.min.css","meta":{"rootId":"fr8khxok8vzfpma","id":"fr8khxok8vzfpma"},"id":"vowq8fenrrrjkkb","previousOperationId":"s61c9owpnxp2cvo"}
{"type":"log","timestamp":1719009444316,"level":"debug","message":"Page request finished: GET (document) 200 file:///var/folders/2x/1bhfw9mx7d775w_jmf56lcp80000gn/T/jsreport/autocleanup/70a29338-2add-45b6-a2b4-865e451212e6-chrome-pdf.html","meta":{"rootId":"fr8khxok8vzfpma","id":"fr8khxok8vzfpma"},"id":"6bu7r63awx8v1ih","previousOperationId":"s61c9owpnxp2cvo"}
{"type":"log","timestamp":1719009444316,"level":"debug","message":"Page request: GET (script) https://cdnjs.cloudflare.com/ajax/libs/Chart.js/2.7.2/Chart.min.js","meta":{"rootId":"fr8khxok8vzfpma","id":"fr8khxok8vzfpma"},"id":"onapgi9otk0df3x","previousOperationId":"s61c9owpnxp2cvo"}
{"type":"log","timestamp":1719009444326,"level":"debug","message":"Page request finished: GET (stylesheet) 200 https://cdnjs.cloudflare.com/ajax/libs/metro/4.1.5/css/metro.min.css","meta":{"rootId":"fr8khxok8vzfpma","id":"fr8khxok8vzfpma"},"id":"qwj9ajeblswewpa","previousOperationId":"s61c9owpnxp2cvo"}
{"type":"log","timestamp":1719009444326,"level":"debug","message":"Page request finished: GET (script) 200 https://cdnjs.cloudflare.com/ajax/libs/Chart.js/2.7.2/Chart.min.js","meta":{"rootId":"fr8khxok8vzfpma","id":"fr8khxok8vzfpma"},"id":"uotqhocvqravl2i","previousOperationId":"s61c9owpnxp2cvo"}
{"type":"log","timestamp":1719009444349,"level":"debug","message":"Running chrome with params {\"marginTop\":\"2cm\",\"marginRight\":\"1.5cm\",\"marginLeft\":\"1.5cm\",\"marginBottom\":\"1.5cm\",\"timeout\":59987,\"margin\":{\"top\":\"2cm\",\"right\":\"1.5cm\",\"bottom\":\"1.5cm\",\"left\":\"1.5cm\"},\"printBackground\":true}","meta":{"rootId":"fr8khxok8vzfpma","id":"fr8khxok8vzfpma"},"id":"r20vr3v44jz9bk1","previousOperationId":"s61c9owpnxp2cvo"}
{"type":"operationEnd","operationId":"s61c9owpnxp2cvo","timestamp":1719009444464,"id":"xske1p2s4z9576l","previousEventId":"crpxhck0dluol78","previousOperationId":"s61c9owpnxp2cvo"}
{"type":"log","timestamp":1719009444464,"level":"info","message":"pdf-utils is starting pdf processing","meta":{"rootId":"fr8khxok8vzfpma","id":"fr8khxok8vzfpma"},"id":"8u3yv8xm8trcz4g","previousOperationId":"s61c9owpnxp2cvo"}
{"type":"operationStart","subtype":"pdfUtils","name":"pdf utils","timestamp":1719009444464,"id":"wv03fuw4f2rveth","previousEventId":"xske1p2s4z9576l","operationId":"x2rifcaehm7u10y","previousOperationId":"s61c9owpnxp2cvo"}
{"type":"log","timestamp":1719009444464,"level":"debug","message":"pdf-utils detected 1 pdf operation(s) to process","meta":{"rootId":"fr8khxok8vzfpma","id":"fr8khxok8vzfpma"},"id":"2u46wjb5sy6bs6q","previousOperationId":"x2rifcaehm7u10y"}
{"type":"log","timestamp":1719009444468,"level":"debug","message":"pdf-utils running pdf operation merge","meta":{"rootId":"fr8khxok8vzfpma","id":"fr8khxok8vzfpma"},"id":"lm6axixwrrue9qn","previousOperationId":"x2rifcaehm7u10y"}
{"type":"operationStart","subtype":"pdfUtilsMerge","name":"pdf utils merge","previousOperationId":"x2rifcaehm7u10y","timestamp":1719009444468,"id":"ww9fpsg430cdm2f","previousEventId":"wv03fuw4f2rveth","operationId":"51tnudyc4d0jz24"}
{"type":"operationStart","subtype":"render","name":"anonymous","previousOperationId":"51tnudyc4d0jz24","timestamp":1719009444468,"id":"jlakpzjyx7ufs40","previousEventId":"ww9fpsg430cdm2f","operationId":"z367jahurilskvo"}
{"type":"log","timestamp":1719009444468,"level":"info","message":"Starting rendering (child) request","meta":{"rootId":"fr8khxok8vzfpma","id":"1afkww91q2hjjqd"},"id":"wspqrpnmorrfkxk","previousOperationId":"z367jahurilskvo"}
{"type":"log","timestamp":1719009444468,"level":"info","message":"Rendering anonymous template { recipe: chrome-pdf, engine: handlebars }","meta":{"rootId":"fr8khxok8vzfpma","id":"1afkww91q2hjjqd"},"id":"ij6b3trx9wzxwgo","previousOperationId":"z367jahurilskvo"}
{"type":"log","timestamp":1719009444468,"level":"debug","message":"Inline data specified.","meta":{"rootId":"fr8khxok8vzfpma","id":"1afkww91q2hjjqd"},"id":"80cyjnt45gf4x06","previousOperationId":"z367jahurilskvo"}
{"type":"log","timestamp":1719009444470,"level":"debug","message":"Base url not specified, skipping its injection.","meta":{"rootId":"fr8khxok8vzfpma","id":"1afkww91q2hjjqd"},"id":"3707lkvpasqmaxk","previousOperationId":"z367jahurilskvo"}
{"type":"operationStart","subtype":"engine","name":"handlebars","timestamp":1719009444470,"id":"xiaxttszbza6uoh","previousEventId":"jlakpzjyx7ufs40","operationId":"y0hw81tvw14avik","previousOperationId":"z367jahurilskvo"}
{"type":"log","timestamp":1719009444470,"level":"debug","message":"Rendering engine handlebars","meta":{"rootId":"fr8khxok8vzfpma","id":"1afkww91q2hjjqd"},"id":"3jomau29jynzb2d","previousOperationId":"y0hw81tvw14avik"}
{"type":"operationEnd","operationId":"y0hw81tvw14avik","timestamp":1719009444482,"id":"t28uem8g2k5t91p","previousEventId":"xiaxttszbza6uoh","previousOperationId":"y0hw81tvw14avik"}
{"type":"operationStart","subtype":"recipe","name":"chrome-pdf","timestamp":1719009444482,"id":"jnqtn73vh312aix","previousEventId":"t28uem8g2k5t91p","operationId":"ckqjowr5l9wrvmi","previousOperationId":"y0hw81tvw14avik"}
{"type":"log","timestamp":1719009444482,"level":"debug","message":"Executing recipe chrome-pdf","meta":{"rootId":"fr8khxok8vzfpma","id":"1afkww91q2hjjqd"},"id":"6377yo7y1h3kg5n","previousOperationId":"ckqjowr5l9wrvmi"}
{"type":"log","timestamp":1719009444483,"level":"debug","message":"Converting with chrome Chrome/126.0.6478.61 using chrome-pool strategy","meta":{"rootId":"fr8khxok8vzfpma","id":"1afkww91q2hjjqd"},"id":"if98i8mvokbgmro","previousOperationId":"ckqjowr5l9wrvmi"}
{"type":"log","timestamp":1719009444545,"level":"debug","message":"Page request: GET (document) file:///var/folders/2x/1bhfw9mx7d775w_jmf56lcp80000gn/T/jsreport/autocleanup/8cdd5536-97ac-44e1-aa85-781b63243b76-chrome-pdf.html","meta":{"rootId":"fr8khxok8vzfpma","id":"1afkww91q2hjjqd"},"id":"28731l855ey5x2b","previousOperationId":"ckqjowr5l9wrvmi"}
{"type":"log","timestamp":1719009444551,"level":"debug","message":"Page request finished: GET (document) 200 file:///var/folders/2x/1bhfw9mx7d775w_jmf56lcp80000gn/T/jsreport/autocleanup/8cdd5536-97ac-44e1-aa85-781b63243b76-chrome-pdf.html","meta":{"rootId":"fr8khxok8vzfpma","id":"1afkww91q2hjjqd"},"id":"jqut8jec4p4kl23","previousOperationId":"ckqjowr5l9wrvmi"}
{"type":"log","timestamp":1719009444552,"level":"debug","message":"Page request: GET (stylesheet) https://cdnjs.cloudflare.com/ajax/libs/metro/4.1.5/css/metro.min.css","meta":{"rootId":"fr8khxok8vzfpma","id":"1afkww91q2hjjqd"},"id":"ov2yurfktnhr9bw","previousOperationId":"ckqjowr5l9wrvmi"}
{"type":"log","timestamp":1719009444558,"level":"debug","message":"Page request finished: GET (stylesheet) 200 https://cdnjs.cloudflare.com/ajax/libs/metro/4.1.5/css/metro.min.css","meta":{"rootId":"fr8khxok8vzfpma","id":"1afkww91q2hjjqd"},"id":"c2tukfl4h2kq7vn","previousOperationId":"ckqjowr5l9wrvmi"}
{"type":"log","timestamp":1719009444578,"level":"debug","message":"Running chrome with params {\"timeout\":59733,\"margin\":{},\"printBackground\":true}","meta":{"rootId":"fr8khxok8vzfpma","id":"1afkww91q2hjjqd"},"id":"q3t5hfgkd1rhthc","previousOperationId":"ckqjowr5l9wrvmi"}
{"type":"operationEnd","operationId":"ckqjowr5l9wrvmi","timestamp":1719009444677,"id":"tsdpv7305hhret5","previousEventId":"jnqtn73vh312aix","previousOperationId":"ckqjowr5l9wrvmi"}
{"type":"log","timestamp":1719009444677,"level":"debug","message":"Skipping storing report.","meta":{"rootId":"fr8khxok8vzfpma","id":"1afkww91q2hjjqd"},"id":"xx5ehe0z03gro3i","previousOperationId":"ckqjowr5l9wrvmi"}
{"type":"log","timestamp":1719009444677,"level":"info","message":"Rendering (child) request finished in 462 ms","meta":{"rootId":"fr8khxok8vzfpma","id":"1afkww91q2hjjqd"},"id":"nr858intpvync9w","previousOperationId":"ckqjowr5l9wrvmi"}
{"type":"operationEnd","subtype":"render","operationId":"z367jahurilskvo","timestamp":1719009444677,"id":"oxr77pji66dc6iw","previousEventId":"tsdpv7305hhret5","previousOperationId":"ckqjowr5l9wrvmi"}
{"type":"operationEnd","operationId":"51tnudyc4d0jz24","timestamp":1719009444687,"id":"o24v4ynzszd3pbs","previousEventId":"ww9fpsg430cdm2f","previousOperationId":"51tnudyc4d0jz24"}
{"type":"log","timestamp":1719009444687,"level":"debug","message":"pdf-utils postprocess start","meta":{"rootId":"fr8khxok8vzfpma","id":"fr8khxok8vzfpma"},"id":"cp3drc686w9qsmj","previousOperationId":"51tnudyc4d0jz24"}
{"type":"log","timestamp":1719009444694,"level":"debug","message":"pdf-utils postprocess end","meta":{"rootId":"fr8khxok8vzfpma","id":"fr8khxok8vzfpma"},"id":"jp4bwqhyi46i87p","previousOperationId":"51tnudyc4d0jz24"}
{"type":"operationEnd","operationId":"x2rifcaehm7u10y","timestamp":1719009444694,"id":"zm4ew8qvyrid84g","previousEventId":"o24v4ynzszd3pbs","previousOperationId":"51tnudyc4d0jz24"}
{"type":"log","timestamp":1719009444695,"level":"info","message":"pdf-utils pdf processing was finished","meta":{"rootId":"fr8khxok8vzfpma","id":"fr8khxok8vzfpma"},"id":"o788m1p1gp00f60","previousOperationId":"x2rifcaehm7u10y"}
{"type":"log","timestamp":1719009444695,"level":"debug","message":"Skipping storing report.","meta":{"rootId":"fr8khxok8vzfpma","id":"fr8khxok8vzfpma"},"id":"zh5qkappk3b4tcj","previousOperationId":"x2rifcaehm7u10y"}
{"type":"log","timestamp":1719009444695,"level":"info","message":"Rendering request 152 finished in 480 ms","meta":{"rootId":"fr8khxok8vzfpma","id":"fr8khxok8vzfpma"},"id":"xnatrf17wcc0n4e","previousOperationId":"x2rifcaehm7u10y"}
{"type":"operationEnd","subtype":"render","operationId":"n50eqvwbjx301xq","timestamp":1719009444695,"id":"pkjfgpo9zkpqg07","previousEventId":"zm4ew8qvyrid84g","previousOperationId":"x2rifcaehm7u10y"}
{"type":"operationEnd","doDiffs":false,"previousEventId":"jpoib4h2a6jb8gl","previousOperationId":"i1iuvc0r8crd8qs","operationId":"i1iuvc0r8crd8qs","timestamp":1719009444695,"id":"uxvgcyultxg8cis"}
