{"type":"operationStart","subtype":"profile","data":{"_id":"LDzNJRlldPKw7RcN","timestamp":"2024-06-21T19:50:28.262Z","state":"queued","mode":"standard","creationDate":"2024-06-21T19:50:28.263Z","modificationDate":"2024-06-21T19:50:28.263Z","shortid":"uhAy8Jj","$entitySet":"profiles"},"doDiffs":false,"timestamp":1718999428263,"id":"ucfnzz884em2nso","previousOperationId":null,"operationId":"14ckmw5aqzhmje0"}
{"type":"log","level":"info","message":"Render request 53 queued for execution and waiting for available worker","previousOperationId":"14ckmw5aqzhmje0","timestamp":1718999428263,"id":"lo2vu4frhfjmj7n"}
{"type":"operationStart","subtype":"render","name":"anonymous","previousOperationId":"14ckmw5aqzhmje0","timestamp":1718999428267,"id":"lupetwsgim2ai6w","previousEventId":"ucfnzz884em2nso","operationId":"b560xtnxrtjrmf9"}
{"type":"log","timestamp":1718999428267,"level":"info","message":"Starting rendering request 53","meta":{"rootId":"g59mft4thdbkqdx","id":"g59mft4thdbkqdx"},"id":"svu0ijhpinw009c","previousOperationId":"b560xtnxrtjrmf9"}
{"type":"log","timestamp":1718999428268,"level":"info","message":"Rendering anonymous template { recipe: chrome-pdf, engine: handlebars }","meta":{"rootId":"g59mft4thdbkqdx","id":"g59mft4thdbkqdx"},"id":"32xb630j09h4zi8","previousOperationId":"b560xtnxrtjrmf9"}
{"type":"log","timestamp":1718999428268,"level":"debug","message":"Inline data specified.","meta":{"rootId":"g59mft4thdbkqdx","id":"g59mft4thdbkqdx"},"id":"4d98ji1gq0wa7en","previousOperationId":"b560xtnxrtjrmf9"}
{"type":"log","timestamp":1718999428268,"level":"debug","message":"Base url not specified, skipping its injection.","meta":{"rootId":"g59mft4thdbkqdx","id":"g59mft4thdbkqdx"},"id":"54nyh8n53eyaw01","previousOperationId":"b560xtnxrtjrmf9"}
{"type":"operationStart","subtype":"engine","name":"handlebars","timestamp":1718999428269,"id":"xvq7l10l707rsoy","previousEventId":"lupetwsgim2ai6w","operationId":"vdp8v8ofj4jefxs","previousOperationId":"b560xtnxrtjrmf9"}
{"type":"log","timestamp":1718999428269,"level":"debug","message":"Rendering engine handlebars","meta":{"rootId":"g59mft4thdbkqdx","id":"g59mft4thdbkqdx"},"id":"e7vmenlepbh8rp1","previousOperationId":"vdp8v8ofj4jefxs"}
{"type":"operationEnd","operationId":"vdp8v8ofj4jefxs","timestamp":1718999428276,"id":"gz2h5ykwf767ryg","previousEventId":"xvq7l10l707rsoy","previousOperationId":"vdp8v8ofj4jefxs"}
{"type":"operationStart","subtype":"recipe","name":"chrome-pdf","timestamp":1718999428276,"id":"398vtk7akq8gvj8","previousEventId":"gz2h5ykwf767ryg","operationId":"d45ctvca7q5lkal","previousOperationId":"vdp8v8ofj4jefxs"}
{"type":"log","timestamp":1718999428276,"level":"debug","message":"Executing recipe chrome-pdf","meta":{"rootId":"g59mft4thdbkqdx","id":"g59mft4thdbkqdx"},"id":"olddhbw2p3robs2","previousOperationId":"d45ctvca7q5lkal"}
{"type":"log","timestamp":1718999428279,"level":"debug","message":"Converting with chrome Chrome/126.0.6478.61 using chrome-pool strategy","meta":{"rootId":"g59mft4thdbkqdx","id":"g59mft4thdbkqdx"},"id":"yfom1zl9vw96rx8","previousOperationId":"d45ctvca7q5lkal"}
{"type":"log","timestamp":1718999428362,"level":"debug","message":"Page request: GET (document) file:///var/folders/2x/1bhfw9mx7d775w_jmf56lcp80000gn/T/jsreport/autocleanup/41c4aa0c-ef33-46d9-8c1b-0ae84686c1ec-chrome-pdf.html","meta":{"rootId":"g59mft4thdbkqdx","id":"g59mft4thdbkqdx"},"id":"ia038ezxj8pu1dp","previousOperationId":"d45ctvca7q5lkal"}
{"type":"log","timestamp":1718999428366,"level":"debug","message":"Page request finished: GET (document) 200 file:///var/folders/2x/1bhfw9mx7d775w_jmf56lcp80000gn/T/jsreport/autocleanup/41c4aa0c-ef33-46d9-8c1b-0ae84686c1ec-chrome-pdf.html","meta":{"rootId":"g59mft4thdbkqdx","id":"g59mft4thdbkqdx"},"id":"3rjiwu3prqohihe","previousOperationId":"d45ctvca7q5lkal"}
{"type":"log","timestamp":1718999428366,"level":"debug","message":"Page request: GET (stylesheet) https://cdnjs.cloudflare.com/ajax/libs/metro/4.1.5/css/metro.min.css","meta":{"rootId":"g59mft4thdbkqdx","id":"g59mft4thdbkqdx"},"id":"pnxooi0ssxtvkrd","previousOperationId":"d45ctvca7q5lkal"}
{"type":"log","timestamp":1718999428366,"level":"debug","message":"Page request: GET (script) https://cdnjs.cloudflare.com/ajax/libs/Chart.js/2.7.2/Chart.min.js","meta":{"rootId":"g59mft4thdbkqdx","id":"g59mft4thdbkqdx"},"id":"d5asijh43btyzyw","previousOperationId":"d45ctvca7q5lkal"}
{"type":"log","timestamp":1718999428374,"level":"debug","message":"Page request finished: GET (stylesheet) 200 https://cdnjs.cloudflare.com/ajax/libs/metro/4.1.5/css/metro.min.css","meta":{"rootId":"g59mft4thdbkqdx","id":"g59mft4thdbkqdx"},"id":"xjkphra2ti1503h","previousOperationId":"d45ctvca7q5lkal"}
{"type":"log","timestamp":1718999428374,"level":"debug","message":"Page request finished: GET (script) 200 https://cdnjs.cloudflare.com/ajax/libs/Chart.js/2.7.2/Chart.min.js","meta":{"rootId":"g59mft4thdbkqdx","id":"g59mft4thdbkqdx"},"id":"2rep297ebq0d92i","previousOperationId":"d45ctvca7q5lkal"}
{"type":"log","timestamp":1718999428379,"level":"debug","message":"Running chrome with params {\"timeout\":59985,\"margin\":{},\"printBackground\":true}","meta":{"rootId":"g59mft4thdbkqdx","id":"g59mft4thdbkqdx"},"id":"vuuhkxmb6jqvuar","previousOperationId":"d45ctvca7q5lkal"}
{"type":"operationEnd","operationId":"d45ctvca7q5lkal","timestamp":1718999428423,"id":"zkqxsuth5aq4coi","previousEventId":"398vtk7akq8gvj8","previousOperationId":"d45ctvca7q5lkal"}
{"type":"log","timestamp":1718999428423,"level":"debug","message":"Skipping storing report.","meta":{"rootId":"g59mft4thdbkqdx","id":"g59mft4thdbkqdx"},"id":"h7t35mujle3dwlh","previousOperationId":"d45ctvca7q5lkal"}
{"type":"log","timestamp":1718999428423,"level":"info","message":"Rendering request 53 finished in 161 ms","meta":{"rootId":"g59mft4thdbkqdx","id":"g59mft4thdbkqdx"},"id":"r65v78y56z60hzf","previousOperationId":"d45ctvca7q5lkal"}
{"type":"operationEnd","subtype":"render","operationId":"b560xtnxrtjrmf9","timestamp":1718999428423,"id":"lf0hzbm6djdb207","previousEventId":"zkqxsuth5aq4coi","previousOperationId":"d45ctvca7q5lkal"}
{"type":"operationEnd","doDiffs":false,"previousEventId":"ucfnzz884em2nso","previousOperationId":"14ckmw5aqzhmje0","operationId":"14ckmw5aqzhmje0","timestamp":1718999428424,"id":"4xxu2d5klqt0748"}
