{"type":"operationStart","subtype":"profile","data":{"_id":"kt9fX9QoVgFHmxhI","timestamp":"2024-06-21T21:21:23.107Z","state":"queued","mode":"standard","creationDate":"2024-06-21T21:21:23.110Z","modificationDate":"2024-06-21T21:21:23.110Z","shortid":"qwTlNIA","$entitySet":"profiles"},"doDiffs":false,"timestamp":1719004883108,"id":"auy62jrjogbiz0r","previousOperationId":null,"operationId":"68zwp9plkrrqvtz"}
{"type":"log","level":"info","message":"Render request 109 queued for execution and waiting for available worker","previousOperationId":"68zwp9plkrrqvtz","timestamp":1719004883109,"id":"e2bec7he49j26xh"}
{"type":"operationStart","subtype":"render","name":"anonymous","previousOperationId":"68zwp9plkrrqvtz","timestamp":1719004883116,"id":"sjjcqfr8p465hpt","previousEventId":"auy62jrjogbiz0r","operationId":"ivfh1v69naeaxnp"}
{"type":"log","timestamp":1719004883117,"level":"info","message":"Starting rendering request 109","meta":{"rootId":"g878t8jp2f5464u","id":"g878t8jp2f5464u"},"id":"sk5aqlaavo87ri2","previousOperationId":"ivfh1v69naeaxnp"}
{"type":"log","timestamp":1719004883117,"level":"info","message":"Rendering anonymous template { recipe: chrome-pdf, engine: handlebars }","meta":{"rootId":"g878t8jp2f5464u","id":"g878t8jp2f5464u"},"id":"v6az8oir152ahhp","previousOperationId":"ivfh1v69naeaxnp"}
{"type":"log","timestamp":1719004883117,"level":"debug","message":"Inline data specified.","meta":{"rootId":"g878t8jp2f5464u","id":"g878t8jp2f5464u"},"id":"fpkt9iva7ktc9w4","previousOperationId":"ivfh1v69naeaxnp"}
{"type":"log","timestamp":1719004883118,"level":"debug","message":"Base url not specified, skipping its injection.","meta":{"rootId":"g878t8jp2f5464u","id":"g878t8jp2f5464u"},"id":"dcp7t5y5j1rw7iu","previousOperationId":"ivfh1v69naeaxnp"}
{"type":"operationStart","subtype":"engine","name":"handlebars","timestamp":1719004883118,"id":"gtuz6wju844prw9","previousEventId":"sjjcqfr8p465hpt","operationId":"zmj9vgobel4ra61","previousOperationId":"ivfh1v69naeaxnp"}
{"type":"log","timestamp":1719004883118,"level":"debug","message":"Rendering engine handlebars","meta":{"rootId":"g878t8jp2f5464u","id":"g878t8jp2f5464u"},"id":"ttwq0yvf4ym99mh","previousOperationId":"zmj9vgobel4ra61"}
{"type":"log","timestamp":1719004883146,"level":"debug","message":"(console:log) Pdf utils adding group field, value: \"France\"","meta":{"userLevel":true,"rootId":"g878t8jp2f5464u","id":"g878t8jp2f5464u"},"id":"ma8dd8dacccwduf","previousOperationId":"zmj9vgobel4ra61"}
{"type":"log","timestamp":1719004883152,"level":"debug","message":"(console:log) Pdf utils adding group field, value: \"Germany\"","meta":{"userLevel":true,"rootId":"g878t8jp2f5464u","id":"g878t8jp2f5464u"},"id":"ojfhmidmgjbhw87","previousOperationId":"zmj9vgobel4ra61"}
{"type":"operationEnd","operationId":"zmj9vgobel4ra61","timestamp":1719004883153,"id":"giq9x45zp6l7zv9","previousEventId":"gtuz6wju844prw9","previousOperationId":"zmj9vgobel4ra61"}
{"type":"operationStart","subtype":"recipe","name":"chrome-pdf","timestamp":1719004883153,"id":"379ypuotkwizrzt","previousEventId":"giq9x45zp6l7zv9","operationId":"q1gyhatb4sudm5r","previousOperationId":"zmj9vgobel4ra61"}
{"type":"log","timestamp":1719004883153,"level":"debug","message":"Executing recipe chrome-pdf","meta":{"rootId":"g878t8jp2f5464u","id":"g878t8jp2f5464u"},"id":"i9ownyx6n4s1n0a","previousOperationId":"q1gyhatb4sudm5r"}
{"type":"log","timestamp":1719004883155,"level":"debug","message":"Starting child request to render pdf header","meta":{"rootId":"g878t8jp2f5464u","id":"g878t8jp2f5464u"},"id":"z3sdg6ubekdxb7q","previousOperationId":"q1gyhatb4sudm5r"}
{"type":"operationStart","subtype":"render","name":"anonymous","previousOperationId":"q1gyhatb4sudm5r","timestamp":1719004883155,"id":"bmf7a4zsgj0yw4o","previousEventId":"379ypuotkwizrzt","operationId":"1hsap18t4g9tni6"}
{"type":"log","timestamp":1719004883155,"level":"info","message":"Starting rendering (child) request","meta":{"rootId":"g878t8jp2f5464u","id":"nryer0ljaf9tfzp"},"id":"pfpf6s5vto49khe","previousOperationId":"1hsap18t4g9tni6"}
{"type":"log","timestamp":1719004883155,"level":"info","message":"Rendering anonymous template { recipe: html, engine: handlebars }","meta":{"rootId":"g878t8jp2f5464u","id":"nryer0ljaf9tfzp"},"id":"tyad788yq2w7lze","previousOperationId":"1hsap18t4g9tni6"}
{"type":"log","timestamp":1719004883155,"level":"debug","message":"Inline data specified.","meta":{"rootId":"g878t8jp2f5464u","id":"nryer0ljaf9tfzp"},"id":"hm3y83sn2sgqrei","previousOperationId":"1hsap18t4g9tni6"}
{"type":"log","timestamp":1719004883155,"level":"debug","message":"Base url not specified, skipping its injection.","meta":{"rootId":"g878t8jp2f5464u","id":"nryer0ljaf9tfzp"},"id":"eht6mx576tm1ei8","previousOperationId":"1hsap18t4g9tni6"}
{"type":"operationStart","subtype":"engine","name":"handlebars","timestamp":1719004883155,"id":"cs8dsldzxtevzt6","previousEventId":"bmf7a4zsgj0yw4o","operationId":"ayon04wbdgbp4cm","previousOperationId":"1hsap18t4g9tni6"}
{"type":"log","timestamp":1719004883155,"level":"debug","message":"Rendering engine handlebars","meta":{"rootId":"g878t8jp2f5464u","id":"nryer0ljaf9tfzp"},"id":"jq3ubrqav3snnjs","previousOperationId":"ayon04wbdgbp4cm"}
{"type":"operationEnd","operationId":"ayon04wbdgbp4cm","timestamp":1719004883156,"id":"e1puzyvbzpzofnm","previousEventId":"cs8dsldzxtevzt6","previousOperationId":"ayon04wbdgbp4cm"}
{"type":"operationStart","subtype":"recipe","name":"html","timestamp":1719004883157,"id":"ipj5rjomu6aghh6","previousEventId":"e1puzyvbzpzofnm","operationId":"ojuw8o3h1xeo4ws","previousOperationId":"ayon04wbdgbp4cm"}
{"type":"log","timestamp":1719004883157,"level":"debug","message":"Executing recipe html","meta":{"rootId":"g878t8jp2f5464u","id":"nryer0ljaf9tfzp"},"id":"w474het1yu5d9za","previousOperationId":"ojuw8o3h1xeo4ws"}
{"type":"operationEnd","operationId":"ojuw8o3h1xeo4ws","timestamp":1719004883157,"id":"4viaq8zbj5in35t","previousEventId":"ipj5rjomu6aghh6","previousOperationId":"ojuw8o3h1xeo4ws"}
{"type":"log","timestamp":1719004883157,"level":"debug","message":"Skipping storing report.","meta":{"rootId":"g878t8jp2f5464u","id":"nryer0ljaf9tfzp"},"id":"gpy94my6lmhr79l","previousOperationId":"ojuw8o3h1xeo4ws"}
{"type":"log","timestamp":1719004883157,"level":"info","message":"Rendering (child) request finished in 55 ms","meta":{"rootId":"g878t8jp2f5464u","id":"nryer0ljaf9tfzp"},"id":"cvhmq7v423qq9le","previousOperationId":"ojuw8o3h1xeo4ws"}
{"type":"operationEnd","subtype":"render","operationId":"1hsap18t4g9tni6","timestamp":1719004883157,"id":"cyoo211hxtf162x","previousEventId":"4viaq8zbj5in35t","previousOperationId":"ojuw8o3h1xeo4ws"}
{"type":"log","timestamp":1719004883157,"level":"debug","message":"Starting child request to render pdf footer","meta":{"rootId":"g878t8jp2f5464u","id":"g878t8jp2f5464u"},"id":"3piobeyq4w2369k","previousOperationId":"q1gyhatb4sudm5r"}
{"type":"operationStart","subtype":"render","name":"anonymous","previousOperationId":"q1gyhatb4sudm5r","timestamp":1719004883157,"id":"z07k97vzj9yzd9e","previousEventId":"379ypuotkwizrzt","operationId":"79c67ympe9o6xhe"}
{"type":"log","timestamp":1719004883157,"level":"info","message":"Starting rendering (child) request","meta":{"rootId":"g878t8jp2f5464u","id":"z3xddk1hd86sprf"},"id":"8ry0ky17bnrue60","previousOperationId":"79c67ympe9o6xhe"}
{"type":"log","timestamp":1719004883158,"level":"info","message":"Rendering anonymous template { recipe: html, engine: handlebars }","meta":{"rootId":"g878t8jp2f5464u","id":"z3xddk1hd86sprf"},"id":"s8x0wnht2i1r3cq","previousOperationId":"79c67ympe9o6xhe"}
{"type":"log","timestamp":1719004883158,"level":"debug","message":"Inline data specified.","meta":{"rootId":"g878t8jp2f5464u","id":"z3xddk1hd86sprf"},"id":"zoi29459gjt2hyi","previousOperationId":"79c67ympe9o6xhe"}
{"type":"log","timestamp":1719004883158,"level":"debug","message":"Base url not specified, skipping its injection.","meta":{"rootId":"g878t8jp2f5464u","id":"z3xddk1hd86sprf"},"id":"ruult9o3cnzv7ae","previousOperationId":"79c67ympe9o6xhe"}
{"type":"operationStart","subtype":"engine","name":"handlebars","timestamp":1719004883158,"id":"2u9szhe921ako1a","previousEventId":"z07k97vzj9yzd9e","operationId":"cgx4goct9kl8zzu","previousOperationId":"79c67ympe9o6xhe"}
{"type":"log","timestamp":1719004883158,"level":"debug","message":"Rendering engine handlebars","meta":{"rootId":"g878t8jp2f5464u","id":"z3xddk1hd86sprf"},"id":"2yliru7a756w8hz","previousOperationId":"cgx4goct9kl8zzu"}
{"type":"operationEnd","operationId":"cgx4goct9kl8zzu","timestamp":1719004883160,"id":"mt1o1eyf55xex5y","previousEventId":"2u9szhe921ako1a","previousOperationId":"cgx4goct9kl8zzu"}
{"type":"operationStart","subtype":"recipe","name":"html","timestamp":1719004883160,"id":"1j7e9g5ktna63y0","previousEventId":"mt1o1eyf55xex5y","operationId":"3mg156soplsabop","previousOperationId":"cgx4goct9kl8zzu"}
{"type":"log","timestamp":1719004883160,"level":"debug","message":"Executing recipe html","meta":{"rootId":"g878t8jp2f5464u","id":"z3xddk1hd86sprf"},"id":"aqy6z5wek6clv56","previousOperationId":"3mg156soplsabop"}
{"type":"operationEnd","operationId":"3mg156soplsabop","timestamp":1719004883160,"id":"qd6dww7s1ipla4p","previousEventId":"1j7e9g5ktna63y0","previousOperationId":"3mg156soplsabop"}
{"type":"log","timestamp":1719004883160,"level":"debug","message":"Skipping storing report.","meta":{"rootId":"g878t8jp2f5464u","id":"z3xddk1hd86sprf"},"id":"urtvj4lkab2crkx","previousOperationId":"3mg156soplsabop"}
{"type":"log","timestamp":1719004883160,"level":"info","message":"Rendering (child) request finished in 58 ms","meta":{"rootId":"g878t8jp2f5464u","id":"z3xddk1hd86sprf"},"id":"rt191o4joo7ft0p","previousOperationId":"3mg156soplsabop"}
{"type":"operationEnd","subtype":"render","operationId":"79c67ympe9o6xhe","timestamp":1719004883160,"id":"6tr8ygwmj2e4xr6","previousEventId":"qd6dww7s1ipla4p","previousOperationId":"3mg156soplsabop"}
{"type":"log","timestamp":1719004883171,"level":"debug","message":"Converting with chrome Chrome/126.0.6478.61 using chrome-pool strategy","meta":{"rootId":"g878t8jp2f5464u","id":"g878t8jp2f5464u"},"id":"7ovap3fmkweifv0","previousOperationId":"q1gyhatb4sudm5r"}
{"type":"log","timestamp":1719004883594,"level":"debug","message":"Page request: GET (document) file:///var/folders/2x/1bhfw9mx7d775w_jmf56lcp80000gn/T/jsreport/autocleanup/080559a6-b515-4710-9b64-5db7aef44609-chrome-pdf.html","meta":{"rootId":"g878t8jp2f5464u","id":"g878t8jp2f5464u"},"id":"vls6g9y4j1z0i3g","previousOperationId":"q1gyhatb4sudm5r"}
{"type":"log","timestamp":1719004883621,"level":"debug","message":"Page request: GET (stylesheet) https://cdnjs.cloudflare.com/ajax/libs/metro/4.1.5/css/metro.min.css","meta":{"rootId":"g878t8jp2f5464u","id":"g878t8jp2f5464u"},"id":"0bfyqgmnk79duu6","previousOperationId":"q1gyhatb4sudm5r"}
{"type":"log","timestamp":1719004883622,"level":"debug","message":"Page request: GET (script) https://cdnjs.cloudflare.com/ajax/libs/Chart.js/2.7.2/Chart.min.js","meta":{"rootId":"g878t8jp2f5464u","id":"g878t8jp2f5464u"},"id":"ghpdkriwqp7tb1z","previousOperationId":"q1gyhatb4sudm5r"}
{"type":"log","timestamp":1719004883623,"level":"debug","message":"Page request finished: GET (document) 200 file:///var/folders/2x/1bhfw9mx7d775w_jmf56lcp80000gn/T/jsreport/autocleanup/080559a6-b515-4710-9b64-5db7aef44609-chrome-pdf.html","meta":{"rootId":"g878t8jp2f5464u","id":"g878t8jp2f5464u"},"id":"mivkwqzxi3uyjyh","previousOperationId":"q1gyhatb4sudm5r"}
{"type":"log","timestamp":1719004883633,"level":"debug","message":"Page request finished: GET (stylesheet) 200 https://cdnjs.cloudflare.com/ajax/libs/metro/4.1.5/css/metro.min.css","meta":{"rootId":"g878t8jp2f5464u","id":"g878t8jp2f5464u"},"id":"81yc6ckejwlu5bd","previousOperationId":"q1gyhatb4sudm5r"}
{"type":"log","timestamp":1719004883633,"level":"debug","message":"Page request finished: GET (script) 200 https://cdnjs.cloudflare.com/ajax/libs/Chart.js/2.7.2/Chart.min.js","meta":{"rootId":"g878t8jp2f5464u","id":"g878t8jp2f5464u"},"id":"kjsim97h93605ir","previousOperationId":"q1gyhatb4sudm5r"}
{"type":"log","timestamp":1719004883732,"level":"debug","message":"Running chrome with params {\"displayHeaderFooter\":true,\"headerTemplate\":\"...\",\"footerTemplate\":\"...\",\"marginTop\":\"2cm\",\"marginRight\":\"1cm\",\"marginBottom\":\"2cm\",\"marginLeft\":\"1cm\",\"timeout\":59942,\"margin\":{\"top\":\"2cm\",\"right\":\"1cm\",\"bottom\":\"2cm\",\"left\":\"1cm\"},\"printBackground\":true}","meta":{"rootId":"g878t8jp2f5464u","id":"g878t8jp2f5464u"},"id":"rdb0onm1isbz3hg","previousOperationId":"q1gyhatb4sudm5r"}
{"type":"operationEnd","operationId":"q1gyhatb4sudm5r","timestamp":1719004884035,"id":"3b30u318sqbyv8b","previousEventId":"379ypuotkwizrzt","previousOperationId":"q1gyhatb4sudm5r"}
{"type":"log","timestamp":1719004884035,"level":"debug","message":"Skipping storing report.","meta":{"rootId":"g878t8jp2f5464u","id":"g878t8jp2f5464u"},"id":"o7m4dmgsdy7na3s","previousOperationId":"q1gyhatb4sudm5r"}
{"type":"log","timestamp":1719004884035,"level":"info","message":"Rendering request 109 finished in 933 ms","meta":{"rootId":"g878t8jp2f5464u","id":"g878t8jp2f5464u"},"id":"a15xli6f1butw0i","previousOperationId":"q1gyhatb4sudm5r"}
{"type":"operationEnd","subtype":"render","operationId":"ivfh1v69naeaxnp","timestamp":1719004884035,"id":"v2lselvs4ze67kf","previousEventId":"3b30u318sqbyv8b","previousOperationId":"q1gyhatb4sudm5r"}
{"type":"operationEnd","doDiffs":false,"previousEventId":"auy62jrjogbiz0r","previousOperationId":"68zwp9plkrrqvtz","operationId":"68zwp9plkrrqvtz","timestamp":1719004884036,"id":"nkdnhuix2uv1lrx"}
