{"type":"operationStart","subtype":"profile","data":{"_id":"5XSvMzAqYohuddAB","timestamp":"2024-06-21T22:33:44.758Z","state":"queued","mode":"standard","creationDate":"2024-06-21T22:33:44.760Z","modificationDate":"2024-06-21T22:33:44.760Z","shortid":"WUGIXQo","$entitySet":"profiles"},"doDiffs":false,"timestamp":1719009224759,"id":"83r3f1g1awf1yl0","previousOperationId":null,"operationId":"s1318cm2kihnnjo"}
{"type":"log","level":"info","message":"Render request 148 queued for execution and waiting for available worker","previousOperationId":"s1318cm2kihnnjo","timestamp":1719009224759,"id":"bwv671wirs4hufr"}
{"type":"operationStart","subtype":"render","name":"anonymous","previousOperationId":"s1318cm2kihnnjo","timestamp":1719009224767,"id":"4cnynaryw3hd194","previousEventId":"83r3f1g1awf1yl0","operationId":"yk7c6kc5846ogh0"}
{"type":"log","timestamp":1719009224768,"level":"info","message":"Starting rendering request 148","meta":{"rootId":"gc19y80l0etweai","id":"gc19y80l0etweai"},"id":"7uv4y0t7o9x9ubq","previousOperationId":"yk7c6kc5846ogh0"}
{"type":"log","timestamp":1719009224769,"level":"info","message":"Rendering anonymous template { recipe: chrome-pdf, engine: handlebars }","meta":{"rootId":"gc19y80l0etweai","id":"gc19y80l0etweai"},"id":"slx8oifmf3mfdmb","previousOperationId":"yk7c6kc5846ogh0"}
{"type":"log","timestamp":1719009224769,"level":"debug","message":"Inline data specified.","meta":{"rootId":"gc19y80l0etweai","id":"gc19y80l0etweai"},"id":"uoohwde67ypz7r8","previousOperationId":"yk7c6kc5846ogh0"}
{"type":"log","timestamp":1719009224770,"level":"debug","message":"Base url not specified, skipping its injection.","meta":{"rootId":"gc19y80l0etweai","id":"gc19y80l0etweai"},"id":"9voz85888dcviw3","previousOperationId":"yk7c6kc5846ogh0"}
{"type":"operationStart","subtype":"engine","name":"handlebars","timestamp":1719009224770,"id":"y0c0o618ksurclc","previousEventId":"4cnynaryw3hd194","operationId":"tfb99ekpkgg5fvm","previousOperationId":"yk7c6kc5846ogh0"}
{"type":"log","timestamp":1719009224770,"level":"debug","message":"Rendering engine handlebars","meta":{"rootId":"gc19y80l0etweai","id":"gc19y80l0etweai"},"id":"k18q0w7n0hreiqu","previousOperationId":"tfb99ekpkgg5fvm"}
{"type":"log","timestamp":1719009224780,"level":"debug","message":"(console:log) Pdf utils adding group field, value: 1","meta":{"userLevel":true,"rootId":"gc19y80l0etweai","id":"gc19y80l0etweai"},"id":"pu5d1t7njvhhrg9","previousOperationId":"tfb99ekpkgg5fvm"}
{"type":"log","timestamp":1719009224780,"level":"debug","message":"(console:log) Pdf utils adding group field, value: 2","meta":{"userLevel":true,"rootId":"gc19y80l0etweai","id":"gc19y80l0etweai"},"id":"yz0s0l3vpcfwu4f","previousOperationId":"tfb99ekpkgg5fvm"}
{"type":"log","timestamp":1719009224780,"level":"debug","message":"(console:log) Pdf utils adding group field, value: 3","meta":{"userLevel":true,"rootId":"gc19y80l0etweai","id":"gc19y80l0etweai"},"id":"o09gxpd3wyj2tb6","previousOperationId":"tfb99ekpkgg5fvm"}
{"type":"operationEnd","operationId":"tfb99ekpkgg5fvm","timestamp":1719009224780,"id":"gxkehtq50v2uog5","previousEventId":"y0c0o618ksurclc","previousOperationId":"tfb99ekpkgg5fvm"}
{"type":"operationStart","subtype":"recipe","name":"chrome-pdf","timestamp":1719009224780,"id":"mdow4qkz5n81mwh","previousEventId":"gxkehtq50v2uog5","operationId":"brcgms6988cezxm","previousOperationId":"tfb99ekpkgg5fvm"}
{"type":"log","timestamp":1719009224780,"level":"debug","message":"Executing recipe chrome-pdf","meta":{"rootId":"gc19y80l0etweai","id":"gc19y80l0etweai"},"id":"evaknq2aut0tyoh","previousOperationId":"brcgms6988cezxm"}
{"type":"log","timestamp":1719009224783,"level":"debug","message":"Converting with chrome Chrome/126.0.6478.61 using chrome-pool strategy","meta":{"rootId":"gc19y80l0etweai","id":"gc19y80l0etweai"},"id":"2635efl62z6bgez","previousOperationId":"brcgms6988cezxm"}
{"type":"log","timestamp":1719009224869,"level":"debug","message":"Page request: GET (document) file:///var/folders/2x/1bhfw9mx7d775w_jmf56lcp80000gn/T/jsreport/autocleanup/9f3d3ed7-d5e8-4ff5-b505-c1e63aebf32f-chrome-pdf.html","meta":{"rootId":"gc19y80l0etweai","id":"gc19y80l0etweai"},"id":"eltxrnhyov49uk9","previousOperationId":"brcgms6988cezxm"}
{"type":"log","timestamp":1719009224873,"level":"debug","message":"Page request finished: GET (document) 200 file:///var/folders/2x/1bhfw9mx7d775w_jmf56lcp80000gn/T/jsreport/autocleanup/9f3d3ed7-d5e8-4ff5-b505-c1e63aebf32f-chrome-pdf.html","meta":{"rootId":"gc19y80l0etweai","id":"gc19y80l0etweai"},"id":"g4nieq4ggnhfmkq","previousOperationId":"brcgms6988cezxm"}
{"type":"log","timestamp":1719009224875,"level":"debug","message":"Page request: GET (stylesheet) https://cdnjs.cloudflare.com/ajax/libs/metro/4.1.5/css/metro.min.css","meta":{"rootId":"gc19y80l0etweai","id":"gc19y80l0etweai"},"id":"k19zikuszeqjeq8","previousOperationId":"brcgms6988cezxm"}
{"type":"log","timestamp":1719009224876,"level":"debug","message":"Page request: GET (script) https://cdnjs.cloudflare.com/ajax/libs/Chart.js/2.7.2/Chart.min.js","meta":{"rootId":"gc19y80l0etweai","id":"gc19y80l0etweai"},"id":"yvgtba5kjaoamug","previousOperationId":"brcgms6988cezxm"}
{"type":"log","timestamp":1719009224886,"level":"debug","message":"Page request finished: GET (stylesheet) 200 https://cdnjs.cloudflare.com/ajax/libs/metro/4.1.5/css/metro.min.css","meta":{"rootId":"gc19y80l0etweai","id":"gc19y80l0etweai"},"id":"og8kqx3fne4s297","previousOperationId":"brcgms6988cezxm"}
{"type":"log","timestamp":1719009224886,"level":"debug","message":"Page request finished: GET (script) 200 https://cdnjs.cloudflare.com/ajax/libs/Chart.js/2.7.2/Chart.min.js","meta":{"rootId":"gc19y80l0etweai","id":"gc19y80l0etweai"},"id":"45cdgm0n1uelb60","previousOperationId":"brcgms6988cezxm"}
{"type":"log","timestamp":1719009224909,"level":"debug","message":"Running chrome with params {\"marginTop\":\"2cm\",\"marginRight\":\"1.5cm\",\"marginLeft\":\"1.5cm\",\"marginBottom\":\"1.5cm\",\"timeout\":59975,\"margin\":{\"top\":\"2cm\",\"right\":\"1.5cm\",\"bottom\":\"1.5cm\",\"left\":\"1.5cm\"},\"printBackground\":true}","meta":{"rootId":"gc19y80l0etweai","id":"gc19y80l0etweai"},"id":"csw99ernn9aqfwb","previousOperationId":"brcgms6988cezxm"}
{"type":"operationEnd","operationId":"brcgms6988cezxm","timestamp":1719009225019,"id":"2kb8frsrb4xttaz","previousEventId":"mdow4qkz5n81mwh","previousOperationId":"brcgms6988cezxm"}
{"type":"log","timestamp":1719009225019,"level":"info","message":"pdf-utils is starting pdf processing","meta":{"rootId":"gc19y80l0etweai","id":"gc19y80l0etweai"},"id":"k33ilcyk3vy501f","previousOperationId":"brcgms6988cezxm"}
{"type":"operationStart","subtype":"pdfUtils","name":"pdf utils","timestamp":1719009225019,"id":"10z9nf7r1tbl1wu","previousEventId":"2kb8frsrb4xttaz","operationId":"c0uidpl2rdvqgij","previousOperationId":"brcgms6988cezxm"}
{"type":"log","timestamp":1719009225019,"level":"debug","message":"pdf-utils detected 0 pdf operation(s) to process","meta":{"rootId":"gc19y80l0etweai","id":"gc19y80l0etweai"},"id":"wspjvfs4j1lu5il","previousOperationId":"c0uidpl2rdvqgij"}
{"type":"log","timestamp":1719009225019,"level":"debug","message":"pdf-utils postprocess start","meta":{"rootId":"gc19y80l0etweai","id":"gc19y80l0etweai"},"id":"axgu5mtrh5wbo5z","previousOperationId":"c0uidpl2rdvqgij"}
{"type":"log","timestamp":1719009225027,"level":"debug","message":"pdf-utils postprocess end","meta":{"rootId":"gc19y80l0etweai","id":"gc19y80l0etweai"},"id":"ov94xqlnagau07q","previousOperationId":"c0uidpl2rdvqgij"}
{"type":"operationEnd","operationId":"c0uidpl2rdvqgij","timestamp":1719009225027,"id":"wcbn5cng7j7vusa","previousEventId":"10z9nf7r1tbl1wu","previousOperationId":"c0uidpl2rdvqgij"}
{"type":"log","timestamp":1719009225028,"level":"info","message":"pdf-utils pdf processing was finished","meta":{"rootId":"gc19y80l0etweai","id":"gc19y80l0etweai"},"id":"9m8i2lb3vp68xxh","previousOperationId":"c0uidpl2rdvqgij"}
{"type":"log","timestamp":1719009225028,"level":"debug","message":"Skipping storing report.","meta":{"rootId":"gc19y80l0etweai","id":"gc19y80l0etweai"},"id":"0ci6bi0jzzjqqu8","previousOperationId":"c0uidpl2rdvqgij"}
{"type":"log","timestamp":1719009225028,"level":"info","message":"Rendering request 148 finished in 272 ms","meta":{"rootId":"gc19y80l0etweai","id":"gc19y80l0etweai"},"id":"x6ykgm8qtk59f74","previousOperationId":"c0uidpl2rdvqgij"}
{"type":"operationEnd","subtype":"render","operationId":"yk7c6kc5846ogh0","timestamp":1719009225028,"id":"9pxhgly8yfvpy0s","previousEventId":"wcbn5cng7j7vusa","previousOperationId":"c0uidpl2rdvqgij"}
{"type":"operationEnd","doDiffs":false,"previousEventId":"83r3f1g1awf1yl0","previousOperationId":"s1318cm2kihnnjo","operationId":"s1318cm2kihnnjo","timestamp":1719009225028,"id":"y4m4lknozw1oee9"}
