{"type":"operationStart","subtype":"profile","data":{"_id":"N5oGtMQZNxni7Rn6","timestamp":"2024-06-21T22:03:33.812Z","state":"queued","mode":"standard","creationDate":"2024-06-21T22:03:33.813Z","modificationDate":"2024-06-21T22:03:33.813Z","shortid":"Em9h_RN","$entitySet":"profiles"},"doDiffs":false,"timestamp":1719007413812,"id":"gpsw09vl56n9sum","previousOperationId":null,"operationId":"ek72dl20e6l9hdi"}
{"type":"log","level":"info","message":"Render request 134 queued for execution and waiting for available worker","previousOperationId":"ek72dl20e6l9hdi","timestamp":1719007413812,"id":"s3pn2u2u0ovj68h"}
{"type":"operationStart","subtype":"render","name":"anonymous","previousOperationId":"ek72dl20e6l9hdi","timestamp":1719007413824,"id":"d3184n6jmfi8b19","previousEventId":"gpsw09vl56n9sum","operationId":"r62wizy26tbbezb"}
{"type":"log","timestamp":1719007413825,"level":"info","message":"Starting rendering request 134","meta":{"rootId":"ge25sm401qdexfe","id":"ge25sm401qdexfe"},"id":"asaozpunbyivkb3","previousOperationId":"r62wizy26tbbezb"}
{"type":"log","timestamp":1719007413825,"level":"info","message":"Rendering anonymous template { recipe: chrome-pdf, engine: handlebars }","meta":{"rootId":"ge25sm401qdexfe","id":"ge25sm401qdexfe"},"id":"ya2erx90pe5q0k5","previousOperationId":"r62wizy26tbbezb"}
{"type":"log","timestamp":1719007413825,"level":"debug","message":"Inline data specified.","meta":{"rootId":"ge25sm401qdexfe","id":"ge25sm401qdexfe"},"id":"dtoencpdccu2isa","previousOperationId":"r62wizy26tbbezb"}
{"type":"log","timestamp":1719007413827,"level":"debug","message":"Base url not specified, skipping its injection.","meta":{"rootId":"ge25sm401qdexfe","id":"ge25sm401qdexfe"},"id":"4nd43d8kolaj7mj","previousOperationId":"r62wizy26tbbezb"}
{"type":"operationStart","subtype":"engine","name":"handlebars","timestamp":1719007413828,"id":"qeoq4yhknj99zvr","previousEventId":"d3184n6jmfi8b19","operationId":"4y6vg0xnnvnsjrd","previousOperationId":"r62wizy26tbbezb"}
{"type":"log","timestamp":1719007413828,"level":"debug","message":"Rendering engine handlebars","meta":{"rootId":"ge25sm401qdexfe","id":"ge25sm401qdexfe"},"id":"nsgjaj3ugo85b43","previousOperationId":"4y6vg0xnnvnsjrd"}
{"type":"log","timestamp":1719007413839,"level":"debug","message":"(console:log) Pdf utils adding group field, value: \"France\"","meta":{"userLevel":true,"rootId":"ge25sm401qdexfe","id":"ge25sm401qdexfe"},"id":"ebh0qvnh1yotojj","previousOperationId":"4y6vg0xnnvnsjrd"}
{"type":"log","timestamp":1719007413839,"level":"debug","message":"(console:log) Pdf utils adding group field, value: \"Germany\"","meta":{"userLevel":true,"rootId":"ge25sm401qdexfe","id":"ge25sm401qdexfe"},"id":"d9vd1byjeqdhgwa","previousOperationId":"4y6vg0xnnvnsjrd"}
{"type":"operationEnd","operationId":"4y6vg0xnnvnsjrd","timestamp":1719007413840,"id":"stzpzttxfp2fs4j","previousEventId":"qeoq4yhknj99zvr","previousOperationId":"4y6vg0xnnvnsjrd"}
{"type":"operationStart","subtype":"recipe","name":"chrome-pdf","timestamp":1719007413840,"id":"dioikqz0ybhk0q9","previousEventId":"stzpzttxfp2fs4j","operationId":"e9wiqmfr2gxp9ng","previousOperationId":"4y6vg0xnnvnsjrd"}
{"type":"log","timestamp":1719007413840,"level":"debug","message":"Executing recipe chrome-pdf","meta":{"rootId":"ge25sm401qdexfe","id":"ge25sm401qdexfe"},"id":"5dhoov97lfrx0ns","previousOperationId":"e9wiqmfr2gxp9ng"}
{"type":"log","timestamp":1719007413841,"level":"debug","message":"Starting child request to render pdf header","meta":{"rootId":"ge25sm401qdexfe","id":"ge25sm401qdexfe"},"id":"36rm5a2lsen28ly","previousOperationId":"e9wiqmfr2gxp9ng"}
{"type":"operationStart","subtype":"render","name":"anonymous","previousOperationId":"e9wiqmfr2gxp9ng","timestamp":1719007413841,"id":"35l1nqascswpdg3","previousEventId":"dioikqz0ybhk0q9","operationId":"lfxabn7d83byua6"}
{"type":"log","timestamp":1719007413841,"level":"info","message":"Starting rendering (child) request","meta":{"rootId":"ge25sm401qdexfe","id":"202wddoo5l8c219"},"id":"ccq4ej30zprx4ga","previousOperationId":"lfxabn7d83byua6"}
{"type":"log","timestamp":1719007413841,"level":"info","message":"Rendering anonymous template { recipe: html, engine: handlebars }","meta":{"rootId":"ge25sm401qdexfe","id":"202wddoo5l8c219"},"id":"ewfpe38tdb1jeeg","previousOperationId":"lfxabn7d83byua6"}
{"type":"log","timestamp":1719007413841,"level":"debug","message":"Inline data specified.","meta":{"rootId":"ge25sm401qdexfe","id":"202wddoo5l8c219"},"id":"1glu07of3hijgcl","previousOperationId":"lfxabn7d83byua6"}
{"type":"log","timestamp":1719007413842,"level":"debug","message":"Base url not specified, skipping its injection.","meta":{"rootId":"ge25sm401qdexfe","id":"202wddoo5l8c219"},"id":"kt4bxgq3v4ekepo","previousOperationId":"lfxabn7d83byua6"}
{"type":"operationStart","subtype":"engine","name":"handlebars","timestamp":1719007413842,"id":"hdgfv60g9ltkzgv","previousEventId":"35l1nqascswpdg3","operationId":"0vzdtsqbaagbm8v","previousOperationId":"lfxabn7d83byua6"}
{"type":"log","timestamp":1719007413842,"level":"debug","message":"Rendering engine handlebars","meta":{"rootId":"ge25sm401qdexfe","id":"202wddoo5l8c219"},"id":"79bmdb5iikdaup6","previousOperationId":"0vzdtsqbaagbm8v"}
{"type":"operationEnd","operationId":"0vzdtsqbaagbm8v","timestamp":1719007413844,"id":"99mqk6i9mxpgbqc","previousEventId":"hdgfv60g9ltkzgv","previousOperationId":"0vzdtsqbaagbm8v"}
{"type":"operationStart","subtype":"recipe","name":"html","timestamp":1719007413844,"id":"ov2nckgibixxqh0","previousEventId":"99mqk6i9mxpgbqc","operationId":"dyg17oidabjcitc","previousOperationId":"0vzdtsqbaagbm8v"}
{"type":"log","timestamp":1719007413844,"level":"debug","message":"Executing recipe html","meta":{"rootId":"ge25sm401qdexfe","id":"202wddoo5l8c219"},"id":"2kvzpoeew39vojx","previousOperationId":"dyg17oidabjcitc"}
{"type":"operationEnd","operationId":"dyg17oidabjcitc","timestamp":1719007413844,"id":"9i0c2e2i5h3f9gr","previousEventId":"ov2nckgibixxqh0","previousOperationId":"dyg17oidabjcitc"}
{"type":"log","timestamp":1719007413844,"level":"debug","message":"Skipping storing report.","meta":{"rootId":"ge25sm401qdexfe","id":"202wddoo5l8c219"},"id":"jz2ux8f2ua3z68m","previousOperationId":"dyg17oidabjcitc"}
{"type":"log","timestamp":1719007413844,"level":"info","message":"Rendering (child) request finished in 33 ms","meta":{"rootId":"ge25sm401qdexfe","id":"202wddoo5l8c219"},"id":"l7ahu9rtbc9yumz","previousOperationId":"dyg17oidabjcitc"}
{"type":"operationEnd","subtype":"render","operationId":"lfxabn7d83byua6","timestamp":1719007413844,"id":"nkynzsv9bhxmxp1","previousEventId":"9i0c2e2i5h3f9gr","previousOperationId":"dyg17oidabjcitc"}
{"type":"log","timestamp":1719007413844,"level":"debug","message":"Starting child request to render pdf footer","meta":{"rootId":"ge25sm401qdexfe","id":"ge25sm401qdexfe"},"id":"3q9w1xf7ptn47d5","previousOperationId":"e9wiqmfr2gxp9ng"}
{"type":"operationStart","subtype":"render","name":"anonymous","previousOperationId":"e9wiqmfr2gxp9ng","timestamp":1719007413844,"id":"klv17vjtg8lqh88","previousEventId":"dioikqz0ybhk0q9","operationId":"913jcv3zb4mgxg1"}
{"type":"log","timestamp":1719007413844,"level":"info","message":"Starting rendering (child) request","meta":{"rootId":"ge25sm401qdexfe","id":"jqoa2weejoboows"},"id":"9g635n0wd4uuisl","previousOperationId":"913jcv3zb4mgxg1"}
{"type":"log","timestamp":1719007413844,"level":"info","message":"Rendering anonymous template { recipe: html, engine: handlebars }","meta":{"rootId":"ge25sm401qdexfe","id":"jqoa2weejoboows"},"id":"2yh6gmz3sxf5c3a","previousOperationId":"913jcv3zb4mgxg1"}
{"type":"log","timestamp":1719007413844,"level":"debug","message":"Inline data specified.","meta":{"rootId":"ge25sm401qdexfe","id":"jqoa2weejoboows"},"id":"gps2ujxuk7nj66p","previousOperationId":"913jcv3zb4mgxg1"}
{"type":"log","timestamp":1719007413845,"level":"debug","message":"Base url not specified, skipping its injection.","meta":{"rootId":"ge25sm401qdexfe","id":"jqoa2weejoboows"},"id":"lcg279morzprhnf","previousOperationId":"913jcv3zb4mgxg1"}
{"type":"operationStart","subtype":"engine","name":"handlebars","timestamp":1719007413845,"id":"us76xjrbtfekdt7","previousEventId":"klv17vjtg8lqh88","operationId":"m7juxocbm7ei5pe","previousOperationId":"913jcv3zb4mgxg1"}
{"type":"log","timestamp":1719007413845,"level":"debug","message":"Rendering engine handlebars","meta":{"rootId":"ge25sm401qdexfe","id":"jqoa2weejoboows"},"id":"yx566vof3s26xal","previousOperationId":"m7juxocbm7ei5pe"}
{"type":"operationEnd","operationId":"m7juxocbm7ei5pe","timestamp":1719007413847,"id":"o4tidjd4ra8qyin","previousEventId":"us76xjrbtfekdt7","previousOperationId":"m7juxocbm7ei5pe"}
{"type":"operationStart","subtype":"recipe","name":"html","timestamp":1719007413847,"id":"pup5a1u6rneitff","previousEventId":"o4tidjd4ra8qyin","operationId":"hizrfkw7bfqtc64","previousOperationId":"m7juxocbm7ei5pe"}
{"type":"log","timestamp":1719007413847,"level":"debug","message":"Executing recipe html","meta":{"rootId":"ge25sm401qdexfe","id":"jqoa2weejoboows"},"id":"azgmsdz2974e6hy","previousOperationId":"hizrfkw7bfqtc64"}
{"type":"operationEnd","operationId":"hizrfkw7bfqtc64","timestamp":1719007413847,"id":"rcwxbkc6pe2xerx","previousEventId":"pup5a1u6rneitff","previousOperationId":"hizrfkw7bfqtc64"}
{"type":"log","timestamp":1719007413847,"level":"debug","message":"Skipping storing report.","meta":{"rootId":"ge25sm401qdexfe","id":"jqoa2weejoboows"},"id":"bvmufd1tkc9o8bt","previousOperationId":"hizrfkw7bfqtc64"}
{"type":"log","timestamp":1719007413847,"level":"info","message":"Rendering (child) request finished in 36 ms","meta":{"rootId":"ge25sm401qdexfe","id":"jqoa2weejoboows"},"id":"4zafglgszquq55i","previousOperationId":"hizrfkw7bfqtc64"}
{"type":"operationEnd","subtype":"render","operationId":"913jcv3zb4mgxg1","timestamp":1719007413847,"id":"ckui3hhxjmu2adz","previousEventId":"rcwxbkc6pe2xerx","previousOperationId":"hizrfkw7bfqtc64"}
{"type":"log","timestamp":1719007413848,"level":"debug","message":"Converting with chrome Chrome/126.0.6478.61 using chrome-pool strategy","meta":{"rootId":"ge25sm401qdexfe","id":"ge25sm401qdexfe"},"id":"ykj19sycmrpy6fu","previousOperationId":"e9wiqmfr2gxp9ng"}
{"type":"log","timestamp":1719007413924,"level":"debug","message":"Page request: GET (document) file:///var/folders/2x/1bhfw9mx7d775w_jmf56lcp80000gn/T/jsreport/autocleanup/5edb6603-3f2f-4d18-8f43-5b86c225167e-chrome-pdf.html","meta":{"rootId":"ge25sm401qdexfe","id":"ge25sm401qdexfe"},"id":"17woch5ujecztsw","previousOperationId":"e9wiqmfr2gxp9ng"}
{"type":"log","timestamp":1719007413929,"level":"debug","message":"Page request finished: GET (document) 200 file:///var/folders/2x/1bhfw9mx7d775w_jmf56lcp80000gn/T/jsreport/autocleanup/5edb6603-3f2f-4d18-8f43-5b86c225167e-chrome-pdf.html","meta":{"rootId":"ge25sm401qdexfe","id":"ge25sm401qdexfe"},"id":"rsv1xbczvm8q949","previousOperationId":"e9wiqmfr2gxp9ng"}
{"type":"log","timestamp":1719007413931,"level":"debug","message":"Page request: GET (stylesheet) https://cdnjs.cloudflare.com/ajax/libs/metro/4.1.5/css/metro.min.css","meta":{"rootId":"ge25sm401qdexfe","id":"ge25sm401qdexfe"},"id":"ltx5u303nwdys7v","previousOperationId":"e9wiqmfr2gxp9ng"}
{"type":"log","timestamp":1719007413931,"level":"debug","message":"Page request: GET (script) https://cdnjs.cloudflare.com/ajax/libs/Chart.js/2.7.2/Chart.min.js","meta":{"rootId":"ge25sm401qdexfe","id":"ge25sm401qdexfe"},"id":"twahsjsvi9gl2bw","previousOperationId":"e9wiqmfr2gxp9ng"}
{"type":"log","timestamp":1719007413939,"level":"debug","message":"Page request finished: GET (stylesheet) 200 https://cdnjs.cloudflare.com/ajax/libs/metro/4.1.5/css/metro.min.css","meta":{"rootId":"ge25sm401qdexfe","id":"ge25sm401qdexfe"},"id":"xm08f5yvwu8jbxq","previousOperationId":"e9wiqmfr2gxp9ng"}
{"type":"log","timestamp":1719007413939,"level":"debug","message":"Page request finished: GET (script) 200 https://cdnjs.cloudflare.com/ajax/libs/Chart.js/2.7.2/Chart.min.js","meta":{"rootId":"ge25sm401qdexfe","id":"ge25sm401qdexfe"},"id":"ante4eosnuf0w08","previousOperationId":"e9wiqmfr2gxp9ng"}
{"type":"log","timestamp":1719007413968,"level":"debug","message":"Running chrome with params {\"displayHeaderFooter\":true,\"headerTemplate\":\"...\",\"footerTemplate\":\"...\",\"marginTop\":\"2cm\",\"marginRight\":\"1.5cm\",\"marginLeft\":\"1.5cm\",\"marginBottom\":\"1.5cm\",\"timeout\":59964,\"margin\":{\"top\":\"2cm\",\"right\":\"1.5cm\",\"bottom\":\"1.5cm\",\"left\":\"1.5cm\"},\"printBackground\":true}","meta":{"rootId":"ge25sm401qdexfe","id":"ge25sm401qdexfe"},"id":"evaajjyxw0e9ak9","previousOperationId":"e9wiqmfr2gxp9ng"}
{"type":"operationEnd","operationId":"e9wiqmfr2gxp9ng","timestamp":1719007414141,"id":"g6bx7csup5ipxe3","previousEventId":"dioikqz0ybhk0q9","previousOperationId":"e9wiqmfr2gxp9ng"}
{"type":"log","timestamp":1719007414141,"level":"info","message":"pdf-utils is starting pdf processing","meta":{"rootId":"ge25sm401qdexfe","id":"ge25sm401qdexfe"},"id":"0kcmcbzbjwd00hm","previousOperationId":"e9wiqmfr2gxp9ng"}
{"type":"operationStart","subtype":"pdfUtils","name":"pdf utils","timestamp":1719007414141,"id":"l4a5lg5ws86gx9f","previousEventId":"g6bx7csup5ipxe3","operationId":"shzksd6fpii5x5t","previousOperationId":"e9wiqmfr2gxp9ng"}
{"type":"log","timestamp":1719007414141,"level":"debug","message":"pdf-utils detected 1 pdf operation(s) to process","meta":{"rootId":"ge25sm401qdexfe","id":"ge25sm401qdexfe"},"id":"b7mxr17xxnay8xt","previousOperationId":"shzksd6fpii5x5t"}
{"type":"log","timestamp":1719007414151,"level":"debug","message":"pdf-utils running pdf operation merge","meta":{"rootId":"ge25sm401qdexfe","id":"ge25sm401qdexfe"},"id":"gr9i9bg5k6152v5","previousOperationId":"shzksd6fpii5x5t"}
{"type":"operationStart","subtype":"pdfUtilsMerge","name":"pdf utils merge","previousOperationId":"shzksd6fpii5x5t","timestamp":1719007414151,"id":"nofeqjwp2x3fvfw","previousEventId":"l4a5lg5ws86gx9f","operationId":"aqn7wulkoohhu1t"}
{"type":"operationStart","subtype":"render","name":"anonymous","previousOperationId":"aqn7wulkoohhu1t","timestamp":1719007414151,"id":"bk0nyo70ulvubbs","previousEventId":"nofeqjwp2x3fvfw","operationId":"sfgvgsoqja8q3mw"}
{"type":"log","timestamp":1719007414151,"level":"info","message":"Starting rendering (child) request","meta":{"rootId":"ge25sm401qdexfe","id":"lnxb636ttd5sti2"},"id":"xgd427u6euv5lxb","previousOperationId":"sfgvgsoqja8q3mw"}
{"type":"log","timestamp":1719007414151,"level":"info","message":"Rendering anonymous template { recipe: chrome-pdf, engine: handlebars }","meta":{"rootId":"ge25sm401qdexfe","id":"lnxb636ttd5sti2"},"id":"amwan7n3lidjq45","previousOperationId":"sfgvgsoqja8q3mw"}
{"type":"log","timestamp":1719007414151,"level":"debug","message":"Inline data specified.","meta":{"rootId":"ge25sm401qdexfe","id":"lnxb636ttd5sti2"},"id":"ivgg4zjomg2mqm0","previousOperationId":"sfgvgsoqja8q3mw"}
{"type":"log","timestamp":1719007414152,"level":"debug","message":"Base url not specified, skipping its injection.","meta":{"rootId":"ge25sm401qdexfe","id":"lnxb636ttd5sti2"},"id":"rfv5qta7taf7cwj","previousOperationId":"sfgvgsoqja8q3mw"}
{"type":"operationStart","subtype":"engine","name":"handlebars","timestamp":1719007414152,"id":"0cot2cqf67p7r5y","previousEventId":"bk0nyo70ulvubbs","operationId":"09tjt3fuyl8n8pe","previousOperationId":"sfgvgsoqja8q3mw"}
{"type":"log","timestamp":1719007414152,"level":"debug","message":"Rendering engine handlebars","meta":{"rootId":"ge25sm401qdexfe","id":"lnxb636ttd5sti2"},"id":"uk0rjz3pcsqeucf","previousOperationId":"09tjt3fuyl8n8pe"}
{"type":"operationEnd","operationId":"09tjt3fuyl8n8pe","timestamp":1719007414155,"id":"bpddycflqwncw9y","previousEventId":"0cot2cqf67p7r5y","previousOperationId":"09tjt3fuyl8n8pe"}
{"type":"operationStart","subtype":"recipe","name":"chrome-pdf","timestamp":1719007414155,"id":"geiu1c4fx077ih5","previousEventId":"bpddycflqwncw9y","operationId":"gxf57mijpzsmrrp","previousOperationId":"09tjt3fuyl8n8pe"}
{"type":"log","timestamp":1719007414155,"level":"debug","message":"Executing recipe chrome-pdf","meta":{"rootId":"ge25sm401qdexfe","id":"lnxb636ttd5sti2"},"id":"yxp5p2pzlvlrfgt","previousOperationId":"gxf57mijpzsmrrp"}
{"type":"log","timestamp":1719007414156,"level":"debug","message":"Converting with chrome Chrome/126.0.6478.61 using chrome-pool strategy","meta":{"rootId":"ge25sm401qdexfe","id":"lnxb636ttd5sti2"},"id":"1qbjycolwpkmglp","previousOperationId":"gxf57mijpzsmrrp"}
{"type":"log","timestamp":1719007414217,"level":"debug","message":"Page request: GET (document) file:///var/folders/2x/1bhfw9mx7d775w_jmf56lcp80000gn/T/jsreport/autocleanup/277ac7f1-1742-43d6-b207-e090f2ac9ffd-chrome-pdf.html","meta":{"rootId":"ge25sm401qdexfe","id":"lnxb636ttd5sti2"},"id":"6ttdfvgtjvwtdqc","previousOperationId":"gxf57mijpzsmrrp"}
{"type":"log","timestamp":1719007414221,"level":"debug","message":"Page request finished: GET (document) 200 file:///var/folders/2x/1bhfw9mx7d775w_jmf56lcp80000gn/T/jsreport/autocleanup/277ac7f1-1742-43d6-b207-e090f2ac9ffd-chrome-pdf.html","meta":{"rootId":"ge25sm401qdexfe","id":"lnxb636ttd5sti2"},"id":"2dmgko1xw3qivsi","previousOperationId":"gxf57mijpzsmrrp"}
{"type":"log","timestamp":1719007414223,"level":"debug","message":"Running chrome with params {\"timeout\":59656,\"margin\":{},\"printBackground\":true}","meta":{"rootId":"ge25sm401qdexfe","id":"lnxb636ttd5sti2"},"id":"fxmh6ab0bizdzyi","previousOperationId":"gxf57mijpzsmrrp"}
{"type":"operationEnd","operationId":"gxf57mijpzsmrrp","timestamp":1719007414298,"id":"y5oaixmyjep8539","previousEventId":"geiu1c4fx077ih5","previousOperationId":"gxf57mijpzsmrrp"}
{"type":"log","timestamp":1719007414298,"level":"debug","message":"Skipping storing report.","meta":{"rootId":"ge25sm401qdexfe","id":"lnxb636ttd5sti2"},"id":"3sdcj4bymuqltbh","previousOperationId":"gxf57mijpzsmrrp"}
{"type":"log","timestamp":1719007414298,"level":"info","message":"Rendering (child) request finished in 487 ms","meta":{"rootId":"ge25sm401qdexfe","id":"lnxb636ttd5sti2"},"id":"v24ggx60vt7w0yt","previousOperationId":"gxf57mijpzsmrrp"}
{"type":"operationEnd","subtype":"render","operationId":"sfgvgsoqja8q3mw","timestamp":1719007414298,"id":"53j8iqvaq7zopiu","previousEventId":"y5oaixmyjep8539","previousOperationId":"gxf57mijpzsmrrp"}
{"type":"operationEnd","operationId":"aqn7wulkoohhu1t","timestamp":1719007414308,"id":"1mtpos0bdmc9517","previousEventId":"nofeqjwp2x3fvfw","previousOperationId":"aqn7wulkoohhu1t"}
{"type":"log","timestamp":1719007414308,"level":"debug","message":"pdf-utils postprocess start","meta":{"rootId":"ge25sm401qdexfe","id":"ge25sm401qdexfe"},"id":"efz35xa38skfuli","previousOperationId":"aqn7wulkoohhu1t"}
{"type":"log","timestamp":1719007414321,"level":"debug","message":"pdf-utils postprocess end","meta":{"rootId":"ge25sm401qdexfe","id":"ge25sm401qdexfe"},"id":"16w8fxcyiekruy0","previousOperationId":"aqn7wulkoohhu1t"}
{"type":"operationEnd","operationId":"shzksd6fpii5x5t","timestamp":1719007414321,"id":"i4mz4x0rr3epskb","previousEventId":"1mtpos0bdmc9517","previousOperationId":"aqn7wulkoohhu1t"}
{"type":"log","timestamp":1719007414322,"level":"info","message":"pdf-utils pdf processing was finished","meta":{"rootId":"ge25sm401qdexfe","id":"ge25sm401qdexfe"},"id":"tze4x234u0fwcqy","previousOperationId":"shzksd6fpii5x5t"}
{"type":"log","timestamp":1719007414322,"level":"debug","message":"Skipping storing report.","meta":{"rootId":"ge25sm401qdexfe","id":"ge25sm401qdexfe"},"id":"jgq69tg43ak2rwl","previousOperationId":"shzksd6fpii5x5t"}
{"type":"log","timestamp":1719007414322,"level":"info","message":"Rendering request 134 finished in 511 ms","meta":{"rootId":"ge25sm401qdexfe","id":"ge25sm401qdexfe"},"id":"ljspo3wl07srlit","previousOperationId":"shzksd6fpii5x5t"}
{"type":"operationEnd","subtype":"render","operationId":"r62wizy26tbbezb","timestamp":1719007414322,"id":"l8mo263bnug47m0","previousEventId":"i4mz4x0rr3epskb","previousOperationId":"shzksd6fpii5x5t"}
{"type":"operationEnd","doDiffs":false,"previousEventId":"gpsw09vl56n9sum","previousOperationId":"ek72dl20e6l9hdi","operationId":"ek72dl20e6l9hdi","timestamp":1719007414322,"id":"vz4ysy2u6d8wwzy"}
