{"type":"operationStart","subtype":"profile","data":{"_id":"qBo5xTXc4FW0xasl","timestamp":"2024-06-21T19:43:58.282Z","state":"queued","mode":"standard","creationDate":"2024-06-21T19:43:58.286Z","modificationDate":"2024-06-21T19:43:58.286Z","shortid":"4MUBYeh","$entitySet":"profiles"},"doDiffs":false,"timestamp":1718999038283,"id":"rvvzjx3788e1bpw","previousOperationId":null,"operationId":"g2pwvdn001miu6a"}
{"type":"log","level":"info","message":"Render request 46 queued for execution and waiting for available worker","previousOperationId":"g2pwvdn001miu6a","timestamp":1718999038283,"id":"8j83wbz61vh7w5y"}
{"type":"operationStart","subtype":"render","name":"anonymous","previousOperationId":"g2pwvdn001miu6a","timestamp":1718999038289,"id":"sm7rl6xamp08fgv","previousEventId":"rvvzjx3788e1bpw","operationId":"25etzmimhr8fc62"}
{"type":"log","timestamp":1718999038289,"level":"info","message":"Starting rendering request 46","meta":{"rootId":"gjnojenxsiq8m2n","id":"gjnojenxsiq8m2n"},"id":"0ha2vc13o00eur4","previousOperationId":"25etzmimhr8fc62"}
{"type":"log","timestamp":1718999038289,"level":"info","message":"Rendering anonymous template { recipe: chrome-pdf, engine: handlebars }","meta":{"rootId":"gjnojenxsiq8m2n","id":"gjnojenxsiq8m2n"},"id":"4hai1nu1xsphstb","previousOperationId":"25etzmimhr8fc62"}
{"type":"log","timestamp":1718999038289,"level":"debug","message":"Inline data specified.","meta":{"rootId":"gjnojenxsiq8m2n","id":"gjnojenxsiq8m2n"},"id":"2pu95lpddxrxj1t","previousOperationId":"25etzmimhr8fc62"}
{"type":"log","timestamp":1718999038291,"level":"debug","message":"Base url not specified, skipping its injection.","meta":{"rootId":"gjnojenxsiq8m2n","id":"gjnojenxsiq8m2n"},"id":"v64omrkufhkk0pb","previousOperationId":"25etzmimhr8fc62"}
{"type":"operationStart","subtype":"engine","name":"handlebars","timestamp":1718999038293,"id":"mo7y8qfulg8dptg","previousEventId":"sm7rl6xamp08fgv","operationId":"5v69fpab1g41ii5","previousOperationId":"25etzmimhr8fc62"}
{"type":"log","timestamp":1718999038293,"level":"debug","message":"Rendering engine handlebars","meta":{"rootId":"gjnojenxsiq8m2n","id":"gjnojenxsiq8m2n"},"id":"pctu1rkg9rj0hr9","previousOperationId":"5v69fpab1g41ii5"}
{"type":"operationEnd","operationId":"5v69fpab1g41ii5","timestamp":1718999038314,"id":"l4tnuhodkp2elbk","previousEventId":"mo7y8qfulg8dptg","previousOperationId":"5v69fpab1g41ii5"}
{"type":"operationStart","subtype":"recipe","name":"chrome-pdf","timestamp":1718999038314,"id":"0zatiaqxf7bg9fk","previousEventId":"l4tnuhodkp2elbk","operationId":"53pa9mney84go05","previousOperationId":"5v69fpab1g41ii5"}
{"type":"log","timestamp":1718999038314,"level":"debug","message":"Executing recipe chrome-pdf","meta":{"rootId":"gjnojenxsiq8m2n","id":"gjnojenxsiq8m2n"},"id":"1iqdiz7ihtnad1x","previousOperationId":"53pa9mney84go05"}
{"type":"log","timestamp":1718999038335,"level":"debug","message":"Converting with chrome Chrome/126.0.6478.61 using chrome-pool strategy","meta":{"rootId":"gjnojenxsiq8m2n","id":"gjnojenxsiq8m2n"},"id":"40qh2d48l3nd1u2","previousOperationId":"53pa9mney84go05"}
{"type":"log","timestamp":1718999038701,"level":"debug","message":"Page request: GET (document) file:///var/folders/2x/1bhfw9mx7d775w_jmf56lcp80000gn/T/jsreport/autocleanup/19cf287f-5e17-4fd5-a33a-829333e79e14-chrome-pdf.html","meta":{"rootId":"gjnojenxsiq8m2n","id":"gjnojenxsiq8m2n"},"id":"4u3v6eujtmtc76j","previousOperationId":"53pa9mney84go05"}
{"type":"log","timestamp":1718999038729,"level":"debug","message":"Page request finished: GET (document) 200 file:///var/folders/2x/1bhfw9mx7d775w_jmf56lcp80000gn/T/jsreport/autocleanup/19cf287f-5e17-4fd5-a33a-829333e79e14-chrome-pdf.html","meta":{"rootId":"gjnojenxsiq8m2n","id":"gjnojenxsiq8m2n"},"id":"88c47w2xx8xq9bl","previousOperationId":"53pa9mney84go05"}
{"type":"log","timestamp":1718999038744,"level":"debug","message":"Running chrome with params {\"timeout\":59962,\"margin\":{},\"printBackground\":true}","meta":{"rootId":"gjnojenxsiq8m2n","id":"gjnojenxsiq8m2n"},"id":"zywzqs6e5i1spkd","previousOperationId":"53pa9mney84go05"}
{"type":"operationEnd","operationId":"53pa9mney84go05","timestamp":1718999038860,"id":"avh155z8uvuqraj","previousEventId":"0zatiaqxf7bg9fk","previousOperationId":"53pa9mney84go05"}
{"type":"log","timestamp":1718999038860,"level":"debug","message":"Skipping storing report.","meta":{"rootId":"gjnojenxsiq8m2n","id":"gjnojenxsiq8m2n"},"id":"1t5nb7w4otl1ab9","previousOperationId":"53pa9mney84go05"}
{"type":"log","timestamp":1718999038860,"level":"info","message":"Rendering request 46 finished in 581 ms","meta":{"rootId":"gjnojenxsiq8m2n","id":"gjnojenxsiq8m2n"},"id":"7itlqvr1502gldq","previousOperationId":"53pa9mney84go05"}
{"type":"operationEnd","subtype":"render","operationId":"25etzmimhr8fc62","timestamp":1718999038860,"id":"8irpd2i33wpygoh","previousEventId":"avh155z8uvuqraj","previousOperationId":"53pa9mney84go05"}
{"type":"operationEnd","doDiffs":false,"previousEventId":"rvvzjx3788e1bpw","previousOperationId":"g2pwvdn001miu6a","operationId":"g2pwvdn001miu6a","timestamp":1718999038861,"id":"3bktszjl2k8te5y"}
