{"type":"operationStart","subtype":"profile","data":{"_id":"JtMF4Lyt46zKDmW7","timestamp":"2024-06-21T21:53:37.236Z","state":"queued","mode":"standard","creationDate":"2024-06-21T21:53:37.238Z","modificationDate":"2024-06-21T21:53:37.238Z","shortid":"EWprfi5","$entitySet":"profiles"},"doDiffs":false,"timestamp":1719006817237,"id":"8pp0trpouw74j31","previousOperationId":null,"operationId":"prebmf1ql2irbkb"}
{"type":"log","level":"info","message":"Render request 117 queued for execution and waiting for available worker","previousOperationId":"prebmf1ql2irbkb","timestamp":1719006817237,"id":"8vti8scuhncwxgd"}
{"type":"operationStart","subtype":"render","name":"anonymous","previousOperationId":"prebmf1ql2irbkb","timestamp":1719006817260,"id":"slm5mdrblbeiiu9","previousEventId":"8pp0trpouw74j31","operationId":"3gtf1ce10z3zqed"}
{"type":"log","timestamp":1719006817260,"level":"info","message":"Starting rendering request 117","meta":{"rootId":"gu7z5fxgz95pybi","id":"gu7z5fxgz95pybi"},"id":"gublua73eyyhij8","previousOperationId":"3gtf1ce10z3zqed"}
{"type":"log","timestamp":1719006817260,"level":"info","message":"Rendering anonymous template { recipe: chrome-pdf, engine: handlebars }","meta":{"rootId":"gu7z5fxgz95pybi","id":"gu7z5fxgz95pybi"},"id":"jth8w3k77v70vw3","previousOperationId":"3gtf1ce10z3zqed"}
{"type":"log","timestamp":1719006817260,"level":"debug","message":"Inline data specified.","meta":{"rootId":"gu7z5fxgz95pybi","id":"gu7z5fxgz95pybi"},"id":"nwpdgcc4o0q0d18","previousOperationId":"3gtf1ce10z3zqed"}
{"type":"log","timestamp":1719006817268,"level":"debug","message":"Base url not specified, skipping its injection.","meta":{"rootId":"gu7z5fxgz95pybi","id":"gu7z5fxgz95pybi"},"id":"qiidxcgkvf574h1","previousOperationId":"3gtf1ce10z3zqed"}
{"type":"operationStart","subtype":"engine","name":"handlebars","timestamp":1719006817268,"id":"tvdq4zs8suakn1m","previousEventId":"slm5mdrblbeiiu9","operationId":"i4zob8l9wl9kxm0","previousOperationId":"3gtf1ce10z3zqed"}
{"type":"log","timestamp":1719006817269,"level":"debug","message":"Rendering engine handlebars","meta":{"rootId":"gu7z5fxgz95pybi","id":"gu7z5fxgz95pybi"},"id":"pyerh3yo3lqegsd","previousOperationId":"i4zob8l9wl9kxm0"}
{"type":"log","timestamp":1719006817281,"level":"debug","message":"(console:log) Pdf utils adding group field, value: \"France\"","meta":{"userLevel":true,"rootId":"gu7z5fxgz95pybi","id":"gu7z5fxgz95pybi"},"id":"xdy6t8td09c13np","previousOperationId":"i4zob8l9wl9kxm0"}
{"type":"log","timestamp":1719006817281,"level":"debug","message":"(console:log) Pdf utils adding group field, value: \"Germany\"","meta":{"userLevel":true,"rootId":"gu7z5fxgz95pybi","id":"gu7z5fxgz95pybi"},"id":"t1v2wrvkegb5gvb","previousOperationId":"i4zob8l9wl9kxm0"}
{"type":"operationEnd","operationId":"i4zob8l9wl9kxm0","timestamp":1719006817281,"id":"ig7f13gd47xuu9y","previousEventId":"tvdq4zs8suakn1m","previousOperationId":"i4zob8l9wl9kxm0"}
{"type":"operationStart","subtype":"recipe","name":"chrome-pdf","timestamp":1719006817282,"id":"q2zagsbkd4nxltf","previousEventId":"ig7f13gd47xuu9y","operationId":"oo1dfmpswb5c2qb","previousOperationId":"i4zob8l9wl9kxm0"}
{"type":"log","timestamp":1719006817282,"level":"debug","message":"Executing recipe chrome-pdf","meta":{"rootId":"gu7z5fxgz95pybi","id":"gu7z5fxgz95pybi"},"id":"3nslv470ifuwoxx","previousOperationId":"oo1dfmpswb5c2qb"}
{"type":"log","timestamp":1719006817282,"level":"debug","message":"Starting child request to render pdf header","meta":{"rootId":"gu7z5fxgz95pybi","id":"gu7z5fxgz95pybi"},"id":"qerg056hv17wn4i","previousOperationId":"oo1dfmpswb5c2qb"}
{"type":"operationStart","subtype":"render","name":"anonymous","previousOperationId":"oo1dfmpswb5c2qb","timestamp":1719006817283,"id":"xym9p4fcsh6uk6h","previousEventId":"q2zagsbkd4nxltf","operationId":"ia110tbfcjk77w4"}
{"type":"log","timestamp":1719006817283,"level":"info","message":"Starting rendering (child) request","meta":{"rootId":"gu7z5fxgz95pybi","id":"yn2lzzezj571zwg"},"id":"gk2qynvrb68q80w","previousOperationId":"ia110tbfcjk77w4"}
{"type":"log","timestamp":1719006817283,"level":"info","message":"Rendering anonymous template { recipe: html, engine: handlebars }","meta":{"rootId":"gu7z5fxgz95pybi","id":"yn2lzzezj571zwg"},"id":"himwwr8hyfdiveo","previousOperationId":"ia110tbfcjk77w4"}
{"type":"log","timestamp":1719006817283,"level":"debug","message":"Inline data specified.","meta":{"rootId":"gu7z5fxgz95pybi","id":"yn2lzzezj571zwg"},"id":"4tfnkm805f6g5xd","previousOperationId":"ia110tbfcjk77w4"}
{"type":"log","timestamp":1719006817283,"level":"debug","message":"Base url not specified, skipping its injection.","meta":{"rootId":"gu7z5fxgz95pybi","id":"yn2lzzezj571zwg"},"id":"i1wa21ntsbjwvos","previousOperationId":"ia110tbfcjk77w4"}
{"type":"operationStart","subtype":"engine","name":"handlebars","timestamp":1719006817283,"id":"unflocr6ykzur8u","previousEventId":"xym9p4fcsh6uk6h","operationId":"r6j56vwqan50ash","previousOperationId":"ia110tbfcjk77w4"}
{"type":"log","timestamp":1719006817283,"level":"debug","message":"Rendering engine handlebars","meta":{"rootId":"gu7z5fxgz95pybi","id":"yn2lzzezj571zwg"},"id":"fk3g3ucg5yqsefx","previousOperationId":"r6j56vwqan50ash"}
{"type":"operationEnd","operationId":"r6j56vwqan50ash","timestamp":1719006817286,"id":"a4nx7jvamd4ov16","previousEventId":"unflocr6ykzur8u","previousOperationId":"r6j56vwqan50ash"}
{"type":"operationStart","subtype":"recipe","name":"html","timestamp":1719006817286,"id":"p5z4wn35iri6kyt","previousEventId":"a4nx7jvamd4ov16","operationId":"k0ho36a109dw01s","previousOperationId":"r6j56vwqan50ash"}
{"type":"log","timestamp":1719006817286,"level":"debug","message":"Executing recipe html","meta":{"rootId":"gu7z5fxgz95pybi","id":"yn2lzzezj571zwg"},"id":"1lpbz4c1dpxipx1","previousOperationId":"k0ho36a109dw01s"}
{"type":"operationEnd","operationId":"k0ho36a109dw01s","timestamp":1719006817286,"id":"3b10p6zz0jdjg83","previousEventId":"p5z4wn35iri6kyt","previousOperationId":"k0ho36a109dw01s"}
{"type":"log","timestamp":1719006817286,"level":"debug","message":"Skipping storing report.","meta":{"rootId":"gu7z5fxgz95pybi","id":"yn2lzzezj571zwg"},"id":"rwpohaesag8z1hs","previousOperationId":"k0ho36a109dw01s"}
{"type":"log","timestamp":1719006817286,"level":"info","message":"Rendering (child) request finished in 51 ms","meta":{"rootId":"gu7z5fxgz95pybi","id":"yn2lzzezj571zwg"},"id":"oes2oqrpizc4m9p","previousOperationId":"k0ho36a109dw01s"}
{"type":"operationEnd","subtype":"render","operationId":"ia110tbfcjk77w4","timestamp":1719006817286,"id":"nwfjikhz8cmj3w1","previousEventId":"3b10p6zz0jdjg83","previousOperationId":"k0ho36a109dw01s"}
{"type":"log","timestamp":1719006817286,"level":"debug","message":"Starting child request to render pdf footer","meta":{"rootId":"gu7z5fxgz95pybi","id":"gu7z5fxgz95pybi"},"id":"pf0eh0uzf6ebzv2","previousOperationId":"oo1dfmpswb5c2qb"}
{"type":"operationStart","subtype":"render","name":"anonymous","previousOperationId":"oo1dfmpswb5c2qb","timestamp":1719006817286,"id":"5ujzjhpt0dqmu7t","previousEventId":"q2zagsbkd4nxltf","operationId":"5q85aac8iuzgeey"}
{"type":"log","timestamp":1719006817286,"level":"info","message":"Starting rendering (child) request","meta":{"rootId":"gu7z5fxgz95pybi","id":"xs3xe4w3atu2pcw"},"id":"iwkgzgax8j2qfq3","previousOperationId":"5q85aac8iuzgeey"}
{"type":"log","timestamp":1719006817286,"level":"info","message":"Rendering anonymous template { recipe: html, engine: handlebars }","meta":{"rootId":"gu7z5fxgz95pybi","id":"xs3xe4w3atu2pcw"},"id":"ybpcjc0l8spufwd","previousOperationId":"5q85aac8iuzgeey"}
{"type":"log","timestamp":1719006817286,"level":"debug","message":"Inline data specified.","meta":{"rootId":"gu7z5fxgz95pybi","id":"xs3xe4w3atu2pcw"},"id":"1fi60cx51beexjr","previousOperationId":"5q85aac8iuzgeey"}
{"type":"log","timestamp":1719006817286,"level":"debug","message":"Base url not specified, skipping its injection.","meta":{"rootId":"gu7z5fxgz95pybi","id":"xs3xe4w3atu2pcw"},"id":"f5m6mvtlw88yv0n","previousOperationId":"5q85aac8iuzgeey"}
{"type":"operationStart","subtype":"engine","name":"handlebars","timestamp":1719006817286,"id":"q9j5wid61vhngwb","previousEventId":"5ujzjhpt0dqmu7t","operationId":"bz3iq8ugmyz96w9","previousOperationId":"5q85aac8iuzgeey"}
{"type":"log","timestamp":1719006817286,"level":"debug","message":"Rendering engine handlebars","meta":{"rootId":"gu7z5fxgz95pybi","id":"xs3xe4w3atu2pcw"},"id":"51iiw4iozixtlrj","previousOperationId":"bz3iq8ugmyz96w9"}
{"type":"operationEnd","operationId":"bz3iq8ugmyz96w9","timestamp":1719006817288,"id":"82ev3ag9xomgu9v","previousEventId":"q9j5wid61vhngwb","previousOperationId":"bz3iq8ugmyz96w9"}
{"type":"operationStart","subtype":"recipe","name":"html","timestamp":1719006817288,"id":"37u6cotysak8kfe","previousEventId":"82ev3ag9xomgu9v","operationId":"b04eyxxkpod4bf4","previousOperationId":"bz3iq8ugmyz96w9"}
{"type":"log","timestamp":1719006817288,"level":"debug","message":"Executing recipe html","meta":{"rootId":"gu7z5fxgz95pybi","id":"xs3xe4w3atu2pcw"},"id":"gtn45ngvtwbyg15","previousOperationId":"b04eyxxkpod4bf4"}
{"type":"operationEnd","operationId":"b04eyxxkpod4bf4","timestamp":1719006817288,"id":"airnqo8d3cwkne9","previousEventId":"37u6cotysak8kfe","previousOperationId":"b04eyxxkpod4bf4"}
{"type":"log","timestamp":1719006817288,"level":"debug","message":"Skipping storing report.","meta":{"rootId":"gu7z5fxgz95pybi","id":"xs3xe4w3atu2pcw"},"id":"dqs4rwo87syop3a","previousOperationId":"b04eyxxkpod4bf4"}
{"type":"log","timestamp":1719006817288,"level":"info","message":"Rendering (child) request finished in 53 ms","meta":{"rootId":"gu7z5fxgz95pybi","id":"xs3xe4w3atu2pcw"},"id":"5wy8wsfknr6mvf0","previousOperationId":"b04eyxxkpod4bf4"}
{"type":"operationEnd","subtype":"render","operationId":"5q85aac8iuzgeey","timestamp":1719006817288,"id":"lrwainvg0r141nb","previousEventId":"airnqo8d3cwkne9","previousOperationId":"b04eyxxkpod4bf4"}
{"type":"log","timestamp":1719006817289,"level":"debug","message":"Converting with chrome Chrome/126.0.6478.61 using chrome-pool strategy","meta":{"rootId":"gu7z5fxgz95pybi","id":"gu7z5fxgz95pybi"},"id":"omi6arzvz6dku6n","previousOperationId":"oo1dfmpswb5c2qb"}
{"type":"log","timestamp":1719006817370,"level":"debug","message":"Page request: GET (document) file:///var/folders/2x/1bhfw9mx7d775w_jmf56lcp80000gn/T/jsreport/autocleanup/0d670475-b82b-48a1-98f4-4b258b0a80b1-chrome-pdf.html","meta":{"rootId":"gu7z5fxgz95pybi","id":"gu7z5fxgz95pybi"},"id":"6r02vwssqwets0x","previousOperationId":"oo1dfmpswb5c2qb"}
{"type":"log","timestamp":1719006817375,"level":"debug","message":"Page request finished: GET (document) 200 file:///var/folders/2x/1bhfw9mx7d775w_jmf56lcp80000gn/T/jsreport/autocleanup/0d670475-b82b-48a1-98f4-4b258b0a80b1-chrome-pdf.html","meta":{"rootId":"gu7z5fxgz95pybi","id":"gu7z5fxgz95pybi"},"id":"2n3l12ory0lhaig","previousOperationId":"oo1dfmpswb5c2qb"}
{"type":"log","timestamp":1719006817375,"level":"debug","message":"Page request: GET (stylesheet) https://cdnjs.cloudflare.com/ajax/libs/metro/4.1.5/css/metro.min.css","meta":{"rootId":"gu7z5fxgz95pybi","id":"gu7z5fxgz95pybi"},"id":"id2wxhl9feti7qq","previousOperationId":"oo1dfmpswb5c2qb"}
{"type":"log","timestamp":1719006817375,"level":"debug","message":"Page request: GET (script) https://cdnjs.cloudflare.com/ajax/libs/Chart.js/2.7.2/Chart.min.js","meta":{"rootId":"gu7z5fxgz95pybi","id":"gu7z5fxgz95pybi"},"id":"kj0e9gv2ihjlgpa","previousOperationId":"oo1dfmpswb5c2qb"}
{"type":"log","timestamp":1719006817383,"level":"debug","message":"Page request finished: GET (stylesheet) 200 https://cdnjs.cloudflare.com/ajax/libs/metro/4.1.5/css/metro.min.css","meta":{"rootId":"gu7z5fxgz95pybi","id":"gu7z5fxgz95pybi"},"id":"f6hmgbmszw2kqwi","previousOperationId":"oo1dfmpswb5c2qb"}
{"type":"log","timestamp":1719006817383,"level":"debug","message":"Page request finished: GET (script) 200 https://cdnjs.cloudflare.com/ajax/libs/Chart.js/2.7.2/Chart.min.js","meta":{"rootId":"gu7z5fxgz95pybi","id":"gu7z5fxgz95pybi"},"id":"8bm6umb41exglkc","previousOperationId":"oo1dfmpswb5c2qb"}
{"type":"log","timestamp":1719006817427,"level":"debug","message":"Running chrome with params {\"displayHeaderFooter\":true,\"headerTemplate\":\"...\",\"footerTemplate\":\"...\",\"marginTop\":\"4cm\",\"marginRight\":\"1.5cm\",\"marginLeft\":\"1.5cm\",\"marginBottom\":\"1.5cm\",\"timeout\":59947,\"margin\":{\"top\":\"4cm\",\"right\":\"1.5cm\",\"bottom\":\"1.5cm\",\"left\":\"1.5cm\"},\"printBackground\":true}","meta":{"rootId":"gu7z5fxgz95pybi","id":"gu7z5fxgz95pybi"},"id":"zk3jsjesvum820x","previousOperationId":"oo1dfmpswb5c2qb"}
{"type":"operationEnd","operationId":"oo1dfmpswb5c2qb","timestamp":1719006817632,"id":"403493pnefogsj6","previousEventId":"q2zagsbkd4nxltf","previousOperationId":"oo1dfmpswb5c2qb"}
{"type":"log","timestamp":1719006817632,"level":"debug","message":"Skipping storing report.","meta":{"rootId":"gu7z5fxgz95pybi","id":"gu7z5fxgz95pybi"},"id":"zh2kuwrrb4xwuqx","previousOperationId":"oo1dfmpswb5c2qb"}
{"type":"log","timestamp":1719006817632,"level":"info","message":"Rendering request 117 finished in 397 ms","meta":{"rootId":"gu7z5fxgz95pybi","id":"gu7z5fxgz95pybi"},"id":"yyjdsjz4fos1ajr","previousOperationId":"oo1dfmpswb5c2qb"}
{"type":"operationEnd","subtype":"render","operationId":"3gtf1ce10z3zqed","timestamp":1719006817632,"id":"xa2g95kxadhlbwn","previousEventId":"403493pnefogsj6","previousOperationId":"oo1dfmpswb5c2qb"}
{"type":"operationEnd","doDiffs":false,"previousEventId":"8pp0trpouw74j31","previousOperationId":"prebmf1ql2irbkb","operationId":"prebmf1ql2irbkb","timestamp":1719006817633,"id":"eite5kcofxc35ir"}
