{"type":"operationStart","subtype":"profile","data":{"_id":"MWqJdN61UNdB4Y3O","timestamp":"2024-06-21T21:41:51.983Z","state":"queued","mode":"standard","creationDate":"2024-06-21T21:41:51.988Z","modificationDate":"2024-06-21T21:41:51.988Z","shortid":"pxATmTh","$entitySet":"profiles"},"doDiffs":false,"timestamp":1719006111984,"id":"20c8vbbtn4kw8k8","previousOperationId":null,"operationId":"235paiylcbastz3"}
{"type":"log","level":"info","message":"Render request 110 queued for execution and waiting for available worker","previousOperationId":"235paiylcbastz3","timestamp":1719006111984,"id":"9gl60b92pcq60bv"}
{"type":"operationStart","subtype":"render","name":"anonymous","previousOperationId":"235paiylcbastz3","timestamp":1719006111998,"id":"dkq31v0555evcii","previousEventId":"20c8vbbtn4kw8k8","operationId":"95dtp2wr9rxoy4m"}
{"type":"log","timestamp":1719006111999,"level":"info","message":"Starting rendering request 110","meta":{"rootId":"hbdku79rx3l51v9","id":"hbdku79rx3l51v9"},"id":"pmdo43t2xcx0jtl","previousOperationId":"95dtp2wr9rxoy4m"}
{"type":"log","timestamp":1719006111999,"level":"info","message":"Rendering anonymous template { recipe: chrome-pdf, engine: handlebars }","meta":{"rootId":"hbdku79rx3l51v9","id":"hbdku79rx3l51v9"},"id":"uduzkto9igqozdg","previousOperationId":"95dtp2wr9rxoy4m"}
{"type":"log","timestamp":1719006111999,"level":"debug","message":"Inline data specified.","meta":{"rootId":"hbdku79rx3l51v9","id":"hbdku79rx3l51v9"},"id":"52m2fipye77u3w0","previousOperationId":"95dtp2wr9rxoy4m"}
{"type":"log","timestamp":1719006112007,"level":"debug","message":"Base url not specified, skipping its injection.","meta":{"rootId":"hbdku79rx3l51v9","id":"hbdku79rx3l51v9"},"id":"l5vo4n5684e9h5w","previousOperationId":"95dtp2wr9rxoy4m"}
{"type":"operationStart","subtype":"engine","name":"handlebars","timestamp":1719006112007,"id":"wl6m1i1ske89jgv","previousEventId":"dkq31v0555evcii","operationId":"hn02sbsxj9mkkf6","previousOperationId":"95dtp2wr9rxoy4m"}
{"type":"log","timestamp":1719006112007,"level":"debug","message":"Rendering engine handlebars","meta":{"rootId":"hbdku79rx3l51v9","id":"hbdku79rx3l51v9"},"id":"gs4cx7m4848g27a","previousOperationId":"hn02sbsxj9mkkf6"}
{"type":"log","timestamp":1719006112029,"level":"debug","message":"(console:log) Pdf utils adding group field, value: \"France\"","meta":{"userLevel":true,"rootId":"hbdku79rx3l51v9","id":"hbdku79rx3l51v9"},"id":"iwv18rtvh5jv9w4","previousOperationId":"hn02sbsxj9mkkf6"}
{"type":"log","timestamp":1719006112035,"level":"debug","message":"(console:log) Pdf utils adding group field, value: \"Germany\"","meta":{"userLevel":true,"rootId":"hbdku79rx3l51v9","id":"hbdku79rx3l51v9"},"id":"gtpgjwy7s6youru","previousOperationId":"hn02sbsxj9mkkf6"}
{"type":"operationEnd","operationId":"hn02sbsxj9mkkf6","timestamp":1719006112035,"id":"kkqc44fryky5mjr","previousEventId":"wl6m1i1ske89jgv","previousOperationId":"hn02sbsxj9mkkf6"}
{"type":"operationStart","subtype":"recipe","name":"chrome-pdf","timestamp":1719006112035,"id":"2xc0qe9g8ufam4s","previousEventId":"kkqc44fryky5mjr","operationId":"peu49bri2ai77mt","previousOperationId":"hn02sbsxj9mkkf6"}
{"type":"log","timestamp":1719006112035,"level":"debug","message":"Executing recipe chrome-pdf","meta":{"rootId":"hbdku79rx3l51v9","id":"hbdku79rx3l51v9"},"id":"6lijoh6xh1angnw","previousOperationId":"peu49bri2ai77mt"}
{"type":"log","timestamp":1719006112037,"level":"debug","message":"Starting child request to render pdf header","meta":{"rootId":"hbdku79rx3l51v9","id":"hbdku79rx3l51v9"},"id":"qzuxsgei1dai6s6","previousOperationId":"peu49bri2ai77mt"}
{"type":"operationStart","subtype":"render","name":"anonymous","previousOperationId":"peu49bri2ai77mt","timestamp":1719006112037,"id":"04cb0izcc5njs4o","previousEventId":"2xc0qe9g8ufam4s","operationId":"4zn8ec4whoojlyn"}
{"type":"log","timestamp":1719006112037,"level":"info","message":"Starting rendering (child) request","meta":{"rootId":"hbdku79rx3l51v9","id":"ilbmg1vgc6lntby"},"id":"niqvxld6wxd9nt6","previousOperationId":"4zn8ec4whoojlyn"}
{"type":"log","timestamp":1719006112037,"level":"info","message":"Rendering anonymous template { recipe: html, engine: handlebars }","meta":{"rootId":"hbdku79rx3l51v9","id":"ilbmg1vgc6lntby"},"id":"xbjcfeb0o9r4ure","previousOperationId":"4zn8ec4whoojlyn"}
{"type":"log","timestamp":1719006112037,"level":"debug","message":"Inline data specified.","meta":{"rootId":"hbdku79rx3l51v9","id":"ilbmg1vgc6lntby"},"id":"g9bbuob9gnq88np","previousOperationId":"4zn8ec4whoojlyn"}
{"type":"log","timestamp":1719006112038,"level":"debug","message":"Base url not specified, skipping its injection.","meta":{"rootId":"hbdku79rx3l51v9","id":"ilbmg1vgc6lntby"},"id":"5pqf5ws566ghteu","previousOperationId":"4zn8ec4whoojlyn"}
{"type":"operationStart","subtype":"engine","name":"handlebars","timestamp":1719006112038,"id":"dm4z9dmoh569i24","previousEventId":"04cb0izcc5njs4o","operationId":"ckdqanv14gdjv3y","previousOperationId":"4zn8ec4whoojlyn"}
{"type":"log","timestamp":1719006112038,"level":"debug","message":"Rendering engine handlebars","meta":{"rootId":"hbdku79rx3l51v9","id":"ilbmg1vgc6lntby"},"id":"11271r1kig7xskx","previousOperationId":"ckdqanv14gdjv3y"}
{"type":"operationEnd","operationId":"ckdqanv14gdjv3y","timestamp":1719006112041,"id":"q1svrraeije6dup","previousEventId":"dm4z9dmoh569i24","previousOperationId":"ckdqanv14gdjv3y"}
{"type":"operationStart","subtype":"recipe","name":"html","timestamp":1719006112041,"id":"4d1gd7pcf63xslb","previousEventId":"q1svrraeije6dup","operationId":"lbgzvhnav22djrg","previousOperationId":"ckdqanv14gdjv3y"}
{"type":"log","timestamp":1719006112041,"level":"debug","message":"Executing recipe html","meta":{"rootId":"hbdku79rx3l51v9","id":"ilbmg1vgc6lntby"},"id":"db6cypghvn79amd","previousOperationId":"lbgzvhnav22djrg"}
{"type":"operationEnd","operationId":"lbgzvhnav22djrg","timestamp":1719006112041,"id":"nv9ako4et6wj827","previousEventId":"4d1gd7pcf63xslb","previousOperationId":"lbgzvhnav22djrg"}
{"type":"log","timestamp":1719006112041,"level":"debug","message":"Skipping storing report.","meta":{"rootId":"hbdku79rx3l51v9","id":"ilbmg1vgc6lntby"},"id":"ai53dc0o12yazes","previousOperationId":"lbgzvhnav22djrg"}
{"type":"log","timestamp":1719006112041,"level":"info","message":"Rendering (child) request finished in 65 ms","meta":{"rootId":"hbdku79rx3l51v9","id":"ilbmg1vgc6lntby"},"id":"dvzextpo887i118","previousOperationId":"lbgzvhnav22djrg"}
{"type":"operationEnd","subtype":"render","operationId":"4zn8ec4whoojlyn","timestamp":1719006112041,"id":"49rvtae6ohs7a65","previousEventId":"nv9ako4et6wj827","previousOperationId":"lbgzvhnav22djrg"}
{"type":"log","timestamp":1719006112041,"level":"debug","message":"Starting child request to render pdf footer","meta":{"rootId":"hbdku79rx3l51v9","id":"hbdku79rx3l51v9"},"id":"x6esq1tqv4hcipo","previousOperationId":"peu49bri2ai77mt"}
{"type":"operationStart","subtype":"render","name":"anonymous","previousOperationId":"peu49bri2ai77mt","timestamp":1719006112041,"id":"znc8y5pbkcckvpz","previousEventId":"2xc0qe9g8ufam4s","operationId":"n4pb0pivfg45e6d"}
{"type":"log","timestamp":1719006112041,"level":"info","message":"Starting rendering (child) request","meta":{"rootId":"hbdku79rx3l51v9","id":"xetyqxis1hc4nmb"},"id":"uf85vvo0z6w0t6x","previousOperationId":"n4pb0pivfg45e6d"}
{"type":"log","timestamp":1719006112041,"level":"info","message":"Rendering anonymous template { recipe: html, engine: handlebars }","meta":{"rootId":"hbdku79rx3l51v9","id":"xetyqxis1hc4nmb"},"id":"mui4z1dn5xsdu97","previousOperationId":"n4pb0pivfg45e6d"}
{"type":"log","timestamp":1719006112041,"level":"debug","message":"Inline data specified.","meta":{"rootId":"hbdku79rx3l51v9","id":"xetyqxis1hc4nmb"},"id":"d49397kk4kfqfw3","previousOperationId":"n4pb0pivfg45e6d"}
{"type":"log","timestamp":1719006112041,"level":"debug","message":"Base url not specified, skipping its injection.","meta":{"rootId":"hbdku79rx3l51v9","id":"xetyqxis1hc4nmb"},"id":"lb54lx1yargprui","previousOperationId":"n4pb0pivfg45e6d"}
{"type":"operationStart","subtype":"engine","name":"handlebars","timestamp":1719006112041,"id":"67p4umj9o70qdn2","previousEventId":"znc8y5pbkcckvpz","operationId":"7olopq85gldot35","previousOperationId":"n4pb0pivfg45e6d"}
{"type":"log","timestamp":1719006112041,"level":"debug","message":"Rendering engine handlebars","meta":{"rootId":"hbdku79rx3l51v9","id":"xetyqxis1hc4nmb"},"id":"9t5zy92u30hcua1","previousOperationId":"7olopq85gldot35"}
{"type":"operationEnd","operationId":"7olopq85gldot35","timestamp":1719006112043,"id":"o704t771padhu3k","previousEventId":"67p4umj9o70qdn2","previousOperationId":"7olopq85gldot35"}
{"type":"operationStart","subtype":"recipe","name":"html","timestamp":1719006112043,"id":"vivlmlghlj0ff20","previousEventId":"o704t771padhu3k","operationId":"pkrmrt637vc5h8i","previousOperationId":"7olopq85gldot35"}
{"type":"log","timestamp":1719006112043,"level":"debug","message":"Executing recipe html","meta":{"rootId":"hbdku79rx3l51v9","id":"xetyqxis1hc4nmb"},"id":"hg8f50bf57kitau","previousOperationId":"pkrmrt637vc5h8i"}
{"type":"operationEnd","operationId":"pkrmrt637vc5h8i","timestamp":1719006112043,"id":"z0b0kxc7ns69u6x","previousEventId":"vivlmlghlj0ff20","previousOperationId":"pkrmrt637vc5h8i"}
{"type":"log","timestamp":1719006112043,"level":"debug","message":"Skipping storing report.","meta":{"rootId":"hbdku79rx3l51v9","id":"xetyqxis1hc4nmb"},"id":"lvamrwlf3dktval","previousOperationId":"pkrmrt637vc5h8i"}
{"type":"log","timestamp":1719006112043,"level":"info","message":"Rendering (child) request finished in 67 ms","meta":{"rootId":"hbdku79rx3l51v9","id":"xetyqxis1hc4nmb"},"id":"k1bn45ms9qs70p6","previousOperationId":"pkrmrt637vc5h8i"}
{"type":"operationEnd","subtype":"render","operationId":"n4pb0pivfg45e6d","timestamp":1719006112043,"id":"cuj7pe2mggrp16c","previousEventId":"z0b0kxc7ns69u6x","previousOperationId":"pkrmrt637vc5h8i"}
{"type":"log","timestamp":1719006112059,"level":"debug","message":"Converting with chrome Chrome/126.0.6478.61 using chrome-pool strategy","meta":{"rootId":"hbdku79rx3l51v9","id":"hbdku79rx3l51v9"},"id":"9wuqiatcvytch50","previousOperationId":"peu49bri2ai77mt"}
{"type":"log","timestamp":1719006112466,"level":"debug","message":"Page request: GET (document) file:///var/folders/2x/1bhfw9mx7d775w_jmf56lcp80000gn/T/jsreport/autocleanup/bc181aaa-3832-4323-ace8-54023193229c-chrome-pdf.html","meta":{"rootId":"hbdku79rx3l51v9","id":"hbdku79rx3l51v9"},"id":"juajo2la24wobc6","previousOperationId":"peu49bri2ai77mt"}
{"type":"log","timestamp":1719006112488,"level":"debug","message":"Page request finished: GET (document) 200 file:///var/folders/2x/1bhfw9mx7d775w_jmf56lcp80000gn/T/jsreport/autocleanup/bc181aaa-3832-4323-ace8-54023193229c-chrome-pdf.html","meta":{"rootId":"hbdku79rx3l51v9","id":"hbdku79rx3l51v9"},"id":"6in1be1ydsixc3x","previousOperationId":"peu49bri2ai77mt"}
{"type":"log","timestamp":1719006112491,"level":"debug","message":"Page request: GET (stylesheet) https://cdnjs.cloudflare.com/ajax/libs/metro/4.1.5/css/metro.min.css","meta":{"rootId":"hbdku79rx3l51v9","id":"hbdku79rx3l51v9"},"id":"08zfj6i8shw5rkj","previousOperationId":"peu49bri2ai77mt"}
{"type":"log","timestamp":1719006112492,"level":"debug","message":"Page request: GET (script) https://cdnjs.cloudflare.com/ajax/libs/Chart.js/2.7.2/Chart.min.js","meta":{"rootId":"hbdku79rx3l51v9","id":"hbdku79rx3l51v9"},"id":"eo9b0c11sz8t18g","previousOperationId":"peu49bri2ai77mt"}
{"type":"log","timestamp":1719006112505,"level":"debug","message":"Page request finished: GET (stylesheet) 200 https://cdnjs.cloudflare.com/ajax/libs/metro/4.1.5/css/metro.min.css","meta":{"rootId":"hbdku79rx3l51v9","id":"hbdku79rx3l51v9"},"id":"j2fkvz52skxndi5","previousOperationId":"peu49bri2ai77mt"}
{"type":"log","timestamp":1719006112505,"level":"debug","message":"Page request finished: GET (script) 200 https://cdnjs.cloudflare.com/ajax/libs/Chart.js/2.7.2/Chart.min.js","meta":{"rootId":"hbdku79rx3l51v9","id":"hbdku79rx3l51v9"},"id":"lxlh01ucl5kjbvc","previousOperationId":"peu49bri2ai77mt"}
{"type":"log","timestamp":1719006112594,"level":"debug","message":"Running chrome with params {\"displayHeaderFooter\":true,\"headerTemplate\":\"...\",\"footerTemplate\":\"...\",\"marginTop\":\"4cm\",\"marginRight\":\"1.5cm\",\"marginLeft\":\"1.5cm\",\"marginBottom\":\"1.5cm\",\"timeout\":59933,\"margin\":{\"top\":\"4cm\",\"right\":\"1.5cm\",\"bottom\":\"1.5cm\",\"left\":\"1.5cm\"},\"printBackground\":true}","meta":{"rootId":"hbdku79rx3l51v9","id":"hbdku79rx3l51v9"},"id":"4u5t9i9j2nmwetr","previousOperationId":"peu49bri2ai77mt"}
{"type":"operationEnd","operationId":"peu49bri2ai77mt","timestamp":1719006112886,"id":"e6scqls9792yzkt","previousEventId":"2xc0qe9g8ufam4s","previousOperationId":"peu49bri2ai77mt"}
{"type":"log","timestamp":1719006112886,"level":"debug","message":"Skipping storing report.","meta":{"rootId":"hbdku79rx3l51v9","id":"hbdku79rx3l51v9"},"id":"l5bz2xawp4oeezx","previousOperationId":"peu49bri2ai77mt"}
{"type":"log","timestamp":1719006112886,"level":"info","message":"Rendering request 110 finished in 910 ms","meta":{"rootId":"hbdku79rx3l51v9","id":"hbdku79rx3l51v9"},"id":"gtbalb0tfmbn3ql","previousOperationId":"peu49bri2ai77mt"}
{"type":"operationEnd","subtype":"render","operationId":"95dtp2wr9rxoy4m","timestamp":1719006112886,"id":"64lx5wgylii3e54","previousEventId":"e6scqls9792yzkt","previousOperationId":"peu49bri2ai77mt"}
{"type":"operationEnd","doDiffs":false,"previousEventId":"20c8vbbtn4kw8k8","previousOperationId":"235paiylcbastz3","operationId":"235paiylcbastz3","timestamp":1719006112887,"id":"ufrsxjp4fidal3i"}
