{"type":"operationStart","subtype":"profile","data":{"_id":"gJi18k4ugb0DAq4K","timestamp":"2024-06-21T22:01:54.576Z","state":"queued","mode":"standard","creationDate":"2024-06-21T22:01:54.578Z","modificationDate":"2024-06-21T22:01:54.578Z","shortid":"N1kNuZx","$entitySet":"profiles"},"doDiffs":false,"timestamp":1719007314577,"id":"9jyfwpup9rnpe0p","previousOperationId":null,"operationId":"z1qvyix80sob7z5"}
{"type":"log","level":"info","message":"Render request 127 queued for execution and waiting for available worker","previousOperationId":"z1qvyix80sob7z5","timestamp":1719007314577,"id":"ejt4zztp5dnkihb"}
{"type":"operationStart","subtype":"render","name":"anonymous","previousOperationId":"z1qvyix80sob7z5","timestamp":1719007314586,"id":"l3crug08o6zrdnc","previousEventId":"9jyfwpup9rnpe0p","operationId":"xfxxe86n0tcf90i"}
{"type":"log","timestamp":1719007314587,"level":"info","message":"Starting rendering request 127","meta":{"rootId":"hc7jokwrm1axhad","id":"hc7jokwrm1axhad"},"id":"08bvnia05rycvjd","previousOperationId":"xfxxe86n0tcf90i"}
{"type":"log","timestamp":1719007314588,"level":"info","message":"Rendering anonymous template { recipe: chrome-pdf, engine: handlebars }","meta":{"rootId":"hc7jokwrm1axhad","id":"hc7jokwrm1axhad"},"id":"42p8o6hdqd30p4t","previousOperationId":"xfxxe86n0tcf90i"}
{"type":"log","timestamp":1719007314588,"level":"debug","message":"Inline data specified.","meta":{"rootId":"hc7jokwrm1axhad","id":"hc7jokwrm1axhad"},"id":"ifrm47g3l337psl","previousOperationId":"xfxxe86n0tcf90i"}
{"type":"log","timestamp":1719007314589,"level":"debug","message":"Base url not specified, skipping its injection.","meta":{"rootId":"hc7jokwrm1axhad","id":"hc7jokwrm1axhad"},"id":"2kh6hx9x4z496ae","previousOperationId":"xfxxe86n0tcf90i"}
{"type":"operationStart","subtype":"engine","name":"handlebars","timestamp":1719007314589,"id":"3ol6x4bamh01t1k","previousEventId":"l3crug08o6zrdnc","operationId":"s9no2ova33hwknu","previousOperationId":"xfxxe86n0tcf90i"}
{"type":"log","timestamp":1719007314589,"level":"debug","message":"Rendering engine handlebars","meta":{"rootId":"hc7jokwrm1axhad","id":"hc7jokwrm1axhad"},"id":"nyvlzhm183duum9","previousOperationId":"s9no2ova33hwknu"}
{"type":"log","timestamp":1719007314605,"level":"debug","message":"(console:log) Pdf utils adding group field, value: \"France\"","meta":{"userLevel":true,"rootId":"hc7jokwrm1axhad","id":"hc7jokwrm1axhad"},"id":"vto2j547xq1flcl","previousOperationId":"s9no2ova33hwknu"}
{"type":"log","timestamp":1719007314609,"level":"debug","message":"(console:log) Pdf utils adding group field, value: \"Germany\"","meta":{"userLevel":true,"rootId":"hc7jokwrm1axhad","id":"hc7jokwrm1axhad"},"id":"z7epejo34vvpixz","previousOperationId":"s9no2ova33hwknu"}
{"type":"operationEnd","operationId":"s9no2ova33hwknu","timestamp":1719007314610,"id":"b9qzz7tvsrxbx6n","previousEventId":"3ol6x4bamh01t1k","previousOperationId":"s9no2ova33hwknu"}
{"type":"operationStart","subtype":"recipe","name":"chrome-pdf","timestamp":1719007314610,"id":"6o4cod1xjztun45","previousEventId":"b9qzz7tvsrxbx6n","operationId":"20bv6vv70kvr0rg","previousOperationId":"s9no2ova33hwknu"}
{"type":"log","timestamp":1719007314610,"level":"debug","message":"Executing recipe chrome-pdf","meta":{"rootId":"hc7jokwrm1axhad","id":"hc7jokwrm1axhad"},"id":"nyyqyuie0ivutzz","previousOperationId":"20bv6vv70kvr0rg"}
{"type":"log","timestamp":1719007314612,"level":"debug","message":"Starting child request to render pdf header","meta":{"rootId":"hc7jokwrm1axhad","id":"hc7jokwrm1axhad"},"id":"dxdochuqd39rarv","previousOperationId":"20bv6vv70kvr0rg"}
{"type":"operationStart","subtype":"render","name":"anonymous","previousOperationId":"20bv6vv70kvr0rg","timestamp":1719007314612,"id":"sz5an3yxcf9o93r","previousEventId":"6o4cod1xjztun45","operationId":"68ssbq8bk2y8vcp"}
{"type":"log","timestamp":1719007314612,"level":"info","message":"Starting rendering (child) request","meta":{"rootId":"hc7jokwrm1axhad","id":"s6bbdd3qpc7ay1i"},"id":"3gm1oay3918jrq9","previousOperationId":"68ssbq8bk2y8vcp"}
{"type":"log","timestamp":1719007314612,"level":"info","message":"Rendering anonymous template { recipe: html, engine: handlebars }","meta":{"rootId":"hc7jokwrm1axhad","id":"s6bbdd3qpc7ay1i"},"id":"zumogrukml4ofmx","previousOperationId":"68ssbq8bk2y8vcp"}
{"type":"log","timestamp":1719007314612,"level":"debug","message":"Inline data specified.","meta":{"rootId":"hc7jokwrm1axhad","id":"s6bbdd3qpc7ay1i"},"id":"h9akxmcg1f1ehms","previousOperationId":"68ssbq8bk2y8vcp"}
{"type":"log","timestamp":1719007314612,"level":"debug","message":"Base url not specified, skipping its injection.","meta":{"rootId":"hc7jokwrm1axhad","id":"s6bbdd3qpc7ay1i"},"id":"3hpda4e00bjomgb","previousOperationId":"68ssbq8bk2y8vcp"}
{"type":"operationStart","subtype":"engine","name":"handlebars","timestamp":1719007314612,"id":"gt7empxrnwoa92f","previousEventId":"sz5an3yxcf9o93r","operationId":"7fi9145gyu0vtoo","previousOperationId":"68ssbq8bk2y8vcp"}
{"type":"log","timestamp":1719007314612,"level":"debug","message":"Rendering engine handlebars","meta":{"rootId":"hc7jokwrm1axhad","id":"s6bbdd3qpc7ay1i"},"id":"icffhoy1zg572bj","previousOperationId":"7fi9145gyu0vtoo"}
{"type":"operationEnd","operationId":"7fi9145gyu0vtoo","timestamp":1719007314614,"id":"xeyupe21j9p6ujx","previousEventId":"gt7empxrnwoa92f","previousOperationId":"7fi9145gyu0vtoo"}
{"type":"operationStart","subtype":"recipe","name":"html","timestamp":1719007314614,"id":"x0k4s3svd120rzx","previousEventId":"xeyupe21j9p6ujx","operationId":"nmijn5e2a73vke6","previousOperationId":"7fi9145gyu0vtoo"}
{"type":"log","timestamp":1719007314614,"level":"debug","message":"Executing recipe html","meta":{"rootId":"hc7jokwrm1axhad","id":"s6bbdd3qpc7ay1i"},"id":"ttyxo3wxwxw891d","previousOperationId":"nmijn5e2a73vke6"}
{"type":"operationEnd","operationId":"nmijn5e2a73vke6","timestamp":1719007314614,"id":"3px8e1gc4asl4kw","previousEventId":"x0k4s3svd120rzx","previousOperationId":"nmijn5e2a73vke6"}
{"type":"log","timestamp":1719007314614,"level":"debug","message":"Skipping storing report.","meta":{"rootId":"hc7jokwrm1axhad","id":"s6bbdd3qpc7ay1i"},"id":"p6578w3li1h0xku","previousOperationId":"nmijn5e2a73vke6"}
{"type":"log","timestamp":1719007314614,"level":"info","message":"Rendering (child) request finished in 45 ms","meta":{"rootId":"hc7jokwrm1axhad","id":"s6bbdd3qpc7ay1i"},"id":"yedtc593yg3zcmc","previousOperationId":"nmijn5e2a73vke6"}
{"type":"operationEnd","subtype":"render","operationId":"68ssbq8bk2y8vcp","timestamp":1719007314614,"id":"czbwtzqrpl0nuys","previousEventId":"3px8e1gc4asl4kw","previousOperationId":"nmijn5e2a73vke6"}
{"type":"log","timestamp":1719007314614,"level":"debug","message":"Starting child request to render pdf footer","meta":{"rootId":"hc7jokwrm1axhad","id":"hc7jokwrm1axhad"},"id":"vxdx5c271a6i2oc","previousOperationId":"20bv6vv70kvr0rg"}
{"type":"operationStart","subtype":"render","name":"anonymous","previousOperationId":"20bv6vv70kvr0rg","timestamp":1719007314614,"id":"vuxpougr4xrjce8","previousEventId":"6o4cod1xjztun45","operationId":"7rjvap806sj0esy"}
{"type":"log","timestamp":1719007314614,"level":"info","message":"Starting rendering (child) request","meta":{"rootId":"hc7jokwrm1axhad","id":"af88oxt3isjnv9w"},"id":"5lsp9duq1pvre00","previousOperationId":"7rjvap806sj0esy"}
{"type":"log","timestamp":1719007314614,"level":"info","message":"Rendering anonymous template { recipe: html, engine: handlebars }","meta":{"rootId":"hc7jokwrm1axhad","id":"af88oxt3isjnv9w"},"id":"5jhlx76ndb125ij","previousOperationId":"7rjvap806sj0esy"}
{"type":"log","timestamp":1719007314614,"level":"debug","message":"Inline data specified.","meta":{"rootId":"hc7jokwrm1axhad","id":"af88oxt3isjnv9w"},"id":"ypav6eflm23ned1","previousOperationId":"7rjvap806sj0esy"}
{"type":"log","timestamp":1719007314614,"level":"debug","message":"Base url not specified, skipping its injection.","meta":{"rootId":"hc7jokwrm1axhad","id":"af88oxt3isjnv9w"},"id":"s0h5731w8l2mqal","previousOperationId":"7rjvap806sj0esy"}
{"type":"operationStart","subtype":"engine","name":"handlebars","timestamp":1719007314614,"id":"7wbp1qz9qph7vkn","previousEventId":"vuxpougr4xrjce8","operationId":"k0agcpptu3ot0kp","previousOperationId":"7rjvap806sj0esy"}
{"type":"log","timestamp":1719007314614,"level":"debug","message":"Rendering engine handlebars","meta":{"rootId":"hc7jokwrm1axhad","id":"af88oxt3isjnv9w"},"id":"l6u081f90xl0onv","previousOperationId":"k0agcpptu3ot0kp"}
{"type":"operationEnd","operationId":"k0agcpptu3ot0kp","timestamp":1719007314616,"id":"zdqgxno5tstbn4e","previousEventId":"7wbp1qz9qph7vkn","previousOperationId":"k0agcpptu3ot0kp"}
{"type":"operationStart","subtype":"recipe","name":"html","timestamp":1719007314616,"id":"m44sermsjq7oqbl","previousEventId":"zdqgxno5tstbn4e","operationId":"g5dlbpflebvnyak","previousOperationId":"k0agcpptu3ot0kp"}
{"type":"log","timestamp":1719007314616,"level":"debug","message":"Executing recipe html","meta":{"rootId":"hc7jokwrm1axhad","id":"af88oxt3isjnv9w"},"id":"kfki4ntvah81a7o","previousOperationId":"g5dlbpflebvnyak"}
{"type":"operationEnd","operationId":"g5dlbpflebvnyak","timestamp":1719007314617,"id":"bzw2li5ic71w0bf","previousEventId":"m44sermsjq7oqbl","previousOperationId":"g5dlbpflebvnyak"}
{"type":"log","timestamp":1719007314617,"level":"debug","message":"Skipping storing report.","meta":{"rootId":"hc7jokwrm1axhad","id":"af88oxt3isjnv9w"},"id":"gbat1zaasmo0opf","previousOperationId":"g5dlbpflebvnyak"}
{"type":"log","timestamp":1719007314617,"level":"info","message":"Rendering (child) request finished in 48 ms","meta":{"rootId":"hc7jokwrm1axhad","id":"af88oxt3isjnv9w"},"id":"e7hgvlo860ooale","previousOperationId":"g5dlbpflebvnyak"}
{"type":"operationEnd","subtype":"render","operationId":"7rjvap806sj0esy","timestamp":1719007314617,"id":"sbzh3suzxjgj4r2","previousEventId":"bzw2li5ic71w0bf","previousOperationId":"g5dlbpflebvnyak"}
{"type":"log","timestamp":1719007314626,"level":"debug","message":"Converting with chrome Chrome/126.0.6478.61 using chrome-pool strategy","meta":{"rootId":"hc7jokwrm1axhad","id":"hc7jokwrm1axhad"},"id":"67fttrt8nsf2oo3","previousOperationId":"20bv6vv70kvr0rg"}
{"type":"log","timestamp":1719007314757,"level":"debug","message":"Page request: GET (document) file:///var/folders/2x/1bhfw9mx7d775w_jmf56lcp80000gn/T/jsreport/autocleanup/5e527c3a-c131-449f-bcdf-29938ada9754-chrome-pdf.html","meta":{"rootId":"hc7jokwrm1axhad","id":"hc7jokwrm1axhad"},"id":"eisil4rmwhnk846","previousOperationId":"20bv6vv70kvr0rg"}
{"type":"log","timestamp":1719007314761,"level":"debug","message":"Page request finished: GET (document) 200 file:///var/folders/2x/1bhfw9mx7d775w_jmf56lcp80000gn/T/jsreport/autocleanup/5e527c3a-c131-449f-bcdf-29938ada9754-chrome-pdf.html","meta":{"rootId":"hc7jokwrm1axhad","id":"hc7jokwrm1axhad"},"id":"iwytppsfua7ylow","previousOperationId":"20bv6vv70kvr0rg"}
{"type":"log","timestamp":1719007314761,"level":"debug","message":"Page request: GET (stylesheet) https://cdnjs.cloudflare.com/ajax/libs/metro/4.1.5/css/metro.min.css","meta":{"rootId":"hc7jokwrm1axhad","id":"hc7jokwrm1axhad"},"id":"zxew35isb1pv6uy","previousOperationId":"20bv6vv70kvr0rg"}
{"type":"log","timestamp":1719007314761,"level":"debug","message":"Page request: GET (script) https://cdnjs.cloudflare.com/ajax/libs/Chart.js/2.7.2/Chart.min.js","meta":{"rootId":"hc7jokwrm1axhad","id":"hc7jokwrm1axhad"},"id":"vd7jgws81fbyzpe","previousOperationId":"20bv6vv70kvr0rg"}
{"type":"log","timestamp":1719007314769,"level":"debug","message":"Page request finished: GET (stylesheet) 200 https://cdnjs.cloudflare.com/ajax/libs/metro/4.1.5/css/metro.min.css","meta":{"rootId":"hc7jokwrm1axhad","id":"hc7jokwrm1axhad"},"id":"0lc93q0k7b5k41w","previousOperationId":"20bv6vv70kvr0rg"}
{"type":"log","timestamp":1719007314769,"level":"debug","message":"Page request finished: GET (script) 200 https://cdnjs.cloudflare.com/ajax/libs/Chart.js/2.7.2/Chart.min.js","meta":{"rootId":"hc7jokwrm1axhad","id":"hc7jokwrm1axhad"},"id":"waw44udvr1mg6db","previousOperationId":"20bv6vv70kvr0rg"}
{"type":"log","timestamp":1719007314812,"level":"debug","message":"Running chrome with params {\"displayHeaderFooter\":true,\"headerTemplate\":\"...\",\"footerTemplate\":\"...\",\"marginTop\":\"4cm\",\"marginRight\":\"1.5cm\",\"marginLeft\":\"1.5cm\",\"marginBottom\":\"1.5cm\",\"timeout\":59952,\"margin\":{\"top\":\"4cm\",\"right\":\"1.5cm\",\"bottom\":\"1.5cm\",\"left\":\"1.5cm\"},\"printBackground\":true}","meta":{"rootId":"hc7jokwrm1axhad","id":"hc7jokwrm1axhad"},"id":"pq15xy0xvbwyici","previousOperationId":"20bv6vv70kvr0rg"}
{"type":"operationEnd","operationId":"20bv6vv70kvr0rg","timestamp":1719007315014,"id":"lglle67s41hvzu8","previousEventId":"6o4cod1xjztun45","previousOperationId":"20bv6vv70kvr0rg"}
{"type":"log","timestamp":1719007315014,"level":"info","message":"pdf-utils is starting pdf processing","meta":{"rootId":"hc7jokwrm1axhad","id":"hc7jokwrm1axhad"},"id":"t29rnip4okx8h3a","previousOperationId":"20bv6vv70kvr0rg"}
{"type":"operationStart","subtype":"pdfUtils","name":"pdf utils","timestamp":1719007315014,"id":"mah2nexg4h4fg4g","previousEventId":"lglle67s41hvzu8","operationId":"aemozth65dswb8p","previousOperationId":"20bv6vv70kvr0rg"}
{"type":"log","timestamp":1719007315015,"level":"debug","message":"pdf-utils detected 1 pdf operation(s) to process","meta":{"rootId":"hc7jokwrm1axhad","id":"hc7jokwrm1axhad"},"id":"d0kgj1xknonl5mt","previousOperationId":"aemozth65dswb8p"}
{"type":"log","timestamp":1719007315029,"level":"debug","message":"pdf-utils running pdf operation merge","meta":{"rootId":"hc7jokwrm1axhad","id":"hc7jokwrm1axhad"},"id":"r8s9ndi8wihxon1","previousOperationId":"aemozth65dswb8p"}
{"type":"operationStart","subtype":"pdfUtilsMerge","name":"pdf utils merge","previousOperationId":"aemozth65dswb8p","timestamp":1719007315029,"id":"x06kaj35tf6zw58","previousEventId":"mah2nexg4h4fg4g","operationId":"0c8vfdee2rrnv3j"}
{"type":"operationStart","subtype":"render","name":"anonymous","previousOperationId":"0c8vfdee2rrnv3j","timestamp":1719007315029,"id":"6opmiac0avjvy1o","previousEventId":"x06kaj35tf6zw58","operationId":"q99b0i8f0mxbovi"}
{"type":"log","timestamp":1719007315029,"level":"info","message":"Starting rendering (child) request","meta":{"rootId":"hc7jokwrm1axhad","id":"6urw8973re7j5j3"},"id":"qoev85zh1tpq7hu","previousOperationId":"q99b0i8f0mxbovi"}
{"type":"log","timestamp":1719007315029,"level":"info","message":"Rendering anonymous template { recipe: chrome-pdf, engine: handlebars }","meta":{"rootId":"hc7jokwrm1axhad","id":"6urw8973re7j5j3"},"id":"y2ld1yruxs8n49w","previousOperationId":"q99b0i8f0mxbovi"}
{"type":"log","timestamp":1719007315029,"level":"debug","message":"Inline data specified.","meta":{"rootId":"hc7jokwrm1axhad","id":"6urw8973re7j5j3"},"id":"ohah50x8jlgx214","previousOperationId":"q99b0i8f0mxbovi"}
{"type":"log","timestamp":1719007315030,"level":"debug","message":"Base url not specified, skipping its injection.","meta":{"rootId":"hc7jokwrm1axhad","id":"6urw8973re7j5j3"},"id":"2v0ccs8afpk8hgr","previousOperationId":"q99b0i8f0mxbovi"}
{"type":"operationStart","subtype":"engine","name":"handlebars","timestamp":1719007315030,"id":"7z8feiz5ajp5gds","previousEventId":"6opmiac0avjvy1o","operationId":"wjmwun5dq94e0pt","previousOperationId":"q99b0i8f0mxbovi"}
{"type":"log","timestamp":1719007315030,"level":"debug","message":"Rendering engine handlebars","meta":{"rootId":"hc7jokwrm1axhad","id":"6urw8973re7j5j3"},"id":"c02lju3gikykwmx","previousOperationId":"wjmwun5dq94e0pt"}
{"type":"operationEnd","operationId":"wjmwun5dq94e0pt","timestamp":1719007315031,"id":"h4zuw1n0ixrfald","previousEventId":"7z8feiz5ajp5gds","previousOperationId":"wjmwun5dq94e0pt"}
{"type":"operationStart","subtype":"recipe","name":"chrome-pdf","timestamp":1719007315031,"id":"4aistlt5tta2p6m","previousEventId":"h4zuw1n0ixrfald","operationId":"6g63piby8o3kf4m","previousOperationId":"wjmwun5dq94e0pt"}
{"type":"log","timestamp":1719007315031,"level":"debug","message":"Executing recipe chrome-pdf","meta":{"rootId":"hc7jokwrm1axhad","id":"6urw8973re7j5j3"},"id":"f77wjzkpz4xhtuh","previousOperationId":"6g63piby8o3kf4m"}
{"type":"log","timestamp":1719007315032,"level":"debug","message":"Converting with chrome Chrome/126.0.6478.61 using chrome-pool strategy","meta":{"rootId":"hc7jokwrm1axhad","id":"6urw8973re7j5j3"},"id":"diihrkadzjgox8d","previousOperationId":"6g63piby8o3kf4m"}
{"type":"log","timestamp":1719007315092,"level":"debug","message":"Page request: GET (document) file:///var/folders/2x/1bhfw9mx7d775w_jmf56lcp80000gn/T/jsreport/autocleanup/c119405a-94ac-4b2c-9f29-19b6496806bf-chrome-pdf.html","meta":{"rootId":"hc7jokwrm1axhad","id":"6urw8973re7j5j3"},"id":"d2synqe0z0q4uj2","previousOperationId":"6g63piby8o3kf4m"}
{"type":"log","timestamp":1719007315096,"level":"debug","message":"Page request finished: GET (document) 200 file:///var/folders/2x/1bhfw9mx7d775w_jmf56lcp80000gn/T/jsreport/autocleanup/c119405a-94ac-4b2c-9f29-19b6496806bf-chrome-pdf.html","meta":{"rootId":"hc7jokwrm1axhad","id":"6urw8973re7j5j3"},"id":"aysdftp3mw6n6oj","previousOperationId":"6g63piby8o3kf4m"}
{"type":"log","timestamp":1719007315098,"level":"debug","message":"Running chrome with params {\"timeout\":59537,\"margin\":{},\"printBackground\":true}","meta":{"rootId":"hc7jokwrm1axhad","id":"6urw8973re7j5j3"},"id":"j7xes4sn6pvlsbx","previousOperationId":"6g63piby8o3kf4m"}
{"type":"operationEnd","operationId":"6g63piby8o3kf4m","timestamp":1719007315161,"id":"rikhu0su618j56f","previousEventId":"4aistlt5tta2p6m","previousOperationId":"6g63piby8o3kf4m"}
{"type":"log","timestamp":1719007315161,"level":"debug","message":"Skipping storing report.","meta":{"rootId":"hc7jokwrm1axhad","id":"6urw8973re7j5j3"},"id":"z7ify6hmjvpxjrs","previousOperationId":"6g63piby8o3kf4m"}
{"type":"log","timestamp":1719007315161,"level":"info","message":"Rendering (child) request finished in 592 ms","meta":{"rootId":"hc7jokwrm1axhad","id":"6urw8973re7j5j3"},"id":"s3z7fw3om00vvls","previousOperationId":"6g63piby8o3kf4m"}
{"type":"operationEnd","subtype":"render","operationId":"q99b0i8f0mxbovi","timestamp":1719007315161,"id":"4xp3k3a6nt6voai","previousEventId":"rikhu0su618j56f","previousOperationId":"6g63piby8o3kf4m"}
{"type":"operationEnd","operationId":"0c8vfdee2rrnv3j","timestamp":1719007315176,"id":"ib8mq7uuy1vzbie","previousEventId":"x06kaj35tf6zw58","previousOperationId":"0c8vfdee2rrnv3j"}
{"type":"log","timestamp":1719007315176,"level":"debug","message":"pdf-utils postprocess start","meta":{"rootId":"hc7jokwrm1axhad","id":"hc7jokwrm1axhad"},"id":"ldyygbd0o6mpld9","previousOperationId":"0c8vfdee2rrnv3j"}
{"type":"log","timestamp":1719007315192,"level":"debug","message":"pdf-utils postprocess end","meta":{"rootId":"hc7jokwrm1axhad","id":"hc7jokwrm1axhad"},"id":"xqse9013eb9hx5q","previousOperationId":"0c8vfdee2rrnv3j"}
{"type":"operationEnd","operationId":"aemozth65dswb8p","timestamp":1719007315192,"id":"99q0ru5shpfwm6s","previousEventId":"ib8mq7uuy1vzbie","previousOperationId":"0c8vfdee2rrnv3j"}
{"type":"log","timestamp":1719007315193,"level":"info","message":"pdf-utils pdf processing was finished","meta":{"rootId":"hc7jokwrm1axhad","id":"hc7jokwrm1axhad"},"id":"za67cclub9y1kys","previousOperationId":"aemozth65dswb8p"}
{"type":"log","timestamp":1719007315193,"level":"debug","message":"Skipping storing report.","meta":{"rootId":"hc7jokwrm1axhad","id":"hc7jokwrm1axhad"},"id":"yz4cabrl2nndcmi","previousOperationId":"aemozth65dswb8p"}
{"type":"log","timestamp":1719007315193,"level":"info","message":"Rendering request 127 finished in 624 ms","meta":{"rootId":"hc7jokwrm1axhad","id":"hc7jokwrm1axhad"},"id":"jqvs2hqaa69ab86","previousOperationId":"aemozth65dswb8p"}
{"type":"operationEnd","subtype":"render","operationId":"xfxxe86n0tcf90i","timestamp":1719007315193,"id":"v0gqannew5xa1d4","previousEventId":"99q0ru5shpfwm6s","previousOperationId":"aemozth65dswb8p"}
{"type":"operationEnd","doDiffs":false,"previousEventId":"9jyfwpup9rnpe0p","previousOperationId":"z1qvyix80sob7z5","operationId":"z1qvyix80sob7z5","timestamp":1719007315193,"id":"v7mjf7exvq3j5vs"}
