{"type":"operationStart","subtype":"profile","data":{"_id":"1hjNBY3aY6bfQ26j","timestamp":"2024-06-21T21:07:03.340Z","state":"queued","mode":"standard","creationDate":"2024-06-21T21:07:03.346Z","modificationDate":"2024-06-21T21:07:03.346Z","shortid":"fbiKaNj","$entitySet":"profiles"},"doDiffs":false,"timestamp":1719004023345,"id":"kyntf90xgp2hv0a","previousOperationId":null,"operationId":"xob2p7fj0irry3e"}
{"type":"log","level":"info","message":"Render request 99 queued for execution and waiting for available worker","previousOperationId":"xob2p7fj0irry3e","timestamp":1719004023345,"id":"yaru3g2ptpzxsix"}
{"type":"operationStart","subtype":"render","name":"anonymous","previousOperationId":"xob2p7fj0irry3e","timestamp":1719004023352,"id":"kde9aykl7h7h10m","previousEventId":"kyntf90xgp2hv0a","operationId":"h1ghx7cnkuc8cjd"}
{"type":"log","timestamp":1719004023352,"level":"info","message":"Starting rendering request 99","meta":{"rootId":"hvf8xscr2nopl5y","id":"hvf8xscr2nopl5y"},"id":"dc66k3587497i7n","previousOperationId":"h1ghx7cnkuc8cjd"}
{"type":"log","timestamp":1719004023353,"level":"info","message":"Rendering anonymous template { recipe: chrome-pdf, engine: handlebars }","meta":{"rootId":"hvf8xscr2nopl5y","id":"hvf8xscr2nopl5y"},"id":"puhelpb1l16b2pe","previousOperationId":"h1ghx7cnkuc8cjd"}
{"type":"log","timestamp":1719004023353,"level":"debug","message":"Inline data specified.","meta":{"rootId":"hvf8xscr2nopl5y","id":"hvf8xscr2nopl5y"},"id":"ws3ihyld595eg3z","previousOperationId":"h1ghx7cnkuc8cjd"}
{"type":"log","timestamp":1719004023353,"level":"debug","message":"Base url not specified, skipping its injection.","meta":{"rootId":"hvf8xscr2nopl5y","id":"hvf8xscr2nopl5y"},"id":"reqsue1vpwjv9ro","previousOperationId":"h1ghx7cnkuc8cjd"}
{"type":"operationStart","subtype":"engine","name":"handlebars","timestamp":1719004023353,"id":"w16kr1ps32lztkq","previousEventId":"kde9aykl7h7h10m","operationId":"4ab79savodte2xc","previousOperationId":"h1ghx7cnkuc8cjd"}
{"type":"log","timestamp":1719004023353,"level":"debug","message":"Rendering engine handlebars","meta":{"rootId":"hvf8xscr2nopl5y","id":"hvf8xscr2nopl5y"},"id":"htqj7r9qgb8jths","previousOperationId":"4ab79savodte2xc"}
{"type":"operationEnd","operationId":"4ab79savodte2xc","timestamp":1719004023373,"id":"heq1u1ftvhkofe4","previousEventId":"w16kr1ps32lztkq","previousOperationId":"4ab79savodte2xc"}
{"type":"operationStart","subtype":"recipe","name":"chrome-pdf","timestamp":1719004023374,"id":"m3vp40pirb0nwij","previousEventId":"heq1u1ftvhkofe4","operationId":"hjfojhzshgf5ojo","previousOperationId":"4ab79savodte2xc"}
{"type":"log","timestamp":1719004023374,"level":"debug","message":"Executing recipe chrome-pdf","meta":{"rootId":"hvf8xscr2nopl5y","id":"hvf8xscr2nopl5y"},"id":"mun6ujs3wzjdw0j","previousOperationId":"hjfojhzshgf5ojo"}
{"type":"log","timestamp":1719004023375,"level":"debug","message":"Starting child request to render pdf header","meta":{"rootId":"hvf8xscr2nopl5y","id":"hvf8xscr2nopl5y"},"id":"6uhp04ysnw0k2mk","previousOperationId":"hjfojhzshgf5ojo"}
{"type":"operationStart","subtype":"render","name":"anonymous","previousOperationId":"hjfojhzshgf5ojo","timestamp":1719004023375,"id":"nhrgvtfs869qtnf","previousEventId":"m3vp40pirb0nwij","operationId":"p0y9oqsrhi7a5qq"}
{"type":"log","timestamp":1719004023375,"level":"info","message":"Starting rendering (child) request","meta":{"rootId":"hvf8xscr2nopl5y","id":"0rp9t919xui9x84"},"id":"pe8vxrvctf9rtok","previousOperationId":"p0y9oqsrhi7a5qq"}
{"type":"log","timestamp":1719004023375,"level":"info","message":"Rendering anonymous template { recipe: html, engine: handlebars }","meta":{"rootId":"hvf8xscr2nopl5y","id":"0rp9t919xui9x84"},"id":"isd5svlk8h5gtx6","previousOperationId":"p0y9oqsrhi7a5qq"}
{"type":"log","timestamp":1719004023375,"level":"debug","message":"Inline data specified.","meta":{"rootId":"hvf8xscr2nopl5y","id":"0rp9t919xui9x84"},"id":"jxbsb42xa2cs3op","previousOperationId":"p0y9oqsrhi7a5qq"}
{"type":"log","timestamp":1719004023376,"level":"debug","message":"Base url not specified, skipping its injection.","meta":{"rootId":"hvf8xscr2nopl5y","id":"0rp9t919xui9x84"},"id":"fix7bkh4dvniucl","previousOperationId":"p0y9oqsrhi7a5qq"}
{"type":"operationStart","subtype":"engine","name":"handlebars","timestamp":1719004023376,"id":"q8y0ijdfs4ftyvw","previousEventId":"nhrgvtfs869qtnf","operationId":"ut6e4kbsl6t70q8","previousOperationId":"p0y9oqsrhi7a5qq"}
{"type":"log","timestamp":1719004023376,"level":"debug","message":"Rendering engine handlebars","meta":{"rootId":"hvf8xscr2nopl5y","id":"0rp9t919xui9x84"},"id":"ywivn3oc9c47jnv","previousOperationId":"ut6e4kbsl6t70q8"}
{"type":"operationEnd","operationId":"ut6e4kbsl6t70q8","timestamp":1719004023379,"id":"mo5ckgzqvgl5284","previousEventId":"q8y0ijdfs4ftyvw","previousOperationId":"ut6e4kbsl6t70q8"}
{"type":"operationStart","subtype":"recipe","name":"html","timestamp":1719004023379,"id":"ajsgr4xj9i24hsa","previousEventId":"mo5ckgzqvgl5284","operationId":"q7oum5mu9ht9cub","previousOperationId":"ut6e4kbsl6t70q8"}
{"type":"log","timestamp":1719004023379,"level":"debug","message":"Executing recipe html","meta":{"rootId":"hvf8xscr2nopl5y","id":"0rp9t919xui9x84"},"id":"o8hdluu0tqeii29","previousOperationId":"q7oum5mu9ht9cub"}
{"type":"operationEnd","operationId":"q7oum5mu9ht9cub","timestamp":1719004023379,"id":"i9tgabxtlkelmqe","previousEventId":"ajsgr4xj9i24hsa","previousOperationId":"q7oum5mu9ht9cub"}
{"type":"log","timestamp":1719004023379,"level":"debug","message":"Skipping storing report.","meta":{"rootId":"hvf8xscr2nopl5y","id":"0rp9t919xui9x84"},"id":"x3c5aip5ndvcnem","previousOperationId":"q7oum5mu9ht9cub"}
{"type":"log","timestamp":1719004023379,"level":"info","message":"Rendering (child) request finished in 50 ms","meta":{"rootId":"hvf8xscr2nopl5y","id":"0rp9t919xui9x84"},"id":"n50pzuewoz3fkc6","previousOperationId":"q7oum5mu9ht9cub"}
{"type":"operationEnd","subtype":"render","operationId":"p0y9oqsrhi7a5qq","timestamp":1719004023379,"id":"bkwtxvfdidqy60m","previousEventId":"i9tgabxtlkelmqe","previousOperationId":"q7oum5mu9ht9cub"}
{"type":"log","timestamp":1719004023379,"level":"debug","message":"Starting child request to render pdf footer","meta":{"rootId":"hvf8xscr2nopl5y","id":"hvf8xscr2nopl5y"},"id":"h2hu91vdivgdubd","previousOperationId":"hjfojhzshgf5ojo"}
{"type":"operationStart","subtype":"render","name":"anonymous","previousOperationId":"hjfojhzshgf5ojo","timestamp":1719004023379,"id":"gz2z72cjbhl955y","previousEventId":"m3vp40pirb0nwij","operationId":"ceyz1059poltbui"}
{"type":"log","timestamp":1719004023379,"level":"info","message":"Starting rendering (child) request","meta":{"rootId":"hvf8xscr2nopl5y","id":"l1ggtorjsfavsu3"},"id":"2291k6u81akvb4p","previousOperationId":"ceyz1059poltbui"}
{"type":"log","timestamp":1719004023379,"level":"info","message":"Rendering anonymous template { recipe: html, engine: handlebars }","meta":{"rootId":"hvf8xscr2nopl5y","id":"l1ggtorjsfavsu3"},"id":"z0xrsjcglvq5990","previousOperationId":"ceyz1059poltbui"}
{"type":"log","timestamp":1719004023379,"level":"debug","message":"Inline data specified.","meta":{"rootId":"hvf8xscr2nopl5y","id":"l1ggtorjsfavsu3"},"id":"e14iijyn1jfirgx","previousOperationId":"ceyz1059poltbui"}
{"type":"log","timestamp":1719004023380,"level":"debug","message":"Base url not specified, skipping its injection.","meta":{"rootId":"hvf8xscr2nopl5y","id":"l1ggtorjsfavsu3"},"id":"epl12oacwkw3msc","previousOperationId":"ceyz1059poltbui"}
{"type":"operationStart","subtype":"engine","name":"handlebars","timestamp":1719004023380,"id":"wlm6aqm9eqsg1y9","previousEventId":"gz2z72cjbhl955y","operationId":"ougepdrwdtfhu2y","previousOperationId":"ceyz1059poltbui"}
{"type":"log","timestamp":1719004023380,"level":"debug","message":"Rendering engine handlebars","meta":{"rootId":"hvf8xscr2nopl5y","id":"l1ggtorjsfavsu3"},"id":"fcik0r6z5nx93d3","previousOperationId":"ougepdrwdtfhu2y"}
{"type":"operationEnd","operationId":"ougepdrwdtfhu2y","timestamp":1719004023386,"id":"jc1m4ks4dhtoumg","previousEventId":"wlm6aqm9eqsg1y9","previousOperationId":"ougepdrwdtfhu2y"}
{"type":"operationStart","subtype":"recipe","name":"html","timestamp":1719004023386,"id":"q7gfjwqjf0vm722","previousEventId":"jc1m4ks4dhtoumg","operationId":"h8cbu0w97jfaf4h","previousOperationId":"ougepdrwdtfhu2y"}
{"type":"log","timestamp":1719004023386,"level":"debug","message":"Executing recipe html","meta":{"rootId":"hvf8xscr2nopl5y","id":"l1ggtorjsfavsu3"},"id":"1si834e2tp7lakv","previousOperationId":"h8cbu0w97jfaf4h"}
{"type":"operationEnd","operationId":"h8cbu0w97jfaf4h","timestamp":1719004023386,"id":"crbagf1feekk4oz","previousEventId":"q7gfjwqjf0vm722","previousOperationId":"h8cbu0w97jfaf4h"}
{"type":"log","timestamp":1719004023386,"level":"debug","message":"Skipping storing report.","meta":{"rootId":"hvf8xscr2nopl5y","id":"l1ggtorjsfavsu3"},"id":"ch4z6e9ed6057cm","previousOperationId":"h8cbu0w97jfaf4h"}
{"type":"log","timestamp":1719004023386,"level":"info","message":"Rendering (child) request finished in 57 ms","meta":{"rootId":"hvf8xscr2nopl5y","id":"l1ggtorjsfavsu3"},"id":"y3rb5aq62pyhd1m","previousOperationId":"h8cbu0w97jfaf4h"}
{"type":"operationEnd","subtype":"render","operationId":"ceyz1059poltbui","timestamp":1719004023386,"id":"tjstjssokawnh34","previousEventId":"crbagf1feekk4oz","previousOperationId":"h8cbu0w97jfaf4h"}
{"type":"log","timestamp":1719004023395,"level":"debug","message":"Converting with chrome Chrome/126.0.6478.61 using chrome-pool strategy","meta":{"rootId":"hvf8xscr2nopl5y","id":"hvf8xscr2nopl5y"},"id":"am2we3g2m3lx263","previousOperationId":"hjfojhzshgf5ojo"}
{"type":"log","timestamp":1719004023800,"level":"debug","message":"Page request: GET (document) file:///var/folders/2x/1bhfw9mx7d775w_jmf56lcp80000gn/T/jsreport/autocleanup/1a649e60-9173-42bf-a6d1-08730f954f4a-chrome-pdf.html","meta":{"rootId":"hvf8xscr2nopl5y","id":"hvf8xscr2nopl5y"},"id":"j0fbic2hvok82o9","previousOperationId":"hjfojhzshgf5ojo"}
{"type":"log","timestamp":1719004023822,"level":"debug","message":"Page request: GET (stylesheet) https://cdnjs.cloudflare.com/ajax/libs/metro/4.1.5/css/metro.min.css","meta":{"rootId":"hvf8xscr2nopl5y","id":"hvf8xscr2nopl5y"},"id":"hxknab4kxk9b2y7","previousOperationId":"hjfojhzshgf5ojo"}
{"type":"log","timestamp":1719004023823,"level":"debug","message":"Page request: GET (script) https://cdnjs.cloudflare.com/ajax/libs/Chart.js/2.7.2/Chart.min.js","meta":{"rootId":"hvf8xscr2nopl5y","id":"hvf8xscr2nopl5y"},"id":"vqq07aulozlb5gw","previousOperationId":"hjfojhzshgf5ojo"}
{"type":"log","timestamp":1719004023831,"level":"debug","message":"Page request finished: GET (stylesheet) 200 https://cdnjs.cloudflare.com/ajax/libs/metro/4.1.5/css/metro.min.css","meta":{"rootId":"hvf8xscr2nopl5y","id":"hvf8xscr2nopl5y"},"id":"n2qi1ocz4i67mqk","previousOperationId":"hjfojhzshgf5ojo"}
{"type":"log","timestamp":1719004023832,"level":"debug","message":"Page request finished: GET (script) 200 https://cdnjs.cloudflare.com/ajax/libs/Chart.js/2.7.2/Chart.min.js","meta":{"rootId":"hvf8xscr2nopl5y","id":"hvf8xscr2nopl5y"},"id":"83b6om9qelj90ud","previousOperationId":"hjfojhzshgf5ojo"}
{"type":"log","timestamp":1719004023844,"level":"debug","message":"Page request finished: GET (document) 200 file:///var/folders/2x/1bhfw9mx7d775w_jmf56lcp80000gn/T/jsreport/autocleanup/1a649e60-9173-42bf-a6d1-08730f954f4a-chrome-pdf.html","meta":{"rootId":"hvf8xscr2nopl5y","id":"hvf8xscr2nopl5y"},"id":"crxr0w71xehxqh0","previousOperationId":"hjfojhzshgf5ojo"}
{"type":"log","timestamp":1719004023917,"level":"debug","message":"Running chrome with params {\"displayHeaderFooter\":true,\"headerTemplate\":\"...\",\"footerTemplate\":\"...\",\"timeout\":59943,\"margin\":{},\"printBackground\":true}","meta":{"rootId":"hvf8xscr2nopl5y","id":"hvf8xscr2nopl5y"},"id":"qhx34rfx3m0r3p6","previousOperationId":"hjfojhzshgf5ojo"}
{"type":"operationEnd","operationId":"hjfojhzshgf5ojo","timestamp":1719004024187,"id":"2e0a8le7estnkit","previousEventId":"m3vp40pirb0nwij","previousOperationId":"hjfojhzshgf5ojo"}
{"type":"log","timestamp":1719004024187,"level":"debug","message":"Skipping storing report.","meta":{"rootId":"hvf8xscr2nopl5y","id":"hvf8xscr2nopl5y"},"id":"lof95if4aqmvwl1","previousOperationId":"hjfojhzshgf5ojo"}
{"type":"log","timestamp":1719004024187,"level":"info","message":"Rendering request 99 finished in 858 ms","meta":{"rootId":"hvf8xscr2nopl5y","id":"hvf8xscr2nopl5y"},"id":"s7ugnthnmtp1xwf","previousOperationId":"hjfojhzshgf5ojo"}
{"type":"operationEnd","subtype":"render","operationId":"h1ghx7cnkuc8cjd","timestamp":1719004024187,"id":"2kmah6a2t9h8ezy","previousEventId":"2e0a8le7estnkit","previousOperationId":"hjfojhzshgf5ojo"}
{"type":"operationEnd","doDiffs":false,"previousEventId":"kyntf90xgp2hv0a","previousOperationId":"xob2p7fj0irry3e","operationId":"xob2p7fj0irry3e","timestamp":1719004024188,"id":"1jkvo5rvwep6snl"}
