{"type":"operationStart","subtype":"profile","data":{"_id":"apa00geEpiRcciVc","timestamp":"2024-06-21T22:03:02.402Z","state":"queued","mode":"standard","creationDate":"2024-06-21T22:03:02.403Z","modificationDate":"2024-06-21T22:03:02.403Z","shortid":"QLphDPF","$entitySet":"profiles"},"doDiffs":false,"timestamp":1719007382402,"id":"pbl7ey4471x854l","previousOperationId":null,"operationId":"x4f5z5dxt2i9343"}
{"type":"log","level":"info","message":"Render request 131 queued for execution and waiting for available worker","previousOperationId":"x4f5z5dxt2i9343","timestamp":1719007382403,"id":"fu21lmohpl09rzi"}
{"type":"operationStart","subtype":"render","name":"anonymous","previousOperationId":"x4f5z5dxt2i9343","timestamp":1719007382407,"id":"1m9vunqhdlsv4w9","previousEventId":"pbl7ey4471x854l","operationId":"p64h55dhd13xd29"}
{"type":"log","timestamp":1719007382407,"level":"info","message":"Starting rendering request 131","meta":{"rootId":"hznrduloskukhpw","id":"hznrduloskukhpw"},"id":"c3hhmi3roxueicn","previousOperationId":"p64h55dhd13xd29"}
{"type":"log","timestamp":1719007382407,"level":"info","message":"Rendering anonymous template { recipe: chrome-pdf, engine: handlebars }","meta":{"rootId":"hznrduloskukhpw","id":"hznrduloskukhpw"},"id":"roumzf78i1kxj6h","previousOperationId":"p64h55dhd13xd29"}
{"type":"log","timestamp":1719007382407,"level":"debug","message":"Inline data specified.","meta":{"rootId":"hznrduloskukhpw","id":"hznrduloskukhpw"},"id":"er0l9ke3fyb4s1t","previousOperationId":"p64h55dhd13xd29"}
{"type":"log","timestamp":1719007382408,"level":"debug","message":"Base url not specified, skipping its injection.","meta":{"rootId":"hznrduloskukhpw","id":"hznrduloskukhpw"},"id":"4phdwderje6eeoh","previousOperationId":"p64h55dhd13xd29"}
{"type":"operationStart","subtype":"engine","name":"handlebars","timestamp":1719007382408,"id":"6vnr36ik8oyxii6","previousEventId":"1m9vunqhdlsv4w9","operationId":"8js6nukptk892q0","previousOperationId":"p64h55dhd13xd29"}
{"type":"log","timestamp":1719007382408,"level":"debug","message":"Rendering engine handlebars","meta":{"rootId":"hznrduloskukhpw","id":"hznrduloskukhpw"},"id":"d31349prive2kjf","previousOperationId":"8js6nukptk892q0"}
{"type":"log","timestamp":1719007382418,"level":"debug","message":"(console:log) Pdf utils adding group field, value: \"France\"","meta":{"userLevel":true,"rootId":"hznrduloskukhpw","id":"hznrduloskukhpw"},"id":"g8pel02eebc78dg","previousOperationId":"8js6nukptk892q0"}
{"type":"log","timestamp":1719007382419,"level":"debug","message":"(console:log) Pdf utils adding group field, value: \"Germany\"","meta":{"userLevel":true,"rootId":"hznrduloskukhpw","id":"hznrduloskukhpw"},"id":"pjzq05vtfh5q5xf","previousOperationId":"8js6nukptk892q0"}
{"type":"operationEnd","operationId":"8js6nukptk892q0","timestamp":1719007382419,"id":"twiy0vn444wmfm0","previousEventId":"6vnr36ik8oyxii6","previousOperationId":"8js6nukptk892q0"}
{"type":"operationStart","subtype":"recipe","name":"chrome-pdf","timestamp":1719007382420,"id":"veaw3r1b9anb39m","previousEventId":"twiy0vn444wmfm0","operationId":"9h1jgzvunk98pf4","previousOperationId":"8js6nukptk892q0"}
{"type":"log","timestamp":1719007382420,"level":"debug","message":"Executing recipe chrome-pdf","meta":{"rootId":"hznrduloskukhpw","id":"hznrduloskukhpw"},"id":"rn8fpqy99c5sr01","previousOperationId":"9h1jgzvunk98pf4"}
{"type":"log","timestamp":1719007382421,"level":"debug","message":"Starting child request to render pdf header","meta":{"rootId":"hznrduloskukhpw","id":"hznrduloskukhpw"},"id":"ingpegoxzqb4wad","previousOperationId":"9h1jgzvunk98pf4"}
{"type":"operationStart","subtype":"render","name":"anonymous","previousOperationId":"9h1jgzvunk98pf4","timestamp":1719007382421,"id":"1iwunpv03anxbbt","previousEventId":"veaw3r1b9anb39m","operationId":"jvt9xhwwzjlhl4n"}
{"type":"log","timestamp":1719007382421,"level":"info","message":"Starting rendering (child) request","meta":{"rootId":"hznrduloskukhpw","id":"i2wop4e0blex6gv"},"id":"p0uazkqyy5nmqsa","previousOperationId":"jvt9xhwwzjlhl4n"}
{"type":"log","timestamp":1719007382421,"level":"info","message":"Rendering anonymous template { recipe: html, engine: handlebars }","meta":{"rootId":"hznrduloskukhpw","id":"i2wop4e0blex6gv"},"id":"mig3gxpklg8ryx9","previousOperationId":"jvt9xhwwzjlhl4n"}
{"type":"log","timestamp":1719007382421,"level":"debug","message":"Inline data specified.","meta":{"rootId":"hznrduloskukhpw","id":"i2wop4e0blex6gv"},"id":"hxaqtwolasequtu","previousOperationId":"jvt9xhwwzjlhl4n"}
{"type":"log","timestamp":1719007382421,"level":"debug","message":"Base url not specified, skipping its injection.","meta":{"rootId":"hznrduloskukhpw","id":"i2wop4e0blex6gv"},"id":"2b3r0w1x0fzxvtb","previousOperationId":"jvt9xhwwzjlhl4n"}
{"type":"operationStart","subtype":"engine","name":"handlebars","timestamp":1719007382421,"id":"otbfdectqfpesil","previousEventId":"1iwunpv03anxbbt","operationId":"515ib7aryys2r48","previousOperationId":"jvt9xhwwzjlhl4n"}
{"type":"log","timestamp":1719007382421,"level":"debug","message":"Rendering engine handlebars","meta":{"rootId":"hznrduloskukhpw","id":"i2wop4e0blex6gv"},"id":"zoc8e6lps4201r3","previousOperationId":"515ib7aryys2r48"}
{"type":"operationEnd","operationId":"515ib7aryys2r48","timestamp":1719007382425,"id":"bsw6rxuuog4fabd","previousEventId":"otbfdectqfpesil","previousOperationId":"515ib7aryys2r48"}
{"type":"operationStart","subtype":"recipe","name":"html","timestamp":1719007382425,"id":"tneku0taf5dnlib","previousEventId":"bsw6rxuuog4fabd","operationId":"mgwxab7ev6r7rtc","previousOperationId":"515ib7aryys2r48"}
{"type":"log","timestamp":1719007382425,"level":"debug","message":"Executing recipe html","meta":{"rootId":"hznrduloskukhpw","id":"i2wop4e0blex6gv"},"id":"97d790j67v8nucp","previousOperationId":"mgwxab7ev6r7rtc"}
{"type":"operationEnd","operationId":"mgwxab7ev6r7rtc","timestamp":1719007382425,"id":"qd8cvcm939dpi7i","previousEventId":"tneku0taf5dnlib","previousOperationId":"mgwxab7ev6r7rtc"}
{"type":"log","timestamp":1719007382425,"level":"debug","message":"Skipping storing report.","meta":{"rootId":"hznrduloskukhpw","id":"i2wop4e0blex6gv"},"id":"we5ly2mkqzrdelh","previousOperationId":"mgwxab7ev6r7rtc"}
{"type":"log","timestamp":1719007382425,"level":"info","message":"Rendering (child) request finished in 24 ms","meta":{"rootId":"hznrduloskukhpw","id":"i2wop4e0blex6gv"},"id":"o92ioxkmgbonpr7","previousOperationId":"mgwxab7ev6r7rtc"}
{"type":"operationEnd","subtype":"render","operationId":"jvt9xhwwzjlhl4n","timestamp":1719007382426,"id":"9glf4pchu7jn0bu","previousEventId":"qd8cvcm939dpi7i","previousOperationId":"mgwxab7ev6r7rtc"}
{"type":"log","timestamp":1719007382426,"level":"debug","message":"Starting child request to render pdf footer","meta":{"rootId":"hznrduloskukhpw","id":"hznrduloskukhpw"},"id":"tqq2xv8s4fqxi8q","previousOperationId":"9h1jgzvunk98pf4"}
{"type":"operationStart","subtype":"render","name":"anonymous","previousOperationId":"9h1jgzvunk98pf4","timestamp":1719007382426,"id":"298p0r69onvgbhl","previousEventId":"veaw3r1b9anb39m","operationId":"t46ybujwp8n7nbn"}
{"type":"log","timestamp":1719007382426,"level":"info","message":"Starting rendering (child) request","meta":{"rootId":"hznrduloskukhpw","id":"lb7og3edirdjizn"},"id":"eisi5ujlf3zguwa","previousOperationId":"t46ybujwp8n7nbn"}
{"type":"log","timestamp":1719007382426,"level":"info","message":"Rendering anonymous template { recipe: html, engine: handlebars }","meta":{"rootId":"hznrduloskukhpw","id":"lb7og3edirdjizn"},"id":"iz89ve218xbb53g","previousOperationId":"t46ybujwp8n7nbn"}
{"type":"log","timestamp":1719007382426,"level":"debug","message":"Inline data specified.","meta":{"rootId":"hznrduloskukhpw","id":"lb7og3edirdjizn"},"id":"k2rjlan35hm62m7","previousOperationId":"t46ybujwp8n7nbn"}
{"type":"log","timestamp":1719007382426,"level":"debug","message":"Base url not specified, skipping its injection.","meta":{"rootId":"hznrduloskukhpw","id":"lb7og3edirdjizn"},"id":"53cok1s1hw7e2au","previousOperationId":"t46ybujwp8n7nbn"}
{"type":"operationStart","subtype":"engine","name":"handlebars","timestamp":1719007382426,"id":"o7b252zmxprz52f","previousEventId":"298p0r69onvgbhl","operationId":"cqx7prwo05iis5p","previousOperationId":"t46ybujwp8n7nbn"}
{"type":"log","timestamp":1719007382426,"level":"debug","message":"Rendering engine handlebars","meta":{"rootId":"hznrduloskukhpw","id":"lb7og3edirdjizn"},"id":"q838jz382azrbwr","previousOperationId":"cqx7prwo05iis5p"}
{"type":"operationEnd","operationId":"cqx7prwo05iis5p","timestamp":1719007382431,"id":"6gmzz7gba92g090","previousEventId":"o7b252zmxprz52f","previousOperationId":"cqx7prwo05iis5p"}
{"type":"operationStart","subtype":"recipe","name":"html","timestamp":1719007382431,"id":"rxu38d0d0u6kycz","previousEventId":"6gmzz7gba92g090","operationId":"8o7ta3yt32wuyxq","previousOperationId":"cqx7prwo05iis5p"}
{"type":"log","timestamp":1719007382431,"level":"debug","message":"Executing recipe html","meta":{"rootId":"hznrduloskukhpw","id":"lb7og3edirdjizn"},"id":"up9ld2hxagm7amf","previousOperationId":"8o7ta3yt32wuyxq"}
{"type":"operationEnd","operationId":"8o7ta3yt32wuyxq","timestamp":1719007382431,"id":"f15btyv6d8el4l1","previousEventId":"rxu38d0d0u6kycz","previousOperationId":"8o7ta3yt32wuyxq"}
{"type":"log","timestamp":1719007382431,"level":"debug","message":"Skipping storing report.","meta":{"rootId":"hznrduloskukhpw","id":"lb7og3edirdjizn"},"id":"f2iezeyrmrdevhp","previousOperationId":"8o7ta3yt32wuyxq"}
{"type":"log","timestamp":1719007382431,"level":"info","message":"Rendering (child) request finished in 30 ms","meta":{"rootId":"hznrduloskukhpw","id":"lb7og3edirdjizn"},"id":"lca54541cvckwrs","previousOperationId":"8o7ta3yt32wuyxq"}
{"type":"operationEnd","subtype":"render","operationId":"t46ybujwp8n7nbn","timestamp":1719007382431,"id":"2u81v3zs71pebhx","previousEventId":"f15btyv6d8el4l1","previousOperationId":"8o7ta3yt32wuyxq"}
{"type":"log","timestamp":1719007382435,"level":"debug","message":"Converting with chrome Chrome/126.0.6478.61 using chrome-pool strategy","meta":{"rootId":"hznrduloskukhpw","id":"hznrduloskukhpw"},"id":"1zufyoojxeka3na","previousOperationId":"9h1jgzvunk98pf4"}
{"type":"log","timestamp":1719007382516,"level":"debug","message":"Page request: GET (document) file:///var/folders/2x/1bhfw9mx7d775w_jmf56lcp80000gn/T/jsreport/autocleanup/15f6876e-3b9e-4782-b884-53cb40df677e-chrome-pdf.html","meta":{"rootId":"hznrduloskukhpw","id":"hznrduloskukhpw"},"id":"0hize56rpamvxpt","previousOperationId":"9h1jgzvunk98pf4"}
{"type":"log","timestamp":1719007382520,"level":"debug","message":"Page request finished: GET (document) 200 file:///var/folders/2x/1bhfw9mx7d775w_jmf56lcp80000gn/T/jsreport/autocleanup/15f6876e-3b9e-4782-b884-53cb40df677e-chrome-pdf.html","meta":{"rootId":"hznrduloskukhpw","id":"hznrduloskukhpw"},"id":"pa1add643xy25p4","previousOperationId":"9h1jgzvunk98pf4"}
{"type":"log","timestamp":1719007382521,"level":"debug","message":"Page request: GET (stylesheet) https://cdnjs.cloudflare.com/ajax/libs/metro/4.1.5/css/metro.min.css","meta":{"rootId":"hznrduloskukhpw","id":"hznrduloskukhpw"},"id":"phjaiy6bnga4ujj","previousOperationId":"9h1jgzvunk98pf4"}
{"type":"log","timestamp":1719007382521,"level":"debug","message":"Page request: GET (script) https://cdnjs.cloudflare.com/ajax/libs/Chart.js/2.7.2/Chart.min.js","meta":{"rootId":"hznrduloskukhpw","id":"hznrduloskukhpw"},"id":"y5yzz55lqnd9hx8","previousOperationId":"9h1jgzvunk98pf4"}
{"type":"log","timestamp":1719007382530,"level":"debug","message":"Page request finished: GET (stylesheet) 200 https://cdnjs.cloudflare.com/ajax/libs/metro/4.1.5/css/metro.min.css","meta":{"rootId":"hznrduloskukhpw","id":"hznrduloskukhpw"},"id":"zt2nh07syrtmrew","previousOperationId":"9h1jgzvunk98pf4"}
{"type":"log","timestamp":1719007382530,"level":"debug","message":"Page request finished: GET (script) 200 https://cdnjs.cloudflare.com/ajax/libs/Chart.js/2.7.2/Chart.min.js","meta":{"rootId":"hznrduloskukhpw","id":"hznrduloskukhpw"},"id":"bpyqbc70swdl6iq","previousOperationId":"9h1jgzvunk98pf4"}
{"type":"log","timestamp":1719007382562,"level":"debug","message":"Running chrome with params {\"displayHeaderFooter\":true,\"headerTemplate\":\"...\",\"footerTemplate\":\"...\",\"marginTop\":\"2cm\",\"marginRight\":\"1.5cm\",\"marginLeft\":\"1.5cm\",\"marginBottom\":\"1.5cm\",\"timeout\":59970,\"margin\":{\"top\":\"2cm\",\"right\":\"1.5cm\",\"bottom\":\"1.5cm\",\"left\":\"1.5cm\"},\"printBackground\":true}","meta":{"rootId":"hznrduloskukhpw","id":"hznrduloskukhpw"},"id":"a5m111paojcunvz","previousOperationId":"9h1jgzvunk98pf4"}
{"type":"operationEnd","operationId":"9h1jgzvunk98pf4","timestamp":1719007382767,"id":"zuymcg5cfxajw6z","previousEventId":"veaw3r1b9anb39m","previousOperationId":"9h1jgzvunk98pf4"}
{"type":"log","timestamp":1719007382767,"level":"info","message":"pdf-utils is starting pdf processing","meta":{"rootId":"hznrduloskukhpw","id":"hznrduloskukhpw"},"id":"i3ylc386758f36p","previousOperationId":"9h1jgzvunk98pf4"}
{"type":"operationStart","subtype":"pdfUtils","name":"pdf utils","timestamp":1719007382768,"id":"y0yl0kudcebpndq","previousEventId":"zuymcg5cfxajw6z","operationId":"ai4iualw859gccw","previousOperationId":"9h1jgzvunk98pf4"}
{"type":"log","timestamp":1719007382768,"level":"debug","message":"pdf-utils detected 1 pdf operation(s) to process","meta":{"rootId":"hznrduloskukhpw","id":"hznrduloskukhpw"},"id":"zrk6tzgz3f8grvp","previousOperationId":"ai4iualw859gccw"}
{"type":"log","timestamp":1719007382779,"level":"debug","message":"pdf-utils running pdf operation merge","meta":{"rootId":"hznrduloskukhpw","id":"hznrduloskukhpw"},"id":"3p8b4mdx2j43e8o","previousOperationId":"ai4iualw859gccw"}
{"type":"operationStart","subtype":"pdfUtilsMerge","name":"pdf utils merge","previousOperationId":"ai4iualw859gccw","timestamp":1719007382779,"id":"ct0tz0u92i8qyyu","previousEventId":"y0yl0kudcebpndq","operationId":"tzkhq4z6t1hfgae"}
{"type":"operationStart","subtype":"render","name":"anonymous","previousOperationId":"tzkhq4z6t1hfgae","timestamp":1719007382779,"id":"q0908md98iwopwr","previousEventId":"ct0tz0u92i8qyyu","operationId":"yqkte6xcy3ntswi"}
{"type":"log","timestamp":1719007382779,"level":"info","message":"Starting rendering (child) request","meta":{"rootId":"hznrduloskukhpw","id":"uh0ee3059tchqx6"},"id":"t62bh2pe0xo6c07","previousOperationId":"yqkte6xcy3ntswi"}
{"type":"log","timestamp":1719007382779,"level":"info","message":"Rendering anonymous template { recipe: chrome-pdf, engine: handlebars }","meta":{"rootId":"hznrduloskukhpw","id":"uh0ee3059tchqx6"},"id":"37ntb16wvqfc5ko","previousOperationId":"yqkte6xcy3ntswi"}
{"type":"log","timestamp":1719007382779,"level":"debug","message":"Inline data specified.","meta":{"rootId":"hznrduloskukhpw","id":"uh0ee3059tchqx6"},"id":"pdbx7sk6q7099p4","previousOperationId":"yqkte6xcy3ntswi"}
{"type":"log","timestamp":1719007382780,"level":"debug","message":"Base url not specified, skipping its injection.","meta":{"rootId":"hznrduloskukhpw","id":"uh0ee3059tchqx6"},"id":"5ufbbov2gi38fdr","previousOperationId":"yqkte6xcy3ntswi"}
{"type":"operationStart","subtype":"engine","name":"handlebars","timestamp":1719007382780,"id":"xii4dannnfjs8cr","previousEventId":"q0908md98iwopwr","operationId":"kyw99lwn1sws8y9","previousOperationId":"yqkte6xcy3ntswi"}
{"type":"log","timestamp":1719007382780,"level":"debug","message":"Rendering engine handlebars","meta":{"rootId":"hznrduloskukhpw","id":"uh0ee3059tchqx6"},"id":"z19urot05eazz2n","previousOperationId":"kyw99lwn1sws8y9"}
{"type":"operationEnd","operationId":"kyw99lwn1sws8y9","timestamp":1719007382784,"id":"752f9kkvpqv426b","previousEventId":"xii4dannnfjs8cr","previousOperationId":"kyw99lwn1sws8y9"}
{"type":"operationStart","subtype":"recipe","name":"chrome-pdf","timestamp":1719007382784,"id":"4vwk3wpffvjg3e0","previousEventId":"752f9kkvpqv426b","operationId":"k64p6yxbqjc2qgs","previousOperationId":"kyw99lwn1sws8y9"}
{"type":"log","timestamp":1719007382784,"level":"debug","message":"Executing recipe chrome-pdf","meta":{"rootId":"hznrduloskukhpw","id":"uh0ee3059tchqx6"},"id":"oifl8s0adl2f0gz","previousOperationId":"k64p6yxbqjc2qgs"}
{"type":"log","timestamp":1719007382786,"level":"debug","message":"Converting with chrome Chrome/126.0.6478.61 using chrome-pool strategy","meta":{"rootId":"hznrduloskukhpw","id":"uh0ee3059tchqx6"},"id":"zr1h1nvdik8cvdd","previousOperationId":"k64p6yxbqjc2qgs"}
{"type":"log","timestamp":1719007382856,"level":"debug","message":"Page request: GET (document) file:///var/folders/2x/1bhfw9mx7d775w_jmf56lcp80000gn/T/jsreport/autocleanup/2346927e-42ff-403c-b218-23e34bc0466a-chrome-pdf.html","meta":{"rootId":"hznrduloskukhpw","id":"uh0ee3059tchqx6"},"id":"ohco67i4w02rapc","previousOperationId":"k64p6yxbqjc2qgs"}
{"type":"log","timestamp":1719007382860,"level":"debug","message":"Page request finished: GET (document) 200 file:///var/folders/2x/1bhfw9mx7d775w_jmf56lcp80000gn/T/jsreport/autocleanup/2346927e-42ff-403c-b218-23e34bc0466a-chrome-pdf.html","meta":{"rootId":"hznrduloskukhpw","id":"uh0ee3059tchqx6"},"id":"twytjhmx20kvsel","previousOperationId":"k64p6yxbqjc2qgs"}
{"type":"log","timestamp":1719007382869,"level":"debug","message":"Running chrome with params {\"timeout\":59615,\"margin\":{},\"printBackground\":true}","meta":{"rootId":"hznrduloskukhpw","id":"uh0ee3059tchqx6"},"id":"ax62dr6ubhprenk","previousOperationId":"k64p6yxbqjc2qgs"}
{"type":"operationEnd","operationId":"k64p6yxbqjc2qgs","timestamp":1719007382942,"id":"cm0779804lpl21p","previousEventId":"4vwk3wpffvjg3e0","previousOperationId":"k64p6yxbqjc2qgs"}
{"type":"log","timestamp":1719007382942,"level":"debug","message":"Skipping storing report.","meta":{"rootId":"hznrduloskukhpw","id":"uh0ee3059tchqx6"},"id":"qg40u4zalj04ydt","previousOperationId":"k64p6yxbqjc2qgs"}
{"type":"log","timestamp":1719007382942,"level":"info","message":"Rendering (child) request finished in 541 ms","meta":{"rootId":"hznrduloskukhpw","id":"uh0ee3059tchqx6"},"id":"x90ntueqbkf1obd","previousOperationId":"k64p6yxbqjc2qgs"}
{"type":"operationEnd","subtype":"render","operationId":"yqkte6xcy3ntswi","timestamp":1719007382942,"id":"bctszf3bfvd0i6t","previousEventId":"cm0779804lpl21p","previousOperationId":"k64p6yxbqjc2qgs"}
{"type":"operationEnd","operationId":"tzkhq4z6t1hfgae","timestamp":1719007382956,"id":"elp5ebyul0je4v0","previousEventId":"ct0tz0u92i8qyyu","previousOperationId":"tzkhq4z6t1hfgae"}
{"type":"log","timestamp":1719007382956,"level":"debug","message":"pdf-utils postprocess start","meta":{"rootId":"hznrduloskukhpw","id":"hznrduloskukhpw"},"id":"7ladno1hce9oc84","previousOperationId":"tzkhq4z6t1hfgae"}
{"type":"log","timestamp":1719007382973,"level":"debug","message":"pdf-utils postprocess end","meta":{"rootId":"hznrduloskukhpw","id":"hznrduloskukhpw"},"id":"ctpsqdzkltdsm85","previousOperationId":"tzkhq4z6t1hfgae"}
{"type":"operationEnd","operationId":"ai4iualw859gccw","timestamp":1719007382973,"id":"114khivhyjd4qwx","previousEventId":"elp5ebyul0je4v0","previousOperationId":"tzkhq4z6t1hfgae"}
{"type":"log","timestamp":1719007382974,"level":"info","message":"pdf-utils pdf processing was finished","meta":{"rootId":"hznrduloskukhpw","id":"hznrduloskukhpw"},"id":"f5o70uboorr8axi","previousOperationId":"ai4iualw859gccw"}
{"type":"log","timestamp":1719007382974,"level":"debug","message":"Skipping storing report.","meta":{"rootId":"hznrduloskukhpw","id":"hznrduloskukhpw"},"id":"uquqx58zqrh9lxr","previousOperationId":"ai4iualw859gccw"}
{"type":"log","timestamp":1719007382974,"level":"info","message":"Rendering request 131 finished in 573 ms","meta":{"rootId":"hznrduloskukhpw","id":"hznrduloskukhpw"},"id":"8k09lbda9ueej66","previousOperationId":"ai4iualw859gccw"}
{"type":"operationEnd","subtype":"render","operationId":"p64h55dhd13xd29","timestamp":1719007382974,"id":"cm02lomtcz4g5c7","previousEventId":"114khivhyjd4qwx","previousOperationId":"ai4iualw859gccw"}
{"type":"operationEnd","doDiffs":false,"previousEventId":"pbl7ey4471x854l","previousOperationId":"x4f5z5dxt2i9343","operationId":"x4f5z5dxt2i9343","timestamp":1719007382975,"id":"efq67fuz6j26593"}
