{"type":"operationStart","subtype":"profile","data":{"_id":"WPGwzmwm00v8bx4V","timestamp":"2024-06-22T14:43:44.407Z","state":"queued","mode":"standard","creationDate":"2024-06-22T14:43:44.408Z","modificationDate":"2024-06-22T14:43:44.408Z","shortid":"kKEPkS9","$entitySet":"profiles"},"doDiffs":false,"timestamp":1719067424408,"id":"cbv9768unj7fuy2","previousOperationId":null,"operationId":"j2pxbymcq3ljyea"}
{"type":"log","level":"info","message":"Render request 181 queued for execution and waiting for available worker","previousOperationId":"j2pxbymcq3ljyea","timestamp":1719067424408,"id":"dkc484v8yrge2ox"}
{"type":"operationStart","subtype":"render","name":"anonymous","previousOperationId":"j2pxbymcq3ljyea","timestamp":1719067424414,"id":"0j6jybr3293g344","previousEventId":"cbv9768unj7fuy2","operationId":"22i8l6hthxs94ep"}
{"type":"log","timestamp":1719067424414,"level":"info","message":"Starting rendering request 181","meta":{"rootId":"i135ecjmewy0qup","id":"i135ecjmewy0qup"},"id":"unj9f5oqo3emlpr","previousOperationId":"22i8l6hthxs94ep"}
{"type":"log","timestamp":1719067424415,"level":"info","message":"Rendering anonymous template { recipe: chrome-pdf, engine: handlebars }","meta":{"rootId":"i135ecjmewy0qup","id":"i135ecjmewy0qup"},"id":"1lj7u513my388kc","previousOperationId":"22i8l6hthxs94ep"}
{"type":"log","timestamp":1719067424415,"level":"debug","message":"Inline data specified.","meta":{"rootId":"i135ecjmewy0qup","id":"i135ecjmewy0qup"},"id":"7hc3iwyvpiib5mg","previousOperationId":"22i8l6hthxs94ep"}
{"type":"log","timestamp":1719067424416,"level":"debug","message":"Base url not specified, skipping its injection.","meta":{"rootId":"i135ecjmewy0qup","id":"i135ecjmewy0qup"},"id":"bjuslwysf8nrpbi","previousOperationId":"22i8l6hthxs94ep"}
{"type":"operationStart","subtype":"engine","name":"handlebars","timestamp":1719067424416,"id":"7vbllwopv5zjh9o","previousEventId":"0j6jybr3293g344","operationId":"td65ql94razpz61","previousOperationId":"22i8l6hthxs94ep"}
{"type":"log","timestamp":1719067424416,"level":"debug","message":"Rendering engine handlebars","meta":{"rootId":"i135ecjmewy0qup","id":"i135ecjmewy0qup"},"id":"d7ofbsns7436b9d","previousOperationId":"td65ql94razpz61"}
{"type":"log","timestamp":1719067424438,"level":"debug","message":"(console:log) Pdf utils adding group field, value: \"France\"","meta":{"userLevel":true,"rootId":"i135ecjmewy0qup","id":"i135ecjmewy0qup"},"id":"uq79hstn4ddy2iv","previousOperationId":"td65ql94razpz61"}
{"type":"log","timestamp":1719067424440,"level":"debug","message":"(console:log) Pdf utils adding group field, value: \"Germany\"","meta":{"userLevel":true,"rootId":"i135ecjmewy0qup","id":"i135ecjmewy0qup"},"id":"o6ar5ift02lf7yx","previousOperationId":"td65ql94razpz61"}
{"type":"operationEnd","operationId":"td65ql94razpz61","timestamp":1719067424440,"id":"2hh35qf77remhw7","previousEventId":"7vbllwopv5zjh9o","previousOperationId":"td65ql94razpz61"}
{"type":"operationStart","subtype":"recipe","name":"chrome-pdf","timestamp":1719067424441,"id":"mzmlyxjav4xx2nk","previousEventId":"2hh35qf77remhw7","operationId":"w9szsvekvjrbtw8","previousOperationId":"td65ql94razpz61"}
{"type":"log","timestamp":1719067424441,"level":"debug","message":"Executing recipe chrome-pdf","meta":{"rootId":"i135ecjmewy0qup","id":"i135ecjmewy0qup"},"id":"7rcv2nhobzv63wq","previousOperationId":"w9szsvekvjrbtw8"}
{"type":"log","timestamp":1719067424457,"level":"debug","message":"Converting with chrome Chrome/126.0.6478.61 using chrome-pool strategy","meta":{"rootId":"i135ecjmewy0qup","id":"i135ecjmewy0qup"},"id":"rea1wbi53mgnhxg","previousOperationId":"w9szsvekvjrbtw8"}
{"type":"log","timestamp":1719067424750,"level":"debug","message":"Page request: GET (document) file:///var/folders/2x/1bhfw9mx7d775w_jmf56lcp80000gn/T/jsreport/autocleanup/4e445e92-eeea-4812-9167-c38ebf143659-chrome-pdf.html","meta":{"rootId":"i135ecjmewy0qup","id":"i135ecjmewy0qup"},"id":"czj36zk9t61p8wf","previousOperationId":"w9szsvekvjrbtw8"}
{"type":"log","timestamp":1719067424772,"level":"debug","message":"Page request: GET (stylesheet) https://cdnjs.cloudflare.com/ajax/libs/metro/4.1.5/css/metro.min.css","meta":{"rootId":"i135ecjmewy0qup","id":"i135ecjmewy0qup"},"id":"ffyejya5offm9hq","previousOperationId":"w9szsvekvjrbtw8"}
{"type":"log","timestamp":1719067424772,"level":"debug","message":"Page request finished: GET (document) 200 file:///var/folders/2x/1bhfw9mx7d775w_jmf56lcp80000gn/T/jsreport/autocleanup/4e445e92-eeea-4812-9167-c38ebf143659-chrome-pdf.html","meta":{"rootId":"i135ecjmewy0qup","id":"i135ecjmewy0qup"},"id":"8z9wmj4eb5b95ef","previousOperationId":"w9szsvekvjrbtw8"}
{"type":"log","timestamp":1719067424772,"level":"debug","message":"Page request: GET (script) https://cdnjs.cloudflare.com/ajax/libs/Chart.js/2.7.2/Chart.min.js","meta":{"rootId":"i135ecjmewy0qup","id":"i135ecjmewy0qup"},"id":"re83x5sonz9im0g","previousOperationId":"w9szsvekvjrbtw8"}
{"type":"log","timestamp":1719067424781,"level":"debug","message":"Page request finished: GET (stylesheet) 200 https://cdnjs.cloudflare.com/ajax/libs/metro/4.1.5/css/metro.min.css","meta":{"rootId":"i135ecjmewy0qup","id":"i135ecjmewy0qup"},"id":"nwobv6bhg8g63lm","previousOperationId":"w9szsvekvjrbtw8"}
{"type":"log","timestamp":1719067424781,"level":"debug","message":"Page request finished: GET (script) 200 https://cdnjs.cloudflare.com/ajax/libs/Chart.js/2.7.2/Chart.min.js","meta":{"rootId":"i135ecjmewy0qup","id":"i135ecjmewy0qup"},"id":"vvhubqspm97t6c8","previousOperationId":"w9szsvekvjrbtw8"}
{"type":"log","timestamp":1719067424858,"level":"debug","message":"Running chrome with params {\"marginTop\":\"4cm\",\"marginRight\":\"1.5cm\",\"marginLeft\":\"1.5cm\",\"marginBottom\":\"1.5cm\",\"timeout\":59958,\"margin\":{\"top\":\"4cm\",\"right\":\"1.5cm\",\"bottom\":\"1.5cm\",\"left\":\"1.5cm\"},\"printBackground\":true}","meta":{"rootId":"i135ecjmewy0qup","id":"i135ecjmewy0qup"},"id":"u7zvmba8bb0899v","previousOperationId":"w9szsvekvjrbtw8"}
{"type":"operationEnd","operationId":"w9szsvekvjrbtw8","timestamp":1719067425085,"id":"b06mj0dqawpjfhu","previousEventId":"mzmlyxjav4xx2nk","previousOperationId":"w9szsvekvjrbtw8"}
{"type":"log","timestamp":1719067425085,"level":"info","message":"pdf-utils is starting pdf processing","meta":{"rootId":"i135ecjmewy0qup","id":"i135ecjmewy0qup"},"id":"vola9a6j5wmd4of","previousOperationId":"w9szsvekvjrbtw8"}
{"type":"operationStart","subtype":"pdfUtils","name":"pdf utils","timestamp":1719067425085,"id":"eodow7nw0e1l0k5","previousEventId":"b06mj0dqawpjfhu","operationId":"h307qwb89muxnlj","previousOperationId":"w9szsvekvjrbtw8"}
{"type":"log","timestamp":1719067425085,"level":"debug","message":"pdf-utils detected 1 pdf operation(s) to process","meta":{"rootId":"i135ecjmewy0qup","id":"i135ecjmewy0qup"},"id":"wrin3ie67cd4yq3","previousOperationId":"h307qwb89muxnlj"}
{"type":"log","timestamp":1719067425099,"level":"debug","message":"pdf-utils running pdf operation merge","meta":{"rootId":"i135ecjmewy0qup","id":"i135ecjmewy0qup"},"id":"vwbi6zuzlhhy0e8","previousOperationId":"h307qwb89muxnlj"}
{"type":"operationStart","subtype":"pdfUtilsMerge","name":"pdf utils merge","previousOperationId":"h307qwb89muxnlj","timestamp":1719067425099,"id":"njirh0kn8gif3ys","previousEventId":"eodow7nw0e1l0k5","operationId":"h9jvq5xhp54neut"}
{"type":"operationStart","subtype":"render","name":"anonymous","previousOperationId":"h9jvq5xhp54neut","timestamp":1719067425099,"id":"xn6dwu2unj9sp7o","previousEventId":"njirh0kn8gif3ys","operationId":"0tvroydy5o80m81"}
{"type":"log","timestamp":1719067425099,"level":"info","message":"Starting rendering (child) request","meta":{"rootId":"i135ecjmewy0qup","id":"qu2t8po79rnq8b1"},"id":"8trwg63ecvdrevi","previousOperationId":"0tvroydy5o80m81"}
{"type":"log","timestamp":1719067425099,"level":"info","message":"Rendering anonymous template { recipe: chrome-pdf, engine: handlebars }","meta":{"rootId":"i135ecjmewy0qup","id":"qu2t8po79rnq8b1"},"id":"gs1mchr1mvmocj1","previousOperationId":"0tvroydy5o80m81"}
{"type":"log","timestamp":1719067425099,"level":"debug","message":"Inline data specified.","meta":{"rootId":"i135ecjmewy0qup","id":"qu2t8po79rnq8b1"},"id":"ydcg6j16zh045lb","previousOperationId":"0tvroydy5o80m81"}
{"type":"log","timestamp":1719067425100,"level":"debug","message":"Base url not specified, skipping its injection.","meta":{"rootId":"i135ecjmewy0qup","id":"qu2t8po79rnq8b1"},"id":"tw7yy3e6l7lvbis","previousOperationId":"0tvroydy5o80m81"}
{"type":"operationStart","subtype":"engine","name":"handlebars","timestamp":1719067425100,"id":"unmjkimevji1nx3","previousEventId":"xn6dwu2unj9sp7o","operationId":"kaxbgrl3uqw5ht1","previousOperationId":"0tvroydy5o80m81"}
{"type":"log","timestamp":1719067425100,"level":"debug","message":"Rendering engine handlebars","meta":{"rootId":"i135ecjmewy0qup","id":"qu2t8po79rnq8b1"},"id":"uklg9hgv9q8h2x2","previousOperationId":"kaxbgrl3uqw5ht1"}
{"type":"operationEnd","operationId":"kaxbgrl3uqw5ht1","timestamp":1719067425112,"id":"vticomunuhli525","previousEventId":"unmjkimevji1nx3","previousOperationId":"kaxbgrl3uqw5ht1"}
{"type":"operationStart","subtype":"recipe","name":"chrome-pdf","timestamp":1719067425112,"id":"azjcftrje0mcd64","previousEventId":"vticomunuhli525","operationId":"ugpv2wxn0x4k41l","previousOperationId":"kaxbgrl3uqw5ht1"}
{"type":"log","timestamp":1719067425112,"level":"debug","message":"Executing recipe chrome-pdf","meta":{"rootId":"i135ecjmewy0qup","id":"qu2t8po79rnq8b1"},"id":"v75ymdvgrzkjeey","previousOperationId":"ugpv2wxn0x4k41l"}
{"type":"log","timestamp":1719067425113,"level":"debug","message":"Converting with chrome Chrome/126.0.6478.61 using chrome-pool strategy","meta":{"rootId":"i135ecjmewy0qup","id":"qu2t8po79rnq8b1"},"id":"d0avb1pi6nkpnwe","previousOperationId":"ugpv2wxn0x4k41l"}
{"type":"log","timestamp":1719067425129,"level":"debug","message":"Page request: GET (document) file:///var/folders/2x/1bhfw9mx7d775w_jmf56lcp80000gn/T/jsreport/autocleanup/d0c62b2f-67d6-4309-bc63-27843e8c651d-chrome-pdf.html","meta":{"rootId":"i135ecjmewy0qup","id":"qu2t8po79rnq8b1"},"id":"554i3iaxzurfklt","previousOperationId":"ugpv2wxn0x4k41l"}
{"type":"log","timestamp":1719067425135,"level":"debug","message":"Page request finished: GET (document) 200 file:///var/folders/2x/1bhfw9mx7d775w_jmf56lcp80000gn/T/jsreport/autocleanup/d0c62b2f-67d6-4309-bc63-27843e8c651d-chrome-pdf.html","meta":{"rootId":"i135ecjmewy0qup","id":"qu2t8po79rnq8b1"},"id":"teezwapxlx5ifde","previousOperationId":"ugpv2wxn0x4k41l"}
{"type":"log","timestamp":1719067425135,"level":"debug","message":"Page request: GET (stylesheet) https://cdnjs.cloudflare.com/ajax/libs/metro/4.1.5/css/metro.min.css","meta":{"rootId":"i135ecjmewy0qup","id":"qu2t8po79rnq8b1"},"id":"m1jbbnbc8r1e8z8","previousOperationId":"ugpv2wxn0x4k41l"}
{"type":"log","timestamp":1719067425141,"level":"debug","message":"Page request finished: GET (stylesheet) 200 https://cdnjs.cloudflare.com/ajax/libs/metro/4.1.5/css/metro.min.css","meta":{"rootId":"i135ecjmewy0qup","id":"qu2t8po79rnq8b1"},"id":"5yp96g2zly6i5uh","previousOperationId":"ugpv2wxn0x4k41l"}
{"type":"log","timestamp":1719067425169,"level":"debug","message":"Running chrome with params {\"timeout\":59288,\"margin\":{},\"printBackground\":true}","meta":{"rootId":"i135ecjmewy0qup","id":"qu2t8po79rnq8b1"},"id":"1tq7o7efny7megk","previousOperationId":"ugpv2wxn0x4k41l"}
{"type":"operationEnd","operationId":"ugpv2wxn0x4k41l","timestamp":1719067425308,"id":"auh7gzhzh7ix9ns","previousEventId":"azjcftrje0mcd64","previousOperationId":"ugpv2wxn0x4k41l"}
{"type":"log","timestamp":1719067425308,"level":"debug","message":"Skipping storing report.","meta":{"rootId":"i135ecjmewy0qup","id":"qu2t8po79rnq8b1"},"id":"bddp1y5ww5d130r","previousOperationId":"ugpv2wxn0x4k41l"}
{"type":"log","timestamp":1719067425308,"level":"info","message":"Rendering (child) request finished in 907 ms","meta":{"rootId":"i135ecjmewy0qup","id":"qu2t8po79rnq8b1"},"id":"481c9i2zo8escqp","previousOperationId":"ugpv2wxn0x4k41l"}
{"type":"operationEnd","subtype":"render","operationId":"0tvroydy5o80m81","timestamp":1719067425308,"id":"8yq59wxl859mpx4","previousEventId":"auh7gzhzh7ix9ns","previousOperationId":"ugpv2wxn0x4k41l"}
{"type":"operationEnd","operationId":"h9jvq5xhp54neut","timestamp":1719067425342,"id":"47qqgihmfsywcza","previousEventId":"njirh0kn8gif3ys","previousOperationId":"h9jvq5xhp54neut"}
{"type":"log","timestamp":1719067425342,"level":"debug","message":"pdf-utils postprocess start","meta":{"rootId":"i135ecjmewy0qup","id":"i135ecjmewy0qup"},"id":"w81c5kqewohbddh","previousOperationId":"h9jvq5xhp54neut"}
{"type":"log","timestamp":1719067425377,"level":"debug","message":"pdf-utils postprocess end","meta":{"rootId":"i135ecjmewy0qup","id":"i135ecjmewy0qup"},"id":"vg01tqxigqe1nzb","previousOperationId":"h9jvq5xhp54neut"}
{"type":"operationEnd","operationId":"h307qwb89muxnlj","timestamp":1719067425377,"id":"jiuzjnf2ia1l1bm","previousEventId":"47qqgihmfsywcza","previousOperationId":"h9jvq5xhp54neut"}
{"type":"log","timestamp":1719067425377,"level":"info","message":"pdf-utils pdf processing was finished","meta":{"rootId":"i135ecjmewy0qup","id":"i135ecjmewy0qup"},"id":"wm01taznf9lgz1z","previousOperationId":"h307qwb89muxnlj"}
{"type":"log","timestamp":1719067425377,"level":"debug","message":"Skipping storing report.","meta":{"rootId":"i135ecjmewy0qup","id":"i135ecjmewy0qup"},"id":"hfw4s0h7hr5ftmi","previousOperationId":"h307qwb89muxnlj"}
{"type":"log","timestamp":1719067425377,"level":"info","message":"Rendering request 181 finished in 976 ms","meta":{"rootId":"i135ecjmewy0qup","id":"i135ecjmewy0qup"},"id":"pc457ld3ncvd5n7","previousOperationId":"h307qwb89muxnlj"}
{"type":"operationEnd","subtype":"render","operationId":"22i8l6hthxs94ep","timestamp":1719067425377,"id":"ovz834oh8ru4r8e","previousEventId":"jiuzjnf2ia1l1bm","previousOperationId":"h307qwb89muxnlj"}
{"type":"operationEnd","doDiffs":false,"previousEventId":"cbv9768unj7fuy2","previousOperationId":"j2pxbymcq3ljyea","operationId":"j2pxbymcq3ljyea","timestamp":1719067425378,"id":"mgss203d9gmz815"}
