{"type":"operationStart","subtype":"profile","data":{"_id":"u6GFkyXtSChYmEA7","timestamp":"2024-06-22T14:51:45.779Z","state":"queued","mode":"standard","creationDate":"2024-06-22T14:51:45.785Z","modificationDate":"2024-06-22T14:51:45.785Z","shortid":"F9m5OFI","$entitySet":"profiles"},"doDiffs":false,"timestamp":1719067905780,"id":"yf49bhvtrdfjx9y","previousOperationId":null,"operationId":"isgmcg0e9cabsdc"}
{"type":"log","level":"info","message":"Render request 185 queued for execution and waiting for available worker","previousOperationId":"isgmcg0e9cabsdc","timestamp":1719067905780,"id":"9ys7zxs01e56mk9"}
{"type":"operationStart","subtype":"render","name":"anonymous","previousOperationId":"isgmcg0e9cabsdc","timestamp":1719067905796,"id":"eau68woqjx82wjt","previousEventId":"yf49bhvtrdfjx9y","operationId":"i40nuoojuz5savv"}
{"type":"log","timestamp":1719067905796,"level":"info","message":"Starting rendering request 185","meta":{"rootId":"ia6m3mhaeo7g0ac","id":"ia6m3mhaeo7g0ac"},"id":"bnizu71et7ovz8v","previousOperationId":"i40nuoojuz5savv"}
{"type":"log","timestamp":1719067905796,"level":"info","message":"Rendering anonymous template { recipe: chrome-pdf, engine: handlebars }","meta":{"rootId":"ia6m3mhaeo7g0ac","id":"ia6m3mhaeo7g0ac"},"id":"gvier2kqa6aicse","previousOperationId":"i40nuoojuz5savv"}
{"type":"log","timestamp":1719067905796,"level":"debug","message":"Inline data specified.","meta":{"rootId":"ia6m3mhaeo7g0ac","id":"ia6m3mhaeo7g0ac"},"id":"pwiqol6nyjzxabd","previousOperationId":"i40nuoojuz5savv"}
{"type":"log","timestamp":1719067905798,"level":"debug","message":"Base url not specified, skipping its injection.","meta":{"rootId":"ia6m3mhaeo7g0ac","id":"ia6m3mhaeo7g0ac"},"id":"f3wsbr6g35cnsan","previousOperationId":"i40nuoojuz5savv"}
{"type":"operationStart","subtype":"engine","name":"handlebars","timestamp":1719067905799,"id":"b3020rqhb86xka4","previousEventId":"eau68woqjx82wjt","operationId":"xu7du6kv7m5rmq3","previousOperationId":"i40nuoojuz5savv"}
{"type":"log","timestamp":1719067905799,"level":"debug","message":"Rendering engine handlebars","meta":{"rootId":"ia6m3mhaeo7g0ac","id":"ia6m3mhaeo7g0ac"},"id":"g0qwhli7s4j74kc","previousOperationId":"xu7du6kv7m5rmq3"}
{"type":"log","timestamp":1719067905812,"level":"debug","message":"(console:log) Pdf utils adding group field, value: \"France\"","meta":{"userLevel":true,"rootId":"ia6m3mhaeo7g0ac","id":"ia6m3mhaeo7g0ac"},"id":"2gdqzm2ivzyxy7u","previousOperationId":"xu7du6kv7m5rmq3"}
{"type":"log","timestamp":1719067905814,"level":"debug","message":"(console:log) Pdf utils adding group field, value: \"Germany\"","meta":{"userLevel":true,"rootId":"ia6m3mhaeo7g0ac","id":"ia6m3mhaeo7g0ac"},"id":"89ie66xas6703bj","previousOperationId":"xu7du6kv7m5rmq3"}
{"type":"operationEnd","operationId":"xu7du6kv7m5rmq3","timestamp":1719067905814,"id":"cqc0a5xnhyi0aux","previousEventId":"b3020rqhb86xka4","previousOperationId":"xu7du6kv7m5rmq3"}
{"type":"operationStart","subtype":"recipe","name":"chrome-pdf","timestamp":1719067905815,"id":"4lgmwo42rl52pta","previousEventId":"cqc0a5xnhyi0aux","operationId":"kqqqvj2zjzaj0tt","previousOperationId":"xu7du6kv7m5rmq3"}
{"type":"log","timestamp":1719067905815,"level":"debug","message":"Executing recipe chrome-pdf","meta":{"rootId":"ia6m3mhaeo7g0ac","id":"ia6m3mhaeo7g0ac"},"id":"alijxgsajvsq55o","previousOperationId":"kqqqvj2zjzaj0tt"}
{"type":"log","timestamp":1719067905829,"level":"debug","message":"Converting with chrome Chrome/126.0.6478.61 using chrome-pool strategy","meta":{"rootId":"ia6m3mhaeo7g0ac","id":"ia6m3mhaeo7g0ac"},"id":"t6zmv0rel1kd0w9","previousOperationId":"kqqqvj2zjzaj0tt"}
{"type":"log","timestamp":1719067906150,"level":"debug","message":"Page request: GET (document) file:///var/folders/2x/1bhfw9mx7d775w_jmf56lcp80000gn/T/jsreport/autocleanup/bfb5ce5e-538a-4ac8-9910-7ecf8b20531e-chrome-pdf.html","meta":{"rootId":"ia6m3mhaeo7g0ac","id":"ia6m3mhaeo7g0ac"},"id":"9wx3lzffshyn8i8","previousOperationId":"kqqqvj2zjzaj0tt"}
{"type":"log","timestamp":1719067906176,"level":"debug","message":"Page request: GET (stylesheet) https://cdnjs.cloudflare.com/ajax/libs/metro/4.1.5/css/metro.min.css","meta":{"rootId":"ia6m3mhaeo7g0ac","id":"ia6m3mhaeo7g0ac"},"id":"k20awz95rawjrma","previousOperationId":"kqqqvj2zjzaj0tt"}
{"type":"log","timestamp":1719067906177,"level":"debug","message":"Page request: GET (script) https://cdnjs.cloudflare.com/ajax/libs/Chart.js/2.7.2/Chart.min.js","meta":{"rootId":"ia6m3mhaeo7g0ac","id":"ia6m3mhaeo7g0ac"},"id":"aalquhb1eoh0461","previousOperationId":"kqqqvj2zjzaj0tt"}
{"type":"log","timestamp":1719067906193,"level":"debug","message":"Page request finished: GET (stylesheet) 200 https://cdnjs.cloudflare.com/ajax/libs/metro/4.1.5/css/metro.min.css","meta":{"rootId":"ia6m3mhaeo7g0ac","id":"ia6m3mhaeo7g0ac"},"id":"pqmy6hu2ufmy84k","previousOperationId":"kqqqvj2zjzaj0tt"}
{"type":"log","timestamp":1719067906193,"level":"debug","message":"Page request finished: GET (document) 200 file:///var/folders/2x/1bhfw9mx7d775w_jmf56lcp80000gn/T/jsreport/autocleanup/bfb5ce5e-538a-4ac8-9910-7ecf8b20531e-chrome-pdf.html","meta":{"rootId":"ia6m3mhaeo7g0ac","id":"ia6m3mhaeo7g0ac"},"id":"ppv38quu1u0jxl8","previousOperationId":"kqqqvj2zjzaj0tt"}
{"type":"log","timestamp":1719067906193,"level":"debug","message":"Page request finished: GET (script) 200 https://cdnjs.cloudflare.com/ajax/libs/Chart.js/2.7.2/Chart.min.js","meta":{"rootId":"ia6m3mhaeo7g0ac","id":"ia6m3mhaeo7g0ac"},"id":"1f1vere81sh2hmq","previousOperationId":"kqqqvj2zjzaj0tt"}
{"type":"log","timestamp":1719067906296,"level":"debug","message":"Running chrome with params {\"marginTop\":\"4cm\",\"marginRight\":\"1.5cm\",\"marginLeft\":\"1.5cm\",\"marginBottom\":\"1.5cm\",\"timeout\":59955,\"margin\":{\"top\":\"4cm\",\"right\":\"1.5cm\",\"bottom\":\"1.5cm\",\"left\":\"1.5cm\"},\"printBackground\":true}","meta":{"rootId":"ia6m3mhaeo7g0ac","id":"ia6m3mhaeo7g0ac"},"id":"jpuhldndk69a2fj","previousOperationId":"kqqqvj2zjzaj0tt"}
{"type":"operationEnd","operationId":"kqqqvj2zjzaj0tt","timestamp":1719067906615,"id":"aqionuqcmsty6ag","previousEventId":"4lgmwo42rl52pta","previousOperationId":"kqqqvj2zjzaj0tt"}
{"type":"log","timestamp":1719067906616,"level":"info","message":"pdf-utils is starting pdf processing","meta":{"rootId":"ia6m3mhaeo7g0ac","id":"ia6m3mhaeo7g0ac"},"id":"su5igz86wr5yvel","previousOperationId":"kqqqvj2zjzaj0tt"}
{"type":"operationStart","subtype":"pdfUtils","name":"pdf utils","timestamp":1719067906616,"id":"pjmdm8yn59jvg2p","previousEventId":"aqionuqcmsty6ag","operationId":"9h4zj5rwh9wqigg","previousOperationId":"kqqqvj2zjzaj0tt"}
{"type":"log","timestamp":1719067906616,"level":"debug","message":"pdf-utils detected 1 pdf operation(s) to process","meta":{"rootId":"ia6m3mhaeo7g0ac","id":"ia6m3mhaeo7g0ac"},"id":"hp1r6ffwcku3lp3","previousOperationId":"9h4zj5rwh9wqigg"}
{"type":"log","timestamp":1719067906632,"level":"debug","message":"pdf-utils running pdf operation merge","meta":{"rootId":"ia6m3mhaeo7g0ac","id":"ia6m3mhaeo7g0ac"},"id":"nx02i2vs6fnh8bu","previousOperationId":"9h4zj5rwh9wqigg"}
{"type":"operationStart","subtype":"pdfUtilsMerge","name":"pdf utils merge","previousOperationId":"9h4zj5rwh9wqigg","timestamp":1719067906632,"id":"g1ao2rwtlu1r5ex","previousEventId":"pjmdm8yn59jvg2p","operationId":"7pudz2tv4y5spnp"}
{"type":"operationStart","subtype":"render","name":"anonymous","previousOperationId":"7pudz2tv4y5spnp","timestamp":1719067906632,"id":"zo06oqildy28w6y","previousEventId":"g1ao2rwtlu1r5ex","operationId":"6flo5z7zavsbhds"}
{"type":"log","timestamp":1719067906632,"level":"info","message":"Starting rendering (child) request","meta":{"rootId":"ia6m3mhaeo7g0ac","id":"s6x73f02g01fee4"},"id":"zv8drr7j3tahsb8","previousOperationId":"6flo5z7zavsbhds"}
{"type":"log","timestamp":1719067906632,"level":"info","message":"Rendering anonymous template { recipe: chrome-pdf, engine: handlebars }","meta":{"rootId":"ia6m3mhaeo7g0ac","id":"s6x73f02g01fee4"},"id":"wzs54w2ltqueixe","previousOperationId":"6flo5z7zavsbhds"}
{"type":"log","timestamp":1719067906632,"level":"debug","message":"Inline data specified.","meta":{"rootId":"ia6m3mhaeo7g0ac","id":"s6x73f02g01fee4"},"id":"rd56c2oy6ub19v5","previousOperationId":"6flo5z7zavsbhds"}
{"type":"log","timestamp":1719067906632,"level":"debug","message":"Base url not specified, skipping its injection.","meta":{"rootId":"ia6m3mhaeo7g0ac","id":"s6x73f02g01fee4"},"id":"fudx14iinb40mqt","previousOperationId":"6flo5z7zavsbhds"}
{"type":"operationStart","subtype":"engine","name":"handlebars","timestamp":1719067906632,"id":"5tdqjc1s9354qd7","previousEventId":"zo06oqildy28w6y","operationId":"xbzhrr75jdlfqpq","previousOperationId":"6flo5z7zavsbhds"}
{"type":"log","timestamp":1719067906632,"level":"debug","message":"Rendering engine handlebars","meta":{"rootId":"ia6m3mhaeo7g0ac","id":"s6x73f02g01fee4"},"id":"1do52vu7xvrwe4k","previousOperationId":"xbzhrr75jdlfqpq"}
{"type":"operationEnd","operationId":"xbzhrr75jdlfqpq","timestamp":1719067906638,"id":"ho2qfy0kel7linm","previousEventId":"5tdqjc1s9354qd7","previousOperationId":"xbzhrr75jdlfqpq"}
{"type":"operationStart","subtype":"recipe","name":"chrome-pdf","timestamp":1719067906638,"id":"m6blhrrluqup7p2","previousEventId":"ho2qfy0kel7linm","operationId":"hjm94hy465rk1hk","previousOperationId":"xbzhrr75jdlfqpq"}
{"type":"log","timestamp":1719067906638,"level":"debug","message":"Executing recipe chrome-pdf","meta":{"rootId":"ia6m3mhaeo7g0ac","id":"s6x73f02g01fee4"},"id":"u0tsn0oppzkgaro","previousOperationId":"hjm94hy465rk1hk"}
{"type":"log","timestamp":1719067906639,"level":"debug","message":"Converting with chrome Chrome/126.0.6478.61 using chrome-pool strategy","meta":{"rootId":"ia6m3mhaeo7g0ac","id":"s6x73f02g01fee4"},"id":"w6ti7m7b0ejrqer","previousOperationId":"hjm94hy465rk1hk"}
{"type":"log","timestamp":1719067906710,"level":"debug","message":"Page request: GET (document) file:///var/folders/2x/1bhfw9mx7d775w_jmf56lcp80000gn/T/jsreport/autocleanup/b0521c91-ca95-49a0-8c1f-019e03c0f0d4-chrome-pdf.html","meta":{"rootId":"ia6m3mhaeo7g0ac","id":"s6x73f02g01fee4"},"id":"beuijktdhycxt3f","previousOperationId":"hjm94hy465rk1hk"}
{"type":"log","timestamp":1719067906715,"level":"debug","message":"Page request finished: GET (document) 200 file:///var/folders/2x/1bhfw9mx7d775w_jmf56lcp80000gn/T/jsreport/autocleanup/b0521c91-ca95-49a0-8c1f-019e03c0f0d4-chrome-pdf.html","meta":{"rootId":"ia6m3mhaeo7g0ac","id":"s6x73f02g01fee4"},"id":"j3hs8pivegn0ke1","previousOperationId":"hjm94hy465rk1hk"}
{"type":"log","timestamp":1719067906716,"level":"debug","message":"Page request: GET (stylesheet) https://cdnjs.cloudflare.com/ajax/libs/metro/4.1.5/css/metro.min.css","meta":{"rootId":"ia6m3mhaeo7g0ac","id":"s6x73f02g01fee4"},"id":"fdbmmppx58v7966","previousOperationId":"hjm94hy465rk1hk"}
{"type":"log","timestamp":1719067906721,"level":"debug","message":"Page request finished: GET (stylesheet) 200 https://cdnjs.cloudflare.com/ajax/libs/metro/4.1.5/css/metro.min.css","meta":{"rootId":"ia6m3mhaeo7g0ac","id":"s6x73f02g01fee4"},"id":"yh1qgspwcvbxtgt","previousOperationId":"hjm94hy465rk1hk"}
{"type":"log","timestamp":1719067906748,"level":"debug","message":"Running chrome with params {\"timeout\":59133,\"margin\":{},\"printBackground\":true}","meta":{"rootId":"ia6m3mhaeo7g0ac","id":"s6x73f02g01fee4"},"id":"oevfzot7v5t2mzi","previousOperationId":"hjm94hy465rk1hk"}
{"type":"operationEnd","operationId":"hjm94hy465rk1hk","timestamp":1719067906863,"id":"nz8uzs0y8i61pgx","previousEventId":"m6blhrrluqup7p2","previousOperationId":"hjm94hy465rk1hk"}
{"type":"log","timestamp":1719067906864,"level":"debug","message":"Skipping storing report.","meta":{"rootId":"ia6m3mhaeo7g0ac","id":"s6x73f02g01fee4"},"id":"ni7l2j0d1yuinki","previousOperationId":"hjm94hy465rk1hk"}
{"type":"log","timestamp":1719067906864,"level":"info","message":"Rendering (child) request finished in 1092 ms","meta":{"rootId":"ia6m3mhaeo7g0ac","id":"s6x73f02g01fee4"},"id":"5ykee4nqaiu6ya7","previousOperationId":"hjm94hy465rk1hk"}
{"type":"operationEnd","subtype":"render","operationId":"6flo5z7zavsbhds","timestamp":1719067906864,"id":"go2ttbnmys6xgwm","previousEventId":"nz8uzs0y8i61pgx","previousOperationId":"hjm94hy465rk1hk"}
{"type":"operationEnd","operationId":"7pudz2tv4y5spnp","timestamp":1719067906878,"id":"11y1f5bf4disot3","previousEventId":"g1ao2rwtlu1r5ex","previousOperationId":"7pudz2tv4y5spnp"}
{"type":"log","timestamp":1719067906878,"level":"debug","message":"pdf-utils postprocess start","meta":{"rootId":"ia6m3mhaeo7g0ac","id":"ia6m3mhaeo7g0ac"},"id":"p5rxzx2a0a0o8mb","previousOperationId":"7pudz2tv4y5spnp"}
{"type":"log","timestamp":1719067906898,"level":"debug","message":"pdf-utils postprocess end","meta":{"rootId":"ia6m3mhaeo7g0ac","id":"ia6m3mhaeo7g0ac"},"id":"k65dzcu3l1naz7i","previousOperationId":"7pudz2tv4y5spnp"}
{"type":"operationEnd","operationId":"9h4zj5rwh9wqigg","timestamp":1719067906898,"id":"hgyy0ozemmu052o","previousEventId":"11y1f5bf4disot3","previousOperationId":"7pudz2tv4y5spnp"}
{"type":"log","timestamp":1719067906903,"level":"info","message":"pdf-utils pdf processing was finished","meta":{"rootId":"ia6m3mhaeo7g0ac","id":"ia6m3mhaeo7g0ac"},"id":"5izhtvkfzbuqyb0","previousOperationId":"9h4zj5rwh9wqigg"}
{"type":"log","timestamp":1719067906903,"level":"debug","message":"Skipping storing report.","meta":{"rootId":"ia6m3mhaeo7g0ac","id":"ia6m3mhaeo7g0ac"},"id":"tc09odpkgd0wjvn","previousOperationId":"9h4zj5rwh9wqigg"}
{"type":"log","timestamp":1719067906903,"level":"info","message":"Rendering request 185 finished in 1131 ms","meta":{"rootId":"ia6m3mhaeo7g0ac","id":"ia6m3mhaeo7g0ac"},"id":"ay8a8wq7vxb54xt","previousOperationId":"9h4zj5rwh9wqigg"}
{"type":"operationEnd","subtype":"render","operationId":"i40nuoojuz5savv","timestamp":1719067906903,"id":"s64jba0qjv3uhx2","previousEventId":"hgyy0ozemmu052o","previousOperationId":"9h4zj5rwh9wqigg"}
{"type":"operationEnd","doDiffs":false,"previousEventId":"yf49bhvtrdfjx9y","previousOperationId":"isgmcg0e9cabsdc","operationId":"isgmcg0e9cabsdc","timestamp":1719067906904,"id":"yzw2c9tqds1vff1"}
