{"type":"operationStart","subtype":"profile","data":{"_id":"YTD2WQz4wPPmErNQ","timestamp":"2024-06-21T20:25:34.789Z","state":"queued","mode":"standard","creationDate":"2024-06-21T20:25:34.792Z","modificationDate":"2024-06-21T20:25:34.792Z","shortid":"_dbTjBq","$entitySet":"profiles"},"doDiffs":false,"timestamp":1719001534790,"id":"z76gilumx0xz1ql","previousOperationId":null,"operationId":"9hjl6mxyq9almnw"}
{"type":"log","level":"info","message":"Render request 79 queued for execution and waiting for available worker","previousOperationId":"9hjl6mxyq9almnw","timestamp":1719001534790,"id":"4fmtabxp36yir31"}
{"type":"operationStart","subtype":"render","name":"anonymous","previousOperationId":"9hjl6mxyq9almnw","timestamp":1719001534798,"id":"5lgm1de2drl20d8","previousEventId":"z76gilumx0xz1ql","operationId":"l4vitd7399cugjv"}
{"type":"log","timestamp":1719001534799,"level":"info","message":"Starting rendering request 79","meta":{"rootId":"idbvh4unufs2luj","id":"idbvh4unufs2luj"},"id":"91kj0lkh0gstfx5","previousOperationId":"l4vitd7399cugjv"}
{"type":"log","timestamp":1719001534799,"level":"info","message":"Rendering anonymous template { recipe: chrome-pdf, engine: handlebars }","meta":{"rootId":"idbvh4unufs2luj","id":"idbvh4unufs2luj"},"id":"10uwm9hjr7l56hv","previousOperationId":"l4vitd7399cugjv"}
{"type":"log","timestamp":1719001534799,"level":"debug","message":"Inline data specified.","meta":{"rootId":"idbvh4unufs2luj","id":"idbvh4unufs2luj"},"id":"apchkx0ecdz15qk","previousOperationId":"l4vitd7399cugjv"}
{"type":"log","timestamp":1719001534801,"level":"debug","message":"Base url not specified, skipping its injection.","meta":{"rootId":"idbvh4unufs2luj","id":"idbvh4unufs2luj"},"id":"nwnrk4vyrfc1ghc","previousOperationId":"l4vitd7399cugjv"}
{"type":"operationStart","subtype":"engine","name":"handlebars","timestamp":1719001534805,"id":"p2lrinjzebcgvkt","previousEventId":"5lgm1de2drl20d8","operationId":"hzp67j3gfgw4cxs","previousOperationId":"l4vitd7399cugjv"}
{"type":"log","timestamp":1719001534805,"level":"debug","message":"Rendering engine handlebars","meta":{"rootId":"idbvh4unufs2luj","id":"idbvh4unufs2luj"},"id":"1wplgg4ue1x9g2r","previousOperationId":"hzp67j3gfgw4cxs"}
{"type":"operationEnd","operationId":"hzp67j3gfgw4cxs","timestamp":1719001534834,"id":"q299pox6c4pecro","previousEventId":"p2lrinjzebcgvkt","previousOperationId":"hzp67j3gfgw4cxs"}
{"type":"operationStart","subtype":"recipe","name":"chrome-pdf","timestamp":1719001534835,"id":"vj1fiaadoxe5cib","previousEventId":"q299pox6c4pecro","operationId":"p4n37537ddzepor","previousOperationId":"hzp67j3gfgw4cxs"}
{"type":"log","timestamp":1719001534835,"level":"debug","message":"Executing recipe chrome-pdf","meta":{"rootId":"idbvh4unufs2luj","id":"idbvh4unufs2luj"},"id":"huvdjmqp638ebcj","previousOperationId":"p4n37537ddzepor"}
{"type":"log","timestamp":1719001534840,"level":"debug","message":"Converting with chrome Chrome/126.0.6478.61 using chrome-pool strategy","meta":{"rootId":"idbvh4unufs2luj","id":"idbvh4unufs2luj"},"id":"d604soj345krjo3","previousOperationId":"p4n37537ddzepor"}
{"type":"log","timestamp":1719001535138,"level":"debug","message":"Page request: GET (document) file:///var/folders/2x/1bhfw9mx7d775w_jmf56lcp80000gn/T/jsreport/autocleanup/16cd7dd5-edd6-45d0-940c-c768dcc70f52-chrome-pdf.html","meta":{"rootId":"idbvh4unufs2luj","id":"idbvh4unufs2luj"},"id":"k3ucngkebxik9nm","previousOperationId":"p4n37537ddzepor"}
{"type":"log","timestamp":1719001535152,"level":"debug","message":"Page request finished: GET (document) 200 file:///var/folders/2x/1bhfw9mx7d775w_jmf56lcp80000gn/T/jsreport/autocleanup/16cd7dd5-edd6-45d0-940c-c768dcc70f52-chrome-pdf.html","meta":{"rootId":"idbvh4unufs2luj","id":"idbvh4unufs2luj"},"id":"ha8rl689mvm70zu","previousOperationId":"p4n37537ddzepor"}
{"type":"log","timestamp":1719001535154,"level":"debug","message":"Page request: GET (stylesheet) https://cdnjs.cloudflare.com/ajax/libs/metro/4.1.5/css/metro.min.css","meta":{"rootId":"idbvh4unufs2luj","id":"idbvh4unufs2luj"},"id":"8bpwi2qjrjdnjw6","previousOperationId":"p4n37537ddzepor"}
{"type":"log","timestamp":1719001535155,"level":"debug","message":"Page request: GET (script) https://cdnjs.cloudflare.com/ajax/libs/Chart.js/2.7.2/Chart.min.js","meta":{"rootId":"idbvh4unufs2luj","id":"idbvh4unufs2luj"},"id":"q82k1t0qe8tylgw","previousOperationId":"p4n37537ddzepor"}
{"type":"log","timestamp":1719001535167,"level":"debug","message":"Page request finished: GET (stylesheet) 200 https://cdnjs.cloudflare.com/ajax/libs/metro/4.1.5/css/metro.min.css","meta":{"rootId":"idbvh4unufs2luj","id":"idbvh4unufs2luj"},"id":"422jv1m3r38mneb","previousOperationId":"p4n37537ddzepor"}
{"type":"log","timestamp":1719001535168,"level":"debug","message":"Page request finished: GET (script) 200 https://cdnjs.cloudflare.com/ajax/libs/Chart.js/2.7.2/Chart.min.js","meta":{"rootId":"idbvh4unufs2luj","id":"idbvh4unufs2luj"},"id":"27xqwjy323qibbr","previousOperationId":"p4n37537ddzepor"}
{"type":"log","timestamp":1719001535198,"level":"debug","message":"Running chrome with params {\"timeout\":59948,\"margin\":{},\"printBackground\":true}","meta":{"rootId":"idbvh4unufs2luj","id":"idbvh4unufs2luj"},"id":"v5ludns8bn1m506","previousOperationId":"p4n37537ddzepor"}
{"type":"operationEnd","operationId":"p4n37537ddzepor","timestamp":1719001535321,"id":"gpbxnq2l0f1ttki","previousEventId":"vj1fiaadoxe5cib","previousOperationId":"p4n37537ddzepor"}
{"type":"log","timestamp":1719001535321,"level":"debug","message":"Skipping storing report.","meta":{"rootId":"idbvh4unufs2luj","id":"idbvh4unufs2luj"},"id":"neyey7uno1c24gk","previousOperationId":"p4n37537ddzepor"}
{"type":"log","timestamp":1719001535321,"level":"info","message":"Rendering request 79 finished in 537 ms","meta":{"rootId":"idbvh4unufs2luj","id":"idbvh4unufs2luj"},"id":"itnydqv88wz4jjf","previousOperationId":"p4n37537ddzepor"}
{"type":"operationEnd","subtype":"render","operationId":"l4vitd7399cugjv","timestamp":1719001535321,"id":"viaedvyoluh51ed","previousEventId":"gpbxnq2l0f1ttki","previousOperationId":"p4n37537ddzepor"}
{"type":"operationEnd","doDiffs":false,"previousEventId":"z76gilumx0xz1ql","previousOperationId":"9hjl6mxyq9almnw","operationId":"9hjl6mxyq9almnw","timestamp":1719001535322,"id":"bxuzdgmceef4pz3"}
