{"type":"operationStart","subtype":"profile","data":{"_id":"buwuLPSi7eVyobBS","timestamp":"2024-06-21T21:03:19.820Z","state":"queued","mode":"standard","creationDate":"2024-06-21T21:03:19.822Z","modificationDate":"2024-06-21T21:03:19.822Z","shortid":"zKQK4QF","$entitySet":"profiles"},"doDiffs":false,"timestamp":1719003799821,"id":"wc86xtba18imc0x","previousOperationId":null,"operationId":"jmes8sdhv4s3eru"}
{"type":"log","level":"info","message":"Render request 97 queued for execution and waiting for available worker","previousOperationId":"jmes8sdhv4s3eru","timestamp":1719003799821,"id":"e06vkv9ecl01btp"}
{"type":"operationStart","subtype":"render","name":"anonymous","previousOperationId":"jmes8sdhv4s3eru","timestamp":1719003799828,"id":"v0obw88ul6dl1qw","previousEventId":"wc86xtba18imc0x","operationId":"xhdyzq7iv0mbl8k"}
{"type":"log","timestamp":1719003799828,"level":"info","message":"Starting rendering request 97","meta":{"rootId":"ip812bpby8qw2ng","id":"ip812bpby8qw2ng"},"id":"rsv05qxyirqn4la","previousOperationId":"xhdyzq7iv0mbl8k"}
{"type":"log","timestamp":1719003799828,"level":"info","message":"Rendering anonymous template { recipe: chrome-pdf, engine: handlebars }","meta":{"rootId":"ip812bpby8qw2ng","id":"ip812bpby8qw2ng"},"id":"8228be6u8h3yjy4","previousOperationId":"xhdyzq7iv0mbl8k"}
{"type":"log","timestamp":1719003799828,"level":"debug","message":"Inline data specified.","meta":{"rootId":"ip812bpby8qw2ng","id":"ip812bpby8qw2ng"},"id":"9ib4p9btevg2xug","previousOperationId":"xhdyzq7iv0mbl8k"}
{"type":"log","timestamp":1719003799829,"level":"debug","message":"Base url not specified, skipping its injection.","meta":{"rootId":"ip812bpby8qw2ng","id":"ip812bpby8qw2ng"},"id":"ep3o3hmvy1nav54","previousOperationId":"xhdyzq7iv0mbl8k"}
{"type":"operationStart","subtype":"engine","name":"handlebars","timestamp":1719003799830,"id":"v89ayl36z54qctk","previousEventId":"v0obw88ul6dl1qw","operationId":"yjxi7qwu9492tfy","previousOperationId":"xhdyzq7iv0mbl8k"}
{"type":"log","timestamp":1719003799830,"level":"debug","message":"Rendering engine handlebars","meta":{"rootId":"ip812bpby8qw2ng","id":"ip812bpby8qw2ng"},"id":"yz5tnnfez1pofrl","previousOperationId":"yjxi7qwu9492tfy"}
{"type":"operationEnd","operationId":"yjxi7qwu9492tfy","timestamp":1719003799865,"id":"kr35b7n6ynlg3i0","previousEventId":"v89ayl36z54qctk","previousOperationId":"yjxi7qwu9492tfy"}
{"type":"operationStart","subtype":"recipe","name":"chrome-pdf","timestamp":1719003799866,"id":"wcjvhzc0h318nfe","previousEventId":"kr35b7n6ynlg3i0","operationId":"d1br2exiwbrljaa","previousOperationId":"yjxi7qwu9492tfy"}
{"type":"log","timestamp":1719003799866,"level":"debug","message":"Executing recipe chrome-pdf","meta":{"rootId":"ip812bpby8qw2ng","id":"ip812bpby8qw2ng"},"id":"0p1f1ixkrjvm80b","previousOperationId":"d1br2exiwbrljaa"}
{"type":"log","timestamp":1719003799867,"level":"debug","message":"Starting child request to render pdf header","meta":{"rootId":"ip812bpby8qw2ng","id":"ip812bpby8qw2ng"},"id":"vgia86xejd2fkcg","previousOperationId":"d1br2exiwbrljaa"}
{"type":"operationStart","subtype":"render","name":"anonymous","previousOperationId":"d1br2exiwbrljaa","timestamp":1719003799867,"id":"2820xrq3whgwjur","previousEventId":"wcjvhzc0h318nfe","operationId":"9i6p800r910r6p3"}
{"type":"log","timestamp":1719003799867,"level":"info","message":"Starting rendering (child) request","meta":{"rootId":"ip812bpby8qw2ng","id":"5af46uuc1ee6xpw"},"id":"brscphlkcxz48ho","previousOperationId":"9i6p800r910r6p3"}
{"type":"log","timestamp":1719003799867,"level":"info","message":"Rendering anonymous template { recipe: html, engine: handlebars }","meta":{"rootId":"ip812bpby8qw2ng","id":"5af46uuc1ee6xpw"},"id":"jrl7m4i6j33qqro","previousOperationId":"9i6p800r910r6p3"}
{"type":"log","timestamp":1719003799867,"level":"debug","message":"Inline data specified.","meta":{"rootId":"ip812bpby8qw2ng","id":"5af46uuc1ee6xpw"},"id":"q132nn3e3spqihk","previousOperationId":"9i6p800r910r6p3"}
{"type":"log","timestamp":1719003799868,"level":"debug","message":"Base url not specified, skipping its injection.","meta":{"rootId":"ip812bpby8qw2ng","id":"5af46uuc1ee6xpw"},"id":"d3jrh25qww1svaa","previousOperationId":"9i6p800r910r6p3"}
{"type":"operationStart","subtype":"engine","name":"handlebars","timestamp":1719003799868,"id":"n5lxobxlhzn91zj","previousEventId":"2820xrq3whgwjur","operationId":"gzpz4099dn6lbt6","previousOperationId":"9i6p800r910r6p3"}
{"type":"log","timestamp":1719003799868,"level":"debug","message":"Rendering engine handlebars","meta":{"rootId":"ip812bpby8qw2ng","id":"5af46uuc1ee6xpw"},"id":"kqnmvkyy39yieb2","previousOperationId":"gzpz4099dn6lbt6"}
{"type":"operationEnd","operationId":"gzpz4099dn6lbt6","timestamp":1719003799869,"id":"4akc86lxrx5ont0","previousEventId":"n5lxobxlhzn91zj","previousOperationId":"gzpz4099dn6lbt6"}
{"type":"operationStart","subtype":"recipe","name":"html","timestamp":1719003799869,"id":"wr219qwaamo7rdk","previousEventId":"4akc86lxrx5ont0","operationId":"wltsdeugfcvbu5s","previousOperationId":"gzpz4099dn6lbt6"}
{"type":"log","timestamp":1719003799869,"level":"debug","message":"Executing recipe html","meta":{"rootId":"ip812bpby8qw2ng","id":"5af46uuc1ee6xpw"},"id":"odmgmhpcv5hfh2o","previousOperationId":"wltsdeugfcvbu5s"}
{"type":"operationEnd","operationId":"wltsdeugfcvbu5s","timestamp":1719003799869,"id":"vtn5urec1sxie6x","previousEventId":"wr219qwaamo7rdk","previousOperationId":"wltsdeugfcvbu5s"}
{"type":"log","timestamp":1719003799870,"level":"debug","message":"Skipping storing report.","meta":{"rootId":"ip812bpby8qw2ng","id":"5af46uuc1ee6xpw"},"id":"nealfpjo1g8youn","previousOperationId":"wltsdeugfcvbu5s"}
{"type":"log","timestamp":1719003799870,"level":"info","message":"Rendering (child) request finished in 56 ms","meta":{"rootId":"ip812bpby8qw2ng","id":"5af46uuc1ee6xpw"},"id":"vp06do0nc3tbsmz","previousOperationId":"wltsdeugfcvbu5s"}
{"type":"operationEnd","subtype":"render","operationId":"9i6p800r910r6p3","timestamp":1719003799870,"id":"61ztx0ierfb827y","previousEventId":"vtn5urec1sxie6x","previousOperationId":"wltsdeugfcvbu5s"}
{"type":"log","timestamp":1719003799879,"level":"debug","message":"Converting with chrome Chrome/126.0.6478.61 using chrome-pool strategy","meta":{"rootId":"ip812bpby8qw2ng","id":"ip812bpby8qw2ng"},"id":"5jn8dkwp75qfl52","previousOperationId":"d1br2exiwbrljaa"}
{"type":"log","timestamp":1719003800230,"level":"debug","message":"Page request: GET (document) file:///var/folders/2x/1bhfw9mx7d775w_jmf56lcp80000gn/T/jsreport/autocleanup/ec116547-99ab-4414-a441-021699b818b0-chrome-pdf.html","meta":{"rootId":"ip812bpby8qw2ng","id":"ip812bpby8qw2ng"},"id":"mw9y9brdqqcakr8","previousOperationId":"d1br2exiwbrljaa"}
{"type":"log","timestamp":1719003800249,"level":"debug","message":"Page request: GET (stylesheet) https://cdnjs.cloudflare.com/ajax/libs/metro/4.1.5/css/metro.min.css","meta":{"rootId":"ip812bpby8qw2ng","id":"ip812bpby8qw2ng"},"id":"bu3f7oair2348v5","previousOperationId":"d1br2exiwbrljaa"}
{"type":"log","timestamp":1719003800250,"level":"debug","message":"Page request: GET (script) https://cdnjs.cloudflare.com/ajax/libs/Chart.js/2.7.2/Chart.min.js","meta":{"rootId":"ip812bpby8qw2ng","id":"ip812bpby8qw2ng"},"id":"vv23rk6fg8dghzh","previousOperationId":"d1br2exiwbrljaa"}
{"type":"log","timestamp":1719003800258,"level":"debug","message":"Page request finished: GET (stylesheet) 200 https://cdnjs.cloudflare.com/ajax/libs/metro/4.1.5/css/metro.min.css","meta":{"rootId":"ip812bpby8qw2ng","id":"ip812bpby8qw2ng"},"id":"ns1b1jhbhy7wff6","previousOperationId":"d1br2exiwbrljaa"}
{"type":"log","timestamp":1719003800258,"level":"debug","message":"Page request finished: GET (document) 200 file:///var/folders/2x/1bhfw9mx7d775w_jmf56lcp80000gn/T/jsreport/autocleanup/ec116547-99ab-4414-a441-021699b818b0-chrome-pdf.html","meta":{"rootId":"ip812bpby8qw2ng","id":"ip812bpby8qw2ng"},"id":"96n9gwt5nqkgw8f","previousOperationId":"d1br2exiwbrljaa"}
{"type":"log","timestamp":1719003800259,"level":"debug","message":"Page request finished: GET (script) 200 https://cdnjs.cloudflare.com/ajax/libs/Chart.js/2.7.2/Chart.min.js","meta":{"rootId":"ip812bpby8qw2ng","id":"ip812bpby8qw2ng"},"id":"roxfizgk65qy54v","previousOperationId":"d1br2exiwbrljaa"}
{"type":"log","timestamp":1719003800331,"level":"debug","message":"Running chrome with params {\"headerTemplate\":\"...\",\"timeout\":59944,\"margin\":{},\"printBackground\":true}","meta":{"rootId":"ip812bpby8qw2ng","id":"ip812bpby8qw2ng"},"id":"ezj30qhdwhe29x4","previousOperationId":"d1br2exiwbrljaa"}
{"type":"operationEnd","operationId":"d1br2exiwbrljaa","timestamp":1719003800551,"id":"najf32ncl9ali9f","previousEventId":"wcjvhzc0h318nfe","previousOperationId":"d1br2exiwbrljaa"}
{"type":"log","timestamp":1719003800551,"level":"debug","message":"Skipping storing report.","meta":{"rootId":"ip812bpby8qw2ng","id":"ip812bpby8qw2ng"},"id":"1bx4zterk8mtdoa","previousOperationId":"d1br2exiwbrljaa"}
{"type":"log","timestamp":1719003800551,"level":"info","message":"Rendering request 97 finished in 737 ms","meta":{"rootId":"ip812bpby8qw2ng","id":"ip812bpby8qw2ng"},"id":"omdfnn890ggl1e7","previousOperationId":"d1br2exiwbrljaa"}
{"type":"operationEnd","subtype":"render","operationId":"xhdyzq7iv0mbl8k","timestamp":1719003800551,"id":"cedqrv6uervxa01","previousEventId":"najf32ncl9ali9f","previousOperationId":"d1br2exiwbrljaa"}
{"type":"operationEnd","doDiffs":false,"previousEventId":"wc86xtba18imc0x","previousOperationId":"jmes8sdhv4s3eru","operationId":"jmes8sdhv4s3eru","timestamp":1719003800553,"id":"1walrmg10v0fju7"}
