{"type":"operationStart","subtype":"profile","data":{"_id":"zHZvHcZxwDTFS77Z","timestamp":"2024-06-21T21:04:30.405Z","state":"queued","mode":"standard","creationDate":"2024-06-21T21:04:30.409Z","modificationDate":"2024-06-21T21:04:30.409Z","shortid":"LpiIGde","$entitySet":"profiles"},"doDiffs":false,"timestamp":1719003870408,"id":"xh05eos57ant3e2","previousOperationId":null,"operationId":"qq9hh85ltiku7m5"}
{"type":"log","level":"info","message":"Render request 98 queued for execution and waiting for available worker","previousOperationId":"qq9hh85ltiku7m5","timestamp":1719003870408,"id":"i5xblbgth0yzz3r"}
{"type":"operationStart","subtype":"render","name":"anonymous","previousOperationId":"qq9hh85ltiku7m5","timestamp":1719003870419,"id":"yk0i4qiamtmjocw","previousEventId":"xh05eos57ant3e2","operationId":"4snua4a9os4bgnc"}
{"type":"log","timestamp":1719003870419,"level":"info","message":"Starting rendering request 98","meta":{"rootId":"iyzv06pygl5mnhx","id":"iyzv06pygl5mnhx"},"id":"zwihwe0eruki5ai","previousOperationId":"4snua4a9os4bgnc"}
{"type":"log","timestamp":1719003870420,"level":"info","message":"Rendering anonymous template { recipe: chrome-pdf, engine: handlebars }","meta":{"rootId":"iyzv06pygl5mnhx","id":"iyzv06pygl5mnhx"},"id":"p1s6gzv9w2b3l9c","previousOperationId":"4snua4a9os4bgnc"}
{"type":"log","timestamp":1719003870420,"level":"debug","message":"Inline data specified.","meta":{"rootId":"iyzv06pygl5mnhx","id":"iyzv06pygl5mnhx"},"id":"mgw9l75nq2yxugb","previousOperationId":"4snua4a9os4bgnc"}
{"type":"log","timestamp":1719003870420,"level":"debug","message":"Base url not specified, skipping its injection.","meta":{"rootId":"iyzv06pygl5mnhx","id":"iyzv06pygl5mnhx"},"id":"160z93m85b9vppu","previousOperationId":"4snua4a9os4bgnc"}
{"type":"operationStart","subtype":"engine","name":"handlebars","timestamp":1719003870421,"id":"8d51p9xzhqz5k8k","previousEventId":"yk0i4qiamtmjocw","operationId":"44pl97n29q9yyt3","previousOperationId":"4snua4a9os4bgnc"}
{"type":"log","timestamp":1719003870421,"level":"debug","message":"Rendering engine handlebars","meta":{"rootId":"iyzv06pygl5mnhx","id":"iyzv06pygl5mnhx"},"id":"nvrf80tg28kbfkm","previousOperationId":"44pl97n29q9yyt3"}
{"type":"operationEnd","operationId":"44pl97n29q9yyt3","timestamp":1719003870448,"id":"h85sl3mijy989dz","previousEventId":"8d51p9xzhqz5k8k","previousOperationId":"44pl97n29q9yyt3"}
{"type":"operationStart","subtype":"recipe","name":"chrome-pdf","timestamp":1719003870449,"id":"5rghk9cbacqkmia","previousEventId":"h85sl3mijy989dz","operationId":"l8h7kdeidzouoe1","previousOperationId":"44pl97n29q9yyt3"}
{"type":"log","timestamp":1719003870449,"level":"debug","message":"Executing recipe chrome-pdf","meta":{"rootId":"iyzv06pygl5mnhx","id":"iyzv06pygl5mnhx"},"id":"g81nl5y9uhxncf7","previousOperationId":"l8h7kdeidzouoe1"}
{"type":"log","timestamp":1719003870452,"level":"debug","message":"Starting child request to render pdf header","meta":{"rootId":"iyzv06pygl5mnhx","id":"iyzv06pygl5mnhx"},"id":"px9p7fdhk0sage5","previousOperationId":"l8h7kdeidzouoe1"}
{"type":"operationStart","subtype":"render","name":"anonymous","previousOperationId":"l8h7kdeidzouoe1","timestamp":1719003870452,"id":"q1wri4rhhay90su","previousEventId":"5rghk9cbacqkmia","operationId":"66v6o8iy2tb1384"}
{"type":"log","timestamp":1719003870452,"level":"info","message":"Starting rendering (child) request","meta":{"rootId":"iyzv06pygl5mnhx","id":"wcymkymq5xuu2nc"},"id":"0tf3m3hwwn6cr2h","previousOperationId":"66v6o8iy2tb1384"}
{"type":"log","timestamp":1719003870452,"level":"info","message":"Rendering anonymous template { recipe: html, engine: handlebars }","meta":{"rootId":"iyzv06pygl5mnhx","id":"wcymkymq5xuu2nc"},"id":"5g16d849mkcso3o","previousOperationId":"66v6o8iy2tb1384"}
{"type":"log","timestamp":1719003870452,"level":"debug","message":"Inline data specified.","meta":{"rootId":"iyzv06pygl5mnhx","id":"wcymkymq5xuu2nc"},"id":"8mxj3omd29av7jx","previousOperationId":"66v6o8iy2tb1384"}
{"type":"log","timestamp":1719003870453,"level":"debug","message":"Base url not specified, skipping its injection.","meta":{"rootId":"iyzv06pygl5mnhx","id":"wcymkymq5xuu2nc"},"id":"9kkjbl1zrsh8ymq","previousOperationId":"66v6o8iy2tb1384"}
{"type":"operationStart","subtype":"engine","name":"handlebars","timestamp":1719003870453,"id":"vawil96qgwau7cz","previousEventId":"q1wri4rhhay90su","operationId":"j2na4bjziea278z","previousOperationId":"66v6o8iy2tb1384"}
{"type":"log","timestamp":1719003870453,"level":"debug","message":"Rendering engine handlebars","meta":{"rootId":"iyzv06pygl5mnhx","id":"wcymkymq5xuu2nc"},"id":"f1e54fp37nu5th9","previousOperationId":"j2na4bjziea278z"}
{"type":"operationEnd","operationId":"j2na4bjziea278z","timestamp":1719003870456,"id":"si3sarjuz2b6a1y","previousEventId":"vawil96qgwau7cz","previousOperationId":"j2na4bjziea278z"}
{"type":"operationStart","subtype":"recipe","name":"html","timestamp":1719003870456,"id":"n9ivorpobrti54m","previousEventId":"si3sarjuz2b6a1y","operationId":"pth5gkusul2sejs","previousOperationId":"j2na4bjziea278z"}
{"type":"log","timestamp":1719003870456,"level":"debug","message":"Executing recipe html","meta":{"rootId":"iyzv06pygl5mnhx","id":"wcymkymq5xuu2nc"},"id":"m06c6xgl521js92","previousOperationId":"pth5gkusul2sejs"}
{"type":"operationEnd","operationId":"pth5gkusul2sejs","timestamp":1719003870456,"id":"vq7mnuliyqm5xng","previousEventId":"n9ivorpobrti54m","previousOperationId":"pth5gkusul2sejs"}
{"type":"log","timestamp":1719003870457,"level":"debug","message":"Skipping storing report.","meta":{"rootId":"iyzv06pygl5mnhx","id":"wcymkymq5xuu2nc"},"id":"lq66bf6ka6dk7yw","previousOperationId":"pth5gkusul2sejs"}
{"type":"log","timestamp":1719003870457,"level":"info","message":"Rendering (child) request finished in 59 ms","meta":{"rootId":"iyzv06pygl5mnhx","id":"wcymkymq5xuu2nc"},"id":"yemyj94debirve1","previousOperationId":"pth5gkusul2sejs"}
{"type":"operationEnd","subtype":"render","operationId":"66v6o8iy2tb1384","timestamp":1719003870457,"id":"2wcgylhyvgea8b0","previousEventId":"vq7mnuliyqm5xng","previousOperationId":"pth5gkusul2sejs"}
{"type":"log","timestamp":1719003870457,"level":"debug","message":"Starting child request to render pdf footer","meta":{"rootId":"iyzv06pygl5mnhx","id":"iyzv06pygl5mnhx"},"id":"x03eyxdz6qfgi27","previousOperationId":"l8h7kdeidzouoe1"}
{"type":"operationStart","subtype":"render","name":"anonymous","previousOperationId":"l8h7kdeidzouoe1","timestamp":1719003870457,"id":"7x1kl4cxz60vl5y","previousEventId":"5rghk9cbacqkmia","operationId":"t4yuqcd1559ffz3"}
{"type":"log","timestamp":1719003870457,"level":"info","message":"Starting rendering (child) request","meta":{"rootId":"iyzv06pygl5mnhx","id":"mmkxxvvjsl94b4t"},"id":"m9r32ka07izzri8","previousOperationId":"t4yuqcd1559ffz3"}
{"type":"log","timestamp":1719003870457,"level":"info","message":"Rendering anonymous template { recipe: html, engine: handlebars }","meta":{"rootId":"iyzv06pygl5mnhx","id":"mmkxxvvjsl94b4t"},"id":"vyhdbjkf7hyywrh","previousOperationId":"t4yuqcd1559ffz3"}
{"type":"log","timestamp":1719003870457,"level":"debug","message":"Inline data specified.","meta":{"rootId":"iyzv06pygl5mnhx","id":"mmkxxvvjsl94b4t"},"id":"23e07r45ap5k86q","previousOperationId":"t4yuqcd1559ffz3"}
{"type":"log","timestamp":1719003870457,"level":"debug","message":"Base url not specified, skipping its injection.","meta":{"rootId":"iyzv06pygl5mnhx","id":"mmkxxvvjsl94b4t"},"id":"o5aljsdtwdl2lbk","previousOperationId":"t4yuqcd1559ffz3"}
{"type":"operationStart","subtype":"engine","name":"handlebars","timestamp":1719003870457,"id":"ylsavgvzqpodrzo","previousEventId":"7x1kl4cxz60vl5y","operationId":"s41osl0mkwiwytp","previousOperationId":"t4yuqcd1559ffz3"}
{"type":"log","timestamp":1719003870457,"level":"debug","message":"Rendering engine handlebars","meta":{"rootId":"iyzv06pygl5mnhx","id":"mmkxxvvjsl94b4t"},"id":"diikkic7p6gpsd5","previousOperationId":"s41osl0mkwiwytp"}
{"type":"operationEnd","operationId":"s41osl0mkwiwytp","timestamp":1719003870472,"id":"97xzlqmbky4f0wg","previousEventId":"ylsavgvzqpodrzo","previousOperationId":"s41osl0mkwiwytp"}
{"type":"operationStart","subtype":"recipe","name":"html","timestamp":1719003870473,"id":"2gx2glpg7q673z7","previousEventId":"97xzlqmbky4f0wg","operationId":"cii3nhuwq5tug9e","previousOperationId":"s41osl0mkwiwytp"}
{"type":"log","timestamp":1719003870473,"level":"debug","message":"Executing recipe html","meta":{"rootId":"iyzv06pygl5mnhx","id":"mmkxxvvjsl94b4t"},"id":"jjxcn60x375bp6i","previousOperationId":"cii3nhuwq5tug9e"}
{"type":"operationEnd","operationId":"cii3nhuwq5tug9e","timestamp":1719003870473,"id":"7txxadg45v3ramo","previousEventId":"2gx2glpg7q673z7","previousOperationId":"cii3nhuwq5tug9e"}
{"type":"log","timestamp":1719003870473,"level":"debug","message":"Skipping storing report.","meta":{"rootId":"iyzv06pygl5mnhx","id":"mmkxxvvjsl94b4t"},"id":"oodryrifq8klwe9","previousOperationId":"cii3nhuwq5tug9e"}
{"type":"log","timestamp":1719003870473,"level":"info","message":"Rendering (child) request finished in 75 ms","meta":{"rootId":"iyzv06pygl5mnhx","id":"mmkxxvvjsl94b4t"},"id":"pztc7v0nrjk45zk","previousOperationId":"cii3nhuwq5tug9e"}
{"type":"operationEnd","subtype":"render","operationId":"t4yuqcd1559ffz3","timestamp":1719003870473,"id":"jdvvxk7j24mcetx","previousEventId":"7txxadg45v3ramo","previousOperationId":"cii3nhuwq5tug9e"}
{"type":"log","timestamp":1719003870484,"level":"debug","message":"Converting with chrome Chrome/126.0.6478.61 using chrome-pool strategy","meta":{"rootId":"iyzv06pygl5mnhx","id":"iyzv06pygl5mnhx"},"id":"4k7evxd6k3l198r","previousOperationId":"l8h7kdeidzouoe1"}
{"type":"log","timestamp":1719003870897,"level":"debug","message":"Page request: GET (document) file:///var/folders/2x/1bhfw9mx7d775w_jmf56lcp80000gn/T/jsreport/autocleanup/9a3776b7-aa43-42eb-821b-0e73d20fdb9a-chrome-pdf.html","meta":{"rootId":"iyzv06pygl5mnhx","id":"iyzv06pygl5mnhx"},"id":"b2kk9gsp96oasxh","previousOperationId":"l8h7kdeidzouoe1"}
{"type":"log","timestamp":1719003870919,"level":"debug","message":"Page request: GET (stylesheet) https://cdnjs.cloudflare.com/ajax/libs/metro/4.1.5/css/metro.min.css","meta":{"rootId":"iyzv06pygl5mnhx","id":"iyzv06pygl5mnhx"},"id":"lj3m7ygn9d11gpe","previousOperationId":"l8h7kdeidzouoe1"}
{"type":"log","timestamp":1719003870919,"level":"debug","message":"Page request: GET (script) https://cdnjs.cloudflare.com/ajax/libs/Chart.js/2.7.2/Chart.min.js","meta":{"rootId":"iyzv06pygl5mnhx","id":"iyzv06pygl5mnhx"},"id":"ixufqte38agupm2","previousOperationId":"l8h7kdeidzouoe1"}
{"type":"log","timestamp":1719003870930,"level":"debug","message":"Page request finished: GET (stylesheet) 200 https://cdnjs.cloudflare.com/ajax/libs/metro/4.1.5/css/metro.min.css","meta":{"rootId":"iyzv06pygl5mnhx","id":"iyzv06pygl5mnhx"},"id":"xhijqaspbhrqzl4","previousOperationId":"l8h7kdeidzouoe1"}
{"type":"log","timestamp":1719003870930,"level":"debug","message":"Page request finished: GET (script) 200 https://cdnjs.cloudflare.com/ajax/libs/Chart.js/2.7.2/Chart.min.js","meta":{"rootId":"iyzv06pygl5mnhx","id":"iyzv06pygl5mnhx"},"id":"7fjhalinf7jnwro","previousOperationId":"l8h7kdeidzouoe1"}
{"type":"log","timestamp":1719003870942,"level":"debug","message":"Page request finished: GET (document) 200 file:///var/folders/2x/1bhfw9mx7d775w_jmf56lcp80000gn/T/jsreport/autocleanup/9a3776b7-aa43-42eb-821b-0e73d20fdb9a-chrome-pdf.html","meta":{"rootId":"iyzv06pygl5mnhx","id":"iyzv06pygl5mnhx"},"id":"j26ca6tyhibf5ae","previousOperationId":"l8h7kdeidzouoe1"}
{"type":"log","timestamp":1719003871001,"level":"debug","message":"Running chrome with params {\"headerTemplate\":\"...\",\"footerTemplate\":\"...\",\"timeout\":59925,\"margin\":{},\"printBackground\":true}","meta":{"rootId":"iyzv06pygl5mnhx","id":"iyzv06pygl5mnhx"},"id":"uc7qg0dc7iyu5ip","previousOperationId":"l8h7kdeidzouoe1"}
{"type":"operationEnd","operationId":"l8h7kdeidzouoe1","timestamp":1719003871197,"id":"hvznk15zdcndpgp","previousEventId":"5rghk9cbacqkmia","previousOperationId":"l8h7kdeidzouoe1"}
{"type":"log","timestamp":1719003871197,"level":"debug","message":"Skipping storing report.","meta":{"rootId":"iyzv06pygl5mnhx","id":"iyzv06pygl5mnhx"},"id":"kh1dtaoii3ox1tb","previousOperationId":"l8h7kdeidzouoe1"}
{"type":"log","timestamp":1719003871197,"level":"info","message":"Rendering request 98 finished in 799 ms","meta":{"rootId":"iyzv06pygl5mnhx","id":"iyzv06pygl5mnhx"},"id":"wbzqlo492ntfvla","previousOperationId":"l8h7kdeidzouoe1"}
{"type":"operationEnd","subtype":"render","operationId":"4snua4a9os4bgnc","timestamp":1719003871197,"id":"h1m6y66hxyr0rts","previousEventId":"hvznk15zdcndpgp","previousOperationId":"l8h7kdeidzouoe1"}
{"type":"operationEnd","doDiffs":false,"previousEventId":"xh05eos57ant3e2","previousOperationId":"qq9hh85ltiku7m5","operationId":"qq9hh85ltiku7m5","timestamp":1719003871198,"id":"yzrbgtr6eiypjv7"}
