{"type":"operationStart","subtype":"profile","data":{"_id":"IGjUT1dbaZvWXz2N","timestamp":"2024-06-21T16:25:52.651Z","state":"queued","mode":"standard","creationDate":"2024-06-21T16:25:52.653Z","modificationDate":"2024-06-21T16:25:52.653Z","shortid":"iOo7_c4","$entitySet":"profiles"},"doDiffs":false,"timestamp":1718987152652,"id":"j6cpjwz1du3pd1x","previousOperationId":null,"operationId":"mldxrl37wea4y20"}
{"type":"log","level":"info","message":"Render request 10 queued for execution and waiting for available worker","previousOperationId":"mldxrl37wea4y20","timestamp":1718987152652,"id":"nb6juqvssqyixa0"}
{"type":"operationStart","subtype":"render","name":"anonymous","previousOperationId":"mldxrl37wea4y20","timestamp":1718987152671,"id":"is21yodfliaymoo","previousEventId":"j6cpjwz1du3pd1x","operationId":"hzrie8y8barr32q"}
{"type":"log","timestamp":1718987152671,"level":"info","message":"Starting rendering request 10","meta":{"rootId":"j9gwkyq3n9pmyz5","id":"j9gwkyq3n9pmyz5"},"id":"vf3y8kep1s8qgpu","previousOperationId":"hzrie8y8barr32q"}
{"type":"log","timestamp":1718987152671,"level":"info","message":"Rendering anonymous template { recipe: chrome-pdf, engine: handlebars }","meta":{"rootId":"j9gwkyq3n9pmyz5","id":"j9gwkyq3n9pmyz5"},"id":"bbjw0ew2jnws46t","previousOperationId":"hzrie8y8barr32q"}
{"type":"log","timestamp":1718987152671,"level":"debug","message":"Inline data specified.","meta":{"rootId":"j9gwkyq3n9pmyz5","id":"j9gwkyq3n9pmyz5"},"id":"vribyot4aj89lg3","previousOperationId":"hzrie8y8barr32q"}
{"type":"log","timestamp":1718987152672,"level":"debug","message":"Base url not specified, skipping its injection.","meta":{"rootId":"j9gwkyq3n9pmyz5","id":"j9gwkyq3n9pmyz5"},"id":"71bne3b3made7xo","previousOperationId":"hzrie8y8barr32q"}
{"type":"operationStart","subtype":"engine","name":"handlebars","timestamp":1718987152673,"id":"ezof7x2eyimyzhm","previousEventId":"is21yodfliaymoo","operationId":"oeklrqg65lg9dbq","previousOperationId":"hzrie8y8barr32q"}
{"type":"log","timestamp":1718987152673,"level":"debug","message":"Rendering engine handlebars","meta":{"rootId":"j9gwkyq3n9pmyz5","id":"j9gwkyq3n9pmyz5"},"id":"qv9cl942dcjbixa","previousOperationId":"oeklrqg65lg9dbq"}
{"type":"operationEnd","operationId":"oeklrqg65lg9dbq","timestamp":1718987152678,"id":"o0zzxyvvgbkuup1","previousEventId":"ezof7x2eyimyzhm","previousOperationId":"oeklrqg65lg9dbq"}
{"type":"operationStart","subtype":"recipe","name":"chrome-pdf","timestamp":1718987152678,"id":"tkc8gmq93xel4tl","previousEventId":"o0zzxyvvgbkuup1","operationId":"30sp2ncsd94jql0","previousOperationId":"oeklrqg65lg9dbq"}
{"type":"log","timestamp":1718987152678,"level":"debug","message":"Executing recipe chrome-pdf","meta":{"rootId":"j9gwkyq3n9pmyz5","id":"j9gwkyq3n9pmyz5"},"id":"dwxji1za3yt9od9","previousOperationId":"30sp2ncsd94jql0"}
{"type":"log","timestamp":1718987152681,"level":"debug","message":"Converting with chrome Chrome/126.0.6478.61 using chrome-pool strategy","meta":{"rootId":"j9gwkyq3n9pmyz5","id":"j9gwkyq3n9pmyz5"},"id":"ee3o0o5jrdinhai","previousOperationId":"30sp2ncsd94jql0"}
{"type":"log","timestamp":1718987152768,"level":"debug","message":"Page request: GET (document) file:///var/folders/2x/1bhfw9mx7d775w_jmf56lcp80000gn/T/jsreport/autocleanup/f648b39f-ad92-4946-be90-314344a197fb-chrome-pdf.html","meta":{"rootId":"j9gwkyq3n9pmyz5","id":"j9gwkyq3n9pmyz5"},"id":"7h20yj5mw9lqpm7","previousOperationId":"30sp2ncsd94jql0"}
{"type":"log","timestamp":1718987152773,"level":"debug","message":"Page request finished: GET (document) 200 file:///var/folders/2x/1bhfw9mx7d775w_jmf56lcp80000gn/T/jsreport/autocleanup/f648b39f-ad92-4946-be90-314344a197fb-chrome-pdf.html","meta":{"rootId":"j9gwkyq3n9pmyz5","id":"j9gwkyq3n9pmyz5"},"id":"wi34hzzueaiy67j","previousOperationId":"30sp2ncsd94jql0"}
{"type":"log","timestamp":1718987152774,"level":"debug","message":"Page request: GET (stylesheet) https://cdnjs.cloudflare.com/ajax/libs/metro/4.1.5/css/metro.min.css","meta":{"rootId":"j9gwkyq3n9pmyz5","id":"j9gwkyq3n9pmyz5"},"id":"d8cniotcoxhr0sf","previousOperationId":"30sp2ncsd94jql0"}
{"type":"log","timestamp":1718987152776,"level":"debug","message":"Page request: GET (script) https://cdnjs.cloudflare.com/ajax/libs/Chart.js/2.7.2/Chart.min.js","meta":{"rootId":"j9gwkyq3n9pmyz5","id":"j9gwkyq3n9pmyz5"},"id":"21vdlwddornre9c","previousOperationId":"30sp2ncsd94jql0"}
{"type":"log","timestamp":1718987152785,"level":"debug","message":"Page request finished: GET (stylesheet) 200 https://cdnjs.cloudflare.com/ajax/libs/metro/4.1.5/css/metro.min.css","meta":{"rootId":"j9gwkyq3n9pmyz5","id":"j9gwkyq3n9pmyz5"},"id":"m6o1yfi59da8y2x","previousOperationId":"30sp2ncsd94jql0"}
{"type":"log","timestamp":1718987152786,"level":"debug","message":"Page request finished: GET (script) 200 https://cdnjs.cloudflare.com/ajax/libs/Chart.js/2.7.2/Chart.min.js","meta":{"rootId":"j9gwkyq3n9pmyz5","id":"j9gwkyq3n9pmyz5"},"id":"o25isaajuagvde7","previousOperationId":"30sp2ncsd94jql0"}
{"type":"log","timestamp":1718987152791,"level":"debug","message":"Running chrome with params {\"timeout\":59970,\"margin\":{},\"printBackground\":true}","meta":{"rootId":"j9gwkyq3n9pmyz5","id":"j9gwkyq3n9pmyz5"},"id":"shlidnw2c69k1ss","previousOperationId":"30sp2ncsd94jql0"}
{"type":"operationEnd","operationId":"30sp2ncsd94jql0","timestamp":1718987152832,"id":"xe921nj4085xfvo","previousEventId":"tkc8gmq93xel4tl","previousOperationId":"30sp2ncsd94jql0"}
{"type":"log","timestamp":1718987152832,"level":"debug","message":"Skipping storing report.","meta":{"rootId":"j9gwkyq3n9pmyz5","id":"j9gwkyq3n9pmyz5"},"id":"vdtp1nibycm2srl","previousOperationId":"30sp2ncsd94jql0"}
{"type":"log","timestamp":1718987152832,"level":"info","message":"Rendering request 10 finished in 183 ms","meta":{"rootId":"j9gwkyq3n9pmyz5","id":"j9gwkyq3n9pmyz5"},"id":"8f32omu7jbldw60","previousOperationId":"30sp2ncsd94jql0"}
{"type":"operationEnd","subtype":"render","operationId":"hzrie8y8barr32q","timestamp":1718987152832,"id":"08bqc2w8w8b6360","previousEventId":"xe921nj4085xfvo","previousOperationId":"30sp2ncsd94jql0"}
{"type":"operationEnd","doDiffs":false,"previousEventId":"j6cpjwz1du3pd1x","previousOperationId":"mldxrl37wea4y20","operationId":"mldxrl37wea4y20","timestamp":1718987152833,"id":"j2lxgxp2jchw5ja"}
