{"type":"operationStart","subtype":"profile","data":{"_id":"pyX8rOJ6Yuuj1zaL","timestamp":"2024-06-22T14:39:02.455Z","state":"queued","mode":"standard","creationDate":"2024-06-22T14:39:02.458Z","modificationDate":"2024-06-22T14:39:02.458Z","shortid":"tuwKYYv","$entitySet":"profiles"},"doDiffs":false,"timestamp":1719067142457,"id":"dbx67kbhytg5omv","previousOperationId":null,"operationId":"067xobllr8o8795"}
{"type":"log","level":"info","message":"Render request 179 queued for execution and waiting for available worker","previousOperationId":"067xobllr8o8795","timestamp":1719067142457,"id":"7fq4vd812g8t4lx"}
{"type":"operationStart","subtype":"render","name":"anonymous","previousOperationId":"067xobllr8o8795","timestamp":1719067142478,"id":"4p7f98yf2qi4djg","previousEventId":"dbx67kbhytg5omv","operationId":"6nhue5ifyjqxzzr"}
{"type":"log","timestamp":1719067142479,"level":"info","message":"Starting rendering request 179","meta":{"rootId":"jea3364iwr0qzab","id":"jea3364iwr0qzab"},"id":"25ahybucpecpoq9","previousOperationId":"6nhue5ifyjqxzzr"}
{"type":"log","timestamp":1719067142480,"level":"info","message":"Rendering anonymous template { recipe: chrome-pdf, engine: handlebars }","meta":{"rootId":"jea3364iwr0qzab","id":"jea3364iwr0qzab"},"id":"cuoomvkdmmn81f6","previousOperationId":"6nhue5ifyjqxzzr"}
{"type":"log","timestamp":1719067142480,"level":"debug","message":"Inline data specified.","meta":{"rootId":"jea3364iwr0qzab","id":"jea3364iwr0qzab"},"id":"hem2tawl96lt12c","previousOperationId":"6nhue5ifyjqxzzr"}
{"type":"log","timestamp":1719067142481,"level":"debug","message":"Base url not specified, skipping its injection.","meta":{"rootId":"jea3364iwr0qzab","id":"jea3364iwr0qzab"},"id":"jvrtsntg7qpubn8","previousOperationId":"6nhue5ifyjqxzzr"}
{"type":"operationStart","subtype":"engine","name":"handlebars","timestamp":1719067142482,"id":"dwe79zsdkfmv9p6","previousEventId":"4p7f98yf2qi4djg","operationId":"3b0s9t5fifv56sq","previousOperationId":"6nhue5ifyjqxzzr"}
{"type":"log","timestamp":1719067142482,"level":"debug","message":"Rendering engine handlebars","meta":{"rootId":"jea3364iwr0qzab","id":"jea3364iwr0qzab"},"id":"oo06hn56eo57asn","previousOperationId":"3b0s9t5fifv56sq"}
{"type":"log","timestamp":1719067142509,"level":"debug","message":"(console:log) Pdf utils adding group field, value: \"France\"","meta":{"userLevel":true,"rootId":"jea3364iwr0qzab","id":"jea3364iwr0qzab"},"id":"gq30p9uq9yqxch8","previousOperationId":"3b0s9t5fifv56sq"}
{"type":"log","timestamp":1719067142510,"level":"debug","message":"(console:log) Pdf utils adding group field, value: \"Germany\"","meta":{"userLevel":true,"rootId":"jea3364iwr0qzab","id":"jea3364iwr0qzab"},"id":"87tt6zowgr3538d","previousOperationId":"3b0s9t5fifv56sq"}
{"type":"operationEnd","operationId":"3b0s9t5fifv56sq","timestamp":1719067142510,"id":"z273vmfs88czugy","previousEventId":"dwe79zsdkfmv9p6","previousOperationId":"3b0s9t5fifv56sq"}
{"type":"operationStart","subtype":"recipe","name":"chrome-pdf","timestamp":1719067142511,"id":"hcqreh5qrtn66tm","previousEventId":"z273vmfs88czugy","operationId":"68iogsz2uifcolz","previousOperationId":"3b0s9t5fifv56sq"}
{"type":"log","timestamp":1719067142511,"level":"debug","message":"Executing recipe chrome-pdf","meta":{"rootId":"jea3364iwr0qzab","id":"jea3364iwr0qzab"},"id":"l7mv42rx3wpemnb","previousOperationId":"68iogsz2uifcolz"}
{"type":"log","timestamp":1719067142530,"level":"debug","message":"Converting with chrome Chrome/126.0.6478.61 using chrome-pool strategy","meta":{"rootId":"jea3364iwr0qzab","id":"jea3364iwr0qzab"},"id":"7zcnr2ansk6vly6","previousOperationId":"68iogsz2uifcolz"}
{"type":"log","timestamp":1719067142715,"level":"debug","message":"Page request: GET (document) file:///var/folders/2x/1bhfw9mx7d775w_jmf56lcp80000gn/T/jsreport/autocleanup/7ae96b22-db78-47b1-917d-b730e70c6093-chrome-pdf.html","meta":{"rootId":"jea3364iwr0qzab","id":"jea3364iwr0qzab"},"id":"6bu12b763cposuv","previousOperationId":"68iogsz2uifcolz"}
{"type":"log","timestamp":1719067142720,"level":"debug","message":"Page request finished: GET (document) 200 file:///var/folders/2x/1bhfw9mx7d775w_jmf56lcp80000gn/T/jsreport/autocleanup/7ae96b22-db78-47b1-917d-b730e70c6093-chrome-pdf.html","meta":{"rootId":"jea3364iwr0qzab","id":"jea3364iwr0qzab"},"id":"fthss6cg5764z7n","previousOperationId":"68iogsz2uifcolz"}
{"type":"log","timestamp":1719067142720,"level":"debug","message":"Page request: GET (stylesheet) https://cdnjs.cloudflare.com/ajax/libs/metro/4.1.5/css/metro.min.css","meta":{"rootId":"jea3364iwr0qzab","id":"jea3364iwr0qzab"},"id":"e9t7r8ka94c7dgj","previousOperationId":"68iogsz2uifcolz"}
{"type":"log","timestamp":1719067142720,"level":"debug","message":"Page request: GET (script) https://cdnjs.cloudflare.com/ajax/libs/Chart.js/2.7.2/Chart.min.js","meta":{"rootId":"jea3364iwr0qzab","id":"jea3364iwr0qzab"},"id":"l6xcwnaqpbcyj4k","previousOperationId":"68iogsz2uifcolz"}
{"type":"log","timestamp":1719067142728,"level":"debug","message":"Page request finished: GET (stylesheet) 200 https://cdnjs.cloudflare.com/ajax/libs/metro/4.1.5/css/metro.min.css","meta":{"rootId":"jea3364iwr0qzab","id":"jea3364iwr0qzab"},"id":"q3divzd8plquhup","previousOperationId":"68iogsz2uifcolz"}
{"type":"log","timestamp":1719067142728,"level":"debug","message":"Page request finished: GET (script) 200 https://cdnjs.cloudflare.com/ajax/libs/Chart.js/2.7.2/Chart.min.js","meta":{"rootId":"jea3364iwr0qzab","id":"jea3364iwr0qzab"},"id":"zefonz8falhp5ks","previousOperationId":"68iogsz2uifcolz"}
{"type":"log","timestamp":1719067142769,"level":"debug","message":"Running chrome with params {\"marginTop\":\"4cm\",\"marginRight\":\"1.5cm\",\"marginLeft\":\"1.5cm\",\"marginBottom\":\"1.5cm\",\"timeout\":59934,\"margin\":{\"top\":\"4cm\",\"right\":\"1.5cm\",\"bottom\":\"1.5cm\",\"left\":\"1.5cm\"},\"printBackground\":true}","meta":{"rootId":"jea3364iwr0qzab","id":"jea3364iwr0qzab"},"id":"o7zx91gahbq3osi","previousOperationId":"68iogsz2uifcolz"}
{"type":"operationEnd","operationId":"68iogsz2uifcolz","timestamp":1719067143361,"id":"wwngoj354fv87b5","previousEventId":"hcqreh5qrtn66tm","previousOperationId":"68iogsz2uifcolz"}
{"type":"log","timestamp":1719067143362,"level":"info","message":"pdf-utils is starting pdf processing","meta":{"rootId":"jea3364iwr0qzab","id":"jea3364iwr0qzab"},"id":"oo84buhf94092dc","previousOperationId":"68iogsz2uifcolz"}
{"type":"operationStart","subtype":"pdfUtils","name":"pdf utils","timestamp":1719067143362,"id":"shhlmy6sifugd0d","previousEventId":"wwngoj354fv87b5","operationId":"ql41kzww3urzj5h","previousOperationId":"68iogsz2uifcolz"}
{"type":"log","timestamp":1719067143362,"level":"debug","message":"pdf-utils detected 1 pdf operation(s) to process","meta":{"rootId":"jea3364iwr0qzab","id":"jea3364iwr0qzab"},"id":"dvg93brb2v2cjlv","previousOperationId":"ql41kzww3urzj5h"}
{"type":"log","timestamp":1719067143381,"level":"debug","message":"pdf-utils running pdf operation merge","meta":{"rootId":"jea3364iwr0qzab","id":"jea3364iwr0qzab"},"id":"dgsflsw4pput8m0","previousOperationId":"ql41kzww3urzj5h"}
{"type":"operationStart","subtype":"pdfUtilsMerge","name":"pdf utils merge","previousOperationId":"ql41kzww3urzj5h","timestamp":1719067143381,"id":"bvaeere71dpalma","previousEventId":"shhlmy6sifugd0d","operationId":"ado3lkyzrj14ar6"}
{"type":"operationStart","subtype":"render","name":"anonymous","previousOperationId":"ado3lkyzrj14ar6","timestamp":1719067143381,"id":"lpk82cjojpohwr1","previousEventId":"bvaeere71dpalma","operationId":"ob27e24nmfnyp2x"}
{"type":"log","timestamp":1719067143381,"level":"info","message":"Starting rendering (child) request","meta":{"rootId":"jea3364iwr0qzab","id":"ccm07t0t5zuq9px"},"id":"8aa7g92c66kh222","previousOperationId":"ob27e24nmfnyp2x"}
{"type":"log","timestamp":1719067143381,"level":"info","message":"Rendering anonymous template { recipe: chrome-pdf, engine: handlebars }","meta":{"rootId":"jea3364iwr0qzab","id":"ccm07t0t5zuq9px"},"id":"2s6gzbgl7nw2fpw","previousOperationId":"ob27e24nmfnyp2x"}
{"type":"log","timestamp":1719067143381,"level":"debug","message":"Inline data specified.","meta":{"rootId":"jea3364iwr0qzab","id":"ccm07t0t5zuq9px"},"id":"lqm3zdbbtoct102","previousOperationId":"ob27e24nmfnyp2x"}
{"type":"log","timestamp":1719067143383,"level":"debug","message":"Base url not specified, skipping its injection.","meta":{"rootId":"jea3364iwr0qzab","id":"ccm07t0t5zuq9px"},"id":"ig8vxnc4skao3al","previousOperationId":"ob27e24nmfnyp2x"}
{"type":"operationStart","subtype":"engine","name":"handlebars","timestamp":1719067143383,"id":"nwyt57fpckw94lh","previousEventId":"lpk82cjojpohwr1","operationId":"i0lch5d6sdn8txp","previousOperationId":"ob27e24nmfnyp2x"}
{"type":"log","timestamp":1719067143383,"level":"debug","message":"Rendering engine handlebars","meta":{"rootId":"jea3364iwr0qzab","id":"ccm07t0t5zuq9px"},"id":"dj23v5ca5wm92eh","previousOperationId":"i0lch5d6sdn8txp"}
{"type":"operationEnd","operationId":"i0lch5d6sdn8txp","timestamp":1719067143398,"id":"mm29qnf8dr6h41z","previousEventId":"nwyt57fpckw94lh","previousOperationId":"i0lch5d6sdn8txp"}
{"type":"operationStart","subtype":"recipe","name":"chrome-pdf","timestamp":1719067143398,"id":"4totjcw0xj6tyrx","previousEventId":"mm29qnf8dr6h41z","operationId":"hqizkl6gujljntq","previousOperationId":"i0lch5d6sdn8txp"}
{"type":"log","timestamp":1719067143398,"level":"debug","message":"Executing recipe chrome-pdf","meta":{"rootId":"jea3364iwr0qzab","id":"ccm07t0t5zuq9px"},"id":"hcym0lsfb66mkm8","previousOperationId":"hqizkl6gujljntq"}
{"type":"log","timestamp":1719067143406,"level":"debug","message":"Converting with chrome Chrome/126.0.6478.61 using chrome-pool strategy","meta":{"rootId":"jea3364iwr0qzab","id":"ccm07t0t5zuq9px"},"id":"s3w8bhp5phc52cv","previousOperationId":"hqizkl6gujljntq"}
{"type":"log","timestamp":1719067143422,"level":"debug","message":"Page request: GET (document) file:///var/folders/2x/1bhfw9mx7d775w_jmf56lcp80000gn/T/jsreport/autocleanup/202f7fb8-8492-47f8-b5bc-09429970d3c2-chrome-pdf.html","meta":{"rootId":"jea3364iwr0qzab","id":"ccm07t0t5zuq9px"},"id":"x5ve6ztckydl27n","previousOperationId":"hqizkl6gujljntq"}
{"type":"log","timestamp":1719067143427,"level":"debug","message":"Page request finished: GET (document) 200 file:///var/folders/2x/1bhfw9mx7d775w_jmf56lcp80000gn/T/jsreport/autocleanup/202f7fb8-8492-47f8-b5bc-09429970d3c2-chrome-pdf.html","meta":{"rootId":"jea3364iwr0qzab","id":"ccm07t0t5zuq9px"},"id":"iucr62ri4notyyu","previousOperationId":"hqizkl6gujljntq"}
{"type":"log","timestamp":1719067143427,"level":"debug","message":"Page request: GET (stylesheet) https://cdnjs.cloudflare.com/ajax/libs/metro/4.1.5/css/metro.min.css","meta":{"rootId":"jea3364iwr0qzab","id":"ccm07t0t5zuq9px"},"id":"gyojqfmdxlti557","previousOperationId":"hqizkl6gujljntq"}
{"type":"log","timestamp":1719067143433,"level":"debug","message":"Page request finished: GET (stylesheet) 200 https://cdnjs.cloudflare.com/ajax/libs/metro/4.1.5/css/metro.min.css","meta":{"rootId":"jea3364iwr0qzab","id":"ccm07t0t5zuq9px"},"id":"7446yqtk92mp921","previousOperationId":"hqizkl6gujljntq"}
{"type":"log","timestamp":1719067143462,"level":"debug","message":"Running chrome with params {\"timeout\":59049,\"margin\":{},\"printBackground\":true}","meta":{"rootId":"jea3364iwr0qzab","id":"ccm07t0t5zuq9px"},"id":"sxzsqryep0kmuxl","previousOperationId":"hqizkl6gujljntq"}
{"type":"operationEnd","operationId":"hqizkl6gujljntq","timestamp":1719067143603,"id":"aqzz9hcqfxncdcg","previousEventId":"4totjcw0xj6tyrx","previousOperationId":"hqizkl6gujljntq"}
{"type":"log","timestamp":1719067143603,"level":"debug","message":"Skipping storing report.","meta":{"rootId":"jea3364iwr0qzab","id":"ccm07t0t5zuq9px"},"id":"6n25sa0dspixbn0","previousOperationId":"hqizkl6gujljntq"}
{"type":"log","timestamp":1719067143603,"level":"info","message":"Rendering (child) request finished in 1149 ms","meta":{"rootId":"jea3364iwr0qzab","id":"ccm07t0t5zuq9px"},"id":"zyx9yu0ql3nkhro","previousOperationId":"hqizkl6gujljntq"}
{"type":"operationEnd","subtype":"render","operationId":"ob27e24nmfnyp2x","timestamp":1719067143603,"id":"8rd5bxpo8nlsych","previousEventId":"aqzz9hcqfxncdcg","previousOperationId":"hqizkl6gujljntq"}
{"type":"operationEnd","operationId":"ado3lkyzrj14ar6","timestamp":1719067143629,"id":"zn2n9ychm5itk2t","previousEventId":"bvaeere71dpalma","previousOperationId":"ado3lkyzrj14ar6"}
{"type":"log","timestamp":1719067143629,"level":"debug","message":"pdf-utils postprocess start","meta":{"rootId":"jea3364iwr0qzab","id":"jea3364iwr0qzab"},"id":"xzfhi8iyu3qlr3c","previousOperationId":"ado3lkyzrj14ar6"}
{"type":"log","timestamp":1719067143658,"level":"debug","message":"pdf-utils postprocess end","meta":{"rootId":"jea3364iwr0qzab","id":"jea3364iwr0qzab"},"id":"11sdhql3wgvyd8r","previousOperationId":"ado3lkyzrj14ar6"}
{"type":"operationEnd","operationId":"ql41kzww3urzj5h","timestamp":1719067143658,"id":"kvfs9xm9wcdij19","previousEventId":"zn2n9ychm5itk2t","previousOperationId":"ado3lkyzrj14ar6"}
{"type":"log","timestamp":1719067143658,"level":"info","message":"pdf-utils pdf processing was finished","meta":{"rootId":"jea3364iwr0qzab","id":"jea3364iwr0qzab"},"id":"8m2hobilze432mu","previousOperationId":"ql41kzww3urzj5h"}
{"type":"log","timestamp":1719067143658,"level":"debug","message":"Skipping storing report.","meta":{"rootId":"jea3364iwr0qzab","id":"jea3364iwr0qzab"},"id":"iq0d2nva4d6nef6","previousOperationId":"ql41kzww3urzj5h"}
{"type":"log","timestamp":1719067143658,"level":"info","message":"Rendering request 179 finished in 1204 ms","meta":{"rootId":"jea3364iwr0qzab","id":"jea3364iwr0qzab"},"id":"8dtpe8gj7sovh6d","previousOperationId":"ql41kzww3urzj5h"}
{"type":"operationEnd","subtype":"render","operationId":"6nhue5ifyjqxzzr","timestamp":1719067143658,"id":"nqbbmwo8gvrj399","previousEventId":"kvfs9xm9wcdij19","previousOperationId":"ql41kzww3urzj5h"}
{"type":"operationEnd","doDiffs":false,"previousEventId":"dbx67kbhytg5omv","previousOperationId":"067xobllr8o8795","operationId":"067xobllr8o8795","timestamp":1719067143659,"id":"a5zfcrlgoadh1j9"}
