{"type":"operationStart","subtype":"profile","data":{"_id":"aWzT88X011dIVeEF","timestamp":"2024-06-21T19:56:35.237Z","state":"queued","mode":"standard","creationDate":"2024-06-21T19:56:35.239Z","modificationDate":"2024-06-21T19:56:35.239Z","shortid":"8bI80Y_","$entitySet":"profiles"},"doDiffs":false,"timestamp":1718999795238,"id":"fk9pluj6j577ioy","previousOperationId":null,"operationId":"ifn8zsei4hzd5b2"}
{"type":"log","level":"info","message":"Render request 64 queued for execution and waiting for available worker","previousOperationId":"ifn8zsei4hzd5b2","timestamp":1718999795238,"id":"6awzm5ao3x4547c"}
{"type":"operationStart","subtype":"render","name":"anonymous","previousOperationId":"ifn8zsei4hzd5b2","timestamp":1718999795244,"id":"zdwi2mo31wxidka","previousEventId":"fk9pluj6j577ioy","operationId":"1mfawu7tjc7v51j"}
{"type":"log","timestamp":1718999795244,"level":"info","message":"Starting rendering request 64","meta":{"rootId":"jmalzyptyg43rz1","id":"jmalzyptyg43rz1"},"id":"oyww83wb4c6qxnr","previousOperationId":"1mfawu7tjc7v51j"}
{"type":"log","timestamp":1718999795244,"level":"info","message":"Rendering anonymous template { recipe: chrome-pdf, engine: handlebars }","meta":{"rootId":"jmalzyptyg43rz1","id":"jmalzyptyg43rz1"},"id":"ypo2ryk5vexn005","previousOperationId":"1mfawu7tjc7v51j"}
{"type":"log","timestamp":1718999795244,"level":"debug","message":"Inline data specified.","meta":{"rootId":"jmalzyptyg43rz1","id":"jmalzyptyg43rz1"},"id":"7g37nw99qdyfty2","previousOperationId":"1mfawu7tjc7v51j"}
{"type":"log","timestamp":1718999795247,"level":"debug","message":"Base url not specified, skipping its injection.","meta":{"rootId":"jmalzyptyg43rz1","id":"jmalzyptyg43rz1"},"id":"6fq3gftkjoqgq6h","previousOperationId":"1mfawu7tjc7v51j"}
{"type":"operationStart","subtype":"engine","name":"handlebars","timestamp":1718999795248,"id":"j36njrgfluqyj1s","previousEventId":"zdwi2mo31wxidka","operationId":"tdhhjql9ebc2tjt","previousOperationId":"1mfawu7tjc7v51j"}
{"type":"log","timestamp":1718999795248,"level":"debug","message":"Rendering engine handlebars","meta":{"rootId":"jmalzyptyg43rz1","id":"jmalzyptyg43rz1"},"id":"mvpxpyn7s2x6jzv","previousOperationId":"tdhhjql9ebc2tjt"}
{"type":"operationEnd","operationId":"tdhhjql9ebc2tjt","timestamp":1718999795261,"id":"yofc18mdrs8nmq1","previousEventId":"j36njrgfluqyj1s","previousOperationId":"tdhhjql9ebc2tjt"}
{"type":"operationStart","subtype":"recipe","name":"chrome-pdf","timestamp":1718999795261,"id":"qltw8uen2zy5oq0","previousEventId":"yofc18mdrs8nmq1","operationId":"54w693ww2mgoxzc","previousOperationId":"tdhhjql9ebc2tjt"}
{"type":"log","timestamp":1718999795261,"level":"debug","message":"Executing recipe chrome-pdf","meta":{"rootId":"jmalzyptyg43rz1","id":"jmalzyptyg43rz1"},"id":"xf3i14ljhuokc6p","previousOperationId":"54w693ww2mgoxzc"}
{"type":"log","timestamp":1718999795267,"level":"debug","message":"Converting with chrome Chrome/126.0.6478.61 using chrome-pool strategy","meta":{"rootId":"jmalzyptyg43rz1","id":"jmalzyptyg43rz1"},"id":"mi3783uwkibi81g","previousOperationId":"54w693ww2mgoxzc"}
{"type":"log","timestamp":1718999795350,"level":"debug","message":"Page request: GET (document) file:///var/folders/2x/1bhfw9mx7d775w_jmf56lcp80000gn/T/jsreport/autocleanup/8f7951ac-444d-46c0-a3c6-e7644959f101-chrome-pdf.html","meta":{"rootId":"jmalzyptyg43rz1","id":"jmalzyptyg43rz1"},"id":"9q1jj3mf5jdkmh0","previousOperationId":"54w693ww2mgoxzc"}
{"type":"log","timestamp":1718999795354,"level":"debug","message":"Page request finished: GET (document) 200 file:///var/folders/2x/1bhfw9mx7d775w_jmf56lcp80000gn/T/jsreport/autocleanup/8f7951ac-444d-46c0-a3c6-e7644959f101-chrome-pdf.html","meta":{"rootId":"jmalzyptyg43rz1","id":"jmalzyptyg43rz1"},"id":"up1xwd7fw6g7ssi","previousOperationId":"54w693ww2mgoxzc"}
{"type":"log","timestamp":1718999795355,"level":"debug","message":"Page request: GET (stylesheet) https://cdnjs.cloudflare.com/ajax/libs/metro/4.1.5/css/metro.min.css","meta":{"rootId":"jmalzyptyg43rz1","id":"jmalzyptyg43rz1"},"id":"n12tv79gce8lflg","previousOperationId":"54w693ww2mgoxzc"}
{"type":"log","timestamp":1718999795356,"level":"debug","message":"Page request: GET (script) https://cdnjs.cloudflare.com/ajax/libs/Chart.js/2.7.2/Chart.min.js","meta":{"rootId":"jmalzyptyg43rz1","id":"jmalzyptyg43rz1"},"id":"y7j48p9gnng7zna","previousOperationId":"54w693ww2mgoxzc"}
{"type":"log","timestamp":1718999795364,"level":"debug","message":"Page request finished: GET (stylesheet) 200 https://cdnjs.cloudflare.com/ajax/libs/metro/4.1.5/css/metro.min.css","meta":{"rootId":"jmalzyptyg43rz1","id":"jmalzyptyg43rz1"},"id":"0yanl6alifyubgq","previousOperationId":"54w693ww2mgoxzc"}
{"type":"log","timestamp":1718999795364,"level":"debug","message":"Page request finished: GET (script) 200 https://cdnjs.cloudflare.com/ajax/libs/Chart.js/2.7.2/Chart.min.js","meta":{"rootId":"jmalzyptyg43rz1","id":"jmalzyptyg43rz1"},"id":"2gd18fupsoyxb5l","previousOperationId":"54w693ww2mgoxzc"}
{"type":"log","timestamp":1718999795369,"level":"debug","message":"Running chrome with params {\"timeout\":59972,\"margin\":{},\"printBackground\":true}","meta":{"rootId":"jmalzyptyg43rz1","id":"jmalzyptyg43rz1"},"id":"helsw6sud9f4mkk","previousOperationId":"54w693ww2mgoxzc"}
{"type":"operationEnd","operationId":"54w693ww2mgoxzc","timestamp":1718999795411,"id":"kihstp7jc6i7ods","previousEventId":"qltw8uen2zy5oq0","previousOperationId":"54w693ww2mgoxzc"}
{"type":"log","timestamp":1718999795411,"level":"debug","message":"Skipping storing report.","meta":{"rootId":"jmalzyptyg43rz1","id":"jmalzyptyg43rz1"},"id":"9xomvsp7rfrbtxr","previousOperationId":"54w693ww2mgoxzc"}
{"type":"log","timestamp":1718999795411,"level":"info","message":"Rendering request 64 finished in 176 ms","meta":{"rootId":"jmalzyptyg43rz1","id":"jmalzyptyg43rz1"},"id":"vbz24ln94laam5g","previousOperationId":"54w693ww2mgoxzc"}
{"type":"operationEnd","subtype":"render","operationId":"1mfawu7tjc7v51j","timestamp":1718999795411,"id":"k2a86tvv2k90xua","previousEventId":"kihstp7jc6i7ods","previousOperationId":"54w693ww2mgoxzc"}
{"type":"operationEnd","doDiffs":false,"previousEventId":"fk9pluj6j577ioy","previousOperationId":"ifn8zsei4hzd5b2","operationId":"ifn8zsei4hzd5b2","timestamp":1718999795412,"id":"xded5126xat7aig"}
