{"type":"operationStart","subtype":"profile","data":{"_id":"0RXXNN6WtrqTKBnQ","timestamp":"2024-06-22T02:13:09.706Z","state":"queued","mode":"standard","creationDate":"2024-06-22T02:13:09.707Z","modificationDate":"2024-06-22T02:13:09.707Z","shortid":"jEh22E8","$entitySet":"profiles"},"doDiffs":false,"timestamp":1719022389706,"id":"30g1jgir0xtjue1","previousOperationId":null,"operationId":"pmthoknonogq3g0"}
{"type":"log","level":"info","message":"Render request 175 queued for execution and waiting for available worker","previousOperationId":"pmthoknonogq3g0","timestamp":1719022389707,"id":"mdfb0c7rtly5w4r"}
{"type":"operationStart","subtype":"render","name":"anonymous","previousOperationId":"pmthoknonogq3g0","timestamp":1719022389714,"id":"3el91qo68nmh5d9","previousEventId":"30g1jgir0xtjue1","operationId":"f6eufwr4nqspi70"}
{"type":"log","timestamp":1719022389715,"level":"info","message":"Starting rendering request 175","meta":{"rootId":"jyi847abayegzmt","id":"jyi847abayegzmt"},"id":"zryv2hka9u7hd4u","previousOperationId":"f6eufwr4nqspi70"}
{"type":"log","timestamp":1719022389715,"level":"info","message":"Rendering anonymous template { recipe: chrome-pdf, engine: handlebars }","meta":{"rootId":"jyi847abayegzmt","id":"jyi847abayegzmt"},"id":"w2fh5411vxfmmxc","previousOperationId":"f6eufwr4nqspi70"}
{"type":"log","timestamp":1719022389715,"level":"debug","message":"Inline data specified.","meta":{"rootId":"jyi847abayegzmt","id":"jyi847abayegzmt"},"id":"nzgch67opvza9ek","previousOperationId":"f6eufwr4nqspi70"}
{"type":"log","timestamp":1719022389721,"level":"debug","message":"Base url not specified, skipping its injection.","meta":{"rootId":"jyi847abayegzmt","id":"jyi847abayegzmt"},"id":"zlh4vv3x2pr0oo0","previousOperationId":"f6eufwr4nqspi70"}
{"type":"operationStart","subtype":"engine","name":"handlebars","timestamp":1719022389721,"id":"ci5ixk94zvq2aj3","previousEventId":"3el91qo68nmh5d9","operationId":"mqdtf26x2i3e8in","previousOperationId":"f6eufwr4nqspi70"}
{"type":"log","timestamp":1719022389721,"level":"debug","message":"Rendering engine handlebars","meta":{"rootId":"jyi847abayegzmt","id":"jyi847abayegzmt"},"id":"unqy1po79vovwk8","previousOperationId":"mqdtf26x2i3e8in"}
{"type":"log","timestamp":1719022389735,"level":"debug","message":"(console:log) Pdf utils adding group field, value: \"France\"","meta":{"userLevel":true,"rootId":"jyi847abayegzmt","id":"jyi847abayegzmt"},"id":"pypz8nl14gt7xkn","previousOperationId":"mqdtf26x2i3e8in"}
{"type":"log","timestamp":1719022389736,"level":"debug","message":"(console:log) Pdf utils adding group field, value: \"Germany\"","meta":{"userLevel":true,"rootId":"jyi847abayegzmt","id":"jyi847abayegzmt"},"id":"7zgcr4emppera8v","previousOperationId":"mqdtf26x2i3e8in"}
{"type":"operationEnd","operationId":"mqdtf26x2i3e8in","timestamp":1719022389737,"id":"exn69a25isvalzw","previousEventId":"ci5ixk94zvq2aj3","previousOperationId":"mqdtf26x2i3e8in"}
{"type":"operationStart","subtype":"recipe","name":"chrome-pdf","timestamp":1719022389738,"id":"lxxcpsl4el5qa9y","previousEventId":"exn69a25isvalzw","operationId":"zmvokeccnrfah5k","previousOperationId":"mqdtf26x2i3e8in"}
{"type":"log","timestamp":1719022389738,"level":"debug","message":"Executing recipe chrome-pdf","meta":{"rootId":"jyi847abayegzmt","id":"jyi847abayegzmt"},"id":"i0z3v8nz1d2abaj","previousOperationId":"zmvokeccnrfah5k"}
{"type":"log","timestamp":1719022389746,"level":"debug","message":"Converting with chrome Chrome/126.0.6478.61 using chrome-pool strategy","meta":{"rootId":"jyi847abayegzmt","id":"jyi847abayegzmt"},"id":"iyhj58wii8j6626","previousOperationId":"zmvokeccnrfah5k"}
{"type":"log","timestamp":1719022389997,"level":"debug","message":"Page request: GET (document) file:///var/folders/2x/1bhfw9mx7d775w_jmf56lcp80000gn/T/jsreport/autocleanup/9a85f4c8-0341-4bd1-a53f-0a7defc3a70e-chrome-pdf.html","meta":{"rootId":"jyi847abayegzmt","id":"jyi847abayegzmt"},"id":"vdrdeayy8migh3z","previousOperationId":"zmvokeccnrfah5k"}
{"type":"log","timestamp":1719022390015,"level":"debug","message":"Page request finished: GET (document) 200 file:///var/folders/2x/1bhfw9mx7d775w_jmf56lcp80000gn/T/jsreport/autocleanup/9a85f4c8-0341-4bd1-a53f-0a7defc3a70e-chrome-pdf.html","meta":{"rootId":"jyi847abayegzmt","id":"jyi847abayegzmt"},"id":"bvwol6v8pkr3p7c","previousOperationId":"zmvokeccnrfah5k"}
{"type":"log","timestamp":1719022390016,"level":"debug","message":"Page request: GET (stylesheet) https://cdnjs.cloudflare.com/ajax/libs/metro/4.1.5/css/metro.min.css","meta":{"rootId":"jyi847abayegzmt","id":"jyi847abayegzmt"},"id":"e1ngk26imfz9jgf","previousOperationId":"zmvokeccnrfah5k"}
{"type":"log","timestamp":1719022390017,"level":"debug","message":"Page request: GET (script) https://cdnjs.cloudflare.com/ajax/libs/Chart.js/2.7.2/Chart.min.js","meta":{"rootId":"jyi847abayegzmt","id":"jyi847abayegzmt"},"id":"nwsbmntifgur52u","previousOperationId":"zmvokeccnrfah5k"}
{"type":"log","timestamp":1719022390027,"level":"debug","message":"Page request finished: GET (stylesheet) 200 https://cdnjs.cloudflare.com/ajax/libs/metro/4.1.5/css/metro.min.css","meta":{"rootId":"jyi847abayegzmt","id":"jyi847abayegzmt"},"id":"2t3ijjjselv7isz","previousOperationId":"zmvokeccnrfah5k"}
{"type":"log","timestamp":1719022390027,"level":"debug","message":"Page request finished: GET (script) 200 https://cdnjs.cloudflare.com/ajax/libs/Chart.js/2.7.2/Chart.min.js","meta":{"rootId":"jyi847abayegzmt","id":"jyi847abayegzmt"},"id":"95oq5qk1i93y5sq","previousOperationId":"zmvokeccnrfah5k"}
{"type":"log","timestamp":1719022390093,"level":"debug","message":"Running chrome with params {\"marginTop\":\"4cm\",\"marginRight\":\"1.5cm\",\"marginLeft\":\"1.5cm\",\"marginBottom\":\"1.5cm\",\"timeout\":59961,\"margin\":{\"top\":\"4cm\",\"right\":\"1.5cm\",\"bottom\":\"1.5cm\",\"left\":\"1.5cm\"},\"printBackground\":true}","meta":{"rootId":"jyi847abayegzmt","id":"jyi847abayegzmt"},"id":"rg4mkvgx77oj89m","previousOperationId":"zmvokeccnrfah5k"}
{"type":"operationEnd","operationId":"zmvokeccnrfah5k","timestamp":1719022390256,"id":"636lfs2txjkjwb4","previousEventId":"lxxcpsl4el5qa9y","previousOperationId":"zmvokeccnrfah5k"}
{"type":"log","timestamp":1719022390256,"level":"info","message":"pdf-utils is starting pdf processing","meta":{"rootId":"jyi847abayegzmt","id":"jyi847abayegzmt"},"id":"ejgezwv31w4to23","previousOperationId":"zmvokeccnrfah5k"}
{"type":"operationStart","subtype":"pdfUtils","name":"pdf utils","timestamp":1719022390257,"id":"3l34qoki6jsi4si","previousEventId":"636lfs2txjkjwb4","operationId":"gm3vl80311nqi3w","previousOperationId":"zmvokeccnrfah5k"}
{"type":"log","timestamp":1719022390257,"level":"debug","message":"pdf-utils detected 1 pdf operation(s) to process","meta":{"rootId":"jyi847abayegzmt","id":"jyi847abayegzmt"},"id":"t0mldppverz9qrb","previousOperationId":"gm3vl80311nqi3w"}
{"type":"log","timestamp":1719022390270,"level":"debug","message":"pdf-utils running pdf operation merge","meta":{"rootId":"jyi847abayegzmt","id":"jyi847abayegzmt"},"id":"u5i51ttsj1u6pw9","previousOperationId":"gm3vl80311nqi3w"}
{"type":"operationStart","subtype":"pdfUtilsMerge","name":"pdf utils merge","previousOperationId":"gm3vl80311nqi3w","timestamp":1719022390270,"id":"z1oftzu1khubnpc","previousEventId":"3l34qoki6jsi4si","operationId":"gehh9w7nu72qi84"}
{"type":"operationStart","subtype":"render","name":"anonymous","previousOperationId":"gehh9w7nu72qi84","timestamp":1719022390270,"id":"elg2uxxxej6shf7","previousEventId":"z1oftzu1khubnpc","operationId":"dxnwhk06qyteu1n"}
{"type":"log","timestamp":1719022390270,"level":"info","message":"Starting rendering (child) request","meta":{"rootId":"jyi847abayegzmt","id":"zenhbnkg4zxf760"},"id":"ad9z5i7uzxdv03p","previousOperationId":"dxnwhk06qyteu1n"}
{"type":"log","timestamp":1719022390270,"level":"info","message":"Rendering anonymous template { recipe: chrome-pdf, engine: handlebars }","meta":{"rootId":"jyi847abayegzmt","id":"zenhbnkg4zxf760"},"id":"s3cxwacl5r6rck4","previousOperationId":"dxnwhk06qyteu1n"}
{"type":"log","timestamp":1719022390270,"level":"debug","message":"Inline data specified.","meta":{"rootId":"jyi847abayegzmt","id":"zenhbnkg4zxf760"},"id":"zsqe814gj5dq11o","previousOperationId":"dxnwhk06qyteu1n"}
{"type":"log","timestamp":1719022390271,"level":"debug","message":"Base url not specified, skipping its injection.","meta":{"rootId":"jyi847abayegzmt","id":"zenhbnkg4zxf760"},"id":"jt9ij4dj4mpejjs","previousOperationId":"dxnwhk06qyteu1n"}
{"type":"operationStart","subtype":"engine","name":"handlebars","timestamp":1719022390271,"id":"2mrcy6qgmxhmxo2","previousEventId":"elg2uxxxej6shf7","operationId":"b57gcyqnlpnbsln","previousOperationId":"dxnwhk06qyteu1n"}
{"type":"log","timestamp":1719022390271,"level":"debug","message":"Rendering engine handlebars","meta":{"rootId":"jyi847abayegzmt","id":"zenhbnkg4zxf760"},"id":"8l7hdmnxho27pnc","previousOperationId":"b57gcyqnlpnbsln"}
{"type":"operationEnd","operationId":"b57gcyqnlpnbsln","timestamp":1719022390277,"id":"pmz80z3ee30x0a0","previousEventId":"2mrcy6qgmxhmxo2","previousOperationId":"b57gcyqnlpnbsln"}
{"type":"operationStart","subtype":"recipe","name":"chrome-pdf","timestamp":1719022390277,"id":"7q5xxwoc2172nph","previousEventId":"pmz80z3ee30x0a0","operationId":"f4xgz0d0io1g58u","previousOperationId":"b57gcyqnlpnbsln"}
{"type":"log","timestamp":1719022390277,"level":"debug","message":"Executing recipe chrome-pdf","meta":{"rootId":"jyi847abayegzmt","id":"zenhbnkg4zxf760"},"id":"nyv65s62iuo4rmh","previousOperationId":"f4xgz0d0io1g58u"}
{"type":"log","timestamp":1719022390278,"level":"debug","message":"Converting with chrome Chrome/126.0.6478.61 using chrome-pool strategy","meta":{"rootId":"jyi847abayegzmt","id":"zenhbnkg4zxf760"},"id":"pglsky1mxyq0j7c","previousOperationId":"f4xgz0d0io1g58u"}
{"type":"log","timestamp":1719022390294,"level":"debug","message":"Page request: GET (document) file:///var/folders/2x/1bhfw9mx7d775w_jmf56lcp80000gn/T/jsreport/autocleanup/99d28ed3-eb83-4650-8017-232955a3e879-chrome-pdf.html","meta":{"rootId":"jyi847abayegzmt","id":"zenhbnkg4zxf760"},"id":"ntyxix1xw1fd3f5","previousOperationId":"f4xgz0d0io1g58u"}
{"type":"log","timestamp":1719022390300,"level":"debug","message":"Page request finished: GET (document) 200 file:///var/folders/2x/1bhfw9mx7d775w_jmf56lcp80000gn/T/jsreport/autocleanup/99d28ed3-eb83-4650-8017-232955a3e879-chrome-pdf.html","meta":{"rootId":"jyi847abayegzmt","id":"zenhbnkg4zxf760"},"id":"9tdb0smy8n6nojs","previousOperationId":"f4xgz0d0io1g58u"}
{"type":"log","timestamp":1719022390300,"level":"debug","message":"Page request: GET (stylesheet) https://cdnjs.cloudflare.com/ajax/libs/metro/4.1.5/css/metro.min.css","meta":{"rootId":"jyi847abayegzmt","id":"zenhbnkg4zxf760"},"id":"78hnova1gff0fat","previousOperationId":"f4xgz0d0io1g58u"}
{"type":"log","timestamp":1719022390307,"level":"debug","message":"Page request finished: GET (stylesheet) 200 https://cdnjs.cloudflare.com/ajax/libs/metro/4.1.5/css/metro.min.css","meta":{"rootId":"jyi847abayegzmt","id":"zenhbnkg4zxf760"},"id":"05sdcs8fllj8th1","previousOperationId":"f4xgz0d0io1g58u"}
{"type":"log","timestamp":1719022390335,"level":"debug","message":"Running chrome with params {\"timeout\":59422,\"margin\":{},\"printBackground\":true}","meta":{"rootId":"jyi847abayegzmt","id":"zenhbnkg4zxf760"},"id":"wqzpdv4n05b3hpo","previousOperationId":"f4xgz0d0io1g58u"}
{"type":"operationEnd","operationId":"f4xgz0d0io1g58u","timestamp":1719022390453,"id":"ieo80pek7dvx7im","previousEventId":"7q5xxwoc2172nph","previousOperationId":"f4xgz0d0io1g58u"}
{"type":"log","timestamp":1719022390453,"level":"debug","message":"Skipping storing report.","meta":{"rootId":"jyi847abayegzmt","id":"zenhbnkg4zxf760"},"id":"084i4dp5gl3g0yn","previousOperationId":"f4xgz0d0io1g58u"}
{"type":"log","timestamp":1719022390453,"level":"info","message":"Rendering (child) request finished in 753 ms","meta":{"rootId":"jyi847abayegzmt","id":"zenhbnkg4zxf760"},"id":"9vcjgg3tvpo0knr","previousOperationId":"f4xgz0d0io1g58u"}
{"type":"operationEnd","subtype":"render","operationId":"dxnwhk06qyteu1n","timestamp":1719022390453,"id":"19wx34cv14geoxg","previousEventId":"ieo80pek7dvx7im","previousOperationId":"f4xgz0d0io1g58u"}
{"type":"operationEnd","operationId":"gehh9w7nu72qi84","timestamp":1719022390483,"id":"t447quphmh7jg1p","previousEventId":"z1oftzu1khubnpc","previousOperationId":"gehh9w7nu72qi84"}
{"type":"log","timestamp":1719022390483,"level":"debug","message":"pdf-utils postprocess start","meta":{"rootId":"jyi847abayegzmt","id":"jyi847abayegzmt"},"id":"jwo0tm5qw1oh6n9","previousOperationId":"gehh9w7nu72qi84"}
{"type":"log","timestamp":1719022390515,"level":"debug","message":"pdf-utils postprocess end","meta":{"rootId":"jyi847abayegzmt","id":"jyi847abayegzmt"},"id":"mun1harwowsop0d","previousOperationId":"gehh9w7nu72qi84"}
{"type":"operationEnd","operationId":"gm3vl80311nqi3w","timestamp":1719022390515,"id":"hatztzmnjsguuzj","previousEventId":"t447quphmh7jg1p","previousOperationId":"gehh9w7nu72qi84"}
{"type":"log","timestamp":1719022390516,"level":"info","message":"pdf-utils pdf processing was finished","meta":{"rootId":"jyi847abayegzmt","id":"jyi847abayegzmt"},"id":"2kql7eao6iq1zu8","previousOperationId":"gm3vl80311nqi3w"}
{"type":"log","timestamp":1719022390516,"level":"debug","message":"Skipping storing report.","meta":{"rootId":"jyi847abayegzmt","id":"jyi847abayegzmt"},"id":"ez6d4xz6v7q0gcm","previousOperationId":"gm3vl80311nqi3w"}
{"type":"log","timestamp":1719022390516,"level":"info","message":"Rendering request 175 finished in 816 ms","meta":{"rootId":"jyi847abayegzmt","id":"jyi847abayegzmt"},"id":"dfdnfxeakb6tiv9","previousOperationId":"gm3vl80311nqi3w"}
{"type":"operationEnd","subtype":"render","operationId":"f6eufwr4nqspi70","timestamp":1719022390516,"id":"bxxrucu01k9285d","previousEventId":"hatztzmnjsguuzj","previousOperationId":"gm3vl80311nqi3w"}
{"type":"operationEnd","doDiffs":false,"previousEventId":"30g1jgir0xtjue1","previousOperationId":"pmthoknonogq3g0","operationId":"pmthoknonogq3g0","timestamp":1719022390516,"id":"30kh1otswb5gmzq"}
