{"type":"operationStart","subtype":"profile","data":{"_id":"MpJTyOpBiGvoauAs","timestamp":"2024-06-24T15:23:30.089Z","state":"queued","mode":"standard","creationDate":"2024-06-24T15:23:30.092Z","modificationDate":"2024-06-24T15:23:30.092Z","shortid":"VYJuxWf","$entitySet":"profiles"},"doDiffs":false,"timestamp":1719242610090,"id":"yi8w9av96wqkm4l","previousOperationId":null,"operationId":"66exnj0ofyugagu"}
{"type":"log","level":"info","message":"Render request 9 queued for execution and waiting for available worker","previousOperationId":"66exnj0ofyugagu","timestamp":1719242610090,"id":"7esgewvlr1sd8xi"}
{"type":"operationStart","subtype":"render","name":"anonymous","previousOperationId":"66exnj0ofyugagu","timestamp":1719242610097,"id":"2v6fxyqse70ewk1","previousEventId":"yi8w9av96wqkm4l","operationId":"l4cmgrwbxboam17"}
{"type":"log","timestamp":1719242610097,"level":"info","message":"Starting rendering request 9","meta":{"rootId":"k62q9rx1q13pr2e","id":"k62q9rx1q13pr2e"},"id":"e0fz9gjbx9korh9","previousOperationId":"l4cmgrwbxboam17"}
{"type":"log","timestamp":1719242610098,"level":"info","message":"Rendering anonymous template { recipe: chrome-pdf, engine: handlebars }","meta":{"rootId":"k62q9rx1q13pr2e","id":"k62q9rx1q13pr2e"},"id":"r15e7wv5iciwho0","previousOperationId":"l4cmgrwbxboam17"}
{"type":"log","timestamp":1719242610098,"level":"debug","message":"Inline data specified.","meta":{"rootId":"k62q9rx1q13pr2e","id":"k62q9rx1q13pr2e"},"id":"tnevajo4d2dg188","previousOperationId":"l4cmgrwbxboam17"}
{"type":"log","timestamp":1719242610098,"level":"debug","message":"Base url not specified, skipping its injection.","meta":{"rootId":"k62q9rx1q13pr2e","id":"k62q9rx1q13pr2e"},"id":"rwqimsc2du0agqe","previousOperationId":"l4cmgrwbxboam17"}
{"type":"operationStart","subtype":"engine","name":"handlebars","timestamp":1719242610101,"id":"hxqpibsd15mhyua","previousEventId":"2v6fxyqse70ewk1","operationId":"qacceqobgchrpdt","previousOperationId":"l4cmgrwbxboam17"}
{"type":"log","timestamp":1719242610101,"level":"debug","message":"Rendering engine handlebars","meta":{"rootId":"k62q9rx1q13pr2e","id":"k62q9rx1q13pr2e"},"id":"bpandfy945ifg4g","previousOperationId":"qacceqobgchrpdt"}
{"type":"operationEnd","operationId":"qacceqobgchrpdt","timestamp":1719242610116,"id":"ntszy19s7xwhf7e","previousEventId":"hxqpibsd15mhyua","previousOperationId":"qacceqobgchrpdt"}
{"type":"operationStart","subtype":"recipe","name":"chrome-pdf","timestamp":1719242610116,"id":"vvf9a3qsv7cp0xg","previousEventId":"ntszy19s7xwhf7e","operationId":"cvukprskuzen1fa","previousOperationId":"qacceqobgchrpdt"}
{"type":"log","timestamp":1719242610117,"level":"debug","message":"Executing recipe chrome-pdf","meta":{"rootId":"k62q9rx1q13pr2e","id":"k62q9rx1q13pr2e"},"id":"2e5jo4felf2v54p","previousOperationId":"cvukprskuzen1fa"}
{"type":"log","timestamp":1719242610132,"level":"debug","message":"Converting with chrome Chrome/126.0.6478.61 using chrome-pool strategy","meta":{"rootId":"k62q9rx1q13pr2e","id":"k62q9rx1q13pr2e"},"id":"xuisvrc35rgc4s0","previousOperationId":"cvukprskuzen1fa"}
{"type":"log","timestamp":1719242610440,"level":"debug","message":"Page request: GET (document) file:///var/folders/2x/1bhfw9mx7d775w_jmf56lcp80000gn/T/jsreport/autocleanup/135dd70d-6779-4afd-84d7-4d3dc54c92ce-chrome-pdf.html","meta":{"rootId":"k62q9rx1q13pr2e","id":"k62q9rx1q13pr2e"},"id":"rxjb7xgt2i8ftzs","previousOperationId":"cvukprskuzen1fa"}
{"type":"log","timestamp":1719242610458,"level":"debug","message":"Page request finished: GET (document) 200 file:///var/folders/2x/1bhfw9mx7d775w_jmf56lcp80000gn/T/jsreport/autocleanup/135dd70d-6779-4afd-84d7-4d3dc54c92ce-chrome-pdf.html","meta":{"rootId":"k62q9rx1q13pr2e","id":"k62q9rx1q13pr2e"},"id":"q9otxv3mrca30ru","previousOperationId":"cvukprskuzen1fa"}
{"type":"log","timestamp":1719242610460,"level":"debug","message":"Page request: GET (stylesheet) https://cdnjs.cloudflare.com/ajax/libs/metro/4.1.5/css/metro.min.css","meta":{"rootId":"k62q9rx1q13pr2e","id":"k62q9rx1q13pr2e"},"id":"iad51byblmhconq","previousOperationId":"cvukprskuzen1fa"}
{"type":"log","timestamp":1719242610461,"level":"debug","message":"Page request: GET (script) https://cdnjs.cloudflare.com/ajax/libs/Chart.js/2.7.2/Chart.min.js","meta":{"rootId":"k62q9rx1q13pr2e","id":"k62q9rx1q13pr2e"},"id":"ijyqs4cju3wlr9t","previousOperationId":"cvukprskuzen1fa"}
{"type":"log","timestamp":1719242610471,"level":"debug","message":"Page request finished: GET (stylesheet) 200 https://cdnjs.cloudflare.com/ajax/libs/metro/4.1.5/css/metro.min.css","meta":{"rootId":"k62q9rx1q13pr2e","id":"k62q9rx1q13pr2e"},"id":"hjcrqqcz29kecvm","previousOperationId":"cvukprskuzen1fa"}
{"type":"log","timestamp":1719242610471,"level":"debug","message":"Page request finished: GET (script) 200 https://cdnjs.cloudflare.com/ajax/libs/Chart.js/2.7.2/Chart.min.js","meta":{"rootId":"k62q9rx1q13pr2e","id":"k62q9rx1q13pr2e"},"id":"vt59ldmo9knjbz1","previousOperationId":"cvukprskuzen1fa"}
{"type":"log","timestamp":1719242610522,"level":"debug","message":"Running chrome with params {\"marginTop\":\"4cm\",\"marginRight\":\"1.5cm\",\"marginLeft\":\"1.5cm\",\"marginBottom\":\"1.5cm\",\"timeout\":59961,\"margin\":{\"top\":\"4cm\",\"right\":\"1.5cm\",\"bottom\":\"1.5cm\",\"left\":\"1.5cm\"},\"printBackground\":true}","meta":{"rootId":"k62q9rx1q13pr2e","id":"k62q9rx1q13pr2e"},"id":"9uucpe9psrwiunq","previousOperationId":"cvukprskuzen1fa"}
{"type":"operationEnd","operationId":"cvukprskuzen1fa","timestamp":1719242610675,"id":"0sh79iepi92v2ch","previousEventId":"vvf9a3qsv7cp0xg","previousOperationId":"cvukprskuzen1fa"}
{"type":"log","timestamp":1719242610675,"level":"info","message":"pdf-utils is starting pdf processing","meta":{"rootId":"k62q9rx1q13pr2e","id":"k62q9rx1q13pr2e"},"id":"6wkblk8u9ia52gm","previousOperationId":"cvukprskuzen1fa"}
{"type":"operationStart","subtype":"pdfUtils","name":"pdf utils","timestamp":1719242610676,"id":"03py01blzjwdqkc","previousEventId":"0sh79iepi92v2ch","operationId":"dfads525cf82siy","previousOperationId":"cvukprskuzen1fa"}
{"type":"log","timestamp":1719242610676,"level":"debug","message":"pdf-utils detected 1 pdf operation(s) to process","meta":{"rootId":"k62q9rx1q13pr2e","id":"k62q9rx1q13pr2e"},"id":"zweqchpgfi7rvl3","previousOperationId":"dfads525cf82siy"}
{"type":"log","timestamp":1719242610681,"level":"debug","message":"pdf-utils running pdf operation undefined","meta":{"rootId":"k62q9rx1q13pr2e","id":"k62q9rx1q13pr2e"},"id":"xxwqal3w08b0yr8","previousOperationId":"dfads525cf82siy"}
{"type":"log","timestamp":1719242610681,"level":"debug","message":"pdf-utils postprocess start","meta":{"rootId":"k62q9rx1q13pr2e","id":"k62q9rx1q13pr2e"},"id":"u0v8dau153xxuwq","previousOperationId":"dfads525cf82siy"}
{"type":"log","timestamp":1719242610685,"level":"debug","message":"pdf-utils postprocess end","meta":{"rootId":"k62q9rx1q13pr2e","id":"k62q9rx1q13pr2e"},"id":"qqzarec3hsqijg1","previousOperationId":"dfads525cf82siy"}
{"type":"operationEnd","operationId":"dfads525cf82siy","timestamp":1719242610685,"id":"a7bsqo6f2ppsn6f","previousEventId":"03py01blzjwdqkc","previousOperationId":"dfads525cf82siy"}
{"type":"log","timestamp":1719242610686,"level":"info","message":"pdf-utils pdf processing was finished","meta":{"rootId":"k62q9rx1q13pr2e","id":"k62q9rx1q13pr2e"},"id":"yrk5wugs06p7qve","previousOperationId":"dfads525cf82siy"}
{"type":"log","timestamp":1719242610686,"level":"debug","message":"Skipping storing report.","meta":{"rootId":"k62q9rx1q13pr2e","id":"k62q9rx1q13pr2e"},"id":"1lfrplfs63tkcjs","previousOperationId":"dfads525cf82siy"}
{"type":"log","timestamp":1719242610686,"level":"info","message":"Rendering request 9 finished in 604 ms","meta":{"rootId":"k62q9rx1q13pr2e","id":"k62q9rx1q13pr2e"},"id":"6z1rzcofxdg7wt4","previousOperationId":"dfads525cf82siy"}
{"type":"operationEnd","subtype":"render","operationId":"l4cmgrwbxboam17","timestamp":1719242610686,"id":"g9b0qrtwcxd3ufn","previousEventId":"a7bsqo6f2ppsn6f","previousOperationId":"dfads525cf82siy"}
{"type":"operationEnd","doDiffs":false,"previousEventId":"yi8w9av96wqkm4l","previousOperationId":"66exnj0ofyugagu","operationId":"66exnj0ofyugagu","timestamp":1719242610688,"id":"xv4a2z538za98dt"}
