{"type":"operationStart","subtype":"profile","data":{"_id":"6MZFqrNujO3nKKvu","timestamp":"2024-06-21T22:41:14.563Z","state":"queued","mode":"standard","creationDate":"2024-06-21T22:41:14.565Z","modificationDate":"2024-06-21T22:41:14.565Z","shortid":"dTepRWB","$entitySet":"profiles"},"doDiffs":false,"timestamp":1719009674564,"id":"azk0ft0njs4bkad","previousOperationId":null,"operationId":"8eto9tzkofz6fgv"}
{"type":"log","level":"info","message":"Render request 157 queued for execution and waiting for available worker","previousOperationId":"8eto9tzkofz6fgv","timestamp":1719009674564,"id":"m2s9iro4m6irwgv"}
{"type":"operationStart","subtype":"render","name":"anonymous","previousOperationId":"8eto9tzkofz6fgv","timestamp":1719009674570,"id":"h64qt5obg3shb9v","previousEventId":"azk0ft0njs4bkad","operationId":"uaztcisk0v1i88f"}
{"type":"log","timestamp":1719009674571,"level":"info","message":"Starting rendering request 157","meta":{"rootId":"kebhx43cmoua0a0","id":"kebhx43cmoua0a0"},"id":"otk6he8dj719brn","previousOperationId":"uaztcisk0v1i88f"}
{"type":"log","timestamp":1719009674571,"level":"info","message":"Rendering anonymous template { recipe: chrome-pdf, engine: handlebars }","meta":{"rootId":"kebhx43cmoua0a0","id":"kebhx43cmoua0a0"},"id":"bait7xxwmvp6xov","previousOperationId":"uaztcisk0v1i88f"}
{"type":"log","timestamp":1719009674571,"level":"debug","message":"Inline data specified.","meta":{"rootId":"kebhx43cmoua0a0","id":"kebhx43cmoua0a0"},"id":"tnc0na2tv7sg793","previousOperationId":"uaztcisk0v1i88f"}
{"type":"log","timestamp":1719009674572,"level":"debug","message":"Base url not specified, skipping its injection.","meta":{"rootId":"kebhx43cmoua0a0","id":"kebhx43cmoua0a0"},"id":"8bfa7cxh3qd9p87","previousOperationId":"uaztcisk0v1i88f"}
{"type":"operationStart","subtype":"engine","name":"handlebars","timestamp":1719009674572,"id":"a1e6f23dulm1eer","previousEventId":"h64qt5obg3shb9v","operationId":"nv6hoydgtj4rutv","previousOperationId":"uaztcisk0v1i88f"}
{"type":"log","timestamp":1719009674572,"level":"debug","message":"Rendering engine handlebars","meta":{"rootId":"kebhx43cmoua0a0","id":"kebhx43cmoua0a0"},"id":"vvxz1t6f1gc4brb","previousOperationId":"nv6hoydgtj4rutv"}
{"type":"log","timestamp":1719009674586,"level":"debug","message":"(console:log) Pdf utils adding group field, value: \"France\"","meta":{"userLevel":true,"rootId":"kebhx43cmoua0a0","id":"kebhx43cmoua0a0"},"id":"dnjnnkee88xjl4p","previousOperationId":"nv6hoydgtj4rutv"}
{"type":"log","timestamp":1719009674588,"level":"debug","message":"(console:log) Pdf utils adding group field, value: \"Germany\"","meta":{"userLevel":true,"rootId":"kebhx43cmoua0a0","id":"kebhx43cmoua0a0"},"id":"h2ki54zenbdzajq","previousOperationId":"nv6hoydgtj4rutv"}
{"type":"operationEnd","operationId":"nv6hoydgtj4rutv","timestamp":1719009674588,"id":"vlm2qplksozwjes","previousEventId":"a1e6f23dulm1eer","previousOperationId":"nv6hoydgtj4rutv"}
{"type":"operationStart","subtype":"recipe","name":"chrome-pdf","timestamp":1719009674590,"id":"qrzjsuisjbatxam","previousEventId":"vlm2qplksozwjes","operationId":"hjdvah1ilk532r2","previousOperationId":"nv6hoydgtj4rutv"}
{"type":"log","timestamp":1719009674590,"level":"debug","message":"Executing recipe chrome-pdf","meta":{"rootId":"kebhx43cmoua0a0","id":"kebhx43cmoua0a0"},"id":"xc49bwhj0n9qhcy","previousOperationId":"hjdvah1ilk532r2"}
{"type":"log","timestamp":1719009674598,"level":"debug","message":"Converting with chrome Chrome/126.0.6478.61 using chrome-pool strategy","meta":{"rootId":"kebhx43cmoua0a0","id":"kebhx43cmoua0a0"},"id":"fzbbrtbuntfs9tm","previousOperationId":"hjdvah1ilk532r2"}
{"type":"log","timestamp":1719009674698,"level":"debug","message":"Page request: GET (document) file:///var/folders/2x/1bhfw9mx7d775w_jmf56lcp80000gn/T/jsreport/autocleanup/a5051a19-a98d-4a4f-b5c3-282733daf868-chrome-pdf.html","meta":{"rootId":"kebhx43cmoua0a0","id":"kebhx43cmoua0a0"},"id":"1lpv7bckmajos8n","previousOperationId":"hjdvah1ilk532r2"}
{"type":"log","timestamp":1719009674702,"level":"debug","message":"Page request finished: GET (document) 200 file:///var/folders/2x/1bhfw9mx7d775w_jmf56lcp80000gn/T/jsreport/autocleanup/a5051a19-a98d-4a4f-b5c3-282733daf868-chrome-pdf.html","meta":{"rootId":"kebhx43cmoua0a0","id":"kebhx43cmoua0a0"},"id":"la4zvvireqqgtz7","previousOperationId":"hjdvah1ilk532r2"}
{"type":"log","timestamp":1719009674702,"level":"debug","message":"Page request: GET (stylesheet) https://cdnjs.cloudflare.com/ajax/libs/metro/4.1.5/css/metro.min.css","meta":{"rootId":"kebhx43cmoua0a0","id":"kebhx43cmoua0a0"},"id":"vu3nr8azwebh875","previousOperationId":"hjdvah1ilk532r2"}
{"type":"log","timestamp":1719009674702,"level":"debug","message":"Page request: GET (script) https://cdnjs.cloudflare.com/ajax/libs/Chart.js/2.7.2/Chart.min.js","meta":{"rootId":"kebhx43cmoua0a0","id":"kebhx43cmoua0a0"},"id":"qsm7hr7npd6glfx","previousOperationId":"hjdvah1ilk532r2"}
{"type":"log","timestamp":1719009674710,"level":"debug","message":"Page request finished: GET (stylesheet) 200 https://cdnjs.cloudflare.com/ajax/libs/metro/4.1.5/css/metro.min.css","meta":{"rootId":"kebhx43cmoua0a0","id":"kebhx43cmoua0a0"},"id":"8r2xosgz8jnz6gn","previousOperationId":"hjdvah1ilk532r2"}
{"type":"log","timestamp":1719009674710,"level":"debug","message":"Page request finished: GET (script) 200 https://cdnjs.cloudflare.com/ajax/libs/Chart.js/2.7.2/Chart.min.js","meta":{"rootId":"kebhx43cmoua0a0","id":"kebhx43cmoua0a0"},"id":"tn95mxkqelegvay","previousOperationId":"hjdvah1ilk532r2"}
{"type":"log","timestamp":1719009674746,"level":"debug","message":"Running chrome with params {\"marginTop\":\"2cm\",\"marginRight\":\"1.5cm\",\"marginLeft\":\"1.5cm\",\"marginBottom\":\"1.5cm\",\"timeout\":59968,\"margin\":{\"top\":\"2cm\",\"right\":\"1.5cm\",\"bottom\":\"1.5cm\",\"left\":\"1.5cm\"},\"printBackground\":true}","meta":{"rootId":"kebhx43cmoua0a0","id":"kebhx43cmoua0a0"},"id":"hqmkxqxslyqvcfd","previousOperationId":"hjdvah1ilk532r2"}
{"type":"operationEnd","operationId":"hjdvah1ilk532r2","timestamp":1719009674911,"id":"a3fmf1nerzlgojw","previousEventId":"qrzjsuisjbatxam","previousOperationId":"hjdvah1ilk532r2"}
{"type":"log","timestamp":1719009674911,"level":"info","message":"pdf-utils is starting pdf processing","meta":{"rootId":"kebhx43cmoua0a0","id":"kebhx43cmoua0a0"},"id":"yi30mcis0oqq1a4","previousOperationId":"hjdvah1ilk532r2"}
{"type":"operationStart","subtype":"pdfUtils","name":"pdf utils","timestamp":1719009674911,"id":"hoo97mdj6hmi2hd","previousEventId":"a3fmf1nerzlgojw","operationId":"wh15ikpm1s4n4ln","previousOperationId":"hjdvah1ilk532r2"}
{"type":"log","timestamp":1719009674911,"level":"debug","message":"pdf-utils detected 1 pdf operation(s) to process","meta":{"rootId":"kebhx43cmoua0a0","id":"kebhx43cmoua0a0"},"id":"vh09q4xekncdbtg","previousOperationId":"wh15ikpm1s4n4ln"}
{"type":"log","timestamp":1719009674921,"level":"debug","message":"pdf-utils running pdf operation merge","meta":{"rootId":"kebhx43cmoua0a0","id":"kebhx43cmoua0a0"},"id":"sxd2u0keou65kyy","previousOperationId":"wh15ikpm1s4n4ln"}
{"type":"operationStart","subtype":"pdfUtilsMerge","name":"pdf utils merge","previousOperationId":"wh15ikpm1s4n4ln","timestamp":1719009674921,"id":"8qah4plvs943vg1","previousEventId":"hoo97mdj6hmi2hd","operationId":"m5rvliu2vcvzi0i"}
{"type":"operationStart","subtype":"render","name":"anonymous","previousOperationId":"m5rvliu2vcvzi0i","timestamp":1719009674922,"id":"dvkzfhtmplsbhcn","previousEventId":"8qah4plvs943vg1","operationId":"w6kdyoni43gmzdf"}
{"type":"log","timestamp":1719009674922,"level":"info","message":"Starting rendering (child) request","meta":{"rootId":"kebhx43cmoua0a0","id":"9kpdf9ru4m6dddv"},"id":"p2njoh4v5p3mslj","previousOperationId":"w6kdyoni43gmzdf"}
{"type":"log","timestamp":1719009674922,"level":"info","message":"Rendering anonymous template { recipe: chrome-pdf, engine: handlebars }","meta":{"rootId":"kebhx43cmoua0a0","id":"9kpdf9ru4m6dddv"},"id":"ifn753h0m9x8t1k","previousOperationId":"w6kdyoni43gmzdf"}
{"type":"log","timestamp":1719009674922,"level":"debug","message":"Inline data specified.","meta":{"rootId":"kebhx43cmoua0a0","id":"9kpdf9ru4m6dddv"},"id":"p0svch2xkjkwxnn","previousOperationId":"w6kdyoni43gmzdf"}
{"type":"log","timestamp":1719009674922,"level":"debug","message":"Base url not specified, skipping its injection.","meta":{"rootId":"kebhx43cmoua0a0","id":"9kpdf9ru4m6dddv"},"id":"lldyu92ahwjvtbe","previousOperationId":"w6kdyoni43gmzdf"}
{"type":"operationStart","subtype":"engine","name":"handlebars","timestamp":1719009674922,"id":"i7ll7pkh9y6k09u","previousEventId":"dvkzfhtmplsbhcn","operationId":"jzxcaxdtdj5pt2q","previousOperationId":"w6kdyoni43gmzdf"}
{"type":"log","timestamp":1719009674922,"level":"debug","message":"Rendering engine handlebars","meta":{"rootId":"kebhx43cmoua0a0","id":"9kpdf9ru4m6dddv"},"id":"i6z6qtmjc9yp580","previousOperationId":"jzxcaxdtdj5pt2q"}
{"type":"operationEnd","operationId":"jzxcaxdtdj5pt2q","timestamp":1719009674925,"id":"kfihn0vtgg8hwhg","previousEventId":"i7ll7pkh9y6k09u","previousOperationId":"jzxcaxdtdj5pt2q"}
{"type":"operationStart","subtype":"recipe","name":"chrome-pdf","timestamp":1719009674925,"id":"6k6rlkkv9cx9rmj","previousEventId":"kfihn0vtgg8hwhg","operationId":"rg320qn7szuvwwk","previousOperationId":"jzxcaxdtdj5pt2q"}
{"type":"log","timestamp":1719009674925,"level":"debug","message":"Executing recipe chrome-pdf","meta":{"rootId":"kebhx43cmoua0a0","id":"9kpdf9ru4m6dddv"},"id":"oxfukp05dnk4e4x","previousOperationId":"rg320qn7szuvwwk"}
{"type":"log","timestamp":1719009674926,"level":"debug","message":"Converting with chrome Chrome/126.0.6478.61 using chrome-pool strategy","meta":{"rootId":"kebhx43cmoua0a0","id":"9kpdf9ru4m6dddv"},"id":"4wyr92d85dx1mhk","previousOperationId":"rg320qn7szuvwwk"}
{"type":"log","timestamp":1719009674984,"level":"debug","message":"Page request: GET (document) file:///var/folders/2x/1bhfw9mx7d775w_jmf56lcp80000gn/T/jsreport/autocleanup/da8ad605-de9d-4502-ac6e-7d02bcc7c560-chrome-pdf.html","meta":{"rootId":"kebhx43cmoua0a0","id":"9kpdf9ru4m6dddv"},"id":"07hxtznzu86kdp4","previousOperationId":"rg320qn7szuvwwk"}
{"type":"log","timestamp":1719009674989,"level":"debug","message":"Page request finished: GET (document) 200 file:///var/folders/2x/1bhfw9mx7d775w_jmf56lcp80000gn/T/jsreport/autocleanup/da8ad605-de9d-4502-ac6e-7d02bcc7c560-chrome-pdf.html","meta":{"rootId":"kebhx43cmoua0a0","id":"9kpdf9ru4m6dddv"},"id":"w0kmbmm93bg6xhz","previousOperationId":"rg320qn7szuvwwk"}
{"type":"log","timestamp":1719009674989,"level":"debug","message":"Page request: GET (stylesheet) https://cdnjs.cloudflare.com/ajax/libs/metro/4.1.5/css/metro.min.css","meta":{"rootId":"kebhx43cmoua0a0","id":"9kpdf9ru4m6dddv"},"id":"j09bildbwstcyde","previousOperationId":"rg320qn7szuvwwk"}
{"type":"log","timestamp":1719009674995,"level":"debug","message":"Page request finished: GET (stylesheet) 200 https://cdnjs.cloudflare.com/ajax/libs/metro/4.1.5/css/metro.min.css","meta":{"rootId":"kebhx43cmoua0a0","id":"9kpdf9ru4m6dddv"},"id":"qc9vvfjp4fuh6f4","previousOperationId":"rg320qn7szuvwwk"}
{"type":"log","timestamp":1719009675014,"level":"debug","message":"Running chrome with params {\"timeout\":59636,\"margin\":{},\"printBackground\":true}","meta":{"rootId":"kebhx43cmoua0a0","id":"9kpdf9ru4m6dddv"},"id":"y5npx60rdv7ff5u","previousOperationId":"rg320qn7szuvwwk"}
{"type":"operationEnd","operationId":"rg320qn7szuvwwk","timestamp":1719009675115,"id":"b1wohjf8w5s0hoo","previousEventId":"6k6rlkkv9cx9rmj","previousOperationId":"rg320qn7szuvwwk"}
{"type":"log","timestamp":1719009675115,"level":"debug","message":"Skipping storing report.","meta":{"rootId":"kebhx43cmoua0a0","id":"9kpdf9ru4m6dddv"},"id":"ztvwnq3vauydmyx","previousOperationId":"rg320qn7szuvwwk"}
{"type":"log","timestamp":1719009675115,"level":"info","message":"Rendering (child) request finished in 553 ms","meta":{"rootId":"kebhx43cmoua0a0","id":"9kpdf9ru4m6dddv"},"id":"r2nzeorbdqzjpcr","previousOperationId":"rg320qn7szuvwwk"}
{"type":"operationEnd","subtype":"render","operationId":"w6kdyoni43gmzdf","timestamp":1719009675115,"id":"o4dwlq0dm53ue5c","previousEventId":"b1wohjf8w5s0hoo","previousOperationId":"rg320qn7szuvwwk"}
{"type":"operationEnd","operationId":"m5rvliu2vcvzi0i","timestamp":1719009675138,"id":"13yun27rlawwe3h","previousEventId":"8qah4plvs943vg1","previousOperationId":"m5rvliu2vcvzi0i"}
{"type":"log","timestamp":1719009675138,"level":"debug","message":"pdf-utils postprocess start","meta":{"rootId":"kebhx43cmoua0a0","id":"kebhx43cmoua0a0"},"id":"v142astyulw5i7z","previousOperationId":"m5rvliu2vcvzi0i"}
{"type":"log","timestamp":1719009675172,"level":"debug","message":"pdf-utils postprocess end","meta":{"rootId":"kebhx43cmoua0a0","id":"kebhx43cmoua0a0"},"id":"y9bqnxh86uvxmr4","previousOperationId":"m5rvliu2vcvzi0i"}
{"type":"operationEnd","operationId":"wh15ikpm1s4n4ln","timestamp":1719009675172,"id":"nm4gl2gta51ckhh","previousEventId":"13yun27rlawwe3h","previousOperationId":"m5rvliu2vcvzi0i"}
{"type":"log","timestamp":1719009675203,"level":"info","message":"pdf-utils pdf processing was finished","meta":{"rootId":"kebhx43cmoua0a0","id":"kebhx43cmoua0a0"},"id":"x08div6ofbqusq7","previousOperationId":"wh15ikpm1s4n4ln"}
{"type":"log","timestamp":1719009675204,"level":"debug","message":"Skipping storing report.","meta":{"rootId":"kebhx43cmoua0a0","id":"kebhx43cmoua0a0"},"id":"tokf6jxsmbunh9a","previousOperationId":"wh15ikpm1s4n4ln"}
{"type":"log","timestamp":1719009675204,"level":"info","message":"Rendering request 157 finished in 642 ms","meta":{"rootId":"kebhx43cmoua0a0","id":"kebhx43cmoua0a0"},"id":"iyj8ianlelr8s31","previousOperationId":"wh15ikpm1s4n4ln"}
{"type":"operationEnd","subtype":"render","operationId":"uaztcisk0v1i88f","timestamp":1719009675204,"id":"pb0kgpsqdbykpu9","previousEventId":"nm4gl2gta51ckhh","previousOperationId":"wh15ikpm1s4n4ln"}
{"type":"operationEnd","doDiffs":false,"previousEventId":"azk0ft0njs4bkad","previousOperationId":"8eto9tzkofz6fgv","operationId":"8eto9tzkofz6fgv","timestamp":1719009675227,"id":"ufv0l2z74wdvbgj"}
