{"type":"operationStart","subtype":"profile","data":{"_id":"So3racIfyzNtMhRB","timestamp":"2024-06-21T20:00:58.505Z","state":"queued","mode":"standard","creationDate":"2024-06-21T20:00:58.507Z","modificationDate":"2024-06-21T20:00:58.507Z","shortid":"qQ5CDsc","$entitySet":"profiles"},"doDiffs":false,"timestamp":1719000058506,"id":"bgbjs5s5uzxjbip","previousOperationId":null,"operationId":"rl34v4po33oc8g3"}
{"type":"log","level":"info","message":"Render request 76 queued for execution and waiting for available worker","previousOperationId":"rl34v4po33oc8g3","timestamp":1719000058506,"id":"hsdlyt33omov5nl"}
{"type":"operationStart","subtype":"render","name":"anonymous","previousOperationId":"rl34v4po33oc8g3","timestamp":1719000058512,"id":"cov62re23zszohi","previousEventId":"bgbjs5s5uzxjbip","operationId":"9775hdygoo108cr"}
{"type":"log","timestamp":1719000058512,"level":"info","message":"Starting rendering request 76","meta":{"rootId":"kj3ge7pb6k4d71y","id":"kj3ge7pb6k4d71y"},"id":"gjg8av7bs2vm2vo","previousOperationId":"9775hdygoo108cr"}
{"type":"log","timestamp":1719000058513,"level":"info","message":"Rendering anonymous template { recipe: chrome-pdf, engine: handlebars }","meta":{"rootId":"kj3ge7pb6k4d71y","id":"kj3ge7pb6k4d71y"},"id":"vgj52g8eqboriu5","previousOperationId":"9775hdygoo108cr"}
{"type":"log","timestamp":1719000058513,"level":"debug","message":"Inline data specified.","meta":{"rootId":"kj3ge7pb6k4d71y","id":"kj3ge7pb6k4d71y"},"id":"54mc7feunlha6ms","previousOperationId":"9775hdygoo108cr"}
{"type":"log","timestamp":1719000058513,"level":"debug","message":"Base url not specified, skipping its injection.","meta":{"rootId":"kj3ge7pb6k4d71y","id":"kj3ge7pb6k4d71y"},"id":"xhpysjfa2gfggxz","previousOperationId":"9775hdygoo108cr"}
{"type":"operationStart","subtype":"engine","name":"handlebars","timestamp":1719000058514,"id":"t0s7zrujnry1ld1","previousEventId":"cov62re23zszohi","operationId":"xpqe886trbptof6","previousOperationId":"9775hdygoo108cr"}
{"type":"log","timestamp":1719000058514,"level":"debug","message":"Rendering engine handlebars","meta":{"rootId":"kj3ge7pb6k4d71y","id":"kj3ge7pb6k4d71y"},"id":"ncratwirvg4jnp1","previousOperationId":"xpqe886trbptof6"}
{"type":"operationEnd","operationId":"xpqe886trbptof6","timestamp":1719000058534,"id":"ipr2f02f4bevn7o","previousEventId":"t0s7zrujnry1ld1","previousOperationId":"xpqe886trbptof6"}
{"type":"operationStart","subtype":"recipe","name":"chrome-pdf","timestamp":1719000058534,"id":"2nxti9khio56amf","previousEventId":"ipr2f02f4bevn7o","operationId":"v1m9vikd7ymbdcd","previousOperationId":"xpqe886trbptof6"}
{"type":"log","timestamp":1719000058534,"level":"debug","message":"Executing recipe chrome-pdf","meta":{"rootId":"kj3ge7pb6k4d71y","id":"kj3ge7pb6k4d71y"},"id":"k4ap0tjb29gyf1d","previousOperationId":"v1m9vikd7ymbdcd"}
{"type":"log","timestamp":1719000058542,"level":"debug","message":"Converting with chrome Chrome/126.0.6478.61 using chrome-pool strategy","meta":{"rootId":"kj3ge7pb6k4d71y","id":"kj3ge7pb6k4d71y"},"id":"8d77avrby58zw8e","previousOperationId":"v1m9vikd7ymbdcd"}
{"type":"log","timestamp":1719000058625,"level":"debug","message":"Page request: GET (document) file:///var/folders/2x/1bhfw9mx7d775w_jmf56lcp80000gn/T/jsreport/autocleanup/5880c626-08d5-441c-9d89-672810261e1f-chrome-pdf.html","meta":{"rootId":"kj3ge7pb6k4d71y","id":"kj3ge7pb6k4d71y"},"id":"0kk96ihini2hzul","previousOperationId":"v1m9vikd7ymbdcd"}
{"type":"log","timestamp":1719000058629,"level":"debug","message":"Page request finished: GET (document) 200 file:///var/folders/2x/1bhfw9mx7d775w_jmf56lcp80000gn/T/jsreport/autocleanup/5880c626-08d5-441c-9d89-672810261e1f-chrome-pdf.html","meta":{"rootId":"kj3ge7pb6k4d71y","id":"kj3ge7pb6k4d71y"},"id":"bac2fh5r8ro2pxf","previousOperationId":"v1m9vikd7ymbdcd"}
{"type":"log","timestamp":1719000058629,"level":"debug","message":"Page request: GET (stylesheet) https://cdnjs.cloudflare.com/ajax/libs/metro/4.1.5/css/metro.min.css","meta":{"rootId":"kj3ge7pb6k4d71y","id":"kj3ge7pb6k4d71y"},"id":"u2hnr4ptgib1p7e","previousOperationId":"v1m9vikd7ymbdcd"}
{"type":"log","timestamp":1719000058630,"level":"debug","message":"Page request: GET (script) https://cdnjs.cloudflare.com/ajax/libs/Chart.js/2.7.2/Chart.min.js","meta":{"rootId":"kj3ge7pb6k4d71y","id":"kj3ge7pb6k4d71y"},"id":"1j3edkfqsy49sds","previousOperationId":"v1m9vikd7ymbdcd"}
{"type":"log","timestamp":1719000058637,"level":"debug","message":"Page request finished: GET (stylesheet) 200 https://cdnjs.cloudflare.com/ajax/libs/metro/4.1.5/css/metro.min.css","meta":{"rootId":"kj3ge7pb6k4d71y","id":"kj3ge7pb6k4d71y"},"id":"dblszr7c7q0z0g8","previousOperationId":"v1m9vikd7ymbdcd"}
{"type":"log","timestamp":1719000058637,"level":"debug","message":"Page request finished: GET (script) 200 https://cdnjs.cloudflare.com/ajax/libs/Chart.js/2.7.2/Chart.min.js","meta":{"rootId":"kj3ge7pb6k4d71y","id":"kj3ge7pb6k4d71y"},"id":"f8wxpubydhg85bq","previousOperationId":"v1m9vikd7ymbdcd"}
{"type":"log","timestamp":1719000058658,"level":"debug","message":"Running chrome with params {\"timeout\":59967,\"margin\":{},\"printBackground\":true}","meta":{"rootId":"kj3ge7pb6k4d71y","id":"kj3ge7pb6k4d71y"},"id":"iis6dhh5jbq48k3","previousOperationId":"v1m9vikd7ymbdcd"}
{"type":"operationEnd","operationId":"v1m9vikd7ymbdcd","timestamp":1719000058764,"id":"kg3bpecoo0kpjhc","previousEventId":"2nxti9khio56amf","previousOperationId":"v1m9vikd7ymbdcd"}
{"type":"log","timestamp":1719000058764,"level":"debug","message":"Skipping storing report.","meta":{"rootId":"kj3ge7pb6k4d71y","id":"kj3ge7pb6k4d71y"},"id":"o1wa3f9ht1xnqen","previousOperationId":"v1m9vikd7ymbdcd"}
{"type":"log","timestamp":1719000058764,"level":"info","message":"Rendering request 76 finished in 260 ms","meta":{"rootId":"kj3ge7pb6k4d71y","id":"kj3ge7pb6k4d71y"},"id":"2onx1obvrlu3xh9","previousOperationId":"v1m9vikd7ymbdcd"}
{"type":"operationEnd","subtype":"render","operationId":"9775hdygoo108cr","timestamp":1719000058764,"id":"b2kv5yxe53pdzjf","previousEventId":"kg3bpecoo0kpjhc","previousOperationId":"v1m9vikd7ymbdcd"}
{"type":"operationEnd","doDiffs":false,"previousEventId":"bgbjs5s5uzxjbip","previousOperationId":"rl34v4po33oc8g3","operationId":"rl34v4po33oc8g3","timestamp":1719000058764,"id":"2oe3vj1lxfig8kg"}
