{"type":"operationStart","subtype":"profile","data":{"_id":"2wGFB7ABL9nfKyyt","timestamp":"2024-06-21T21:15:09.535Z","state":"queued","mode":"standard","creationDate":"2024-06-21T21:15:09.539Z","modificationDate":"2024-06-21T21:15:09.539Z","shortid":"CMDOImN","$entitySet":"profiles"},"doDiffs":false,"timestamp":1719004509538,"id":"49jczec8mql0evk","previousOperationId":null,"operationId":"tm2u2j61isy4oqp"}
{"type":"log","level":"info","message":"Render request 105 queued for execution and waiting for available worker","previousOperationId":"tm2u2j61isy4oqp","timestamp":1719004509538,"id":"z1xc64tig7fw4ta"}
{"type":"operationStart","subtype":"render","name":"anonymous","previousOperationId":"tm2u2j61isy4oqp","timestamp":1719004509545,"id":"scx2jmmplazy8q5","previousEventId":"49jczec8mql0evk","operationId":"qmb9p3urjrtxusw"}
{"type":"log","timestamp":1719004509545,"level":"info","message":"Starting rendering request 105","meta":{"rootId":"kujrjnuovfjmeve","id":"kujrjnuovfjmeve"},"id":"idqp9slan4zo8u0","previousOperationId":"qmb9p3urjrtxusw"}
{"type":"log","timestamp":1719004509545,"level":"info","message":"Rendering anonymous template { recipe: chrome-pdf, engine: handlebars }","meta":{"rootId":"kujrjnuovfjmeve","id":"kujrjnuovfjmeve"},"id":"gzg84r9q9qapn9j","previousOperationId":"qmb9p3urjrtxusw"}
{"type":"log","timestamp":1719004509545,"level":"debug","message":"Inline data specified.","meta":{"rootId":"kujrjnuovfjmeve","id":"kujrjnuovfjmeve"},"id":"m5q993xu66tafrs","previousOperationId":"qmb9p3urjrtxusw"}
{"type":"log","timestamp":1719004509546,"level":"debug","message":"Base url not specified, skipping its injection.","meta":{"rootId":"kujrjnuovfjmeve","id":"kujrjnuovfjmeve"},"id":"2vjqz7k1pnwothl","previousOperationId":"qmb9p3urjrtxusw"}
{"type":"operationStart","subtype":"engine","name":"handlebars","timestamp":1719004509546,"id":"x5p3iufnoy4pftn","previousEventId":"scx2jmmplazy8q5","operationId":"l75ynvg2lqg20fc","previousOperationId":"qmb9p3urjrtxusw"}
{"type":"log","timestamp":1719004509546,"level":"debug","message":"Rendering engine handlebars","meta":{"rootId":"kujrjnuovfjmeve","id":"kujrjnuovfjmeve"},"id":"oagwubowa7l1vic","previousOperationId":"l75ynvg2lqg20fc"}
{"type":"log","timestamp":1719004509565,"level":"debug","message":"(console:log) Pdf utils adding group field, value: \"France\"","meta":{"userLevel":true,"rootId":"kujrjnuovfjmeve","id":"kujrjnuovfjmeve"},"id":"ah57gxxxb881n19","previousOperationId":"l75ynvg2lqg20fc"}
{"type":"log","timestamp":1719004509565,"level":"debug","message":"(console:log) Pdf utils adding group field, value: \"Germany\"","meta":{"userLevel":true,"rootId":"kujrjnuovfjmeve","id":"kujrjnuovfjmeve"},"id":"h4tnkhg6khdf1tu","previousOperationId":"l75ynvg2lqg20fc"}
{"type":"operationEnd","operationId":"l75ynvg2lqg20fc","timestamp":1719004509565,"id":"667yrohoci5fecq","previousEventId":"x5p3iufnoy4pftn","previousOperationId":"l75ynvg2lqg20fc"}
{"type":"operationStart","subtype":"recipe","name":"chrome-pdf","timestamp":1719004509566,"id":"ip4zjbcl3d9ao52","previousEventId":"667yrohoci5fecq","operationId":"cqv0aiuzpej7hik","previousOperationId":"l75ynvg2lqg20fc"}
{"type":"log","timestamp":1719004509566,"level":"debug","message":"Executing recipe chrome-pdf","meta":{"rootId":"kujrjnuovfjmeve","id":"kujrjnuovfjmeve"},"id":"ye6xfrtnw37scu4","previousOperationId":"cqv0aiuzpej7hik"}
{"type":"log","timestamp":1719004509567,"level":"debug","message":"Starting child request to render pdf header","meta":{"rootId":"kujrjnuovfjmeve","id":"kujrjnuovfjmeve"},"id":"kf8hcz76h9knjiq","previousOperationId":"cqv0aiuzpej7hik"}
{"type":"operationStart","subtype":"render","name":"anonymous","previousOperationId":"cqv0aiuzpej7hik","timestamp":1719004509567,"id":"xvkr2778x6o56i2","previousEventId":"ip4zjbcl3d9ao52","operationId":"66k56psik1wiegb"}
{"type":"log","timestamp":1719004509567,"level":"info","message":"Starting rendering (child) request","meta":{"rootId":"kujrjnuovfjmeve","id":"wle9j6vutlen5im"},"id":"w44av9duudijflx","previousOperationId":"66k56psik1wiegb"}
{"type":"log","timestamp":1719004509567,"level":"info","message":"Rendering anonymous template { recipe: html, engine: handlebars }","meta":{"rootId":"kujrjnuovfjmeve","id":"wle9j6vutlen5im"},"id":"f6dxvqn5cojb6no","previousOperationId":"66k56psik1wiegb"}
{"type":"log","timestamp":1719004509567,"level":"debug","message":"Inline data specified.","meta":{"rootId":"kujrjnuovfjmeve","id":"wle9j6vutlen5im"},"id":"nh3trovzsbikzi0","previousOperationId":"66k56psik1wiegb"}
{"type":"log","timestamp":1719004509567,"level":"debug","message":"Base url not specified, skipping its injection.","meta":{"rootId":"kujrjnuovfjmeve","id":"wle9j6vutlen5im"},"id":"jb054jd8q9306ts","previousOperationId":"66k56psik1wiegb"}
{"type":"operationStart","subtype":"engine","name":"handlebars","timestamp":1719004509567,"id":"3sbf99w17q2n5kl","previousEventId":"xvkr2778x6o56i2","operationId":"e2jfvhpiyedrwin","previousOperationId":"66k56psik1wiegb"}
{"type":"log","timestamp":1719004509567,"level":"debug","message":"Rendering engine handlebars","meta":{"rootId":"kujrjnuovfjmeve","id":"wle9j6vutlen5im"},"id":"tm5fxrj0eq9gbrn","previousOperationId":"e2jfvhpiyedrwin"}
{"type":"operationEnd","operationId":"e2jfvhpiyedrwin","timestamp":1719004509570,"id":"vq2lkhfwb6cjtt6","previousEventId":"3sbf99w17q2n5kl","previousOperationId":"e2jfvhpiyedrwin"}
{"type":"operationStart","subtype":"recipe","name":"html","timestamp":1719004509570,"id":"kxs84mn3c51o8oj","previousEventId":"vq2lkhfwb6cjtt6","operationId":"373jpb4ny7ng8c4","previousOperationId":"e2jfvhpiyedrwin"}
{"type":"log","timestamp":1719004509570,"level":"debug","message":"Executing recipe html","meta":{"rootId":"kujrjnuovfjmeve","id":"wle9j6vutlen5im"},"id":"vaqu8kiludqnqdc","previousOperationId":"373jpb4ny7ng8c4"}
{"type":"operationEnd","operationId":"373jpb4ny7ng8c4","timestamp":1719004509570,"id":"evcv66xj6bp6top","previousEventId":"kxs84mn3c51o8oj","previousOperationId":"373jpb4ny7ng8c4"}
{"type":"log","timestamp":1719004509570,"level":"debug","message":"Skipping storing report.","meta":{"rootId":"kujrjnuovfjmeve","id":"wle9j6vutlen5im"},"id":"tew3se0138qyilz","previousOperationId":"373jpb4ny7ng8c4"}
{"type":"log","timestamp":1719004509570,"level":"info","message":"Rendering (child) request finished in 37 ms","meta":{"rootId":"kujrjnuovfjmeve","id":"wle9j6vutlen5im"},"id":"by9yp8vuxxvlqrp","previousOperationId":"373jpb4ny7ng8c4"}
{"type":"operationEnd","subtype":"render","operationId":"66k56psik1wiegb","timestamp":1719004509570,"id":"zpiw8fqy19s8ffz","previousEventId":"evcv66xj6bp6top","previousOperationId":"373jpb4ny7ng8c4"}
{"type":"log","timestamp":1719004509570,"level":"debug","message":"Starting child request to render pdf footer","meta":{"rootId":"kujrjnuovfjmeve","id":"kujrjnuovfjmeve"},"id":"7qiu5soquozm9v9","previousOperationId":"cqv0aiuzpej7hik"}
{"type":"operationStart","subtype":"render","name":"anonymous","previousOperationId":"cqv0aiuzpej7hik","timestamp":1719004509570,"id":"75gk9v5qcevks3b","previousEventId":"ip4zjbcl3d9ao52","operationId":"dku2l2ub1eakoya"}
{"type":"log","timestamp":1719004509570,"level":"info","message":"Starting rendering (child) request","meta":{"rootId":"kujrjnuovfjmeve","id":"zb0krzr0vvtmcwc"},"id":"wdme7126y77do05","previousOperationId":"dku2l2ub1eakoya"}
{"type":"log","timestamp":1719004509570,"level":"info","message":"Rendering anonymous template { recipe: html, engine: handlebars }","meta":{"rootId":"kujrjnuovfjmeve","id":"zb0krzr0vvtmcwc"},"id":"rv60aq33h21rrnf","previousOperationId":"dku2l2ub1eakoya"}
{"type":"log","timestamp":1719004509570,"level":"debug","message":"Inline data specified.","meta":{"rootId":"kujrjnuovfjmeve","id":"zb0krzr0vvtmcwc"},"id":"hjdg6qntbntmugw","previousOperationId":"dku2l2ub1eakoya"}
{"type":"log","timestamp":1719004509571,"level":"debug","message":"Base url not specified, skipping its injection.","meta":{"rootId":"kujrjnuovfjmeve","id":"zb0krzr0vvtmcwc"},"id":"xp1rgwvjjcy0lls","previousOperationId":"dku2l2ub1eakoya"}
{"type":"operationStart","subtype":"engine","name":"handlebars","timestamp":1719004509571,"id":"29ntvee2a10obal","previousEventId":"75gk9v5qcevks3b","operationId":"fxjicep1w1inowv","previousOperationId":"dku2l2ub1eakoya"}
{"type":"log","timestamp":1719004509571,"level":"debug","message":"Rendering engine handlebars","meta":{"rootId":"kujrjnuovfjmeve","id":"zb0krzr0vvtmcwc"},"id":"plfqzk3vqfxn8tx","previousOperationId":"fxjicep1w1inowv"}
{"type":"operationEnd","operationId":"fxjicep1w1inowv","timestamp":1719004509573,"id":"azjburbqd5tn903","previousEventId":"29ntvee2a10obal","previousOperationId":"fxjicep1w1inowv"}
{"type":"operationStart","subtype":"recipe","name":"html","timestamp":1719004509573,"id":"5dfoavwoy7spedk","previousEventId":"azjburbqd5tn903","operationId":"nayew3vl5f9u6x0","previousOperationId":"fxjicep1w1inowv"}
{"type":"log","timestamp":1719004509573,"level":"debug","message":"Executing recipe html","meta":{"rootId":"kujrjnuovfjmeve","id":"zb0krzr0vvtmcwc"},"id":"0nnaydru7wm9bzv","previousOperationId":"nayew3vl5f9u6x0"}
{"type":"operationEnd","operationId":"nayew3vl5f9u6x0","timestamp":1719004509573,"id":"w2gxaya6881wn52","previousEventId":"5dfoavwoy7spedk","previousOperationId":"nayew3vl5f9u6x0"}
{"type":"log","timestamp":1719004509573,"level":"debug","message":"Skipping storing report.","meta":{"rootId":"kujrjnuovfjmeve","id":"zb0krzr0vvtmcwc"},"id":"7ifo22vagvykdql","previousOperationId":"nayew3vl5f9u6x0"}
{"type":"log","timestamp":1719004509573,"level":"info","message":"Rendering (child) request finished in 40 ms","meta":{"rootId":"kujrjnuovfjmeve","id":"zb0krzr0vvtmcwc"},"id":"nc6ifwjrr2abk4y","previousOperationId":"nayew3vl5f9u6x0"}
{"type":"operationEnd","subtype":"render","operationId":"dku2l2ub1eakoya","timestamp":1719004509573,"id":"xxc4o6esl1zna40","previousEventId":"w2gxaya6881wn52","previousOperationId":"nayew3vl5f9u6x0"}
{"type":"log","timestamp":1719004509582,"level":"debug","message":"Converting with chrome Chrome/126.0.6478.61 using chrome-pool strategy","meta":{"rootId":"kujrjnuovfjmeve","id":"kujrjnuovfjmeve"},"id":"4twldidhllw5591","previousOperationId":"cqv0aiuzpej7hik"}
{"type":"log","timestamp":1719004509732,"level":"debug","message":"Page request: GET (document) file:///var/folders/2x/1bhfw9mx7d775w_jmf56lcp80000gn/T/jsreport/autocleanup/be6cacc2-8b1b-4e6b-bd7b-890955e86746-chrome-pdf.html","meta":{"rootId":"kujrjnuovfjmeve","id":"kujrjnuovfjmeve"},"id":"lydqdoy3qn4vl1m","previousOperationId":"cqv0aiuzpej7hik"}
{"type":"log","timestamp":1719004509739,"level":"debug","message":"Page request finished: GET (document) 200 file:///var/folders/2x/1bhfw9mx7d775w_jmf56lcp80000gn/T/jsreport/autocleanup/be6cacc2-8b1b-4e6b-bd7b-890955e86746-chrome-pdf.html","meta":{"rootId":"kujrjnuovfjmeve","id":"kujrjnuovfjmeve"},"id":"n93mlxqqj1w0cy7","previousOperationId":"cqv0aiuzpej7hik"}
{"type":"log","timestamp":1719004509740,"level":"debug","message":"Page request: GET (stylesheet) https://cdnjs.cloudflare.com/ajax/libs/metro/4.1.5/css/metro.min.css","meta":{"rootId":"kujrjnuovfjmeve","id":"kujrjnuovfjmeve"},"id":"as74rpemi1ura29","previousOperationId":"cqv0aiuzpej7hik"}
{"type":"log","timestamp":1719004509740,"level":"debug","message":"Page request: GET (script) https://cdnjs.cloudflare.com/ajax/libs/Chart.js/2.7.2/Chart.min.js","meta":{"rootId":"kujrjnuovfjmeve","id":"kujrjnuovfjmeve"},"id":"4ofpvnjtdhysd3m","previousOperationId":"cqv0aiuzpej7hik"}
{"type":"log","timestamp":1719004509748,"level":"debug","message":"Page request finished: GET (stylesheet) 200 https://cdnjs.cloudflare.com/ajax/libs/metro/4.1.5/css/metro.min.css","meta":{"rootId":"kujrjnuovfjmeve","id":"kujrjnuovfjmeve"},"id":"4kxfgtviyzxe2mj","previousOperationId":"cqv0aiuzpej7hik"}
{"type":"log","timestamp":1719004509748,"level":"debug","message":"Page request finished: GET (script) 200 https://cdnjs.cloudflare.com/ajax/libs/Chart.js/2.7.2/Chart.min.js","meta":{"rootId":"kujrjnuovfjmeve","id":"kujrjnuovfjmeve"},"id":"2i22625g46ehn3j","previousOperationId":"cqv0aiuzpej7hik"}
{"type":"log","timestamp":1719004509792,"level":"debug","message":"Running chrome with params {\"displayHeaderFooter\":true,\"headerTemplate\":\"...\",\"footerTemplate\":\"...\",\"marginTop\":\"2cm\",\"marginRight\":\"1cm\",\"marginBottom\":\"2cm\",\"marginLeft\":\"1cm\",\"timeout\":59960,\"margin\":{\"top\":\"2cm\",\"right\":\"1cm\",\"bottom\":\"2cm\",\"left\":\"1cm\"},\"printBackground\":true}","meta":{"rootId":"kujrjnuovfjmeve","id":"kujrjnuovfjmeve"},"id":"kiqj16w29txty92","previousOperationId":"cqv0aiuzpej7hik"}
{"type":"operationEnd","operationId":"cqv0aiuzpej7hik","timestamp":1719004510456,"id":"ewazxohb25xibxd","previousEventId":"ip4zjbcl3d9ao52","previousOperationId":"cqv0aiuzpej7hik"}
{"type":"log","timestamp":1719004510456,"level":"debug","message":"Skipping storing report.","meta":{"rootId":"kujrjnuovfjmeve","id":"kujrjnuovfjmeve"},"id":"xk4z67kbtrk37oh","previousOperationId":"cqv0aiuzpej7hik"}
{"type":"log","timestamp":1719004510456,"level":"info","message":"Rendering request 105 finished in 923 ms","meta":{"rootId":"kujrjnuovfjmeve","id":"kujrjnuovfjmeve"},"id":"2iqde9lhng2336c","previousOperationId":"cqv0aiuzpej7hik"}
{"type":"operationEnd","subtype":"render","operationId":"qmb9p3urjrtxusw","timestamp":1719004510456,"id":"xltdkhg27cksxkb","previousEventId":"ewazxohb25xibxd","previousOperationId":"cqv0aiuzpej7hik"}
{"type":"operationEnd","doDiffs":false,"previousEventId":"49jczec8mql0evk","previousOperationId":"tm2u2j61isy4oqp","operationId":"tm2u2j61isy4oqp","timestamp":1719004510457,"id":"a4pe4ld0va9lrfa"}
