{"type":"operationStart","subtype":"profile","data":{"_id":"9DmfSlWDdW72GTIL","timestamp":"2024-06-21T21:42:01.467Z","state":"queued","mode":"standard","creationDate":"2024-06-21T21:42:01.469Z","modificationDate":"2024-06-21T21:42:01.469Z","shortid":"Qc8KUUU","$entitySet":"profiles"},"doDiffs":false,"timestamp":1719006121468,"id":"iyticjvrbqvlhig","previousOperationId":null,"operationId":"bmddph84tnepg28"}
{"type":"log","level":"info","message":"Render request 111 queued for execution and waiting for available worker","previousOperationId":"bmddph84tnepg28","timestamp":1719006121468,"id":"aqymwb87khkwfle"}
{"type":"operationStart","subtype":"render","name":"anonymous","previousOperationId":"bmddph84tnepg28","timestamp":1719006121492,"id":"pknt5lq6camfdkd","previousEventId":"iyticjvrbqvlhig","operationId":"ww6xhtomiw54d0w"}
{"type":"log","timestamp":1719006121492,"level":"info","message":"Starting rendering request 111","meta":{"rootId":"kz4ds77dl9x3nls","id":"kz4ds77dl9x3nls"},"id":"we68cjmob1p61wq","previousOperationId":"ww6xhtomiw54d0w"}
{"type":"log","timestamp":1719006121492,"level":"info","message":"Rendering anonymous template { recipe: chrome-pdf, engine: handlebars }","meta":{"rootId":"kz4ds77dl9x3nls","id":"kz4ds77dl9x3nls"},"id":"m3svq0mcn9aqaid","previousOperationId":"ww6xhtomiw54d0w"}
{"type":"log","timestamp":1719006121492,"level":"debug","message":"Inline data specified.","meta":{"rootId":"kz4ds77dl9x3nls","id":"kz4ds77dl9x3nls"},"id":"q8pb31r91s4kaoy","previousOperationId":"ww6xhtomiw54d0w"}
{"type":"log","timestamp":1719006121493,"level":"debug","message":"Base url not specified, skipping its injection.","meta":{"rootId":"kz4ds77dl9x3nls","id":"kz4ds77dl9x3nls"},"id":"avzr3xegrmaltq6","previousOperationId":"ww6xhtomiw54d0w"}
{"type":"operationStart","subtype":"engine","name":"handlebars","timestamp":1719006121493,"id":"fmerhz4eq225jia","previousEventId":"pknt5lq6camfdkd","operationId":"m8wdga6tuwhiznc","previousOperationId":"ww6xhtomiw54d0w"}
{"type":"log","timestamp":1719006121493,"level":"debug","message":"Rendering engine handlebars","meta":{"rootId":"kz4ds77dl9x3nls","id":"kz4ds77dl9x3nls"},"id":"bch2yoenw6d8p4a","previousOperationId":"m8wdga6tuwhiznc"}
{"type":"log","timestamp":1719006121511,"level":"debug","message":"(console:log) Pdf utils adding group field, value: \"France\"","meta":{"userLevel":true,"rootId":"kz4ds77dl9x3nls","id":"kz4ds77dl9x3nls"},"id":"5chszaucllo3dix","previousOperationId":"m8wdga6tuwhiznc"}
{"type":"log","timestamp":1719006121513,"level":"debug","message":"(console:log) Pdf utils adding group field, value: \"Germany\"","meta":{"userLevel":true,"rootId":"kz4ds77dl9x3nls","id":"kz4ds77dl9x3nls"},"id":"j714bji1a53p0vx","previousOperationId":"m8wdga6tuwhiznc"}
{"type":"operationEnd","operationId":"m8wdga6tuwhiznc","timestamp":1719006121513,"id":"yd1kdys4lsa2n8w","previousEventId":"fmerhz4eq225jia","previousOperationId":"m8wdga6tuwhiznc"}
{"type":"operationStart","subtype":"recipe","name":"chrome-pdf","timestamp":1719006121514,"id":"kiq1q9du0drjpwr","previousEventId":"yd1kdys4lsa2n8w","operationId":"wiv09e7csi8lu0u","previousOperationId":"m8wdga6tuwhiznc"}
{"type":"log","timestamp":1719006121514,"level":"debug","message":"Executing recipe chrome-pdf","meta":{"rootId":"kz4ds77dl9x3nls","id":"kz4ds77dl9x3nls"},"id":"7enemb3txjxboqv","previousOperationId":"wiv09e7csi8lu0u"}
{"type":"log","timestamp":1719006121515,"level":"debug","message":"Starting child request to render pdf header","meta":{"rootId":"kz4ds77dl9x3nls","id":"kz4ds77dl9x3nls"},"id":"cmonun4n88bcegn","previousOperationId":"wiv09e7csi8lu0u"}
{"type":"operationStart","subtype":"render","name":"anonymous","previousOperationId":"wiv09e7csi8lu0u","timestamp":1719006121515,"id":"dzfw2j5bfz5guxq","previousEventId":"kiq1q9du0drjpwr","operationId":"nliql3x4y6pxqfm"}
{"type":"log","timestamp":1719006121515,"level":"info","message":"Starting rendering (child) request","meta":{"rootId":"kz4ds77dl9x3nls","id":"hrz9r72qasys0qz"},"id":"8frpkkftr3mkbdx","previousOperationId":"nliql3x4y6pxqfm"}
{"type":"log","timestamp":1719006121515,"level":"info","message":"Rendering anonymous template { recipe: html, engine: handlebars }","meta":{"rootId":"kz4ds77dl9x3nls","id":"hrz9r72qasys0qz"},"id":"8fhgn0wvwhw1k8y","previousOperationId":"nliql3x4y6pxqfm"}
{"type":"log","timestamp":1719006121515,"level":"debug","message":"Inline data specified.","meta":{"rootId":"kz4ds77dl9x3nls","id":"hrz9r72qasys0qz"},"id":"iwss8vgyfgenxyt","previousOperationId":"nliql3x4y6pxqfm"}
{"type":"log","timestamp":1719006121515,"level":"debug","message":"Base url not specified, skipping its injection.","meta":{"rootId":"kz4ds77dl9x3nls","id":"hrz9r72qasys0qz"},"id":"spnxhqlj3cgkg6k","previousOperationId":"nliql3x4y6pxqfm"}
{"type":"operationStart","subtype":"engine","name":"handlebars","timestamp":1719006121515,"id":"hsn633ot7d1szd3","previousEventId":"dzfw2j5bfz5guxq","operationId":"ofyin91tl20o2ki","previousOperationId":"nliql3x4y6pxqfm"}
{"type":"log","timestamp":1719006121515,"level":"debug","message":"Rendering engine handlebars","meta":{"rootId":"kz4ds77dl9x3nls","id":"hrz9r72qasys0qz"},"id":"bfalcl50r78ypp6","previousOperationId":"ofyin91tl20o2ki"}
{"type":"operationEnd","operationId":"ofyin91tl20o2ki","timestamp":1719006121518,"id":"d15xupnywcfujhj","previousEventId":"hsn633ot7d1szd3","previousOperationId":"ofyin91tl20o2ki"}
{"type":"operationStart","subtype":"recipe","name":"html","timestamp":1719006121518,"id":"ed02zxhx05ck5zr","previousEventId":"d15xupnywcfujhj","operationId":"gzm12k8v8n0fncb","previousOperationId":"ofyin91tl20o2ki"}
{"type":"log","timestamp":1719006121518,"level":"debug","message":"Executing recipe html","meta":{"rootId":"kz4ds77dl9x3nls","id":"hrz9r72qasys0qz"},"id":"mcivc9qe8obbrs7","previousOperationId":"gzm12k8v8n0fncb"}
{"type":"operationEnd","operationId":"gzm12k8v8n0fncb","timestamp":1719006121518,"id":"b5cagqst4t23x03","previousEventId":"ed02zxhx05ck5zr","previousOperationId":"gzm12k8v8n0fncb"}
{"type":"log","timestamp":1719006121518,"level":"debug","message":"Skipping storing report.","meta":{"rootId":"kz4ds77dl9x3nls","id":"hrz9r72qasys0qz"},"id":"1iwq8nwepjlmoi9","previousOperationId":"gzm12k8v8n0fncb"}
{"type":"log","timestamp":1719006121518,"level":"info","message":"Rendering (child) request finished in 58 ms","meta":{"rootId":"kz4ds77dl9x3nls","id":"hrz9r72qasys0qz"},"id":"ze3glptvj5kjh1d","previousOperationId":"gzm12k8v8n0fncb"}
{"type":"operationEnd","subtype":"render","operationId":"nliql3x4y6pxqfm","timestamp":1719006121518,"id":"16hyw8puiby77zz","previousEventId":"b5cagqst4t23x03","previousOperationId":"gzm12k8v8n0fncb"}
{"type":"log","timestamp":1719006121518,"level":"debug","message":"Starting child request to render pdf footer","meta":{"rootId":"kz4ds77dl9x3nls","id":"kz4ds77dl9x3nls"},"id":"ywui29ivjztomm0","previousOperationId":"wiv09e7csi8lu0u"}
{"type":"operationStart","subtype":"render","name":"anonymous","previousOperationId":"wiv09e7csi8lu0u","timestamp":1719006121518,"id":"h56y8zactbltv2a","previousEventId":"kiq1q9du0drjpwr","operationId":"6rwod54ao4ize8a"}
{"type":"log","timestamp":1719006121518,"level":"info","message":"Starting rendering (child) request","meta":{"rootId":"kz4ds77dl9x3nls","id":"awrsje7jh5yq4f3"},"id":"0di7rz0rda21nmj","previousOperationId":"6rwod54ao4ize8a"}
{"type":"log","timestamp":1719006121518,"level":"info","message":"Rendering anonymous template { recipe: html, engine: handlebars }","meta":{"rootId":"kz4ds77dl9x3nls","id":"awrsje7jh5yq4f3"},"id":"sxmdoiae6fvghey","previousOperationId":"6rwod54ao4ize8a"}
{"type":"log","timestamp":1719006121518,"level":"debug","message":"Inline data specified.","meta":{"rootId":"kz4ds77dl9x3nls","id":"awrsje7jh5yq4f3"},"id":"arvhh5vqq9d6ek7","previousOperationId":"6rwod54ao4ize8a"}
{"type":"log","timestamp":1719006121519,"level":"debug","message":"Base url not specified, skipping its injection.","meta":{"rootId":"kz4ds77dl9x3nls","id":"awrsje7jh5yq4f3"},"id":"kjwmim3os9j07wb","previousOperationId":"6rwod54ao4ize8a"}
{"type":"operationStart","subtype":"engine","name":"handlebars","timestamp":1719006121519,"id":"l00sp09a3wsb03e","previousEventId":"h56y8zactbltv2a","operationId":"ql2kt4oj9dy0pgp","previousOperationId":"6rwod54ao4ize8a"}
{"type":"log","timestamp":1719006121519,"level":"debug","message":"Rendering engine handlebars","meta":{"rootId":"kz4ds77dl9x3nls","id":"awrsje7jh5yq4f3"},"id":"79v0ywuuktqb3j8","previousOperationId":"ql2kt4oj9dy0pgp"}
{"type":"operationEnd","operationId":"ql2kt4oj9dy0pgp","timestamp":1719006121521,"id":"0jtavxfw95ovzkm","previousEventId":"l00sp09a3wsb03e","previousOperationId":"ql2kt4oj9dy0pgp"}
{"type":"operationStart","subtype":"recipe","name":"html","timestamp":1719006121521,"id":"q61hm4s5olr9dqo","previousEventId":"0jtavxfw95ovzkm","operationId":"sb62uce41n1dt40","previousOperationId":"ql2kt4oj9dy0pgp"}
{"type":"log","timestamp":1719006121521,"level":"debug","message":"Executing recipe html","meta":{"rootId":"kz4ds77dl9x3nls","id":"awrsje7jh5yq4f3"},"id":"ytz9z484hz1evv4","previousOperationId":"sb62uce41n1dt40"}
{"type":"operationEnd","operationId":"sb62uce41n1dt40","timestamp":1719006121521,"id":"ltb94tacag9iiat","previousEventId":"q61hm4s5olr9dqo","previousOperationId":"sb62uce41n1dt40"}
{"type":"log","timestamp":1719006121521,"level":"debug","message":"Skipping storing report.","meta":{"rootId":"kz4ds77dl9x3nls","id":"awrsje7jh5yq4f3"},"id":"b4v369ojx6s66bp","previousOperationId":"sb62uce41n1dt40"}
{"type":"log","timestamp":1719006121521,"level":"info","message":"Rendering (child) request finished in 61 ms","meta":{"rootId":"kz4ds77dl9x3nls","id":"awrsje7jh5yq4f3"},"id":"5pkh1001wkm4xc5","previousOperationId":"sb62uce41n1dt40"}
{"type":"operationEnd","subtype":"render","operationId":"6rwod54ao4ize8a","timestamp":1719006121521,"id":"hcb5sgi2a7tusyo","previousEventId":"ltb94tacag9iiat","previousOperationId":"sb62uce41n1dt40"}
{"type":"log","timestamp":1719006121524,"level":"debug","message":"Converting with chrome Chrome/126.0.6478.61 using chrome-pool strategy","meta":{"rootId":"kz4ds77dl9x3nls","id":"kz4ds77dl9x3nls"},"id":"je6sm214x82tpkf","previousOperationId":"wiv09e7csi8lu0u"}
{"type":"log","timestamp":1719006121614,"level":"debug","message":"Page request: GET (document) file:///var/folders/2x/1bhfw9mx7d775w_jmf56lcp80000gn/T/jsreport/autocleanup/eb0d5cef-2a02-4357-9032-468b27867579-chrome-pdf.html","meta":{"rootId":"kz4ds77dl9x3nls","id":"kz4ds77dl9x3nls"},"id":"zh2s3dxb0xqua51","previousOperationId":"wiv09e7csi8lu0u"}
{"type":"log","timestamp":1719006121618,"level":"debug","message":"Page request finished: GET (document) 200 file:///var/folders/2x/1bhfw9mx7d775w_jmf56lcp80000gn/T/jsreport/autocleanup/eb0d5cef-2a02-4357-9032-468b27867579-chrome-pdf.html","meta":{"rootId":"kz4ds77dl9x3nls","id":"kz4ds77dl9x3nls"},"id":"ohu3z5zt2m2ucq6","previousOperationId":"wiv09e7csi8lu0u"}
{"type":"log","timestamp":1719006121618,"level":"debug","message":"Page request: GET (stylesheet) https://cdnjs.cloudflare.com/ajax/libs/metro/4.1.5/css/metro.min.css","meta":{"rootId":"kz4ds77dl9x3nls","id":"kz4ds77dl9x3nls"},"id":"6qv50kk2fa9xi9w","previousOperationId":"wiv09e7csi8lu0u"}
{"type":"log","timestamp":1719006121618,"level":"debug","message":"Page request: GET (script) https://cdnjs.cloudflare.com/ajax/libs/Chart.js/2.7.2/Chart.min.js","meta":{"rootId":"kz4ds77dl9x3nls","id":"kz4ds77dl9x3nls"},"id":"hwts88h5e85r9dj","previousOperationId":"wiv09e7csi8lu0u"}
{"type":"log","timestamp":1719006121626,"level":"debug","message":"Page request finished: GET (stylesheet) 200 https://cdnjs.cloudflare.com/ajax/libs/metro/4.1.5/css/metro.min.css","meta":{"rootId":"kz4ds77dl9x3nls","id":"kz4ds77dl9x3nls"},"id":"uy7dum3isnaq3js","previousOperationId":"wiv09e7csi8lu0u"}
{"type":"log","timestamp":1719006121626,"level":"debug","message":"Page request finished: GET (script) 200 https://cdnjs.cloudflare.com/ajax/libs/Chart.js/2.7.2/Chart.min.js","meta":{"rootId":"kz4ds77dl9x3nls","id":"kz4ds77dl9x3nls"},"id":"nawx4fg30zlmi1f","previousOperationId":"wiv09e7csi8lu0u"}
{"type":"log","timestamp":1719006121677,"level":"debug","message":"Running chrome with params {\"displayHeaderFooter\":true,\"headerTemplate\":\"...\",\"footerTemplate\":\"...\",\"marginTop\":\"4cm\",\"marginRight\":\"1.5cm\",\"marginLeft\":\"1.5cm\",\"marginBottom\":\"1.5cm\",\"timeout\":59939,\"margin\":{\"top\":\"4cm\",\"right\":\"1.5cm\",\"bottom\":\"1.5cm\",\"left\":\"1.5cm\"},\"printBackground\":true}","meta":{"rootId":"kz4ds77dl9x3nls","id":"kz4ds77dl9x3nls"},"id":"57rx4a33utde9cw","previousOperationId":"wiv09e7csi8lu0u"}
{"type":"operationEnd","operationId":"wiv09e7csi8lu0u","timestamp":1719006121886,"id":"5lcw4kwwfygxohh","previousEventId":"kiq1q9du0drjpwr","previousOperationId":"wiv09e7csi8lu0u"}
{"type":"log","timestamp":1719006121886,"level":"debug","message":"Skipping storing report.","meta":{"rootId":"kz4ds77dl9x3nls","id":"kz4ds77dl9x3nls"},"id":"ex7oqjlktqnc7oq","previousOperationId":"wiv09e7csi8lu0u"}
{"type":"log","timestamp":1719006121886,"level":"info","message":"Rendering request 111 finished in 426 ms","meta":{"rootId":"kz4ds77dl9x3nls","id":"kz4ds77dl9x3nls"},"id":"u2rnx5du44rgft7","previousOperationId":"wiv09e7csi8lu0u"}
{"type":"operationEnd","subtype":"render","operationId":"ww6xhtomiw54d0w","timestamp":1719006121886,"id":"qkjey3nc9ege4yu","previousEventId":"5lcw4kwwfygxohh","previousOperationId":"wiv09e7csi8lu0u"}
{"type":"operationEnd","doDiffs":false,"previousEventId":"iyticjvrbqvlhig","previousOperationId":"bmddph84tnepg28","operationId":"bmddph84tnepg28","timestamp":1719006121887,"id":"hzrxnrguuthcs77"}
