{"type":"operationStart","subtype":"profile","data":{"_id":"MIMLY1tUen8AbP5R","timestamp":"2024-06-21T22:08:01.297Z","state":"queued","mode":"standard","creationDate":"2024-06-21T22:08:01.298Z","modificationDate":"2024-06-21T22:08:01.298Z","shortid":"OfpV-4v","$entitySet":"profiles"},"doDiffs":false,"timestamp":1719007681298,"id":"slqvcul7vp5t4bt","previousOperationId":null,"operationId":"lsgo3ri8qetds0e"}
{"type":"log","level":"info","message":"Render request 137 queued for execution and waiting for available worker","previousOperationId":"lsgo3ri8qetds0e","timestamp":1719007681298,"id":"q3pcw0yqt1x7coe"}
{"type":"operationStart","subtype":"render","name":"anonymous","previousOperationId":"lsgo3ri8qetds0e","timestamp":1719007681306,"id":"dcg2b56u3lztmb8","previousEventId":"slqvcul7vp5t4bt","operationId":"3o6soc2cokm45rl"}
{"type":"log","timestamp":1719007681306,"level":"info","message":"Starting rendering request 137","meta":{"rootId":"lpr1z1pln6l3hck","id":"lpr1z1pln6l3hck"},"id":"hi9ph4so93yjrw5","previousOperationId":"3o6soc2cokm45rl"}
{"type":"log","timestamp":1719007681307,"level":"info","message":"Rendering anonymous template { recipe: chrome-pdf, engine: handlebars }","meta":{"rootId":"lpr1z1pln6l3hck","id":"lpr1z1pln6l3hck"},"id":"zube31x2bpdcbss","previousOperationId":"3o6soc2cokm45rl"}
{"type":"log","timestamp":1719007681307,"level":"debug","message":"Inline data specified.","meta":{"rootId":"lpr1z1pln6l3hck","id":"lpr1z1pln6l3hck"},"id":"9xt74t7hc1fk22h","previousOperationId":"3o6soc2cokm45rl"}
{"type":"log","timestamp":1719007681307,"level":"debug","message":"Base url not specified, skipping its injection.","meta":{"rootId":"lpr1z1pln6l3hck","id":"lpr1z1pln6l3hck"},"id":"goryr85lpwancyj","previousOperationId":"3o6soc2cokm45rl"}
{"type":"operationStart","subtype":"engine","name":"handlebars","timestamp":1719007681307,"id":"9pp82h4deytnexh","previousEventId":"dcg2b56u3lztmb8","operationId":"cd7k59aeq3v0omu","previousOperationId":"3o6soc2cokm45rl"}
{"type":"log","timestamp":1719007681307,"level":"debug","message":"Rendering engine handlebars","meta":{"rootId":"lpr1z1pln6l3hck","id":"lpr1z1pln6l3hck"},"id":"09eeoikf2g7yal5","previousOperationId":"cd7k59aeq3v0omu"}
{"type":"log","timestamp":1719007681330,"level":"debug","message":"(console:log) Pdf utils adding group field, value: \"France\"","meta":{"userLevel":true,"rootId":"lpr1z1pln6l3hck","id":"lpr1z1pln6l3hck"},"id":"opa6fy702s043e8","previousOperationId":"cd7k59aeq3v0omu"}
{"type":"log","timestamp":1719007681331,"level":"debug","message":"(console:log) Pdf utils adding group field, value: \"Germany\"","meta":{"userLevel":true,"rootId":"lpr1z1pln6l3hck","id":"lpr1z1pln6l3hck"},"id":"0dg8o012j462rix","previousOperationId":"cd7k59aeq3v0omu"}
{"type":"operationEnd","operationId":"cd7k59aeq3v0omu","timestamp":1719007681331,"id":"uc5wg4s420snvps","previousEventId":"9pp82h4deytnexh","previousOperationId":"cd7k59aeq3v0omu"}
{"type":"operationStart","subtype":"recipe","name":"chrome-pdf","timestamp":1719007681331,"id":"8klgfblubfmsj2j","previousEventId":"uc5wg4s420snvps","operationId":"fbi231og9c7yrgv","previousOperationId":"cd7k59aeq3v0omu"}
{"type":"log","timestamp":1719007681331,"level":"debug","message":"Executing recipe chrome-pdf","meta":{"rootId":"lpr1z1pln6l3hck","id":"lpr1z1pln6l3hck"},"id":"dbpxu4j2arknitp","previousOperationId":"fbi231og9c7yrgv"}
{"type":"log","timestamp":1719007681353,"level":"debug","message":"Converting with chrome Chrome/126.0.6478.61 using chrome-pool strategy","meta":{"rootId":"lpr1z1pln6l3hck","id":"lpr1z1pln6l3hck"},"id":"n5tv0jiuq3w1cv1","previousOperationId":"fbi231og9c7yrgv"}
{"type":"log","timestamp":1719007681764,"level":"debug","message":"Page request: GET (document) file:///var/folders/2x/1bhfw9mx7d775w_jmf56lcp80000gn/T/jsreport/autocleanup/b598449c-f24b-45a1-b41c-ce6957c04446-chrome-pdf.html","meta":{"rootId":"lpr1z1pln6l3hck","id":"lpr1z1pln6l3hck"},"id":"ep4gfo6x7ivbtjb","previousOperationId":"fbi231og9c7yrgv"}
{"type":"log","timestamp":1719007681790,"level":"debug","message":"Page request finished: GET (document) 200 file:///var/folders/2x/1bhfw9mx7d775w_jmf56lcp80000gn/T/jsreport/autocleanup/b598449c-f24b-45a1-b41c-ce6957c04446-chrome-pdf.html","meta":{"rootId":"lpr1z1pln6l3hck","id":"lpr1z1pln6l3hck"},"id":"vznhvocatqpd7l0","previousOperationId":"fbi231og9c7yrgv"}
{"type":"log","timestamp":1719007681792,"level":"debug","message":"Page request: GET (stylesheet) https://cdnjs.cloudflare.com/ajax/libs/metro/4.1.5/css/metro.min.css","meta":{"rootId":"lpr1z1pln6l3hck","id":"lpr1z1pln6l3hck"},"id":"b4dl2ihxub2jmkq","previousOperationId":"fbi231og9c7yrgv"}
{"type":"log","timestamp":1719007681792,"level":"debug","message":"Page request: GET (script) https://cdnjs.cloudflare.com/ajax/libs/Chart.js/2.7.2/Chart.min.js","meta":{"rootId":"lpr1z1pln6l3hck","id":"lpr1z1pln6l3hck"},"id":"yj341eyomifg900","previousOperationId":"fbi231og9c7yrgv"}
{"type":"log","timestamp":1719007681804,"level":"debug","message":"Page request finished: GET (stylesheet) 200 https://cdnjs.cloudflare.com/ajax/libs/metro/4.1.5/css/metro.min.css","meta":{"rootId":"lpr1z1pln6l3hck","id":"lpr1z1pln6l3hck"},"id":"345izegouhi5vaq","previousOperationId":"fbi231og9c7yrgv"}
{"type":"log","timestamp":1719007681805,"level":"debug","message":"Page request finished: GET (script) 200 https://cdnjs.cloudflare.com/ajax/libs/Chart.js/2.7.2/Chart.min.js","meta":{"rootId":"lpr1z1pln6l3hck","id":"lpr1z1pln6l3hck"},"id":"aqyffmpqanufz1k","previousOperationId":"fbi231og9c7yrgv"}
{"type":"log","timestamp":1719007681883,"level":"debug","message":"Running chrome with params {\"marginTop\":\"2cm\",\"marginRight\":\"1.5cm\",\"marginLeft\":\"1.5cm\",\"marginBottom\":\"1.5cm\",\"timeout\":59948,\"margin\":{\"top\":\"2cm\",\"right\":\"1.5cm\",\"bottom\":\"1.5cm\",\"left\":\"1.5cm\"},\"printBackground\":true}","meta":{"rootId":"lpr1z1pln6l3hck","id":"lpr1z1pln6l3hck"},"id":"wffuh3yjkzrdj0v","previousOperationId":"fbi231og9c7yrgv"}
{"type":"operationEnd","operationId":"fbi231og9c7yrgv","timestamp":1719007682124,"id":"u1bebdup7tmcj9d","previousEventId":"8klgfblubfmsj2j","previousOperationId":"fbi231og9c7yrgv"}
{"type":"log","timestamp":1719007682124,"level":"info","message":"pdf-utils is starting pdf processing","meta":{"rootId":"lpr1z1pln6l3hck","id":"lpr1z1pln6l3hck"},"id":"f0jh57q9i8ifnx1","previousOperationId":"fbi231og9c7yrgv"}
{"type":"operationStart","subtype":"pdfUtils","name":"pdf utils","timestamp":1719007682124,"id":"vvskz0einhbt2fk","previousEventId":"u1bebdup7tmcj9d","operationId":"khrqh595z6kmpq0","previousOperationId":"fbi231og9c7yrgv"}
{"type":"log","timestamp":1719007682124,"level":"debug","message":"pdf-utils detected 1 pdf operation(s) to process","meta":{"rootId":"lpr1z1pln6l3hck","id":"lpr1z1pln6l3hck"},"id":"bhsmwxnx4pvaa14","previousOperationId":"khrqh595z6kmpq0"}
{"type":"log","timestamp":1719007682137,"level":"debug","message":"pdf-utils running pdf operation merge","meta":{"rootId":"lpr1z1pln6l3hck","id":"lpr1z1pln6l3hck"},"id":"r4hbt5wqeb9wfq9","previousOperationId":"khrqh595z6kmpq0"}
{"type":"operationStart","subtype":"pdfUtilsMerge","name":"pdf utils merge","previousOperationId":"khrqh595z6kmpq0","timestamp":1719007682137,"id":"odcay2d3nuj5irs","previousEventId":"vvskz0einhbt2fk","operationId":"3nuux8292w1hy4x"}
{"type":"operationStart","subtype":"render","name":"anonymous","previousOperationId":"3nuux8292w1hy4x","timestamp":1719007682137,"id":"eyav2fhr47c0c02","previousEventId":"odcay2d3nuj5irs","operationId":"kzb6j8e3clwbjoe"}
{"type":"log","timestamp":1719007682137,"level":"info","message":"Starting rendering (child) request","meta":{"rootId":"lpr1z1pln6l3hck","id":"h7ehxw43e85hnvq"},"id":"4gva6rxk9xtx9lt","previousOperationId":"kzb6j8e3clwbjoe"}
{"type":"log","timestamp":1719007682137,"level":"info","message":"Rendering anonymous template { recipe: chrome-pdf, engine: handlebars }","meta":{"rootId":"lpr1z1pln6l3hck","id":"h7ehxw43e85hnvq"},"id":"e6xh6zp1dru4xvh","previousOperationId":"kzb6j8e3clwbjoe"}
{"type":"log","timestamp":1719007682137,"level":"debug","message":"Inline data specified.","meta":{"rootId":"lpr1z1pln6l3hck","id":"h7ehxw43e85hnvq"},"id":"n5z8ikakhmym73h","previousOperationId":"kzb6j8e3clwbjoe"}
{"type":"log","timestamp":1719007682138,"level":"debug","message":"Base url not specified, skipping its injection.","meta":{"rootId":"lpr1z1pln6l3hck","id":"h7ehxw43e85hnvq"},"id":"9uu6blrtclfsd0s","previousOperationId":"kzb6j8e3clwbjoe"}
{"type":"operationStart","subtype":"engine","name":"handlebars","timestamp":1719007682139,"id":"xs8z6lcksbu90pc","previousEventId":"eyav2fhr47c0c02","operationId":"idmpndbiovu8cwu","previousOperationId":"kzb6j8e3clwbjoe"}
{"type":"log","timestamp":1719007682139,"level":"debug","message":"Rendering engine handlebars","meta":{"rootId":"lpr1z1pln6l3hck","id":"h7ehxw43e85hnvq"},"id":"8x43vttu9k9bnhv","previousOperationId":"idmpndbiovu8cwu"}
{"type":"operationEnd","operationId":"idmpndbiovu8cwu","timestamp":1719007682143,"id":"4ea8h7ykcnata1u","previousEventId":"xs8z6lcksbu90pc","previousOperationId":"idmpndbiovu8cwu"}
{"type":"operationStart","subtype":"recipe","name":"chrome-pdf","timestamp":1719007682143,"id":"ukd8moe9sbm2k5i","previousEventId":"4ea8h7ykcnata1u","operationId":"zjqciicyju8a0v0","previousOperationId":"idmpndbiovu8cwu"}
{"type":"log","timestamp":1719007682143,"level":"debug","message":"Executing recipe chrome-pdf","meta":{"rootId":"lpr1z1pln6l3hck","id":"h7ehxw43e85hnvq"},"id":"t2lmire5ju0ukcr","previousOperationId":"zjqciicyju8a0v0"}
{"type":"log","timestamp":1719007682144,"level":"debug","message":"Converting with chrome Chrome/126.0.6478.61 using chrome-pool strategy","meta":{"rootId":"lpr1z1pln6l3hck","id":"h7ehxw43e85hnvq"},"id":"a6wd01vs602vpzq","previousOperationId":"zjqciicyju8a0v0"}
{"type":"log","timestamp":1719007682204,"level":"debug","message":"Page request: GET (document) file:///var/folders/2x/1bhfw9mx7d775w_jmf56lcp80000gn/T/jsreport/autocleanup/d9f67dc6-0717-46aa-82fe-a85fe68674e4-chrome-pdf.html","meta":{"rootId":"lpr1z1pln6l3hck","id":"h7ehxw43e85hnvq"},"id":"o7oelhjmafyozyd","previousOperationId":"zjqciicyju8a0v0"}
{"type":"log","timestamp":1719007682210,"level":"debug","message":"Page request finished: GET (document) 200 file:///var/folders/2x/1bhfw9mx7d775w_jmf56lcp80000gn/T/jsreport/autocleanup/d9f67dc6-0717-46aa-82fe-a85fe68674e4-chrome-pdf.html","meta":{"rootId":"lpr1z1pln6l3hck","id":"h7ehxw43e85hnvq"},"id":"99nn2ppjj4josmq","previousOperationId":"zjqciicyju8a0v0"}
{"type":"log","timestamp":1719007682210,"level":"debug","message":"Running chrome with params {\"timeout\":59143,\"margin\":{},\"printBackground\":true}","meta":{"rootId":"lpr1z1pln6l3hck","id":"h7ehxw43e85hnvq"},"id":"hlnzmnofv8vonhg","previousOperationId":"zjqciicyju8a0v0"}
{"type":"operationEnd","operationId":"zjqciicyju8a0v0","timestamp":1719007682245,"id":"w32zfppnh0hlhl6","previousEventId":"ukd8moe9sbm2k5i","previousOperationId":"zjqciicyju8a0v0"}
{"type":"log","timestamp":1719007682245,"level":"debug","message":"Skipping storing report.","meta":{"rootId":"lpr1z1pln6l3hck","id":"h7ehxw43e85hnvq"},"id":"k2pi61pgk07kpg6","previousOperationId":"zjqciicyju8a0v0"}
{"type":"log","timestamp":1719007682245,"level":"info","message":"Rendering (child) request finished in 958 ms","meta":{"rootId":"lpr1z1pln6l3hck","id":"h7ehxw43e85hnvq"},"id":"ktm0klq5vfa31zv","previousOperationId":"zjqciicyju8a0v0"}
{"type":"operationEnd","subtype":"render","operationId":"kzb6j8e3clwbjoe","timestamp":1719007682245,"id":"tdy9tol70mosrpi","previousEventId":"w32zfppnh0hlhl6","previousOperationId":"zjqciicyju8a0v0"}
{"type":"operationEnd","operationId":"3nuux8292w1hy4x","timestamp":1719007682259,"id":"agad33uz39d82lj","previousEventId":"odcay2d3nuj5irs","previousOperationId":"3nuux8292w1hy4x"}
{"type":"log","timestamp":1719007682259,"level":"debug","message":"pdf-utils postprocess start","meta":{"rootId":"lpr1z1pln6l3hck","id":"lpr1z1pln6l3hck"},"id":"harsv63k61fhigj","previousOperationId":"3nuux8292w1hy4x"}
{"type":"log","timestamp":1719007682272,"level":"debug","message":"pdf-utils postprocess end","meta":{"rootId":"lpr1z1pln6l3hck","id":"lpr1z1pln6l3hck"},"id":"8rx73aijqrnywuj","previousOperationId":"3nuux8292w1hy4x"}
{"type":"operationEnd","operationId":"khrqh595z6kmpq0","timestamp":1719007682272,"id":"3uokksvey7sfjtc","previousEventId":"agad33uz39d82lj","previousOperationId":"3nuux8292w1hy4x"}
{"type":"log","timestamp":1719007682273,"level":"info","message":"pdf-utils pdf processing was finished","meta":{"rootId":"lpr1z1pln6l3hck","id":"lpr1z1pln6l3hck"},"id":"c624pzzqjezjqqe","previousOperationId":"khrqh595z6kmpq0"}
{"type":"log","timestamp":1719007682273,"level":"debug","message":"Skipping storing report.","meta":{"rootId":"lpr1z1pln6l3hck","id":"lpr1z1pln6l3hck"},"id":"k3boh1qzoa4v350","previousOperationId":"khrqh595z6kmpq0"}
{"type":"log","timestamp":1719007682273,"level":"info","message":"Rendering request 137 finished in 986 ms","meta":{"rootId":"lpr1z1pln6l3hck","id":"lpr1z1pln6l3hck"},"id":"pe1bacmog4eh5dj","previousOperationId":"khrqh595z6kmpq0"}
{"type":"operationEnd","subtype":"render","operationId":"3o6soc2cokm45rl","timestamp":1719007682273,"id":"db4jz715dujoie4","previousEventId":"3uokksvey7sfjtc","previousOperationId":"khrqh595z6kmpq0"}
{"type":"operationEnd","doDiffs":false,"previousEventId":"slqvcul7vp5t4bt","previousOperationId":"lsgo3ri8qetds0e","operationId":"lsgo3ri8qetds0e","timestamp":1719007682273,"id":"g7xuqg6ah8wcsr7"}
