{"type":"operationStart","subtype":"profile","data":{"_id":"X9AfeYL9Zi2H5TdA","timestamp":"2024-06-21T21:10:22.980Z","state":"queued","mode":"standard","creationDate":"2024-06-21T21:10:22.983Z","modificationDate":"2024-06-21T21:10:22.983Z","shortid":"ucDe8-p","$entitySet":"profiles"},"doDiffs":false,"timestamp":1719004222982,"id":"8x0nz3y47vzciwq","previousOperationId":null,"operationId":"p1oz2z2jne73y7b"}
{"type":"log","level":"info","message":"Render request 104 queued for execution and waiting for available worker","previousOperationId":"p1oz2z2jne73y7b","timestamp":1719004222982,"id":"rsznf233eg7tusp"}
{"type":"operationStart","subtype":"render","name":"anonymous","previousOperationId":"p1oz2z2jne73y7b","timestamp":1719004222985,"id":"t74kpf8zk2i8s0a","previousEventId":"8x0nz3y47vzciwq","operationId":"up6wqzu0pjbrmwv"}
{"type":"log","timestamp":1719004222985,"level":"info","message":"Starting rendering request 104","meta":{"rootId":"lrd4n7h8aid5p2y","id":"lrd4n7h8aid5p2y"},"id":"9of3wxn9hbkveka","previousOperationId":"up6wqzu0pjbrmwv"}
{"type":"log","timestamp":1719004222985,"level":"info","message":"Rendering anonymous template { recipe: chrome-pdf, engine: handlebars }","meta":{"rootId":"lrd4n7h8aid5p2y","id":"lrd4n7h8aid5p2y"},"id":"rbq25uzu2lu2w6u","previousOperationId":"up6wqzu0pjbrmwv"}
{"type":"log","timestamp":1719004222985,"level":"debug","message":"Inline data specified.","meta":{"rootId":"lrd4n7h8aid5p2y","id":"lrd4n7h8aid5p2y"},"id":"y7pwxqvw6i6lhp2","previousOperationId":"up6wqzu0pjbrmwv"}
{"type":"log","timestamp":1719004222986,"level":"debug","message":"Base url not specified, skipping its injection.","meta":{"rootId":"lrd4n7h8aid5p2y","id":"lrd4n7h8aid5p2y"},"id":"y2cs7vgbku1ky7c","previousOperationId":"up6wqzu0pjbrmwv"}
{"type":"operationStart","subtype":"engine","name":"handlebars","timestamp":1719004222986,"id":"qo2ndfu2asl0ze4","previousEventId":"t74kpf8zk2i8s0a","operationId":"iw8wdolhs5ol4nw","previousOperationId":"up6wqzu0pjbrmwv"}
{"type":"log","timestamp":1719004222986,"level":"debug","message":"Rendering engine handlebars","meta":{"rootId":"lrd4n7h8aid5p2y","id":"lrd4n7h8aid5p2y"},"id":"yvj04361d27ivxd","previousOperationId":"iw8wdolhs5ol4nw"}
{"type":"operationEnd","operationId":"iw8wdolhs5ol4nw","timestamp":1719004222989,"id":"e4fy5krqkpyexzo","previousEventId":"qo2ndfu2asl0ze4","previousOperationId":"iw8wdolhs5ol4nw"}
{"type":"operationStart","subtype":"recipe","name":"chrome-pdf","timestamp":1719004222989,"id":"aj0vvgzudugz3cb","previousEventId":"e4fy5krqkpyexzo","operationId":"a77ve64waewy62c","previousOperationId":"iw8wdolhs5ol4nw"}
{"type":"log","timestamp":1719004222989,"level":"debug","message":"Executing recipe chrome-pdf","meta":{"rootId":"lrd4n7h8aid5p2y","id":"lrd4n7h8aid5p2y"},"id":"6hsnueucs9grde9","previousOperationId":"a77ve64waewy62c"}
{"type":"log","timestamp":1719004222990,"level":"debug","message":"Starting child request to render pdf header","meta":{"rootId":"lrd4n7h8aid5p2y","id":"lrd4n7h8aid5p2y"},"id":"53m000sy99tkodd","previousOperationId":"a77ve64waewy62c"}
{"type":"operationStart","subtype":"render","name":"anonymous","previousOperationId":"a77ve64waewy62c","timestamp":1719004222990,"id":"39ht4u408vtcrcm","previousEventId":"aj0vvgzudugz3cb","operationId":"kh4izg422w3dtsy"}
{"type":"log","timestamp":1719004222990,"level":"info","message":"Starting rendering (child) request","meta":{"rootId":"lrd4n7h8aid5p2y","id":"zkoyx2c9hcojb9t"},"id":"kz3s5sgamht8rt8","previousOperationId":"kh4izg422w3dtsy"}
{"type":"log","timestamp":1719004222990,"level":"info","message":"Rendering anonymous template { recipe: html, engine: handlebars }","meta":{"rootId":"lrd4n7h8aid5p2y","id":"zkoyx2c9hcojb9t"},"id":"6q3qpok0bcb8rca","previousOperationId":"kh4izg422w3dtsy"}
{"type":"log","timestamp":1719004222990,"level":"debug","message":"Inline data specified.","meta":{"rootId":"lrd4n7h8aid5p2y","id":"zkoyx2c9hcojb9t"},"id":"dpr2lt3e2m0f15u","previousOperationId":"kh4izg422w3dtsy"}
{"type":"log","timestamp":1719004222990,"level":"debug","message":"Base url not specified, skipping its injection.","meta":{"rootId":"lrd4n7h8aid5p2y","id":"zkoyx2c9hcojb9t"},"id":"3bdn4gntaxt9g92","previousOperationId":"kh4izg422w3dtsy"}
{"type":"operationStart","subtype":"engine","name":"handlebars","timestamp":1719004222990,"id":"cghor4sweduquva","previousEventId":"39ht4u408vtcrcm","operationId":"jw5tco7ufuzvg3z","previousOperationId":"kh4izg422w3dtsy"}
{"type":"log","timestamp":1719004222990,"level":"debug","message":"Rendering engine handlebars","meta":{"rootId":"lrd4n7h8aid5p2y","id":"zkoyx2c9hcojb9t"},"id":"kns4qkrm36vo1dh","previousOperationId":"jw5tco7ufuzvg3z"}
{"type":"operationEnd","operationId":"jw5tco7ufuzvg3z","timestamp":1719004222996,"id":"scyoudbtv40r14s","previousEventId":"cghor4sweduquva","previousOperationId":"jw5tco7ufuzvg3z"}
{"type":"operationStart","subtype":"recipe","name":"html","timestamp":1719004222996,"id":"1drvepxuxvhxtnm","previousEventId":"scyoudbtv40r14s","operationId":"6flh89tbt545n8f","previousOperationId":"jw5tco7ufuzvg3z"}
{"type":"log","timestamp":1719004222996,"level":"debug","message":"Executing recipe html","meta":{"rootId":"lrd4n7h8aid5p2y","id":"zkoyx2c9hcojb9t"},"id":"naeb32954dkbr20","previousOperationId":"6flh89tbt545n8f"}
{"type":"operationEnd","operationId":"6flh89tbt545n8f","timestamp":1719004222996,"id":"0vc6qywucmr60vw","previousEventId":"1drvepxuxvhxtnm","previousOperationId":"6flh89tbt545n8f"}
{"type":"log","timestamp":1719004222996,"level":"debug","message":"Skipping storing report.","meta":{"rootId":"lrd4n7h8aid5p2y","id":"zkoyx2c9hcojb9t"},"id":"j1fb4m1x3ckw6hi","previousOperationId":"6flh89tbt545n8f"}
{"type":"log","timestamp":1719004222996,"level":"info","message":"Rendering (child) request finished in 17 ms","meta":{"rootId":"lrd4n7h8aid5p2y","id":"zkoyx2c9hcojb9t"},"id":"tnwhbrr3q37dm5p","previousOperationId":"6flh89tbt545n8f"}
{"type":"operationEnd","subtype":"render","operationId":"kh4izg422w3dtsy","timestamp":1719004222997,"id":"29iovp3vedwozou","previousEventId":"0vc6qywucmr60vw","previousOperationId":"6flh89tbt545n8f"}
{"type":"log","timestamp":1719004222997,"level":"debug","message":"Starting child request to render pdf footer","meta":{"rootId":"lrd4n7h8aid5p2y","id":"lrd4n7h8aid5p2y"},"id":"draoc8vtbx2lxo2","previousOperationId":"a77ve64waewy62c"}
{"type":"operationStart","subtype":"render","name":"anonymous","previousOperationId":"a77ve64waewy62c","timestamp":1719004222997,"id":"eqz70al4fgceoyq","previousEventId":"aj0vvgzudugz3cb","operationId":"cl3n8mmh1oa1a87"}
{"type":"log","timestamp":1719004222997,"level":"info","message":"Starting rendering (child) request","meta":{"rootId":"lrd4n7h8aid5p2y","id":"r5xstizrm7ovact"},"id":"01rq2b819fc3eqi","previousOperationId":"cl3n8mmh1oa1a87"}
{"type":"log","timestamp":1719004222997,"level":"info","message":"Rendering anonymous template { recipe: html, engine: handlebars }","meta":{"rootId":"lrd4n7h8aid5p2y","id":"r5xstizrm7ovact"},"id":"6ze0l3ebmjffieu","previousOperationId":"cl3n8mmh1oa1a87"}
{"type":"log","timestamp":1719004222998,"level":"debug","message":"Inline data specified.","meta":{"rootId":"lrd4n7h8aid5p2y","id":"r5xstizrm7ovact"},"id":"0xljsvfive0s0go","previousOperationId":"cl3n8mmh1oa1a87"}
{"type":"log","timestamp":1719004222999,"level":"debug","message":"Base url not specified, skipping its injection.","meta":{"rootId":"lrd4n7h8aid5p2y","id":"r5xstizrm7ovact"},"id":"qdtwu2unlfaiyw1","previousOperationId":"cl3n8mmh1oa1a87"}
{"type":"operationStart","subtype":"engine","name":"handlebars","timestamp":1719004222999,"id":"xukk1tyq00h3y5d","previousEventId":"eqz70al4fgceoyq","operationId":"e1wy032jc5ftrc9","previousOperationId":"cl3n8mmh1oa1a87"}
{"type":"log","timestamp":1719004222999,"level":"debug","message":"Rendering engine handlebars","meta":{"rootId":"lrd4n7h8aid5p2y","id":"r5xstizrm7ovact"},"id":"lz0imge2lf43lc1","previousOperationId":"e1wy032jc5ftrc9"}
{"type":"operationEnd","operationId":"e1wy032jc5ftrc9","timestamp":1719004223006,"id":"xqivkyx15fe7475","previousEventId":"xukk1tyq00h3y5d","previousOperationId":"e1wy032jc5ftrc9"}
{"type":"operationStart","subtype":"recipe","name":"html","timestamp":1719004223006,"id":"i3xycj7zjqa94hi","previousEventId":"xqivkyx15fe7475","operationId":"y7kd1mchcz5jtjr","previousOperationId":"e1wy032jc5ftrc9"}
{"type":"log","timestamp":1719004223006,"level":"debug","message":"Executing recipe html","meta":{"rootId":"lrd4n7h8aid5p2y","id":"r5xstizrm7ovact"},"id":"brzlv8fipou8ezu","previousOperationId":"y7kd1mchcz5jtjr"}
{"type":"operationEnd","operationId":"y7kd1mchcz5jtjr","timestamp":1719004223006,"id":"5q5p2enbehhq617","previousEventId":"i3xycj7zjqa94hi","previousOperationId":"y7kd1mchcz5jtjr"}
{"type":"log","timestamp":1719004223006,"level":"debug","message":"Skipping storing report.","meta":{"rootId":"lrd4n7h8aid5p2y","id":"r5xstizrm7ovact"},"id":"5jz7thxkzmux2kp","previousOperationId":"y7kd1mchcz5jtjr"}
{"type":"log","timestamp":1719004223006,"level":"info","message":"Rendering (child) request finished in 27 ms","meta":{"rootId":"lrd4n7h8aid5p2y","id":"r5xstizrm7ovact"},"id":"6w300gg1m96hv6h","previousOperationId":"y7kd1mchcz5jtjr"}
{"type":"operationEnd","subtype":"render","operationId":"cl3n8mmh1oa1a87","timestamp":1719004223006,"id":"poxkff1wkw44yty","previousEventId":"5q5p2enbehhq617","previousOperationId":"y7kd1mchcz5jtjr"}
{"type":"log","timestamp":1719004223008,"level":"debug","message":"Converting with chrome Chrome/126.0.6478.61 using chrome-pool strategy","meta":{"rootId":"lrd4n7h8aid5p2y","id":"lrd4n7h8aid5p2y"},"id":"nd8y01k0lz9n621","previousOperationId":"a77ve64waewy62c"}
{"type":"log","timestamp":1719004223114,"level":"debug","message":"Page request: GET (document) file:///var/folders/2x/1bhfw9mx7d775w_jmf56lcp80000gn/T/jsreport/autocleanup/27ebe2d1-3480-4628-a82b-3a25bbc09171-chrome-pdf.html","meta":{"rootId":"lrd4n7h8aid5p2y","id":"lrd4n7h8aid5p2y"},"id":"gcqt9biomvjujif","previousOperationId":"a77ve64waewy62c"}
{"type":"log","timestamp":1719004223119,"level":"debug","message":"Page request finished: GET (document) 200 file:///var/folders/2x/1bhfw9mx7d775w_jmf56lcp80000gn/T/jsreport/autocleanup/27ebe2d1-3480-4628-a82b-3a25bbc09171-chrome-pdf.html","meta":{"rootId":"lrd4n7h8aid5p2y","id":"lrd4n7h8aid5p2y"},"id":"odbs5o5wjs94lcx","previousOperationId":"a77ve64waewy62c"}
{"type":"log","timestamp":1719004223119,"level":"debug","message":"Page request: GET (stylesheet) https://cdnjs.cloudflare.com/ajax/libs/metro/4.1.5/css/metro.min.css","meta":{"rootId":"lrd4n7h8aid5p2y","id":"lrd4n7h8aid5p2y"},"id":"08vv4h1prbr9for","previousOperationId":"a77ve64waewy62c"}
{"type":"log","timestamp":1719004223119,"level":"debug","message":"Page request: GET (script) https://cdnjs.cloudflare.com/ajax/libs/Chart.js/2.7.2/Chart.min.js","meta":{"rootId":"lrd4n7h8aid5p2y","id":"lrd4n7h8aid5p2y"},"id":"styqi9f3yqnfk5c","previousOperationId":"a77ve64waewy62c"}
{"type":"log","timestamp":1719004223127,"level":"debug","message":"Page request finished: GET (stylesheet) 200 https://cdnjs.cloudflare.com/ajax/libs/metro/4.1.5/css/metro.min.css","meta":{"rootId":"lrd4n7h8aid5p2y","id":"lrd4n7h8aid5p2y"},"id":"5pu0k4halq6s4jq","previousOperationId":"a77ve64waewy62c"}
{"type":"log","timestamp":1719004223127,"level":"debug","message":"Page request finished: GET (script) 200 https://cdnjs.cloudflare.com/ajax/libs/Chart.js/2.7.2/Chart.min.js","meta":{"rootId":"lrd4n7h8aid5p2y","id":"lrd4n7h8aid5p2y"},"id":"xkgcd6mv299axys","previousOperationId":"a77ve64waewy62c"}
{"type":"log","timestamp":1719004223169,"level":"debug","message":"Running chrome with params {\"displayHeaderFooter\":true,\"headerTemplate\":\"...\",\"footerTemplate\":\"...\",\"marginTop\":\"2cm\",\"marginRight\":\"1cm\",\"marginBottom\":\"2cm\",\"marginLeft\":\"1cm\",\"timeout\":59973,\"margin\":{\"top\":\"2cm\",\"right\":\"1cm\",\"bottom\":\"2cm\",\"left\":\"1cm\"},\"printBackground\":true}","meta":{"rootId":"lrd4n7h8aid5p2y","id":"lrd4n7h8aid5p2y"},"id":"hej8qi7n0lfwsim","previousOperationId":"a77ve64waewy62c"}
{"type":"operationEnd","operationId":"a77ve64waewy62c","timestamp":1719004223354,"id":"sc7woxhu5hyv1pt","previousEventId":"aj0vvgzudugz3cb","previousOperationId":"a77ve64waewy62c"}
{"type":"log","timestamp":1719004223354,"level":"debug","message":"Skipping storing report.","meta":{"rootId":"lrd4n7h8aid5p2y","id":"lrd4n7h8aid5p2y"},"id":"64qo0jkh1mm4ly5","previousOperationId":"a77ve64waewy62c"}
{"type":"log","timestamp":1719004223354,"level":"info","message":"Rendering request 104 finished in 375 ms","meta":{"rootId":"lrd4n7h8aid5p2y","id":"lrd4n7h8aid5p2y"},"id":"hubbpszg1u40dbv","previousOperationId":"a77ve64waewy62c"}
{"type":"operationEnd","subtype":"render","operationId":"up6wqzu0pjbrmwv","timestamp":1719004223354,"id":"wtlicnqxwj90d7u","previousEventId":"sc7woxhu5hyv1pt","previousOperationId":"a77ve64waewy62c"}
{"type":"operationEnd","doDiffs":false,"previousEventId":"8x0nz3y47vzciwq","previousOperationId":"p1oz2z2jne73y7b","operationId":"p1oz2z2jne73y7b","timestamp":1719004223355,"id":"jh1mjbrryxv8ijl"}
