{"type":"operationStart","subtype":"profile","data":{"_id":"66jlQBBNMRFcNClP","timestamp":"2024-06-24T15:15:11.111Z","state":"queued","mode":"standard","creationDate":"2024-06-24T15:15:11.117Z","modificationDate":"2024-06-24T15:15:11.117Z","shortid":"5RadUyC","$entitySet":"profiles"},"doDiffs":false,"timestamp":1719242111115,"id":"xjfonawcgsbfltk","previousOperationId":null,"operationId":"44rqmfkskfhwb62"}
{"type":"log","level":"info","message":"Render request 2 queued for execution and waiting for available worker","previousOperationId":"44rqmfkskfhwb62","timestamp":1719242111116,"id":"mgim3cq8nbpvnti"}
{"type":"operationStart","subtype":"render","name":"anonymous","previousOperationId":"44rqmfkskfhwb62","timestamp":1719242111148,"id":"dwfwzmujwovpghc","previousEventId":"xjfonawcgsbfltk","operationId":"ho8uhinfyzpbkk5"}
{"type":"log","timestamp":1719242111149,"level":"info","message":"Starting rendering request 2","meta":{"rootId":"lvk775676rij522","id":"lvk775676rij522"},"id":"jcjpbp32abriop1","previousOperationId":"ho8uhinfyzpbkk5"}
{"type":"log","timestamp":1719242111150,"level":"info","message":"Rendering anonymous template { recipe: chrome-pdf, engine: handlebars }","meta":{"rootId":"lvk775676rij522","id":"lvk775676rij522"},"id":"ovavsh0bc9kqxtq","previousOperationId":"ho8uhinfyzpbkk5"}
{"type":"log","timestamp":1719242111150,"level":"debug","message":"Inline data specified.","meta":{"rootId":"lvk775676rij522","id":"lvk775676rij522"},"id":"ravza7wzjxbwyny","previousOperationId":"ho8uhinfyzpbkk5"}
{"type":"log","timestamp":1719242111151,"level":"debug","message":"Base url not specified, skipping its injection.","meta":{"rootId":"lvk775676rij522","id":"lvk775676rij522"},"id":"vvqmvea88ccafh0","previousOperationId":"ho8uhinfyzpbkk5"}
{"type":"operationStart","subtype":"engine","name":"handlebars","timestamp":1719242111153,"id":"ar33pg9zix62gin","previousEventId":"dwfwzmujwovpghc","operationId":"oa7h76cjfcim0da","previousOperationId":"ho8uhinfyzpbkk5"}
{"type":"log","timestamp":1719242111153,"level":"debug","message":"Rendering engine handlebars","meta":{"rootId":"lvk775676rij522","id":"lvk775676rij522"},"id":"o7f69pb0r55s02u","previousOperationId":"oa7h76cjfcim0da"}
{"type":"operationEnd","operationId":"oa7h76cjfcim0da","timestamp":1719242111409,"id":"amiyklvv3d7acb8","previousEventId":"ar33pg9zix62gin","previousOperationId":"oa7h76cjfcim0da"}
{"type":"operationStart","subtype":"recipe","name":"chrome-pdf","timestamp":1719242111410,"id":"13440j7vw38ga5l","previousEventId":"amiyklvv3d7acb8","operationId":"n6lvbcehad5z192","previousOperationId":"oa7h76cjfcim0da"}
{"type":"log","timestamp":1719242111410,"level":"debug","message":"Executing recipe chrome-pdf","meta":{"rootId":"lvk775676rij522","id":"lvk775676rij522"},"id":"jaho1bfo6cp0djg","previousOperationId":"n6lvbcehad5z192"}
{"type":"log","timestamp":1719242113113,"level":"debug","message":"Converting with chrome Chrome/126.0.6478.61 using chrome-pool strategy","meta":{"rootId":"lvk775676rij522","id":"lvk775676rij522"},"id":"1ysyykk6g46qzeb","previousOperationId":"n6lvbcehad5z192"}
{"type":"log","timestamp":1719242113652,"level":"debug","message":"Page request: GET (document) file:///var/folders/2x/1bhfw9mx7d775w_jmf56lcp80000gn/T/jsreport/autocleanup/69d99d0d-b9d8-4945-a556-9831024f41d3-chrome-pdf.html","meta":{"rootId":"lvk775676rij522","id":"lvk775676rij522"},"id":"qmm5r4x22z14b9h","previousOperationId":"n6lvbcehad5z192"}
{"type":"log","timestamp":1719242113680,"level":"debug","message":"Page request finished: GET (document) 200 file:///var/folders/2x/1bhfw9mx7d775w_jmf56lcp80000gn/T/jsreport/autocleanup/69d99d0d-b9d8-4945-a556-9831024f41d3-chrome-pdf.html","meta":{"rootId":"lvk775676rij522","id":"lvk775676rij522"},"id":"fju2f8bjsdgjc2o","previousOperationId":"n6lvbcehad5z192"}
{"type":"log","timestamp":1719242113680,"level":"debug","message":"Page request: GET (stylesheet) https://cdnjs.cloudflare.com/ajax/libs/metro/4.1.5/css/metro.min.css","meta":{"rootId":"lvk775676rij522","id":"lvk775676rij522"},"id":"ngkt9vr9br8zenp","previousOperationId":"n6lvbcehad5z192"}
{"type":"log","timestamp":1719242113681,"level":"debug","message":"Page request: GET (script) https://cdnjs.cloudflare.com/ajax/libs/Chart.js/2.7.2/Chart.min.js","meta":{"rootId":"lvk775676rij522","id":"lvk775676rij522"},"id":"1e8eup269zl3tb9","previousOperationId":"n6lvbcehad5z192"}
{"type":"log","timestamp":1719242113841,"level":"debug","message":"Page request finished: GET (script) 200 https://cdnjs.cloudflare.com/ajax/libs/Chart.js/2.7.2/Chart.min.js","meta":{"rootId":"lvk775676rij522","id":"lvk775676rij522"},"id":"s2vggf7d4mzo00b","previousOperationId":"n6lvbcehad5z192"}
{"type":"log","timestamp":1719242114085,"level":"debug","message":"Page request finished: GET (stylesheet) 200 https://cdnjs.cloudflare.com/ajax/libs/metro/4.1.5/css/metro.min.css","meta":{"rootId":"lvk775676rij522","id":"lvk775676rij522"},"id":"nhpzt2pu63ynl74","previousOperationId":"n6lvbcehad5z192"}
{"type":"log","timestamp":1719242114105,"level":"debug","message":"Running chrome with params {\"marginTop\":\"4cm\",\"marginRight\":\"1.5cm\",\"marginLeft\":\"1.5cm\",\"marginBottom\":\"1.5cm\",\"timeout\":59501,\"margin\":{\"top\":\"4cm\",\"right\":\"1.5cm\",\"bottom\":\"1.5cm\",\"left\":\"1.5cm\"},\"printBackground\":true}","meta":{"rootId":"lvk775676rij522","id":"lvk775676rij522"},"id":"7narivyggt0pzco","previousOperationId":"n6lvbcehad5z192"}
{"type":"operationEnd","operationId":"n6lvbcehad5z192","timestamp":1719242114177,"id":"oz9g2i88t7jp8v1","previousEventId":"13440j7vw38ga5l","previousOperationId":"n6lvbcehad5z192"}
{"type":"log","timestamp":1719242114177,"level":"debug","message":"Skipping storing report.","meta":{"rootId":"lvk775676rij522","id":"lvk775676rij522"},"id":"x81grawb7ydegqu","previousOperationId":"n6lvbcehad5z192"}
{"type":"log","timestamp":1719242114177,"level":"info","message":"Rendering request 2 finished in 3071 ms","meta":{"rootId":"lvk775676rij522","id":"lvk775676rij522"},"id":"hioqyulgn33vp7b","previousOperationId":"n6lvbcehad5z192"}
{"type":"operationEnd","subtype":"render","operationId":"ho8uhinfyzpbkk5","timestamp":1719242114177,"id":"v88hwsn1o8dvvxz","previousEventId":"oz9g2i88t7jp8v1","previousOperationId":"n6lvbcehad5z192"}
{"type":"operationEnd","doDiffs":false,"previousEventId":"xjfonawcgsbfltk","previousOperationId":"44rqmfkskfhwb62","operationId":"44rqmfkskfhwb62","timestamp":1719242114178,"id":"g48g7ux76re4c2i"}
