{"type":"operationStart","subtype":"profile","data":{"_id":"duh5zfrhhaZD890w","timestamp":"2024-06-22T02:10:21.700Z","state":"queued","mode":"standard","creationDate":"2024-06-22T02:10:21.702Z","modificationDate":"2024-06-22T02:10:21.702Z","shortid":"IWFe_1C","$entitySet":"profiles"},"doDiffs":false,"timestamp":1719022221701,"id":"qm7y675eus0tfjp","previousOperationId":null,"operationId":"g82usuemenyqglt"}
{"type":"log","level":"info","message":"Render request 171 queued for execution and waiting for available worker","previousOperationId":"g82usuemenyqglt","timestamp":1719022221701,"id":"1gmt78fuhfo0knc"}
{"type":"operationStart","subtype":"render","name":"anonymous","previousOperationId":"g82usuemenyqglt","timestamp":1719022221708,"id":"uw15pk4jvgbsus9","previousEventId":"qm7y675eus0tfjp","operationId":"qzlcz0p1pqahlmb"}
{"type":"log","timestamp":1719022221709,"level":"info","message":"Starting rendering request 171","meta":{"rootId":"lyeuj1mb2s0au22","id":"lyeuj1mb2s0au22"},"id":"8jvcx32xevzfyii","previousOperationId":"qzlcz0p1pqahlmb"}
{"type":"log","timestamp":1719022221709,"level":"info","message":"Rendering anonymous template { recipe: chrome-pdf, engine: handlebars }","meta":{"rootId":"lyeuj1mb2s0au22","id":"lyeuj1mb2s0au22"},"id":"3an2zungtlrff3q","previousOperationId":"qzlcz0p1pqahlmb"}
{"type":"log","timestamp":1719022221709,"level":"debug","message":"Inline data specified.","meta":{"rootId":"lyeuj1mb2s0au22","id":"lyeuj1mb2s0au22"},"id":"a5d94m4ly1lsl53","previousOperationId":"qzlcz0p1pqahlmb"}
{"type":"log","timestamp":1719022221710,"level":"debug","message":"Base url not specified, skipping its injection.","meta":{"rootId":"lyeuj1mb2s0au22","id":"lyeuj1mb2s0au22"},"id":"3kyef7x66cst5kk","previousOperationId":"qzlcz0p1pqahlmb"}
{"type":"operationStart","subtype":"engine","name":"handlebars","timestamp":1719022221710,"id":"lc51tv75f8rbmvu","previousEventId":"uw15pk4jvgbsus9","operationId":"rbyiwjeiv7cdufg","previousOperationId":"qzlcz0p1pqahlmb"}
{"type":"log","timestamp":1719022221710,"level":"debug","message":"Rendering engine handlebars","meta":{"rootId":"lyeuj1mb2s0au22","id":"lyeuj1mb2s0au22"},"id":"xi6zrjna9d7fdfx","previousOperationId":"rbyiwjeiv7cdufg"}
{"type":"log","timestamp":1719022221726,"level":"debug","message":"(console:log) Pdf utils adding group field, value: \"France\"","meta":{"userLevel":true,"rootId":"lyeuj1mb2s0au22","id":"lyeuj1mb2s0au22"},"id":"lkmvsj19faotk2u","previousOperationId":"rbyiwjeiv7cdufg"}
{"type":"log","timestamp":1719022221728,"level":"debug","message":"(console:log) Pdf utils adding group field, value: \"Germany\"","meta":{"userLevel":true,"rootId":"lyeuj1mb2s0au22","id":"lyeuj1mb2s0au22"},"id":"3r4gte4dxl2atm6","previousOperationId":"rbyiwjeiv7cdufg"}
{"type":"operationEnd","operationId":"rbyiwjeiv7cdufg","timestamp":1719022221728,"id":"9x4m1yt89ob7c2w","previousEventId":"lc51tv75f8rbmvu","previousOperationId":"rbyiwjeiv7cdufg"}
{"type":"operationStart","subtype":"recipe","name":"chrome-pdf","timestamp":1719022221728,"id":"6hwo0o5ha9ionk7","previousEventId":"9x4m1yt89ob7c2w","operationId":"bn64yb5lpolx1do","previousOperationId":"rbyiwjeiv7cdufg"}
{"type":"log","timestamp":1719022221728,"level":"debug","message":"Executing recipe chrome-pdf","meta":{"rootId":"lyeuj1mb2s0au22","id":"lyeuj1mb2s0au22"},"id":"ycmpe2m61lgb9c5","previousOperationId":"bn64yb5lpolx1do"}
{"type":"log","timestamp":1719022221737,"level":"debug","message":"Converting with chrome Chrome/126.0.6478.61 using chrome-pool strategy","meta":{"rootId":"lyeuj1mb2s0au22","id":"lyeuj1mb2s0au22"},"id":"obu8xwkznmtz3x9","previousOperationId":"bn64yb5lpolx1do"}
{"type":"log","timestamp":1719022221809,"level":"debug","message":"Page request: GET (document) file:///var/folders/2x/1bhfw9mx7d775w_jmf56lcp80000gn/T/jsreport/autocleanup/9ef00941-9070-4ec4-ba00-6305b1bd0100-chrome-pdf.html","meta":{"rootId":"lyeuj1mb2s0au22","id":"lyeuj1mb2s0au22"},"id":"a4y1peu23gtydhi","previousOperationId":"bn64yb5lpolx1do"}
{"type":"log","timestamp":1719022221818,"level":"debug","message":"Page request finished: GET (document) 200 file:///var/folders/2x/1bhfw9mx7d775w_jmf56lcp80000gn/T/jsreport/autocleanup/9ef00941-9070-4ec4-ba00-6305b1bd0100-chrome-pdf.html","meta":{"rootId":"lyeuj1mb2s0au22","id":"lyeuj1mb2s0au22"},"id":"a26oi4m64yel6rg","previousOperationId":"bn64yb5lpolx1do"}
{"type":"log","timestamp":1719022221818,"level":"debug","message":"Page request: GET (stylesheet) https://cdnjs.cloudflare.com/ajax/libs/metro/4.1.5/css/metro.min.css","meta":{"rootId":"lyeuj1mb2s0au22","id":"lyeuj1mb2s0au22"},"id":"8yi4k85u58ca2v1","previousOperationId":"bn64yb5lpolx1do"}
{"type":"log","timestamp":1719022221818,"level":"debug","message":"Page request: GET (script) https://cdnjs.cloudflare.com/ajax/libs/Chart.js/2.7.2/Chart.min.js","meta":{"rootId":"lyeuj1mb2s0au22","id":"lyeuj1mb2s0au22"},"id":"men7mdl2qdmuyhv","previousOperationId":"bn64yb5lpolx1do"}
{"type":"log","timestamp":1719022221828,"level":"debug","message":"Page request finished: GET (stylesheet) 200 https://cdnjs.cloudflare.com/ajax/libs/metro/4.1.5/css/metro.min.css","meta":{"rootId":"lyeuj1mb2s0au22","id":"lyeuj1mb2s0au22"},"id":"q5py578x4s8b8dw","previousOperationId":"bn64yb5lpolx1do"}
{"type":"log","timestamp":1719022221828,"level":"debug","message":"Page request finished: GET (script) 200 https://cdnjs.cloudflare.com/ajax/libs/Chart.js/2.7.2/Chart.min.js","meta":{"rootId":"lyeuj1mb2s0au22","id":"lyeuj1mb2s0au22"},"id":"1iqc1pid7g39001","previousOperationId":"bn64yb5lpolx1do"}
{"type":"log","timestamp":1719022221864,"level":"debug","message":"Running chrome with params {\"marginTop\":\"4cm\",\"marginRight\":\"1.5cm\",\"marginLeft\":\"1.5cm\",\"marginBottom\":\"1.5cm\",\"timeout\":59966,\"margin\":{\"top\":\"4cm\",\"right\":\"1.5cm\",\"bottom\":\"1.5cm\",\"left\":\"1.5cm\"},\"printBackground\":true}","meta":{"rootId":"lyeuj1mb2s0au22","id":"lyeuj1mb2s0au22"},"id":"9c7gghm60bigx68","previousOperationId":"bn64yb5lpolx1do"}
{"type":"operationEnd","operationId":"bn64yb5lpolx1do","timestamp":1719022222027,"id":"hggnuqujo3y85lm","previousEventId":"6hwo0o5ha9ionk7","previousOperationId":"bn64yb5lpolx1do"}
{"type":"log","timestamp":1719022222027,"level":"info","message":"pdf-utils is starting pdf processing","meta":{"rootId":"lyeuj1mb2s0au22","id":"lyeuj1mb2s0au22"},"id":"pr5xpd0xn3lchww","previousOperationId":"bn64yb5lpolx1do"}
{"type":"operationStart","subtype":"pdfUtils","name":"pdf utils","timestamp":1719022222027,"id":"a13c4u8q1o9yne0","previousEventId":"hggnuqujo3y85lm","operationId":"vilre5uais86rbe","previousOperationId":"bn64yb5lpolx1do"}
{"type":"log","timestamp":1719022222027,"level":"debug","message":"pdf-utils detected 1 pdf operation(s) to process","meta":{"rootId":"lyeuj1mb2s0au22","id":"lyeuj1mb2s0au22"},"id":"rybscejyrepq8bv","previousOperationId":"vilre5uais86rbe"}
{"type":"log","timestamp":1719022222040,"level":"debug","message":"pdf-utils running pdf operation merge","meta":{"rootId":"lyeuj1mb2s0au22","id":"lyeuj1mb2s0au22"},"id":"1jkvwitjsizv9ho","previousOperationId":"vilre5uais86rbe"}
{"type":"operationStart","subtype":"pdfUtilsMerge","name":"pdf utils merge","previousOperationId":"vilre5uais86rbe","timestamp":1719022222040,"id":"dg4oy3u9kmthha9","previousEventId":"a13c4u8q1o9yne0","operationId":"vqe5ojlpteldunt"}
{"type":"operationStart","subtype":"render","name":"anonymous","previousOperationId":"vqe5ojlpteldunt","timestamp":1719022222040,"id":"3i4ozwp16h7mgn7","previousEventId":"dg4oy3u9kmthha9","operationId":"5ysomyias0rnfjd"}
{"type":"log","timestamp":1719022222040,"level":"info","message":"Starting rendering (child) request","meta":{"rootId":"lyeuj1mb2s0au22","id":"x477lnsaa1zz07x"},"id":"dpzt9dqc8k25f4j","previousOperationId":"5ysomyias0rnfjd"}
{"type":"log","timestamp":1719022222040,"level":"info","message":"Rendering anonymous template { recipe: chrome-pdf, engine: handlebars }","meta":{"rootId":"lyeuj1mb2s0au22","id":"x477lnsaa1zz07x"},"id":"bku6kg2rs02mqx8","previousOperationId":"5ysomyias0rnfjd"}
{"type":"log","timestamp":1719022222040,"level":"debug","message":"Inline data specified.","meta":{"rootId":"lyeuj1mb2s0au22","id":"x477lnsaa1zz07x"},"id":"54nhvdpdsneuhq0","previousOperationId":"5ysomyias0rnfjd"}
{"type":"log","timestamp":1719022222040,"level":"debug","message":"Base url not specified, skipping its injection.","meta":{"rootId":"lyeuj1mb2s0au22","id":"x477lnsaa1zz07x"},"id":"09mssgxzv6dipj0","previousOperationId":"5ysomyias0rnfjd"}
{"type":"operationStart","subtype":"engine","name":"handlebars","timestamp":1719022222040,"id":"p7ewyjwovuo3p2h","previousEventId":"3i4ozwp16h7mgn7","operationId":"4jrchcihzlwsxfe","previousOperationId":"5ysomyias0rnfjd"}
{"type":"log","timestamp":1719022222040,"level":"debug","message":"Rendering engine handlebars","meta":{"rootId":"lyeuj1mb2s0au22","id":"x477lnsaa1zz07x"},"id":"hzm6vbeplu7d6kv","previousOperationId":"4jrchcihzlwsxfe"}
{"type":"operationEnd","operationId":"4jrchcihzlwsxfe","timestamp":1719022222047,"id":"mjpzn8tigpznhqm","previousEventId":"p7ewyjwovuo3p2h","previousOperationId":"4jrchcihzlwsxfe"}
{"type":"operationStart","subtype":"recipe","name":"chrome-pdf","timestamp":1719022222047,"id":"e1ccqamm4d1046d","previousEventId":"mjpzn8tigpznhqm","operationId":"yt6ozuvnng2t7qh","previousOperationId":"4jrchcihzlwsxfe"}
{"type":"log","timestamp":1719022222047,"level":"debug","message":"Executing recipe chrome-pdf","meta":{"rootId":"lyeuj1mb2s0au22","id":"x477lnsaa1zz07x"},"id":"8qzoyw4gydhahem","previousOperationId":"yt6ozuvnng2t7qh"}
{"type":"log","timestamp":1719022222048,"level":"debug","message":"Converting with chrome Chrome/126.0.6478.61 using chrome-pool strategy","meta":{"rootId":"lyeuj1mb2s0au22","id":"x477lnsaa1zz07x"},"id":"2up6u8zys58stjk","previousOperationId":"yt6ozuvnng2t7qh"}
{"type":"log","timestamp":1719022222065,"level":"debug","message":"Page request: GET (document) file:///var/folders/2x/1bhfw9mx7d775w_jmf56lcp80000gn/T/jsreport/autocleanup/d63d6d9f-9656-49c0-b543-14ed1080860b-chrome-pdf.html","meta":{"rootId":"lyeuj1mb2s0au22","id":"x477lnsaa1zz07x"},"id":"a5ksf1nvyro3dpm","previousOperationId":"yt6ozuvnng2t7qh"}
{"type":"log","timestamp":1719022222069,"level":"debug","message":"Page request finished: GET (document) 200 file:///var/folders/2x/1bhfw9mx7d775w_jmf56lcp80000gn/T/jsreport/autocleanup/d63d6d9f-9656-49c0-b543-14ed1080860b-chrome-pdf.html","meta":{"rootId":"lyeuj1mb2s0au22","id":"x477lnsaa1zz07x"},"id":"yvstakusifl5cyl","previousOperationId":"yt6ozuvnng2t7qh"}
{"type":"log","timestamp":1719022222070,"level":"debug","message":"Page request: GET (stylesheet) https://cdnjs.cloudflare.com/ajax/libs/metro/4.1.5/css/metro.min.css","meta":{"rootId":"lyeuj1mb2s0au22","id":"x477lnsaa1zz07x"},"id":"a28wyx9o2blur67","previousOperationId":"yt6ozuvnng2t7qh"}
{"type":"log","timestamp":1719022222077,"level":"debug","message":"Page request finished: GET (stylesheet) 200 https://cdnjs.cloudflare.com/ajax/libs/metro/4.1.5/css/metro.min.css","meta":{"rootId":"lyeuj1mb2s0au22","id":"x477lnsaa1zz07x"},"id":"w8muo4abt5ukj0m","previousOperationId":"yt6ozuvnng2t7qh"}
{"type":"log","timestamp":1719022222104,"level":"debug","message":"Running chrome with params {\"timeout\":59647,\"margin\":{},\"printBackground\":true}","meta":{"rootId":"lyeuj1mb2s0au22","id":"x477lnsaa1zz07x"},"id":"yzo5avkizcb5o88","previousOperationId":"yt6ozuvnng2t7qh"}
{"type":"operationEnd","operationId":"yt6ozuvnng2t7qh","timestamp":1719022222223,"id":"87859yhkffrla6z","previousEventId":"e1ccqamm4d1046d","previousOperationId":"yt6ozuvnng2t7qh"}
{"type":"log","timestamp":1719022222223,"level":"debug","message":"Skipping storing report.","meta":{"rootId":"lyeuj1mb2s0au22","id":"x477lnsaa1zz07x"},"id":"7hqg0z5t478r216","previousOperationId":"yt6ozuvnng2t7qh"}
{"type":"log","timestamp":1719022222223,"level":"info","message":"Rendering (child) request finished in 528 ms","meta":{"rootId":"lyeuj1mb2s0au22","id":"x477lnsaa1zz07x"},"id":"b2tvpy9gqt1e1fd","previousOperationId":"yt6ozuvnng2t7qh"}
{"type":"operationEnd","subtype":"render","operationId":"5ysomyias0rnfjd","timestamp":1719022222223,"id":"avn0htfrqjunuqt","previousEventId":"87859yhkffrla6z","previousOperationId":"yt6ozuvnng2t7qh"}
{"type":"operationEnd","operationId":"vqe5ojlpteldunt","timestamp":1719022222247,"id":"w3r2yvohlqpthpj","previousEventId":"dg4oy3u9kmthha9","previousOperationId":"vqe5ojlpteldunt"}
{"type":"log","timestamp":1719022222247,"level":"debug","message":"pdf-utils postprocess start","meta":{"rootId":"lyeuj1mb2s0au22","id":"lyeuj1mb2s0au22"},"id":"u09x2jl1d5rzkc5","previousOperationId":"vqe5ojlpteldunt"}
{"type":"log","timestamp":1719022222271,"level":"debug","message":"pdf-utils postprocess end","meta":{"rootId":"lyeuj1mb2s0au22","id":"lyeuj1mb2s0au22"},"id":"nvoon1u21ougdq4","previousOperationId":"vqe5ojlpteldunt"}
{"type":"operationEnd","operationId":"vilre5uais86rbe","timestamp":1719022222271,"id":"dxz61l08cvdmidx","previousEventId":"w3r2yvohlqpthpj","previousOperationId":"vqe5ojlpteldunt"}
{"type":"log","timestamp":1719022222271,"level":"info","message":"pdf-utils pdf processing was finished","meta":{"rootId":"lyeuj1mb2s0au22","id":"lyeuj1mb2s0au22"},"id":"uhdaur7m6x4g2eo","previousOperationId":"vilre5uais86rbe"}
{"type":"log","timestamp":1719022222271,"level":"debug","message":"Skipping storing report.","meta":{"rootId":"lyeuj1mb2s0au22","id":"lyeuj1mb2s0au22"},"id":"9caupyjk9bfpe44","previousOperationId":"vilre5uais86rbe"}
{"type":"log","timestamp":1719022222271,"level":"info","message":"Rendering request 171 finished in 576 ms","meta":{"rootId":"lyeuj1mb2s0au22","id":"lyeuj1mb2s0au22"},"id":"k0w6epzntdkr099","previousOperationId":"vilre5uais86rbe"}
{"type":"operationEnd","subtype":"render","operationId":"qzlcz0p1pqahlmb","timestamp":1719022222271,"id":"9fes2mk7reco9kh","previousEventId":"dxz61l08cvdmidx","previousOperationId":"vilre5uais86rbe"}
{"type":"operationEnd","doDiffs":false,"previousEventId":"qm7y675eus0tfjp","previousOperationId":"g82usuemenyqglt","operationId":"g82usuemenyqglt","timestamp":1719022222272,"id":"pipjd0ncws0tfpx"}
