{"type":"operationStart","subtype":"profile","data":{"_id":"iG3j7yTGxpq7m0cy","timestamp":"2024-06-21T22:08:44.624Z","state":"queued","mode":"standard","creationDate":"2024-06-21T22:08:44.626Z","modificationDate":"2024-06-21T22:08:44.626Z","shortid":"keerHbW","$entitySet":"profiles"},"doDiffs":false,"timestamp":1719007724625,"id":"3uvphv9cs7hw9rl","previousOperationId":null,"operationId":"mjrb4hl9qrefddv"}
{"type":"log","level":"info","message":"Render request 139 queued for execution and waiting for available worker","previousOperationId":"mjrb4hl9qrefddv","timestamp":1719007724625,"id":"40mhjoqoniwnhyc"}
{"type":"operationStart","subtype":"render","name":"anonymous","previousOperationId":"mjrb4hl9qrefddv","timestamp":1719007724634,"id":"ue4lxo9spf7204q","previousEventId":"3uvphv9cs7hw9rl","operationId":"on19ghzrnfiv1d2"}
{"type":"log","timestamp":1719007724634,"level":"info","message":"Starting rendering request 139","meta":{"rootId":"m2qtz3vz3y9fjcf","id":"m2qtz3vz3y9fjcf"},"id":"akyr11fc7dkg50t","previousOperationId":"on19ghzrnfiv1d2"}
{"type":"log","timestamp":1719007724634,"level":"info","message":"Rendering anonymous template { recipe: chrome-pdf, engine: handlebars }","meta":{"rootId":"m2qtz3vz3y9fjcf","id":"m2qtz3vz3y9fjcf"},"id":"nvxiz849dl9se9t","previousOperationId":"on19ghzrnfiv1d2"}
{"type":"log","timestamp":1719007724634,"level":"debug","message":"Inline data specified.","meta":{"rootId":"m2qtz3vz3y9fjcf","id":"m2qtz3vz3y9fjcf"},"id":"zmt9okhsa0zyizq","previousOperationId":"on19ghzrnfiv1d2"}
{"type":"log","timestamp":1719007724635,"level":"debug","message":"Base url not specified, skipping its injection.","meta":{"rootId":"m2qtz3vz3y9fjcf","id":"m2qtz3vz3y9fjcf"},"id":"m74ero0njcb3xsn","previousOperationId":"on19ghzrnfiv1d2"}
{"type":"operationStart","subtype":"engine","name":"handlebars","timestamp":1719007724635,"id":"eg6g8i9v9d1yg3o","previousEventId":"ue4lxo9spf7204q","operationId":"wdgzvp71b2rwblf","previousOperationId":"on19ghzrnfiv1d2"}
{"type":"log","timestamp":1719007724635,"level":"debug","message":"Rendering engine handlebars","meta":{"rootId":"m2qtz3vz3y9fjcf","id":"m2qtz3vz3y9fjcf"},"id":"83599m03uou4i02","previousOperationId":"wdgzvp71b2rwblf"}
{"type":"log","timestamp":1719007724644,"level":"debug","message":"(console:log) Pdf utils adding group field, value: \"France\"","meta":{"userLevel":true,"rootId":"m2qtz3vz3y9fjcf","id":"m2qtz3vz3y9fjcf"},"id":"sfsdcuw2wq91165","previousOperationId":"wdgzvp71b2rwblf"}
{"type":"log","timestamp":1719007724644,"level":"debug","message":"(console:log) Pdf utils adding group field, value: \"Germany\"","meta":{"userLevel":true,"rootId":"m2qtz3vz3y9fjcf","id":"m2qtz3vz3y9fjcf"},"id":"zztldcgk283t242","previousOperationId":"wdgzvp71b2rwblf"}
{"type":"operationEnd","operationId":"wdgzvp71b2rwblf","timestamp":1719007724644,"id":"3y11c3t2o72190c","previousEventId":"eg6g8i9v9d1yg3o","previousOperationId":"wdgzvp71b2rwblf"}
{"type":"operationStart","subtype":"recipe","name":"chrome-pdf","timestamp":1719007724644,"id":"2xdr4axtdhn96fi","previousEventId":"3y11c3t2o72190c","operationId":"um19r5jz3312dmy","previousOperationId":"wdgzvp71b2rwblf"}
{"type":"log","timestamp":1719007724644,"level":"debug","message":"Executing recipe chrome-pdf","meta":{"rootId":"m2qtz3vz3y9fjcf","id":"m2qtz3vz3y9fjcf"},"id":"2apim0o5a6dvwqo","previousOperationId":"um19r5jz3312dmy"}
{"type":"log","timestamp":1719007724647,"level":"debug","message":"Converting with chrome Chrome/126.0.6478.61 using chrome-pool strategy","meta":{"rootId":"m2qtz3vz3y9fjcf","id":"m2qtz3vz3y9fjcf"},"id":"so6gsrog8ejx13a","previousOperationId":"um19r5jz3312dmy"}
{"type":"log","timestamp":1719007724736,"level":"debug","message":"Page request: GET (document) file:///var/folders/2x/1bhfw9mx7d775w_jmf56lcp80000gn/T/jsreport/autocleanup/0f351edb-12c2-4f18-a92f-bf5712704bd7-chrome-pdf.html","meta":{"rootId":"m2qtz3vz3y9fjcf","id":"m2qtz3vz3y9fjcf"},"id":"6isc8x17lqeza8x","previousOperationId":"um19r5jz3312dmy"}
{"type":"log","timestamp":1719007724740,"level":"debug","message":"Page request finished: GET (document) 200 file:///var/folders/2x/1bhfw9mx7d775w_jmf56lcp80000gn/T/jsreport/autocleanup/0f351edb-12c2-4f18-a92f-bf5712704bd7-chrome-pdf.html","meta":{"rootId":"m2qtz3vz3y9fjcf","id":"m2qtz3vz3y9fjcf"},"id":"2ikgqs6n2loxczl","previousOperationId":"um19r5jz3312dmy"}
{"type":"log","timestamp":1719007724741,"level":"debug","message":"Page request: GET (stylesheet) https://cdnjs.cloudflare.com/ajax/libs/metro/4.1.5/css/metro.min.css","meta":{"rootId":"m2qtz3vz3y9fjcf","id":"m2qtz3vz3y9fjcf"},"id":"nsp8icrct6h4qtp","previousOperationId":"um19r5jz3312dmy"}
{"type":"log","timestamp":1719007724741,"level":"debug","message":"Page request: GET (script) https://cdnjs.cloudflare.com/ajax/libs/Chart.js/2.7.2/Chart.min.js","meta":{"rootId":"m2qtz3vz3y9fjcf","id":"m2qtz3vz3y9fjcf"},"id":"iswoawnz58j5uew","previousOperationId":"um19r5jz3312dmy"}
{"type":"log","timestamp":1719007724748,"level":"debug","message":"Page request finished: GET (stylesheet) 200 https://cdnjs.cloudflare.com/ajax/libs/metro/4.1.5/css/metro.min.css","meta":{"rootId":"m2qtz3vz3y9fjcf","id":"m2qtz3vz3y9fjcf"},"id":"zkc8fqxmwb5cewf","previousOperationId":"um19r5jz3312dmy"}
{"type":"log","timestamp":1719007724748,"level":"debug","message":"Page request finished: GET (script) 200 https://cdnjs.cloudflare.com/ajax/libs/Chart.js/2.7.2/Chart.min.js","meta":{"rootId":"m2qtz3vz3y9fjcf","id":"m2qtz3vz3y9fjcf"},"id":"1au35544zbh87pl","previousOperationId":"um19r5jz3312dmy"}
{"type":"log","timestamp":1719007724789,"level":"debug","message":"Running chrome with params {\"marginTop\":\"2cm\",\"marginRight\":\"1.5cm\",\"marginLeft\":\"1.5cm\",\"marginBottom\":\"1.5cm\",\"timeout\":59973,\"margin\":{\"top\":\"2cm\",\"right\":\"1.5cm\",\"bottom\":\"1.5cm\",\"left\":\"1.5cm\"},\"printBackground\":true}","meta":{"rootId":"m2qtz3vz3y9fjcf","id":"m2qtz3vz3y9fjcf"},"id":"i471rcjfyyf9msk","previousOperationId":"um19r5jz3312dmy"}
{"type":"operationEnd","operationId":"um19r5jz3312dmy","timestamp":1719007724992,"id":"lvx4m1owrb21bwo","previousEventId":"2xdr4axtdhn96fi","previousOperationId":"um19r5jz3312dmy"}
{"type":"log","timestamp":1719007724992,"level":"info","message":"pdf-utils is starting pdf processing","meta":{"rootId":"m2qtz3vz3y9fjcf","id":"m2qtz3vz3y9fjcf"},"id":"vdjktk46odr9e9t","previousOperationId":"um19r5jz3312dmy"}
{"type":"operationStart","subtype":"pdfUtils","name":"pdf utils","timestamp":1719007724994,"id":"ojwblnux57k98op","previousEventId":"lvx4m1owrb21bwo","operationId":"zbaqn55steld4p0","previousOperationId":"um19r5jz3312dmy"}
{"type":"log","timestamp":1719007724994,"level":"debug","message":"pdf-utils detected 1 pdf operation(s) to process","meta":{"rootId":"m2qtz3vz3y9fjcf","id":"m2qtz3vz3y9fjcf"},"id":"83ccue2mta36cyg","previousOperationId":"zbaqn55steld4p0"}
{"type":"log","timestamp":1719007725012,"level":"debug","message":"pdf-utils running pdf operation merge","meta":{"rootId":"m2qtz3vz3y9fjcf","id":"m2qtz3vz3y9fjcf"},"id":"mjk20lzlkmyr3ob","previousOperationId":"zbaqn55steld4p0"}
{"type":"operationStart","subtype":"pdfUtilsMerge","name":"pdf utils merge","previousOperationId":"zbaqn55steld4p0","timestamp":1719007725012,"id":"g0v6toonp2z5v49","previousEventId":"ojwblnux57k98op","operationId":"12jyyf4sugy30pj"}
{"type":"operationStart","subtype":"render","name":"anonymous","previousOperationId":"12jyyf4sugy30pj","timestamp":1719007725012,"id":"f9l8r23iwvabmpi","previousEventId":"g0v6toonp2z5v49","operationId":"ib05aa35i7pv910"}
{"type":"log","timestamp":1719007725012,"level":"info","message":"Starting rendering (child) request","meta":{"rootId":"m2qtz3vz3y9fjcf","id":"1llh8hwzcgcnlsm"},"id":"usigo7myfyz4kg5","previousOperationId":"ib05aa35i7pv910"}
{"type":"log","timestamp":1719007725012,"level":"info","message":"Rendering anonymous template { recipe: chrome-pdf, engine: handlebars }","meta":{"rootId":"m2qtz3vz3y9fjcf","id":"1llh8hwzcgcnlsm"},"id":"zcqp9w1ndrawjb3","previousOperationId":"ib05aa35i7pv910"}
{"type":"log","timestamp":1719007725012,"level":"debug","message":"Inline data specified.","meta":{"rootId":"m2qtz3vz3y9fjcf","id":"1llh8hwzcgcnlsm"},"id":"jp9u6a8k1mfmvi0","previousOperationId":"ib05aa35i7pv910"}
{"type":"log","timestamp":1719007725016,"level":"debug","message":"Base url not specified, skipping its injection.","meta":{"rootId":"m2qtz3vz3y9fjcf","id":"1llh8hwzcgcnlsm"},"id":"pmcbz0gbluoxwdt","previousOperationId":"ib05aa35i7pv910"}
{"type":"operationStart","subtype":"engine","name":"handlebars","timestamp":1719007725016,"id":"ve1ytyf94rbenf4","previousEventId":"f9l8r23iwvabmpi","operationId":"0l0uxifn1h338n6","previousOperationId":"ib05aa35i7pv910"}
{"type":"log","timestamp":1719007725016,"level":"debug","message":"Rendering engine handlebars","meta":{"rootId":"m2qtz3vz3y9fjcf","id":"1llh8hwzcgcnlsm"},"id":"6bl7rhcsq0hog9h","previousOperationId":"0l0uxifn1h338n6"}
{"type":"operationEnd","operationId":"0l0uxifn1h338n6","timestamp":1719007725019,"id":"q2a90txh3l9wym7","previousEventId":"ve1ytyf94rbenf4","previousOperationId":"0l0uxifn1h338n6"}
{"type":"operationStart","subtype":"recipe","name":"chrome-pdf","timestamp":1719007725020,"id":"7tm6j99n8po1eah","previousEventId":"q2a90txh3l9wym7","operationId":"0lan356p1ix8qpy","previousOperationId":"0l0uxifn1h338n6"}
{"type":"log","timestamp":1719007725020,"level":"debug","message":"Executing recipe chrome-pdf","meta":{"rootId":"m2qtz3vz3y9fjcf","id":"1llh8hwzcgcnlsm"},"id":"ct0hoii3px9shky","previousOperationId":"0lan356p1ix8qpy"}
{"type":"log","timestamp":1719007725020,"level":"debug","message":"Converting with chrome Chrome/126.0.6478.61 using chrome-pool strategy","meta":{"rootId":"m2qtz3vz3y9fjcf","id":"1llh8hwzcgcnlsm"},"id":"gj27jk3a6sejbd1","previousOperationId":"0lan356p1ix8qpy"}
{"type":"log","timestamp":1719007725084,"level":"debug","message":"Page request: GET (document) file:///var/folders/2x/1bhfw9mx7d775w_jmf56lcp80000gn/T/jsreport/autocleanup/6c3f813d-8cd0-46ee-b4c4-5374640553ca-chrome-pdf.html","meta":{"rootId":"m2qtz3vz3y9fjcf","id":"1llh8hwzcgcnlsm"},"id":"3hoaovzuqzzzmdp","previousOperationId":"0lan356p1ix8qpy"}
{"type":"log","timestamp":1719007725088,"level":"debug","message":"Page request finished: GET (document) 200 file:///var/folders/2x/1bhfw9mx7d775w_jmf56lcp80000gn/T/jsreport/autocleanup/6c3f813d-8cd0-46ee-b4c4-5374640553ca-chrome-pdf.html","meta":{"rootId":"m2qtz3vz3y9fjcf","id":"1llh8hwzcgcnlsm"},"id":"8wb0zj2khx0eke8","previousOperationId":"0lan356p1ix8qpy"}
{"type":"log","timestamp":1719007725089,"level":"debug","message":"Running chrome with params {\"timeout\":59598,\"margin\":{},\"printBackground\":true}","meta":{"rootId":"m2qtz3vz3y9fjcf","id":"1llh8hwzcgcnlsm"},"id":"jfzpidadzpibpob","previousOperationId":"0lan356p1ix8qpy"}
{"type":"operationEnd","operationId":"0lan356p1ix8qpy","timestamp":1719007725124,"id":"ssvcyr17ewn7aiw","previousEventId":"7tm6j99n8po1eah","previousOperationId":"0lan356p1ix8qpy"}
{"type":"log","timestamp":1719007725124,"level":"debug","message":"Skipping storing report.","meta":{"rootId":"m2qtz3vz3y9fjcf","id":"1llh8hwzcgcnlsm"},"id":"8t6nkb6w2sn1qrd","previousOperationId":"0lan356p1ix8qpy"}
{"type":"log","timestamp":1719007725124,"level":"info","message":"Rendering (child) request finished in 506 ms","meta":{"rootId":"m2qtz3vz3y9fjcf","id":"1llh8hwzcgcnlsm"},"id":"y0q7yilaneaaw7u","previousOperationId":"0lan356p1ix8qpy"}
{"type":"operationEnd","subtype":"render","operationId":"ib05aa35i7pv910","timestamp":1719007725124,"id":"nxvqzudqfw5yiku","previousEventId":"ssvcyr17ewn7aiw","previousOperationId":"0lan356p1ix8qpy"}
{"type":"operationEnd","operationId":"12jyyf4sugy30pj","timestamp":1719007725136,"id":"txurwhmv073gv4d","previousEventId":"g0v6toonp2z5v49","previousOperationId":"12jyyf4sugy30pj"}
{"type":"log","timestamp":1719007725136,"level":"debug","message":"pdf-utils postprocess start","meta":{"rootId":"m2qtz3vz3y9fjcf","id":"m2qtz3vz3y9fjcf"},"id":"0rrksie7vpnszti","previousOperationId":"12jyyf4sugy30pj"}
{"type":"log","timestamp":1719007725150,"level":"debug","message":"pdf-utils postprocess end","meta":{"rootId":"m2qtz3vz3y9fjcf","id":"m2qtz3vz3y9fjcf"},"id":"i4a4hygglqg3ego","previousOperationId":"12jyyf4sugy30pj"}
{"type":"operationEnd","operationId":"zbaqn55steld4p0","timestamp":1719007725150,"id":"tly9web9b1o8hoe","previousEventId":"txurwhmv073gv4d","previousOperationId":"12jyyf4sugy30pj"}
{"type":"log","timestamp":1719007725151,"level":"info","message":"pdf-utils pdf processing was finished","meta":{"rootId":"m2qtz3vz3y9fjcf","id":"m2qtz3vz3y9fjcf"},"id":"y2bsi8dwy0pod9d","previousOperationId":"zbaqn55steld4p0"}
{"type":"log","timestamp":1719007725151,"level":"debug","message":"Skipping storing report.","meta":{"rootId":"m2qtz3vz3y9fjcf","id":"m2qtz3vz3y9fjcf"},"id":"fx9a7oxklcjd0um","previousOperationId":"zbaqn55steld4p0"}
{"type":"log","timestamp":1719007725151,"level":"info","message":"Rendering request 139 finished in 533 ms","meta":{"rootId":"m2qtz3vz3y9fjcf","id":"m2qtz3vz3y9fjcf"},"id":"u6dutm3eusqwz9y","previousOperationId":"zbaqn55steld4p0"}
{"type":"operationEnd","subtype":"render","operationId":"on19ghzrnfiv1d2","timestamp":1719007725151,"id":"2c8b75ank99jaji","previousEventId":"tly9web9b1o8hoe","previousOperationId":"zbaqn55steld4p0"}
{"type":"operationEnd","doDiffs":false,"previousEventId":"3uvphv9cs7hw9rl","previousOperationId":"mjrb4hl9qrefddv","operationId":"mjrb4hl9qrefddv","timestamp":1719007725152,"id":"0u9kfbrd0maw461"}
