{"type":"operationStart","subtype":"profile","data":{"_id":"DfMCniVVQiYDtxvg","timestamp":"2024-06-22T02:10:05.984Z","state":"queued","mode":"standard","creationDate":"2024-06-22T02:10:05.986Z","modificationDate":"2024-06-22T02:10:05.986Z","shortid":"RqHuGCC","$entitySet":"profiles"},"doDiffs":false,"timestamp":1719022205985,"id":"ry7osssdgo7hotm","previousOperationId":null,"operationId":"66sxd35zxlz8uq2"}
{"type":"log","level":"info","message":"Render request 170 queued for execution and waiting for available worker","previousOperationId":"66sxd35zxlz8uq2","timestamp":1719022205985,"id":"4621mtgm6rdlven"}
{"type":"operationStart","subtype":"render","name":"anonymous","previousOperationId":"66sxd35zxlz8uq2","timestamp":1719022206003,"id":"1f977sl0zn7cqoj","previousEventId":"ry7osssdgo7hotm","operationId":"3zp092k81l2ql9a"}
{"type":"log","timestamp":1719022206004,"level":"info","message":"Starting rendering request 170","meta":{"rootId":"m2x1ox9x40a075y","id":"m2x1ox9x40a075y"},"id":"lydnmd69f3r9cki","previousOperationId":"3zp092k81l2ql9a"}
{"type":"log","timestamp":1719022206005,"level":"info","message":"Rendering anonymous template { recipe: chrome-pdf, engine: handlebars }","meta":{"rootId":"m2x1ox9x40a075y","id":"m2x1ox9x40a075y"},"id":"79kgadhdxkrdwu0","previousOperationId":"3zp092k81l2ql9a"}
{"type":"log","timestamp":1719022206005,"level":"debug","message":"Inline data specified.","meta":{"rootId":"m2x1ox9x40a075y","id":"m2x1ox9x40a075y"},"id":"mtmqbpqkc61swjr","previousOperationId":"3zp092k81l2ql9a"}
{"type":"log","timestamp":1719022206006,"level":"debug","message":"Base url not specified, skipping its injection.","meta":{"rootId":"m2x1ox9x40a075y","id":"m2x1ox9x40a075y"},"id":"e23a8tehmfa7iuk","previousOperationId":"3zp092k81l2ql9a"}
{"type":"operationStart","subtype":"engine","name":"handlebars","timestamp":1719022206007,"id":"3639siuchlwhnlz","previousEventId":"1f977sl0zn7cqoj","operationId":"c02anwqkdpjnfco","previousOperationId":"3zp092k81l2ql9a"}
{"type":"log","timestamp":1719022206007,"level":"debug","message":"Rendering engine handlebars","meta":{"rootId":"m2x1ox9x40a075y","id":"m2x1ox9x40a075y"},"id":"32vbens82529gcz","previousOperationId":"c02anwqkdpjnfco"}
{"type":"log","timestamp":1719022206025,"level":"debug","message":"(console:log) Pdf utils adding group field, value: \"France\"","meta":{"userLevel":true,"rootId":"m2x1ox9x40a075y","id":"m2x1ox9x40a075y"},"id":"6mmt74e3cgr7klb","previousOperationId":"c02anwqkdpjnfco"}
{"type":"log","timestamp":1719022206027,"level":"debug","message":"(console:log) Pdf utils adding group field, value: \"Germany\"","meta":{"userLevel":true,"rootId":"m2x1ox9x40a075y","id":"m2x1ox9x40a075y"},"id":"v4ei8yo1ovq1jdl","previousOperationId":"c02anwqkdpjnfco"}
{"type":"operationEnd","operationId":"c02anwqkdpjnfco","timestamp":1719022206027,"id":"o42te6u2zy0gj1m","previousEventId":"3639siuchlwhnlz","previousOperationId":"c02anwqkdpjnfco"}
{"type":"operationStart","subtype":"recipe","name":"chrome-pdf","timestamp":1719022206028,"id":"fkar5v073z88u2q","previousEventId":"o42te6u2zy0gj1m","operationId":"sgcwcaq4q2tnq5s","previousOperationId":"c02anwqkdpjnfco"}
{"type":"log","timestamp":1719022206028,"level":"debug","message":"Executing recipe chrome-pdf","meta":{"rootId":"m2x1ox9x40a075y","id":"m2x1ox9x40a075y"},"id":"pg0qgcsnb4vv2ue","previousOperationId":"sgcwcaq4q2tnq5s"}
{"type":"log","timestamp":1719022206044,"level":"debug","message":"Converting with chrome Chrome/126.0.6478.61 using chrome-pool strategy","meta":{"rootId":"m2x1ox9x40a075y","id":"m2x1ox9x40a075y"},"id":"iq17wzd796nwrr9","previousOperationId":"sgcwcaq4q2tnq5s"}
{"type":"log","timestamp":1719022206341,"level":"debug","message":"Page request: GET (document) file:///var/folders/2x/1bhfw9mx7d775w_jmf56lcp80000gn/T/jsreport/autocleanup/d7f05f6d-9c9c-4072-afbd-b449847900f0-chrome-pdf.html","meta":{"rootId":"m2x1ox9x40a075y","id":"m2x1ox9x40a075y"},"id":"o55blwz9dy2irym","previousOperationId":"sgcwcaq4q2tnq5s"}
{"type":"log","timestamp":1719022206362,"level":"debug","message":"Page request finished: GET (document) 200 file:///var/folders/2x/1bhfw9mx7d775w_jmf56lcp80000gn/T/jsreport/autocleanup/d7f05f6d-9c9c-4072-afbd-b449847900f0-chrome-pdf.html","meta":{"rootId":"m2x1ox9x40a075y","id":"m2x1ox9x40a075y"},"id":"bqalaxrh0nq4lqm","previousOperationId":"sgcwcaq4q2tnq5s"}
{"type":"log","timestamp":1719022206365,"level":"debug","message":"Page request: GET (stylesheet) https://cdnjs.cloudflare.com/ajax/libs/metro/4.1.5/css/metro.min.css","meta":{"rootId":"m2x1ox9x40a075y","id":"m2x1ox9x40a075y"},"id":"m58ywgrx3ijeeb0","previousOperationId":"sgcwcaq4q2tnq5s"}
{"type":"log","timestamp":1719022206365,"level":"debug","message":"Page request: GET (script) https://cdnjs.cloudflare.com/ajax/libs/Chart.js/2.7.2/Chart.min.js","meta":{"rootId":"m2x1ox9x40a075y","id":"m2x1ox9x40a075y"},"id":"f35k5a3e9wpyxt1","previousOperationId":"sgcwcaq4q2tnq5s"}
{"type":"log","timestamp":1719022206378,"level":"debug","message":"Page request finished: GET (stylesheet) 200 https://cdnjs.cloudflare.com/ajax/libs/metro/4.1.5/css/metro.min.css","meta":{"rootId":"m2x1ox9x40a075y","id":"m2x1ox9x40a075y"},"id":"jvdutg1lyyuox0b","previousOperationId":"sgcwcaq4q2tnq5s"}
{"type":"log","timestamp":1719022206381,"level":"debug","message":"Page request finished: GET (script) 200 https://cdnjs.cloudflare.com/ajax/libs/Chart.js/2.7.2/Chart.min.js","meta":{"rootId":"m2x1ox9x40a075y","id":"m2x1ox9x40a075y"},"id":"2rbgcl52fjvjfio","previousOperationId":"sgcwcaq4q2tnq5s"}
{"type":"log","timestamp":1719022206477,"level":"debug","message":"Running chrome with params {\"marginTop\":\"4cm\",\"marginRight\":\"1.5cm\",\"marginLeft\":\"1.5cm\",\"marginBottom\":\"1.5cm\",\"timeout\":59949,\"margin\":{\"top\":\"4cm\",\"right\":\"1.5cm\",\"bottom\":\"1.5cm\",\"left\":\"1.5cm\"},\"printBackground\":true}","meta":{"rootId":"m2x1ox9x40a075y","id":"m2x1ox9x40a075y"},"id":"p8nxf85nwrm64kg","previousOperationId":"sgcwcaq4q2tnq5s"}
{"type":"operationEnd","operationId":"sgcwcaq4q2tnq5s","timestamp":1719022206785,"id":"whqqcvnwm15eb4z","previousEventId":"fkar5v073z88u2q","previousOperationId":"sgcwcaq4q2tnq5s"}
{"type":"log","timestamp":1719022206785,"level":"info","message":"pdf-utils is starting pdf processing","meta":{"rootId":"m2x1ox9x40a075y","id":"m2x1ox9x40a075y"},"id":"ltbhsp9h8a4cv91","previousOperationId":"sgcwcaq4q2tnq5s"}
{"type":"operationStart","subtype":"pdfUtils","name":"pdf utils","timestamp":1719022206786,"id":"07fa97r0ram7bwm","previousEventId":"whqqcvnwm15eb4z","operationId":"xhax44v7qbdt3dg","previousOperationId":"sgcwcaq4q2tnq5s"}
{"type":"log","timestamp":1719022206786,"level":"debug","message":"pdf-utils detected 1 pdf operation(s) to process","meta":{"rootId":"m2x1ox9x40a075y","id":"m2x1ox9x40a075y"},"id":"xbvzvqzedu33rhp","previousOperationId":"xhax44v7qbdt3dg"}
{"type":"log","timestamp":1719022206806,"level":"debug","message":"pdf-utils running pdf operation merge","meta":{"rootId":"m2x1ox9x40a075y","id":"m2x1ox9x40a075y"},"id":"1q63vmlun49tyi9","previousOperationId":"xhax44v7qbdt3dg"}
{"type":"operationStart","subtype":"pdfUtilsMerge","name":"pdf utils merge","previousOperationId":"xhax44v7qbdt3dg","timestamp":1719022206806,"id":"zc4grkxc7cfsgq6","previousEventId":"07fa97r0ram7bwm","operationId":"hz0yvwl944r8vsa"}
{"type":"operationStart","subtype":"render","name":"anonymous","previousOperationId":"hz0yvwl944r8vsa","timestamp":1719022206806,"id":"99hlkqlphrfis4h","previousEventId":"zc4grkxc7cfsgq6","operationId":"h4qbi5q1azbqmt1"}
{"type":"log","timestamp":1719022206806,"level":"info","message":"Starting rendering (child) request","meta":{"rootId":"m2x1ox9x40a075y","id":"g7eo5i7nbeiveff"},"id":"9tjnnktxecs5vif","previousOperationId":"h4qbi5q1azbqmt1"}
{"type":"log","timestamp":1719022206806,"level":"info","message":"Rendering anonymous template { recipe: chrome-pdf, engine: handlebars }","meta":{"rootId":"m2x1ox9x40a075y","id":"g7eo5i7nbeiveff"},"id":"llnjbcbbsed86pb","previousOperationId":"h4qbi5q1azbqmt1"}
{"type":"log","timestamp":1719022206806,"level":"debug","message":"Inline data specified.","meta":{"rootId":"m2x1ox9x40a075y","id":"g7eo5i7nbeiveff"},"id":"vu519l0o6wk3v4h","previousOperationId":"h4qbi5q1azbqmt1"}
{"type":"log","timestamp":1719022206808,"level":"debug","message":"Base url not specified, skipping its injection.","meta":{"rootId":"m2x1ox9x40a075y","id":"g7eo5i7nbeiveff"},"id":"hru19cfrde99jac","previousOperationId":"h4qbi5q1azbqmt1"}
{"type":"operationStart","subtype":"engine","name":"handlebars","timestamp":1719022206808,"id":"xikom59ze8zcyvc","previousEventId":"99hlkqlphrfis4h","operationId":"1jwzaro8koiglbu","previousOperationId":"h4qbi5q1azbqmt1"}
{"type":"log","timestamp":1719022206808,"level":"debug","message":"Rendering engine handlebars","meta":{"rootId":"m2x1ox9x40a075y","id":"g7eo5i7nbeiveff"},"id":"8ot3s51jut1s4mk","previousOperationId":"1jwzaro8koiglbu"}
{"type":"operationEnd","operationId":"1jwzaro8koiglbu","timestamp":1719022206824,"id":"ezhihblwhdqnbve","previousEventId":"xikom59ze8zcyvc","previousOperationId":"1jwzaro8koiglbu"}
{"type":"operationStart","subtype":"recipe","name":"chrome-pdf","timestamp":1719022206824,"id":"bpxeli1gozwkedj","previousEventId":"ezhihblwhdqnbve","operationId":"74t35t68ez4m8vs","previousOperationId":"1jwzaro8koiglbu"}
{"type":"log","timestamp":1719022206824,"level":"debug","message":"Executing recipe chrome-pdf","meta":{"rootId":"m2x1ox9x40a075y","id":"g7eo5i7nbeiveff"},"id":"4nzik0xf73m0d8m","previousOperationId":"74t35t68ez4m8vs"}
{"type":"log","timestamp":1719022206828,"level":"debug","message":"Converting with chrome Chrome/126.0.6478.61 using chrome-pool strategy","meta":{"rootId":"m2x1ox9x40a075y","id":"g7eo5i7nbeiveff"},"id":"mf3sv7lel3tlgii","previousOperationId":"74t35t68ez4m8vs"}
{"type":"log","timestamp":1719022206898,"level":"debug","message":"Page request: GET (document) file:///var/folders/2x/1bhfw9mx7d775w_jmf56lcp80000gn/T/jsreport/autocleanup/04d5e53e-2a6a-4d58-8260-6d6ca172390a-chrome-pdf.html","meta":{"rootId":"m2x1ox9x40a075y","id":"g7eo5i7nbeiveff"},"id":"8famki3rvg0k1zf","previousOperationId":"74t35t68ez4m8vs"}
{"type":"log","timestamp":1719022206903,"level":"debug","message":"Page request finished: GET (document) 200 file:///var/folders/2x/1bhfw9mx7d775w_jmf56lcp80000gn/T/jsreport/autocleanup/04d5e53e-2a6a-4d58-8260-6d6ca172390a-chrome-pdf.html","meta":{"rootId":"m2x1ox9x40a075y","id":"g7eo5i7nbeiveff"},"id":"m8q7es9vh6gm460","previousOperationId":"74t35t68ez4m8vs"}
{"type":"log","timestamp":1719022206903,"level":"debug","message":"Page request: GET (stylesheet) https://cdnjs.cloudflare.com/ajax/libs/metro/4.1.5/css/metro.min.css","meta":{"rootId":"m2x1ox9x40a075y","id":"g7eo5i7nbeiveff"},"id":"ajetixc64y974z9","previousOperationId":"74t35t68ez4m8vs"}
{"type":"log","timestamp":1719022206909,"level":"debug","message":"Page request finished: GET (stylesheet) 200 https://cdnjs.cloudflare.com/ajax/libs/metro/4.1.5/css/metro.min.css","meta":{"rootId":"m2x1ox9x40a075y","id":"g7eo5i7nbeiveff"},"id":"23r0h4prg9o1sh8","previousOperationId":"74t35t68ez4m8vs"}
{"type":"log","timestamp":1719022206936,"level":"debug","message":"Running chrome with params {\"timeout\":59151,\"margin\":{},\"printBackground\":true}","meta":{"rootId":"m2x1ox9x40a075y","id":"g7eo5i7nbeiveff"},"id":"jf2e2dc7ud7t41h","previousOperationId":"74t35t68ez4m8vs"}
{"type":"operationEnd","operationId":"74t35t68ez4m8vs","timestamp":1719022207075,"id":"6n8xvdsdsonngwr","previousEventId":"bpxeli1gozwkedj","previousOperationId":"74t35t68ez4m8vs"}
{"type":"log","timestamp":1719022207075,"level":"debug","message":"Skipping storing report.","meta":{"rootId":"m2x1ox9x40a075y","id":"g7eo5i7nbeiveff"},"id":"e1rdie0pc2jgt9b","previousOperationId":"74t35t68ez4m8vs"}
{"type":"log","timestamp":1719022207075,"level":"info","message":"Rendering (child) request finished in 1096 ms","meta":{"rootId":"m2x1ox9x40a075y","id":"g7eo5i7nbeiveff"},"id":"p41w0w8eb32eo10","previousOperationId":"74t35t68ez4m8vs"}
{"type":"operationEnd","subtype":"render","operationId":"h4qbi5q1azbqmt1","timestamp":1719022207075,"id":"s32izl0wywwuwot","previousEventId":"6n8xvdsdsonngwr","previousOperationId":"74t35t68ez4m8vs"}
{"type":"operationEnd","operationId":"hz0yvwl944r8vsa","timestamp":1719022207102,"id":"55wvzdjjb3geu4y","previousEventId":"zc4grkxc7cfsgq6","previousOperationId":"hz0yvwl944r8vsa"}
{"type":"log","timestamp":1719022207102,"level":"debug","message":"pdf-utils postprocess start","meta":{"rootId":"m2x1ox9x40a075y","id":"m2x1ox9x40a075y"},"id":"hjbz0b9ddf47tkh","previousOperationId":"hz0yvwl944r8vsa"}
{"type":"log","timestamp":1719022207132,"level":"debug","message":"pdf-utils postprocess end","meta":{"rootId":"m2x1ox9x40a075y","id":"m2x1ox9x40a075y"},"id":"p6d8ec8y8pde4vu","previousOperationId":"hz0yvwl944r8vsa"}
{"type":"operationEnd","operationId":"xhax44v7qbdt3dg","timestamp":1719022207132,"id":"60etvb592ciitgb","previousEventId":"55wvzdjjb3geu4y","previousOperationId":"hz0yvwl944r8vsa"}
{"type":"log","timestamp":1719022207133,"level":"info","message":"pdf-utils pdf processing was finished","meta":{"rootId":"m2x1ox9x40a075y","id":"m2x1ox9x40a075y"},"id":"cdt9ngh8slyqq8o","previousOperationId":"xhax44v7qbdt3dg"}
{"type":"log","timestamp":1719022207133,"level":"debug","message":"Skipping storing report.","meta":{"rootId":"m2x1ox9x40a075y","id":"m2x1ox9x40a075y"},"id":"bb4ies89lytgyon","previousOperationId":"xhax44v7qbdt3dg"}
{"type":"log","timestamp":1719022207133,"level":"info","message":"Rendering request 170 finished in 1154 ms","meta":{"rootId":"m2x1ox9x40a075y","id":"m2x1ox9x40a075y"},"id":"f2yo2utgn8zlk0y","previousOperationId":"xhax44v7qbdt3dg"}
{"type":"operationEnd","subtype":"render","operationId":"3zp092k81l2ql9a","timestamp":1719022207133,"id":"w9rxi6n26tzk1zu","previousEventId":"60etvb592ciitgb","previousOperationId":"xhax44v7qbdt3dg"}
{"type":"operationEnd","doDiffs":false,"previousEventId":"ry7osssdgo7hotm","previousOperationId":"66sxd35zxlz8uq2","operationId":"66sxd35zxlz8uq2","timestamp":1719022207134,"id":"f10obo5c877svki"}
