{"type":"operationStart","subtype":"profile","data":{"_id":"bj0Phx5AjBgkUXfP","timestamp":"2024-06-21T20:24:50.399Z","state":"queued","mode":"standard","creationDate":"2024-06-21T20:24:50.401Z","modificationDate":"2024-06-21T20:24:50.401Z","shortid":"gu59jpH","$entitySet":"profiles"},"doDiffs":false,"timestamp":1719001490400,"id":"yb8iauhbbtf5rf3","previousOperationId":null,"operationId":"n27iw812kshox5p"}
{"type":"log","level":"info","message":"Render request 77 queued for execution and waiting for available worker","previousOperationId":"n27iw812kshox5p","timestamp":1719001490400,"id":"c9pnfqv6wlvfkg0"}
{"type":"operationStart","subtype":"render","name":"anonymous","previousOperationId":"n27iw812kshox5p","timestamp":1719001490428,"id":"80qwx30bc6ep0rq","previousEventId":"yb8iauhbbtf5rf3","operationId":"y37yp903l47ic23"}
{"type":"log","timestamp":1719001490430,"level":"info","message":"Starting rendering request 77","meta":{"rootId":"m969kf5nqjxqxcd","id":"m969kf5nqjxqxcd"},"id":"ptpchnjqc5ebbsc","previousOperationId":"y37yp903l47ic23"}
{"type":"log","timestamp":1719001490431,"level":"info","message":"Rendering anonymous template { recipe: chrome-pdf, engine: handlebars }","meta":{"rootId":"m969kf5nqjxqxcd","id":"m969kf5nqjxqxcd"},"id":"utwyd66muf0d0xd","previousOperationId":"y37yp903l47ic23"}
{"type":"log","timestamp":1719001490431,"level":"debug","message":"Inline data specified.","meta":{"rootId":"m969kf5nqjxqxcd","id":"m969kf5nqjxqxcd"},"id":"vf3cc0dp27xh6bw","previousOperationId":"y37yp903l47ic23"}
{"type":"log","timestamp":1719001490432,"level":"debug","message":"Base url not specified, skipping its injection.","meta":{"rootId":"m969kf5nqjxqxcd","id":"m969kf5nqjxqxcd"},"id":"38qsnsgfjbm6ez1","previousOperationId":"y37yp903l47ic23"}
{"type":"operationStart","subtype":"engine","name":"handlebars","timestamp":1719001490434,"id":"az37wbkvrhonom7","previousEventId":"80qwx30bc6ep0rq","operationId":"147rdj1pb8vr2kn","previousOperationId":"y37yp903l47ic23"}
{"type":"log","timestamp":1719001490434,"level":"debug","message":"Rendering engine handlebars","meta":{"rootId":"m969kf5nqjxqxcd","id":"m969kf5nqjxqxcd"},"id":"yvhnu4nqll7bial","previousOperationId":"147rdj1pb8vr2kn"}
{"type":"operationEnd","operationId":"147rdj1pb8vr2kn","timestamp":1719001490463,"id":"zspxgwy3lg9wco0","previousEventId":"az37wbkvrhonom7","previousOperationId":"147rdj1pb8vr2kn"}
{"type":"operationStart","subtype":"recipe","name":"chrome-pdf","timestamp":1719001490464,"id":"fpoj3lxokhl6fyb","previousEventId":"zspxgwy3lg9wco0","operationId":"9xrp6sf571jj0q5","previousOperationId":"147rdj1pb8vr2kn"}
{"type":"log","timestamp":1719001490464,"level":"debug","message":"Executing recipe chrome-pdf","meta":{"rootId":"m969kf5nqjxqxcd","id":"m969kf5nqjxqxcd"},"id":"dtbo274yyih31i5","previousOperationId":"9xrp6sf571jj0q5"}
{"type":"log","timestamp":1719001492228,"level":"debug","message":"Converting with chrome Chrome/126.0.6478.61 using chrome-pool strategy","meta":{"rootId":"m969kf5nqjxqxcd","id":"m969kf5nqjxqxcd"},"id":"0aq471twjedb79r","previousOperationId":"9xrp6sf571jj0q5"}
{"type":"log","timestamp":1719001492374,"level":"debug","message":"Page request: GET (document) file:///var/folders/2x/1bhfw9mx7d775w_jmf56lcp80000gn/T/jsreport/autocleanup/d1a23fb4-d4d0-4d11-a4bd-2b269f52ae59-chrome-pdf.html","meta":{"rootId":"m969kf5nqjxqxcd","id":"m969kf5nqjxqxcd"},"id":"ugsl1fcapl0bdqt","previousOperationId":"9xrp6sf571jj0q5"}
{"type":"log","timestamp":1719001492391,"level":"debug","message":"Page request finished: GET (document) 200 file:///var/folders/2x/1bhfw9mx7d775w_jmf56lcp80000gn/T/jsreport/autocleanup/d1a23fb4-d4d0-4d11-a4bd-2b269f52ae59-chrome-pdf.html","meta":{"rootId":"m969kf5nqjxqxcd","id":"m969kf5nqjxqxcd"},"id":"pwklp8axhfj99jc","previousOperationId":"9xrp6sf571jj0q5"}
{"type":"log","timestamp":1719001492395,"level":"debug","message":"Page request: GET (stylesheet) https://cdnjs.cloudflare.com/ajax/libs/metro/4.1.5/css/metro.min.css","meta":{"rootId":"m969kf5nqjxqxcd","id":"m969kf5nqjxqxcd"},"id":"oi9ywbbio0lhecr","previousOperationId":"9xrp6sf571jj0q5"}
{"type":"log","timestamp":1719001492395,"level":"debug","message":"Page request: GET (script) https://cdnjs.cloudflare.com/ajax/libs/Chart.js/2.7.2/Chart.min.js","meta":{"rootId":"m969kf5nqjxqxcd","id":"m969kf5nqjxqxcd"},"id":"qt6w5364w9zv561","previousOperationId":"9xrp6sf571jj0q5"}
{"type":"log","timestamp":1719001492511,"level":"debug","message":"Page request finished: GET (script) 200 https://cdnjs.cloudflare.com/ajax/libs/Chart.js/2.7.2/Chart.min.js","meta":{"rootId":"m969kf5nqjxqxcd","id":"m969kf5nqjxqxcd"},"id":"n9qjcf9ncnzerxv","previousOperationId":"9xrp6sf571jj0q5"}
{"type":"log","timestamp":1719001492519,"level":"debug","message":"Page request finished: GET (stylesheet) 200 https://cdnjs.cloudflare.com/ajax/libs/metro/4.1.5/css/metro.min.css","meta":{"rootId":"m969kf5nqjxqxcd","id":"m969kf5nqjxqxcd"},"id":"8uacoh816dhv9wc","previousOperationId":"9xrp6sf571jj0q5"}
{"type":"log","timestamp":1719001492559,"level":"debug","message":"Running chrome with params {\"timeout\":59929,\"margin\":{},\"printBackground\":true}","meta":{"rootId":"m969kf5nqjxqxcd","id":"m969kf5nqjxqxcd"},"id":"9rmxb0utz0t2hzt","previousOperationId":"9xrp6sf571jj0q5"}
{"type":"operationEnd","operationId":"9xrp6sf571jj0q5","timestamp":1719001492732,"id":"503zjhstia174fj","previousEventId":"fpoj3lxokhl6fyb","previousOperationId":"9xrp6sf571jj0q5"}
{"type":"log","timestamp":1719001492732,"level":"debug","message":"Skipping storing report.","meta":{"rootId":"m969kf5nqjxqxcd","id":"m969kf5nqjxqxcd"},"id":"f8eveo0p8uimab9","previousOperationId":"9xrp6sf571jj0q5"}
{"type":"log","timestamp":1719001492732,"level":"info","message":"Rendering request 77 finished in 2338 ms","meta":{"rootId":"m969kf5nqjxqxcd","id":"m969kf5nqjxqxcd"},"id":"dr0xfk8mjgyogc3","previousOperationId":"9xrp6sf571jj0q5"}
{"type":"operationEnd","subtype":"render","operationId":"y37yp903l47ic23","timestamp":1719001492732,"id":"39730r4tuq0lg9v","previousEventId":"503zjhstia174fj","previousOperationId":"9xrp6sf571jj0q5"}
{"type":"operationEnd","doDiffs":false,"previousEventId":"yb8iauhbbtf5rf3","previousOperationId":"n27iw812kshox5p","operationId":"n27iw812kshox5p","timestamp":1719001492733,"id":"6kx7ie6obt9380n"}
