{"type":"operationStart","subtype":"profile","data":{"_id":"nOii1MZvzlI0ZZHk","timestamp":"2024-06-21T19:59:22.946Z","state":"queued","mode":"standard","creationDate":"2024-06-21T19:59:22.949Z","modificationDate":"2024-06-21T19:59:22.949Z","shortid":"gOj6bxD","$entitySet":"profiles"},"doDiffs":false,"timestamp":1718999962947,"id":"txw7u5n2ch5uik4","previousOperationId":null,"operationId":"prg999sme7yk5o3"}
{"type":"log","level":"info","message":"Render request 70 queued for execution and waiting for available worker","previousOperationId":"prg999sme7yk5o3","timestamp":1718999962947,"id":"kk5rg0lvy1ywe8q"}
{"type":"operationStart","subtype":"render","name":"anonymous","previousOperationId":"prg999sme7yk5o3","timestamp":1718999962954,"id":"gz8zc3isilhv9g7","previousEventId":"txw7u5n2ch5uik4","operationId":"rca0jystfdx1gus"}
{"type":"log","timestamp":1718999962954,"level":"info","message":"Starting rendering request 70","meta":{"rootId":"mdlm3c05x6a3r2n","id":"mdlm3c05x6a3r2n"},"id":"t46pznohrzk8w3i","previousOperationId":"rca0jystfdx1gus"}
{"type":"log","timestamp":1718999962955,"level":"info","message":"Rendering anonymous template { recipe: chrome-pdf, engine: handlebars }","meta":{"rootId":"mdlm3c05x6a3r2n","id":"mdlm3c05x6a3r2n"},"id":"ax9etzlliarizv4","previousOperationId":"rca0jystfdx1gus"}
{"type":"log","timestamp":1718999962955,"level":"debug","message":"Inline data specified.","meta":{"rootId":"mdlm3c05x6a3r2n","id":"mdlm3c05x6a3r2n"},"id":"3v7la9ygdiuwmj9","previousOperationId":"rca0jystfdx1gus"}
{"type":"log","timestamp":1718999962955,"level":"debug","message":"Base url not specified, skipping its injection.","meta":{"rootId":"mdlm3c05x6a3r2n","id":"mdlm3c05x6a3r2n"},"id":"20swyi55heoldby","previousOperationId":"rca0jystfdx1gus"}
{"type":"operationStart","subtype":"engine","name":"handlebars","timestamp":1718999962956,"id":"22c3gxrjdyqt4a4","previousEventId":"gz8zc3isilhv9g7","operationId":"rfbj5xo2bjz1q1f","previousOperationId":"rca0jystfdx1gus"}
{"type":"log","timestamp":1718999962956,"level":"debug","message":"Rendering engine handlebars","meta":{"rootId":"mdlm3c05x6a3r2n","id":"mdlm3c05x6a3r2n"},"id":"0uw7m9gun1dlgok","previousOperationId":"rfbj5xo2bjz1q1f"}
{"type":"operationEnd","operationId":"rfbj5xo2bjz1q1f","timestamp":1718999962973,"id":"s82jjugjh0dsfc9","previousEventId":"22c3gxrjdyqt4a4","previousOperationId":"rfbj5xo2bjz1q1f"}
{"type":"operationStart","subtype":"recipe","name":"chrome-pdf","timestamp":1718999962973,"id":"9lhoxzg9ipemez8","previousEventId":"s82jjugjh0dsfc9","operationId":"7i841bxzfqx3opb","previousOperationId":"rfbj5xo2bjz1q1f"}
{"type":"log","timestamp":1718999962973,"level":"debug","message":"Executing recipe chrome-pdf","meta":{"rootId":"mdlm3c05x6a3r2n","id":"mdlm3c05x6a3r2n"},"id":"n2qlc7wsiu8msxi","previousOperationId":"7i841bxzfqx3opb"}
{"type":"log","timestamp":1718999962992,"level":"debug","message":"Converting with chrome Chrome/126.0.6478.61 using chrome-pool strategy","meta":{"rootId":"mdlm3c05x6a3r2n","id":"mdlm3c05x6a3r2n"},"id":"it8zdjmpul1rmyd","previousOperationId":"7i841bxzfqx3opb"}
{"type":"log","timestamp":1718999963080,"level":"debug","message":"Page request: GET (document) file:///var/folders/2x/1bhfw9mx7d775w_jmf56lcp80000gn/T/jsreport/autocleanup/4c9a91c7-1c22-4a5f-82c2-4605e1d16ef5-chrome-pdf.html","meta":{"rootId":"mdlm3c05x6a3r2n","id":"mdlm3c05x6a3r2n"},"id":"l90cmn6e1j1ptfh","previousOperationId":"7i841bxzfqx3opb"}
{"type":"log","timestamp":1718999963083,"level":"debug","message":"Page request finished: GET (document) 200 file:///var/folders/2x/1bhfw9mx7d775w_jmf56lcp80000gn/T/jsreport/autocleanup/4c9a91c7-1c22-4a5f-82c2-4605e1d16ef5-chrome-pdf.html","meta":{"rootId":"mdlm3c05x6a3r2n","id":"mdlm3c05x6a3r2n"},"id":"1xl4xcthbivjqpg","previousOperationId":"7i841bxzfqx3opb"}
{"type":"log","timestamp":1718999963083,"level":"debug","message":"Page request: GET (stylesheet) https://cdnjs.cloudflare.com/ajax/libs/metro/4.1.5/css/metro.min.css","meta":{"rootId":"mdlm3c05x6a3r2n","id":"mdlm3c05x6a3r2n"},"id":"h084dm8d77lo59g","previousOperationId":"7i841bxzfqx3opb"}
{"type":"log","timestamp":1718999963083,"level":"debug","message":"Page request: GET (script) https://cdnjs.cloudflare.com/ajax/libs/Chart.js/2.7.2/Chart.min.js","meta":{"rootId":"mdlm3c05x6a3r2n","id":"mdlm3c05x6a3r2n"},"id":"67efnkenipyjd7o","previousOperationId":"7i841bxzfqx3opb"}
{"type":"log","timestamp":1718999963090,"level":"debug","message":"Page request finished: GET (stylesheet) 200 https://cdnjs.cloudflare.com/ajax/libs/metro/4.1.5/css/metro.min.css","meta":{"rootId":"mdlm3c05x6a3r2n","id":"mdlm3c05x6a3r2n"},"id":"rdl6y6imuxu0g30","previousOperationId":"7i841bxzfqx3opb"}
{"type":"log","timestamp":1718999963091,"level":"debug","message":"Page request finished: GET (script) 200 https://cdnjs.cloudflare.com/ajax/libs/Chart.js/2.7.2/Chart.min.js","meta":{"rootId":"mdlm3c05x6a3r2n","id":"mdlm3c05x6a3r2n"},"id":"xjs8hf96r2ljm9p","previousOperationId":"7i841bxzfqx3opb"}
{"type":"log","timestamp":1718999963111,"level":"debug","message":"Running chrome with params {\"timeout\":59955,\"margin\":{},\"printBackground\":true}","meta":{"rootId":"mdlm3c05x6a3r2n","id":"mdlm3c05x6a3r2n"},"id":"8p8qfpsiram7v8l","previousOperationId":"7i841bxzfqx3opb"}
{"type":"operationEnd","operationId":"7i841bxzfqx3opb","timestamp":1718999963202,"id":"yi7v715x1qr0kyq","previousEventId":"9lhoxzg9ipemez8","previousOperationId":"7i841bxzfqx3opb"}
{"type":"log","timestamp":1718999963202,"level":"debug","message":"Skipping storing report.","meta":{"rootId":"mdlm3c05x6a3r2n","id":"mdlm3c05x6a3r2n"},"id":"2agfhw3ibl1wczm","previousOperationId":"7i841bxzfqx3opb"}
{"type":"log","timestamp":1718999963202,"level":"info","message":"Rendering request 70 finished in 257 ms","meta":{"rootId":"mdlm3c05x6a3r2n","id":"mdlm3c05x6a3r2n"},"id":"t7uuw3nw9qyhi7n","previousOperationId":"7i841bxzfqx3opb"}
{"type":"operationEnd","subtype":"render","operationId":"rca0jystfdx1gus","timestamp":1718999963202,"id":"04efo5rxbnn36ei","previousEventId":"yi7v715x1qr0kyq","previousOperationId":"7i841bxzfqx3opb"}
{"type":"operationEnd","doDiffs":false,"previousEventId":"txw7u5n2ch5uik4","previousOperationId":"prg999sme7yk5o3","operationId":"prg999sme7yk5o3","timestamp":1718999963204,"id":"8tpphf3jir8m69n"}
