{"type":"operationStart","subtype":"profile","data":{"_id":"IrOoNcRrKX0WXR3o","timestamp":"2024-06-21T19:59:04.375Z","state":"queued","mode":"standard","creationDate":"2024-06-21T19:59:04.377Z","modificationDate":"2024-06-21T19:59:04.377Z","shortid":"rZvOFAA","$entitySet":"profiles"},"doDiffs":false,"timestamp":1718999944376,"id":"amx6uebdn0723ln","previousOperationId":null,"operationId":"ooj2oym50jg3y7m"}
{"type":"log","level":"info","message":"Render request 67 queued for execution and waiting for available worker","previousOperationId":"ooj2oym50jg3y7m","timestamp":1718999944376,"id":"br4uf4f8ab7i0h3"}
{"type":"operationStart","subtype":"render","name":"anonymous","previousOperationId":"ooj2oym50jg3y7m","timestamp":1718999944382,"id":"2zby27u10cheb4x","previousEventId":"amx6uebdn0723ln","operationId":"wlq3skun2hof9nm"}
{"type":"log","timestamp":1718999944383,"level":"info","message":"Starting rendering request 67","meta":{"rootId":"mv8c1rtumauihr1","id":"mv8c1rtumauihr1"},"id":"negm4yqng2wdam5","previousOperationId":"wlq3skun2hof9nm"}
{"type":"log","timestamp":1718999944383,"level":"info","message":"Rendering anonymous template { recipe: chrome-pdf, engine: handlebars }","meta":{"rootId":"mv8c1rtumauihr1","id":"mv8c1rtumauihr1"},"id":"etf2mggpyi7ckkb","previousOperationId":"wlq3skun2hof9nm"}
{"type":"log","timestamp":1718999944383,"level":"debug","message":"Inline data specified.","meta":{"rootId":"mv8c1rtumauihr1","id":"mv8c1rtumauihr1"},"id":"h8t09gnw46x9x4h","previousOperationId":"wlq3skun2hof9nm"}
{"type":"log","timestamp":1718999944385,"level":"debug","message":"Base url not specified, skipping its injection.","meta":{"rootId":"mv8c1rtumauihr1","id":"mv8c1rtumauihr1"},"id":"a5znd11728g5hch","previousOperationId":"wlq3skun2hof9nm"}
{"type":"operationStart","subtype":"engine","name":"handlebars","timestamp":1718999944389,"id":"ue854h1nnotcrli","previousEventId":"2zby27u10cheb4x","operationId":"dxdfquhwpy537xx","previousOperationId":"wlq3skun2hof9nm"}
{"type":"log","timestamp":1718999944389,"level":"debug","message":"Rendering engine handlebars","meta":{"rootId":"mv8c1rtumauihr1","id":"mv8c1rtumauihr1"},"id":"k79v030p8a05ynj","previousOperationId":"dxdfquhwpy537xx"}
{"type":"operationEnd","operationId":"dxdfquhwpy537xx","timestamp":1718999944417,"id":"o01jbh5o9jb4zw1","previousEventId":"ue854h1nnotcrli","previousOperationId":"dxdfquhwpy537xx"}
{"type":"operationStart","subtype":"recipe","name":"chrome-pdf","timestamp":1718999944417,"id":"3r53gp4mytcw2xt","previousEventId":"o01jbh5o9jb4zw1","operationId":"1qxlm9d31l6x94l","previousOperationId":"dxdfquhwpy537xx"}
{"type":"log","timestamp":1718999944417,"level":"debug","message":"Executing recipe chrome-pdf","meta":{"rootId":"mv8c1rtumauihr1","id":"mv8c1rtumauihr1"},"id":"tha8878rrzfxald","previousOperationId":"1qxlm9d31l6x94l"}
{"type":"log","timestamp":1718999944421,"level":"debug","message":"Converting with chrome Chrome/126.0.6478.61 using chrome-pool strategy","meta":{"rootId":"mv8c1rtumauihr1","id":"mv8c1rtumauihr1"},"id":"5gk59rgvfq3vccm","previousOperationId":"1qxlm9d31l6x94l"}
{"type":"log","timestamp":1718999944503,"level":"debug","message":"Page request: GET (document) file:///var/folders/2x/1bhfw9mx7d775w_jmf56lcp80000gn/T/jsreport/autocleanup/0cad4d32-8dbb-48dc-af2b-17b9815d09c4-chrome-pdf.html","meta":{"rootId":"mv8c1rtumauihr1","id":"mv8c1rtumauihr1"},"id":"6g4kzerhyqee2ie","previousOperationId":"1qxlm9d31l6x94l"}
{"type":"log","timestamp":1718999944507,"level":"debug","message":"Page request finished: GET (document) 200 file:///var/folders/2x/1bhfw9mx7d775w_jmf56lcp80000gn/T/jsreport/autocleanup/0cad4d32-8dbb-48dc-af2b-17b9815d09c4-chrome-pdf.html","meta":{"rootId":"mv8c1rtumauihr1","id":"mv8c1rtumauihr1"},"id":"tw9hkgyug6klvwr","previousOperationId":"1qxlm9d31l6x94l"}
{"type":"log","timestamp":1718999944508,"level":"debug","message":"Page request: GET (stylesheet) https://cdnjs.cloudflare.com/ajax/libs/metro/4.1.5/css/metro.min.css","meta":{"rootId":"mv8c1rtumauihr1","id":"mv8c1rtumauihr1"},"id":"81lwpnc3blappoc","previousOperationId":"1qxlm9d31l6x94l"}
{"type":"log","timestamp":1718999944508,"level":"debug","message":"Page request: GET (script) https://cdnjs.cloudflare.com/ajax/libs/Chart.js/2.7.2/Chart.min.js","meta":{"rootId":"mv8c1rtumauihr1","id":"mv8c1rtumauihr1"},"id":"xip4om2xwt1p99k","previousOperationId":"1qxlm9d31l6x94l"}
{"type":"log","timestamp":1718999944516,"level":"debug","message":"Page request finished: GET (stylesheet) 200 https://cdnjs.cloudflare.com/ajax/libs/metro/4.1.5/css/metro.min.css","meta":{"rootId":"mv8c1rtumauihr1","id":"mv8c1rtumauihr1"},"id":"nv5ls8uyiyghcb1","previousOperationId":"1qxlm9d31l6x94l"}
{"type":"log","timestamp":1718999944516,"level":"debug","message":"Page request finished: GET (script) 200 https://cdnjs.cloudflare.com/ajax/libs/Chart.js/2.7.2/Chart.min.js","meta":{"rootId":"mv8c1rtumauihr1","id":"mv8c1rtumauihr1"},"id":"4dnz5bm86coj98u","previousOperationId":"1qxlm9d31l6x94l"}
{"type":"log","timestamp":1718999944554,"level":"debug","message":"Running chrome with params {\"timeout\":59956,\"margin\":{},\"printBackground\":true}","meta":{"rootId":"mv8c1rtumauihr1","id":"mv8c1rtumauihr1"},"id":"gptzxsfswx8ueex","previousOperationId":"1qxlm9d31l6x94l"}
{"type":"operationEnd","operationId":"1qxlm9d31l6x94l","timestamp":1718999944639,"id":"4ii609zbsgkiwun","previousEventId":"3r53gp4mytcw2xt","previousOperationId":"1qxlm9d31l6x94l"}
{"type":"log","timestamp":1718999944639,"level":"debug","message":"Skipping storing report.","meta":{"rootId":"mv8c1rtumauihr1","id":"mv8c1rtumauihr1"},"id":"a2u2ne1967gxfwy","previousOperationId":"1qxlm9d31l6x94l"}
{"type":"log","timestamp":1718999944639,"level":"info","message":"Rendering request 67 finished in 265 ms","meta":{"rootId":"mv8c1rtumauihr1","id":"mv8c1rtumauihr1"},"id":"f7sil6qk8b3xlzg","previousOperationId":"1qxlm9d31l6x94l"}
{"type":"operationEnd","subtype":"render","operationId":"wlq3skun2hof9nm","timestamp":1718999944639,"id":"rpgngl96oykqu91","previousEventId":"4ii609zbsgkiwun","previousOperationId":"1qxlm9d31l6x94l"}
{"type":"operationEnd","doDiffs":false,"previousEventId":"amx6uebdn0723ln","previousOperationId":"ooj2oym50jg3y7m","operationId":"ooj2oym50jg3y7m","timestamp":1718999944640,"id":"oqgql8tojuopah9"}
