{"type":"operationStart","subtype":"profile","data":{"_id":"K1gHcgSK7GgfSxO4","timestamp":"2024-06-22T14:43:55.790Z","state":"queued","mode":"standard","creationDate":"2024-06-22T14:43:55.792Z","modificationDate":"2024-06-22T14:43:55.792Z","shortid":"hEyNCWY","$entitySet":"profiles"},"doDiffs":false,"timestamp":1719067435791,"id":"h6psx3mtm5yged4","previousOperationId":null,"operationId":"4kqv9bp4kwde1w5"}
{"type":"log","level":"info","message":"Render request 182 queued for execution and waiting for available worker","previousOperationId":"4kqv9bp4kwde1w5","timestamp":1719067435791,"id":"ms8iuq6m8m9q4zt"}
{"type":"operationStart","subtype":"render","name":"anonymous","previousOperationId":"4kqv9bp4kwde1w5","timestamp":1719067435799,"id":"bugl68768dvahnj","previousEventId":"h6psx3mtm5yged4","operationId":"v9hh1dmx2l6eujt"}
{"type":"log","timestamp":1719067435799,"level":"info","message":"Starting rendering request 182","meta":{"rootId":"n1352lrlppfhy7l","id":"n1352lrlppfhy7l"},"id":"6pry46rw8jwk42b","previousOperationId":"v9hh1dmx2l6eujt"}
{"type":"log","timestamp":1719067435799,"level":"info","message":"Rendering anonymous template { recipe: chrome-pdf, engine: handlebars }","meta":{"rootId":"n1352lrlppfhy7l","id":"n1352lrlppfhy7l"},"id":"m1ea8euk9m0ioia","previousOperationId":"v9hh1dmx2l6eujt"}
{"type":"log","timestamp":1719067435799,"level":"debug","message":"Inline data specified.","meta":{"rootId":"n1352lrlppfhy7l","id":"n1352lrlppfhy7l"},"id":"oq00fvipnwzhiua","previousOperationId":"v9hh1dmx2l6eujt"}
{"type":"log","timestamp":1719067435800,"level":"debug","message":"Base url not specified, skipping its injection.","meta":{"rootId":"n1352lrlppfhy7l","id":"n1352lrlppfhy7l"},"id":"cojhm896pd75it1","previousOperationId":"v9hh1dmx2l6eujt"}
{"type":"operationStart","subtype":"engine","name":"handlebars","timestamp":1719067435800,"id":"0o7a3mnui1df699","previousEventId":"bugl68768dvahnj","operationId":"0wbfvnw3d4o15lf","previousOperationId":"v9hh1dmx2l6eujt"}
{"type":"log","timestamp":1719067435800,"level":"debug","message":"Rendering engine handlebars","meta":{"rootId":"n1352lrlppfhy7l","id":"n1352lrlppfhy7l"},"id":"qnfxrj1ipcpptck","previousOperationId":"0wbfvnw3d4o15lf"}
{"type":"log","timestamp":1719067435805,"level":"debug","message":"(console:log) Pdf utils adding group field, value: \"France\"","meta":{"userLevel":true,"rootId":"n1352lrlppfhy7l","id":"n1352lrlppfhy7l"},"id":"9rc1f66yad3lv3c","previousOperationId":"0wbfvnw3d4o15lf"}
{"type":"log","timestamp":1719067435806,"level":"debug","message":"(console:log) Pdf utils adding group field, value: \"Germany\"","meta":{"userLevel":true,"rootId":"n1352lrlppfhy7l","id":"n1352lrlppfhy7l"},"id":"8lrdp1wkmveqrsa","previousOperationId":"0wbfvnw3d4o15lf"}
{"type":"operationEnd","operationId":"0wbfvnw3d4o15lf","timestamp":1719067435806,"id":"zdd1nymt3ypv88r","previousEventId":"0o7a3mnui1df699","previousOperationId":"0wbfvnw3d4o15lf"}
{"type":"operationStart","subtype":"recipe","name":"chrome-pdf","timestamp":1719067435807,"id":"g32b49nkygfc1vm","previousEventId":"zdd1nymt3ypv88r","operationId":"97g05k6w8bbgg6r","previousOperationId":"0wbfvnw3d4o15lf"}
{"type":"log","timestamp":1719067435807,"level":"debug","message":"Executing recipe chrome-pdf","meta":{"rootId":"n1352lrlppfhy7l","id":"n1352lrlppfhy7l"},"id":"mc1gepsq7suy18b","previousOperationId":"97g05k6w8bbgg6r"}
{"type":"log","timestamp":1719067435823,"level":"debug","message":"Converting with chrome Chrome/126.0.6478.61 using chrome-pool strategy","meta":{"rootId":"n1352lrlppfhy7l","id":"n1352lrlppfhy7l"},"id":"5m8yz3mjtzghvda","previousOperationId":"97g05k6w8bbgg6r"}
{"type":"log","timestamp":1719067435864,"level":"debug","message":"Page request: GET (document) file:///var/folders/2x/1bhfw9mx7d775w_jmf56lcp80000gn/T/jsreport/autocleanup/a58178ae-1a8d-4ced-b419-6b01a39f1166-chrome-pdf.html","meta":{"rootId":"n1352lrlppfhy7l","id":"n1352lrlppfhy7l"},"id":"2zw69wb7nng5fe8","previousOperationId":"97g05k6w8bbgg6r"}
{"type":"log","timestamp":1719067435868,"level":"debug","message":"Page request finished: GET (document) 200 file:///var/folders/2x/1bhfw9mx7d775w_jmf56lcp80000gn/T/jsreport/autocleanup/a58178ae-1a8d-4ced-b419-6b01a39f1166-chrome-pdf.html","meta":{"rootId":"n1352lrlppfhy7l","id":"n1352lrlppfhy7l"},"id":"st459161r34xoe2","previousOperationId":"97g05k6w8bbgg6r"}
{"type":"log","timestamp":1719067435868,"level":"debug","message":"Page request: GET (stylesheet) https://cdnjs.cloudflare.com/ajax/libs/metro/4.1.5/css/metro.min.css","meta":{"rootId":"n1352lrlppfhy7l","id":"n1352lrlppfhy7l"},"id":"mu4a0omt2am6kct","previousOperationId":"97g05k6w8bbgg6r"}
{"type":"log","timestamp":1719067435868,"level":"debug","message":"Page request: GET (script) https://cdnjs.cloudflare.com/ajax/libs/Chart.js/2.7.2/Chart.min.js","meta":{"rootId":"n1352lrlppfhy7l","id":"n1352lrlppfhy7l"},"id":"5mldca7jm0rh6z8","previousOperationId":"97g05k6w8bbgg6r"}
{"type":"log","timestamp":1719067435875,"level":"debug","message":"Page request finished: GET (stylesheet) 200 https://cdnjs.cloudflare.com/ajax/libs/metro/4.1.5/css/metro.min.css","meta":{"rootId":"n1352lrlppfhy7l","id":"n1352lrlppfhy7l"},"id":"iyn304141q5f6cf","previousOperationId":"97g05k6w8bbgg6r"}
{"type":"log","timestamp":1719067435876,"level":"debug","message":"Page request finished: GET (script) 200 https://cdnjs.cloudflare.com/ajax/libs/Chart.js/2.7.2/Chart.min.js","meta":{"rootId":"n1352lrlppfhy7l","id":"n1352lrlppfhy7l"},"id":"xjjjx3fj8u2zff9","previousOperationId":"97g05k6w8bbgg6r"}
{"type":"log","timestamp":1719067435931,"level":"debug","message":"Running chrome with params {\"marginTop\":\"4cm\",\"marginRight\":\"1.5cm\",\"marginLeft\":\"1.5cm\",\"marginBottom\":\"1.5cm\",\"timeout\":59979,\"margin\":{\"top\":\"4cm\",\"right\":\"1.5cm\",\"bottom\":\"1.5cm\",\"left\":\"1.5cm\"},\"printBackground\":true}","meta":{"rootId":"n1352lrlppfhy7l","id":"n1352lrlppfhy7l"},"id":"4fwhahar3fe7rw0","previousOperationId":"97g05k6w8bbgg6r"}
{"type":"operationEnd","operationId":"97g05k6w8bbgg6r","timestamp":1719067436115,"id":"ofxawvv7f1trrq6","previousEventId":"g32b49nkygfc1vm","previousOperationId":"97g05k6w8bbgg6r"}
{"type":"log","timestamp":1719067436115,"level":"info","message":"pdf-utils is starting pdf processing","meta":{"rootId":"n1352lrlppfhy7l","id":"n1352lrlppfhy7l"},"id":"hwhwso45dq62dps","previousOperationId":"97g05k6w8bbgg6r"}
{"type":"operationStart","subtype":"pdfUtils","name":"pdf utils","timestamp":1719067436115,"id":"207ohcewwbxoqqb","previousEventId":"ofxawvv7f1trrq6","operationId":"8eb3ciqjt52vsx0","previousOperationId":"97g05k6w8bbgg6r"}
{"type":"log","timestamp":1719067436115,"level":"debug","message":"pdf-utils detected 1 pdf operation(s) to process","meta":{"rootId":"n1352lrlppfhy7l","id":"n1352lrlppfhy7l"},"id":"ohixpnhsbptyzuj","previousOperationId":"8eb3ciqjt52vsx0"}
{"type":"log","timestamp":1719067436127,"level":"debug","message":"pdf-utils running pdf operation merge","meta":{"rootId":"n1352lrlppfhy7l","id":"n1352lrlppfhy7l"},"id":"pgqpcbm98fyf2vn","previousOperationId":"8eb3ciqjt52vsx0"}
{"type":"operationStart","subtype":"pdfUtilsMerge","name":"pdf utils merge","previousOperationId":"8eb3ciqjt52vsx0","timestamp":1719067436127,"id":"uxhsuuygwbj94re","previousEventId":"207ohcewwbxoqqb","operationId":"9x8aaccxkt99nsj"}
{"type":"operationStart","subtype":"render","name":"anonymous","previousOperationId":"9x8aaccxkt99nsj","timestamp":1719067436127,"id":"6w4zmyp9ot780zg","previousEventId":"uxhsuuygwbj94re","operationId":"jqf1lv7ehkm5fjx"}
{"type":"log","timestamp":1719067436127,"level":"info","message":"Starting rendering (child) request","meta":{"rootId":"n1352lrlppfhy7l","id":"dzv8jw7hd9eh0np"},"id":"kfk5tqeudvbg5ur","previousOperationId":"jqf1lv7ehkm5fjx"}
{"type":"log","timestamp":1719067436127,"level":"info","message":"Rendering anonymous template { recipe: chrome-pdf, engine: handlebars }","meta":{"rootId":"n1352lrlppfhy7l","id":"dzv8jw7hd9eh0np"},"id":"o9e7okr0l6pno1d","previousOperationId":"jqf1lv7ehkm5fjx"}
{"type":"log","timestamp":1719067436127,"level":"debug","message":"Inline data specified.","meta":{"rootId":"n1352lrlppfhy7l","id":"dzv8jw7hd9eh0np"},"id":"x2hpj3hn27i02j7","previousOperationId":"jqf1lv7ehkm5fjx"}
{"type":"log","timestamp":1719067436127,"level":"debug","message":"Base url not specified, skipping its injection.","meta":{"rootId":"n1352lrlppfhy7l","id":"dzv8jw7hd9eh0np"},"id":"4yvgate7vvrwr40","previousOperationId":"jqf1lv7ehkm5fjx"}
{"type":"operationStart","subtype":"engine","name":"handlebars","timestamp":1719067436127,"id":"g79kds8a2ef29xe","previousEventId":"6w4zmyp9ot780zg","operationId":"5gtt0exrh2cuni5","previousOperationId":"jqf1lv7ehkm5fjx"}
{"type":"log","timestamp":1719067436127,"level":"debug","message":"Rendering engine handlebars","meta":{"rootId":"n1352lrlppfhy7l","id":"dzv8jw7hd9eh0np"},"id":"xs9zrvzdxzoih7c","previousOperationId":"5gtt0exrh2cuni5"}
{"type":"operationEnd","operationId":"5gtt0exrh2cuni5","timestamp":1719067436129,"id":"ypxtdzu2dnbq15r","previousEventId":"g79kds8a2ef29xe","previousOperationId":"5gtt0exrh2cuni5"}
{"type":"operationStart","subtype":"recipe","name":"chrome-pdf","timestamp":1719067436129,"id":"y3greqbmf6uyhjg","previousEventId":"ypxtdzu2dnbq15r","operationId":"o2b61tmm98il80t","previousOperationId":"5gtt0exrh2cuni5"}
{"type":"log","timestamp":1719067436129,"level":"debug","message":"Executing recipe chrome-pdf","meta":{"rootId":"n1352lrlppfhy7l","id":"dzv8jw7hd9eh0np"},"id":"y2ik3rwp5x1ertv","previousOperationId":"o2b61tmm98il80t"}
{"type":"log","timestamp":1719067436130,"level":"debug","message":"Converting with chrome Chrome/126.0.6478.61 using chrome-pool strategy","meta":{"rootId":"n1352lrlppfhy7l","id":"dzv8jw7hd9eh0np"},"id":"ua6zoqt9ofkjyv2","previousOperationId":"o2b61tmm98il80t"}
{"type":"log","timestamp":1719067436146,"level":"debug","message":"Page request: GET (document) file:///var/folders/2x/1bhfw9mx7d775w_jmf56lcp80000gn/T/jsreport/autocleanup/a905ea7c-fc2f-43c4-930b-106358de42ec-chrome-pdf.html","meta":{"rootId":"n1352lrlppfhy7l","id":"dzv8jw7hd9eh0np"},"id":"zfdsz6k75t56jj4","previousOperationId":"o2b61tmm98il80t"}
{"type":"log","timestamp":1719067436149,"level":"debug","message":"Page request finished: GET (document) 200 file:///var/folders/2x/1bhfw9mx7d775w_jmf56lcp80000gn/T/jsreport/autocleanup/a905ea7c-fc2f-43c4-930b-106358de42ec-chrome-pdf.html","meta":{"rootId":"n1352lrlppfhy7l","id":"dzv8jw7hd9eh0np"},"id":"in8mvvu0ino8i6b","previousOperationId":"o2b61tmm98il80t"}
{"type":"log","timestamp":1719067436150,"level":"debug","message":"Page request: GET (stylesheet) https://cdnjs.cloudflare.com/ajax/libs/metro/4.1.5/css/metro.min.css","meta":{"rootId":"n1352lrlppfhy7l","id":"dzv8jw7hd9eh0np"},"id":"v33e774w0l29z9p","previousOperationId":"o2b61tmm98il80t"}
{"type":"log","timestamp":1719067436156,"level":"debug","message":"Page request finished: GET (stylesheet) 200 https://cdnjs.cloudflare.com/ajax/libs/metro/4.1.5/css/metro.min.css","meta":{"rootId":"n1352lrlppfhy7l","id":"dzv8jw7hd9eh0np"},"id":"mf4xxo1ibzotfr6","previousOperationId":"o2b61tmm98il80t"}
{"type":"log","timestamp":1719067436184,"level":"debug","message":"Running chrome with params {\"timeout\":59660,\"margin\":{},\"printBackground\":true}","meta":{"rootId":"n1352lrlppfhy7l","id":"dzv8jw7hd9eh0np"},"id":"n8bwj9q7s1tjtel","previousOperationId":"o2b61tmm98il80t"}
{"type":"operationEnd","operationId":"o2b61tmm98il80t","timestamp":1719067436308,"id":"l4ncvlkfej7rvb8","previousEventId":"y3greqbmf6uyhjg","previousOperationId":"o2b61tmm98il80t"}
{"type":"log","timestamp":1719067436308,"level":"debug","message":"Skipping storing report.","meta":{"rootId":"n1352lrlppfhy7l","id":"dzv8jw7hd9eh0np"},"id":"twi703pt0ushf98","previousOperationId":"o2b61tmm98il80t"}
{"type":"log","timestamp":1719067436308,"level":"info","message":"Rendering (child) request finished in 519 ms","meta":{"rootId":"n1352lrlppfhy7l","id":"dzv8jw7hd9eh0np"},"id":"qocd2mw8emwikeb","previousOperationId":"o2b61tmm98il80t"}
{"type":"operationEnd","subtype":"render","operationId":"jqf1lv7ehkm5fjx","timestamp":1719067436308,"id":"forp0ovo7sfdf62","previousEventId":"l4ncvlkfej7rvb8","previousOperationId":"o2b61tmm98il80t"}
{"type":"operationEnd","operationId":"9x8aaccxkt99nsj","timestamp":1719067436334,"id":"ywvz23fat99rlgl","previousEventId":"uxhsuuygwbj94re","previousOperationId":"9x8aaccxkt99nsj"}
{"type":"log","timestamp":1719067436334,"level":"debug","message":"pdf-utils postprocess start","meta":{"rootId":"n1352lrlppfhy7l","id":"n1352lrlppfhy7l"},"id":"q9e07prmwo1lnch","previousOperationId":"9x8aaccxkt99nsj"}
{"type":"log","timestamp":1719067436362,"level":"debug","message":"pdf-utils postprocess end","meta":{"rootId":"n1352lrlppfhy7l","id":"n1352lrlppfhy7l"},"id":"uiycd69vcqzuq8e","previousOperationId":"9x8aaccxkt99nsj"}
{"type":"operationEnd","operationId":"8eb3ciqjt52vsx0","timestamp":1719067436362,"id":"aqo1wr3rwjee2ok","previousEventId":"ywvz23fat99rlgl","previousOperationId":"9x8aaccxkt99nsj"}
{"type":"log","timestamp":1719067436363,"level":"info","message":"pdf-utils pdf processing was finished","meta":{"rootId":"n1352lrlppfhy7l","id":"n1352lrlppfhy7l"},"id":"7acvcyazjxv1vu5","previousOperationId":"8eb3ciqjt52vsx0"}
{"type":"log","timestamp":1719067436363,"level":"debug","message":"Skipping storing report.","meta":{"rootId":"n1352lrlppfhy7l","id":"n1352lrlppfhy7l"},"id":"adru03y8flghirh","previousOperationId":"8eb3ciqjt52vsx0"}
{"type":"log","timestamp":1719067436363,"level":"info","message":"Rendering request 182 finished in 574 ms","meta":{"rootId":"n1352lrlppfhy7l","id":"n1352lrlppfhy7l"},"id":"z0rhtqxbijq8gud","previousOperationId":"8eb3ciqjt52vsx0"}
{"type":"operationEnd","subtype":"render","operationId":"v9hh1dmx2l6eujt","timestamp":1719067436363,"id":"qmvsa7gtwfoiog9","previousEventId":"aqo1wr3rwjee2ok","previousOperationId":"8eb3ciqjt52vsx0"}
{"type":"operationEnd","doDiffs":false,"previousEventId":"h6psx3mtm5yged4","previousOperationId":"4kqv9bp4kwde1w5","operationId":"4kqv9bp4kwde1w5","timestamp":1719067436364,"id":"pkkneitm7ez7ucn"}
