{"type":"operationStart","subtype":"profile","data":{"_id":"oejBfCuYH0hfBmpM","timestamp":"2024-06-22T14:52:27.514Z","state":"queued","mode":"standard","creationDate":"2024-06-22T14:52:27.516Z","modificationDate":"2024-06-22T14:52:27.516Z","shortid":"K9xLPei","$entitySet":"profiles"},"doDiffs":false,"timestamp":1719067947515,"id":"7thb2xrt6f0kazb","previousOperationId":null,"operationId":"cr85kkpc0ksb4zu"}
{"type":"log","level":"info","message":"Render request 186 queued for execution and waiting for available worker","previousOperationId":"cr85kkpc0ksb4zu","timestamp":1719067947515,"id":"oc2lgndon258fel"}
{"type":"operationStart","subtype":"render","name":"anonymous","previousOperationId":"cr85kkpc0ksb4zu","timestamp":1719067947522,"id":"elbwh8j1bl3sszu","previousEventId":"7thb2xrt6f0kazb","operationId":"5ew2al1yd7ea1u2"}
{"type":"log","timestamp":1719067947522,"level":"info","message":"Starting rendering request 186","meta":{"rootId":"n6su7b6nou9t53c","id":"n6su7b6nou9t53c"},"id":"md2tylsg89miadb","previousOperationId":"5ew2al1yd7ea1u2"}
{"type":"log","timestamp":1719067947523,"level":"info","message":"Rendering anonymous template { recipe: chrome-pdf, engine: handlebars }","meta":{"rootId":"n6su7b6nou9t53c","id":"n6su7b6nou9t53c"},"id":"3m84kqdgk8zns64","previousOperationId":"5ew2al1yd7ea1u2"}
{"type":"log","timestamp":1719067947523,"level":"debug","message":"Inline data specified.","meta":{"rootId":"n6su7b6nou9t53c","id":"n6su7b6nou9t53c"},"id":"r5930h01dsypf8b","previousOperationId":"5ew2al1yd7ea1u2"}
{"type":"log","timestamp":1719067947523,"level":"debug","message":"Base url not specified, skipping its injection.","meta":{"rootId":"n6su7b6nou9t53c","id":"n6su7b6nou9t53c"},"id":"lxxfeudgua2g585","previousOperationId":"5ew2al1yd7ea1u2"}
{"type":"operationStart","subtype":"engine","name":"handlebars","timestamp":1719067947524,"id":"r3xj8fisoydvhxd","previousEventId":"elbwh8j1bl3sszu","operationId":"9sz4v42yytt6tjo","previousOperationId":"5ew2al1yd7ea1u2"}
{"type":"log","timestamp":1719067947524,"level":"debug","message":"Rendering engine handlebars","meta":{"rootId":"n6su7b6nou9t53c","id":"n6su7b6nou9t53c"},"id":"wowiaypi4szmsk8","previousOperationId":"9sz4v42yytt6tjo"}
{"type":"log","timestamp":1719067947540,"level":"debug","message":"(console:log) Pdf utils adding group field, value: \"France\"","meta":{"userLevel":true,"rootId":"n6su7b6nou9t53c","id":"n6su7b6nou9t53c"},"id":"attpe1bri9x98pn","previousOperationId":"9sz4v42yytt6tjo"}
{"type":"log","timestamp":1719067947541,"level":"debug","message":"(console:log) Pdf utils adding group field, value: \"Germany\"","meta":{"userLevel":true,"rootId":"n6su7b6nou9t53c","id":"n6su7b6nou9t53c"},"id":"z01jgnctlqa24xa","previousOperationId":"9sz4v42yytt6tjo"}
{"type":"operationEnd","operationId":"9sz4v42yytt6tjo","timestamp":1719067947541,"id":"0fa3qrmyqlyczm0","previousEventId":"r3xj8fisoydvhxd","previousOperationId":"9sz4v42yytt6tjo"}
{"type":"operationStart","subtype":"recipe","name":"chrome-pdf","timestamp":1719067947541,"id":"189a0cqzelzmsl0","previousEventId":"0fa3qrmyqlyczm0","operationId":"lm8d0uzycm1azdx","previousOperationId":"9sz4v42yytt6tjo"}
{"type":"log","timestamp":1719067947541,"level":"debug","message":"Executing recipe chrome-pdf","meta":{"rootId":"n6su7b6nou9t53c","id":"n6su7b6nou9t53c"},"id":"568mlq75way8joh","previousOperationId":"lm8d0uzycm1azdx"}
{"type":"log","timestamp":1719067947546,"level":"debug","message":"Converting with chrome Chrome/126.0.6478.61 using chrome-pool strategy","meta":{"rootId":"n6su7b6nou9t53c","id":"n6su7b6nou9t53c"},"id":"1bmm8hcj0ftjs12","previousOperationId":"lm8d0uzycm1azdx"}
{"type":"log","timestamp":1719067947593,"level":"debug","message":"Page request: GET (document) file:///var/folders/2x/1bhfw9mx7d775w_jmf56lcp80000gn/T/jsreport/autocleanup/33eee27f-0ed9-439d-8ff2-855502c787cc-chrome-pdf.html","meta":{"rootId":"n6su7b6nou9t53c","id":"n6su7b6nou9t53c"},"id":"qub0m9io17xonad","previousOperationId":"lm8d0uzycm1azdx"}
{"type":"log","timestamp":1719067947597,"level":"debug","message":"Page request finished: GET (document) 200 file:///var/folders/2x/1bhfw9mx7d775w_jmf56lcp80000gn/T/jsreport/autocleanup/33eee27f-0ed9-439d-8ff2-855502c787cc-chrome-pdf.html","meta":{"rootId":"n6su7b6nou9t53c","id":"n6su7b6nou9t53c"},"id":"fbbeidddfpx5voh","previousOperationId":"lm8d0uzycm1azdx"}
{"type":"log","timestamp":1719067947597,"level":"debug","message":"Page request: GET (stylesheet) https://cdnjs.cloudflare.com/ajax/libs/metro/4.1.5/css/metro.min.css","meta":{"rootId":"n6su7b6nou9t53c","id":"n6su7b6nou9t53c"},"id":"qia4utuwute24ee","previousOperationId":"lm8d0uzycm1azdx"}
{"type":"log","timestamp":1719067947597,"level":"debug","message":"Page request: GET (script) https://cdnjs.cloudflare.com/ajax/libs/Chart.js/2.7.2/Chart.min.js","meta":{"rootId":"n6su7b6nou9t53c","id":"n6su7b6nou9t53c"},"id":"wx8ypeli09neijl","previousOperationId":"lm8d0uzycm1azdx"}
{"type":"log","timestamp":1719067947605,"level":"debug","message":"Page request finished: GET (stylesheet) 200 https://cdnjs.cloudflare.com/ajax/libs/metro/4.1.5/css/metro.min.css","meta":{"rootId":"n6su7b6nou9t53c","id":"n6su7b6nou9t53c"},"id":"f1t8nxprq5k7d6t","previousOperationId":"lm8d0uzycm1azdx"}
{"type":"log","timestamp":1719067947605,"level":"debug","message":"Page request finished: GET (script) 200 https://cdnjs.cloudflare.com/ajax/libs/Chart.js/2.7.2/Chart.min.js","meta":{"rootId":"n6su7b6nou9t53c","id":"n6su7b6nou9t53c"},"id":"jdfdry5sal5noqc","previousOperationId":"lm8d0uzycm1azdx"}
{"type":"log","timestamp":1719067947647,"level":"debug","message":"Running chrome with params {\"marginTop\":\"4cm\",\"marginRight\":\"1.5cm\",\"marginLeft\":\"1.5cm\",\"marginBottom\":\"1.5cm\",\"timeout\":59970,\"margin\":{\"top\":\"4cm\",\"right\":\"1.5cm\",\"bottom\":\"1.5cm\",\"left\":\"1.5cm\"},\"printBackground\":true}","meta":{"rootId":"n6su7b6nou9t53c","id":"n6su7b6nou9t53c"},"id":"vq8ppe5aauqmvz7","previousOperationId":"lm8d0uzycm1azdx"}
{"type":"operationEnd","operationId":"lm8d0uzycm1azdx","timestamp":1719067947829,"id":"ip7auzyggzpg1q5","previousEventId":"189a0cqzelzmsl0","previousOperationId":"lm8d0uzycm1azdx"}
{"type":"log","timestamp":1719067947830,"level":"info","message":"pdf-utils is starting pdf processing","meta":{"rootId":"n6su7b6nou9t53c","id":"n6su7b6nou9t53c"},"id":"pzq4qzink529n1t","previousOperationId":"lm8d0uzycm1azdx"}
{"type":"operationStart","subtype":"pdfUtils","name":"pdf utils","timestamp":1719067947830,"id":"3fhpz7f2tukykja","previousEventId":"ip7auzyggzpg1q5","operationId":"t2cksc4gtwgixit","previousOperationId":"lm8d0uzycm1azdx"}
{"type":"log","timestamp":1719067947830,"level":"debug","message":"pdf-utils detected 1 pdf operation(s) to process","meta":{"rootId":"n6su7b6nou9t53c","id":"n6su7b6nou9t53c"},"id":"n1h1k0w7kunczdj","previousOperationId":"t2cksc4gtwgixit"}
{"type":"log","timestamp":1719067947840,"level":"debug","message":"pdf-utils running pdf operation merge","meta":{"rootId":"n6su7b6nou9t53c","id":"n6su7b6nou9t53c"},"id":"nqns61dc172qjiu","previousOperationId":"t2cksc4gtwgixit"}
{"type":"operationStart","subtype":"pdfUtilsMerge","name":"pdf utils merge","previousOperationId":"t2cksc4gtwgixit","timestamp":1719067947840,"id":"59vfvqiv10xarci","previousEventId":"3fhpz7f2tukykja","operationId":"rwol754oxywiho9"}
{"type":"operationStart","subtype":"render","name":"anonymous","previousOperationId":"rwol754oxywiho9","timestamp":1719067947840,"id":"wvolgvi37up64x9","previousEventId":"59vfvqiv10xarci","operationId":"yzlpzquzxc6besh"}
{"type":"log","timestamp":1719067947840,"level":"info","message":"Starting rendering (child) request","meta":{"rootId":"n6su7b6nou9t53c","id":"imk464d8jcnb28b"},"id":"2tmgs9sql2osioz","previousOperationId":"yzlpzquzxc6besh"}
{"type":"log","timestamp":1719067947840,"level":"info","message":"Rendering anonymous template { recipe: chrome-pdf, engine: handlebars }","meta":{"rootId":"n6su7b6nou9t53c","id":"imk464d8jcnb28b"},"id":"i29oylw1y8ioozc","previousOperationId":"yzlpzquzxc6besh"}
{"type":"log","timestamp":1719067947840,"level":"debug","message":"Inline data specified.","meta":{"rootId":"n6su7b6nou9t53c","id":"imk464d8jcnb28b"},"id":"3aa7avr7h8gqp6b","previousOperationId":"yzlpzquzxc6besh"}
{"type":"log","timestamp":1719067947840,"level":"debug","message":"Base url not specified, skipping its injection.","meta":{"rootId":"n6su7b6nou9t53c","id":"imk464d8jcnb28b"},"id":"pzr06nd275xykb8","previousOperationId":"yzlpzquzxc6besh"}
{"type":"operationStart","subtype":"engine","name":"handlebars","timestamp":1719067947840,"id":"bjfgwyo394fww1d","previousEventId":"wvolgvi37up64x9","operationId":"dxm1yaa8mtp2lk4","previousOperationId":"yzlpzquzxc6besh"}
{"type":"log","timestamp":1719067947840,"level":"debug","message":"Rendering engine handlebars","meta":{"rootId":"n6su7b6nou9t53c","id":"imk464d8jcnb28b"},"id":"hfwe5w1589xhaey","previousOperationId":"dxm1yaa8mtp2lk4"}
{"type":"operationEnd","operationId":"dxm1yaa8mtp2lk4","timestamp":1719067947844,"id":"00h9ppko8lw51ml","previousEventId":"bjfgwyo394fww1d","previousOperationId":"dxm1yaa8mtp2lk4"}
{"type":"operationStart","subtype":"recipe","name":"chrome-pdf","timestamp":1719067947844,"id":"nh3s4p7q6fdrrun","previousEventId":"00h9ppko8lw51ml","operationId":"w57mh3qfyhyh7fz","previousOperationId":"dxm1yaa8mtp2lk4"}
{"type":"log","timestamp":1719067947844,"level":"debug","message":"Executing recipe chrome-pdf","meta":{"rootId":"n6su7b6nou9t53c","id":"imk464d8jcnb28b"},"id":"uxu5nj4s6bhhvkb","previousOperationId":"w57mh3qfyhyh7fz"}
{"type":"log","timestamp":1719067947846,"level":"debug","message":"Converting with chrome Chrome/126.0.6478.61 using chrome-pool strategy","meta":{"rootId":"n6su7b6nou9t53c","id":"imk464d8jcnb28b"},"id":"mquu1ospc8x3dy5","previousOperationId":"w57mh3qfyhyh7fz"}
{"type":"log","timestamp":1719067947906,"level":"debug","message":"Page request: GET (document) file:///var/folders/2x/1bhfw9mx7d775w_jmf56lcp80000gn/T/jsreport/autocleanup/97c48775-a9f7-42f4-8c4d-0d15fce0a14c-chrome-pdf.html","meta":{"rootId":"n6su7b6nou9t53c","id":"imk464d8jcnb28b"},"id":"fr2y1sk7npfd52q","previousOperationId":"w57mh3qfyhyh7fz"}
{"type":"log","timestamp":1719067947909,"level":"debug","message":"Page request finished: GET (document) 200 file:///var/folders/2x/1bhfw9mx7d775w_jmf56lcp80000gn/T/jsreport/autocleanup/97c48775-a9f7-42f4-8c4d-0d15fce0a14c-chrome-pdf.html","meta":{"rootId":"n6su7b6nou9t53c","id":"imk464d8jcnb28b"},"id":"eg8rv6x1xsoy80i","previousOperationId":"w57mh3qfyhyh7fz"}
{"type":"log","timestamp":1719067947910,"level":"debug","message":"Page request: GET (stylesheet) https://cdnjs.cloudflare.com/ajax/libs/metro/4.1.5/css/metro.min.css","meta":{"rootId":"n6su7b6nou9t53c","id":"imk464d8jcnb28b"},"id":"upy2d7jlknfl1i5","previousOperationId":"w57mh3qfyhyh7fz"}
{"type":"log","timestamp":1719067947915,"level":"debug","message":"Page request finished: GET (stylesheet) 200 https://cdnjs.cloudflare.com/ajax/libs/metro/4.1.5/css/metro.min.css","meta":{"rootId":"n6su7b6nou9t53c","id":"imk464d8jcnb28b"},"id":"ldim0bcnsjslno4","previousOperationId":"w57mh3qfyhyh7fz"}
{"type":"log","timestamp":1719067947942,"level":"debug","message":"Running chrome with params {\"timeout\":59668,\"margin\":{},\"printBackground\":true}","meta":{"rootId":"n6su7b6nou9t53c","id":"imk464d8jcnb28b"},"id":"9yw6dn4leyqkk62","previousOperationId":"w57mh3qfyhyh7fz"}
{"type":"operationEnd","operationId":"w57mh3qfyhyh7fz","timestamp":1719067948070,"id":"74u3w1galfksug3","previousEventId":"nh3s4p7q6fdrrun","previousOperationId":"w57mh3qfyhyh7fz"}
{"type":"log","timestamp":1719067948070,"level":"debug","message":"Skipping storing report.","meta":{"rootId":"n6su7b6nou9t53c","id":"imk464d8jcnb28b"},"id":"tjj440pfw1xywjd","previousOperationId":"w57mh3qfyhyh7fz"}
{"type":"log","timestamp":1719067948070,"level":"info","message":"Rendering (child) request finished in 557 ms","meta":{"rootId":"n6su7b6nou9t53c","id":"imk464d8jcnb28b"},"id":"y7qn7wpm6rs969h","previousOperationId":"w57mh3qfyhyh7fz"}
{"type":"operationEnd","subtype":"render","operationId":"yzlpzquzxc6besh","timestamp":1719067948070,"id":"u5uc03b2r8uulpw","previousEventId":"74u3w1galfksug3","previousOperationId":"w57mh3qfyhyh7fz"}
{"type":"operationEnd","operationId":"rwol754oxywiho9","timestamp":1719067948082,"id":"7nvdj2ux9urpvuw","previousEventId":"59vfvqiv10xarci","previousOperationId":"rwol754oxywiho9"}
{"type":"log","timestamp":1719067948082,"level":"debug","message":"pdf-utils postprocess start","meta":{"rootId":"n6su7b6nou9t53c","id":"n6su7b6nou9t53c"},"id":"3i5rtqqwb8kcb61","previousOperationId":"rwol754oxywiho9"}
{"type":"log","timestamp":1719067948097,"level":"debug","message":"pdf-utils postprocess end","meta":{"rootId":"n6su7b6nou9t53c","id":"n6su7b6nou9t53c"},"id":"s6lef82mrbw52t0","previousOperationId":"rwol754oxywiho9"}
{"type":"operationEnd","operationId":"t2cksc4gtwgixit","timestamp":1719067948097,"id":"5mejg3mkenqwvpl","previousEventId":"7nvdj2ux9urpvuw","previousOperationId":"rwol754oxywiho9"}
{"type":"log","timestamp":1719067948097,"level":"info","message":"pdf-utils pdf processing was finished","meta":{"rootId":"n6su7b6nou9t53c","id":"n6su7b6nou9t53c"},"id":"wxnm8m3pgrwz636","previousOperationId":"t2cksc4gtwgixit"}
{"type":"log","timestamp":1719067948097,"level":"debug","message":"Skipping storing report.","meta":{"rootId":"n6su7b6nou9t53c","id":"n6su7b6nou9t53c"},"id":"kluwm7hbar32uiw","previousOperationId":"t2cksc4gtwgixit"}
{"type":"log","timestamp":1719067948097,"level":"info","message":"Rendering request 186 finished in 584 ms","meta":{"rootId":"n6su7b6nou9t53c","id":"n6su7b6nou9t53c"},"id":"zovxq983sif2lpx","previousOperationId":"t2cksc4gtwgixit"}
{"type":"operationEnd","subtype":"render","operationId":"5ew2al1yd7ea1u2","timestamp":1719067948097,"id":"c5xcxuyasidco47","previousEventId":"5mejg3mkenqwvpl","previousOperationId":"t2cksc4gtwgixit"}
{"type":"operationEnd","doDiffs":false,"previousEventId":"7thb2xrt6f0kazb","previousOperationId":"cr85kkpc0ksb4zu","operationId":"cr85kkpc0ksb4zu","timestamp":1719067948098,"id":"4d5vrj1y22chtsd"}
