{"type":"operationStart","subtype":"profile","data":{"_id":"Ucs0GINAOKHK9lux","timestamp":"2024-06-21T21:49:11.267Z","state":"queued","mode":"standard","creationDate":"2024-06-21T21:49:11.269Z","modificationDate":"2024-06-21T21:49:11.269Z","shortid":"GU_Fn0p","$entitySet":"profiles"},"doDiffs":false,"timestamp":1719006551268,"id":"edqfawxfse60bp8","previousOperationId":null,"operationId":"ce0tkobbdwwt9qp"}
{"type":"log","level":"info","message":"Render request 114 queued for execution and waiting for available worker","previousOperationId":"ce0tkobbdwwt9qp","timestamp":1719006551268,"id":"3zqoo9htvunftsd"}
{"type":"operationStart","subtype":"render","name":"anonymous","previousOperationId":"ce0tkobbdwwt9qp","timestamp":1719006551284,"id":"n2ciu1sc411r0cq","previousEventId":"edqfawxfse60bp8","operationId":"2t0jd9gi6jeiwfe"}
{"type":"log","timestamp":1719006551288,"level":"info","message":"Starting rendering request 114","meta":{"rootId":"ndsuwono9bgzpz5","id":"ndsuwono9bgzpz5"},"id":"4cbsak0akqpdvjr","previousOperationId":"2t0jd9gi6jeiwfe"}
{"type":"log","timestamp":1719006551289,"level":"info","message":"Rendering anonymous template { recipe: chrome-pdf, engine: handlebars }","meta":{"rootId":"ndsuwono9bgzpz5","id":"ndsuwono9bgzpz5"},"id":"bxwztb5kqhmy2qn","previousOperationId":"2t0jd9gi6jeiwfe"}
{"type":"log","timestamp":1719006551289,"level":"debug","message":"Inline data specified.","meta":{"rootId":"ndsuwono9bgzpz5","id":"ndsuwono9bgzpz5"},"id":"n48eaz71qmw6b3h","previousOperationId":"2t0jd9gi6jeiwfe"}
{"type":"log","timestamp":1719006551291,"level":"debug","message":"Base url not specified, skipping its injection.","meta":{"rootId":"ndsuwono9bgzpz5","id":"ndsuwono9bgzpz5"},"id":"30k3714v9iypxbo","previousOperationId":"2t0jd9gi6jeiwfe"}
{"type":"operationStart","subtype":"engine","name":"handlebars","timestamp":1719006551293,"id":"7b3nxn8i5eye0rs","previousEventId":"n2ciu1sc411r0cq","operationId":"g6xmsfpoxc5uv87","previousOperationId":"2t0jd9gi6jeiwfe"}
{"type":"log","timestamp":1719006551293,"level":"debug","message":"Rendering engine handlebars","meta":{"rootId":"ndsuwono9bgzpz5","id":"ndsuwono9bgzpz5"},"id":"evchhxtlhcfzepo","previousOperationId":"g6xmsfpoxc5uv87"}
{"type":"log","timestamp":1719006551314,"level":"debug","message":"(console:log) Pdf utils adding group field, value: \"France\"","meta":{"userLevel":true,"rootId":"ndsuwono9bgzpz5","id":"ndsuwono9bgzpz5"},"id":"xjojvqyx87i89p3","previousOperationId":"g6xmsfpoxc5uv87"}
{"type":"log","timestamp":1719006551315,"level":"debug","message":"(console:log) Pdf utils adding group field, value: \"Germany\"","meta":{"userLevel":true,"rootId":"ndsuwono9bgzpz5","id":"ndsuwono9bgzpz5"},"id":"832zedkyh2r0n9p","previousOperationId":"g6xmsfpoxc5uv87"}
{"type":"operationEnd","operationId":"g6xmsfpoxc5uv87","timestamp":1719006551315,"id":"pzr05q7pasqi61c","previousEventId":"7b3nxn8i5eye0rs","previousOperationId":"g6xmsfpoxc5uv87"}
{"type":"operationStart","subtype":"recipe","name":"chrome-pdf","timestamp":1719006551315,"id":"qgpaergun17sp48","previousEventId":"pzr05q7pasqi61c","operationId":"6xnnv2o6ciijyc9","previousOperationId":"g6xmsfpoxc5uv87"}
{"type":"log","timestamp":1719006551315,"level":"debug","message":"Executing recipe chrome-pdf","meta":{"rootId":"ndsuwono9bgzpz5","id":"ndsuwono9bgzpz5"},"id":"5uv097gnfvmy5tj","previousOperationId":"6xnnv2o6ciijyc9"}
{"type":"log","timestamp":1719006551316,"level":"debug","message":"Starting child request to render pdf header","meta":{"rootId":"ndsuwono9bgzpz5","id":"ndsuwono9bgzpz5"},"id":"h8m09ad0he7q7x6","previousOperationId":"6xnnv2o6ciijyc9"}
{"type":"operationStart","subtype":"render","name":"anonymous","previousOperationId":"6xnnv2o6ciijyc9","timestamp":1719006551316,"id":"ws46b3revshrf79","previousEventId":"qgpaergun17sp48","operationId":"91x8ngddkaeqtho"}
{"type":"log","timestamp":1719006551316,"level":"info","message":"Starting rendering (child) request","meta":{"rootId":"ndsuwono9bgzpz5","id":"hiy524yz5xjggr3"},"id":"0pdkku3604ho8qg","previousOperationId":"91x8ngddkaeqtho"}
{"type":"log","timestamp":1719006551316,"level":"info","message":"Rendering anonymous template { recipe: html, engine: handlebars }","meta":{"rootId":"ndsuwono9bgzpz5","id":"hiy524yz5xjggr3"},"id":"fv2clfjt9as0hkl","previousOperationId":"91x8ngddkaeqtho"}
{"type":"log","timestamp":1719006551316,"level":"debug","message":"Inline data specified.","meta":{"rootId":"ndsuwono9bgzpz5","id":"hiy524yz5xjggr3"},"id":"qk8gw1oyle9urt2","previousOperationId":"91x8ngddkaeqtho"}
{"type":"log","timestamp":1719006551316,"level":"debug","message":"Base url not specified, skipping its injection.","meta":{"rootId":"ndsuwono9bgzpz5","id":"hiy524yz5xjggr3"},"id":"f9lmtz1sb0pazs1","previousOperationId":"91x8ngddkaeqtho"}
{"type":"operationStart","subtype":"engine","name":"handlebars","timestamp":1719006551316,"id":"n8b7n1iync11euk","previousEventId":"ws46b3revshrf79","operationId":"m042s4otv59fyzk","previousOperationId":"91x8ngddkaeqtho"}
{"type":"log","timestamp":1719006551316,"level":"debug","message":"Rendering engine handlebars","meta":{"rootId":"ndsuwono9bgzpz5","id":"hiy524yz5xjggr3"},"id":"utgrg85sk2jdnwd","previousOperationId":"m042s4otv59fyzk"}
{"type":"operationEnd","operationId":"m042s4otv59fyzk","timestamp":1719006551319,"id":"mzc5qg6rao8lmkx","previousEventId":"n8b7n1iync11euk","previousOperationId":"m042s4otv59fyzk"}
{"type":"operationStart","subtype":"recipe","name":"html","timestamp":1719006551319,"id":"foxg1mrofohu7w3","previousEventId":"mzc5qg6rao8lmkx","operationId":"1aj4h0s21a7kyax","previousOperationId":"m042s4otv59fyzk"}
{"type":"log","timestamp":1719006551319,"level":"debug","message":"Executing recipe html","meta":{"rootId":"ndsuwono9bgzpz5","id":"hiy524yz5xjggr3"},"id":"ulvc581tbk2tv9x","previousOperationId":"1aj4h0s21a7kyax"}
{"type":"operationEnd","operationId":"1aj4h0s21a7kyax","timestamp":1719006551319,"id":"hu83ldx2agdvl2h","previousEventId":"foxg1mrofohu7w3","previousOperationId":"1aj4h0s21a7kyax"}
{"type":"log","timestamp":1719006551319,"level":"debug","message":"Skipping storing report.","meta":{"rootId":"ndsuwono9bgzpz5","id":"hiy524yz5xjggr3"},"id":"vbuazxajrom1i4o","previousOperationId":"1aj4h0s21a7kyax"}
{"type":"log","timestamp":1719006551319,"level":"info","message":"Rendering (child) request finished in 54 ms","meta":{"rootId":"ndsuwono9bgzpz5","id":"hiy524yz5xjggr3"},"id":"3yzxwlky6x1p3e1","previousOperationId":"1aj4h0s21a7kyax"}
{"type":"operationEnd","subtype":"render","operationId":"91x8ngddkaeqtho","timestamp":1719006551319,"id":"65isolurbbyj2ez","previousEventId":"hu83ldx2agdvl2h","previousOperationId":"1aj4h0s21a7kyax"}
{"type":"log","timestamp":1719006551319,"level":"debug","message":"Starting child request to render pdf footer","meta":{"rootId":"ndsuwono9bgzpz5","id":"ndsuwono9bgzpz5"},"id":"3t4azzm5yttpphk","previousOperationId":"6xnnv2o6ciijyc9"}
{"type":"operationStart","subtype":"render","name":"anonymous","previousOperationId":"6xnnv2o6ciijyc9","timestamp":1719006551319,"id":"rwxd5n90uz3yfl4","previousEventId":"qgpaergun17sp48","operationId":"1il7g690w13qu3h"}
{"type":"log","timestamp":1719006551319,"level":"info","message":"Starting rendering (child) request","meta":{"rootId":"ndsuwono9bgzpz5","id":"uwt6n0u2apzmkb7"},"id":"2w2tbxd3j1dpiss","previousOperationId":"1il7g690w13qu3h"}
{"type":"log","timestamp":1719006551319,"level":"info","message":"Rendering anonymous template { recipe: html, engine: handlebars }","meta":{"rootId":"ndsuwono9bgzpz5","id":"uwt6n0u2apzmkb7"},"id":"xj0dge894jfgdnz","previousOperationId":"1il7g690w13qu3h"}
{"type":"log","timestamp":1719006551319,"level":"debug","message":"Inline data specified.","meta":{"rootId":"ndsuwono9bgzpz5","id":"uwt6n0u2apzmkb7"},"id":"ejvpinrp265jzaj","previousOperationId":"1il7g690w13qu3h"}
{"type":"log","timestamp":1719006551320,"level":"debug","message":"Base url not specified, skipping its injection.","meta":{"rootId":"ndsuwono9bgzpz5","id":"uwt6n0u2apzmkb7"},"id":"owegbg5m0j2398g","previousOperationId":"1il7g690w13qu3h"}
{"type":"operationStart","subtype":"engine","name":"handlebars","timestamp":1719006551320,"id":"zphfo10a9xhppxe","previousEventId":"rwxd5n90uz3yfl4","operationId":"gwr05rln15jpil8","previousOperationId":"1il7g690w13qu3h"}
{"type":"log","timestamp":1719006551320,"level":"debug","message":"Rendering engine handlebars","meta":{"rootId":"ndsuwono9bgzpz5","id":"uwt6n0u2apzmkb7"},"id":"cv45553noj3v6vp","previousOperationId":"gwr05rln15jpil8"}
{"type":"operationEnd","operationId":"gwr05rln15jpil8","timestamp":1719006551322,"id":"9ejny1quun9c4s3","previousEventId":"zphfo10a9xhppxe","previousOperationId":"gwr05rln15jpil8"}
{"type":"operationStart","subtype":"recipe","name":"html","timestamp":1719006551322,"id":"40k7jw5y12auj4y","previousEventId":"9ejny1quun9c4s3","operationId":"fwddw5sf0npwhjz","previousOperationId":"gwr05rln15jpil8"}
{"type":"log","timestamp":1719006551322,"level":"debug","message":"Executing recipe html","meta":{"rootId":"ndsuwono9bgzpz5","id":"uwt6n0u2apzmkb7"},"id":"qp8sdfelnfn312o","previousOperationId":"fwddw5sf0npwhjz"}
{"type":"operationEnd","operationId":"fwddw5sf0npwhjz","timestamp":1719006551322,"id":"vnnseohwkxf3c2y","previousEventId":"40k7jw5y12auj4y","previousOperationId":"fwddw5sf0npwhjz"}
{"type":"log","timestamp":1719006551322,"level":"debug","message":"Skipping storing report.","meta":{"rootId":"ndsuwono9bgzpz5","id":"uwt6n0u2apzmkb7"},"id":"7zhrhjctoq7daz0","previousOperationId":"fwddw5sf0npwhjz"}
{"type":"log","timestamp":1719006551322,"level":"info","message":"Rendering (child) request finished in 57 ms","meta":{"rootId":"ndsuwono9bgzpz5","id":"uwt6n0u2apzmkb7"},"id":"21s5w57jv72zjpk","previousOperationId":"fwddw5sf0npwhjz"}
{"type":"operationEnd","subtype":"render","operationId":"1il7g690w13qu3h","timestamp":1719006551322,"id":"7di3ucgh344roau","previousEventId":"vnnseohwkxf3c2y","previousOperationId":"fwddw5sf0npwhjz"}
{"type":"log","timestamp":1719006551324,"level":"debug","message":"Converting with chrome Chrome/126.0.6478.61 using chrome-pool strategy","meta":{"rootId":"ndsuwono9bgzpz5","id":"ndsuwono9bgzpz5"},"id":"ml0bhd7syecsjgl","previousOperationId":"6xnnv2o6ciijyc9"}
{"type":"log","timestamp":1719006551410,"level":"debug","message":"Page request: GET (document) file:///var/folders/2x/1bhfw9mx7d775w_jmf56lcp80000gn/T/jsreport/autocleanup/f70dfe82-2e2c-47d1-a549-5a7afd34179f-chrome-pdf.html","meta":{"rootId":"ndsuwono9bgzpz5","id":"ndsuwono9bgzpz5"},"id":"qf24azrvs9t3gtz","previousOperationId":"6xnnv2o6ciijyc9"}
{"type":"log","timestamp":1719006551414,"level":"debug","message":"Page request finished: GET (document) 200 file:///var/folders/2x/1bhfw9mx7d775w_jmf56lcp80000gn/T/jsreport/autocleanup/f70dfe82-2e2c-47d1-a549-5a7afd34179f-chrome-pdf.html","meta":{"rootId":"ndsuwono9bgzpz5","id":"ndsuwono9bgzpz5"},"id":"0xp2bqs5n9012rv","previousOperationId":"6xnnv2o6ciijyc9"}
{"type":"log","timestamp":1719006551414,"level":"debug","message":"Page request: GET (stylesheet) https://cdnjs.cloudflare.com/ajax/libs/metro/4.1.5/css/metro.min.css","meta":{"rootId":"ndsuwono9bgzpz5","id":"ndsuwono9bgzpz5"},"id":"lrzk0wo5zxipcno","previousOperationId":"6xnnv2o6ciijyc9"}
{"type":"log","timestamp":1719006551414,"level":"debug","message":"Page request: GET (script) https://cdnjs.cloudflare.com/ajax/libs/Chart.js/2.7.2/Chart.min.js","meta":{"rootId":"ndsuwono9bgzpz5","id":"ndsuwono9bgzpz5"},"id":"o1t188nhujtl7fo","previousOperationId":"6xnnv2o6ciijyc9"}
{"type":"log","timestamp":1719006551423,"level":"debug","message":"Page request finished: GET (stylesheet) 200 https://cdnjs.cloudflare.com/ajax/libs/metro/4.1.5/css/metro.min.css","meta":{"rootId":"ndsuwono9bgzpz5","id":"ndsuwono9bgzpz5"},"id":"lbbrz99yg9l4888","previousOperationId":"6xnnv2o6ciijyc9"}
{"type":"log","timestamp":1719006551423,"level":"debug","message":"Page request finished: GET (script) 200 https://cdnjs.cloudflare.com/ajax/libs/Chart.js/2.7.2/Chart.min.js","meta":{"rootId":"ndsuwono9bgzpz5","id":"ndsuwono9bgzpz5"},"id":"v7ayji792c6lgx7","previousOperationId":"6xnnv2o6ciijyc9"}
{"type":"log","timestamp":1719006551463,"level":"debug","message":"Running chrome with params {\"displayHeaderFooter\":true,\"headerTemplate\":\"...\",\"footerTemplate\":\"...\",\"marginTop\":\"4cm\",\"marginRight\":\"1.5cm\",\"marginLeft\":\"1.5cm\",\"marginBottom\":\"1.5cm\",\"timeout\":59943,\"margin\":{\"top\":\"4cm\",\"right\":\"1.5cm\",\"bottom\":\"1.5cm\",\"left\":\"1.5cm\"},\"printBackground\":true}","meta":{"rootId":"ndsuwono9bgzpz5","id":"ndsuwono9bgzpz5"},"id":"n1nxdx84gdfd0fs","previousOperationId":"6xnnv2o6ciijyc9"}
{"type":"operationEnd","operationId":"6xnnv2o6ciijyc9","timestamp":1719006551652,"id":"epzh44b61socfek","previousEventId":"qgpaergun17sp48","previousOperationId":"6xnnv2o6ciijyc9"}
{"type":"log","timestamp":1719006551652,"level":"debug","message":"Skipping storing report.","meta":{"rootId":"ndsuwono9bgzpz5","id":"ndsuwono9bgzpz5"},"id":"54mucllb6vpqr1h","previousOperationId":"6xnnv2o6ciijyc9"}
{"type":"log","timestamp":1719006551652,"level":"info","message":"Rendering request 114 finished in 387 ms","meta":{"rootId":"ndsuwono9bgzpz5","id":"ndsuwono9bgzpz5"},"id":"0dm18w78y88jdtx","previousOperationId":"6xnnv2o6ciijyc9"}
{"type":"operationEnd","subtype":"render","operationId":"2t0jd9gi6jeiwfe","timestamp":1719006551652,"id":"l3ijlgj60d4b9dv","previousEventId":"epzh44b61socfek","previousOperationId":"6xnnv2o6ciijyc9"}
{"type":"operationEnd","doDiffs":false,"previousEventId":"edqfawxfse60bp8","previousOperationId":"ce0tkobbdwwt9qp","operationId":"ce0tkobbdwwt9qp","timestamp":1719006551652,"id":"adb9cu7gas0k88g"}
