{"type":"operationStart","subtype":"profile","data":{"_id":"1Kdw9I4lfdvSbRcW","timestamp":"2024-06-21T19:53:42.774Z","state":"queued","mode":"standard","creationDate":"2024-06-21T19:53:42.780Z","modificationDate":"2024-06-21T19:53:42.780Z","shortid":"LwmqJfJ","$entitySet":"profiles"},"doDiffs":false,"timestamp":1718999622778,"id":"o5rrvqoy207j517","previousOperationId":null,"operationId":"vsrcl09xy6bcwyg"}
{"type":"log","level":"info","message":"Render request 60 queued for execution and waiting for available worker","previousOperationId":"vsrcl09xy6bcwyg","timestamp":1718999622779,"id":"z1rad68q5y2f3xx"}
{"type":"operationStart","subtype":"render","name":"anonymous","previousOperationId":"vsrcl09xy6bcwyg","timestamp":1718999622783,"id":"zxcwcmwjmquidfn","previousEventId":"o5rrvqoy207j517","operationId":"mf7twf8tmriw7wl"}
{"type":"log","timestamp":1718999622784,"level":"info","message":"Starting rendering request 60","meta":{"rootId":"ozrmsvff4bnwx1o","id":"ozrmsvff4bnwx1o"},"id":"nxzlmy0dps4no2e","previousOperationId":"mf7twf8tmriw7wl"}
{"type":"log","timestamp":1718999622784,"level":"info","message":"Rendering anonymous template { recipe: chrome-pdf, engine: handlebars }","meta":{"rootId":"ozrmsvff4bnwx1o","id":"ozrmsvff4bnwx1o"},"id":"hyrjp13uh29dxsg","previousOperationId":"mf7twf8tmriw7wl"}
{"type":"log","timestamp":1718999622784,"level":"debug","message":"Inline data specified.","meta":{"rootId":"ozrmsvff4bnwx1o","id":"ozrmsvff4bnwx1o"},"id":"gqy6zsz0l339tsi","previousOperationId":"mf7twf8tmriw7wl"}
{"type":"log","timestamp":1718999622784,"level":"debug","message":"Base url not specified, skipping its injection.","meta":{"rootId":"ozrmsvff4bnwx1o","id":"ozrmsvff4bnwx1o"},"id":"m9cskgw6i29ix3r","previousOperationId":"mf7twf8tmriw7wl"}
{"type":"operationStart","subtype":"engine","name":"handlebars","timestamp":1718999622785,"id":"6si7ktgf4eyk9aw","previousEventId":"zxcwcmwjmquidfn","operationId":"36i3ued21m52ncw","previousOperationId":"mf7twf8tmriw7wl"}
{"type":"log","timestamp":1718999622785,"level":"debug","message":"Rendering engine handlebars","meta":{"rootId":"ozrmsvff4bnwx1o","id":"ozrmsvff4bnwx1o"},"id":"8a53pktqnfh80mx","previousOperationId":"36i3ued21m52ncw"}
{"type":"operationEnd","operationId":"36i3ued21m52ncw","timestamp":1718999622790,"id":"3h11n69shwkjqfo","previousEventId":"6si7ktgf4eyk9aw","previousOperationId":"36i3ued21m52ncw"}
{"type":"operationStart","subtype":"recipe","name":"chrome-pdf","timestamp":1718999622790,"id":"4g30xm335rso1u9","previousEventId":"3h11n69shwkjqfo","operationId":"wj63e2dh24c7n7u","previousOperationId":"36i3ued21m52ncw"}
{"type":"log","timestamp":1718999622790,"level":"debug","message":"Executing recipe chrome-pdf","meta":{"rootId":"ozrmsvff4bnwx1o","id":"ozrmsvff4bnwx1o"},"id":"qx5xvqnsc1fptmt","previousOperationId":"wj63e2dh24c7n7u"}
{"type":"log","timestamp":1718999622804,"level":"debug","message":"Converting with chrome Chrome/126.0.6478.61 using chrome-pool strategy","meta":{"rootId":"ozrmsvff4bnwx1o","id":"ozrmsvff4bnwx1o"},"id":"gabwdw963dx5jrt","previousOperationId":"wj63e2dh24c7n7u"}
{"type":"log","timestamp":1718999622895,"level":"debug","message":"Page request: GET (document) file:///var/folders/2x/1bhfw9mx7d775w_jmf56lcp80000gn/T/jsreport/autocleanup/cb66c763-6fa7-4df9-b319-eaed3a7e9290-chrome-pdf.html","meta":{"rootId":"ozrmsvff4bnwx1o","id":"ozrmsvff4bnwx1o"},"id":"2kbgc5kg7g5bm75","previousOperationId":"wj63e2dh24c7n7u"}
{"type":"log","timestamp":1718999622899,"level":"debug","message":"Page request finished: GET (document) 200 file:///var/folders/2x/1bhfw9mx7d775w_jmf56lcp80000gn/T/jsreport/autocleanup/cb66c763-6fa7-4df9-b319-eaed3a7e9290-chrome-pdf.html","meta":{"rootId":"ozrmsvff4bnwx1o","id":"ozrmsvff4bnwx1o"},"id":"zf8dbw9p7a0yk2m","previousOperationId":"wj63e2dh24c7n7u"}
{"type":"log","timestamp":1718999622899,"level":"debug","message":"Page request: GET (stylesheet) https://cdnjs.cloudflare.com/ajax/libs/metro/4.1.5/css/metro.min.css","meta":{"rootId":"ozrmsvff4bnwx1o","id":"ozrmsvff4bnwx1o"},"id":"2zgpvkbc7rryd6i","previousOperationId":"wj63e2dh24c7n7u"}
{"type":"log","timestamp":1718999622899,"level":"debug","message":"Page request: GET (script) https://cdnjs.cloudflare.com/ajax/libs/Chart.js/2.7.2/Chart.min.js","meta":{"rootId":"ozrmsvff4bnwx1o","id":"ozrmsvff4bnwx1o"},"id":"i2cec88gcuo8gmu","previousOperationId":"wj63e2dh24c7n7u"}
{"type":"log","timestamp":1718999622907,"level":"debug","message":"Page request finished: GET (stylesheet) 200 https://cdnjs.cloudflare.com/ajax/libs/metro/4.1.5/css/metro.min.css","meta":{"rootId":"ozrmsvff4bnwx1o","id":"ozrmsvff4bnwx1o"},"id":"91fz6t8mea2dc7w","previousOperationId":"wj63e2dh24c7n7u"}
{"type":"log","timestamp":1718999622907,"level":"debug","message":"Page request finished: GET (script) 200 https://cdnjs.cloudflare.com/ajax/libs/Chart.js/2.7.2/Chart.min.js","meta":{"rootId":"ozrmsvff4bnwx1o","id":"ozrmsvff4bnwx1o"},"id":"ug6an7h742w53d4","previousOperationId":"wj63e2dh24c7n7u"}
{"type":"log","timestamp":1718999622913,"level":"debug","message":"Running chrome with params {\"timeout\":59983,\"margin\":{},\"printBackground\":true}","meta":{"rootId":"ozrmsvff4bnwx1o","id":"ozrmsvff4bnwx1o"},"id":"mmz2v5s93zlzoqp","previousOperationId":"wj63e2dh24c7n7u"}
{"type":"operationEnd","operationId":"wj63e2dh24c7n7u","timestamp":1718999622957,"id":"na7v6n1rqrr3c2p","previousEventId":"4g30xm335rso1u9","previousOperationId":"wj63e2dh24c7n7u"}
{"type":"log","timestamp":1718999622957,"level":"debug","message":"Skipping storing report.","meta":{"rootId":"ozrmsvff4bnwx1o","id":"ozrmsvff4bnwx1o"},"id":"0uph8nfw5jwv7go","previousOperationId":"wj63e2dh24c7n7u"}
{"type":"log","timestamp":1718999622957,"level":"info","message":"Rendering request 60 finished in 183 ms","meta":{"rootId":"ozrmsvff4bnwx1o","id":"ozrmsvff4bnwx1o"},"id":"h8iq7z4amr553sd","previousOperationId":"wj63e2dh24c7n7u"}
{"type":"operationEnd","subtype":"render","operationId":"mf7twf8tmriw7wl","timestamp":1718999622957,"id":"4lmt7fkew3d9cts","previousEventId":"na7v6n1rqrr3c2p","previousOperationId":"wj63e2dh24c7n7u"}
{"type":"operationEnd","doDiffs":false,"previousEventId":"o5rrvqoy207j517","previousOperationId":"vsrcl09xy6bcwyg","operationId":"vsrcl09xy6bcwyg","timestamp":1718999622958,"id":"5b3oo8n3otd76ff"}
