{"type":"operationStart","subtype":"profile","data":{"_id":"unZQeV1CZMMlTKDR","timestamp":"2024-06-21T22:37:39.659Z","state":"queued","mode":"standard","creationDate":"2024-06-21T22:37:39.661Z","modificationDate":"2024-06-21T22:37:39.661Z","shortid":"uzyCh-3","$entitySet":"profiles"},"doDiffs":false,"timestamp":1719009459659,"id":"k5jicq9u02o37dd","previousOperationId":null,"operationId":"nwy51yodzra7zg6"}
{"type":"log","level":"info","message":"Render request 153 queued for execution and waiting for available worker","previousOperationId":"nwy51yodzra7zg6","timestamp":1719009459659,"id":"czirb148x751bx8"}
{"type":"operationStart","subtype":"render","name":"anonymous","previousOperationId":"nwy51yodzra7zg6","timestamp":1719009459675,"id":"phvfefiqdpxaxef","previousEventId":"k5jicq9u02o37dd","operationId":"10jfl0siqtt7xu9"}
{"type":"log","timestamp":1719009459675,"level":"info","message":"Starting rendering request 153","meta":{"rootId":"paxnbuq1e3h752n","id":"paxnbuq1e3h752n"},"id":"ztov798srjui181","previousOperationId":"10jfl0siqtt7xu9"}
{"type":"log","timestamp":1719009459676,"level":"info","message":"Rendering anonymous template { recipe: chrome-pdf, engine: handlebars }","meta":{"rootId":"paxnbuq1e3h752n","id":"paxnbuq1e3h752n"},"id":"qmht3h59rc6982v","previousOperationId":"10jfl0siqtt7xu9"}
{"type":"log","timestamp":1719009459676,"level":"debug","message":"Inline data specified.","meta":{"rootId":"paxnbuq1e3h752n","id":"paxnbuq1e3h752n"},"id":"kj7zcdsl4xn6ocw","previousOperationId":"10jfl0siqtt7xu9"}
{"type":"log","timestamp":1719009459678,"level":"debug","message":"Base url not specified, skipping its injection.","meta":{"rootId":"paxnbuq1e3h752n","id":"paxnbuq1e3h752n"},"id":"e46llxxi035ih9o","previousOperationId":"10jfl0siqtt7xu9"}
{"type":"operationStart","subtype":"engine","name":"handlebars","timestamp":1719009459679,"id":"lwtcx4sqkk85mpv","previousEventId":"phvfefiqdpxaxef","operationId":"ddocqdf8h1sigap","previousOperationId":"10jfl0siqtt7xu9"}
{"type":"log","timestamp":1719009459679,"level":"debug","message":"Rendering engine handlebars","meta":{"rootId":"paxnbuq1e3h752n","id":"paxnbuq1e3h752n"},"id":"7k2hh0ilgugfija","previousOperationId":"ddocqdf8h1sigap"}
{"type":"operationEnd","operationId":"ddocqdf8h1sigap","timestamp":1719009459704,"id":"udrs6pdg2mqu5g5","previousEventId":"lwtcx4sqkk85mpv","previousOperationId":"ddocqdf8h1sigap"}
{"type":"operationStart","subtype":"recipe","name":"chrome-pdf","timestamp":1719009459704,"id":"cwwxnkmvkinwyge","previousEventId":"udrs6pdg2mqu5g5","operationId":"2zo24ktzlj6itag","previousOperationId":"ddocqdf8h1sigap"}
{"type":"log","timestamp":1719009459704,"level":"debug","message":"Executing recipe chrome-pdf","meta":{"rootId":"paxnbuq1e3h752n","id":"paxnbuq1e3h752n"},"id":"fp7ek9eu9t9c0kz","previousOperationId":"2zo24ktzlj6itag"}
{"type":"log","timestamp":1719009459708,"level":"debug","message":"Converting with chrome Chrome/126.0.6478.61 using chrome-pool strategy","meta":{"rootId":"paxnbuq1e3h752n","id":"paxnbuq1e3h752n"},"id":"ob5difz8104b663","previousOperationId":"2zo24ktzlj6itag"}
{"type":"log","timestamp":1719009459815,"level":"debug","message":"Page request: GET (document) file:///var/folders/2x/1bhfw9mx7d775w_jmf56lcp80000gn/T/jsreport/autocleanup/8195bb22-7988-4bd0-9e04-e6e0997b2812-chrome-pdf.html","meta":{"rootId":"paxnbuq1e3h752n","id":"paxnbuq1e3h752n"},"id":"1i3zwl8rh3g1tge","previousOperationId":"2zo24ktzlj6itag"}
{"type":"log","timestamp":1719009459818,"level":"debug","message":"Page request finished: GET (document) 200 file:///var/folders/2x/1bhfw9mx7d775w_jmf56lcp80000gn/T/jsreport/autocleanup/8195bb22-7988-4bd0-9e04-e6e0997b2812-chrome-pdf.html","meta":{"rootId":"paxnbuq1e3h752n","id":"paxnbuq1e3h752n"},"id":"u4zil42jhpxogvm","previousOperationId":"2zo24ktzlj6itag"}
{"type":"log","timestamp":1719009459819,"level":"debug","message":"Page request: GET (stylesheet) https://cdnjs.cloudflare.com/ajax/libs/metro/4.1.5/css/metro.min.css","meta":{"rootId":"paxnbuq1e3h752n","id":"paxnbuq1e3h752n"},"id":"wdzybsg3ld7tz29","previousOperationId":"2zo24ktzlj6itag"}
{"type":"log","timestamp":1719009459819,"level":"debug","message":"Page request: GET (script) https://cdnjs.cloudflare.com/ajax/libs/Chart.js/2.7.2/Chart.min.js","meta":{"rootId":"paxnbuq1e3h752n","id":"paxnbuq1e3h752n"},"id":"tnl5bxbb4fi3807","previousOperationId":"2zo24ktzlj6itag"}
{"type":"log","timestamp":1719009459827,"level":"debug","message":"Page request finished: GET (stylesheet) 200 https://cdnjs.cloudflare.com/ajax/libs/metro/4.1.5/css/metro.min.css","meta":{"rootId":"paxnbuq1e3h752n","id":"paxnbuq1e3h752n"},"id":"gd3jk43lc3tcp3z","previousOperationId":"2zo24ktzlj6itag"}
{"type":"log","timestamp":1719009459827,"level":"debug","message":"Page request finished: GET (script) 200 https://cdnjs.cloudflare.com/ajax/libs/Chart.js/2.7.2/Chart.min.js","meta":{"rootId":"paxnbuq1e3h752n","id":"paxnbuq1e3h752n"},"id":"ujsorf41g8d5orn","previousOperationId":"2zo24ktzlj6itag"}
{"type":"log","timestamp":1719009459875,"level":"debug","message":"Running chrome with params {\"marginTop\":\"2cm\",\"marginRight\":\"1.5cm\",\"marginLeft\":\"1.5cm\",\"marginBottom\":\"1.5cm\",\"timeout\":59952,\"margin\":{\"top\":\"2cm\",\"right\":\"1.5cm\",\"bottom\":\"1.5cm\",\"left\":\"1.5cm\"},\"printBackground\":true}","meta":{"rootId":"paxnbuq1e3h752n","id":"paxnbuq1e3h752n"},"id":"n1d6v47cj5yaum1","previousOperationId":"2zo24ktzlj6itag"}
{"type":"operationEnd","operationId":"2zo24ktzlj6itag","timestamp":1719009460050,"id":"3z8vzg9iqv01pph","previousEventId":"cwwxnkmvkinwyge","previousOperationId":"2zo24ktzlj6itag"}
{"type":"log","timestamp":1719009460050,"level":"info","message":"pdf-utils is starting pdf processing","meta":{"rootId":"paxnbuq1e3h752n","id":"paxnbuq1e3h752n"},"id":"17tjrqt4ie9n2vp","previousOperationId":"2zo24ktzlj6itag"}
{"type":"operationStart","subtype":"pdfUtils","name":"pdf utils","timestamp":1719009460050,"id":"iefqhqd7ic0n02d","previousEventId":"3z8vzg9iqv01pph","operationId":"whr5j2k6zqlkmjh","previousOperationId":"2zo24ktzlj6itag"}
{"type":"log","timestamp":1719009460050,"level":"debug","message":"pdf-utils detected 1 pdf operation(s) to process","meta":{"rootId":"paxnbuq1e3h752n","id":"paxnbuq1e3h752n"},"id":"dyfov44nfyvhhce","previousOperationId":"whr5j2k6zqlkmjh"}
{"type":"log","timestamp":1719009460060,"level":"debug","message":"pdf-utils running pdf operation merge","meta":{"rootId":"paxnbuq1e3h752n","id":"paxnbuq1e3h752n"},"id":"xirbw2r1zqpy0fx","previousOperationId":"whr5j2k6zqlkmjh"}
{"type":"operationStart","subtype":"pdfUtilsMerge","name":"pdf utils merge","previousOperationId":"whr5j2k6zqlkmjh","timestamp":1719009460060,"id":"x3ndpmuxclry2bi","previousEventId":"iefqhqd7ic0n02d","operationId":"vz52w1ynuybjmse"}
{"type":"operationStart","subtype":"render","name":"anonymous","previousOperationId":"vz52w1ynuybjmse","timestamp":1719009460060,"id":"8sj7gosffzqi804","previousEventId":"x3ndpmuxclry2bi","operationId":"y1y5elr9m8ry2v3"}
{"type":"log","timestamp":1719009460060,"level":"info","message":"Starting rendering (child) request","meta":{"rootId":"paxnbuq1e3h752n","id":"g3lg74tuo5m7smb"},"id":"230nx26kdftaz7x","previousOperationId":"y1y5elr9m8ry2v3"}
{"type":"log","timestamp":1719009460060,"level":"info","message":"Rendering anonymous template { recipe: chrome-pdf, engine: handlebars }","meta":{"rootId":"paxnbuq1e3h752n","id":"g3lg74tuo5m7smb"},"id":"hjffv2758g7vsnj","previousOperationId":"y1y5elr9m8ry2v3"}
{"type":"log","timestamp":1719009460060,"level":"debug","message":"Inline data specified.","meta":{"rootId":"paxnbuq1e3h752n","id":"g3lg74tuo5m7smb"},"id":"r6c0d7rnc2466k0","previousOperationId":"y1y5elr9m8ry2v3"}
{"type":"log","timestamp":1719009460061,"level":"debug","message":"Base url not specified, skipping its injection.","meta":{"rootId":"paxnbuq1e3h752n","id":"g3lg74tuo5m7smb"},"id":"3uvavzn1g57vj2z","previousOperationId":"y1y5elr9m8ry2v3"}
{"type":"operationStart","subtype":"engine","name":"handlebars","timestamp":1719009460061,"id":"f6sx764y4f82yq9","previousEventId":"8sj7gosffzqi804","operationId":"j2niwjqgegc9hva","previousOperationId":"y1y5elr9m8ry2v3"}
{"type":"log","timestamp":1719009460061,"level":"debug","message":"Rendering engine handlebars","meta":{"rootId":"paxnbuq1e3h752n","id":"g3lg74tuo5m7smb"},"id":"caolo02q0zkwejy","previousOperationId":"j2niwjqgegc9hva"}
{"type":"operationEnd","operationId":"j2niwjqgegc9hva","timestamp":1719009460066,"id":"70ry7fe7wi77h3d","previousEventId":"f6sx764y4f82yq9","previousOperationId":"j2niwjqgegc9hva"}
{"type":"operationStart","subtype":"recipe","name":"chrome-pdf","timestamp":1719009460066,"id":"u609n6csebht2dt","previousEventId":"70ry7fe7wi77h3d","operationId":"wuuc1dh2ze0y7gu","previousOperationId":"j2niwjqgegc9hva"}
{"type":"log","timestamp":1719009460066,"level":"debug","message":"Executing recipe chrome-pdf","meta":{"rootId":"paxnbuq1e3h752n","id":"g3lg74tuo5m7smb"},"id":"8l19d7e45p5bfda","previousOperationId":"wuuc1dh2ze0y7gu"}
{"type":"log","timestamp":1719009460067,"level":"debug","message":"Converting with chrome Chrome/126.0.6478.61 using chrome-pool strategy","meta":{"rootId":"paxnbuq1e3h752n","id":"g3lg74tuo5m7smb"},"id":"n276aztpj6wawe1","previousOperationId":"wuuc1dh2ze0y7gu"}
{"type":"log","timestamp":1719009460128,"level":"debug","message":"Page request: GET (document) file:///var/folders/2x/1bhfw9mx7d775w_jmf56lcp80000gn/T/jsreport/autocleanup/50c9fb9d-9767-40b6-8625-163410147c79-chrome-pdf.html","meta":{"rootId":"paxnbuq1e3h752n","id":"g3lg74tuo5m7smb"},"id":"dicj6nf4ed1h7j2","previousOperationId":"wuuc1dh2ze0y7gu"}
{"type":"log","timestamp":1719009460132,"level":"debug","message":"Page request finished: GET (document) 200 file:///var/folders/2x/1bhfw9mx7d775w_jmf56lcp80000gn/T/jsreport/autocleanup/50c9fb9d-9767-40b6-8625-163410147c79-chrome-pdf.html","meta":{"rootId":"paxnbuq1e3h752n","id":"g3lg74tuo5m7smb"},"id":"90jlwy9vexfmpf9","previousOperationId":"wuuc1dh2ze0y7gu"}
{"type":"log","timestamp":1719009460133,"level":"debug","message":"Page request: GET (stylesheet) https://cdnjs.cloudflare.com/ajax/libs/metro/4.1.5/css/metro.min.css","meta":{"rootId":"paxnbuq1e3h752n","id":"g3lg74tuo5m7smb"},"id":"xkirljxxzv0vu1m","previousOperationId":"wuuc1dh2ze0y7gu"}
{"type":"log","timestamp":1719009460138,"level":"debug","message":"Page request finished: GET (stylesheet) 200 https://cdnjs.cloudflare.com/ajax/libs/metro/4.1.5/css/metro.min.css","meta":{"rootId":"paxnbuq1e3h752n","id":"g3lg74tuo5m7smb"},"id":"ledtlcbzdlz990o","previousOperationId":"wuuc1dh2ze0y7gu"}
{"type":"log","timestamp":1719009460158,"level":"debug","message":"Running chrome with params {\"timeout\":59591,\"margin\":{},\"printBackground\":true}","meta":{"rootId":"paxnbuq1e3h752n","id":"g3lg74tuo5m7smb"},"id":"exxqtehlztb14qq","previousOperationId":"wuuc1dh2ze0y7gu"}
{"type":"operationEnd","operationId":"wuuc1dh2ze0y7gu","timestamp":1719009460259,"id":"sleayp2y513wu1u","previousEventId":"u609n6csebht2dt","previousOperationId":"wuuc1dh2ze0y7gu"}
{"type":"log","timestamp":1719009460259,"level":"debug","message":"Skipping storing report.","meta":{"rootId":"paxnbuq1e3h752n","id":"g3lg74tuo5m7smb"},"id":"tew0rwcg1wnzugt","previousOperationId":"wuuc1dh2ze0y7gu"}
{"type":"log","timestamp":1719009460259,"level":"info","message":"Rendering (child) request finished in 601 ms","meta":{"rootId":"paxnbuq1e3h752n","id":"g3lg74tuo5m7smb"},"id":"a3lqjkte0zs3c7n","previousOperationId":"wuuc1dh2ze0y7gu"}
{"type":"operationEnd","subtype":"render","operationId":"y1y5elr9m8ry2v3","timestamp":1719009460259,"id":"z3u68zwwpqd5e7s","previousEventId":"sleayp2y513wu1u","previousOperationId":"wuuc1dh2ze0y7gu"}
{"type":"operationEnd","operationId":"vz52w1ynuybjmse","timestamp":1719009460274,"id":"zo1ewtwsk1i5nr2","previousEventId":"x3ndpmuxclry2bi","previousOperationId":"vz52w1ynuybjmse"}
{"type":"log","timestamp":1719009460274,"level":"debug","message":"pdf-utils postprocess start","meta":{"rootId":"paxnbuq1e3h752n","id":"paxnbuq1e3h752n"},"id":"4fhw0y68noxmp9h","previousOperationId":"vz52w1ynuybjmse"}
{"type":"log","timestamp":1719009460288,"level":"debug","message":"pdf-utils postprocess end","meta":{"rootId":"paxnbuq1e3h752n","id":"paxnbuq1e3h752n"},"id":"dro058f2f120ph7","previousOperationId":"vz52w1ynuybjmse"}
{"type":"operationEnd","operationId":"whr5j2k6zqlkmjh","timestamp":1719009460288,"id":"0yg3h3t9ey1u8q9","previousEventId":"zo1ewtwsk1i5nr2","previousOperationId":"vz52w1ynuybjmse"}
{"type":"log","timestamp":1719009460288,"level":"info","message":"pdf-utils pdf processing was finished","meta":{"rootId":"paxnbuq1e3h752n","id":"paxnbuq1e3h752n"},"id":"ukwcbzpka0m3nkj","previousOperationId":"whr5j2k6zqlkmjh"}
{"type":"log","timestamp":1719009460288,"level":"debug","message":"Skipping storing report.","meta":{"rootId":"paxnbuq1e3h752n","id":"paxnbuq1e3h752n"},"id":"kyp7lkjv69exu7h","previousOperationId":"whr5j2k6zqlkmjh"}
{"type":"log","timestamp":1719009460288,"level":"info","message":"Rendering request 153 finished in 630 ms","meta":{"rootId":"paxnbuq1e3h752n","id":"paxnbuq1e3h752n"},"id":"vtqfjxpvfwtq3yd","previousOperationId":"whr5j2k6zqlkmjh"}
{"type":"operationEnd","subtype":"render","operationId":"10jfl0siqtt7xu9","timestamp":1719009460288,"id":"drebo2utmzvm0ia","previousEventId":"0yg3h3t9ey1u8q9","previousOperationId":"whr5j2k6zqlkmjh"}
{"type":"operationEnd","doDiffs":false,"previousEventId":"k5jicq9u02o37dd","previousOperationId":"nwy51yodzra7zg6","operationId":"nwy51yodzra7zg6","timestamp":1719009460289,"id":"0fgcq8p4m2nwzj1"}
