{"type":"operationStart","subtype":"profile","data":{"_id":"n9YySnb3Hcowq4on","timestamp":"2024-06-21T22:44:49.737Z","state":"queued","mode":"standard","creationDate":"2024-06-21T22:44:49.738Z","modificationDate":"2024-06-21T22:44:49.738Z","shortid":"hy9hnO5","$entitySet":"profiles"},"doDiffs":false,"timestamp":1719009889737,"id":"iwxd31xqfy7x91k","previousOperationId":null,"operationId":"3tmizkzlg3glxqj"}
{"type":"log","level":"info","message":"Render request 164 queued for execution and waiting for available worker","previousOperationId":"3tmizkzlg3glxqj","timestamp":1719009889737,"id":"mbzhd5o1z7wlglu"}
{"type":"operationStart","subtype":"render","name":"anonymous","previousOperationId":"3tmizkzlg3glxqj","timestamp":1719009889742,"id":"d03qaoau8941qxb","previousEventId":"iwxd31xqfy7x91k","operationId":"8kprtvp79296hu3"}
{"type":"log","timestamp":1719009889742,"level":"info","message":"Starting rendering request 164","meta":{"rootId":"pfrqk1f6ingsf50","id":"pfrqk1f6ingsf50"},"id":"44z1irihjw9noyh","previousOperationId":"8kprtvp79296hu3"}
{"type":"log","timestamp":1719009889742,"level":"info","message":"Rendering anonymous template { recipe: html, engine: handlebars }","meta":{"rootId":"pfrqk1f6ingsf50","id":"pfrqk1f6ingsf50"},"id":"423e0d2r18q9dfx","previousOperationId":"8kprtvp79296hu3"}
{"type":"log","timestamp":1719009889742,"level":"debug","message":"Inline data specified.","meta":{"rootId":"pfrqk1f6ingsf50","id":"pfrqk1f6ingsf50"},"id":"n9qgwmg7hwlw6wm","previousOperationId":"8kprtvp79296hu3"}
{"type":"log","timestamp":1719009889745,"level":"debug","message":"Base url not specified, skipping its injection.","meta":{"rootId":"pfrqk1f6ingsf50","id":"pfrqk1f6ingsf50"},"id":"ph52xta13gbypo2","previousOperationId":"8kprtvp79296hu3"}
{"type":"operationStart","subtype":"engine","name":"handlebars","timestamp":1719009889747,"id":"ss99fk8m6new2ss","previousEventId":"d03qaoau8941qxb","operationId":"lykskkdonxmb86i","previousOperationId":"8kprtvp79296hu3"}
{"type":"log","timestamp":1719009889747,"level":"debug","message":"Rendering engine handlebars","meta":{"rootId":"pfrqk1f6ingsf50","id":"pfrqk1f6ingsf50"},"id":"zzqdhbrc2omls1x","previousOperationId":"lykskkdonxmb86i"}
{"type":"log","timestamp":1719009889757,"level":"debug","message":"(console:log) Pdf utils adding group field, value: \"France\"","meta":{"userLevel":true,"rootId":"pfrqk1f6ingsf50","id":"pfrqk1f6ingsf50"},"id":"ps7losc9w6lblg6","previousOperationId":"lykskkdonxmb86i"}
{"type":"log","timestamp":1719009889757,"level":"debug","message":"(console:log) Pdf utils adding group field, value: \"Germany\"","meta":{"userLevel":true,"rootId":"pfrqk1f6ingsf50","id":"pfrqk1f6ingsf50"},"id":"aj3l310caqikah9","previousOperationId":"lykskkdonxmb86i"}
{"type":"operationEnd","operationId":"lykskkdonxmb86i","timestamp":1719009889758,"id":"ts9l8ek1iutv86x","previousEventId":"ss99fk8m6new2ss","previousOperationId":"lykskkdonxmb86i"}
{"type":"operationStart","subtype":"recipe","name":"html","timestamp":1719009889758,"id":"vx44g65p7hh9g04","previousEventId":"ts9l8ek1iutv86x","operationId":"04gsf8uy2on2xy6","previousOperationId":"lykskkdonxmb86i"}
{"type":"log","timestamp":1719009889758,"level":"debug","message":"Executing recipe html","meta":{"rootId":"pfrqk1f6ingsf50","id":"pfrqk1f6ingsf50"},"id":"goyve5ivxkmasrq","previousOperationId":"04gsf8uy2on2xy6"}
{"type":"operationEnd","operationId":"04gsf8uy2on2xy6","timestamp":1719009889758,"id":"dv1dz7io1hgkkbz","previousEventId":"vx44g65p7hh9g04","previousOperationId":"04gsf8uy2on2xy6"}
{"type":"log","timestamp":1719009889758,"level":"debug","message":"Skipping pdf utils processing because template is rendered with non-pdf recipe.","meta":{"rootId":"pfrqk1f6ingsf50","id":"pfrqk1f6ingsf50"},"id":"91zn6oe79lfeyu1","previousOperationId":"04gsf8uy2on2xy6"}
{"type":"log","timestamp":1719009889758,"level":"debug","message":"Skipping storing report.","meta":{"rootId":"pfrqk1f6ingsf50","id":"pfrqk1f6ingsf50"},"id":"i9ielyqj7t2xlol","previousOperationId":"04gsf8uy2on2xy6"}
{"type":"log","timestamp":1719009889758,"level":"info","message":"Rendering request 164 finished in 22 ms","meta":{"rootId":"pfrqk1f6ingsf50","id":"pfrqk1f6ingsf50"},"id":"0d5ljwc2fhl12rm","previousOperationId":"04gsf8uy2on2xy6"}
{"type":"operationEnd","subtype":"render","operationId":"8kprtvp79296hu3","timestamp":1719009889758,"id":"rk65tpr3dse05te","previousEventId":"dv1dz7io1hgkkbz","previousOperationId":"04gsf8uy2on2xy6"}
{"type":"operationEnd","doDiffs":false,"previousEventId":"iwxd31xqfy7x91k","previousOperationId":"3tmizkzlg3glxqj","operationId":"3tmizkzlg3glxqj","timestamp":1719009889761,"id":"rqvliy4qoc801rj"}
