{"type":"operationStart","subtype":"profile","data":{"_id":"eZnitmLUPoDoAMPN","timestamp":"2024-06-21T19:54:59.962Z","state":"queued","mode":"standard","creationDate":"2024-06-21T19:54:59.967Z","modificationDate":"2024-06-21T19:54:59.967Z","shortid":"jv09YOR","$entitySet":"profiles"},"doDiffs":false,"timestamp":1718999699966,"id":"r1khm86r6ebypgi","previousOperationId":null,"operationId":"zvjooeiknwmlkrr"}
{"type":"log","level":"info","message":"Render request 62 queued for execution and waiting for available worker","previousOperationId":"zvjooeiknwmlkrr","timestamp":1718999699966,"id":"nhwnec46qsv57mh"}
{"type":"operationStart","subtype":"render","name":"anonymous","previousOperationId":"zvjooeiknwmlkrr","timestamp":1718999699974,"id":"eqdz9m6ql3ai0sg","previousEventId":"r1khm86r6ebypgi","operationId":"mc5x4tzmhq77fnz"}
{"type":"log","timestamp":1718999699974,"level":"info","message":"Starting rendering request 62","meta":{"rootId":"px52ol8mzhzwzl1","id":"px52ol8mzhzwzl1"},"id":"ut93vdhpxwfzf1c","previousOperationId":"mc5x4tzmhq77fnz"}
{"type":"log","timestamp":1718999699974,"level":"info","message":"Rendering anonymous template { recipe: chrome-pdf, engine: handlebars }","meta":{"rootId":"px52ol8mzhzwzl1","id":"px52ol8mzhzwzl1"},"id":"45leaadeguqkwbt","previousOperationId":"mc5x4tzmhq77fnz"}
{"type":"log","timestamp":1718999699974,"level":"debug","message":"Inline data specified.","meta":{"rootId":"px52ol8mzhzwzl1","id":"px52ol8mzhzwzl1"},"id":"xyvi1zlciv5tv8j","previousOperationId":"mc5x4tzmhq77fnz"}
{"type":"log","timestamp":1718999699977,"level":"debug","message":"Base url not specified, skipping its injection.","meta":{"rootId":"px52ol8mzhzwzl1","id":"px52ol8mzhzwzl1"},"id":"zggz40awle3mnjt","previousOperationId":"mc5x4tzmhq77fnz"}
{"type":"operationStart","subtype":"engine","name":"handlebars","timestamp":1718999699979,"id":"hutv64u54y1p0hh","previousEventId":"eqdz9m6ql3ai0sg","operationId":"wsabkeg98cmccee","previousOperationId":"mc5x4tzmhq77fnz"}
{"type":"log","timestamp":1718999699979,"level":"debug","message":"Rendering engine handlebars","meta":{"rootId":"px52ol8mzhzwzl1","id":"px52ol8mzhzwzl1"},"id":"otbp09aoo1rg8h1","previousOperationId":"wsabkeg98cmccee"}
{"type":"operationEnd","operationId":"wsabkeg98cmccee","timestamp":1718999699993,"id":"5l6o9r1d4715fmj","previousEventId":"hutv64u54y1p0hh","previousOperationId":"wsabkeg98cmccee"}
{"type":"operationStart","subtype":"recipe","name":"chrome-pdf","timestamp":1718999699993,"id":"skvo095itnqc62k","previousEventId":"5l6o9r1d4715fmj","operationId":"0zb5wmz2zs1amcf","previousOperationId":"wsabkeg98cmccee"}
{"type":"log","timestamp":1718999699993,"level":"debug","message":"Executing recipe chrome-pdf","meta":{"rootId":"px52ol8mzhzwzl1","id":"px52ol8mzhzwzl1"},"id":"enwpx4w8m4esd2q","previousOperationId":"0zb5wmz2zs1amcf"}
{"type":"log","timestamp":1718999699996,"level":"debug","message":"Converting with chrome Chrome/126.0.6478.61 using chrome-pool strategy","meta":{"rootId":"px52ol8mzhzwzl1","id":"px52ol8mzhzwzl1"},"id":"cq3gm0wr5otpg2r","previousOperationId":"0zb5wmz2zs1amcf"}
{"type":"log","timestamp":1718999700084,"level":"debug","message":"Page request: GET (document) file:///var/folders/2x/1bhfw9mx7d775w_jmf56lcp80000gn/T/jsreport/autocleanup/f15d3a61-37e1-413b-bd67-ca83110d320f-chrome-pdf.html","meta":{"rootId":"px52ol8mzhzwzl1","id":"px52ol8mzhzwzl1"},"id":"1s8nokqip4nhs7c","previousOperationId":"0zb5wmz2zs1amcf"}
{"type":"log","timestamp":1718999700088,"level":"debug","message":"Page request finished: GET (document) 200 file:///var/folders/2x/1bhfw9mx7d775w_jmf56lcp80000gn/T/jsreport/autocleanup/f15d3a61-37e1-413b-bd67-ca83110d320f-chrome-pdf.html","meta":{"rootId":"px52ol8mzhzwzl1","id":"px52ol8mzhzwzl1"},"id":"6982wnhauiz3u43","previousOperationId":"0zb5wmz2zs1amcf"}
{"type":"log","timestamp":1718999700088,"level":"debug","message":"Page request: GET (stylesheet) https://cdnjs.cloudflare.com/ajax/libs/metro/4.1.5/css/metro.min.css","meta":{"rootId":"px52ol8mzhzwzl1","id":"px52ol8mzhzwzl1"},"id":"oxfjtkq7smpcksg","previousOperationId":"0zb5wmz2zs1amcf"}
{"type":"log","timestamp":1718999700088,"level":"debug","message":"Page request: GET (script) https://cdnjs.cloudflare.com/ajax/libs/Chart.js/2.7.2/Chart.min.js","meta":{"rootId":"px52ol8mzhzwzl1","id":"px52ol8mzhzwzl1"},"id":"rjblt6d2sjk745c","previousOperationId":"0zb5wmz2zs1amcf"}
{"type":"log","timestamp":1718999700095,"level":"debug","message":"Page request finished: GET (stylesheet) 200 https://cdnjs.cloudflare.com/ajax/libs/metro/4.1.5/css/metro.min.css","meta":{"rootId":"px52ol8mzhzwzl1","id":"px52ol8mzhzwzl1"},"id":"kct6fpvo8p56aj7","previousOperationId":"0zb5wmz2zs1amcf"}
{"type":"log","timestamp":1718999700096,"level":"debug","message":"Page request finished: GET (script) 200 https://cdnjs.cloudflare.com/ajax/libs/Chart.js/2.7.2/Chart.min.js","meta":{"rootId":"px52ol8mzhzwzl1","id":"px52ol8mzhzwzl1"},"id":"862qli474b3qvuv","previousOperationId":"0zb5wmz2zs1amcf"}
{"type":"log","timestamp":1718999700132,"level":"debug","message":"Running chrome with params {\"timeout\":59967,\"margin\":{},\"printBackground\":true}","meta":{"rootId":"px52ol8mzhzwzl1","id":"px52ol8mzhzwzl1"},"id":"g5o3rjyg73nyfyg","previousOperationId":"0zb5wmz2zs1amcf"}
{"type":"operationEnd","operationId":"0zb5wmz2zs1amcf","timestamp":1718999700219,"id":"fbj71kfnyai8vku","previousEventId":"skvo095itnqc62k","previousOperationId":"0zb5wmz2zs1amcf"}
{"type":"log","timestamp":1718999700219,"level":"debug","message":"Skipping storing report.","meta":{"rootId":"px52ol8mzhzwzl1","id":"px52ol8mzhzwzl1"},"id":"f7gsbg7z2qknj52","previousOperationId":"0zb5wmz2zs1amcf"}
{"type":"log","timestamp":1718999700219,"level":"info","message":"Rendering request 62 finished in 258 ms","meta":{"rootId":"px52ol8mzhzwzl1","id":"px52ol8mzhzwzl1"},"id":"ajhplwt2hktyfl0","previousOperationId":"0zb5wmz2zs1amcf"}
{"type":"operationEnd","subtype":"render","operationId":"mc5x4tzmhq77fnz","timestamp":1718999700219,"id":"t17nar0ua8l052j","previousEventId":"fbj71kfnyai8vku","previousOperationId":"0zb5wmz2zs1amcf"}
{"type":"operationEnd","doDiffs":false,"previousEventId":"r1khm86r6ebypgi","previousOperationId":"zvjooeiknwmlkrr","operationId":"zvjooeiknwmlkrr","timestamp":1718999700220,"id":"7wuv1vrmubfrch9"}
