{"type":"operationStart","subtype":"profile","data":{"_id":"bSJIPKGL9KjGguQe","timestamp":"2024-06-21T19:59:13.786Z","state":"queued","mode":"standard","creationDate":"2024-06-21T19:59:13.788Z","modificationDate":"2024-06-21T19:59:13.788Z","shortid":"cglXMCU","$entitySet":"profiles"},"doDiffs":false,"timestamp":1718999953787,"id":"habvyqgmef6cmna","previousOperationId":null,"operationId":"i8murdvydcdlhz8"}
{"type":"log","level":"info","message":"Render request 69 queued for execution and waiting for available worker","previousOperationId":"i8murdvydcdlhz8","timestamp":1718999953787,"id":"bv1ev9dyibwivyc"}
{"type":"operationStart","subtype":"render","name":"anonymous","previousOperationId":"i8murdvydcdlhz8","timestamp":1718999953792,"id":"rfwc6d1zz5wh7e8","previousEventId":"habvyqgmef6cmna","operationId":"7hxsle8tjq9hu97"}
{"type":"log","timestamp":1718999953793,"level":"info","message":"Starting rendering request 69","meta":{"rootId":"q270j0wy4uhnisj","id":"q270j0wy4uhnisj"},"id":"nw1qpqhs3xmcap8","previousOperationId":"7hxsle8tjq9hu97"}
{"type":"log","timestamp":1718999953793,"level":"info","message":"Rendering anonymous template { recipe: chrome-pdf, engine: handlebars }","meta":{"rootId":"q270j0wy4uhnisj","id":"q270j0wy4uhnisj"},"id":"yuyjpf5tuca8ny4","previousOperationId":"7hxsle8tjq9hu97"}
{"type":"log","timestamp":1718999953793,"level":"debug","message":"Inline data specified.","meta":{"rootId":"q270j0wy4uhnisj","id":"q270j0wy4uhnisj"},"id":"ojmkwyhrkgf5iqt","previousOperationId":"7hxsle8tjq9hu97"}
{"type":"log","timestamp":1718999953794,"level":"debug","message":"Base url not specified, skipping its injection.","meta":{"rootId":"q270j0wy4uhnisj","id":"q270j0wy4uhnisj"},"id":"0dq6so94dtj4mx2","previousOperationId":"7hxsle8tjq9hu97"}
{"type":"operationStart","subtype":"engine","name":"handlebars","timestamp":1718999953794,"id":"s377vgbgp1h3lig","previousEventId":"rfwc6d1zz5wh7e8","operationId":"kujfzqkoxbo10qs","previousOperationId":"7hxsle8tjq9hu97"}
{"type":"log","timestamp":1718999953795,"level":"debug","message":"Rendering engine handlebars","meta":{"rootId":"q270j0wy4uhnisj","id":"q270j0wy4uhnisj"},"id":"2yp6bz2rroyvlad","previousOperationId":"kujfzqkoxbo10qs"}
{"type":"operationEnd","operationId":"kujfzqkoxbo10qs","timestamp":1718999953801,"id":"zzyxrzot17n2vcd","previousEventId":"s377vgbgp1h3lig","previousOperationId":"kujfzqkoxbo10qs"}
{"type":"operationStart","subtype":"recipe","name":"chrome-pdf","timestamp":1718999953801,"id":"wz6eoc2lmjl60bn","previousEventId":"zzyxrzot17n2vcd","operationId":"tki7i7k2sh7rzr4","previousOperationId":"kujfzqkoxbo10qs"}
{"type":"log","timestamp":1718999953801,"level":"debug","message":"Executing recipe chrome-pdf","meta":{"rootId":"q270j0wy4uhnisj","id":"q270j0wy4uhnisj"},"id":"cado2xojjmcofuv","previousOperationId":"tki7i7k2sh7rzr4"}
{"type":"log","timestamp":1718999953804,"level":"debug","message":"Converting with chrome Chrome/126.0.6478.61 using chrome-pool strategy","meta":{"rootId":"q270j0wy4uhnisj","id":"q270j0wy4uhnisj"},"id":"gbh0taee0o8sa7y","previousOperationId":"tki7i7k2sh7rzr4"}
{"type":"log","timestamp":1718999953891,"level":"debug","message":"Page request: GET (document) file:///var/folders/2x/1bhfw9mx7d775w_jmf56lcp80000gn/T/jsreport/autocleanup/5d4f0213-0bef-4f0b-8afb-77251f68ad82-chrome-pdf.html","meta":{"rootId":"q270j0wy4uhnisj","id":"q270j0wy4uhnisj"},"id":"6y26plp1mvq29wu","previousOperationId":"tki7i7k2sh7rzr4"}
{"type":"log","timestamp":1718999953895,"level":"debug","message":"Page request finished: GET (document) 200 file:///var/folders/2x/1bhfw9mx7d775w_jmf56lcp80000gn/T/jsreport/autocleanup/5d4f0213-0bef-4f0b-8afb-77251f68ad82-chrome-pdf.html","meta":{"rootId":"q270j0wy4uhnisj","id":"q270j0wy4uhnisj"},"id":"33cu96vh8tua8mk","previousOperationId":"tki7i7k2sh7rzr4"}
{"type":"log","timestamp":1718999953896,"level":"debug","message":"Page request: GET (stylesheet) https://cdnjs.cloudflare.com/ajax/libs/metro/4.1.5/css/metro.min.css","meta":{"rootId":"q270j0wy4uhnisj","id":"q270j0wy4uhnisj"},"id":"1u0w6ynjuht1nf8","previousOperationId":"tki7i7k2sh7rzr4"}
{"type":"log","timestamp":1718999953896,"level":"debug","message":"Page request: GET (script) https://cdnjs.cloudflare.com/ajax/libs/Chart.js/2.7.2/Chart.min.js","meta":{"rootId":"q270j0wy4uhnisj","id":"q270j0wy4uhnisj"},"id":"efslrvd8auf68kq","previousOperationId":"tki7i7k2sh7rzr4"}
{"type":"log","timestamp":1718999953904,"level":"debug","message":"Page request finished: GET (stylesheet) 200 https://cdnjs.cloudflare.com/ajax/libs/metro/4.1.5/css/metro.min.css","meta":{"rootId":"q270j0wy4uhnisj","id":"q270j0wy4uhnisj"},"id":"zmmgbo859ojck8c","previousOperationId":"tki7i7k2sh7rzr4"}
{"type":"log","timestamp":1718999953904,"level":"debug","message":"Page request finished: GET (script) 200 https://cdnjs.cloudflare.com/ajax/libs/Chart.js/2.7.2/Chart.min.js","meta":{"rootId":"q270j0wy4uhnisj","id":"q270j0wy4uhnisj"},"id":"6creaj4zeoo56hp","previousOperationId":"tki7i7k2sh7rzr4"}
{"type":"log","timestamp":1718999953922,"level":"debug","message":"Running chrome with params {\"timeout\":59983,\"margin\":{},\"printBackground\":true}","meta":{"rootId":"q270j0wy4uhnisj","id":"q270j0wy4uhnisj"},"id":"jm2jei5aiz2qsos","previousOperationId":"tki7i7k2sh7rzr4"}
{"type":"operationEnd","operationId":"tki7i7k2sh7rzr4","timestamp":1718999954022,"id":"1spyuphx8rz983c","previousEventId":"wz6eoc2lmjl60bn","previousOperationId":"tki7i7k2sh7rzr4"}
{"type":"log","timestamp":1718999954022,"level":"debug","message":"Skipping storing report.","meta":{"rootId":"q270j0wy4uhnisj","id":"q270j0wy4uhnisj"},"id":"jl8o4yqyk25mga4","previousOperationId":"tki7i7k2sh7rzr4"}
{"type":"log","timestamp":1718999954022,"level":"info","message":"Rendering request 69 finished in 237 ms","meta":{"rootId":"q270j0wy4uhnisj","id":"q270j0wy4uhnisj"},"id":"6vg8m9plvzm62gi","previousOperationId":"tki7i7k2sh7rzr4"}
{"type":"operationEnd","subtype":"render","operationId":"7hxsle8tjq9hu97","timestamp":1718999954022,"id":"aqedrheohojzs0l","previousEventId":"1spyuphx8rz983c","previousOperationId":"tki7i7k2sh7rzr4"}
{"type":"operationEnd","doDiffs":false,"previousEventId":"habvyqgmef6cmna","previousOperationId":"i8murdvydcdlhz8","operationId":"i8murdvydcdlhz8","timestamp":1718999954023,"id":"tnpaqkprc7cib9r"}
