{"type":"operationStart","subtype":"profile","data":{"_id":"Nde47cZqSgHrcKLA","timestamp":"2024-06-21T21:54:36.377Z","state":"queued","mode":"standard","creationDate":"2024-06-21T21:54:36.378Z","modificationDate":"2024-06-21T21:54:36.378Z","shortid":"LdSvkMC","$entitySet":"profiles"},"doDiffs":false,"timestamp":1719006876377,"id":"po8t46apwlwe94d","previousOperationId":null,"operationId":"peq91nme3rbsow2"}
{"type":"log","level":"info","message":"Render request 120 queued for execution and waiting for available worker","previousOperationId":"peq91nme3rbsow2","timestamp":1719006876377,"id":"09oqljkublsstk8"}
{"type":"operationStart","subtype":"render","name":"anonymous","previousOperationId":"peq91nme3rbsow2","timestamp":1719006876383,"id":"k8swj42jyeczlqr","previousEventId":"po8t46apwlwe94d","operationId":"wyyjwfxq8upreib"}
{"type":"log","timestamp":1719006876383,"level":"info","message":"Starting rendering request 120","meta":{"rootId":"qapod9j197q45qc","id":"qapod9j197q45qc"},"id":"aq0mzgz8dpiso2e","previousOperationId":"wyyjwfxq8upreib"}
{"type":"log","timestamp":1719006876383,"level":"info","message":"Rendering anonymous template { recipe: chrome-pdf, engine: handlebars }","meta":{"rootId":"qapod9j197q45qc","id":"qapod9j197q45qc"},"id":"metxhdomw45zx9e","previousOperationId":"wyyjwfxq8upreib"}
{"type":"log","timestamp":1719006876383,"level":"debug","message":"Inline data specified.","meta":{"rootId":"qapod9j197q45qc","id":"qapod9j197q45qc"},"id":"9arq5vchqxlx1w8","previousOperationId":"wyyjwfxq8upreib"}
{"type":"log","timestamp":1719006876384,"level":"debug","message":"Base url not specified, skipping its injection.","meta":{"rootId":"qapod9j197q45qc","id":"qapod9j197q45qc"},"id":"uzqy0krgcj0u5rd","previousOperationId":"wyyjwfxq8upreib"}
{"type":"operationStart","subtype":"engine","name":"handlebars","timestamp":1719006876385,"id":"g6w9m4iv2wa1twd","previousEventId":"k8swj42jyeczlqr","operationId":"ogoq2u7edrjp2lz","previousOperationId":"wyyjwfxq8upreib"}
{"type":"log","timestamp":1719006876385,"level":"debug","message":"Rendering engine handlebars","meta":{"rootId":"qapod9j197q45qc","id":"qapod9j197q45qc"},"id":"y9eye1e8vml9q3u","previousOperationId":"ogoq2u7edrjp2lz"}
{"type":"log","timestamp":1719006876409,"level":"debug","message":"(console:log) Pdf utils adding group field, value: \"France\"","meta":{"userLevel":true,"rootId":"qapod9j197q45qc","id":"qapod9j197q45qc"},"id":"ru8yakk75yofqkw","previousOperationId":"ogoq2u7edrjp2lz"}
{"type":"log","timestamp":1719006876418,"level":"debug","message":"(console:log) Pdf utils adding group field, value: \"Germany\"","meta":{"userLevel":true,"rootId":"qapod9j197q45qc","id":"qapod9j197q45qc"},"id":"1pz7x5lhrj8o684","previousOperationId":"ogoq2u7edrjp2lz"}
{"type":"operationEnd","operationId":"ogoq2u7edrjp2lz","timestamp":1719006876418,"id":"cfk0tb19p5muy0s","previousEventId":"g6w9m4iv2wa1twd","previousOperationId":"ogoq2u7edrjp2lz"}
{"type":"operationStart","subtype":"recipe","name":"chrome-pdf","timestamp":1719006876418,"id":"8r7efui3uxhs5pn","previousEventId":"cfk0tb19p5muy0s","operationId":"3plzibwm7gq8mkp","previousOperationId":"ogoq2u7edrjp2lz"}
{"type":"log","timestamp":1719006876418,"level":"debug","message":"Executing recipe chrome-pdf","meta":{"rootId":"qapod9j197q45qc","id":"qapod9j197q45qc"},"id":"wjdv1k7zxb5flzx","previousOperationId":"3plzibwm7gq8mkp"}
{"type":"log","timestamp":1719006876420,"level":"debug","message":"Starting child request to render pdf header","meta":{"rootId":"qapod9j197q45qc","id":"qapod9j197q45qc"},"id":"lyzmxxttm1yyp22","previousOperationId":"3plzibwm7gq8mkp"}
{"type":"operationStart","subtype":"render","name":"anonymous","previousOperationId":"3plzibwm7gq8mkp","timestamp":1719006876420,"id":"5qm865072y06b68","previousEventId":"8r7efui3uxhs5pn","operationId":"mq9jcjdgav2jl4p"}
{"type":"log","timestamp":1719006876420,"level":"info","message":"Starting rendering (child) request","meta":{"rootId":"qapod9j197q45qc","id":"3ga4nv98i0n1z34"},"id":"63ienr0p4gkwa1n","previousOperationId":"mq9jcjdgav2jl4p"}
{"type":"log","timestamp":1719006876420,"level":"info","message":"Rendering anonymous template { recipe: html, engine: handlebars }","meta":{"rootId":"qapod9j197q45qc","id":"3ga4nv98i0n1z34"},"id":"ygxgr07bqkqte3l","previousOperationId":"mq9jcjdgav2jl4p"}
{"type":"log","timestamp":1719006876420,"level":"debug","message":"Inline data specified.","meta":{"rootId":"qapod9j197q45qc","id":"3ga4nv98i0n1z34"},"id":"td9ocix393a6aj8","previousOperationId":"mq9jcjdgav2jl4p"}
{"type":"log","timestamp":1719006876420,"level":"debug","message":"Base url not specified, skipping its injection.","meta":{"rootId":"qapod9j197q45qc","id":"3ga4nv98i0n1z34"},"id":"qzqhjpp9lvdm25c","previousOperationId":"mq9jcjdgav2jl4p"}
{"type":"operationStart","subtype":"engine","name":"handlebars","timestamp":1719006876420,"id":"7zg9ffhugquodpf","previousEventId":"5qm865072y06b68","operationId":"7zz0neuy4yh9a8v","previousOperationId":"mq9jcjdgav2jl4p"}
{"type":"log","timestamp":1719006876420,"level":"debug","message":"Rendering engine handlebars","meta":{"rootId":"qapod9j197q45qc","id":"3ga4nv98i0n1z34"},"id":"jezuflhv5uhe436","previousOperationId":"7zz0neuy4yh9a8v"}
{"type":"operationEnd","operationId":"7zz0neuy4yh9a8v","timestamp":1719006876423,"id":"olwbqod1xkavwma","previousEventId":"7zg9ffhugquodpf","previousOperationId":"7zz0neuy4yh9a8v"}
{"type":"operationStart","subtype":"recipe","name":"html","timestamp":1719006876423,"id":"xz5nm21zbxtmdqj","previousEventId":"olwbqod1xkavwma","operationId":"617ococpayrjkir","previousOperationId":"7zz0neuy4yh9a8v"}
{"type":"log","timestamp":1719006876423,"level":"debug","message":"Executing recipe html","meta":{"rootId":"qapod9j197q45qc","id":"3ga4nv98i0n1z34"},"id":"s1cwvr29ajpfcqy","previousOperationId":"617ococpayrjkir"}
{"type":"operationEnd","operationId":"617ococpayrjkir","timestamp":1719006876423,"id":"aaicqn02opjscwo","previousEventId":"xz5nm21zbxtmdqj","previousOperationId":"617ococpayrjkir"}
{"type":"log","timestamp":1719006876423,"level":"debug","message":"Skipping storing report.","meta":{"rootId":"qapod9j197q45qc","id":"3ga4nv98i0n1z34"},"id":"28rheibbzgj00oi","previousOperationId":"617ococpayrjkir"}
{"type":"log","timestamp":1719006876423,"level":"info","message":"Rendering (child) request finished in 47 ms","meta":{"rootId":"qapod9j197q45qc","id":"3ga4nv98i0n1z34"},"id":"j547tdcs4n9cc8j","previousOperationId":"617ococpayrjkir"}
{"type":"operationEnd","subtype":"render","operationId":"mq9jcjdgav2jl4p","timestamp":1719006876423,"id":"ymd863gadv8j4ik","previousEventId":"aaicqn02opjscwo","previousOperationId":"617ococpayrjkir"}
{"type":"log","timestamp":1719006876423,"level":"debug","message":"Starting child request to render pdf footer","meta":{"rootId":"qapod9j197q45qc","id":"qapod9j197q45qc"},"id":"htilzwxfs9m6l2n","previousOperationId":"3plzibwm7gq8mkp"}
{"type":"operationStart","subtype":"render","name":"anonymous","previousOperationId":"3plzibwm7gq8mkp","timestamp":1719006876423,"id":"ci2m8uvm73b1ih2","previousEventId":"8r7efui3uxhs5pn","operationId":"8kg2s8l7kph4py0"}
{"type":"log","timestamp":1719006876423,"level":"info","message":"Starting rendering (child) request","meta":{"rootId":"qapod9j197q45qc","id":"leuwfyhnte76454"},"id":"34nafayret7f5je","previousOperationId":"8kg2s8l7kph4py0"}
{"type":"log","timestamp":1719006876423,"level":"info","message":"Rendering anonymous template { recipe: html, engine: handlebars }","meta":{"rootId":"qapod9j197q45qc","id":"leuwfyhnte76454"},"id":"n5wydqcgbhl62fv","previousOperationId":"8kg2s8l7kph4py0"}
{"type":"log","timestamp":1719006876423,"level":"debug","message":"Inline data specified.","meta":{"rootId":"qapod9j197q45qc","id":"leuwfyhnte76454"},"id":"qtr0augoaya62q3","previousOperationId":"8kg2s8l7kph4py0"}
{"type":"log","timestamp":1719006876423,"level":"debug","message":"Base url not specified, skipping its injection.","meta":{"rootId":"qapod9j197q45qc","id":"leuwfyhnte76454"},"id":"dmuphpa3onfs8zq","previousOperationId":"8kg2s8l7kph4py0"}
{"type":"operationStart","subtype":"engine","name":"handlebars","timestamp":1719006876423,"id":"j81bq4jy5qcfjd7","previousEventId":"ci2m8uvm73b1ih2","operationId":"ifpeskjsoc45edx","previousOperationId":"8kg2s8l7kph4py0"}
{"type":"log","timestamp":1719006876423,"level":"debug","message":"Rendering engine handlebars","meta":{"rootId":"qapod9j197q45qc","id":"leuwfyhnte76454"},"id":"k1a7h2b70rmq15g","previousOperationId":"ifpeskjsoc45edx"}
{"type":"operationEnd","operationId":"ifpeskjsoc45edx","timestamp":1719006876429,"id":"vm1n12nswgq0a3r","previousEventId":"j81bq4jy5qcfjd7","previousOperationId":"ifpeskjsoc45edx"}
{"type":"operationStart","subtype":"recipe","name":"html","timestamp":1719006876429,"id":"n9q1aegj46bpwq1","previousEventId":"vm1n12nswgq0a3r","operationId":"ozo87gj475qp6ed","previousOperationId":"ifpeskjsoc45edx"}
{"type":"log","timestamp":1719006876429,"level":"debug","message":"Executing recipe html","meta":{"rootId":"qapod9j197q45qc","id":"leuwfyhnte76454"},"id":"iuc50k6ycfpkp2b","previousOperationId":"ozo87gj475qp6ed"}
{"type":"operationEnd","operationId":"ozo87gj475qp6ed","timestamp":1719006876429,"id":"11x2ydgij0yalds","previousEventId":"n9q1aegj46bpwq1","previousOperationId":"ozo87gj475qp6ed"}
{"type":"log","timestamp":1719006876429,"level":"debug","message":"Skipping storing report.","meta":{"rootId":"qapod9j197q45qc","id":"leuwfyhnte76454"},"id":"5qmg749d7c4h32i","previousOperationId":"ozo87gj475qp6ed"}
{"type":"log","timestamp":1719006876429,"level":"info","message":"Rendering (child) request finished in 53 ms","meta":{"rootId":"qapod9j197q45qc","id":"leuwfyhnte76454"},"id":"b7hwvlr77w3j1ab","previousOperationId":"ozo87gj475qp6ed"}
{"type":"operationEnd","subtype":"render","operationId":"8kg2s8l7kph4py0","timestamp":1719006876429,"id":"eex2s7wtznfla9p","previousEventId":"11x2ydgij0yalds","previousOperationId":"ozo87gj475qp6ed"}
{"type":"log","timestamp":1719006876441,"level":"debug","message":"Converting with chrome Chrome/126.0.6478.61 using chrome-pool strategy","meta":{"rootId":"qapod9j197q45qc","id":"qapod9j197q45qc"},"id":"n5rneln880hq3ry","previousOperationId":"3plzibwm7gq8mkp"}
{"type":"log","timestamp":1719006876911,"level":"debug","message":"Page request: GET (document) file:///var/folders/2x/1bhfw9mx7d775w_jmf56lcp80000gn/T/jsreport/autocleanup/8956237c-233f-496b-8b7f-cd7d67514a9d-chrome-pdf.html","meta":{"rootId":"qapod9j197q45qc","id":"qapod9j197q45qc"},"id":"24o9x3qthxpfjq4","previousOperationId":"3plzibwm7gq8mkp"}
{"type":"log","timestamp":1719006876934,"level":"debug","message":"Page request: GET (stylesheet) https://cdnjs.cloudflare.com/ajax/libs/metro/4.1.5/css/metro.min.css","meta":{"rootId":"qapod9j197q45qc","id":"qapod9j197q45qc"},"id":"ccxwjh94f31e1op","previousOperationId":"3plzibwm7gq8mkp"}
{"type":"log","timestamp":1719006876934,"level":"debug","message":"Page request: GET (script) https://cdnjs.cloudflare.com/ajax/libs/Chart.js/2.7.2/Chart.min.js","meta":{"rootId":"qapod9j197q45qc","id":"qapod9j197q45qc"},"id":"5iru1wagg3xq6ug","previousOperationId":"3plzibwm7gq8mkp"}
{"type":"log","timestamp":1719006876945,"level":"debug","message":"Page request finished: GET (stylesheet) 200 https://cdnjs.cloudflare.com/ajax/libs/metro/4.1.5/css/metro.min.css","meta":{"rootId":"qapod9j197q45qc","id":"qapod9j197q45qc"},"id":"ndexq22n78f2vmp","previousOperationId":"3plzibwm7gq8mkp"}
{"type":"log","timestamp":1719006876945,"level":"debug","message":"Page request finished: GET (document) 200 file:///var/folders/2x/1bhfw9mx7d775w_jmf56lcp80000gn/T/jsreport/autocleanup/8956237c-233f-496b-8b7f-cd7d67514a9d-chrome-pdf.html","meta":{"rootId":"qapod9j197q45qc","id":"qapod9j197q45qc"},"id":"jmfu7cvohqblqmw","previousOperationId":"3plzibwm7gq8mkp"}
{"type":"log","timestamp":1719006876945,"level":"debug","message":"Page request finished: GET (script) 200 https://cdnjs.cloudflare.com/ajax/libs/Chart.js/2.7.2/Chart.min.js","meta":{"rootId":"qapod9j197q45qc","id":"qapod9j197q45qc"},"id":"jma2z0a4f4toznk","previousOperationId":"3plzibwm7gq8mkp"}
{"type":"log","timestamp":1719006877038,"level":"debug","message":"Running chrome with params {\"displayHeaderFooter\":true,\"headerTemplate\":\"...\",\"footerTemplate\":\"...\",\"marginTop\":\"4cm\",\"marginRight\":\"1.5cm\",\"marginLeft\":\"1.5cm\",\"marginBottom\":\"1.5cm\",\"timeout\":59947,\"margin\":{\"top\":\"4cm\",\"right\":\"1.5cm\",\"bottom\":\"1.5cm\",\"left\":\"1.5cm\"},\"printBackground\":true}","meta":{"rootId":"qapod9j197q45qc","id":"qapod9j197q45qc"},"id":"mp2va3h70t9yizm","previousOperationId":"3plzibwm7gq8mkp"}
{"type":"operationEnd","operationId":"3plzibwm7gq8mkp","timestamp":1719006877299,"id":"6eo40ny9ef9wcvk","previousEventId":"8r7efui3uxhs5pn","previousOperationId":"3plzibwm7gq8mkp"}
{"type":"log","timestamp":1719006877299,"level":"debug","message":"Skipping storing report.","meta":{"rootId":"qapod9j197q45qc","id":"qapod9j197q45qc"},"id":"7vwkywyikj2semo","previousOperationId":"3plzibwm7gq8mkp"}
{"type":"log","timestamp":1719006877299,"level":"info","message":"Rendering request 120 finished in 923 ms","meta":{"rootId":"qapod9j197q45qc","id":"qapod9j197q45qc"},"id":"3usftymojnf2m4s","previousOperationId":"3plzibwm7gq8mkp"}
{"type":"operationEnd","subtype":"render","operationId":"wyyjwfxq8upreib","timestamp":1719006877299,"id":"wy4utmxye4owxow","previousEventId":"6eo40ny9ef9wcvk","previousOperationId":"3plzibwm7gq8mkp"}
{"type":"operationEnd","doDiffs":false,"previousEventId":"po8t46apwlwe94d","previousOperationId":"peq91nme3rbsow2","operationId":"peq91nme3rbsow2","timestamp":1719006877300,"id":"nqz57l85l4f0m35"}
