{"type":"operationStart","subtype":"profile","data":{"_id":"2uIuU1nKQBo4b7iC","timestamp":"2024-06-21T20:00:50.493Z","state":"queued","mode":"standard","creationDate":"2024-06-21T20:00:50.494Z","modificationDate":"2024-06-21T20:00:50.494Z","shortid":"CxOxb8x","$entitySet":"profiles"},"doDiffs":false,"timestamp":1719000050494,"id":"1uzgxn21np7ask9","previousOperationId":null,"operationId":"jxf56cg0rjpfwho"}
{"type":"log","level":"info","message":"Render request 75 queued for execution and waiting for available worker","previousOperationId":"jxf56cg0rjpfwho","timestamp":1719000050494,"id":"owo6lnanmtrxr28"}
{"type":"operationStart","subtype":"render","name":"anonymous","previousOperationId":"jxf56cg0rjpfwho","timestamp":1719000050505,"id":"nev6z6f85q8zkfc","previousEventId":"1uzgxn21np7ask9","operationId":"rn3r71pgks4b87p"}
{"type":"log","timestamp":1719000050505,"level":"info","message":"Starting rendering request 75","meta":{"rootId":"qfd9ewdxbdc71s7","id":"qfd9ewdxbdc71s7"},"id":"kq2n4ukdv1mweas","previousOperationId":"rn3r71pgks4b87p"}
{"type":"log","timestamp":1719000050506,"level":"info","message":"Rendering anonymous template { recipe: chrome-pdf, engine: handlebars }","meta":{"rootId":"qfd9ewdxbdc71s7","id":"qfd9ewdxbdc71s7"},"id":"cw0vcgb7ditupbk","previousOperationId":"rn3r71pgks4b87p"}
{"type":"log","timestamp":1719000050506,"level":"debug","message":"Inline data specified.","meta":{"rootId":"qfd9ewdxbdc71s7","id":"qfd9ewdxbdc71s7"},"id":"7ki65w1vwomc99y","previousOperationId":"rn3r71pgks4b87p"}
{"type":"log","timestamp":1719000050508,"level":"debug","message":"Base url not specified, skipping its injection.","meta":{"rootId":"qfd9ewdxbdc71s7","id":"qfd9ewdxbdc71s7"},"id":"tgpfabdhn661q1n","previousOperationId":"rn3r71pgks4b87p"}
{"type":"operationStart","subtype":"engine","name":"handlebars","timestamp":1719000050509,"id":"9frkn4y9e2z0lyn","previousEventId":"nev6z6f85q8zkfc","operationId":"51dsnjkqvpztt7h","previousOperationId":"rn3r71pgks4b87p"}
{"type":"log","timestamp":1719000050509,"level":"debug","message":"Rendering engine handlebars","meta":{"rootId":"qfd9ewdxbdc71s7","id":"qfd9ewdxbdc71s7"},"id":"qqqlx9iil43v9rk","previousOperationId":"51dsnjkqvpztt7h"}
{"type":"operationEnd","operationId":"51dsnjkqvpztt7h","timestamp":1719000050514,"id":"6tcm8d4zr5lykph","previousEventId":"9frkn4y9e2z0lyn","previousOperationId":"51dsnjkqvpztt7h"}
{"type":"operationStart","subtype":"recipe","name":"chrome-pdf","timestamp":1719000050514,"id":"opd0alzveaf41gg","previousEventId":"6tcm8d4zr5lykph","operationId":"jq3eqdwlwsetf2a","previousOperationId":"51dsnjkqvpztt7h"}
{"type":"log","timestamp":1719000050514,"level":"debug","message":"Executing recipe chrome-pdf","meta":{"rootId":"qfd9ewdxbdc71s7","id":"qfd9ewdxbdc71s7"},"id":"qrrl7e5puhsl84a","previousOperationId":"jq3eqdwlwsetf2a"}
{"type":"log","timestamp":1719000050516,"level":"debug","message":"Converting with chrome Chrome/126.0.6478.61 using chrome-pool strategy","meta":{"rootId":"qfd9ewdxbdc71s7","id":"qfd9ewdxbdc71s7"},"id":"ghig2wlh9zsgke4","previousOperationId":"jq3eqdwlwsetf2a"}
{"type":"log","timestamp":1719000050595,"level":"debug","message":"Page request: GET (document) file:///var/folders/2x/1bhfw9mx7d775w_jmf56lcp80000gn/T/jsreport/autocleanup/9a9ad199-e6a1-4b84-b448-1832806e3021-chrome-pdf.html","meta":{"rootId":"qfd9ewdxbdc71s7","id":"qfd9ewdxbdc71s7"},"id":"7n87su4cpjgo5ou","previousOperationId":"jq3eqdwlwsetf2a"}
{"type":"log","timestamp":1719000050599,"level":"debug","message":"Page request finished: GET (document) 200 file:///var/folders/2x/1bhfw9mx7d775w_jmf56lcp80000gn/T/jsreport/autocleanup/9a9ad199-e6a1-4b84-b448-1832806e3021-chrome-pdf.html","meta":{"rootId":"qfd9ewdxbdc71s7","id":"qfd9ewdxbdc71s7"},"id":"jocbtz8uo9s60cm","previousOperationId":"jq3eqdwlwsetf2a"}
{"type":"log","timestamp":1719000050599,"level":"debug","message":"Page request: GET (stylesheet) https://cdnjs.cloudflare.com/ajax/libs/metro/4.1.5/css/metro.min.css","meta":{"rootId":"qfd9ewdxbdc71s7","id":"qfd9ewdxbdc71s7"},"id":"cuspcusqp8rp980","previousOperationId":"jq3eqdwlwsetf2a"}
{"type":"log","timestamp":1719000050600,"level":"debug","message":"Page request: GET (script) https://cdnjs.cloudflare.com/ajax/libs/Chart.js/2.7.2/Chart.min.js","meta":{"rootId":"qfd9ewdxbdc71s7","id":"qfd9ewdxbdc71s7"},"id":"jtdfug1texg33tp","previousOperationId":"jq3eqdwlwsetf2a"}
{"type":"log","timestamp":1719000050608,"level":"debug","message":"Page request finished: GET (stylesheet) 200 https://cdnjs.cloudflare.com/ajax/libs/metro/4.1.5/css/metro.min.css","meta":{"rootId":"qfd9ewdxbdc71s7","id":"qfd9ewdxbdc71s7"},"id":"f466ehyxya3lckt","previousOperationId":"jq3eqdwlwsetf2a"}
{"type":"log","timestamp":1719000050609,"level":"debug","message":"Page request finished: GET (script) 200 https://cdnjs.cloudflare.com/ajax/libs/Chart.js/2.7.2/Chart.min.js","meta":{"rootId":"qfd9ewdxbdc71s7","id":"qfd9ewdxbdc71s7"},"id":"e4q8tod7m2q8fpk","previousOperationId":"jq3eqdwlwsetf2a"}
{"type":"log","timestamp":1719000050627,"level":"debug","message":"Running chrome with params {\"timeout\":59979,\"margin\":{},\"printBackground\":true}","meta":{"rootId":"qfd9ewdxbdc71s7","id":"qfd9ewdxbdc71s7"},"id":"0crmhbeo3edyvry","previousOperationId":"jq3eqdwlwsetf2a"}
{"type":"operationEnd","operationId":"jq3eqdwlwsetf2a","timestamp":1719000050737,"id":"yvaifki0vs8hjai","previousEventId":"opd0alzveaf41gg","previousOperationId":"jq3eqdwlwsetf2a"}
{"type":"log","timestamp":1719000050737,"level":"debug","message":"Skipping storing report.","meta":{"rootId":"qfd9ewdxbdc71s7","id":"qfd9ewdxbdc71s7"},"id":"211dgnfuq30unli","previousOperationId":"jq3eqdwlwsetf2a"}
{"type":"log","timestamp":1719000050737,"level":"info","message":"Rendering request 75 finished in 244 ms","meta":{"rootId":"qfd9ewdxbdc71s7","id":"qfd9ewdxbdc71s7"},"id":"cmtqbqcxfm5kue2","previousOperationId":"jq3eqdwlwsetf2a"}
{"type":"operationEnd","subtype":"render","operationId":"rn3r71pgks4b87p","timestamp":1719000050737,"id":"1x608bccffmkiqb","previousEventId":"yvaifki0vs8hjai","previousOperationId":"jq3eqdwlwsetf2a"}
{"type":"operationEnd","doDiffs":false,"previousEventId":"1uzgxn21np7ask9","previousOperationId":"jxf56cg0rjpfwho","operationId":"jxf56cg0rjpfwho","timestamp":1719000050738,"id":"vs8jmafvthlguq8"}
