{"type":"operationStart","subtype":"profile","data":{"_id":"Z8rPc2fPrKzVZreh","timestamp":"2024-06-21T20:25:52.776Z","state":"queued","mode":"standard","creationDate":"2024-06-21T20:25:52.777Z","modificationDate":"2024-06-21T20:25:52.777Z","shortid":"9kyeqSY","$entitySet":"profiles"},"doDiffs":false,"timestamp":1719001552776,"id":"hi753adiesxgwzn","previousOperationId":null,"operationId":"9ybj6xpnvwuywvf"}
{"type":"log","level":"info","message":"Render request 80 queued for execution and waiting for available worker","previousOperationId":"9ybj6xpnvwuywvf","timestamp":1719001552777,"id":"4xbptshbbjyqd7y"}
{"type":"operationStart","subtype":"render","name":"anonymous","previousOperationId":"9ybj6xpnvwuywvf","timestamp":1719001552781,"id":"m1ozfc9081r5raj","previousEventId":"hi753adiesxgwzn","operationId":"ukyi438wzusbxiu"}
{"type":"log","timestamp":1719001552781,"level":"info","message":"Starting rendering request 80","meta":{"rootId":"qfzr9r1qct06b3t","id":"qfzr9r1qct06b3t"},"id":"ruc0lsv5nv8drsc","previousOperationId":"ukyi438wzusbxiu"}
{"type":"log","timestamp":1719001552781,"level":"info","message":"Rendering anonymous template { recipe: chrome-pdf, engine: handlebars }","meta":{"rootId":"qfzr9r1qct06b3t","id":"qfzr9r1qct06b3t"},"id":"6zabm2kdzg9nida","previousOperationId":"ukyi438wzusbxiu"}
{"type":"log","timestamp":1719001552781,"level":"debug","message":"Inline data specified.","meta":{"rootId":"qfzr9r1qct06b3t","id":"qfzr9r1qct06b3t"},"id":"mki0kr1g4t0kjlo","previousOperationId":"ukyi438wzusbxiu"}
{"type":"log","timestamp":1719001552782,"level":"debug","message":"Base url not specified, skipping its injection.","meta":{"rootId":"qfzr9r1qct06b3t","id":"qfzr9r1qct06b3t"},"id":"xceto0s143sve8c","previousOperationId":"ukyi438wzusbxiu"}
{"type":"operationStart","subtype":"engine","name":"handlebars","timestamp":1719001552782,"id":"0aceok4x7erfhc6","previousEventId":"m1ozfc9081r5raj","operationId":"0jgxmq1ltbtzors","previousOperationId":"ukyi438wzusbxiu"}
{"type":"log","timestamp":1719001552782,"level":"debug","message":"Rendering engine handlebars","meta":{"rootId":"qfzr9r1qct06b3t","id":"qfzr9r1qct06b3t"},"id":"dah0raswkovme9q","previousOperationId":"0jgxmq1ltbtzors"}
{"type":"operationEnd","operationId":"0jgxmq1ltbtzors","timestamp":1719001552802,"id":"wna6fjs3ojb30iv","previousEventId":"0aceok4x7erfhc6","previousOperationId":"0jgxmq1ltbtzors"}
{"type":"operationStart","subtype":"recipe","name":"chrome-pdf","timestamp":1719001552803,"id":"z508c920wgcg29c","previousEventId":"wna6fjs3ojb30iv","operationId":"5zqwl4geidp6s1o","previousOperationId":"0jgxmq1ltbtzors"}
{"type":"log","timestamp":1719001552803,"level":"debug","message":"Executing recipe chrome-pdf","meta":{"rootId":"qfzr9r1qct06b3t","id":"qfzr9r1qct06b3t"},"id":"2t1gqhferslf3bd","previousOperationId":"5zqwl4geidp6s1o"}
{"type":"log","timestamp":1719001552808,"level":"debug","message":"Converting with chrome Chrome/126.0.6478.61 using chrome-pool strategy","meta":{"rootId":"qfzr9r1qct06b3t","id":"qfzr9r1qct06b3t"},"id":"6p9tj4z295icm33","previousOperationId":"5zqwl4geidp6s1o"}
{"type":"log","timestamp":1719001552988,"level":"debug","message":"Page request: GET (document) file:///var/folders/2x/1bhfw9mx7d775w_jmf56lcp80000gn/T/jsreport/autocleanup/f2fec860-8d22-4c37-bc38-c55a4bb4c623-chrome-pdf.html","meta":{"rootId":"qfzr9r1qct06b3t","id":"qfzr9r1qct06b3t"},"id":"d08au4f55kgl2zb","previousOperationId":"5zqwl4geidp6s1o"}
{"type":"log","timestamp":1719001552993,"level":"debug","message":"Page request finished: GET (document) 200 file:///var/folders/2x/1bhfw9mx7d775w_jmf56lcp80000gn/T/jsreport/autocleanup/f2fec860-8d22-4c37-bc38-c55a4bb4c623-chrome-pdf.html","meta":{"rootId":"qfzr9r1qct06b3t","id":"qfzr9r1qct06b3t"},"id":"o1ufpjzfe4oxuqo","previousOperationId":"5zqwl4geidp6s1o"}
{"type":"log","timestamp":1719001552993,"level":"debug","message":"Page request: GET (stylesheet) https://cdnjs.cloudflare.com/ajax/libs/metro/4.1.5/css/metro.min.css","meta":{"rootId":"qfzr9r1qct06b3t","id":"qfzr9r1qct06b3t"},"id":"yr9dyrmhq3s2ti4","previousOperationId":"5zqwl4geidp6s1o"}
{"type":"log","timestamp":1719001552993,"level":"debug","message":"Page request: GET (script) https://cdnjs.cloudflare.com/ajax/libs/Chart.js/2.7.2/Chart.min.js","meta":{"rootId":"qfzr9r1qct06b3t","id":"qfzr9r1qct06b3t"},"id":"789k0tw9wkr5vxn","previousOperationId":"5zqwl4geidp6s1o"}
{"type":"log","timestamp":1719001553002,"level":"debug","message":"Page request finished: GET (stylesheet) 200 https://cdnjs.cloudflare.com/ajax/libs/metro/4.1.5/css/metro.min.css","meta":{"rootId":"qfzr9r1qct06b3t","id":"qfzr9r1qct06b3t"},"id":"c90zzw4novdbd5n","previousOperationId":"5zqwl4geidp6s1o"}
{"type":"log","timestamp":1719001553003,"level":"debug","message":"Page request finished: GET (script) 200 https://cdnjs.cloudflare.com/ajax/libs/Chart.js/2.7.2/Chart.min.js","meta":{"rootId":"qfzr9r1qct06b3t","id":"qfzr9r1qct06b3t"},"id":"of4513sdovu10xv","previousOperationId":"5zqwl4geidp6s1o"}
{"type":"log","timestamp":1719001553025,"level":"debug","message":"Running chrome with params {\"timeout\":59971,\"margin\":{},\"printBackground\":true}","meta":{"rootId":"qfzr9r1qct06b3t","id":"qfzr9r1qct06b3t"},"id":"5xdhmkqcyn0wony","previousOperationId":"5zqwl4geidp6s1o"}
{"type":"operationEnd","operationId":"5zqwl4geidp6s1o","timestamp":1719001553159,"id":"i5lgs59or4byfq4","previousEventId":"z508c920wgcg29c","previousOperationId":"5zqwl4geidp6s1o"}
{"type":"log","timestamp":1719001553159,"level":"debug","message":"Skipping storing report.","meta":{"rootId":"qfzr9r1qct06b3t","id":"qfzr9r1qct06b3t"},"id":"904q6f2y75nedyw","previousOperationId":"5zqwl4geidp6s1o"}
{"type":"log","timestamp":1719001553160,"level":"info","message":"Rendering request 80 finished in 385 ms","meta":{"rootId":"qfzr9r1qct06b3t","id":"qfzr9r1qct06b3t"},"id":"2lbfr1ixtsn5e6p","previousOperationId":"5zqwl4geidp6s1o"}
{"type":"operationEnd","subtype":"render","operationId":"ukyi438wzusbxiu","timestamp":1719001553160,"id":"vlmx2n5qp8g28vv","previousEventId":"i5lgs59or4byfq4","previousOperationId":"5zqwl4geidp6s1o"}
{"type":"operationEnd","doDiffs":false,"previousEventId":"hi753adiesxgwzn","previousOperationId":"9ybj6xpnvwuywvf","operationId":"9ybj6xpnvwuywvf","timestamp":1719001553161,"id":"0v25dmg8rhw8nml"}
