{"type":"operationStart","subtype":"profile","data":{"_id":"HWaLJcQ3Ewy44j9G","timestamp":"2024-06-21T19:50:19.968Z","state":"queued","mode":"standard","creationDate":"2024-06-21T19:50:19.970Z","modificationDate":"2024-06-21T19:50:19.970Z","shortid":"vWnOoeq","$entitySet":"profiles"},"doDiffs":false,"timestamp":1718999419969,"id":"xoez8ngy09l13c2","previousOperationId":null,"operationId":"u0mea2m66pv2en5"}
{"type":"log","level":"info","message":"Render request 51 queued for execution and waiting for available worker","previousOperationId":"u0mea2m66pv2en5","timestamp":1718999419969,"id":"o5xy5pwfifmrql0"}
{"type":"operationStart","subtype":"render","name":"anonymous","previousOperationId":"u0mea2m66pv2en5","timestamp":1718999419974,"id":"vl8wrb2d6x59k54","previousEventId":"xoez8ngy09l13c2","operationId":"s1uinvfjf2vlsia"}
{"type":"log","timestamp":1718999419974,"level":"info","message":"Starting rendering request 51","meta":{"rootId":"qlmxufc6nuor7hn","id":"qlmxufc6nuor7hn"},"id":"3ts98dqupsdcndd","previousOperationId":"s1uinvfjf2vlsia"}
{"type":"log","timestamp":1718999419974,"level":"info","message":"Rendering anonymous template { recipe: chrome-pdf, engine: handlebars }","meta":{"rootId":"qlmxufc6nuor7hn","id":"qlmxufc6nuor7hn"},"id":"joug6383s7qbr4j","previousOperationId":"s1uinvfjf2vlsia"}
{"type":"log","timestamp":1718999419974,"level":"debug","message":"Inline data specified.","meta":{"rootId":"qlmxufc6nuor7hn","id":"qlmxufc6nuor7hn"},"id":"vu2uojblu6e81vn","previousOperationId":"s1uinvfjf2vlsia"}
{"type":"log","timestamp":1718999419975,"level":"debug","message":"Base url not specified, skipping its injection.","meta":{"rootId":"qlmxufc6nuor7hn","id":"qlmxufc6nuor7hn"},"id":"685nw319rmg07tu","previousOperationId":"s1uinvfjf2vlsia"}
{"type":"operationStart","subtype":"engine","name":"handlebars","timestamp":1718999419975,"id":"73uzsz4sw7raqqb","previousEventId":"vl8wrb2d6x59k54","operationId":"a79qz3e2u2d97yz","previousOperationId":"s1uinvfjf2vlsia"}
{"type":"log","timestamp":1718999419976,"level":"debug","message":"Rendering engine handlebars","meta":{"rootId":"qlmxufc6nuor7hn","id":"qlmxufc6nuor7hn"},"id":"qmqswut5x0m2w4d","previousOperationId":"a79qz3e2u2d97yz"}
{"type":"operationEnd","operationId":"a79qz3e2u2d97yz","timestamp":1718999420005,"id":"0g19xpq1b32tajv","previousEventId":"73uzsz4sw7raqqb","previousOperationId":"a79qz3e2u2d97yz"}
{"type":"operationStart","subtype":"recipe","name":"chrome-pdf","timestamp":1718999420005,"id":"ar3qtwca58xxxox","previousEventId":"0g19xpq1b32tajv","operationId":"4pdag42qr90x5hu","previousOperationId":"a79qz3e2u2d97yz"}
{"type":"log","timestamp":1718999420005,"level":"debug","message":"Executing recipe chrome-pdf","meta":{"rootId":"qlmxufc6nuor7hn","id":"qlmxufc6nuor7hn"},"id":"s6eghv7wtk2r6wo","previousOperationId":"4pdag42qr90x5hu"}
{"type":"log","timestamp":1718999420008,"level":"debug","message":"Converting with chrome Chrome/126.0.6478.61 using chrome-pool strategy","meta":{"rootId":"qlmxufc6nuor7hn","id":"qlmxufc6nuor7hn"},"id":"lhsolw2xt25y4ri","previousOperationId":"4pdag42qr90x5hu"}
{"type":"log","timestamp":1718999420040,"level":"debug","message":"Page request: GET (document) file:///var/folders/2x/1bhfw9mx7d775w_jmf56lcp80000gn/T/jsreport/autocleanup/aabfc909-6c75-4e89-9d8e-20cbce0744d4-chrome-pdf.html","meta":{"rootId":"qlmxufc6nuor7hn","id":"qlmxufc6nuor7hn"},"id":"uh829poivpabt4c","previousOperationId":"4pdag42qr90x5hu"}
{"type":"log","timestamp":1718999420044,"level":"debug","message":"Page request finished: GET (document) 200 file:///var/folders/2x/1bhfw9mx7d775w_jmf56lcp80000gn/T/jsreport/autocleanup/aabfc909-6c75-4e89-9d8e-20cbce0744d4-chrome-pdf.html","meta":{"rootId":"qlmxufc6nuor7hn","id":"qlmxufc6nuor7hn"},"id":"3lzysgml65xqc1r","previousOperationId":"4pdag42qr90x5hu"}
{"type":"log","timestamp":1718999420046,"level":"debug","message":"Page request: GET (stylesheet) https://cdnjs.cloudflare.com/ajax/libs/metro/4.1.5/css/metro.min.css","meta":{"rootId":"qlmxufc6nuor7hn","id":"qlmxufc6nuor7hn"},"id":"upjj7sioc1505jd","previousOperationId":"4pdag42qr90x5hu"}
{"type":"log","timestamp":1718999420046,"level":"debug","message":"Page request: GET (script) https://cdnjs.cloudflare.com/ajax/libs/Chart.js/2.7.2/Chart.min.js","meta":{"rootId":"qlmxufc6nuor7hn","id":"qlmxufc6nuor7hn"},"id":"0vtsbxbmux40zys","previousOperationId":"4pdag42qr90x5hu"}
{"type":"log","timestamp":1718999420060,"level":"debug","message":"Page request finished: GET (stylesheet) 200 https://cdnjs.cloudflare.com/ajax/libs/metro/4.1.5/css/metro.min.css","meta":{"rootId":"qlmxufc6nuor7hn","id":"qlmxufc6nuor7hn"},"id":"63c2lcwk21z3o9b","previousOperationId":"4pdag42qr90x5hu"}
{"type":"log","timestamp":1718999420061,"level":"debug","message":"Page request finished: GET (script) 200 https://cdnjs.cloudflare.com/ajax/libs/Chart.js/2.7.2/Chart.min.js","meta":{"rootId":"qlmxufc6nuor7hn","id":"qlmxufc6nuor7hn"},"id":"dlcz11ar3okjo1s","previousOperationId":"4pdag42qr90x5hu"}
{"type":"log","timestamp":1718999420079,"level":"debug","message":"Running chrome with params {\"timeout\":59961,\"margin\":{},\"printBackground\":true}","meta":{"rootId":"qlmxufc6nuor7hn","id":"qlmxufc6nuor7hn"},"id":"vuxciaw01kf25hw","previousOperationId":"4pdag42qr90x5hu"}
{"type":"operationEnd","operationId":"4pdag42qr90x5hu","timestamp":1718999420130,"id":"51m9l9mplfogbt9","previousEventId":"ar3qtwca58xxxox","previousOperationId":"4pdag42qr90x5hu"}
{"type":"log","timestamp":1718999420130,"level":"debug","message":"Skipping storing report.","meta":{"rootId":"qlmxufc6nuor7hn","id":"qlmxufc6nuor7hn"},"id":"8naygmff4ngtch9","previousOperationId":"4pdag42qr90x5hu"}
{"type":"log","timestamp":1718999420130,"level":"info","message":"Rendering request 51 finished in 163 ms","meta":{"rootId":"qlmxufc6nuor7hn","id":"qlmxufc6nuor7hn"},"id":"qgi9dxhzvyeturv","previousOperationId":"4pdag42qr90x5hu"}
{"type":"operationEnd","subtype":"render","operationId":"s1uinvfjf2vlsia","timestamp":1718999420130,"id":"f5caixfaf4jqxm7","previousEventId":"51m9l9mplfogbt9","previousOperationId":"4pdag42qr90x5hu"}
{"type":"operationEnd","doDiffs":false,"previousEventId":"xoez8ngy09l13c2","previousOperationId":"u0mea2m66pv2en5","operationId":"u0mea2m66pv2en5","timestamp":1718999420131,"id":"8zgd5hmuv6cwumt"}
