{"type":"operationStart","subtype":"profile","data":{"_id":"mRmg41Gw1RtC9DIK","timestamp":"2024-06-21T19:57:13.055Z","state":"queued","mode":"standard","creationDate":"2024-06-21T19:57:13.057Z","modificationDate":"2024-06-21T19:57:13.057Z","shortid":"1bZvVBQ","$entitySet":"profiles"},"doDiffs":false,"timestamp":1718999833056,"id":"aer45u109g1fb87","previousOperationId":null,"operationId":"rqtsk34xuh5mt7d"}
{"type":"log","level":"info","message":"Render request 65 queued for execution and waiting for available worker","previousOperationId":"rqtsk34xuh5mt7d","timestamp":1718999833056,"id":"mqtfkid17s50ioa"}
{"type":"operationStart","subtype":"render","name":"anonymous","previousOperationId":"rqtsk34xuh5mt7d","timestamp":1718999833061,"id":"8wrjrfg08464pr7","previousEventId":"aer45u109g1fb87","operationId":"9qz3x04yca0kn3l"}
{"type":"log","timestamp":1718999833062,"level":"info","message":"Starting rendering request 65","meta":{"rootId":"qnu5zp7p4v0b6uu","id":"qnu5zp7p4v0b6uu"},"id":"xb6em9bvso7b78r","previousOperationId":"9qz3x04yca0kn3l"}
{"type":"log","timestamp":1718999833062,"level":"info","message":"Rendering anonymous template { recipe: chrome-pdf, engine: handlebars }","meta":{"rootId":"qnu5zp7p4v0b6uu","id":"qnu5zp7p4v0b6uu"},"id":"zqjvsumwdi65o0l","previousOperationId":"9qz3x04yca0kn3l"}
{"type":"log","timestamp":1718999833062,"level":"debug","message":"Inline data specified.","meta":{"rootId":"qnu5zp7p4v0b6uu","id":"qnu5zp7p4v0b6uu"},"id":"983aef9k1lflqgo","previousOperationId":"9qz3x04yca0kn3l"}
{"type":"log","timestamp":1718999833062,"level":"debug","message":"Base url not specified, skipping its injection.","meta":{"rootId":"qnu5zp7p4v0b6uu","id":"qnu5zp7p4v0b6uu"},"id":"now0udyas4p1vk0","previousOperationId":"9qz3x04yca0kn3l"}
{"type":"operationStart","subtype":"engine","name":"handlebars","timestamp":1718999833062,"id":"1eyxgtkk5ytfjce","previousEventId":"8wrjrfg08464pr7","operationId":"6kn1pyd2bc3lxtx","previousOperationId":"9qz3x04yca0kn3l"}
{"type":"log","timestamp":1718999833062,"level":"debug","message":"Rendering engine handlebars","meta":{"rootId":"qnu5zp7p4v0b6uu","id":"qnu5zp7p4v0b6uu"},"id":"i3mbzoaadd9iba3","previousOperationId":"6kn1pyd2bc3lxtx"}
{"type":"operationEnd","operationId":"6kn1pyd2bc3lxtx","timestamp":1718999833071,"id":"2wgjirzu7hd4h9n","previousEventId":"1eyxgtkk5ytfjce","previousOperationId":"6kn1pyd2bc3lxtx"}
{"type":"operationStart","subtype":"recipe","name":"chrome-pdf","timestamp":1718999833071,"id":"sczcmt2zer9k2b1","previousEventId":"2wgjirzu7hd4h9n","operationId":"r9638oyprh8dr8g","previousOperationId":"6kn1pyd2bc3lxtx"}
{"type":"log","timestamp":1718999833071,"level":"debug","message":"Executing recipe chrome-pdf","meta":{"rootId":"qnu5zp7p4v0b6uu","id":"qnu5zp7p4v0b6uu"},"id":"5g68ln2p5vi040r","previousOperationId":"r9638oyprh8dr8g"}
{"type":"log","timestamp":1718999833073,"level":"debug","message":"Converting with chrome Chrome/126.0.6478.61 using chrome-pool strategy","meta":{"rootId":"qnu5zp7p4v0b6uu","id":"qnu5zp7p4v0b6uu"},"id":"onslg08m3oslfot","previousOperationId":"r9638oyprh8dr8g"}
{"type":"log","timestamp":1718999833168,"level":"debug","message":"Page request: GET (document) file:///var/folders/2x/1bhfw9mx7d775w_jmf56lcp80000gn/T/jsreport/autocleanup/2330fef5-8804-4fd0-a9f3-b5a5f72f97fd-chrome-pdf.html","meta":{"rootId":"qnu5zp7p4v0b6uu","id":"qnu5zp7p4v0b6uu"},"id":"41yaxgxfs2nw9c8","previousOperationId":"r9638oyprh8dr8g"}
{"type":"log","timestamp":1718999833172,"level":"debug","message":"Page request finished: GET (document) 200 file:///var/folders/2x/1bhfw9mx7d775w_jmf56lcp80000gn/T/jsreport/autocleanup/2330fef5-8804-4fd0-a9f3-b5a5f72f97fd-chrome-pdf.html","meta":{"rootId":"qnu5zp7p4v0b6uu","id":"qnu5zp7p4v0b6uu"},"id":"wh96xvmka3588ga","previousOperationId":"r9638oyprh8dr8g"}
{"type":"log","timestamp":1718999833172,"level":"debug","message":"Page request: GET (stylesheet) https://cdnjs.cloudflare.com/ajax/libs/metro/4.1.5/css/metro.min.css","meta":{"rootId":"qnu5zp7p4v0b6uu","id":"qnu5zp7p4v0b6uu"},"id":"h0ple9eds7xcwtp","previousOperationId":"r9638oyprh8dr8g"}
{"type":"log","timestamp":1718999833172,"level":"debug","message":"Page request: GET (script) https://cdnjs.cloudflare.com/ajax/libs/Chart.js/2.7.2/Chart.min.js","meta":{"rootId":"qnu5zp7p4v0b6uu","id":"qnu5zp7p4v0b6uu"},"id":"otptkfhqbmt3xqo","previousOperationId":"r9638oyprh8dr8g"}
{"type":"log","timestamp":1718999833180,"level":"debug","message":"Page request finished: GET (stylesheet) 200 https://cdnjs.cloudflare.com/ajax/libs/metro/4.1.5/css/metro.min.css","meta":{"rootId":"qnu5zp7p4v0b6uu","id":"qnu5zp7p4v0b6uu"},"id":"x29zujgfb900hux","previousOperationId":"r9638oyprh8dr8g"}
{"type":"log","timestamp":1718999833180,"level":"debug","message":"Page request finished: GET (script) 200 https://cdnjs.cloudflare.com/ajax/libs/Chart.js/2.7.2/Chart.min.js","meta":{"rootId":"qnu5zp7p4v0b6uu","id":"qnu5zp7p4v0b6uu"},"id":"y5gklkjghbziobb","previousOperationId":"r9638oyprh8dr8g"}
{"type":"log","timestamp":1718999833185,"level":"debug","message":"Running chrome with params {\"timeout\":59983,\"margin\":{},\"printBackground\":true}","meta":{"rootId":"qnu5zp7p4v0b6uu","id":"qnu5zp7p4v0b6uu"},"id":"bs8gwdb4w9wh7q2","previousOperationId":"r9638oyprh8dr8g"}
{"type":"operationEnd","operationId":"r9638oyprh8dr8g","timestamp":1718999833227,"id":"b33d0y7h4nw15s7","previousEventId":"sczcmt2zer9k2b1","previousOperationId":"r9638oyprh8dr8g"}
{"type":"log","timestamp":1718999833227,"level":"debug","message":"Skipping storing report.","meta":{"rootId":"qnu5zp7p4v0b6uu","id":"qnu5zp7p4v0b6uu"},"id":"05of9no94o5sexi","previousOperationId":"r9638oyprh8dr8g"}
{"type":"log","timestamp":1718999833227,"level":"info","message":"Rendering request 65 finished in 172 ms","meta":{"rootId":"qnu5zp7p4v0b6uu","id":"qnu5zp7p4v0b6uu"},"id":"pv9qfwgxuz3cpqf","previousOperationId":"r9638oyprh8dr8g"}
{"type":"operationEnd","subtype":"render","operationId":"9qz3x04yca0kn3l","timestamp":1718999833227,"id":"s72s0kz0dfemtp1","previousEventId":"b33d0y7h4nw15s7","previousOperationId":"r9638oyprh8dr8g"}
{"type":"operationEnd","doDiffs":false,"previousEventId":"aer45u109g1fb87","previousOperationId":"rqtsk34xuh5mt7d","operationId":"rqtsk34xuh5mt7d","timestamp":1718999833228,"id":"gqewfy3kv5hgv05"}
