{"type":"operationStart","subtype":"profile","data":{"_id":"FAMVOxjV99ByEuG3","timestamp":"2024-06-21T20:28:16.989Z","state":"queued","mode":"standard","creationDate":"2024-06-21T20:28:16.990Z","modificationDate":"2024-06-21T20:28:16.990Z","shortid":"l1OYSub","$entitySet":"profiles"},"doDiffs":false,"timestamp":1719001696989,"id":"k1zd5gegungyvui","previousOperationId":null,"operationId":"x8rkyhflzcut9l2"}
{"type":"log","level":"info","message":"Render request 83 queued for execution and waiting for available worker","previousOperationId":"x8rkyhflzcut9l2","timestamp":1719001696989,"id":"qkqkfftenrkf0aw"}
{"type":"operationStart","subtype":"render","name":"anonymous","previousOperationId":"x8rkyhflzcut9l2","timestamp":1719001696997,"id":"f5zatd7l5ro8oas","previousEventId":"k1zd5gegungyvui","operationId":"0m6ki93d2ahlpl5"}
{"type":"log","timestamp":1719001696997,"level":"info","message":"Starting rendering request 83","meta":{"rootId":"r13k9ctmhxg6pzr","id":"r13k9ctmhxg6pzr"},"id":"j6jw94jcdx0sdf8","previousOperationId":"0m6ki93d2ahlpl5"}
{"type":"log","timestamp":1719001696997,"level":"info","message":"Rendering anonymous template { recipe: chrome-pdf, engine: handlebars }","meta":{"rootId":"r13k9ctmhxg6pzr","id":"r13k9ctmhxg6pzr"},"id":"xlh3dnffvflvjnb","previousOperationId":"0m6ki93d2ahlpl5"}
{"type":"log","timestamp":1719001696997,"level":"debug","message":"Inline data specified.","meta":{"rootId":"r13k9ctmhxg6pzr","id":"r13k9ctmhxg6pzr"},"id":"7cum08ivc63tjwl","previousOperationId":"0m6ki93d2ahlpl5"}
{"type":"log","timestamp":1719001697001,"level":"debug","message":"Base url not specified, skipping its injection.","meta":{"rootId":"r13k9ctmhxg6pzr","id":"r13k9ctmhxg6pzr"},"id":"61kfby1axkq9xkq","previousOperationId":"0m6ki93d2ahlpl5"}
{"type":"operationStart","subtype":"engine","name":"handlebars","timestamp":1719001697004,"id":"yo5cb7l1pv1djfv","previousEventId":"f5zatd7l5ro8oas","operationId":"nk1bf9qlp6re56j","previousOperationId":"0m6ki93d2ahlpl5"}
{"type":"log","timestamp":1719001697004,"level":"debug","message":"Rendering engine handlebars","meta":{"rootId":"r13k9ctmhxg6pzr","id":"r13k9ctmhxg6pzr"},"id":"docfb0v9u6nu386","previousOperationId":"nk1bf9qlp6re56j"}
{"type":"operationEnd","operationId":"nk1bf9qlp6re56j","timestamp":1719001697019,"id":"li6h9jxxye8ip90","previousEventId":"yo5cb7l1pv1djfv","previousOperationId":"nk1bf9qlp6re56j"}
{"type":"operationStart","subtype":"recipe","name":"chrome-pdf","timestamp":1719001697019,"id":"zzc1jzcvia0l6yh","previousEventId":"li6h9jxxye8ip90","operationId":"51bc88l2i14ssvb","previousOperationId":"nk1bf9qlp6re56j"}
{"type":"log","timestamp":1719001697019,"level":"debug","message":"Executing recipe chrome-pdf","meta":{"rootId":"r13k9ctmhxg6pzr","id":"r13k9ctmhxg6pzr"},"id":"cn2mbuuwhoduqda","previousOperationId":"51bc88l2i14ssvb"}
{"type":"log","timestamp":1719001697023,"level":"debug","message":"Converting with chrome Chrome/126.0.6478.61 using chrome-pool strategy","meta":{"rootId":"r13k9ctmhxg6pzr","id":"r13k9ctmhxg6pzr"},"id":"oqvqwa0s8twbvrq","previousOperationId":"51bc88l2i14ssvb"}
{"type":"log","timestamp":1719001697062,"level":"debug","message":"Page request: GET (document) file:///var/folders/2x/1bhfw9mx7d775w_jmf56lcp80000gn/T/jsreport/autocleanup/cf5624cb-4208-4c44-a22f-c0985455cb15-chrome-pdf.html","meta":{"rootId":"r13k9ctmhxg6pzr","id":"r13k9ctmhxg6pzr"},"id":"r0z44pizy95mbdc","previousOperationId":"51bc88l2i14ssvb"}
{"type":"log","timestamp":1719001697068,"level":"debug","message":"Page request finished: GET (document) 200 file:///var/folders/2x/1bhfw9mx7d775w_jmf56lcp80000gn/T/jsreport/autocleanup/cf5624cb-4208-4c44-a22f-c0985455cb15-chrome-pdf.html","meta":{"rootId":"r13k9ctmhxg6pzr","id":"r13k9ctmhxg6pzr"},"id":"yz3asgiwre44hby","previousOperationId":"51bc88l2i14ssvb"}
{"type":"log","timestamp":1719001697068,"level":"debug","message":"Page request: GET (stylesheet) https://cdnjs.cloudflare.com/ajax/libs/metro/4.1.5/css/metro.min.css","meta":{"rootId":"r13k9ctmhxg6pzr","id":"r13k9ctmhxg6pzr"},"id":"1fefbpimopdxsfd","previousOperationId":"51bc88l2i14ssvb"}
{"type":"log","timestamp":1719001697068,"level":"debug","message":"Page request: GET (script) https://cdnjs.cloudflare.com/ajax/libs/Chart.js/2.7.2/Chart.min.js","meta":{"rootId":"r13k9ctmhxg6pzr","id":"r13k9ctmhxg6pzr"},"id":"7u1edurj48b5lhd","previousOperationId":"51bc88l2i14ssvb"}
{"type":"log","timestamp":1719001697077,"level":"debug","message":"Page request finished: GET (stylesheet) 200 https://cdnjs.cloudflare.com/ajax/libs/metro/4.1.5/css/metro.min.css","meta":{"rootId":"r13k9ctmhxg6pzr","id":"r13k9ctmhxg6pzr"},"id":"lzr0a4thaszj4u3","previousOperationId":"51bc88l2i14ssvb"}
{"type":"log","timestamp":1719001697077,"level":"debug","message":"Page request finished: GET (script) 200 https://cdnjs.cloudflare.com/ajax/libs/Chart.js/2.7.2/Chart.min.js","meta":{"rootId":"r13k9ctmhxg6pzr","id":"r13k9ctmhxg6pzr"},"id":"5i4zpnwaxn5cvb3","previousOperationId":"51bc88l2i14ssvb"}
{"type":"log","timestamp":1719001697096,"level":"debug","message":"Running chrome with params {\"timeout\":59969,\"margin\":{},\"printBackground\":true}","meta":{"rootId":"r13k9ctmhxg6pzr","id":"r13k9ctmhxg6pzr"},"id":"ajfjnnk4y19x3sy","previousOperationId":"51bc88l2i14ssvb"}
{"type":"operationEnd","operationId":"51bc88l2i14ssvb","timestamp":1719001697209,"id":"bo9dc0ducqe5zef","previousEventId":"zzc1jzcvia0l6yh","previousOperationId":"51bc88l2i14ssvb"}
{"type":"log","timestamp":1719001697209,"level":"debug","message":"Skipping storing report.","meta":{"rootId":"r13k9ctmhxg6pzr","id":"r13k9ctmhxg6pzr"},"id":"7z4to6fjg5xlbb8","previousOperationId":"51bc88l2i14ssvb"}
{"type":"log","timestamp":1719001697209,"level":"info","message":"Rendering request 83 finished in 221 ms","meta":{"rootId":"r13k9ctmhxg6pzr","id":"r13k9ctmhxg6pzr"},"id":"bqqyf93koo3shrx","previousOperationId":"51bc88l2i14ssvb"}
{"type":"operationEnd","subtype":"render","operationId":"0m6ki93d2ahlpl5","timestamp":1719001697209,"id":"dqm5dmjh733uo3v","previousEventId":"bo9dc0ducqe5zef","previousOperationId":"51bc88l2i14ssvb"}
{"type":"operationEnd","doDiffs":false,"previousEventId":"k1zd5gegungyvui","previousOperationId":"x8rkyhflzcut9l2","operationId":"x8rkyhflzcut9l2","timestamp":1719001697209,"id":"x2s0b733xniik06"}
