{"type":"operationStart","subtype":"profile","data":{"_id":"2WVwIN636nnLVJdZ","timestamp":"2024-06-21T22:43:47.219Z","state":"queued","mode":"standard","creationDate":"2024-06-21T22:43:47.219Z","modificationDate":"2024-06-21T22:43:47.219Z","shortid":"TZ4ap4O","$entitySet":"profiles"},"doDiffs":false,"timestamp":1719009827219,"id":"bg2c5havpanpgs8","previousOperationId":null,"operationId":"qxd4bouxu44mt69"}
{"type":"log","level":"info","message":"Render request 162 queued for execution and waiting for available worker","previousOperationId":"qxd4bouxu44mt69","timestamp":1719009827219,"id":"87shacwio1fcbbe"}
{"type":"operationStart","subtype":"render","name":"anonymous","previousOperationId":"qxd4bouxu44mt69","timestamp":1719009827225,"id":"rae9wxi9cxxl52w","previousEventId":"bg2c5havpanpgs8","operationId":"ln5yr5xyyr8i35r"}
{"type":"log","timestamp":1719009827226,"level":"info","message":"Starting rendering request 162","meta":{"rootId":"r2wsiqxg8f3kbgs","id":"r2wsiqxg8f3kbgs"},"id":"txna0i2m8phcebx","previousOperationId":"ln5yr5xyyr8i35r"}
{"type":"log","timestamp":1719009827226,"level":"info","message":"Rendering anonymous template { recipe: chrome-pdf, engine: handlebars }","meta":{"rootId":"r2wsiqxg8f3kbgs","id":"r2wsiqxg8f3kbgs"},"id":"r1b7svjogqg0t1e","previousOperationId":"ln5yr5xyyr8i35r"}
{"type":"log","timestamp":1719009827226,"level":"debug","message":"Inline data specified.","meta":{"rootId":"r2wsiqxg8f3kbgs","id":"r2wsiqxg8f3kbgs"},"id":"7zriywds8v5fl7a","previousOperationId":"ln5yr5xyyr8i35r"}
{"type":"log","timestamp":1719009827226,"level":"debug","message":"Base url not specified, skipping its injection.","meta":{"rootId":"r2wsiqxg8f3kbgs","id":"r2wsiqxg8f3kbgs"},"id":"oqun31tm68taepl","previousOperationId":"ln5yr5xyyr8i35r"}
{"type":"operationStart","subtype":"engine","name":"handlebars","timestamp":1719009827226,"id":"5frgtiq0sok0q5v","previousEventId":"rae9wxi9cxxl52w","operationId":"jkvmbp78rkzezpk","previousOperationId":"ln5yr5xyyr8i35r"}
{"type":"log","timestamp":1719009827226,"level":"debug","message":"Rendering engine handlebars","meta":{"rootId":"r2wsiqxg8f3kbgs","id":"r2wsiqxg8f3kbgs"},"id":"k9gt09cmcd28ll3","previousOperationId":"jkvmbp78rkzezpk"}
{"type":"log","timestamp":1719009827230,"level":"debug","message":"(console:log) Pdf utils adding group field, value: \"France\"","meta":{"userLevel":true,"rootId":"r2wsiqxg8f3kbgs","id":"r2wsiqxg8f3kbgs"},"id":"94qtykgpe5q9u8h","previousOperationId":"jkvmbp78rkzezpk"}
{"type":"log","timestamp":1719009827230,"level":"debug","message":"(console:log) Pdf utils adding group field, value: \"Germany\"","meta":{"userLevel":true,"rootId":"r2wsiqxg8f3kbgs","id":"r2wsiqxg8f3kbgs"},"id":"sy5pxqmtgaf5qau","previousOperationId":"jkvmbp78rkzezpk"}
{"type":"operationEnd","operationId":"jkvmbp78rkzezpk","timestamp":1719009827230,"id":"vf2cbpvmdy7ihot","previousEventId":"5frgtiq0sok0q5v","previousOperationId":"jkvmbp78rkzezpk"}
{"type":"operationStart","subtype":"recipe","name":"chrome-pdf","timestamp":1719009827230,"id":"4rwhrb4ll8cmkex","previousEventId":"vf2cbpvmdy7ihot","operationId":"rk1k5wcawtpoz63","previousOperationId":"jkvmbp78rkzezpk"}
{"type":"log","timestamp":1719009827230,"level":"debug","message":"Executing recipe chrome-pdf","meta":{"rootId":"r2wsiqxg8f3kbgs","id":"r2wsiqxg8f3kbgs"},"id":"d74ewqbpqv5sz4k","previousOperationId":"rk1k5wcawtpoz63"}
{"type":"log","timestamp":1719009827234,"level":"debug","message":"Converting with chrome Chrome/126.0.6478.61 using chrome-pool strategy","meta":{"rootId":"r2wsiqxg8f3kbgs","id":"r2wsiqxg8f3kbgs"},"id":"k9i5g4eodsyoi2l","previousOperationId":"rk1k5wcawtpoz63"}
{"type":"log","timestamp":1719009827317,"level":"debug","message":"Page request: GET (document) file:///var/folders/2x/1bhfw9mx7d775w_jmf56lcp80000gn/T/jsreport/autocleanup/5369a98d-ff5d-4d07-b3d1-a09d55dfb1e4-chrome-pdf.html","meta":{"rootId":"r2wsiqxg8f3kbgs","id":"r2wsiqxg8f3kbgs"},"id":"kwzhrftrfob9j4q","previousOperationId":"rk1k5wcawtpoz63"}
{"type":"log","timestamp":1719009827322,"level":"debug","message":"Page request finished: GET (document) 200 file:///var/folders/2x/1bhfw9mx7d775w_jmf56lcp80000gn/T/jsreport/autocleanup/5369a98d-ff5d-4d07-b3d1-a09d55dfb1e4-chrome-pdf.html","meta":{"rootId":"r2wsiqxg8f3kbgs","id":"r2wsiqxg8f3kbgs"},"id":"w7vpcsdiwxm7wa6","previousOperationId":"rk1k5wcawtpoz63"}
{"type":"log","timestamp":1719009827322,"level":"debug","message":"Page request: GET (stylesheet) https://cdnjs.cloudflare.com/ajax/libs/metro/4.1.5/css/metro.min.css","meta":{"rootId":"r2wsiqxg8f3kbgs","id":"r2wsiqxg8f3kbgs"},"id":"sf9lu9czrya4sln","previousOperationId":"rk1k5wcawtpoz63"}
{"type":"log","timestamp":1719009827323,"level":"debug","message":"Page request: GET (script) https://cdnjs.cloudflare.com/ajax/libs/Chart.js/2.7.2/Chart.min.js","meta":{"rootId":"r2wsiqxg8f3kbgs","id":"r2wsiqxg8f3kbgs"},"id":"uovdq683g30b0zf","previousOperationId":"rk1k5wcawtpoz63"}
{"type":"log","timestamp":1719009827331,"level":"debug","message":"Page request finished: GET (stylesheet) 200 https://cdnjs.cloudflare.com/ajax/libs/metro/4.1.5/css/metro.min.css","meta":{"rootId":"r2wsiqxg8f3kbgs","id":"r2wsiqxg8f3kbgs"},"id":"3g2ljygcyaved63","previousOperationId":"rk1k5wcawtpoz63"}
{"type":"log","timestamp":1719009827332,"level":"debug","message":"Page request finished: GET (script) 200 https://cdnjs.cloudflare.com/ajax/libs/Chart.js/2.7.2/Chart.min.js","meta":{"rootId":"r2wsiqxg8f3kbgs","id":"r2wsiqxg8f3kbgs"},"id":"6mwc517grsn0oso","previousOperationId":"rk1k5wcawtpoz63"}
{"type":"log","timestamp":1719009827366,"level":"debug","message":"Running chrome with params {\"timeout\":59987,\"margin\":{},\"printBackground\":true}","meta":{"rootId":"r2wsiqxg8f3kbgs","id":"r2wsiqxg8f3kbgs"},"id":"xv70ies08tbarb4","previousOperationId":"rk1k5wcawtpoz63"}
{"type":"operationEnd","operationId":"rk1k5wcawtpoz63","timestamp":1719009827527,"id":"918ki8ahht8zwyj","previousEventId":"4rwhrb4ll8cmkex","previousOperationId":"rk1k5wcawtpoz63"}
{"type":"log","timestamp":1719009827527,"level":"info","message":"pdf-utils is starting pdf processing","meta":{"rootId":"r2wsiqxg8f3kbgs","id":"r2wsiqxg8f3kbgs"},"id":"ueoopzqo7ufynlg","previousOperationId":"rk1k5wcawtpoz63"}
{"type":"operationStart","subtype":"pdfUtils","name":"pdf utils","timestamp":1719009827527,"id":"tgzomlkos6s5y6x","previousEventId":"918ki8ahht8zwyj","operationId":"3o0vbvcpbyqig1w","previousOperationId":"rk1k5wcawtpoz63"}
{"type":"log","timestamp":1719009827527,"level":"debug","message":"pdf-utils detected 1 pdf operation(s) to process","meta":{"rootId":"r2wsiqxg8f3kbgs","id":"r2wsiqxg8f3kbgs"},"id":"3gvzs5pi2txuvrg","previousOperationId":"3o0vbvcpbyqig1w"}
{"type":"log","timestamp":1719009827539,"level":"debug","message":"pdf-utils running pdf operation merge","meta":{"rootId":"r2wsiqxg8f3kbgs","id":"r2wsiqxg8f3kbgs"},"id":"2nnfrhcabz1zjsn","previousOperationId":"3o0vbvcpbyqig1w"}
{"type":"operationStart","subtype":"pdfUtilsMerge","name":"pdf utils merge","previousOperationId":"3o0vbvcpbyqig1w","timestamp":1719009827539,"id":"34myu9xpzftvas0","previousEventId":"tgzomlkos6s5y6x","operationId":"4b4hvdsdgygerrw"}
{"type":"operationStart","subtype":"render","name":"anonymous","previousOperationId":"4b4hvdsdgygerrw","timestamp":1719009827539,"id":"keurhcs2j9f3777","previousEventId":"34myu9xpzftvas0","operationId":"898e5zkdbm1v6bl"}
{"type":"log","timestamp":1719009827539,"level":"info","message":"Starting rendering (child) request","meta":{"rootId":"r2wsiqxg8f3kbgs","id":"i0d4k9njsxurz21"},"id":"42q678prtzzmhr5","previousOperationId":"898e5zkdbm1v6bl"}
{"type":"log","timestamp":1719009827539,"level":"info","message":"Rendering anonymous template { recipe: chrome-pdf, engine: handlebars }","meta":{"rootId":"r2wsiqxg8f3kbgs","id":"i0d4k9njsxurz21"},"id":"hgogmb9z2zo9z8w","previousOperationId":"898e5zkdbm1v6bl"}
{"type":"log","timestamp":1719009827539,"level":"debug","message":"Inline data specified.","meta":{"rootId":"r2wsiqxg8f3kbgs","id":"i0d4k9njsxurz21"},"id":"gdllh919iw5oxyh","previousOperationId":"898e5zkdbm1v6bl"}
{"type":"log","timestamp":1719009827539,"level":"debug","message":"Base url not specified, skipping its injection.","meta":{"rootId":"r2wsiqxg8f3kbgs","id":"i0d4k9njsxurz21"},"id":"9ujcc64poiyfdn6","previousOperationId":"898e5zkdbm1v6bl"}
{"type":"operationStart","subtype":"engine","name":"handlebars","timestamp":1719009827539,"id":"ddufzgciuqa6jb7","previousEventId":"keurhcs2j9f3777","operationId":"yneiwtonp85ldel","previousOperationId":"898e5zkdbm1v6bl"}
{"type":"log","timestamp":1719009827539,"level":"debug","message":"Rendering engine handlebars","meta":{"rootId":"r2wsiqxg8f3kbgs","id":"i0d4k9njsxurz21"},"id":"3jj3mc1pvkeexgr","previousOperationId":"yneiwtonp85ldel"}
{"type":"operationEnd","operationId":"yneiwtonp85ldel","timestamp":1719009827542,"id":"i95yuokj50f6mce","previousEventId":"ddufzgciuqa6jb7","previousOperationId":"yneiwtonp85ldel"}
{"type":"operationStart","subtype":"recipe","name":"chrome-pdf","timestamp":1719009827542,"id":"g2a6ye8btb1ru3n","previousEventId":"i95yuokj50f6mce","operationId":"45xxbnuduhcivja","previousOperationId":"yneiwtonp85ldel"}
{"type":"log","timestamp":1719009827542,"level":"debug","message":"Executing recipe chrome-pdf","meta":{"rootId":"r2wsiqxg8f3kbgs","id":"i0d4k9njsxurz21"},"id":"48nmhpf398gt1um","previousOperationId":"45xxbnuduhcivja"}
{"type":"log","timestamp":1719009827543,"level":"debug","message":"Converting with chrome Chrome/126.0.6478.61 using chrome-pool strategy","meta":{"rootId":"r2wsiqxg8f3kbgs","id":"i0d4k9njsxurz21"},"id":"jebp4dnx4u1ps88","previousOperationId":"45xxbnuduhcivja"}
{"type":"log","timestamp":1719009827604,"level":"debug","message":"Page request: GET (document) file:///var/folders/2x/1bhfw9mx7d775w_jmf56lcp80000gn/T/jsreport/autocleanup/39e87b34-ca89-43e7-86f7-34c82bb4985d-chrome-pdf.html","meta":{"rootId":"r2wsiqxg8f3kbgs","id":"i0d4k9njsxurz21"},"id":"vv32k4twsc9hd49","previousOperationId":"45xxbnuduhcivja"}
{"type":"log","timestamp":1719009827608,"level":"debug","message":"Page request finished: GET (document) 200 file:///var/folders/2x/1bhfw9mx7d775w_jmf56lcp80000gn/T/jsreport/autocleanup/39e87b34-ca89-43e7-86f7-34c82bb4985d-chrome-pdf.html","meta":{"rootId":"r2wsiqxg8f3kbgs","id":"i0d4k9njsxurz21"},"id":"7jvqbr9gg6od4cw","previousOperationId":"45xxbnuduhcivja"}
{"type":"log","timestamp":1719009827608,"level":"debug","message":"Page request: GET (stylesheet) https://cdnjs.cloudflare.com/ajax/libs/metro/4.1.5/css/metro.min.css","meta":{"rootId":"r2wsiqxg8f3kbgs","id":"i0d4k9njsxurz21"},"id":"ajf8k4qnra2cy3j","previousOperationId":"45xxbnuduhcivja"}
{"type":"log","timestamp":1719009827615,"level":"debug","message":"Page request finished: GET (stylesheet) 200 https://cdnjs.cloudflare.com/ajax/libs/metro/4.1.5/css/metro.min.css","meta":{"rootId":"r2wsiqxg8f3kbgs","id":"i0d4k9njsxurz21"},"id":"gdcn8vylk8r3o6k","previousOperationId":"45xxbnuduhcivja"}
{"type":"log","timestamp":1719009827635,"level":"debug","message":"Running chrome with params {\"timeout\":59675,\"margin\":{},\"printBackground\":true}","meta":{"rootId":"r2wsiqxg8f3kbgs","id":"i0d4k9njsxurz21"},"id":"g8p42zz0l0a7tg6","previousOperationId":"45xxbnuduhcivja"}
{"type":"operationEnd","operationId":"45xxbnuduhcivja","timestamp":1719009827739,"id":"qxhpnxuqttdjjdo","previousEventId":"g2a6ye8btb1ru3n","previousOperationId":"45xxbnuduhcivja"}
{"type":"log","timestamp":1719009827739,"level":"debug","message":"Skipping storing report.","meta":{"rootId":"r2wsiqxg8f3kbgs","id":"i0d4k9njsxurz21"},"id":"x3agul47o6zptcm","previousOperationId":"45xxbnuduhcivja"}
{"type":"log","timestamp":1719009827739,"level":"info","message":"Rendering (child) request finished in 521 ms","meta":{"rootId":"r2wsiqxg8f3kbgs","id":"i0d4k9njsxurz21"},"id":"xndu7v0bdd3xkjv","previousOperationId":"45xxbnuduhcivja"}
{"type":"operationEnd","subtype":"render","operationId":"898e5zkdbm1v6bl","timestamp":1719009827739,"id":"os8qa0drc2g5wfq","previousEventId":"qxhpnxuqttdjjdo","previousOperationId":"45xxbnuduhcivja"}
{"type":"operationEnd","operationId":"4b4hvdsdgygerrw","timestamp":1719009827761,"id":"np85lsqrdpf3m5c","previousEventId":"34myu9xpzftvas0","previousOperationId":"4b4hvdsdgygerrw"}
{"type":"log","timestamp":1719009827761,"level":"debug","message":"pdf-utils postprocess start","meta":{"rootId":"r2wsiqxg8f3kbgs","id":"r2wsiqxg8f3kbgs"},"id":"g7cxxljptanw6oe","previousOperationId":"4b4hvdsdgygerrw"}
{"type":"log","timestamp":1719009827784,"level":"debug","message":"pdf-utils postprocess end","meta":{"rootId":"r2wsiqxg8f3kbgs","id":"r2wsiqxg8f3kbgs"},"id":"p65kzxcfybmwhsf","previousOperationId":"4b4hvdsdgygerrw"}
{"type":"operationEnd","operationId":"3o0vbvcpbyqig1w","timestamp":1719009827784,"id":"rfegom44yenx4w4","previousEventId":"np85lsqrdpf3m5c","previousOperationId":"4b4hvdsdgygerrw"}
{"type":"log","timestamp":1719009827785,"level":"info","message":"pdf-utils pdf processing was finished","meta":{"rootId":"r2wsiqxg8f3kbgs","id":"r2wsiqxg8f3kbgs"},"id":"2ed4psisdjddzdp","previousOperationId":"3o0vbvcpbyqig1w"}
{"type":"log","timestamp":1719009827785,"level":"debug","message":"Skipping storing report.","meta":{"rootId":"r2wsiqxg8f3kbgs","id":"r2wsiqxg8f3kbgs"},"id":"etpw8ie7d3mjf7i","previousOperationId":"3o0vbvcpbyqig1w"}
{"type":"log","timestamp":1719009827785,"level":"info","message":"Rendering request 162 finished in 567 ms","meta":{"rootId":"r2wsiqxg8f3kbgs","id":"r2wsiqxg8f3kbgs"},"id":"w3gl1f1m4aa1q6l","previousOperationId":"3o0vbvcpbyqig1w"}
{"type":"operationEnd","subtype":"render","operationId":"ln5yr5xyyr8i35r","timestamp":1719009827785,"id":"2ofw3a4r2y030qd","previousEventId":"rfegom44yenx4w4","previousOperationId":"3o0vbvcpbyqig1w"}
{"type":"operationEnd","doDiffs":false,"previousEventId":"bg2c5havpanpgs8","previousOperationId":"qxd4bouxu44mt69","operationId":"qxd4bouxu44mt69","timestamp":1719009827785,"id":"hfezvo7c8l1m3zh"}
