{"type":"operationStart","subtype":"profile","data":{"_id":"kqMsL8KaTkE5Z6P3","timestamp":"2024-06-21T19:52:06.386Z","state":"queued","mode":"standard","creationDate":"2024-06-21T19:52:06.388Z","modificationDate":"2024-06-21T19:52:06.388Z","shortid":"np36l7G","$entitySet":"profiles"},"doDiffs":false,"timestamp":1718999526387,"id":"9a4b1tr426d9dij","previousOperationId":null,"operationId":"zwqs9mcprk65qvr"}
{"type":"log","level":"info","message":"Render request 58 queued for execution and waiting for available worker","previousOperationId":"zwqs9mcprk65qvr","timestamp":1718999526387,"id":"1h82t2phy56oqwy"}
{"type":"operationStart","subtype":"render","name":"anonymous","previousOperationId":"zwqs9mcprk65qvr","timestamp":1718999526392,"id":"v4bm5r904uz7ywq","previousEventId":"9a4b1tr426d9dij","operationId":"mm480pw2t5in4hs"}
{"type":"log","timestamp":1718999526393,"level":"info","message":"Starting rendering request 58","meta":{"rootId":"r5sbofg00xux109","id":"r5sbofg00xux109"},"id":"m5axiq8t3t3vdu5","previousOperationId":"mm480pw2t5in4hs"}
{"type":"log","timestamp":1718999526393,"level":"info","message":"Rendering anonymous template { recipe: chrome-pdf, engine: handlebars }","meta":{"rootId":"r5sbofg00xux109","id":"r5sbofg00xux109"},"id":"lzl52r42moirajv","previousOperationId":"mm480pw2t5in4hs"}
{"type":"log","timestamp":1718999526393,"level":"debug","message":"Inline data specified.","meta":{"rootId":"r5sbofg00xux109","id":"r5sbofg00xux109"},"id":"17z80d6hwgwhfh9","previousOperationId":"mm480pw2t5in4hs"}
{"type":"log","timestamp":1718999526398,"level":"debug","message":"Base url not specified, skipping its injection.","meta":{"rootId":"r5sbofg00xux109","id":"r5sbofg00xux109"},"id":"kx0t4yauc0gcq4c","previousOperationId":"mm480pw2t5in4hs"}
{"type":"operationStart","subtype":"engine","name":"handlebars","timestamp":1718999526401,"id":"7wzk4lsf226095i","previousEventId":"v4bm5r904uz7ywq","operationId":"g8p7occtqhysurd","previousOperationId":"mm480pw2t5in4hs"}
{"type":"log","timestamp":1718999526401,"level":"debug","message":"Rendering engine handlebars","meta":{"rootId":"r5sbofg00xux109","id":"r5sbofg00xux109"},"id":"luti7t1nsq62pwq","previousOperationId":"g8p7occtqhysurd"}
{"type":"operationEnd","operationId":"g8p7occtqhysurd","timestamp":1718999526421,"id":"jxfk21p0t1qd094","previousEventId":"7wzk4lsf226095i","previousOperationId":"g8p7occtqhysurd"}
{"type":"operationStart","subtype":"recipe","name":"chrome-pdf","timestamp":1718999526421,"id":"ab7g7f70s2junq8","previousEventId":"jxfk21p0t1qd094","operationId":"et9w2sdumo03wt3","previousOperationId":"g8p7occtqhysurd"}
{"type":"log","timestamp":1718999526421,"level":"debug","message":"Executing recipe chrome-pdf","meta":{"rootId":"r5sbofg00xux109","id":"r5sbofg00xux109"},"id":"3nfshusy7s6son9","previousOperationId":"et9w2sdumo03wt3"}
{"type":"log","timestamp":1718999526425,"level":"debug","message":"Converting with chrome Chrome/126.0.6478.61 using chrome-pool strategy","meta":{"rootId":"r5sbofg00xux109","id":"r5sbofg00xux109"},"id":"7tmv2q0jex94syw","previousOperationId":"et9w2sdumo03wt3"}
{"type":"log","timestamp":1718999526511,"level":"debug","message":"Page request: GET (document) file:///var/folders/2x/1bhfw9mx7d775w_jmf56lcp80000gn/T/jsreport/autocleanup/c3df2c44-ccc5-4c2f-9bdd-ee06e2e32eee-chrome-pdf.html","meta":{"rootId":"r5sbofg00xux109","id":"r5sbofg00xux109"},"id":"tf42gw48k8mfwj3","previousOperationId":"et9w2sdumo03wt3"}
{"type":"log","timestamp":1718999526516,"level":"debug","message":"Page request finished: GET (document) 200 file:///var/folders/2x/1bhfw9mx7d775w_jmf56lcp80000gn/T/jsreport/autocleanup/c3df2c44-ccc5-4c2f-9bdd-ee06e2e32eee-chrome-pdf.html","meta":{"rootId":"r5sbofg00xux109","id":"r5sbofg00xux109"},"id":"sxqhe9c44kjzv94","previousOperationId":"et9w2sdumo03wt3"}
{"type":"log","timestamp":1718999526516,"level":"debug","message":"Page request: GET (stylesheet) https://cdnjs.cloudflare.com/ajax/libs/metro/4.1.5/css/metro.min.css","meta":{"rootId":"r5sbofg00xux109","id":"r5sbofg00xux109"},"id":"3bc0unowlc362wg","previousOperationId":"et9w2sdumo03wt3"}
{"type":"log","timestamp":1718999526516,"level":"debug","message":"Page request: GET (script) https://cdnjs.cloudflare.com/ajax/libs/Chart.js/2.7.2/Chart.min.js","meta":{"rootId":"r5sbofg00xux109","id":"r5sbofg00xux109"},"id":"tmiktsnz6bhwr36","previousOperationId":"et9w2sdumo03wt3"}
{"type":"log","timestamp":1718999526524,"level":"debug","message":"Page request finished: GET (stylesheet) 200 https://cdnjs.cloudflare.com/ajax/libs/metro/4.1.5/css/metro.min.css","meta":{"rootId":"r5sbofg00xux109","id":"r5sbofg00xux109"},"id":"8z38b05ksxm5vm5","previousOperationId":"et9w2sdumo03wt3"}
{"type":"log","timestamp":1718999526524,"level":"debug","message":"Page request finished: GET (script) 200 https://cdnjs.cloudflare.com/ajax/libs/Chart.js/2.7.2/Chart.min.js","meta":{"rootId":"r5sbofg00xux109","id":"r5sbofg00xux109"},"id":"495ndbhv9oug8f5","previousOperationId":"et9w2sdumo03wt3"}
{"type":"log","timestamp":1718999526532,"level":"debug","message":"Running chrome with params {\"timeout\":59962,\"margin\":{},\"printBackground\":true}","meta":{"rootId":"r5sbofg00xux109","id":"r5sbofg00xux109"},"id":"5od8eulll1fdlyn","previousOperationId":"et9w2sdumo03wt3"}
{"type":"operationEnd","operationId":"et9w2sdumo03wt3","timestamp":1718999526578,"id":"dokqr78qawa58m9","previousEventId":"ab7g7f70s2junq8","previousOperationId":"et9w2sdumo03wt3"}
{"type":"log","timestamp":1718999526578,"level":"debug","message":"Skipping storing report.","meta":{"rootId":"r5sbofg00xux109","id":"r5sbofg00xux109"},"id":"jsohbtsodaekov7","previousOperationId":"et9w2sdumo03wt3"}
{"type":"log","timestamp":1718999526578,"level":"info","message":"Rendering request 58 finished in 193 ms","meta":{"rootId":"r5sbofg00xux109","id":"r5sbofg00xux109"},"id":"zgyu2x71qdxt7za","previousOperationId":"et9w2sdumo03wt3"}
{"type":"operationEnd","subtype":"render","operationId":"mm480pw2t5in4hs","timestamp":1718999526578,"id":"lx9lki5dbvrmnc5","previousEventId":"dokqr78qawa58m9","previousOperationId":"et9w2sdumo03wt3"}
{"type":"operationEnd","doDiffs":false,"previousEventId":"9a4b1tr426d9dij","previousOperationId":"zwqs9mcprk65qvr","operationId":"zwqs9mcprk65qvr","timestamp":1718999526580,"id":"c5xhnppvdbht967"}
