{"type":"operationStart","subtype":"profile","data":{"_id":"YF8lWyGUszLXN8yh","timestamp":"2024-06-21T19:50:27.435Z","state":"queued","mode":"standard","creationDate":"2024-06-21T19:50:27.440Z","modificationDate":"2024-06-21T19:50:27.440Z","shortid":"Hq88nzJ","$entitySet":"profiles"},"doDiffs":false,"timestamp":1718999427438,"id":"vsudzm92xo9xmge","previousOperationId":null,"operationId":"2d4h74xl0r4k71w"}
{"type":"log","level":"info","message":"Render request 52 queued for execution and waiting for available worker","previousOperationId":"2d4h74xl0r4k71w","timestamp":1718999427438,"id":"zfmti1lpabtv35x"}
{"type":"operationStart","subtype":"render","name":"anonymous","previousOperationId":"2d4h74xl0r4k71w","timestamp":1718999427445,"id":"1oo4ugfqtspnte6","previousEventId":"vsudzm92xo9xmge","operationId":"d9uks7g04wotlq8"}
{"type":"log","timestamp":1718999427445,"level":"info","message":"Starting rendering request 52","meta":{"rootId":"rd874flt2ykad4f","id":"rd874flt2ykad4f"},"id":"0rc2ju8d3d4t1iq","previousOperationId":"d9uks7g04wotlq8"}
{"type":"log","timestamp":1718999427446,"level":"info","message":"Rendering anonymous template { recipe: chrome-pdf, engine: handlebars }","meta":{"rootId":"rd874flt2ykad4f","id":"rd874flt2ykad4f"},"id":"vowk14guq5kbe2t","previousOperationId":"d9uks7g04wotlq8"}
{"type":"log","timestamp":1718999427446,"level":"debug","message":"Inline data specified.","meta":{"rootId":"rd874flt2ykad4f","id":"rd874flt2ykad4f"},"id":"nrleh4quhbbkdyj","previousOperationId":"d9uks7g04wotlq8"}
{"type":"log","timestamp":1718999427447,"level":"debug","message":"Base url not specified, skipping its injection.","meta":{"rootId":"rd874flt2ykad4f","id":"rd874flt2ykad4f"},"id":"bu16to3s30cwoh6","previousOperationId":"d9uks7g04wotlq8"}
{"type":"operationStart","subtype":"engine","name":"handlebars","timestamp":1718999427448,"id":"zk3k2yo15w31nh5","previousEventId":"1oo4ugfqtspnte6","operationId":"qzyg97vq9jj8vnk","previousOperationId":"d9uks7g04wotlq8"}
{"type":"log","timestamp":1718999427448,"level":"debug","message":"Rendering engine handlebars","meta":{"rootId":"rd874flt2ykad4f","id":"rd874flt2ykad4f"},"id":"qes6pn2hs8pnlgx","previousOperationId":"qzyg97vq9jj8vnk"}
{"type":"operationEnd","operationId":"qzyg97vq9jj8vnk","timestamp":1718999427467,"id":"z3trvmq8bhts4hc","previousEventId":"zk3k2yo15w31nh5","previousOperationId":"qzyg97vq9jj8vnk"}
{"type":"operationStart","subtype":"recipe","name":"chrome-pdf","timestamp":1718999427468,"id":"geq75807n5nf9jz","previousEventId":"z3trvmq8bhts4hc","operationId":"srpz73w17s2e0ic","previousOperationId":"qzyg97vq9jj8vnk"}
{"type":"log","timestamp":1718999427468,"level":"debug","message":"Executing recipe chrome-pdf","meta":{"rootId":"rd874flt2ykad4f","id":"rd874flt2ykad4f"},"id":"hp971esacxbhwt9","previousOperationId":"srpz73w17s2e0ic"}
{"type":"log","timestamp":1718999427470,"level":"debug","message":"Converting with chrome Chrome/126.0.6478.61 using chrome-pool strategy","meta":{"rootId":"rd874flt2ykad4f","id":"rd874flt2ykad4f"},"id":"uyt5jl8qzof828n","previousOperationId":"srpz73w17s2e0ic"}
{"type":"log","timestamp":1718999427565,"level":"debug","message":"Page request: GET (document) file:///var/folders/2x/1bhfw9mx7d775w_jmf56lcp80000gn/T/jsreport/autocleanup/cbf2e7d4-25d3-4f98-abb9-4e3699028113-chrome-pdf.html","meta":{"rootId":"rd874flt2ykad4f","id":"rd874flt2ykad4f"},"id":"zurny0w0108my3t","previousOperationId":"srpz73w17s2e0ic"}
{"type":"log","timestamp":1718999427569,"level":"debug","message":"Page request finished: GET (document) 200 file:///var/folders/2x/1bhfw9mx7d775w_jmf56lcp80000gn/T/jsreport/autocleanup/cbf2e7d4-25d3-4f98-abb9-4e3699028113-chrome-pdf.html","meta":{"rootId":"rd874flt2ykad4f","id":"rd874flt2ykad4f"},"id":"nue3p2njhmnzuui","previousOperationId":"srpz73w17s2e0ic"}
{"type":"log","timestamp":1718999427569,"level":"debug","message":"Page request: GET (stylesheet) https://cdnjs.cloudflare.com/ajax/libs/metro/4.1.5/css/metro.min.css","meta":{"rootId":"rd874flt2ykad4f","id":"rd874flt2ykad4f"},"id":"nt1rowxlnp62ek2","previousOperationId":"srpz73w17s2e0ic"}
{"type":"log","timestamp":1718999427569,"level":"debug","message":"Page request: GET (script) https://cdnjs.cloudflare.com/ajax/libs/Chart.js/2.7.2/Chart.min.js","meta":{"rootId":"rd874flt2ykad4f","id":"rd874flt2ykad4f"},"id":"lo9sm0x1wulvj8v","previousOperationId":"srpz73w17s2e0ic"}
{"type":"log","timestamp":1718999427577,"level":"debug","message":"Page request finished: GET (stylesheet) 200 https://cdnjs.cloudflare.com/ajax/libs/metro/4.1.5/css/metro.min.css","meta":{"rootId":"rd874flt2ykad4f","id":"rd874flt2ykad4f"},"id":"31t9goqf6c5mr70","previousOperationId":"srpz73w17s2e0ic"}
{"type":"log","timestamp":1718999427577,"level":"debug","message":"Page request finished: GET (script) 200 https://cdnjs.cloudflare.com/ajax/libs/Chart.js/2.7.2/Chart.min.js","meta":{"rootId":"rd874flt2ykad4f","id":"rd874flt2ykad4f"},"id":"r9wolmoha6s3h4p","previousOperationId":"srpz73w17s2e0ic"}
{"type":"log","timestamp":1718999427582,"level":"debug","message":"Running chrome with params {\"timeout\":59965,\"margin\":{},\"printBackground\":true}","meta":{"rootId":"rd874flt2ykad4f","id":"rd874flt2ykad4f"},"id":"4gkkwjncb1gjz3q","previousOperationId":"srpz73w17s2e0ic"}
{"type":"operationEnd","operationId":"srpz73w17s2e0ic","timestamp":1718999427622,"id":"pnw3ihh4jrz5bdu","previousEventId":"geq75807n5nf9jz","previousOperationId":"srpz73w17s2e0ic"}
{"type":"log","timestamp":1718999427622,"level":"debug","message":"Skipping storing report.","meta":{"rootId":"rd874flt2ykad4f","id":"rd874flt2ykad4f"},"id":"orwrevuvks5mk7r","previousOperationId":"srpz73w17s2e0ic"}
{"type":"log","timestamp":1718999427622,"level":"info","message":"Rendering request 52 finished in 188 ms","meta":{"rootId":"rd874flt2ykad4f","id":"rd874flt2ykad4f"},"id":"cd7sh419meqe4k1","previousOperationId":"srpz73w17s2e0ic"}
{"type":"operationEnd","subtype":"render","operationId":"d9uks7g04wotlq8","timestamp":1718999427622,"id":"4sf4bhkc7o9bx73","previousEventId":"pnw3ihh4jrz5bdu","previousOperationId":"srpz73w17s2e0ic"}
{"type":"operationEnd","doDiffs":false,"previousEventId":"vsudzm92xo9xmge","previousOperationId":"2d4h74xl0r4k71w","operationId":"2d4h74xl0r4k71w","timestamp":1718999427623,"id":"8jwi2n6v5a84h7g"}
