{"type":"operationStart","subtype":"profile","data":{"_id":"BL36oSWGDwMyMje9","timestamp":"2024-06-21T20:36:47.971Z","state":"queued","mode":"standard","creationDate":"2024-06-21T20:36:47.973Z","modificationDate":"2024-06-21T20:36:47.973Z","shortid":"yFb7yIP","$entitySet":"profiles"},"doDiffs":false,"timestamp":1719002207972,"id":"ezbugs3iy26at69","previousOperationId":null,"operationId":"g3td3xpdj2cj9dk"}
{"type":"log","level":"info","message":"Render request 89 queued for execution and waiting for available worker","previousOperationId":"g3td3xpdj2cj9dk","timestamp":1719002207972,"id":"j8y967j8raaoww9"}
{"type":"operationStart","subtype":"render","name":"anonymous","previousOperationId":"g3td3xpdj2cj9dk","timestamp":1719002207978,"id":"v0bt956hfp6q80w","previousEventId":"ezbugs3iy26at69","operationId":"14c1yajf2wh60n1"}
{"type":"log","timestamp":1719002207978,"level":"info","message":"Starting rendering request 89","meta":{"rootId":"s3zjmdicc4xx6la","id":"s3zjmdicc4xx6la"},"id":"frybi760qtxngsf","previousOperationId":"14c1yajf2wh60n1"}
{"type":"log","timestamp":1719002207978,"level":"info","message":"Rendering anonymous template { recipe: chrome-pdf, engine: handlebars }","meta":{"rootId":"s3zjmdicc4xx6la","id":"s3zjmdicc4xx6la"},"id":"u8034sv9vddgy1n","previousOperationId":"14c1yajf2wh60n1"}
{"type":"log","timestamp":1719002207978,"level":"debug","message":"Inline data specified.","meta":{"rootId":"s3zjmdicc4xx6la","id":"s3zjmdicc4xx6la"},"id":"mmmenygzctuh14l","previousOperationId":"14c1yajf2wh60n1"}
{"type":"log","timestamp":1719002207979,"level":"debug","message":"Base url not specified, skipping its injection.","meta":{"rootId":"s3zjmdicc4xx6la","id":"s3zjmdicc4xx6la"},"id":"fuc8z9epv232sx1","previousOperationId":"14c1yajf2wh60n1"}
{"type":"operationStart","subtype":"engine","name":"handlebars","timestamp":1719002207980,"id":"v11hx40loqwpsq3","previousEventId":"v0bt956hfp6q80w","operationId":"lewf5ph8ykorewb","previousOperationId":"14c1yajf2wh60n1"}
{"type":"log","timestamp":1719002207980,"level":"debug","message":"Rendering engine handlebars","meta":{"rootId":"s3zjmdicc4xx6la","id":"s3zjmdicc4xx6la"},"id":"76lrl9oinshi6ex","previousOperationId":"lewf5ph8ykorewb"}
{"type":"operationEnd","operationId":"lewf5ph8ykorewb","timestamp":1719002207988,"id":"wukl1pg7qm4ktrw","previousEventId":"v11hx40loqwpsq3","previousOperationId":"lewf5ph8ykorewb"}
{"type":"operationStart","subtype":"recipe","name":"chrome-pdf","timestamp":1719002207992,"id":"ifwf86al43olu6u","previousEventId":"wukl1pg7qm4ktrw","operationId":"68bz4mp0f2wrxy5","previousOperationId":"lewf5ph8ykorewb"}
{"type":"log","timestamp":1719002207992,"level":"debug","message":"Executing recipe chrome-pdf","meta":{"rootId":"s3zjmdicc4xx6la","id":"s3zjmdicc4xx6la"},"id":"4o1tzgvmk0z5xxa","previousOperationId":"68bz4mp0f2wrxy5"}
{"type":"log","timestamp":1719002207994,"level":"debug","message":"Converting with chrome Chrome/126.0.6478.61 using chrome-pool strategy","meta":{"rootId":"s3zjmdicc4xx6la","id":"s3zjmdicc4xx6la"},"id":"f7xaiek2sfow8c4","previousOperationId":"68bz4mp0f2wrxy5"}
{"type":"log","timestamp":1719002208025,"level":"debug","message":"Page request: GET (document) file:///var/folders/2x/1bhfw9mx7d775w_jmf56lcp80000gn/T/jsreport/autocleanup/cba259c0-073e-4134-b08d-be83a5db0be6-chrome-pdf.html","meta":{"rootId":"s3zjmdicc4xx6la","id":"s3zjmdicc4xx6la"},"id":"l3kmnr9pkpixyzn","previousOperationId":"68bz4mp0f2wrxy5"}
{"type":"log","timestamp":1719002208030,"level":"debug","message":"Page request finished: GET (document) 200 file:///var/folders/2x/1bhfw9mx7d775w_jmf56lcp80000gn/T/jsreport/autocleanup/cba259c0-073e-4134-b08d-be83a5db0be6-chrome-pdf.html","meta":{"rootId":"s3zjmdicc4xx6la","id":"s3zjmdicc4xx6la"},"id":"7w8nh2yxm7mw0fo","previousOperationId":"68bz4mp0f2wrxy5"}
{"type":"log","timestamp":1719002208030,"level":"debug","message":"Page request: GET (stylesheet) https://cdnjs.cloudflare.com/ajax/libs/metro/4.1.5/css/metro.min.css","meta":{"rootId":"s3zjmdicc4xx6la","id":"s3zjmdicc4xx6la"},"id":"zjusqj67kq9bfri","previousOperationId":"68bz4mp0f2wrxy5"}
{"type":"log","timestamp":1719002208031,"level":"debug","message":"Page request: GET (script) https://cdnjs.cloudflare.com/ajax/libs/Chart.js/2.7.2/Chart.min.js","meta":{"rootId":"s3zjmdicc4xx6la","id":"s3zjmdicc4xx6la"},"id":"0vdv93n7xbuu6e4","previousOperationId":"68bz4mp0f2wrxy5"}
{"type":"log","timestamp":1719002208040,"level":"debug","message":"Page request finished: GET (stylesheet) 200 https://cdnjs.cloudflare.com/ajax/libs/metro/4.1.5/css/metro.min.css","meta":{"rootId":"s3zjmdicc4xx6la","id":"s3zjmdicc4xx6la"},"id":"90ykn5v49k088aq","previousOperationId":"68bz4mp0f2wrxy5"}
{"type":"log","timestamp":1719002208040,"level":"debug","message":"Page request finished: GET (script) 200 https://cdnjs.cloudflare.com/ajax/libs/Chart.js/2.7.2/Chart.min.js","meta":{"rootId":"s3zjmdicc4xx6la","id":"s3zjmdicc4xx6la"},"id":"u8pbgafyeekdyob","previousOperationId":"68bz4mp0f2wrxy5"}
{"type":"log","timestamp":1719002208084,"level":"debug","message":"Running chrome with params {\"timeout\":59978,\"margin\":{},\"printBackground\":true}","meta":{"rootId":"s3zjmdicc4xx6la","id":"s3zjmdicc4xx6la"},"id":"5fsrbf99z4bplv2","previousOperationId":"68bz4mp0f2wrxy5"}
{"type":"operationEnd","operationId":"68bz4mp0f2wrxy5","timestamp":1719002208308,"id":"x5pvzda7nqp5p3r","previousEventId":"ifwf86al43olu6u","previousOperationId":"68bz4mp0f2wrxy5"}
{"type":"log","timestamp":1719002208308,"level":"debug","message":"Skipping storing report.","meta":{"rootId":"s3zjmdicc4xx6la","id":"s3zjmdicc4xx6la"},"id":"per5r6i0ziec03r","previousOperationId":"68bz4mp0f2wrxy5"}
{"type":"log","timestamp":1719002208308,"level":"info","message":"Rendering request 89 finished in 338 ms","meta":{"rootId":"s3zjmdicc4xx6la","id":"s3zjmdicc4xx6la"},"id":"74hhu3e1ipleg1x","previousOperationId":"68bz4mp0f2wrxy5"}
{"type":"operationEnd","subtype":"render","operationId":"14c1yajf2wh60n1","timestamp":1719002208308,"id":"gd2dzgtbd2e3uu7","previousEventId":"x5pvzda7nqp5p3r","previousOperationId":"68bz4mp0f2wrxy5"}
{"type":"operationEnd","doDiffs":false,"previousEventId":"ezbugs3iy26at69","previousOperationId":"g3td3xpdj2cj9dk","operationId":"g3td3xpdj2cj9dk","timestamp":1719002208309,"id":"skapd9tuyx0ovl7"}
