{"type":"operationStart","subtype":"profile","data":{"_id":"f88sDLqczI0qmHSB","timestamp":"2024-06-21T19:44:04.425Z","state":"queued","mode":"standard","creationDate":"2024-06-21T19:44:04.428Z","modificationDate":"2024-06-21T19:44:04.428Z","shortid":"Fv2MJZW","$entitySet":"profiles"},"doDiffs":false,"timestamp":1718999044426,"id":"fd4cljgx3ahgvqj","previousOperationId":null,"operationId":"qs67mk5jr5w8kca"}
{"type":"log","level":"info","message":"Render request 47 queued for execution and waiting for available worker","previousOperationId":"qs67mk5jr5w8kca","timestamp":1718999044426,"id":"pmnzh1xxwj1yavr"}
{"type":"operationStart","subtype":"render","name":"anonymous","previousOperationId":"qs67mk5jr5w8kca","timestamp":1718999044434,"id":"utdqx7er7hg1x6y","previousEventId":"fd4cljgx3ahgvqj","operationId":"ur80gb99c4zd8n3"}
{"type":"log","timestamp":1718999044434,"level":"info","message":"Starting rendering request 47","meta":{"rootId":"sapilbcxe0dm9rg","id":"sapilbcxe0dm9rg"},"id":"giwh0l44w44ky85","previousOperationId":"ur80gb99c4zd8n3"}
{"type":"log","timestamp":1718999044434,"level":"info","message":"Rendering anonymous template { recipe: chrome-pdf, engine: handlebars }","meta":{"rootId":"sapilbcxe0dm9rg","id":"sapilbcxe0dm9rg"},"id":"a44htvf7waqn4hd","previousOperationId":"ur80gb99c4zd8n3"}
{"type":"log","timestamp":1718999044434,"level":"debug","message":"Inline data specified.","meta":{"rootId":"sapilbcxe0dm9rg","id":"sapilbcxe0dm9rg"},"id":"hnun97cz5sranjj","previousOperationId":"ur80gb99c4zd8n3"}
{"type":"log","timestamp":1718999044441,"level":"debug","message":"Base url not specified, skipping its injection.","meta":{"rootId":"sapilbcxe0dm9rg","id":"sapilbcxe0dm9rg"},"id":"8feau4r088knpuh","previousOperationId":"ur80gb99c4zd8n3"}
{"type":"operationStart","subtype":"engine","name":"handlebars","timestamp":1718999044442,"id":"0fjd113pccp5f7g","previousEventId":"utdqx7er7hg1x6y","operationId":"9hgx8gu06ul8nae","previousOperationId":"ur80gb99c4zd8n3"}
{"type":"log","timestamp":1718999044442,"level":"debug","message":"Rendering engine handlebars","meta":{"rootId":"sapilbcxe0dm9rg","id":"sapilbcxe0dm9rg"},"id":"56bqnruhgs3xcgy","previousOperationId":"9hgx8gu06ul8nae"}
{"type":"operationEnd","operationId":"9hgx8gu06ul8nae","timestamp":1718999044468,"id":"5v3bcn48r8bfg3p","previousEventId":"0fjd113pccp5f7g","previousOperationId":"9hgx8gu06ul8nae"}
{"type":"operationStart","subtype":"recipe","name":"chrome-pdf","timestamp":1718999044471,"id":"66amomqq97xjqqd","previousEventId":"5v3bcn48r8bfg3p","operationId":"65s0s3b00a730fn","previousOperationId":"9hgx8gu06ul8nae"}
{"type":"log","timestamp":1718999044471,"level":"debug","message":"Executing recipe chrome-pdf","meta":{"rootId":"sapilbcxe0dm9rg","id":"sapilbcxe0dm9rg"},"id":"24akh2oyn4zra6p","previousOperationId":"65s0s3b00a730fn"}
{"type":"log","timestamp":1718999044488,"level":"debug","message":"Converting with chrome Chrome/126.0.6478.61 using chrome-pool strategy","meta":{"rootId":"sapilbcxe0dm9rg","id":"sapilbcxe0dm9rg"},"id":"ug783r3aokb0n66","previousOperationId":"65s0s3b00a730fn"}
{"type":"log","timestamp":1718999044619,"level":"debug","message":"Page request: GET (document) file:///var/folders/2x/1bhfw9mx7d775w_jmf56lcp80000gn/T/jsreport/autocleanup/4ccfe105-2107-40cd-a0c6-080f3e1e29c0-chrome-pdf.html","meta":{"rootId":"sapilbcxe0dm9rg","id":"sapilbcxe0dm9rg"},"id":"3710b99c3yuj68t","previousOperationId":"65s0s3b00a730fn"}
{"type":"log","timestamp":1718999044624,"level":"debug","message":"Page request finished: GET (document) 200 file:///var/folders/2x/1bhfw9mx7d775w_jmf56lcp80000gn/T/jsreport/autocleanup/4ccfe105-2107-40cd-a0c6-080f3e1e29c0-chrome-pdf.html","meta":{"rootId":"sapilbcxe0dm9rg","id":"sapilbcxe0dm9rg"},"id":"r2rk77w3l8jk333","previousOperationId":"65s0s3b00a730fn"}
{"type":"log","timestamp":1718999044639,"level":"debug","message":"Running chrome with params {\"timeout\":59949,\"margin\":{},\"printBackground\":true}","meta":{"rootId":"sapilbcxe0dm9rg","id":"sapilbcxe0dm9rg"},"id":"q78t7lqafm7sa6r","previousOperationId":"65s0s3b00a730fn"}
{"type":"operationEnd","operationId":"65s0s3b00a730fn","timestamp":1718999044718,"id":"q1e5hs5xhxrza0l","previousEventId":"66amomqq97xjqqd","previousOperationId":"65s0s3b00a730fn"}
{"type":"log","timestamp":1718999044718,"level":"debug","message":"Skipping storing report.","meta":{"rootId":"sapilbcxe0dm9rg","id":"sapilbcxe0dm9rg"},"id":"3mg3m93y1j662av","previousOperationId":"65s0s3b00a730fn"}
{"type":"log","timestamp":1718999044718,"level":"info","message":"Rendering request 47 finished in 296 ms","meta":{"rootId":"sapilbcxe0dm9rg","id":"sapilbcxe0dm9rg"},"id":"ptolmuzcjda45cp","previousOperationId":"65s0s3b00a730fn"}
{"type":"operationEnd","subtype":"render","operationId":"ur80gb99c4zd8n3","timestamp":1718999044718,"id":"njzzr6hdu12a8t4","previousEventId":"q1e5hs5xhxrza0l","previousOperationId":"65s0s3b00a730fn"}
{"type":"operationEnd","doDiffs":false,"previousEventId":"fd4cljgx3ahgvqj","previousOperationId":"qs67mk5jr5w8kca","operationId":"qs67mk5jr5w8kca","timestamp":1718999044719,"id":"m9x1snnrojlz10x"}
