{"type":"operationStart","subtype":"profile","data":{"_id":"oHKTGgYJ6T1fQyfu","timestamp":"2024-06-21T22:13:36.615Z","state":"queued","mode":"standard","creationDate":"2024-06-21T22:13:36.616Z","modificationDate":"2024-06-21T22:13:36.616Z","shortid":"Yq-CDSJ","$entitySet":"profiles"},"doDiffs":false,"timestamp":1719008016616,"id":"y5fn2mz87tlia1q","previousOperationId":null,"operationId":"z65361iuvuotxig"}
{"type":"log","level":"info","message":"Render request 143 queued for execution and waiting for available worker","previousOperationId":"z65361iuvuotxig","timestamp":1719008016616,"id":"dreewcxa70b000i"}
{"type":"operationStart","subtype":"render","name":"anonymous","previousOperationId":"z65361iuvuotxig","timestamp":1719008016646,"id":"e49g175b691dk5v","previousEventId":"y5fn2mz87tlia1q","operationId":"ospr1wp47dvzr0e"}
{"type":"log","timestamp":1719008016647,"level":"info","message":"Starting rendering request 143","meta":{"rootId":"sffalqwc6vcbel4","id":"sffalqwc6vcbel4"},"id":"7p0dsbubr3i85dw","previousOperationId":"ospr1wp47dvzr0e"}
{"type":"log","timestamp":1719008016649,"level":"info","message":"Rendering anonymous template { recipe: chrome-pdf, engine: handlebars }","meta":{"rootId":"sffalqwc6vcbel4","id":"sffalqwc6vcbel4"},"id":"epovbrcb6x8rz2v","previousOperationId":"ospr1wp47dvzr0e"}
{"type":"log","timestamp":1719008016649,"level":"debug","message":"Inline data specified.","meta":{"rootId":"sffalqwc6vcbel4","id":"sffalqwc6vcbel4"},"id":"on9fzkyaibj7cx6","previousOperationId":"ospr1wp47dvzr0e"}
{"type":"log","timestamp":1719008016651,"level":"debug","message":"Base url not specified, skipping its injection.","meta":{"rootId":"sffalqwc6vcbel4","id":"sffalqwc6vcbel4"},"id":"ri7mqpf0dirqzq4","previousOperationId":"ospr1wp47dvzr0e"}
{"type":"operationStart","subtype":"engine","name":"handlebars","timestamp":1719008016653,"id":"oa6pbk50wb18k37","previousEventId":"e49g175b691dk5v","operationId":"hat4901jrsr4cgm","previousOperationId":"ospr1wp47dvzr0e"}
{"type":"log","timestamp":1719008016653,"level":"debug","message":"Rendering engine handlebars","meta":{"rootId":"sffalqwc6vcbel4","id":"sffalqwc6vcbel4"},"id":"czmjux6k5ybc9o2","previousOperationId":"hat4901jrsr4cgm"}
{"type":"operationEnd","operationId":"hat4901jrsr4cgm","timestamp":1719008016687,"id":"ywejfmtzoxv8wdh","previousEventId":"oa6pbk50wb18k37","previousOperationId":"hat4901jrsr4cgm"}
{"type":"operationStart","subtype":"recipe","name":"chrome-pdf","timestamp":1719008016687,"id":"hsnpekt4gzanea1","previousEventId":"ywejfmtzoxv8wdh","operationId":"pw8r5nun2s1221i","previousOperationId":"hat4901jrsr4cgm"}
{"type":"log","timestamp":1719008016687,"level":"debug","message":"Executing recipe chrome-pdf","meta":{"rootId":"sffalqwc6vcbel4","id":"sffalqwc6vcbel4"},"id":"55k13iyqt0p3urv","previousOperationId":"pw8r5nun2s1221i"}
{"type":"log","timestamp":1719008016701,"level":"debug","message":"Converting with chrome Chrome/126.0.6478.61 using chrome-pool strategy","meta":{"rootId":"sffalqwc6vcbel4","id":"sffalqwc6vcbel4"},"id":"n2oy40dwxxyo78s","previousOperationId":"pw8r5nun2s1221i"}
{"type":"log","timestamp":1719008017174,"level":"debug","message":"Page request: GET (document) file:///var/folders/2x/1bhfw9mx7d775w_jmf56lcp80000gn/T/jsreport/autocleanup/66eea134-5ded-4bb1-8524-33ae534e3534-chrome-pdf.html","meta":{"rootId":"sffalqwc6vcbel4","id":"sffalqwc6vcbel4"},"id":"yragcf7bdnfe0ve","previousOperationId":"pw8r5nun2s1221i"}
{"type":"log","timestamp":1719008017195,"level":"debug","message":"Page request: GET (stylesheet) https://cdnjs.cloudflare.com/ajax/libs/metro/4.1.5/css/metro.min.css","meta":{"rootId":"sffalqwc6vcbel4","id":"sffalqwc6vcbel4"},"id":"x7uuvauduylmar9","previousOperationId":"pw8r5nun2s1221i"}
{"type":"log","timestamp":1719008017196,"level":"debug","message":"Page request: GET (script) https://cdnjs.cloudflare.com/ajax/libs/Chart.js/2.7.2/Chart.min.js","meta":{"rootId":"sffalqwc6vcbel4","id":"sffalqwc6vcbel4"},"id":"uyzbnmzji9epdea","previousOperationId":"pw8r5nun2s1221i"}
{"type":"log","timestamp":1719008017206,"level":"debug","message":"Page request finished: GET (stylesheet) 200 https://cdnjs.cloudflare.com/ajax/libs/metro/4.1.5/css/metro.min.css","meta":{"rootId":"sffalqwc6vcbel4","id":"sffalqwc6vcbel4"},"id":"713q93h532bo3ka","previousOperationId":"pw8r5nun2s1221i"}
{"type":"log","timestamp":1719008017207,"level":"debug","message":"Page request finished: GET (document) 200 file:///var/folders/2x/1bhfw9mx7d775w_jmf56lcp80000gn/T/jsreport/autocleanup/66eea134-5ded-4bb1-8524-33ae534e3534-chrome-pdf.html","meta":{"rootId":"sffalqwc6vcbel4","id":"sffalqwc6vcbel4"},"id":"0xlqd7g25igizql","previousOperationId":"pw8r5nun2s1221i"}
{"type":"log","timestamp":1719008017207,"level":"debug","message":"Page request finished: GET (script) 200 https://cdnjs.cloudflare.com/ajax/libs/Chart.js/2.7.2/Chart.min.js","meta":{"rootId":"sffalqwc6vcbel4","id":"sffalqwc6vcbel4"},"id":"86ece0r3m94alt3","previousOperationId":"pw8r5nun2s1221i"}
{"type":"log","timestamp":1719008017289,"level":"debug","message":"Running chrome with params {\"marginTop\":\"2cm\",\"marginRight\":\"1.5cm\",\"marginLeft\":\"1.5cm\",\"marginBottom\":\"1.5cm\",\"timeout\":59920,\"margin\":{\"top\":\"2cm\",\"right\":\"1.5cm\",\"bottom\":\"1.5cm\",\"left\":\"1.5cm\"},\"printBackground\":true}","meta":{"rootId":"sffalqwc6vcbel4","id":"sffalqwc6vcbel4"},"id":"3kvgbc23wkfbxgo","previousOperationId":"pw8r5nun2s1221i"}
{"type":"operationEnd","operationId":"pw8r5nun2s1221i","timestamp":1719008017489,"id":"of90s0v85k29e5a","previousEventId":"hsnpekt4gzanea1","previousOperationId":"pw8r5nun2s1221i"}
{"type":"log","timestamp":1719008017489,"level":"info","message":"pdf-utils is starting pdf processing","meta":{"rootId":"sffalqwc6vcbel4","id":"sffalqwc6vcbel4"},"id":"pnzb0me8w556egx","previousOperationId":"pw8r5nun2s1221i"}
{"type":"operationStart","subtype":"pdfUtils","name":"pdf utils","timestamp":1719008017489,"id":"epo8r8rlu3n2urw","previousEventId":"of90s0v85k29e5a","operationId":"2nimu5dzwn1ys75","previousOperationId":"pw8r5nun2s1221i"}
{"type":"log","timestamp":1719008017490,"level":"debug","message":"pdf-utils detected 1 pdf operation(s) to process","meta":{"rootId":"sffalqwc6vcbel4","id":"sffalqwc6vcbel4"},"id":"m2yrpb5wsjn1bxs","previousOperationId":"2nimu5dzwn1ys75"}
{"type":"log","timestamp":1719008017504,"level":"debug","message":"pdf-utils running pdf operation merge","meta":{"rootId":"sffalqwc6vcbel4","id":"sffalqwc6vcbel4"},"id":"tzmh51ubdpsls3h","previousOperationId":"2nimu5dzwn1ys75"}
{"type":"operationStart","subtype":"pdfUtilsMerge","name":"pdf utils merge","previousOperationId":"2nimu5dzwn1ys75","timestamp":1719008017504,"id":"9fkhlrpowhup7lc","previousEventId":"epo8r8rlu3n2urw","operationId":"mjrufb6z8a3nl5n"}
{"type":"operationStart","subtype":"render","name":"anonymous","previousOperationId":"mjrufb6z8a3nl5n","timestamp":1719008017504,"id":"acjwowqgvt85ycz","previousEventId":"9fkhlrpowhup7lc","operationId":"7kila7xjscs5mdz"}
{"type":"log","timestamp":1719008017504,"level":"info","message":"Starting rendering (child) request","meta":{"rootId":"sffalqwc6vcbel4","id":"bt3vr4wglbtxahv"},"id":"2fsr1yg1q8ieeo1","previousOperationId":"7kila7xjscs5mdz"}
{"type":"log","timestamp":1719008017504,"level":"info","message":"Rendering anonymous template { recipe: chrome-pdf, engine: handlebars }","meta":{"rootId":"sffalqwc6vcbel4","id":"bt3vr4wglbtxahv"},"id":"n618rrde882fl9g","previousOperationId":"7kila7xjscs5mdz"}
{"type":"log","timestamp":1719008017504,"level":"debug","message":"Inline data specified.","meta":{"rootId":"sffalqwc6vcbel4","id":"bt3vr4wglbtxahv"},"id":"yf2ak6tqy9efghd","previousOperationId":"7kila7xjscs5mdz"}
{"type":"log","timestamp":1719008017504,"level":"debug","message":"Base url not specified, skipping its injection.","meta":{"rootId":"sffalqwc6vcbel4","id":"bt3vr4wglbtxahv"},"id":"yg7ijz1m27qzw5b","previousOperationId":"7kila7xjscs5mdz"}
{"type":"operationStart","subtype":"engine","name":"handlebars","timestamp":1719008017504,"id":"utfs6xiyh1qaus4","previousEventId":"acjwowqgvt85ycz","operationId":"rk68kc75ekdtzje","previousOperationId":"7kila7xjscs5mdz"}
{"type":"log","timestamp":1719008017504,"level":"debug","message":"Rendering engine handlebars","meta":{"rootId":"sffalqwc6vcbel4","id":"bt3vr4wglbtxahv"},"id":"xk0ee09bbujyoqa","previousOperationId":"rk68kc75ekdtzje"}
{"type":"operationEnd","operationId":"rk68kc75ekdtzje","timestamp":1719008017506,"id":"i5axwu7a94on4ig","previousEventId":"utfs6xiyh1qaus4","previousOperationId":"rk68kc75ekdtzje"}
{"type":"operationStart","subtype":"recipe","name":"chrome-pdf","timestamp":1719008017506,"id":"7xt4k3spgaa6qgf","previousEventId":"i5axwu7a94on4ig","operationId":"5emppyeq9qa0jbo","previousOperationId":"rk68kc75ekdtzje"}
{"type":"log","timestamp":1719008017506,"level":"debug","message":"Executing recipe chrome-pdf","meta":{"rootId":"sffalqwc6vcbel4","id":"bt3vr4wglbtxahv"},"id":"vr79ogkm3asthcn","previousOperationId":"5emppyeq9qa0jbo"}
{"type":"log","timestamp":1719008017506,"level":"debug","message":"Converting with chrome Chrome/126.0.6478.61 using chrome-pool strategy","meta":{"rootId":"sffalqwc6vcbel4","id":"bt3vr4wglbtxahv"},"id":"s2bmi0550w0d0wk","previousOperationId":"5emppyeq9qa0jbo"}
{"type":"log","timestamp":1719008017570,"level":"debug","message":"Page request: GET (document) file:///var/folders/2x/1bhfw9mx7d775w_jmf56lcp80000gn/T/jsreport/autocleanup/113de3af-5075-4034-a252-d23d52da75c7-chrome-pdf.html","meta":{"rootId":"sffalqwc6vcbel4","id":"bt3vr4wglbtxahv"},"id":"oqybja3rgpapyn5","previousOperationId":"5emppyeq9qa0jbo"}
{"type":"log","timestamp":1719008017576,"level":"debug","message":"Page request finished: GET (document) 200 file:///var/folders/2x/1bhfw9mx7d775w_jmf56lcp80000gn/T/jsreport/autocleanup/113de3af-5075-4034-a252-d23d52da75c7-chrome-pdf.html","meta":{"rootId":"sffalqwc6vcbel4","id":"bt3vr4wglbtxahv"},"id":"22gisgl6myq8e89","previousOperationId":"5emppyeq9qa0jbo"}
{"type":"log","timestamp":1719008017577,"level":"debug","message":"Running chrome with params {\"timeout\":59103,\"margin\":{},\"printBackground\":true}","meta":{"rootId":"sffalqwc6vcbel4","id":"bt3vr4wglbtxahv"},"id":"i0jgvgd5jpnemd6","previousOperationId":"5emppyeq9qa0jbo"}
{"type":"operationEnd","operationId":"5emppyeq9qa0jbo","timestamp":1719008017614,"id":"8lrcdgdwfppgvxj","previousEventId":"7xt4k3spgaa6qgf","previousOperationId":"5emppyeq9qa0jbo"}
{"type":"log","timestamp":1719008017614,"level":"debug","message":"Skipping storing report.","meta":{"rootId":"sffalqwc6vcbel4","id":"bt3vr4wglbtxahv"},"id":"xy57q9vc3f4i3en","previousOperationId":"5emppyeq9qa0jbo"}
{"type":"log","timestamp":1719008017614,"level":"info","message":"Rendering (child) request finished in 1005 ms","meta":{"rootId":"sffalqwc6vcbel4","id":"bt3vr4wglbtxahv"},"id":"243djozkf9xhsag","previousOperationId":"5emppyeq9qa0jbo"}
{"type":"operationEnd","subtype":"render","operationId":"7kila7xjscs5mdz","timestamp":1719008017614,"id":"en9f23wjc7p0cq8","previousEventId":"8lrcdgdwfppgvxj","previousOperationId":"5emppyeq9qa0jbo"}
{"type":"operationEnd","operationId":"mjrufb6z8a3nl5n","timestamp":1719008017623,"id":"fbjgw4poe0ricbr","previousEventId":"9fkhlrpowhup7lc","previousOperationId":"mjrufb6z8a3nl5n"}
{"type":"log","timestamp":1719008017623,"level":"debug","message":"pdf-utils postprocess start","meta":{"rootId":"sffalqwc6vcbel4","id":"sffalqwc6vcbel4"},"id":"0amanotzgeme1a3","previousOperationId":"mjrufb6z8a3nl5n"}
{"type":"log","timestamp":1719008017634,"level":"debug","message":"pdf-utils postprocess end","meta":{"rootId":"sffalqwc6vcbel4","id":"sffalqwc6vcbel4"},"id":"2eb044y43cltjap","previousOperationId":"mjrufb6z8a3nl5n"}
{"type":"operationEnd","operationId":"2nimu5dzwn1ys75","timestamp":1719008017634,"id":"ap38cg5dmqs555g","previousEventId":"fbjgw4poe0ricbr","previousOperationId":"mjrufb6z8a3nl5n"}
{"type":"log","timestamp":1719008017635,"level":"info","message":"pdf-utils pdf processing was finished","meta":{"rootId":"sffalqwc6vcbel4","id":"sffalqwc6vcbel4"},"id":"busrcqiwzq8op3q","previousOperationId":"2nimu5dzwn1ys75"}
{"type":"log","timestamp":1719008017635,"level":"debug","message":"Skipping storing report.","meta":{"rootId":"sffalqwc6vcbel4","id":"sffalqwc6vcbel4"},"id":"1vqs4r4ebr5lxrr","previousOperationId":"2nimu5dzwn1ys75"}
{"type":"log","timestamp":1719008017635,"level":"info","message":"Rendering request 143 finished in 1026 ms","meta":{"rootId":"sffalqwc6vcbel4","id":"sffalqwc6vcbel4"},"id":"4loda2l0c5598g1","previousOperationId":"2nimu5dzwn1ys75"}
{"type":"operationEnd","subtype":"render","operationId":"ospr1wp47dvzr0e","timestamp":1719008017635,"id":"zd3ge8wfs14pwsv","previousEventId":"ap38cg5dmqs555g","previousOperationId":"2nimu5dzwn1ys75"}
{"type":"operationEnd","doDiffs":false,"previousEventId":"y5fn2mz87tlia1q","previousOperationId":"z65361iuvuotxig","operationId":"z65361iuvuotxig","timestamp":1719008017635,"id":"sz1sqzxqhpe94h7"}
