{"type":"operationStart","subtype":"profile","data":{"_id":"YVp0rDOPIJUBsW7f","timestamp":"2024-06-21T15:30:24.850Z","state":"queued","mode":"standard","creationDate":"2024-06-21T15:30:24.850Z","modificationDate":"2024-06-21T15:30:24.850Z","shortid":"rJ6OF1j","$entitySet":"profiles"},"doDiffs":false,"timestamp":1718983824850,"id":"7mrkplxp83v99h1","previousOperationId":null,"operationId":"oi3t1tnb3k3vlp0"}
{"type":"log","level":"info","message":"Render request 2 queued for execution and waiting for available worker","previousOperationId":"oi3t1tnb3k3vlp0","timestamp":1718983824850,"id":"zo5ezwsdqcntty2"}
{"type":"operationStart","subtype":"render","name":"anonymous","previousOperationId":"oi3t1tnb3k3vlp0","timestamp":1718983824863,"id":"7erfj8h4w3ru37v","previousEventId":"7mrkplxp83v99h1","operationId":"9rbucl9powmzd1g"}
{"type":"log","timestamp":1718983824864,"level":"info","message":"Starting rendering request 2","meta":{"rootId":"sjfozm7w8u8m3qo","id":"sjfozm7w8u8m3qo"},"id":"zcisx5olt1j11g6","previousOperationId":"9rbucl9powmzd1g"}
{"type":"log","timestamp":1718983824864,"level":"info","message":"Rendering anonymous template { recipe: chrome-pdf, engine: handlebars }","meta":{"rootId":"sjfozm7w8u8m3qo","id":"sjfozm7w8u8m3qo"},"id":"52fcvuperovgnq7","previousOperationId":"9rbucl9powmzd1g"}
{"type":"log","timestamp":1718983824864,"level":"debug","message":"Inline data specified.","meta":{"rootId":"sjfozm7w8u8m3qo","id":"sjfozm7w8u8m3qo"},"id":"3m5wvkamzdcc7wc","previousOperationId":"9rbucl9powmzd1g"}
{"type":"log","timestamp":1718983824866,"level":"debug","message":"Base url not specified, skipping its injection.","meta":{"rootId":"sjfozm7w8u8m3qo","id":"sjfozm7w8u8m3qo"},"id":"udhtf5r2wd1jmz3","previousOperationId":"9rbucl9powmzd1g"}
{"type":"operationStart","subtype":"engine","name":"handlebars","timestamp":1718983824867,"id":"3epy9jolw3x2s0n","previousEventId":"7erfj8h4w3ru37v","operationId":"tgnp1hfy1zr9lg2","previousOperationId":"9rbucl9powmzd1g"}
{"type":"log","timestamp":1718983824868,"level":"debug","message":"Rendering engine handlebars","meta":{"rootId":"sjfozm7w8u8m3qo","id":"sjfozm7w8u8m3qo"},"id":"p6jm8il3g3nxuwp","previousOperationId":"tgnp1hfy1zr9lg2"}
{"type":"operationEnd","operationId":"tgnp1hfy1zr9lg2","timestamp":1718983825221,"id":"81x76n1ir8b6jkw","previousEventId":"3epy9jolw3x2s0n","previousOperationId":"tgnp1hfy1zr9lg2"}
{"type":"operationStart","subtype":"recipe","name":"chrome-pdf","timestamp":1718983825221,"id":"mdzehcpgc5jgvfn","previousEventId":"81x76n1ir8b6jkw","operationId":"x3vu769wylb26r6","previousOperationId":"tgnp1hfy1zr9lg2"}
{"type":"log","timestamp":1718983825221,"level":"debug","message":"Executing recipe chrome-pdf","meta":{"rootId":"sjfozm7w8u8m3qo","id":"sjfozm7w8u8m3qo"},"id":"uv7rdc1j7yv5yzl","previousOperationId":"x3vu769wylb26r6"}
{"type":"log","timestamp":1718983826542,"level":"debug","message":"Converting with chrome Chrome/126.0.6478.61 using chrome-pool strategy","meta":{"rootId":"sjfozm7w8u8m3qo","id":"sjfozm7w8u8m3qo"},"id":"e3cm5y32s1kldlf","previousOperationId":"x3vu769wylb26r6"}
{"type":"log","timestamp":1718983827001,"level":"debug","message":"Page request: GET (document) file:///var/folders/2x/1bhfw9mx7d775w_jmf56lcp80000gn/T/jsreport/autocleanup/aef74a68-8558-49eb-9322-d2cf430d4b6e-chrome-pdf.html","meta":{"rootId":"sjfozm7w8u8m3qo","id":"sjfozm7w8u8m3qo"},"id":"i91zurzfnokbire","previousOperationId":"x3vu769wylb26r6"}
{"type":"log","timestamp":1718983827009,"level":"debug","message":"Page request finished: GET (document) 200 file:///var/folders/2x/1bhfw9mx7d775w_jmf56lcp80000gn/T/jsreport/autocleanup/aef74a68-8558-49eb-9322-d2cf430d4b6e-chrome-pdf.html","meta":{"rootId":"sjfozm7w8u8m3qo","id":"sjfozm7w8u8m3qo"},"id":"glkqw4tdi8b55wf","previousOperationId":"x3vu769wylb26r6"}
{"type":"log","timestamp":1718983827010,"level":"debug","message":"Page request: GET (stylesheet) https://fonts.googleapis.com/css?family=Montserrat","meta":{"rootId":"sjfozm7w8u8m3qo","id":"sjfozm7w8u8m3qo"},"id":"nnq3xjem1y5fg6y","previousOperationId":"x3vu769wylb26r6"}
{"type":"log","timestamp":1718983827010,"level":"debug","message":"Page request: GET (image) https://ciam-api.hcg.gob.mx/img/ciam_letra.png","meta":{"rootId":"sjfozm7w8u8m3qo","id":"sjfozm7w8u8m3qo"},"id":"4xgg56ar9sa21z9","previousOperationId":"x3vu769wylb26r6"}
{"type":"log","timestamp":1718983827011,"level":"debug","message":"Page request: GET (image) https://ciam-api.hcg.gob.mx/img/cienf_letra.png","meta":{"rootId":"sjfozm7w8u8m3qo","id":"sjfozm7w8u8m3qo"},"id":"nnyh72tsxm0r6a6","previousOperationId":"x3vu769wylb26r6"}
{"type":"log","timestamp":1718983827012,"level":"debug","message":"Page request: GET (image) https://ciam-api.hcg.gob.mx/img/header_mailing.png","meta":{"rootId":"sjfozm7w8u8m3qo","id":"sjfozm7w8u8m3qo"},"id":"4tagr7j5snrw541","previousOperationId":"x3vu769wylb26r6"}
{"type":"log","timestamp":1718983827012,"level":"debug","message":"Page request: GET (image) https://ciam-api.hcg.gob.mx/img/fb2.png","meta":{"rootId":"sjfozm7w8u8m3qo","id":"sjfozm7w8u8m3qo"},"id":"haoqz0ztklv9wqh","previousOperationId":"x3vu769wylb26r6"}
{"type":"log","timestamp":1718983827012,"level":"debug","message":"Page request: GET (image) https://ciam-api.hcg.gob.mx/img/ig2.png","meta":{"rootId":"sjfozm7w8u8m3qo","id":"sjfozm7w8u8m3qo"},"id":"dru7p0v8zug03cx","previousOperationId":"x3vu769wylb26r6"}
{"type":"log","timestamp":1718983827012,"level":"debug","message":"Page request: GET (image) https://ciam-api.hcg.gob.mx/img/tw2.png","meta":{"rootId":"sjfozm7w8u8m3qo","id":"sjfozm7w8u8m3qo"},"id":"1357ozrogxtu5dt","previousOperationId":"x3vu769wylb26r6"}
{"type":"log","timestamp":1718983827013,"level":"debug","message":"Page request: GET (image) https://ciam-api.hcg.gob.mx/img/yt2.png","meta":{"rootId":"sjfozm7w8u8m3qo","id":"sjfozm7w8u8m3qo"},"id":"czc2b66x9nh4p0y","previousOperationId":"x3vu769wylb26r6"}
{"type":"log","timestamp":1718983827013,"level":"debug","message":"Page request: GET (image) https://ciam-api.hcg.gob.mx/img/wp.png","meta":{"rootId":"sjfozm7w8u8m3qo","id":"sjfozm7w8u8m3qo"},"id":"v1lyy8edz0e9pxz","previousOperationId":"x3vu769wylb26r6"}
{"type":"log","timestamp":1718983827013,"level":"debug","message":"Page request: GET (image) https://ciam-api.hcg.gob.mx/img/tlg2.png","meta":{"rootId":"sjfozm7w8u8m3qo","id":"sjfozm7w8u8m3qo"},"id":"o2ewquxna2yc2wd","previousOperationId":"x3vu769wylb26r6"}
{"type":"log","timestamp":1718983827013,"level":"debug","message":"Page request: GET (image) https://ciam-api.hcg.gob.mx/img/logo_udgblanco.png","meta":{"rootId":"sjfozm7w8u8m3qo","id":"sjfozm7w8u8m3qo"},"id":"xx36muo8s5crg8q","previousOperationId":"x3vu769wylb26r6"}
{"type":"log","timestamp":1718983827013,"level":"debug","message":"Page request: GET (image) https://ciam-api.hcg.gob.mx/img/logo_hcgblanco.png","meta":{"rootId":"sjfozm7w8u8m3qo","id":"sjfozm7w8u8m3qo"},"id":"jftplc3hxpe6hcd","previousOperationId":"x3vu769wylb26r6"}
{"type":"log","timestamp":1718983827179,"level":"debug","message":"Page request finished: GET (stylesheet) 200 https://fonts.googleapis.com/css?family=Montserrat","meta":{"rootId":"sjfozm7w8u8m3qo","id":"sjfozm7w8u8m3qo"},"id":"jf732ccsrxlsgfg","previousOperationId":"x3vu769wylb26r6"}
{"type":"log","timestamp":1718983827431,"level":"debug","message":"Page request finished: GET (image) 200 https://ciam-api.hcg.gob.mx/img/fb2.png","meta":{"rootId":"sjfozm7w8u8m3qo","id":"sjfozm7w8u8m3qo"},"id":"1urunvdwi6ojcef","previousOperationId":"x3vu769wylb26r6"}
{"type":"log","timestamp":1718983827431,"level":"debug","message":"Page request finished: GET (image) 200 https://ciam-api.hcg.gob.mx/img/ig2.png","meta":{"rootId":"sjfozm7w8u8m3qo","id":"sjfozm7w8u8m3qo"},"id":"jgf2wnw381udn3d","previousOperationId":"x3vu769wylb26r6"}
{"type":"log","timestamp":1718983827498,"level":"debug","message":"Page request finished: GET (image) 200 https://ciam-api.hcg.gob.mx/img/logo_udgblanco.png","meta":{"rootId":"sjfozm7w8u8m3qo","id":"sjfozm7w8u8m3qo"},"id":"xtxxopmbmvaj26x","previousOperationId":"x3vu769wylb26r6"}
{"type":"log","timestamp":1718983827500,"level":"debug","message":"Page request finished: GET (image) 200 https://ciam-api.hcg.gob.mx/img/cienf_letra.png","meta":{"rootId":"sjfozm7w8u8m3qo","id":"sjfozm7w8u8m3qo"},"id":"xxvoqo62x3oe8ta","previousOperationId":"x3vu769wylb26r6"}
{"type":"log","timestamp":1718983827505,"level":"debug","message":"Page request finished: GET (image) 200 https://ciam-api.hcg.gob.mx/img/yt2.png","meta":{"rootId":"sjfozm7w8u8m3qo","id":"sjfozm7w8u8m3qo"},"id":"5qxorxtdicgczi3","previousOperationId":"x3vu769wylb26r6"}
{"type":"log","timestamp":1718983827505,"level":"debug","message":"Page request finished: GET (image) 200 https://ciam-api.hcg.gob.mx/img/tw2.png","meta":{"rootId":"sjfozm7w8u8m3qo","id":"sjfozm7w8u8m3qo"},"id":"a1s26efflawq2sh","previousOperationId":"x3vu769wylb26r6"}
{"type":"log","timestamp":1718983827572,"level":"debug","message":"Page request finished: GET (image) 200 https://ciam-api.hcg.gob.mx/img/wp.png","meta":{"rootId":"sjfozm7w8u8m3qo","id":"sjfozm7w8u8m3qo"},"id":"gpvhb197isiuahf","previousOperationId":"x3vu769wylb26r6"}
{"type":"log","timestamp":1718983827573,"level":"debug","message":"Page request finished: GET (image) 200 https://ciam-api.hcg.gob.mx/img/ciam_letra.png","meta":{"rootId":"sjfozm7w8u8m3qo","id":"sjfozm7w8u8m3qo"},"id":"g7pmjxdpirmwj6h","previousOperationId":"x3vu769wylb26r6"}
{"type":"log","timestamp":1718983827575,"level":"debug","message":"Page request finished: GET (image) 200 https://ciam-api.hcg.gob.mx/img/tlg2.png","meta":{"rootId":"sjfozm7w8u8m3qo","id":"sjfozm7w8u8m3qo"},"id":"w3bc4tdxmv9rkjo","previousOperationId":"x3vu769wylb26r6"}
{"type":"log","timestamp":1718983827653,"level":"debug","message":"Page request finished: GET (image) 200 https://ciam-api.hcg.gob.mx/img/logo_hcgblanco.png","meta":{"rootId":"sjfozm7w8u8m3qo","id":"sjfozm7w8u8m3qo"},"id":"kk53g1u6mgckldo","previousOperationId":"x3vu769wylb26r6"}
{"type":"log","timestamp":1718983827867,"level":"debug","message":"Page request finished: GET (image) 200 https://ciam-api.hcg.gob.mx/img/header_mailing.png","meta":{"rootId":"sjfozm7w8u8m3qo","id":"sjfozm7w8u8m3qo"},"id":"qrqb3v60g3t2fd3","previousOperationId":"x3vu769wylb26r6"}
{"type":"log","timestamp":1718983827869,"level":"debug","message":"Running chrome with params {\"timeout\":59396,\"margin\":{},\"printBackground\":true}","meta":{"rootId":"sjfozm7w8u8m3qo","id":"sjfozm7w8u8m3qo"},"id":"tl1mid0c261j1lu","previousOperationId":"x3vu769wylb26r6"}
{"type":"operationEnd","operationId":"x3vu769wylb26r6","timestamp":1718983828021,"id":"yd2odsvwn2dvaty","previousEventId":"mdzehcpgc5jgvfn","previousOperationId":"x3vu769wylb26r6"}
{"type":"log","timestamp":1718983828021,"level":"debug","message":"Skipping storing report.","meta":{"rootId":"sjfozm7w8u8m3qo","id":"sjfozm7w8u8m3qo"},"id":"5mefeie0iwbczie","previousOperationId":"x3vu769wylb26r6"}
{"type":"log","timestamp":1718983828021,"level":"info","message":"Rendering request 2 finished in 3172 ms","meta":{"rootId":"sjfozm7w8u8m3qo","id":"sjfozm7w8u8m3qo"},"id":"jyxzrbav7losenq","previousOperationId":"x3vu769wylb26r6"}
{"type":"operationEnd","subtype":"render","operationId":"9rbucl9powmzd1g","timestamp":1718983828021,"id":"76i8deixrvrts5j","previousEventId":"yd2odsvwn2dvaty","previousOperationId":"x3vu769wylb26r6"}
{"type":"operationEnd","doDiffs":false,"previousEventId":"7mrkplxp83v99h1","previousOperationId":"oi3t1tnb3k3vlp0","operationId":"oi3t1tnb3k3vlp0","timestamp":1718983828023,"id":"hc2oauh3tzhjj42"}
