{"type":"operationStart","subtype":"profile","data":{"_id":"7YM5KikVmT5SFtuH","timestamp":"2024-06-21T21:54:59.871Z","state":"queued","mode":"standard","creationDate":"2024-06-21T21:54:59.873Z","modificationDate":"2024-06-21T21:54:59.873Z","shortid":"82tkSYb","$entitySet":"profiles"},"doDiffs":false,"timestamp":1719006899872,"id":"cd2an2uyotmrqa0","previousOperationId":null,"operationId":"ghqqow3lafp8q62"}
{"type":"log","level":"info","message":"Render request 122 queued for execution and waiting for available worker","previousOperationId":"ghqqow3lafp8q62","timestamp":1719006899872,"id":"n1cvv7r0te5fjpv"}
{"type":"operationStart","subtype":"render","name":"anonymous","previousOperationId":"ghqqow3lafp8q62","timestamp":1719006899878,"id":"ynh6vv7ukx05njw","previousEventId":"cd2an2uyotmrqa0","operationId":"qqqtsdkfbqtflq5"}
{"type":"log","timestamp":1719006899878,"level":"info","message":"Starting rendering request 122","meta":{"rootId":"sp9id43ddc2zs1o","id":"sp9id43ddc2zs1o"},"id":"m1bhflvc4hw34mm","previousOperationId":"qqqtsdkfbqtflq5"}
{"type":"log","timestamp":1719006899878,"level":"info","message":"Rendering anonymous template { recipe: chrome-pdf, engine: handlebars }","meta":{"rootId":"sp9id43ddc2zs1o","id":"sp9id43ddc2zs1o"},"id":"26wb05buo0fzddb","previousOperationId":"qqqtsdkfbqtflq5"}
{"type":"log","timestamp":1719006899878,"level":"debug","message":"Inline data specified.","meta":{"rootId":"sp9id43ddc2zs1o","id":"sp9id43ddc2zs1o"},"id":"zqaxwwls6hh26cf","previousOperationId":"qqqtsdkfbqtflq5"}
{"type":"log","timestamp":1719006899880,"level":"debug","message":"Base url not specified, skipping its injection.","meta":{"rootId":"sp9id43ddc2zs1o","id":"sp9id43ddc2zs1o"},"id":"ylo59nekea3wmj6","previousOperationId":"qqqtsdkfbqtflq5"}
{"type":"operationStart","subtype":"engine","name":"handlebars","timestamp":1719006899881,"id":"zq2z8g7v5qpbdat","previousEventId":"ynh6vv7ukx05njw","operationId":"sjdbb3wddsjakoz","previousOperationId":"qqqtsdkfbqtflq5"}
{"type":"log","timestamp":1719006899881,"level":"debug","message":"Rendering engine handlebars","meta":{"rootId":"sp9id43ddc2zs1o","id":"sp9id43ddc2zs1o"},"id":"a2ejneeha6fkbzx","previousOperationId":"sjdbb3wddsjakoz"}
{"type":"log","timestamp":1719006899886,"level":"debug","message":"(console:log) Pdf utils adding group field, value: \"France\"","meta":{"userLevel":true,"rootId":"sp9id43ddc2zs1o","id":"sp9id43ddc2zs1o"},"id":"ykueu96x0pgy77v","previousOperationId":"sjdbb3wddsjakoz"}
{"type":"log","timestamp":1719006899887,"level":"debug","message":"(console:log) Pdf utils adding group field, value: \"Germany\"","meta":{"userLevel":true,"rootId":"sp9id43ddc2zs1o","id":"sp9id43ddc2zs1o"},"id":"w6r1i4dvcu997xw","previousOperationId":"sjdbb3wddsjakoz"}
{"type":"operationEnd","operationId":"sjdbb3wddsjakoz","timestamp":1719006899887,"id":"3vt935uhteaz5xz","previousEventId":"zq2z8g7v5qpbdat","previousOperationId":"sjdbb3wddsjakoz"}
{"type":"operationStart","subtype":"recipe","name":"chrome-pdf","timestamp":1719006899888,"id":"7lrb7w0tzgez4g0","previousEventId":"3vt935uhteaz5xz","operationId":"fg5rffgr438qqj9","previousOperationId":"sjdbb3wddsjakoz"}
{"type":"log","timestamp":1719006899888,"level":"debug","message":"Executing recipe chrome-pdf","meta":{"rootId":"sp9id43ddc2zs1o","id":"sp9id43ddc2zs1o"},"id":"gpjqh4045z3fpn1","previousOperationId":"fg5rffgr438qqj9"}
{"type":"log","timestamp":1719006899889,"level":"debug","message":"Starting child request to render pdf header","meta":{"rootId":"sp9id43ddc2zs1o","id":"sp9id43ddc2zs1o"},"id":"c0ijy9xjh2tfalw","previousOperationId":"fg5rffgr438qqj9"}
{"type":"operationStart","subtype":"render","name":"anonymous","previousOperationId":"fg5rffgr438qqj9","timestamp":1719006899889,"id":"znsynaslidbxrcz","previousEventId":"7lrb7w0tzgez4g0","operationId":"aniclg9uwq8cn1z"}
{"type":"log","timestamp":1719006899889,"level":"info","message":"Starting rendering (child) request","meta":{"rootId":"sp9id43ddc2zs1o","id":"l5ysrs5mphgs161"},"id":"f43ng969d01awlf","previousOperationId":"aniclg9uwq8cn1z"}
{"type":"log","timestamp":1719006899889,"level":"info","message":"Rendering anonymous template { recipe: html, engine: handlebars }","meta":{"rootId":"sp9id43ddc2zs1o","id":"l5ysrs5mphgs161"},"id":"wfe4jggvx3a9ylb","previousOperationId":"aniclg9uwq8cn1z"}
{"type":"log","timestamp":1719006899889,"level":"debug","message":"Inline data specified.","meta":{"rootId":"sp9id43ddc2zs1o","id":"l5ysrs5mphgs161"},"id":"vrw9fea6pn4p8rj","previousOperationId":"aniclg9uwq8cn1z"}
{"type":"log","timestamp":1719006899890,"level":"debug","message":"Base url not specified, skipping its injection.","meta":{"rootId":"sp9id43ddc2zs1o","id":"l5ysrs5mphgs161"},"id":"f0jfqkh5pyx4wdy","previousOperationId":"aniclg9uwq8cn1z"}
{"type":"operationStart","subtype":"engine","name":"handlebars","timestamp":1719006899890,"id":"yarh7r5i2e7r18i","previousEventId":"znsynaslidbxrcz","operationId":"c0ueqwfvbcahcg2","previousOperationId":"aniclg9uwq8cn1z"}
{"type":"log","timestamp":1719006899890,"level":"debug","message":"Rendering engine handlebars","meta":{"rootId":"sp9id43ddc2zs1o","id":"l5ysrs5mphgs161"},"id":"h57l4mejj8auucv","previousOperationId":"c0ueqwfvbcahcg2"}
{"type":"operationEnd","operationId":"c0ueqwfvbcahcg2","timestamp":1719006899893,"id":"t17nc1tw2heqisv","previousEventId":"yarh7r5i2e7r18i","previousOperationId":"c0ueqwfvbcahcg2"}
{"type":"operationStart","subtype":"recipe","name":"html","timestamp":1719006899893,"id":"9gtxfkxwc24c9lh","previousEventId":"t17nc1tw2heqisv","operationId":"lyz340vu4huxgzn","previousOperationId":"c0ueqwfvbcahcg2"}
{"type":"log","timestamp":1719006899893,"level":"debug","message":"Executing recipe html","meta":{"rootId":"sp9id43ddc2zs1o","id":"l5ysrs5mphgs161"},"id":"3e6cl0ur0eprvwh","previousOperationId":"lyz340vu4huxgzn"}
{"type":"operationEnd","operationId":"lyz340vu4huxgzn","timestamp":1719006899893,"id":"g6ixfccj0z9t803","previousEventId":"9gtxfkxwc24c9lh","previousOperationId":"lyz340vu4huxgzn"}
{"type":"log","timestamp":1719006899893,"level":"debug","message":"Skipping storing report.","meta":{"rootId":"sp9id43ddc2zs1o","id":"l5ysrs5mphgs161"},"id":"73liddrer141rme","previousOperationId":"lyz340vu4huxgzn"}
{"type":"log","timestamp":1719006899893,"level":"info","message":"Rendering (child) request finished in 22 ms","meta":{"rootId":"sp9id43ddc2zs1o","id":"l5ysrs5mphgs161"},"id":"ts5darc99cu7xlp","previousOperationId":"lyz340vu4huxgzn"}
{"type":"operationEnd","subtype":"render","operationId":"aniclg9uwq8cn1z","timestamp":1719006899893,"id":"6camzfrbkhs1gxf","previousEventId":"g6ixfccj0z9t803","previousOperationId":"lyz340vu4huxgzn"}
{"type":"log","timestamp":1719006899893,"level":"debug","message":"Starting child request to render pdf footer","meta":{"rootId":"sp9id43ddc2zs1o","id":"sp9id43ddc2zs1o"},"id":"egiuqut2htjapkw","previousOperationId":"fg5rffgr438qqj9"}
{"type":"operationStart","subtype":"render","name":"anonymous","previousOperationId":"fg5rffgr438qqj9","timestamp":1719006899893,"id":"57c5f60k9knikjv","previousEventId":"7lrb7w0tzgez4g0","operationId":"hul5devmixo4unw"}
{"type":"log","timestamp":1719006899893,"level":"info","message":"Starting rendering (child) request","meta":{"rootId":"sp9id43ddc2zs1o","id":"0eapwfudh4pefab"},"id":"jlh3uksmhv65ny4","previousOperationId":"hul5devmixo4unw"}
{"type":"log","timestamp":1719006899893,"level":"info","message":"Rendering anonymous template { recipe: html, engine: handlebars }","meta":{"rootId":"sp9id43ddc2zs1o","id":"0eapwfudh4pefab"},"id":"chvdpzlnuctrvka","previousOperationId":"hul5devmixo4unw"}
{"type":"log","timestamp":1719006899893,"level":"debug","message":"Inline data specified.","meta":{"rootId":"sp9id43ddc2zs1o","id":"0eapwfudh4pefab"},"id":"zb2t3s8htpc4bk6","previousOperationId":"hul5devmixo4unw"}
{"type":"log","timestamp":1719006899893,"level":"debug","message":"Base url not specified, skipping its injection.","meta":{"rootId":"sp9id43ddc2zs1o","id":"0eapwfudh4pefab"},"id":"v0db3do88q9wunn","previousOperationId":"hul5devmixo4unw"}
{"type":"operationStart","subtype":"engine","name":"handlebars","timestamp":1719006899893,"id":"sujuwd35sl54mgt","previousEventId":"57c5f60k9knikjv","operationId":"mgbetg7rtm9zzel","previousOperationId":"hul5devmixo4unw"}
{"type":"log","timestamp":1719006899893,"level":"debug","message":"Rendering engine handlebars","meta":{"rootId":"sp9id43ddc2zs1o","id":"0eapwfudh4pefab"},"id":"bf1nd9f5qvhgh8m","previousOperationId":"mgbetg7rtm9zzel"}
{"type":"operationEnd","operationId":"mgbetg7rtm9zzel","timestamp":1719006899895,"id":"fipgwczwv5k3p84","previousEventId":"sujuwd35sl54mgt","previousOperationId":"mgbetg7rtm9zzel"}
{"type":"operationStart","subtype":"recipe","name":"html","timestamp":1719006899895,"id":"zzqjcr1p5bdyy5d","previousEventId":"fipgwczwv5k3p84","operationId":"tjxbuknzhva85ct","previousOperationId":"mgbetg7rtm9zzel"}
{"type":"log","timestamp":1719006899895,"level":"debug","message":"Executing recipe html","meta":{"rootId":"sp9id43ddc2zs1o","id":"0eapwfudh4pefab"},"id":"9qxoabb7bsgpn6p","previousOperationId":"tjxbuknzhva85ct"}
{"type":"operationEnd","operationId":"tjxbuknzhva85ct","timestamp":1719006899895,"id":"z2r34vwjk4fn9lo","previousEventId":"zzqjcr1p5bdyy5d","previousOperationId":"tjxbuknzhva85ct"}
{"type":"log","timestamp":1719006899895,"level":"debug","message":"Skipping storing report.","meta":{"rootId":"sp9id43ddc2zs1o","id":"0eapwfudh4pefab"},"id":"q4trtwpaigfwxu4","previousOperationId":"tjxbuknzhva85ct"}
{"type":"log","timestamp":1719006899895,"level":"info","message":"Rendering (child) request finished in 24 ms","meta":{"rootId":"sp9id43ddc2zs1o","id":"0eapwfudh4pefab"},"id":"2jqse8tv22dejg1","previousOperationId":"tjxbuknzhva85ct"}
{"type":"operationEnd","subtype":"render","operationId":"hul5devmixo4unw","timestamp":1719006899895,"id":"m5zek4p9llz485t","previousEventId":"z2r34vwjk4fn9lo","previousOperationId":"tjxbuknzhva85ct"}
{"type":"log","timestamp":1719006899897,"level":"debug","message":"Converting with chrome Chrome/126.0.6478.61 using chrome-pool strategy","meta":{"rootId":"sp9id43ddc2zs1o","id":"sp9id43ddc2zs1o"},"id":"uo3pykovilbdmsa","previousOperationId":"fg5rffgr438qqj9"}
{"type":"log","timestamp":1719006899988,"level":"debug","message":"Page request: GET (document) file:///var/folders/2x/1bhfw9mx7d775w_jmf56lcp80000gn/T/jsreport/autocleanup/56b9d11e-9420-4ed0-9c46-e41008ca07b8-chrome-pdf.html","meta":{"rootId":"sp9id43ddc2zs1o","id":"sp9id43ddc2zs1o"},"id":"38laapkwbbz8jh8","previousOperationId":"fg5rffgr438qqj9"}
{"type":"log","timestamp":1719006899993,"level":"debug","message":"Page request finished: GET (document) 200 file:///var/folders/2x/1bhfw9mx7d775w_jmf56lcp80000gn/T/jsreport/autocleanup/56b9d11e-9420-4ed0-9c46-e41008ca07b8-chrome-pdf.html","meta":{"rootId":"sp9id43ddc2zs1o","id":"sp9id43ddc2zs1o"},"id":"u9ii1q8stv7pqhy","previousOperationId":"fg5rffgr438qqj9"}
{"type":"log","timestamp":1719006899993,"level":"debug","message":"Page request: GET (stylesheet) https://cdnjs.cloudflare.com/ajax/libs/metro/4.1.5/css/metro.min.css","meta":{"rootId":"sp9id43ddc2zs1o","id":"sp9id43ddc2zs1o"},"id":"v6t1sb6l5kzkjhn","previousOperationId":"fg5rffgr438qqj9"}
{"type":"log","timestamp":1719006899994,"level":"debug","message":"Page request: GET (script) https://cdnjs.cloudflare.com/ajax/libs/Chart.js/2.7.2/Chart.min.js","meta":{"rootId":"sp9id43ddc2zs1o","id":"sp9id43ddc2zs1o"},"id":"dikyvh4lt1aunor","previousOperationId":"fg5rffgr438qqj9"}
{"type":"log","timestamp":1719006900001,"level":"debug","message":"Page request finished: GET (stylesheet) 200 https://cdnjs.cloudflare.com/ajax/libs/metro/4.1.5/css/metro.min.css","meta":{"rootId":"sp9id43ddc2zs1o","id":"sp9id43ddc2zs1o"},"id":"epg40jfw1favftz","previousOperationId":"fg5rffgr438qqj9"}
{"type":"log","timestamp":1719006900002,"level":"debug","message":"Page request finished: GET (script) 200 https://cdnjs.cloudflare.com/ajax/libs/Chart.js/2.7.2/Chart.min.js","meta":{"rootId":"sp9id43ddc2zs1o","id":"sp9id43ddc2zs1o"},"id":"2q1asy8iwb9c4ka","previousOperationId":"fg5rffgr438qqj9"}
{"type":"log","timestamp":1719006900046,"level":"debug","message":"Running chrome with params {\"displayHeaderFooter\":true,\"headerTemplate\":\"...\",\"footerTemplate\":\"...\",\"marginTop\":\"4cm\",\"marginRight\":\"1.5cm\",\"marginLeft\":\"1.5cm\",\"marginBottom\":\"1.5cm\",\"timeout\":59976,\"margin\":{\"top\":\"4cm\",\"right\":\"1.5cm\",\"bottom\":\"1.5cm\",\"left\":\"1.5cm\"},\"printBackground\":true}","meta":{"rootId":"sp9id43ddc2zs1o","id":"sp9id43ddc2zs1o"},"id":"fwc8hodbt7crur8","previousOperationId":"fg5rffgr438qqj9"}
{"type":"operationEnd","operationId":"fg5rffgr438qqj9","timestamp":1719006900250,"id":"dkc0wlcu2oxumwv","previousEventId":"7lrb7w0tzgez4g0","previousOperationId":"fg5rffgr438qqj9"}
{"type":"log","timestamp":1719006900250,"level":"debug","message":"Skipping storing report.","meta":{"rootId":"sp9id43ddc2zs1o","id":"sp9id43ddc2zs1o"},"id":"otla9weghjgkwxs","previousOperationId":"fg5rffgr438qqj9"}
{"type":"log","timestamp":1719006900250,"level":"info","message":"Rendering request 122 finished in 379 ms","meta":{"rootId":"sp9id43ddc2zs1o","id":"sp9id43ddc2zs1o"},"id":"qeh2vwov4esg9bn","previousOperationId":"fg5rffgr438qqj9"}
{"type":"operationEnd","subtype":"render","operationId":"qqqtsdkfbqtflq5","timestamp":1719006900250,"id":"fau56d6krta4zh9","previousEventId":"dkc0wlcu2oxumwv","previousOperationId":"fg5rffgr438qqj9"}
{"type":"operationEnd","doDiffs":false,"previousEventId":"cd2an2uyotmrqa0","previousOperationId":"ghqqow3lafp8q62","operationId":"ghqqow3lafp8q62","timestamp":1719006900251,"id":"gpvdcz77x0vo042"}
