{"type":"operationStart","subtype":"profile","data":{"_id":"jV4vM80aWm5qp6WK","timestamp":"2024-06-22T14:46:58.625Z","state":"queued","mode":"standard","creationDate":"2024-06-22T14:46:58.627Z","modificationDate":"2024-06-22T14:46:58.627Z","shortid":"7QMSFOF","$entitySet":"profiles"},"doDiffs":false,"timestamp":1719067618626,"id":"538ofdiv1uv0h9m","previousOperationId":null,"operationId":"td5anj8n2ybp1xe"}
{"type":"log","level":"info","message":"Render request 184 queued for execution and waiting for available worker","previousOperationId":"td5anj8n2ybp1xe","timestamp":1719067618626,"id":"ax4fyydpg7junnt"}
{"type":"operationStart","subtype":"render","name":"anonymous","previousOperationId":"td5anj8n2ybp1xe","timestamp":1719067618632,"id":"8gcaeqn6t3b9z2j","previousEventId":"538ofdiv1uv0h9m","operationId":"jteo5ymfcug5xy2"}
{"type":"log","timestamp":1719067618632,"level":"info","message":"Starting rendering request 184","meta":{"rootId":"stsp6phcq3lf5lw","id":"stsp6phcq3lf5lw"},"id":"5mg25y825plw106","previousOperationId":"jteo5ymfcug5xy2"}
{"type":"log","timestamp":1719067618632,"level":"info","message":"Rendering anonymous template { recipe: chrome-pdf, engine: handlebars }","meta":{"rootId":"stsp6phcq3lf5lw","id":"stsp6phcq3lf5lw"},"id":"g8vzbwtzfbu5bs6","previousOperationId":"jteo5ymfcug5xy2"}
{"type":"log","timestamp":1719067618632,"level":"debug","message":"Inline data specified.","meta":{"rootId":"stsp6phcq3lf5lw","id":"stsp6phcq3lf5lw"},"id":"ick8wvzixtvvtmh","previousOperationId":"jteo5ymfcug5xy2"}
{"type":"log","timestamp":1719067618633,"level":"debug","message":"Base url not specified, skipping its injection.","meta":{"rootId":"stsp6phcq3lf5lw","id":"stsp6phcq3lf5lw"},"id":"xyu75vql2ht5iul","previousOperationId":"jteo5ymfcug5xy2"}
{"type":"operationStart","subtype":"engine","name":"handlebars","timestamp":1719067618633,"id":"sy0gfvk1i0r6u90","previousEventId":"8gcaeqn6t3b9z2j","operationId":"lqqv8uqv1q7m5nu","previousOperationId":"jteo5ymfcug5xy2"}
{"type":"log","timestamp":1719067618633,"level":"debug","message":"Rendering engine handlebars","meta":{"rootId":"stsp6phcq3lf5lw","id":"stsp6phcq3lf5lw"},"id":"o71i6rbx7hq8naw","previousOperationId":"lqqv8uqv1q7m5nu"}
{"type":"log","timestamp":1719067618645,"level":"debug","message":"(console:log) Pdf utils adding group field, value: \"France\"","meta":{"userLevel":true,"rootId":"stsp6phcq3lf5lw","id":"stsp6phcq3lf5lw"},"id":"iaqzp0hmhfyt60q","previousOperationId":"lqqv8uqv1q7m5nu"}
{"type":"log","timestamp":1719067618645,"level":"debug","message":"(console:log) Pdf utils adding group field, value: \"Germany\"","meta":{"userLevel":true,"rootId":"stsp6phcq3lf5lw","id":"stsp6phcq3lf5lw"},"id":"84yianzptwp5pg7","previousOperationId":"lqqv8uqv1q7m5nu"}
{"type":"operationEnd","operationId":"lqqv8uqv1q7m5nu","timestamp":1719067618646,"id":"qbrfsxfsc262new","previousEventId":"sy0gfvk1i0r6u90","previousOperationId":"lqqv8uqv1q7m5nu"}
{"type":"operationStart","subtype":"recipe","name":"chrome-pdf","timestamp":1719067618646,"id":"p4ebdel1l4dg30r","previousEventId":"qbrfsxfsc262new","operationId":"f64q4xb018qm26p","previousOperationId":"lqqv8uqv1q7m5nu"}
{"type":"log","timestamp":1719067618646,"level":"debug","message":"Executing recipe chrome-pdf","meta":{"rootId":"stsp6phcq3lf5lw","id":"stsp6phcq3lf5lw"},"id":"lrqc6nfeeh2nk73","previousOperationId":"f64q4xb018qm26p"}
{"type":"log","timestamp":1719067618650,"level":"debug","message":"Converting with chrome Chrome/126.0.6478.61 using chrome-pool strategy","meta":{"rootId":"stsp6phcq3lf5lw","id":"stsp6phcq3lf5lw"},"id":"xzmwd3tww9egh9q","previousOperationId":"f64q4xb018qm26p"}
{"type":"log","timestamp":1719067618697,"level":"debug","message":"Page request: GET (document) file:///var/folders/2x/1bhfw9mx7d775w_jmf56lcp80000gn/T/jsreport/autocleanup/dfe1bb43-9943-4605-b358-95fe231d7e21-chrome-pdf.html","meta":{"rootId":"stsp6phcq3lf5lw","id":"stsp6phcq3lf5lw"},"id":"7stk72ld0kdl0dn","previousOperationId":"f64q4xb018qm26p"}
{"type":"log","timestamp":1719067618702,"level":"debug","message":"Page request finished: GET (document) 200 file:///var/folders/2x/1bhfw9mx7d775w_jmf56lcp80000gn/T/jsreport/autocleanup/dfe1bb43-9943-4605-b358-95fe231d7e21-chrome-pdf.html","meta":{"rootId":"stsp6phcq3lf5lw","id":"stsp6phcq3lf5lw"},"id":"g5pqegq8eh4x5gy","previousOperationId":"f64q4xb018qm26p"}
{"type":"log","timestamp":1719067618702,"level":"debug","message":"Page request: GET (stylesheet) https://cdnjs.cloudflare.com/ajax/libs/metro/4.1.5/css/metro.min.css","meta":{"rootId":"stsp6phcq3lf5lw","id":"stsp6phcq3lf5lw"},"id":"6e768jijr05tqvq","previousOperationId":"f64q4xb018qm26p"}
{"type":"log","timestamp":1719067618702,"level":"debug","message":"Page request: GET (script) https://cdnjs.cloudflare.com/ajax/libs/Chart.js/2.7.2/Chart.min.js","meta":{"rootId":"stsp6phcq3lf5lw","id":"stsp6phcq3lf5lw"},"id":"7d1fi3253pe0m35","previousOperationId":"f64q4xb018qm26p"}
{"type":"log","timestamp":1719067618710,"level":"debug","message":"Page request finished: GET (stylesheet) 200 https://cdnjs.cloudflare.com/ajax/libs/metro/4.1.5/css/metro.min.css","meta":{"rootId":"stsp6phcq3lf5lw","id":"stsp6phcq3lf5lw"},"id":"xq7npfssp685jum","previousOperationId":"f64q4xb018qm26p"}
{"type":"log","timestamp":1719067618711,"level":"debug","message":"Page request finished: GET (script) 200 https://cdnjs.cloudflare.com/ajax/libs/Chart.js/2.7.2/Chart.min.js","meta":{"rootId":"stsp6phcq3lf5lw","id":"stsp6phcq3lf5lw"},"id":"ivj3hcmi2etv5uh","previousOperationId":"f64q4xb018qm26p"}
{"type":"log","timestamp":1719067618751,"level":"debug","message":"Running chrome with params {\"marginTop\":\"4cm\",\"marginRight\":\"1.5cm\",\"marginLeft\":\"1.5cm\",\"marginBottom\":\"1.5cm\",\"timeout\":59975,\"margin\":{\"top\":\"4cm\",\"right\":\"1.5cm\",\"bottom\":\"1.5cm\",\"left\":\"1.5cm\"},\"printBackground\":true}","meta":{"rootId":"stsp6phcq3lf5lw","id":"stsp6phcq3lf5lw"},"id":"cu3iknkof1tx8ai","previousOperationId":"f64q4xb018qm26p"}
{"type":"operationEnd","operationId":"f64q4xb018qm26p","timestamp":1719067618919,"id":"js54z11pobzz3lg","previousEventId":"p4ebdel1l4dg30r","previousOperationId":"f64q4xb018qm26p"}
{"type":"log","timestamp":1719067618919,"level":"info","message":"pdf-utils is starting pdf processing","meta":{"rootId":"stsp6phcq3lf5lw","id":"stsp6phcq3lf5lw"},"id":"s22xwwwpvms7al9","previousOperationId":"f64q4xb018qm26p"}
{"type":"operationStart","subtype":"pdfUtils","name":"pdf utils","timestamp":1719067618920,"id":"ost0ilizm0n68kq","previousEventId":"js54z11pobzz3lg","operationId":"63o143qthofvp3q","previousOperationId":"f64q4xb018qm26p"}
{"type":"log","timestamp":1719067618920,"level":"debug","message":"pdf-utils detected 1 pdf operation(s) to process","meta":{"rootId":"stsp6phcq3lf5lw","id":"stsp6phcq3lf5lw"},"id":"xegkju1myykiuyy","previousOperationId":"63o143qthofvp3q"}
{"type":"log","timestamp":1719067618932,"level":"debug","message":"pdf-utils running pdf operation merge","meta":{"rootId":"stsp6phcq3lf5lw","id":"stsp6phcq3lf5lw"},"id":"t4jufzqpm33yway","previousOperationId":"63o143qthofvp3q"}
{"type":"operationStart","subtype":"pdfUtilsMerge","name":"pdf utils merge","previousOperationId":"63o143qthofvp3q","timestamp":1719067618932,"id":"45888xgqolj9uo7","previousEventId":"ost0ilizm0n68kq","operationId":"kfa0kgf0qztm6s6"}
{"type":"operationStart","subtype":"render","name":"anonymous","previousOperationId":"kfa0kgf0qztm6s6","timestamp":1719067618933,"id":"5m6i89orbalkiz7","previousEventId":"45888xgqolj9uo7","operationId":"68ei74jlwsmxmls"}
{"type":"log","timestamp":1719067618933,"level":"info","message":"Starting rendering (child) request","meta":{"rootId":"stsp6phcq3lf5lw","id":"k2gopgob3dvyawm"},"id":"nhisc51thzjn3qu","previousOperationId":"68ei74jlwsmxmls"}
{"type":"log","timestamp":1719067618933,"level":"info","message":"Rendering anonymous template { recipe: chrome-pdf, engine: handlebars }","meta":{"rootId":"stsp6phcq3lf5lw","id":"k2gopgob3dvyawm"},"id":"voin057q06gfa4v","previousOperationId":"68ei74jlwsmxmls"}
{"type":"log","timestamp":1719067618933,"level":"debug","message":"Inline data specified.","meta":{"rootId":"stsp6phcq3lf5lw","id":"k2gopgob3dvyawm"},"id":"78ok33nf2tt5sbe","previousOperationId":"68ei74jlwsmxmls"}
{"type":"log","timestamp":1719067618933,"level":"debug","message":"Base url not specified, skipping its injection.","meta":{"rootId":"stsp6phcq3lf5lw","id":"k2gopgob3dvyawm"},"id":"u2dibrye9g6rueu","previousOperationId":"68ei74jlwsmxmls"}
{"type":"operationStart","subtype":"engine","name":"handlebars","timestamp":1719067618933,"id":"jel8f34qpx1r6t1","previousEventId":"5m6i89orbalkiz7","operationId":"v3nihfzup84p04y","previousOperationId":"68ei74jlwsmxmls"}
{"type":"log","timestamp":1719067618933,"level":"debug","message":"Rendering engine handlebars","meta":{"rootId":"stsp6phcq3lf5lw","id":"k2gopgob3dvyawm"},"id":"1ydph6owabldiut","previousOperationId":"v3nihfzup84p04y"}
{"type":"operationEnd","operationId":"v3nihfzup84p04y","timestamp":1719067618936,"id":"ogxc6922jwek7m6","previousEventId":"jel8f34qpx1r6t1","previousOperationId":"v3nihfzup84p04y"}
{"type":"operationStart","subtype":"recipe","name":"chrome-pdf","timestamp":1719067618936,"id":"qdcv86md10or50r","previousEventId":"ogxc6922jwek7m6","operationId":"cv92pvm3o1nb3jo","previousOperationId":"v3nihfzup84p04y"}
{"type":"log","timestamp":1719067618936,"level":"debug","message":"Executing recipe chrome-pdf","meta":{"rootId":"stsp6phcq3lf5lw","id":"k2gopgob3dvyawm"},"id":"wdbswcryacmzpmd","previousOperationId":"cv92pvm3o1nb3jo"}
{"type":"log","timestamp":1719067618937,"level":"debug","message":"Converting with chrome Chrome/126.0.6478.61 using chrome-pool strategy","meta":{"rootId":"stsp6phcq3lf5lw","id":"k2gopgob3dvyawm"},"id":"u7eoj84abuz6a0z","previousOperationId":"cv92pvm3o1nb3jo"}
{"type":"log","timestamp":1719067618951,"level":"debug","message":"Page request: GET (document) file:///var/folders/2x/1bhfw9mx7d775w_jmf56lcp80000gn/T/jsreport/autocleanup/06dc30d1-e88a-46e6-9b2d-34309a278c17-chrome-pdf.html","meta":{"rootId":"stsp6phcq3lf5lw","id":"k2gopgob3dvyawm"},"id":"cs2gefa0u4thibr","previousOperationId":"cv92pvm3o1nb3jo"}
{"type":"log","timestamp":1719067618956,"level":"debug","message":"Page request finished: GET (document) 200 file:///var/folders/2x/1bhfw9mx7d775w_jmf56lcp80000gn/T/jsreport/autocleanup/06dc30d1-e88a-46e6-9b2d-34309a278c17-chrome-pdf.html","meta":{"rootId":"stsp6phcq3lf5lw","id":"k2gopgob3dvyawm"},"id":"k3zfr0ilwhmx9zh","previousOperationId":"cv92pvm3o1nb3jo"}
{"type":"log","timestamp":1719067618956,"level":"debug","message":"Page request: GET (stylesheet) https://cdnjs.cloudflare.com/ajax/libs/metro/4.1.5/css/metro.min.css","meta":{"rootId":"stsp6phcq3lf5lw","id":"k2gopgob3dvyawm"},"id":"mw4dt90fzwqgdjr","previousOperationId":"cv92pvm3o1nb3jo"}
{"type":"log","timestamp":1719067618962,"level":"debug","message":"Page request finished: GET (stylesheet) 200 https://cdnjs.cloudflare.com/ajax/libs/metro/4.1.5/css/metro.min.css","meta":{"rootId":"stsp6phcq3lf5lw","id":"k2gopgob3dvyawm"},"id":"fvgpullkg3ffm4o","previousOperationId":"cv92pvm3o1nb3jo"}
{"type":"log","timestamp":1719067618989,"level":"debug","message":"Running chrome with params {\"timeout\":59686,\"margin\":{},\"printBackground\":true}","meta":{"rootId":"stsp6phcq3lf5lw","id":"k2gopgob3dvyawm"},"id":"fi27uxmx7vxet5z","previousOperationId":"cv92pvm3o1nb3jo"}
{"type":"operationEnd","operationId":"cv92pvm3o1nb3jo","timestamp":1719067619102,"id":"64z8pj4fp4ffsky","previousEventId":"qdcv86md10or50r","previousOperationId":"cv92pvm3o1nb3jo"}
{"type":"log","timestamp":1719067619102,"level":"debug","message":"Skipping storing report.","meta":{"rootId":"stsp6phcq3lf5lw","id":"k2gopgob3dvyawm"},"id":"vgc9xz1lkg4n21d","previousOperationId":"cv92pvm3o1nb3jo"}
{"type":"log","timestamp":1719067619102,"level":"info","message":"Rendering (child) request finished in 480 ms","meta":{"rootId":"stsp6phcq3lf5lw","id":"k2gopgob3dvyawm"},"id":"8138hulc39r2q2q","previousOperationId":"cv92pvm3o1nb3jo"}
{"type":"operationEnd","subtype":"render","operationId":"68ei74jlwsmxmls","timestamp":1719067619102,"id":"lo0arowb24wdrmj","previousEventId":"64z8pj4fp4ffsky","previousOperationId":"cv92pvm3o1nb3jo"}
{"type":"operationEnd","operationId":"kfa0kgf0qztm6s6","timestamp":1719067619127,"id":"clu7t9g6kreoor8","previousEventId":"45888xgqolj9uo7","previousOperationId":"kfa0kgf0qztm6s6"}
{"type":"log","timestamp":1719067619127,"level":"debug","message":"pdf-utils postprocess start","meta":{"rootId":"stsp6phcq3lf5lw","id":"stsp6phcq3lf5lw"},"id":"wun2cdnc8zwzjm1","previousOperationId":"kfa0kgf0qztm6s6"}
{"type":"log","timestamp":1719067619151,"level":"debug","message":"pdf-utils postprocess end","meta":{"rootId":"stsp6phcq3lf5lw","id":"stsp6phcq3lf5lw"},"id":"vrxd4o4e5ehhm0t","previousOperationId":"kfa0kgf0qztm6s6"}
{"type":"operationEnd","operationId":"63o143qthofvp3q","timestamp":1719067619151,"id":"h55pmina1ttzxr6","previousEventId":"clu7t9g6kreoor8","previousOperationId":"kfa0kgf0qztm6s6"}
{"type":"log","timestamp":1719067619152,"level":"info","message":"pdf-utils pdf processing was finished","meta":{"rootId":"stsp6phcq3lf5lw","id":"stsp6phcq3lf5lw"},"id":"oysxaoq4rt25tz7","previousOperationId":"63o143qthofvp3q"}
{"type":"log","timestamp":1719067619152,"level":"debug","message":"Skipping storing report.","meta":{"rootId":"stsp6phcq3lf5lw","id":"stsp6phcq3lf5lw"},"id":"lb90dymd6sba9yu","previousOperationId":"63o143qthofvp3q"}
{"type":"log","timestamp":1719067619152,"level":"info","message":"Rendering request 184 finished in 530 ms","meta":{"rootId":"stsp6phcq3lf5lw","id":"stsp6phcq3lf5lw"},"id":"o95qu73h5m09vvm","previousOperationId":"63o143qthofvp3q"}
{"type":"operationEnd","subtype":"render","operationId":"jteo5ymfcug5xy2","timestamp":1719067619152,"id":"oi0qif94lxlux6h","previousEventId":"h55pmina1ttzxr6","previousOperationId":"63o143qthofvp3q"}
{"type":"operationEnd","doDiffs":false,"previousEventId":"538ofdiv1uv0h9m","previousOperationId":"td5anj8n2ybp1xe","operationId":"td5anj8n2ybp1xe","timestamp":1719067619153,"id":"0oza38olr34voof"}
