{"type":"operationStart","subtype":"profile","data":{"_id":"0yFCaS3FMzAxnjQd","timestamp":"2024-06-21T21:20:44.093Z","state":"queued","mode":"standard","creationDate":"2024-06-21T21:20:44.095Z","modificationDate":"2024-06-21T21:20:44.095Z","shortid":"MPEMBoA","$entitySet":"profiles"},"doDiffs":false,"timestamp":1719004844094,"id":"xniltqbarauscz7","previousOperationId":null,"operationId":"bn1xql7hg2jq1fn"}
{"type":"log","level":"info","message":"Render request 108 queued for execution and waiting for available worker","previousOperationId":"bn1xql7hg2jq1fn","timestamp":1719004844094,"id":"04pok50ylmo7gh1"}
{"type":"operationStart","subtype":"render","name":"anonymous","previousOperationId":"bn1xql7hg2jq1fn","timestamp":1719004844102,"id":"gcq80chylpdigyq","previousEventId":"xniltqbarauscz7","operationId":"os1vq557624ksox"}
{"type":"log","timestamp":1719004844102,"level":"info","message":"Starting rendering request 108","meta":{"rootId":"t8nyl62ixyvt95b","id":"t8nyl62ixyvt95b"},"id":"au9ke6uxbfu6ens","previousOperationId":"os1vq557624ksox"}
{"type":"log","timestamp":1719004844103,"level":"info","message":"Rendering anonymous template { recipe: chrome-pdf, engine: handlebars }","meta":{"rootId":"t8nyl62ixyvt95b","id":"t8nyl62ixyvt95b"},"id":"fbb2bmyuwcago3m","previousOperationId":"os1vq557624ksox"}
{"type":"log","timestamp":1719004844103,"level":"debug","message":"Inline data specified.","meta":{"rootId":"t8nyl62ixyvt95b","id":"t8nyl62ixyvt95b"},"id":"rfra778invfcbaf","previousOperationId":"os1vq557624ksox"}
{"type":"log","timestamp":1719004844103,"level":"debug","message":"Base url not specified, skipping its injection.","meta":{"rootId":"t8nyl62ixyvt95b","id":"t8nyl62ixyvt95b"},"id":"39bqb9gn4wt5cf5","previousOperationId":"os1vq557624ksox"}
{"type":"operationStart","subtype":"engine","name":"handlebars","timestamp":1719004844104,"id":"0ocqiuhmhvd81el","previousEventId":"gcq80chylpdigyq","operationId":"ij9uhvory6ue12k","previousOperationId":"os1vq557624ksox"}
{"type":"log","timestamp":1719004844104,"level":"debug","message":"Rendering engine handlebars","meta":{"rootId":"t8nyl62ixyvt95b","id":"t8nyl62ixyvt95b"},"id":"hlhd52x1777y9fv","previousOperationId":"ij9uhvory6ue12k"}
{"type":"log","timestamp":1719004844128,"level":"debug","message":"(console:log) Pdf utils adding group field, value: \"France\"","meta":{"userLevel":true,"rootId":"t8nyl62ixyvt95b","id":"t8nyl62ixyvt95b"},"id":"gwwifcfdtz1iv7v","previousOperationId":"ij9uhvory6ue12k"}
{"type":"log","timestamp":1719004844130,"level":"debug","message":"(console:log) Pdf utils adding group field, value: \"Germany\"","meta":{"userLevel":true,"rootId":"t8nyl62ixyvt95b","id":"t8nyl62ixyvt95b"},"id":"w9mfffu9vcg8hwd","previousOperationId":"ij9uhvory6ue12k"}
{"type":"operationEnd","operationId":"ij9uhvory6ue12k","timestamp":1719004844130,"id":"cdesr7vm9i26s5k","previousEventId":"0ocqiuhmhvd81el","previousOperationId":"ij9uhvory6ue12k"}
{"type":"operationStart","subtype":"recipe","name":"chrome-pdf","timestamp":1719004844131,"id":"we3lmrjf3714120","previousEventId":"cdesr7vm9i26s5k","operationId":"k8wc7kfegr9n1mt","previousOperationId":"ij9uhvory6ue12k"}
{"type":"log","timestamp":1719004844131,"level":"debug","message":"Executing recipe chrome-pdf","meta":{"rootId":"t8nyl62ixyvt95b","id":"t8nyl62ixyvt95b"},"id":"3kai5ag6cvk1bjg","previousOperationId":"k8wc7kfegr9n1mt"}
{"type":"log","timestamp":1719004844132,"level":"debug","message":"Starting child request to render pdf header","meta":{"rootId":"t8nyl62ixyvt95b","id":"t8nyl62ixyvt95b"},"id":"l17a8yzhz8dezcr","previousOperationId":"k8wc7kfegr9n1mt"}
{"type":"operationStart","subtype":"render","name":"anonymous","previousOperationId":"k8wc7kfegr9n1mt","timestamp":1719004844132,"id":"0uwtr66lbkzkl7h","previousEventId":"we3lmrjf3714120","operationId":"er1do0pvxxe0tv4"}
{"type":"log","timestamp":1719004844132,"level":"info","message":"Starting rendering (child) request","meta":{"rootId":"t8nyl62ixyvt95b","id":"zhfkdujttp7kya1"},"id":"kutlggclnluupmj","previousOperationId":"er1do0pvxxe0tv4"}
{"type":"log","timestamp":1719004844132,"level":"info","message":"Rendering anonymous template { recipe: html, engine: handlebars }","meta":{"rootId":"t8nyl62ixyvt95b","id":"zhfkdujttp7kya1"},"id":"zbrqraxs5j2czpi","previousOperationId":"er1do0pvxxe0tv4"}
{"type":"log","timestamp":1719004844132,"level":"debug","message":"Inline data specified.","meta":{"rootId":"t8nyl62ixyvt95b","id":"zhfkdujttp7kya1"},"id":"ow6wjeomw6ri9kt","previousOperationId":"er1do0pvxxe0tv4"}
{"type":"log","timestamp":1719004844132,"level":"debug","message":"Base url not specified, skipping its injection.","meta":{"rootId":"t8nyl62ixyvt95b","id":"zhfkdujttp7kya1"},"id":"q11ok5srnjd2ao2","previousOperationId":"er1do0pvxxe0tv4"}
{"type":"operationStart","subtype":"engine","name":"handlebars","timestamp":1719004844132,"id":"73qku52sx36buwc","previousEventId":"0uwtr66lbkzkl7h","operationId":"h0j7d92e4sgg5yi","previousOperationId":"er1do0pvxxe0tv4"}
{"type":"log","timestamp":1719004844132,"level":"debug","message":"Rendering engine handlebars","meta":{"rootId":"t8nyl62ixyvt95b","id":"zhfkdujttp7kya1"},"id":"3iov6j49pemo4ks","previousOperationId":"h0j7d92e4sgg5yi"}
{"type":"operationEnd","operationId":"h0j7d92e4sgg5yi","timestamp":1719004844134,"id":"l6ur0igm3h3676v","previousEventId":"73qku52sx36buwc","previousOperationId":"h0j7d92e4sgg5yi"}
{"type":"operationStart","subtype":"recipe","name":"html","timestamp":1719004844134,"id":"jf8cbh1978ue0hl","previousEventId":"l6ur0igm3h3676v","operationId":"gd0857h7t7hvthz","previousOperationId":"h0j7d92e4sgg5yi"}
{"type":"log","timestamp":1719004844134,"level":"debug","message":"Executing recipe html","meta":{"rootId":"t8nyl62ixyvt95b","id":"zhfkdujttp7kya1"},"id":"yufqzt3952pj3yz","previousOperationId":"gd0857h7t7hvthz"}
{"type":"operationEnd","operationId":"gd0857h7t7hvthz","timestamp":1719004844134,"id":"y1pmc5liwpdfab9","previousEventId":"jf8cbh1978ue0hl","previousOperationId":"gd0857h7t7hvthz"}
{"type":"log","timestamp":1719004844134,"level":"debug","message":"Skipping storing report.","meta":{"rootId":"t8nyl62ixyvt95b","id":"zhfkdujttp7kya1"},"id":"yf69wgb9vx90xtg","previousOperationId":"gd0857h7t7hvthz"}
{"type":"log","timestamp":1719004844134,"level":"info","message":"Rendering (child) request finished in 48 ms","meta":{"rootId":"t8nyl62ixyvt95b","id":"zhfkdujttp7kya1"},"id":"asf8dw8p4cz0qnv","previousOperationId":"gd0857h7t7hvthz"}
{"type":"operationEnd","subtype":"render","operationId":"er1do0pvxxe0tv4","timestamp":1719004844134,"id":"4vfz5x9l0oki41v","previousEventId":"y1pmc5liwpdfab9","previousOperationId":"gd0857h7t7hvthz"}
{"type":"log","timestamp":1719004844134,"level":"debug","message":"Starting child request to render pdf footer","meta":{"rootId":"t8nyl62ixyvt95b","id":"t8nyl62ixyvt95b"},"id":"3quu60apg4d40cd","previousOperationId":"k8wc7kfegr9n1mt"}
{"type":"operationStart","subtype":"render","name":"anonymous","previousOperationId":"k8wc7kfegr9n1mt","timestamp":1719004844134,"id":"4g64rgohfpqahhy","previousEventId":"we3lmrjf3714120","operationId":"p24gyug74n8xj3d"}
{"type":"log","timestamp":1719004844134,"level":"info","message":"Starting rendering (child) request","meta":{"rootId":"t8nyl62ixyvt95b","id":"a2fs0g8l66jrwud"},"id":"nahzme7jpfh7dh2","previousOperationId":"p24gyug74n8xj3d"}
{"type":"log","timestamp":1719004844134,"level":"info","message":"Rendering anonymous template { recipe: html, engine: handlebars }","meta":{"rootId":"t8nyl62ixyvt95b","id":"a2fs0g8l66jrwud"},"id":"pdazp0w50p8p8pp","previousOperationId":"p24gyug74n8xj3d"}
{"type":"log","timestamp":1719004844134,"level":"debug","message":"Inline data specified.","meta":{"rootId":"t8nyl62ixyvt95b","id":"a2fs0g8l66jrwud"},"id":"7a4yv7z81krmf13","previousOperationId":"p24gyug74n8xj3d"}
{"type":"log","timestamp":1719004844135,"level":"debug","message":"Base url not specified, skipping its injection.","meta":{"rootId":"t8nyl62ixyvt95b","id":"a2fs0g8l66jrwud"},"id":"6rup94f80m2su4l","previousOperationId":"p24gyug74n8xj3d"}
{"type":"operationStart","subtype":"engine","name":"handlebars","timestamp":1719004844135,"id":"enx4csnbwzst2b4","previousEventId":"4g64rgohfpqahhy","operationId":"be32a9vhzwqtkdt","previousOperationId":"p24gyug74n8xj3d"}
{"type":"log","timestamp":1719004844135,"level":"debug","message":"Rendering engine handlebars","meta":{"rootId":"t8nyl62ixyvt95b","id":"a2fs0g8l66jrwud"},"id":"jrm28b1iendz25e","previousOperationId":"be32a9vhzwqtkdt"}
{"type":"operationEnd","operationId":"be32a9vhzwqtkdt","timestamp":1719004844140,"id":"r1kozcxw857wslg","previousEventId":"enx4csnbwzst2b4","previousOperationId":"be32a9vhzwqtkdt"}
{"type":"operationStart","subtype":"recipe","name":"html","timestamp":1719004844140,"id":"qwtlsdpxjsectit","previousEventId":"r1kozcxw857wslg","operationId":"cljus1gikhbo4h8","previousOperationId":"be32a9vhzwqtkdt"}
{"type":"log","timestamp":1719004844140,"level":"debug","message":"Executing recipe html","meta":{"rootId":"t8nyl62ixyvt95b","id":"a2fs0g8l66jrwud"},"id":"1lln3gmm78qr5qd","previousOperationId":"cljus1gikhbo4h8"}
{"type":"operationEnd","operationId":"cljus1gikhbo4h8","timestamp":1719004844140,"id":"g52e0hgdwj9jc7f","previousEventId":"qwtlsdpxjsectit","previousOperationId":"cljus1gikhbo4h8"}
{"type":"log","timestamp":1719004844140,"level":"debug","message":"Skipping storing report.","meta":{"rootId":"t8nyl62ixyvt95b","id":"a2fs0g8l66jrwud"},"id":"n0t5tzqxo5vai6a","previousOperationId":"cljus1gikhbo4h8"}
{"type":"log","timestamp":1719004844140,"level":"info","message":"Rendering (child) request finished in 54 ms","meta":{"rootId":"t8nyl62ixyvt95b","id":"a2fs0g8l66jrwud"},"id":"26432yb24j86lfy","previousOperationId":"cljus1gikhbo4h8"}
{"type":"operationEnd","subtype":"render","operationId":"p24gyug74n8xj3d","timestamp":1719004844140,"id":"2ykts6jbyegx846","previousEventId":"g52e0hgdwj9jc7f","previousOperationId":"cljus1gikhbo4h8"}
{"type":"log","timestamp":1719004844152,"level":"debug","message":"Converting with chrome Chrome/126.0.6478.61 using chrome-pool strategy","meta":{"rootId":"t8nyl62ixyvt95b","id":"t8nyl62ixyvt95b"},"id":"ry4u8y1m52rb9ty","previousOperationId":"k8wc7kfegr9n1mt"}
{"type":"log","timestamp":1719004844593,"level":"debug","message":"Page request: GET (document) file:///var/folders/2x/1bhfw9mx7d775w_jmf56lcp80000gn/T/jsreport/autocleanup/7bdd60df-b0bf-4606-a903-0c74b9728c91-chrome-pdf.html","meta":{"rootId":"t8nyl62ixyvt95b","id":"t8nyl62ixyvt95b"},"id":"bswn5ooc9tfx5ni","previousOperationId":"k8wc7kfegr9n1mt"}
{"type":"log","timestamp":1719004844612,"level":"debug","message":"Page request: GET (stylesheet) https://cdnjs.cloudflare.com/ajax/libs/metro/4.1.5/css/metro.min.css","meta":{"rootId":"t8nyl62ixyvt95b","id":"t8nyl62ixyvt95b"},"id":"xnss70h7ujgpesm","previousOperationId":"k8wc7kfegr9n1mt"}
{"type":"log","timestamp":1719004844613,"level":"debug","message":"Page request: GET (script) https://cdnjs.cloudflare.com/ajax/libs/Chart.js/2.7.2/Chart.min.js","meta":{"rootId":"t8nyl62ixyvt95b","id":"t8nyl62ixyvt95b"},"id":"lh19xmwppu5vc0k","previousOperationId":"k8wc7kfegr9n1mt"}
{"type":"log","timestamp":1719004844626,"level":"debug","message":"Page request finished: GET (stylesheet) 200 https://cdnjs.cloudflare.com/ajax/libs/metro/4.1.5/css/metro.min.css","meta":{"rootId":"t8nyl62ixyvt95b","id":"t8nyl62ixyvt95b"},"id":"ikv7pu8ley8itvc","previousOperationId":"k8wc7kfegr9n1mt"}
{"type":"log","timestamp":1719004844627,"level":"debug","message":"Page request finished: GET (script) 200 https://cdnjs.cloudflare.com/ajax/libs/Chart.js/2.7.2/Chart.min.js","meta":{"rootId":"t8nyl62ixyvt95b","id":"t8nyl62ixyvt95b"},"id":"ftpq6q38sp2xy3a","previousOperationId":"k8wc7kfegr9n1mt"}
{"type":"log","timestamp":1719004844639,"level":"debug","message":"Page request finished: GET (document) 200 file:///var/folders/2x/1bhfw9mx7d775w_jmf56lcp80000gn/T/jsreport/autocleanup/7bdd60df-b0bf-4606-a903-0c74b9728c91-chrome-pdf.html","meta":{"rootId":"t8nyl62ixyvt95b","id":"t8nyl62ixyvt95b"},"id":"48x9opcfcgpyx3b","previousOperationId":"k8wc7kfegr9n1mt"}
{"type":"log","timestamp":1719004844724,"level":"debug","message":"Running chrome with params {\"displayHeaderFooter\":true,\"headerTemplate\":\"...\",\"footerTemplate\":\"...\",\"marginTop\":\"2cm\",\"marginRight\":\"1cm\",\"marginBottom\":\"2cm\",\"marginLeft\":\"1cm\",\"timeout\":59946,\"margin\":{\"top\":\"2cm\",\"right\":\"1cm\",\"bottom\":\"2cm\",\"left\":\"1cm\"},\"printBackground\":true}","meta":{"rootId":"t8nyl62ixyvt95b","id":"t8nyl62ixyvt95b"},"id":"jnz6c4861bhk4ap","previousOperationId":"k8wc7kfegr9n1mt"}
{"type":"operationEnd","operationId":"k8wc7kfegr9n1mt","timestamp":1719004844997,"id":"8jur5ashn7heazz","previousEventId":"we3lmrjf3714120","previousOperationId":"k8wc7kfegr9n1mt"}
{"type":"log","timestamp":1719004844997,"level":"debug","message":"Skipping storing report.","meta":{"rootId":"t8nyl62ixyvt95b","id":"t8nyl62ixyvt95b"},"id":"qc3h9v9lg02kpwd","previousOperationId":"k8wc7kfegr9n1mt"}
{"type":"log","timestamp":1719004844997,"level":"info","message":"Rendering request 108 finished in 911 ms","meta":{"rootId":"t8nyl62ixyvt95b","id":"t8nyl62ixyvt95b"},"id":"ne87rmovebvr8el","previousOperationId":"k8wc7kfegr9n1mt"}
{"type":"operationEnd","subtype":"render","operationId":"os1vq557624ksox","timestamp":1719004844997,"id":"11bj60j69qgf08j","previousEventId":"8jur5ashn7heazz","previousOperationId":"k8wc7kfegr9n1mt"}
{"type":"operationEnd","doDiffs":false,"previousEventId":"xniltqbarauscz7","previousOperationId":"bn1xql7hg2jq1fn","operationId":"bn1xql7hg2jq1fn","timestamp":1719004844998,"id":"i3dp3kbtl7teus6"}
