{"type":"operationStart","subtype":"profile","data":{"_id":"faTXN2IxveuR0NpW","timestamp":"2024-06-20T22:35:59.604Z","state":"queued","mode":"standard","creationDate":"2024-06-20T22:35:59.608Z","modificationDate":"2024-06-20T22:35:59.608Z","shortid":"dIRHMJb","$entitySet":"profiles"},"doDiffs":false,"timestamp":1718922959607,"id":"jrm9zh02zon97qu","previousOperationId":null,"operationId":"loccojtbqfb0uwb"}
{"type":"log","level":"info","message":"Render request 7 queued for execution and waiting for available worker","previousOperationId":"loccojtbqfb0uwb","timestamp":1718922959607,"id":"5iyvnqfn55opcep"}
{"type":"operationStart","subtype":"render","name":"anonymous","previousOperationId":"loccojtbqfb0uwb","timestamp":1718922959616,"id":"9tlt3g8frosjdiu","previousEventId":"jrm9zh02zon97qu","operationId":"898vtd774dark5c"}
{"type":"log","timestamp":1718922959617,"level":"info","message":"Starting rendering request 7","meta":{"rootId":"tb2anxhco3n99rq","id":"tb2anxhco3n99rq"},"id":"f27j6hmh1ifong9","previousOperationId":"898vtd774dark5c"}
{"type":"log","timestamp":1718922959617,"level":"info","message":"Rendering anonymous template { recipe: chrome-pdf, engine: none }","meta":{"rootId":"tb2anxhco3n99rq","id":"tb2anxhco3n99rq"},"id":"qxuyursvxwh3j50","previousOperationId":"898vtd774dark5c"}
{"type":"log","timestamp":1718922959617,"level":"debug","message":"Data item not defined for this template.","meta":{"rootId":"tb2anxhco3n99rq","id":"tb2anxhco3n99rq"},"id":"phu6aj3ro9vvaes","previousOperationId":"898vtd774dark5c"}
{"type":"log","timestamp":1718922959617,"level":"debug","message":"Base url not specified, skipping its injection.","meta":{"rootId":"tb2anxhco3n99rq","id":"tb2anxhco3n99rq"},"id":"9o8jw02uyh130sp","previousOperationId":"898vtd774dark5c"}
{"type":"operationStart","subtype":"engine","name":"none","timestamp":1718922959618,"id":"x4si88oj5dxl4k8","previousEventId":"9tlt3g8frosjdiu","operationId":"jy49xk3v204a5jv","previousOperationId":"898vtd774dark5c"}
{"type":"log","timestamp":1718922959618,"level":"debug","message":"Rendering engine none","meta":{"rootId":"tb2anxhco3n99rq","id":"tb2anxhco3n99rq"},"id":"cjgyx7plcs9u2mn","previousOperationId":"jy49xk3v204a5jv"}
{"type":"operationEnd","operationId":"jy49xk3v204a5jv","timestamp":1718922959642,"id":"g2r0y6o7llsf5a2","previousEventId":"x4si88oj5dxl4k8","previousOperationId":"jy49xk3v204a5jv"}
{"type":"operationStart","subtype":"recipe","name":"chrome-pdf","timestamp":1718922959642,"id":"r0u98vu83m0svm2","previousEventId":"g2r0y6o7llsf5a2","operationId":"u45hk88c489yvs3","previousOperationId":"jy49xk3v204a5jv"}
{"type":"log","timestamp":1718922959642,"level":"debug","message":"Executing recipe chrome-pdf","meta":{"rootId":"tb2anxhco3n99rq","id":"tb2anxhco3n99rq"},"id":"iab0b4rkijcarl8","previousOperationId":"u45hk88c489yvs3"}
{"type":"log","timestamp":1718922959669,"level":"debug","message":"Converting with chrome Chrome/126.0.6478.61 using chrome-pool strategy","meta":{"rootId":"tb2anxhco3n99rq","id":"tb2anxhco3n99rq"},"id":"e72407a8zh274ws","previousOperationId":"u45hk88c489yvs3"}
{"type":"log","timestamp":1718922959993,"level":"debug","message":"Page request: GET (document) file:///var/folders/2x/1bhfw9mx7d775w_jmf56lcp80000gn/T/jsreport/autocleanup/eb2dc815-5845-4f5d-9edf-a07c24209e8c-chrome-pdf.html","meta":{"rootId":"tb2anxhco3n99rq","id":"tb2anxhco3n99rq"},"id":"4xgl2uu7rt29qev","previousOperationId":"u45hk88c489yvs3"}
{"type":"log","timestamp":1718922960020,"level":"debug","message":"Page request finished: GET (document) 200 file:///var/folders/2x/1bhfw9mx7d775w_jmf56lcp80000gn/T/jsreport/autocleanup/eb2dc815-5845-4f5d-9edf-a07c24209e8c-chrome-pdf.html","meta":{"rootId":"tb2anxhco3n99rq","id":"tb2anxhco3n99rq"},"id":"419uyb6e4d6kxeo","previousOperationId":"u45hk88c489yvs3"}
{"type":"log","timestamp":1718922960038,"level":"debug","message":"Running chrome with params {\"timeout\":59940,\"margin\":{},\"printBackground\":true}","meta":{"rootId":"tb2anxhco3n99rq","id":"tb2anxhco3n99rq"},"id":"o6hhp3ronhrfr14","previousOperationId":"u45hk88c489yvs3"}
{"type":"operationEnd","operationId":"u45hk88c489yvs3","timestamp":1718922960157,"id":"ic60c4cuvrtq292","previousEventId":"r0u98vu83m0svm2","previousOperationId":"u45hk88c489yvs3"}
{"type":"log","timestamp":1718922960157,"level":"debug","message":"Skipping storing report.","meta":{"rootId":"tb2anxhco3n99rq","id":"tb2anxhco3n99rq"},"id":"z1c0om6tf0gj649","previousOperationId":"u45hk88c489yvs3"}
{"type":"log","timestamp":1718922960157,"level":"info","message":"Rendering request 7 finished in 569 ms","meta":{"rootId":"tb2anxhco3n99rq","id":"tb2anxhco3n99rq"},"id":"92nitumxdr3wadg","previousOperationId":"u45hk88c489yvs3"}
{"type":"operationEnd","subtype":"render","operationId":"898vtd774dark5c","timestamp":1718922960157,"id":"xatwz0idmrid3h9","previousEventId":"ic60c4cuvrtq292","previousOperationId":"u45hk88c489yvs3"}
{"type":"operationEnd","doDiffs":false,"previousEventId":"jrm9zh02zon97qu","previousOperationId":"loccojtbqfb0uwb","operationId":"loccojtbqfb0uwb","timestamp":1718922960157,"id":"wks4o41nvqmehuv"}
