{"type":"operationStart","subtype":"profile","data":{"_id":"7pRmoUtRpoftP31f","timestamp":"2024-06-21T16:30:51.215Z","state":"queued","mode":"standard","creationDate":"2024-06-21T16:30:51.222Z","modificationDate":"2024-06-21T16:30:51.222Z","shortid":"RX9I6cX","$entitySet":"profiles"},"doDiffs":false,"timestamp":1718987451221,"id":"r4kl5ebmhcpd7le","previousOperationId":null,"operationId":"1usim52y0i4i5kk"}
{"type":"log","level":"info","message":"Render request 12 queued for execution and waiting for available worker","previousOperationId":"1usim52y0i4i5kk","timestamp":1718987451221,"id":"i493ae159f1rkkf"}
{"type":"operationStart","subtype":"render","name":"anonymous","previousOperationId":"1usim52y0i4i5kk","timestamp":1718987451227,"id":"kcqz39vuw9ubkww","previousEventId":"r4kl5ebmhcpd7le","operationId":"pngrpyoexiuw7w9"}
{"type":"log","timestamp":1718987451227,"level":"info","message":"Starting rendering request 12","meta":{"rootId":"tbgamqp1up47wpw","id":"tbgamqp1up47wpw"},"id":"ifdeox92phqsrpu","previousOperationId":"pngrpyoexiuw7w9"}
{"type":"log","timestamp":1718987451227,"level":"info","message":"Rendering anonymous template { recipe: chrome-pdf, engine: handlebars }","meta":{"rootId":"tbgamqp1up47wpw","id":"tbgamqp1up47wpw"},"id":"v9oyrnzg0xt6hcz","previousOperationId":"pngrpyoexiuw7w9"}
{"type":"log","timestamp":1718987451227,"level":"debug","message":"Inline data specified.","meta":{"rootId":"tbgamqp1up47wpw","id":"tbgamqp1up47wpw"},"id":"m4n9nt1rpcx8ntt","previousOperationId":"pngrpyoexiuw7w9"}
{"type":"log","timestamp":1718987451228,"level":"debug","message":"Base url not specified, skipping its injection.","meta":{"rootId":"tbgamqp1up47wpw","id":"tbgamqp1up47wpw"},"id":"5pmt6vjjv12jbyl","previousOperationId":"pngrpyoexiuw7w9"}
{"type":"operationStart","subtype":"engine","name":"handlebars","timestamp":1718987451228,"id":"gam48o2b8uxwqpa","previousEventId":"kcqz39vuw9ubkww","operationId":"som25spl6kyis6y","previousOperationId":"pngrpyoexiuw7w9"}
{"type":"log","timestamp":1718987451228,"level":"debug","message":"Rendering engine handlebars","meta":{"rootId":"tbgamqp1up47wpw","id":"tbgamqp1up47wpw"},"id":"g1mpnyr2l1knnjd","previousOperationId":"som25spl6kyis6y"}
{"type":"operationEnd","operationId":"som25spl6kyis6y","timestamp":1718987451242,"id":"6t5n5e4mvfjvvxy","previousEventId":"gam48o2b8uxwqpa","previousOperationId":"som25spl6kyis6y"}
{"type":"operationStart","subtype":"recipe","name":"chrome-pdf","timestamp":1718987451243,"id":"1nl887jmir156eo","previousEventId":"6t5n5e4mvfjvvxy","operationId":"7379cc6r5v4vhah","previousOperationId":"som25spl6kyis6y"}
{"type":"log","timestamp":1718987451243,"level":"debug","message":"Executing recipe chrome-pdf","meta":{"rootId":"tbgamqp1up47wpw","id":"tbgamqp1up47wpw"},"id":"nyayi5fplh4bd63","previousOperationId":"7379cc6r5v4vhah"}
{"type":"log","timestamp":1718987451256,"level":"debug","message":"Converting with chrome Chrome/126.0.6478.61 using chrome-pool strategy","meta":{"rootId":"tbgamqp1up47wpw","id":"tbgamqp1up47wpw"},"id":"fjpbdshvsab5fcm","previousOperationId":"7379cc6r5v4vhah"}
{"type":"log","timestamp":1718987451497,"level":"debug","message":"Page request: GET (document) file:///var/folders/2x/1bhfw9mx7d775w_jmf56lcp80000gn/T/jsreport/autocleanup/93a3cb88-ce11-408c-a238-2220b3d402ef-chrome-pdf.html","meta":{"rootId":"tbgamqp1up47wpw","id":"tbgamqp1up47wpw"},"id":"abygqlz59atmut9","previousOperationId":"7379cc6r5v4vhah"}
{"type":"log","timestamp":1718987451502,"level":"debug","message":"Page request finished: GET (document) 200 file:///var/folders/2x/1bhfw9mx7d775w_jmf56lcp80000gn/T/jsreport/autocleanup/93a3cb88-ce11-408c-a238-2220b3d402ef-chrome-pdf.html","meta":{"rootId":"tbgamqp1up47wpw","id":"tbgamqp1up47wpw"},"id":"hks4ivaxnhcxcqw","previousOperationId":"7379cc6r5v4vhah"}
{"type":"log","timestamp":1718987451504,"level":"debug","message":"Page request: GET (stylesheet) https://cdnjs.cloudflare.com/ajax/libs/metro/4.1.5/css/metro.min.css","meta":{"rootId":"tbgamqp1up47wpw","id":"tbgamqp1up47wpw"},"id":"2zjxqbp65v9u1eb","previousOperationId":"7379cc6r5v4vhah"}
{"type":"log","timestamp":1718987451504,"level":"debug","message":"Page request: GET (script) https://cdnjs.cloudflare.com/ajax/libs/Chart.js/2.7.2/Chart.min.js","meta":{"rootId":"tbgamqp1up47wpw","id":"tbgamqp1up47wpw"},"id":"j6bpsyqb1g4ans6","previousOperationId":"7379cc6r5v4vhah"}
{"type":"log","timestamp":1718987451514,"level":"debug","message":"Page request finished: GET (stylesheet) 200 https://cdnjs.cloudflare.com/ajax/libs/metro/4.1.5/css/metro.min.css","meta":{"rootId":"tbgamqp1up47wpw","id":"tbgamqp1up47wpw"},"id":"m7o8sn6mrtvt4p6","previousOperationId":"7379cc6r5v4vhah"}
{"type":"log","timestamp":1718987451514,"level":"debug","message":"Page request finished: GET (script) 200 https://cdnjs.cloudflare.com/ajax/libs/Chart.js/2.7.2/Chart.min.js","meta":{"rootId":"tbgamqp1up47wpw","id":"tbgamqp1up47wpw"},"id":"l27c01acvvuycdk","previousOperationId":"7379cc6r5v4vhah"}
{"type":"log","timestamp":1718987451520,"level":"debug","message":"Running chrome with params {\"timeout\":59963,\"margin\":{},\"printBackground\":true}","meta":{"rootId":"tbgamqp1up47wpw","id":"tbgamqp1up47wpw"},"id":"3zxdl8wccp281cz","previousOperationId":"7379cc6r5v4vhah"}
{"type":"operationEnd","operationId":"7379cc6r5v4vhah","timestamp":1718987451559,"id":"fkqmvwf5wlkhvnn","previousEventId":"1nl887jmir156eo","previousOperationId":"7379cc6r5v4vhah"}
{"type":"log","timestamp":1718987451559,"level":"debug","message":"Skipping storing report.","meta":{"rootId":"tbgamqp1up47wpw","id":"tbgamqp1up47wpw"},"id":"4fiw5cibwdor73z","previousOperationId":"7379cc6r5v4vhah"}
{"type":"log","timestamp":1718987451559,"level":"info","message":"Rendering request 12 finished in 351 ms","meta":{"rootId":"tbgamqp1up47wpw","id":"tbgamqp1up47wpw"},"id":"m62r6bas89mepkk","previousOperationId":"7379cc6r5v4vhah"}
{"type":"operationEnd","subtype":"render","operationId":"pngrpyoexiuw7w9","timestamp":1718987451559,"id":"h3z4ztrnte1yn1y","previousEventId":"fkqmvwf5wlkhvnn","previousOperationId":"7379cc6r5v4vhah"}
{"type":"operationEnd","doDiffs":false,"previousEventId":"r4kl5ebmhcpd7le","previousOperationId":"1usim52y0i4i5kk","operationId":"1usim52y0i4i5kk","timestamp":1718987451560,"id":"61pnu5s5wo66zgh"}
