{"type":"operationStart","subtype":"profile","data":{"_id":"p10gaTAIyKixYVM4","timestamp":"2024-06-21T21:53:08.035Z","state":"queued","mode":"standard","creationDate":"2024-06-21T21:53:08.038Z","modificationDate":"2024-06-21T21:53:08.038Z","shortid":"5JCP-qG","$entitySet":"profiles"},"doDiffs":false,"timestamp":1719006788036,"id":"8zareq9zrs44t2d","previousOperationId":null,"operationId":"bkghy0rhfm16aw0"}
{"type":"log","level":"info","message":"Render request 116 queued for execution and waiting for available worker","previousOperationId":"bkghy0rhfm16aw0","timestamp":1719006788036,"id":"wy8k4h3u9v1d24c"}
{"type":"operationStart","subtype":"render","name":"anonymous","previousOperationId":"bkghy0rhfm16aw0","timestamp":1719006788048,"id":"0pcjnd32f86t1b8","previousEventId":"8zareq9zrs44t2d","operationId":"i5xj9bvtklbfuk1"}
{"type":"log","timestamp":1719006788049,"level":"info","message":"Starting rendering request 116","meta":{"rootId":"tis6bu1lrp2ca49","id":"tis6bu1lrp2ca49"},"id":"73rv8ofglg15hg0","previousOperationId":"i5xj9bvtklbfuk1"}
{"type":"log","timestamp":1719006788049,"level":"info","message":"Rendering anonymous template { recipe: chrome-pdf, engine: handlebars }","meta":{"rootId":"tis6bu1lrp2ca49","id":"tis6bu1lrp2ca49"},"id":"xrazzyv43t16996","previousOperationId":"i5xj9bvtklbfuk1"}
{"type":"log","timestamp":1719006788049,"level":"debug","message":"Inline data specified.","meta":{"rootId":"tis6bu1lrp2ca49","id":"tis6bu1lrp2ca49"},"id":"puqe3cew1hijs3z","previousOperationId":"i5xj9bvtklbfuk1"}
{"type":"log","timestamp":1719006788051,"level":"debug","message":"Base url not specified, skipping its injection.","meta":{"rootId":"tis6bu1lrp2ca49","id":"tis6bu1lrp2ca49"},"id":"97t22cseydsqa2n","previousOperationId":"i5xj9bvtklbfuk1"}
{"type":"operationStart","subtype":"engine","name":"handlebars","timestamp":1719006788052,"id":"x9mor3pg3kgbfhq","previousEventId":"0pcjnd32f86t1b8","operationId":"dseghjn7bh0o2z9","previousOperationId":"i5xj9bvtklbfuk1"}
{"type":"log","timestamp":1719006788052,"level":"debug","message":"Rendering engine handlebars","meta":{"rootId":"tis6bu1lrp2ca49","id":"tis6bu1lrp2ca49"},"id":"3x3cqcnvjnr5z65","previousOperationId":"dseghjn7bh0o2z9"}
{"type":"log","timestamp":1719006788077,"level":"debug","message":"(console:log) Pdf utils adding group field, value: \"France\"","meta":{"userLevel":true,"rootId":"tis6bu1lrp2ca49","id":"tis6bu1lrp2ca49"},"id":"zxxf97p6a471ffi","previousOperationId":"dseghjn7bh0o2z9"}
{"type":"log","timestamp":1719006788086,"level":"debug","message":"(console:log) Pdf utils adding group field, value: \"Germany\"","meta":{"userLevel":true,"rootId":"tis6bu1lrp2ca49","id":"tis6bu1lrp2ca49"},"id":"q0e7fjnvs4lx84c","previousOperationId":"dseghjn7bh0o2z9"}
{"type":"operationEnd","operationId":"dseghjn7bh0o2z9","timestamp":1719006788086,"id":"6yvk4rg00d114sy","previousEventId":"x9mor3pg3kgbfhq","previousOperationId":"dseghjn7bh0o2z9"}
{"type":"operationStart","subtype":"recipe","name":"chrome-pdf","timestamp":1719006788086,"id":"1grlfd79wnzq2k7","previousEventId":"6yvk4rg00d114sy","operationId":"tjej00x9ho27amj","previousOperationId":"dseghjn7bh0o2z9"}
{"type":"log","timestamp":1719006788086,"level":"debug","message":"Executing recipe chrome-pdf","meta":{"rootId":"tis6bu1lrp2ca49","id":"tis6bu1lrp2ca49"},"id":"9js7crba8gdoj4u","previousOperationId":"tjej00x9ho27amj"}
{"type":"log","timestamp":1719006788088,"level":"debug","message":"Starting child request to render pdf header","meta":{"rootId":"tis6bu1lrp2ca49","id":"tis6bu1lrp2ca49"},"id":"852on9chn8cgvhk","previousOperationId":"tjej00x9ho27amj"}
{"type":"operationStart","subtype":"render","name":"anonymous","previousOperationId":"tjej00x9ho27amj","timestamp":1719006788088,"id":"h66et3j6n51rh3s","previousEventId":"1grlfd79wnzq2k7","operationId":"d2y2cgdtffin4j8"}
{"type":"log","timestamp":1719006788088,"level":"info","message":"Starting rendering (child) request","meta":{"rootId":"tis6bu1lrp2ca49","id":"0rx2gd7b5q7c986"},"id":"1dl2fq7hvv6yifd","previousOperationId":"d2y2cgdtffin4j8"}
{"type":"log","timestamp":1719006788088,"level":"info","message":"Rendering anonymous template { recipe: html, engine: handlebars }","meta":{"rootId":"tis6bu1lrp2ca49","id":"0rx2gd7b5q7c986"},"id":"8aindcr79qae0yt","previousOperationId":"d2y2cgdtffin4j8"}
{"type":"log","timestamp":1719006788088,"level":"debug","message":"Inline data specified.","meta":{"rootId":"tis6bu1lrp2ca49","id":"0rx2gd7b5q7c986"},"id":"k4ndmgenw0y128q","previousOperationId":"d2y2cgdtffin4j8"}
{"type":"log","timestamp":1719006788089,"level":"debug","message":"Base url not specified, skipping its injection.","meta":{"rootId":"tis6bu1lrp2ca49","id":"0rx2gd7b5q7c986"},"id":"pmybjwpvb3bqz92","previousOperationId":"d2y2cgdtffin4j8"}
{"type":"operationStart","subtype":"engine","name":"handlebars","timestamp":1719006788089,"id":"m3djle50vxd5kt5","previousEventId":"h66et3j6n51rh3s","operationId":"zm4lj5te32k2629","previousOperationId":"d2y2cgdtffin4j8"}
{"type":"log","timestamp":1719006788089,"level":"debug","message":"Rendering engine handlebars","meta":{"rootId":"tis6bu1lrp2ca49","id":"0rx2gd7b5q7c986"},"id":"7iia26e19ozt88j","previousOperationId":"zm4lj5te32k2629"}
{"type":"operationEnd","operationId":"zm4lj5te32k2629","timestamp":1719006788093,"id":"ju3ojf5gdfupe1e","previousEventId":"m3djle50vxd5kt5","previousOperationId":"zm4lj5te32k2629"}
{"type":"operationStart","subtype":"recipe","name":"html","timestamp":1719006788093,"id":"l74t2x4mofo0w6c","previousEventId":"ju3ojf5gdfupe1e","operationId":"zchix6k0x4251aa","previousOperationId":"zm4lj5te32k2629"}
{"type":"log","timestamp":1719006788093,"level":"debug","message":"Executing recipe html","meta":{"rootId":"tis6bu1lrp2ca49","id":"0rx2gd7b5q7c986"},"id":"b6xulij7dxbfecd","previousOperationId":"zchix6k0x4251aa"}
{"type":"operationEnd","operationId":"zchix6k0x4251aa","timestamp":1719006788093,"id":"p2ipn8j6eh735cn","previousEventId":"l74t2x4mofo0w6c","previousOperationId":"zchix6k0x4251aa"}
{"type":"log","timestamp":1719006788093,"level":"debug","message":"Skipping storing report.","meta":{"rootId":"tis6bu1lrp2ca49","id":"0rx2gd7b5q7c986"},"id":"s4r9d8xot8xz0v2","previousOperationId":"zchix6k0x4251aa"}
{"type":"log","timestamp":1719006788093,"level":"info","message":"Rendering (child) request finished in 60 ms","meta":{"rootId":"tis6bu1lrp2ca49","id":"0rx2gd7b5q7c986"},"id":"s13pye25adi0iuf","previousOperationId":"zchix6k0x4251aa"}
{"type":"operationEnd","subtype":"render","operationId":"d2y2cgdtffin4j8","timestamp":1719006788093,"id":"hww51oou6loxa6s","previousEventId":"p2ipn8j6eh735cn","previousOperationId":"zchix6k0x4251aa"}
{"type":"log","timestamp":1719006788093,"level":"debug","message":"Starting child request to render pdf footer","meta":{"rootId":"tis6bu1lrp2ca49","id":"tis6bu1lrp2ca49"},"id":"76139kv32qc9zyv","previousOperationId":"tjej00x9ho27amj"}
{"type":"operationStart","subtype":"render","name":"anonymous","previousOperationId":"tjej00x9ho27amj","timestamp":1719006788093,"id":"o4ddhh4k2hzu4ee","previousEventId":"1grlfd79wnzq2k7","operationId":"tqgbqcc9ldwlcp2"}
{"type":"log","timestamp":1719006788093,"level":"info","message":"Starting rendering (child) request","meta":{"rootId":"tis6bu1lrp2ca49","id":"70myea51e43zrqo"},"id":"c8d7p79y5x2aqm5","previousOperationId":"tqgbqcc9ldwlcp2"}
{"type":"log","timestamp":1719006788093,"level":"info","message":"Rendering anonymous template { recipe: html, engine: handlebars }","meta":{"rootId":"tis6bu1lrp2ca49","id":"70myea51e43zrqo"},"id":"jwh20gm9nie5f1p","previousOperationId":"tqgbqcc9ldwlcp2"}
{"type":"log","timestamp":1719006788093,"level":"debug","message":"Inline data specified.","meta":{"rootId":"tis6bu1lrp2ca49","id":"70myea51e43zrqo"},"id":"iwkj9gaqd81xp99","previousOperationId":"tqgbqcc9ldwlcp2"}
{"type":"log","timestamp":1719006788094,"level":"debug","message":"Base url not specified, skipping its injection.","meta":{"rootId":"tis6bu1lrp2ca49","id":"70myea51e43zrqo"},"id":"1etw113e1bkioub","previousOperationId":"tqgbqcc9ldwlcp2"}
{"type":"operationStart","subtype":"engine","name":"handlebars","timestamp":1719006788094,"id":"tkxr0y6zmjf3ov3","previousEventId":"o4ddhh4k2hzu4ee","operationId":"6gy6rnaplp07utz","previousOperationId":"tqgbqcc9ldwlcp2"}
{"type":"log","timestamp":1719006788094,"level":"debug","message":"Rendering engine handlebars","meta":{"rootId":"tis6bu1lrp2ca49","id":"70myea51e43zrqo"},"id":"maurqnt6s9h86w7","previousOperationId":"6gy6rnaplp07utz"}
{"type":"operationEnd","operationId":"6gy6rnaplp07utz","timestamp":1719006788097,"id":"5uu8h3f33ddv2t9","previousEventId":"tkxr0y6zmjf3ov3","previousOperationId":"6gy6rnaplp07utz"}
{"type":"operationStart","subtype":"recipe","name":"html","timestamp":1719006788097,"id":"kht41sm1h4yzht1","previousEventId":"5uu8h3f33ddv2t9","operationId":"u4e3bs1pedta06l","previousOperationId":"6gy6rnaplp07utz"}
{"type":"log","timestamp":1719006788097,"level":"debug","message":"Executing recipe html","meta":{"rootId":"tis6bu1lrp2ca49","id":"70myea51e43zrqo"},"id":"42dgjtm4tc9xo4y","previousOperationId":"u4e3bs1pedta06l"}
{"type":"operationEnd","operationId":"u4e3bs1pedta06l","timestamp":1719006788097,"id":"ky8tdy3g5f8q7il","previousEventId":"kht41sm1h4yzht1","previousOperationId":"u4e3bs1pedta06l"}
{"type":"log","timestamp":1719006788097,"level":"debug","message":"Skipping storing report.","meta":{"rootId":"tis6bu1lrp2ca49","id":"70myea51e43zrqo"},"id":"71zqpxvqgladles","previousOperationId":"u4e3bs1pedta06l"}
{"type":"log","timestamp":1719006788097,"level":"info","message":"Rendering (child) request finished in 64 ms","meta":{"rootId":"tis6bu1lrp2ca49","id":"70myea51e43zrqo"},"id":"bmccev4gkp7st19","previousOperationId":"u4e3bs1pedta06l"}
{"type":"operationEnd","subtype":"render","operationId":"tqgbqcc9ldwlcp2","timestamp":1719006788097,"id":"awglebyngl106br","previousEventId":"ky8tdy3g5f8q7il","previousOperationId":"u4e3bs1pedta06l"}
{"type":"log","timestamp":1719006788108,"level":"debug","message":"Converting with chrome Chrome/126.0.6478.61 using chrome-pool strategy","meta":{"rootId":"tis6bu1lrp2ca49","id":"tis6bu1lrp2ca49"},"id":"s9yvpi7njj4g1ki","previousOperationId":"tjej00x9ho27amj"}
{"type":"log","timestamp":1719006788463,"level":"debug","message":"Page request: GET (document) file:///var/folders/2x/1bhfw9mx7d775w_jmf56lcp80000gn/T/jsreport/autocleanup/27a720ac-08a2-473d-96da-e2f208301979-chrome-pdf.html","meta":{"rootId":"tis6bu1lrp2ca49","id":"tis6bu1lrp2ca49"},"id":"gpg84ivu828m5o0","previousOperationId":"tjej00x9ho27amj"}
{"type":"log","timestamp":1719006788467,"level":"debug","message":"Page request finished: GET (document) 200 file:///var/folders/2x/1bhfw9mx7d775w_jmf56lcp80000gn/T/jsreport/autocleanup/27a720ac-08a2-473d-96da-e2f208301979-chrome-pdf.html","meta":{"rootId":"tis6bu1lrp2ca49","id":"tis6bu1lrp2ca49"},"id":"vcc1zpddwtjg2e9","previousOperationId":"tjej00x9ho27amj"}
{"type":"log","timestamp":1719006788468,"level":"debug","message":"Page request: GET (stylesheet) https://cdnjs.cloudflare.com/ajax/libs/metro/4.1.5/css/metro.min.css","meta":{"rootId":"tis6bu1lrp2ca49","id":"tis6bu1lrp2ca49"},"id":"e3ee1tkmhehmbqy","previousOperationId":"tjej00x9ho27amj"}
{"type":"log","timestamp":1719006788468,"level":"debug","message":"Page request: GET (script) https://cdnjs.cloudflare.com/ajax/libs/Chart.js/2.7.2/Chart.min.js","meta":{"rootId":"tis6bu1lrp2ca49","id":"tis6bu1lrp2ca49"},"id":"iuda7a99xwotcex","previousOperationId":"tjej00x9ho27amj"}
{"type":"log","timestamp":1719006788476,"level":"debug","message":"Page request finished: GET (stylesheet) 200 https://cdnjs.cloudflare.com/ajax/libs/metro/4.1.5/css/metro.min.css","meta":{"rootId":"tis6bu1lrp2ca49","id":"tis6bu1lrp2ca49"},"id":"fzlk6obkwxacy8k","previousOperationId":"tjej00x9ho27amj"}
{"type":"log","timestamp":1719006788476,"level":"debug","message":"Page request finished: GET (script) 200 https://cdnjs.cloudflare.com/ajax/libs/Chart.js/2.7.2/Chart.min.js","meta":{"rootId":"tis6bu1lrp2ca49","id":"tis6bu1lrp2ca49"},"id":"y09hi9abehei4eu","previousOperationId":"tjej00x9ho27amj"}
{"type":"log","timestamp":1719006788523,"level":"debug","message":"Running chrome with params {\"displayHeaderFooter\":true,\"headerTemplate\":\"...\",\"footerTemplate\":\"...\",\"marginTop\":\"4cm\",\"marginRight\":\"1.5cm\",\"marginLeft\":\"1.5cm\",\"marginBottom\":\"1.5cm\",\"timeout\":59936,\"margin\":{\"top\":\"4cm\",\"right\":\"1.5cm\",\"bottom\":\"1.5cm\",\"left\":\"1.5cm\"},\"printBackground\":true}","meta":{"rootId":"tis6bu1lrp2ca49","id":"tis6bu1lrp2ca49"},"id":"t7z5s7gy7j7huun","previousOperationId":"tjej00x9ho27amj"}
{"type":"operationEnd","operationId":"tjej00x9ho27amj","timestamp":1719006788712,"id":"ap5ydhctiqlvq7j","previousEventId":"1grlfd79wnzq2k7","previousOperationId":"tjej00x9ho27amj"}
{"type":"log","timestamp":1719006788712,"level":"debug","message":"Skipping storing report.","meta":{"rootId":"tis6bu1lrp2ca49","id":"tis6bu1lrp2ca49"},"id":"ub30b2ehsss2tgj","previousOperationId":"tjej00x9ho27amj"}
{"type":"log","timestamp":1719006788712,"level":"info","message":"Rendering request 116 finished in 679 ms","meta":{"rootId":"tis6bu1lrp2ca49","id":"tis6bu1lrp2ca49"},"id":"449lf490ob3an7p","previousOperationId":"tjej00x9ho27amj"}
{"type":"operationEnd","subtype":"render","operationId":"i5xj9bvtklbfuk1","timestamp":1719006788712,"id":"8rfmnd863qzhncp","previousEventId":"ap5ydhctiqlvq7j","previousOperationId":"tjej00x9ho27amj"}
{"type":"operationEnd","doDiffs":false,"previousEventId":"8zareq9zrs44t2d","previousOperationId":"bkghy0rhfm16aw0","operationId":"bkghy0rhfm16aw0","timestamp":1719006788714,"id":"39hfodafq5s4vku"}
