{"type":"operationStart","subtype":"profile","data":{"_id":"pDFrKXrEOUg6UoYL","timestamp":"2024-06-21T21:10:07.819Z","state":"queued","mode":"standard","creationDate":"2024-06-21T21:10:07.819Z","modificationDate":"2024-06-21T21:10:07.819Z","shortid":"KGZxrN6","$entitySet":"profiles"},"doDiffs":false,"timestamp":1719004207819,"id":"s7w29dtarftalgc","previousOperationId":null,"operationId":"de48jj3cpq8i60u"}
{"type":"log","level":"info","message":"Render request 103 queued for execution and waiting for available worker","previousOperationId":"de48jj3cpq8i60u","timestamp":1719004207819,"id":"yzmlr06glu65m0s"}
{"type":"operationStart","subtype":"render","name":"anonymous","previousOperationId":"de48jj3cpq8i60u","timestamp":1719004207833,"id":"61xt7k3to7avrei","previousEventId":"s7w29dtarftalgc","operationId":"lxzxvrx62vogh1m"}
{"type":"log","timestamp":1719004207833,"level":"info","message":"Starting rendering request 103","meta":{"rootId":"to0lm5vxiqo4ql5","id":"to0lm5vxiqo4ql5"},"id":"699tguldrnegmuw","previousOperationId":"lxzxvrx62vogh1m"}
{"type":"log","timestamp":1719004207834,"level":"info","message":"Rendering anonymous template { recipe: chrome-pdf, engine: handlebars }","meta":{"rootId":"to0lm5vxiqo4ql5","id":"to0lm5vxiqo4ql5"},"id":"ttkub9dx4f8wvxr","previousOperationId":"lxzxvrx62vogh1m"}
{"type":"log","timestamp":1719004207834,"level":"debug","message":"Inline data specified.","meta":{"rootId":"to0lm5vxiqo4ql5","id":"to0lm5vxiqo4ql5"},"id":"isvrb4l4tirt6w7","previousOperationId":"lxzxvrx62vogh1m"}
{"type":"log","timestamp":1719004207834,"level":"debug","message":"Base url not specified, skipping its injection.","meta":{"rootId":"to0lm5vxiqo4ql5","id":"to0lm5vxiqo4ql5"},"id":"6hspf49txvky9fh","previousOperationId":"lxzxvrx62vogh1m"}
{"type":"operationStart","subtype":"engine","name":"handlebars","timestamp":1719004207834,"id":"mlbzr11uj2uvvue","previousEventId":"61xt7k3to7avrei","operationId":"xl7qdz2rahdyzi8","previousOperationId":"lxzxvrx62vogh1m"}
{"type":"log","timestamp":1719004207834,"level":"debug","message":"Rendering engine handlebars","meta":{"rootId":"to0lm5vxiqo4ql5","id":"to0lm5vxiqo4ql5"},"id":"uxp3lm8cer0f586","previousOperationId":"xl7qdz2rahdyzi8"}
{"type":"operationEnd","operationId":"xl7qdz2rahdyzi8","timestamp":1719004207839,"id":"zigow8olc55qtov","previousEventId":"mlbzr11uj2uvvue","previousOperationId":"xl7qdz2rahdyzi8"}
{"type":"operationStart","subtype":"recipe","name":"chrome-pdf","timestamp":1719004207840,"id":"ntrkcwnjcv9s6nd","previousEventId":"zigow8olc55qtov","operationId":"bna9kc1n9id51g0","previousOperationId":"xl7qdz2rahdyzi8"}
{"type":"log","timestamp":1719004207840,"level":"debug","message":"Executing recipe chrome-pdf","meta":{"rootId":"to0lm5vxiqo4ql5","id":"to0lm5vxiqo4ql5"},"id":"9klrgpfx0ikegt6","previousOperationId":"bna9kc1n9id51g0"}
{"type":"log","timestamp":1719004207841,"level":"debug","message":"Starting child request to render pdf header","meta":{"rootId":"to0lm5vxiqo4ql5","id":"to0lm5vxiqo4ql5"},"id":"hd4u0063pnphj7f","previousOperationId":"bna9kc1n9id51g0"}
{"type":"operationStart","subtype":"render","name":"anonymous","previousOperationId":"bna9kc1n9id51g0","timestamp":1719004207842,"id":"jywmmmgvsd9tcf1","previousEventId":"ntrkcwnjcv9s6nd","operationId":"1iomc898blns0g2"}
{"type":"log","timestamp":1719004207842,"level":"info","message":"Starting rendering (child) request","meta":{"rootId":"to0lm5vxiqo4ql5","id":"haq8xl0lbsm9min"},"id":"ro3igtsyadog25o","previousOperationId":"1iomc898blns0g2"}
{"type":"log","timestamp":1719004207842,"level":"info","message":"Rendering anonymous template { recipe: html, engine: handlebars }","meta":{"rootId":"to0lm5vxiqo4ql5","id":"haq8xl0lbsm9min"},"id":"ut26o67sh391emn","previousOperationId":"1iomc898blns0g2"}
{"type":"log","timestamp":1719004207842,"level":"debug","message":"Inline data specified.","meta":{"rootId":"to0lm5vxiqo4ql5","id":"haq8xl0lbsm9min"},"id":"oooplbgr3dvrhji","previousOperationId":"1iomc898blns0g2"}
{"type":"log","timestamp":1719004207842,"level":"debug","message":"Base url not specified, skipping its injection.","meta":{"rootId":"to0lm5vxiqo4ql5","id":"haq8xl0lbsm9min"},"id":"7189qv04gpq3omv","previousOperationId":"1iomc898blns0g2"}
{"type":"operationStart","subtype":"engine","name":"handlebars","timestamp":1719004207842,"id":"4edaygg2ob6j4tu","previousEventId":"jywmmmgvsd9tcf1","operationId":"9rpnm4vslaar3lj","previousOperationId":"1iomc898blns0g2"}
{"type":"log","timestamp":1719004207842,"level":"debug","message":"Rendering engine handlebars","meta":{"rootId":"to0lm5vxiqo4ql5","id":"haq8xl0lbsm9min"},"id":"e2wpf7v9v69n773","previousOperationId":"9rpnm4vslaar3lj"}
{"type":"operationEnd","operationId":"9rpnm4vslaar3lj","timestamp":1719004207844,"id":"yc28gn2h53ddm8b","previousEventId":"4edaygg2ob6j4tu","previousOperationId":"9rpnm4vslaar3lj"}
{"type":"operationStart","subtype":"recipe","name":"html","timestamp":1719004207844,"id":"dp5gez1tdvihdo7","previousEventId":"yc28gn2h53ddm8b","operationId":"t90vz32xu3pxdrx","previousOperationId":"9rpnm4vslaar3lj"}
{"type":"log","timestamp":1719004207844,"level":"debug","message":"Executing recipe html","meta":{"rootId":"to0lm5vxiqo4ql5","id":"haq8xl0lbsm9min"},"id":"kpwn1g8yf030xs0","previousOperationId":"t90vz32xu3pxdrx"}
{"type":"operationEnd","operationId":"t90vz32xu3pxdrx","timestamp":1719004207844,"id":"h74fx7de6obgcam","previousEventId":"dp5gez1tdvihdo7","previousOperationId":"t90vz32xu3pxdrx"}
{"type":"log","timestamp":1719004207844,"level":"debug","message":"Skipping storing report.","meta":{"rootId":"to0lm5vxiqo4ql5","id":"haq8xl0lbsm9min"},"id":"jum352xapyw4n2p","previousOperationId":"t90vz32xu3pxdrx"}
{"type":"log","timestamp":1719004207844,"level":"info","message":"Rendering (child) request finished in 25 ms","meta":{"rootId":"to0lm5vxiqo4ql5","id":"haq8xl0lbsm9min"},"id":"rbu2tmdff9zepfw","previousOperationId":"t90vz32xu3pxdrx"}
{"type":"operationEnd","subtype":"render","operationId":"1iomc898blns0g2","timestamp":1719004207844,"id":"ddbl9zk27yzwjz2","previousEventId":"h74fx7de6obgcam","previousOperationId":"t90vz32xu3pxdrx"}
{"type":"log","timestamp":1719004207844,"level":"debug","message":"Starting child request to render pdf footer","meta":{"rootId":"to0lm5vxiqo4ql5","id":"to0lm5vxiqo4ql5"},"id":"qeck2rgbzclgzxr","previousOperationId":"bna9kc1n9id51g0"}
{"type":"operationStart","subtype":"render","name":"anonymous","previousOperationId":"bna9kc1n9id51g0","timestamp":1719004207844,"id":"ixheg2rqtc1rsc9","previousEventId":"ntrkcwnjcv9s6nd","operationId":"rml3xbwxrnac0e7"}
{"type":"log","timestamp":1719004207844,"level":"info","message":"Starting rendering (child) request","meta":{"rootId":"to0lm5vxiqo4ql5","id":"bzsei8p945jl2vp"},"id":"q4twukwa74948nd","previousOperationId":"rml3xbwxrnac0e7"}
{"type":"log","timestamp":1719004207844,"level":"info","message":"Rendering anonymous template { recipe: html, engine: handlebars }","meta":{"rootId":"to0lm5vxiqo4ql5","id":"bzsei8p945jl2vp"},"id":"yk5du3wirv7gd07","previousOperationId":"rml3xbwxrnac0e7"}
{"type":"log","timestamp":1719004207844,"level":"debug","message":"Inline data specified.","meta":{"rootId":"to0lm5vxiqo4ql5","id":"bzsei8p945jl2vp"},"id":"xbyc0rnge92p2rp","previousOperationId":"rml3xbwxrnac0e7"}
{"type":"log","timestamp":1719004207844,"level":"debug","message":"Base url not specified, skipping its injection.","meta":{"rootId":"to0lm5vxiqo4ql5","id":"bzsei8p945jl2vp"},"id":"9eoul1ka9tywi4y","previousOperationId":"rml3xbwxrnac0e7"}
{"type":"operationStart","subtype":"engine","name":"handlebars","timestamp":1719004207844,"id":"wl877uxu09umiqo","previousEventId":"ixheg2rqtc1rsc9","operationId":"s89ofkmskdbt1db","previousOperationId":"rml3xbwxrnac0e7"}
{"type":"log","timestamp":1719004207844,"level":"debug","message":"Rendering engine handlebars","meta":{"rootId":"to0lm5vxiqo4ql5","id":"bzsei8p945jl2vp"},"id":"d4qys9jl4be3as4","previousOperationId":"s89ofkmskdbt1db"}
{"type":"operationEnd","operationId":"s89ofkmskdbt1db","timestamp":1719004207846,"id":"io6lzc1fnkxun3h","previousEventId":"wl877uxu09umiqo","previousOperationId":"s89ofkmskdbt1db"}
{"type":"operationStart","subtype":"recipe","name":"html","timestamp":1719004207846,"id":"5uvcq7ygbsnsmtv","previousEventId":"io6lzc1fnkxun3h","operationId":"htlfj19ugpyallq","previousOperationId":"s89ofkmskdbt1db"}
{"type":"log","timestamp":1719004207846,"level":"debug","message":"Executing recipe html","meta":{"rootId":"to0lm5vxiqo4ql5","id":"bzsei8p945jl2vp"},"id":"4nhqu4f4r9c0tj5","previousOperationId":"htlfj19ugpyallq"}
{"type":"operationEnd","operationId":"htlfj19ugpyallq","timestamp":1719004207846,"id":"d6pak9cmqixvjyc","previousEventId":"5uvcq7ygbsnsmtv","previousOperationId":"htlfj19ugpyallq"}
{"type":"log","timestamp":1719004207846,"level":"debug","message":"Skipping storing report.","meta":{"rootId":"to0lm5vxiqo4ql5","id":"bzsei8p945jl2vp"},"id":"aapdy28jh65hkkl","previousOperationId":"htlfj19ugpyallq"}
{"type":"log","timestamp":1719004207846,"level":"info","message":"Rendering (child) request finished in 27 ms","meta":{"rootId":"to0lm5vxiqo4ql5","id":"bzsei8p945jl2vp"},"id":"4hyhdjfmuml93we","previousOperationId":"htlfj19ugpyallq"}
{"type":"operationEnd","subtype":"render","operationId":"rml3xbwxrnac0e7","timestamp":1719004207846,"id":"oj7fn6xxv6mg6n4","previousEventId":"d6pak9cmqixvjyc","previousOperationId":"htlfj19ugpyallq"}
{"type":"log","timestamp":1719004207848,"level":"debug","message":"Converting with chrome Chrome/126.0.6478.61 using chrome-pool strategy","meta":{"rootId":"to0lm5vxiqo4ql5","id":"to0lm5vxiqo4ql5"},"id":"j00gdjuyro2368r","previousOperationId":"bna9kc1n9id51g0"}
{"type":"log","timestamp":1719004207937,"level":"debug","message":"Page request: GET (document) file:///var/folders/2x/1bhfw9mx7d775w_jmf56lcp80000gn/T/jsreport/autocleanup/b6d36f51-7ee9-4160-9210-9cef11ff94e0-chrome-pdf.html","meta":{"rootId":"to0lm5vxiqo4ql5","id":"to0lm5vxiqo4ql5"},"id":"5mcx906vtbeqtk1","previousOperationId":"bna9kc1n9id51g0"}
{"type":"log","timestamp":1719004207943,"level":"debug","message":"Page request finished: GET (document) 200 file:///var/folders/2x/1bhfw9mx7d775w_jmf56lcp80000gn/T/jsreport/autocleanup/b6d36f51-7ee9-4160-9210-9cef11ff94e0-chrome-pdf.html","meta":{"rootId":"to0lm5vxiqo4ql5","id":"to0lm5vxiqo4ql5"},"id":"ziqih74aqzsun6x","previousOperationId":"bna9kc1n9id51g0"}
{"type":"log","timestamp":1719004207943,"level":"debug","message":"Page request: GET (stylesheet) https://cdnjs.cloudflare.com/ajax/libs/metro/4.1.5/css/metro.min.css","meta":{"rootId":"to0lm5vxiqo4ql5","id":"to0lm5vxiqo4ql5"},"id":"vlxkkpa0yz3ggdx","previousOperationId":"bna9kc1n9id51g0"}
{"type":"log","timestamp":1719004207943,"level":"debug","message":"Page request: GET (script) https://cdnjs.cloudflare.com/ajax/libs/Chart.js/2.7.2/Chart.min.js","meta":{"rootId":"to0lm5vxiqo4ql5","id":"to0lm5vxiqo4ql5"},"id":"o90slq6th99159l","previousOperationId":"bna9kc1n9id51g0"}
{"type":"log","timestamp":1719004207953,"level":"debug","message":"Page request finished: GET (stylesheet) 200 https://cdnjs.cloudflare.com/ajax/libs/metro/4.1.5/css/metro.min.css","meta":{"rootId":"to0lm5vxiqo4ql5","id":"to0lm5vxiqo4ql5"},"id":"du6fj56l8f6rua0","previousOperationId":"bna9kc1n9id51g0"}
{"type":"log","timestamp":1719004207953,"level":"debug","message":"Page request finished: GET (script) 200 https://cdnjs.cloudflare.com/ajax/libs/Chart.js/2.7.2/Chart.min.js","meta":{"rootId":"to0lm5vxiqo4ql5","id":"to0lm5vxiqo4ql5"},"id":"lhedt6xufv9om2j","previousOperationId":"bna9kc1n9id51g0"}
{"type":"log","timestamp":1719004207991,"level":"debug","message":"Running chrome with params {\"displayHeaderFooter\":true,\"headerTemplate\":\"...\",\"footerTemplate\":\"...\",\"marginTop\":\"1cm\",\"marginRight\":\"1cm\",\"marginBottom\":\"2cm\",\"marginLeft\":\"1cm\",\"timeout\":59973,\"margin\":{\"top\":\"1cm\",\"right\":\"1cm\",\"bottom\":\"2cm\",\"left\":\"1cm\"},\"printBackground\":true}","meta":{"rootId":"to0lm5vxiqo4ql5","id":"to0lm5vxiqo4ql5"},"id":"rna95m55vlzlphn","previousOperationId":"bna9kc1n9id51g0"}
{"type":"operationEnd","operationId":"bna9kc1n9id51g0","timestamp":1719004208164,"id":"ci87mp93yjvy7u4","previousEventId":"ntrkcwnjcv9s6nd","previousOperationId":"bna9kc1n9id51g0"}
{"type":"log","timestamp":1719004208164,"level":"debug","message":"Skipping storing report.","meta":{"rootId":"to0lm5vxiqo4ql5","id":"to0lm5vxiqo4ql5"},"id":"2ao6zz9hwizz0mv","previousOperationId":"bna9kc1n9id51g0"}
{"type":"log","timestamp":1719004208164,"level":"info","message":"Rendering request 103 finished in 345 ms","meta":{"rootId":"to0lm5vxiqo4ql5","id":"to0lm5vxiqo4ql5"},"id":"9xcgv9x4qwe85j1","previousOperationId":"bna9kc1n9id51g0"}
{"type":"operationEnd","subtype":"render","operationId":"lxzxvrx62vogh1m","timestamp":1719004208164,"id":"rsek3ocer5h9a0h","previousEventId":"ci87mp93yjvy7u4","previousOperationId":"bna9kc1n9id51g0"}
{"type":"operationEnd","doDiffs":false,"previousEventId":"s7w29dtarftalgc","previousOperationId":"de48jj3cpq8i60u","operationId":"de48jj3cpq8i60u","timestamp":1719004208164,"id":"aikrzapbazrquu7"}
