{"type":"operationStart","subtype":"profile","data":{"_id":"2cWMZJuUojYedB24","timestamp":"2024-06-21T16:03:46.087Z","state":"queued","mode":"standard","creationDate":"2024-06-21T16:03:46.093Z","modificationDate":"2024-06-21T16:03:46.093Z","shortid":"gB00ZIk","$entitySet":"profiles"},"doDiffs":false,"timestamp":1718985826090,"id":"82ds3fw9ez7qpbw","previousOperationId":null,"operationId":"valuj8zlu35jw2f"}
{"type":"log","level":"info","message":"Render request 6 queued for execution and waiting for available worker","previousOperationId":"valuj8zlu35jw2f","timestamp":1718985826091,"id":"ilwbgujs2dk2jkv"}
{"type":"operationStart","subtype":"render","name":"anonymous","previousOperationId":"valuj8zlu35jw2f","timestamp":1718985826125,"id":"150341rpz8q97cl","previousEventId":"82ds3fw9ez7qpbw","operationId":"c0wuq1n6q08rfoi"}
{"type":"log","timestamp":1718985826130,"level":"info","message":"Starting rendering request 6","meta":{"rootId":"tv4wh3k4v73izqt","id":"tv4wh3k4v73izqt"},"id":"c8v29rwbxsavxxt","previousOperationId":"c0wuq1n6q08rfoi"}
{"type":"log","timestamp":1718985826131,"level":"info","message":"Rendering anonymous template { recipe: chrome-pdf, engine: handlebars }","meta":{"rootId":"tv4wh3k4v73izqt","id":"tv4wh3k4v73izqt"},"id":"x12d5d6jqtsx93s","previousOperationId":"c0wuq1n6q08rfoi"}
{"type":"log","timestamp":1718985826131,"level":"debug","message":"Inline data specified.","meta":{"rootId":"tv4wh3k4v73izqt","id":"tv4wh3k4v73izqt"},"id":"0dfasf8otdqsuvn","previousOperationId":"c0wuq1n6q08rfoi"}
{"type":"log","timestamp":1718985826136,"level":"debug","message":"Base url not specified, skipping its injection.","meta":{"rootId":"tv4wh3k4v73izqt","id":"tv4wh3k4v73izqt"},"id":"2fdvv61xbnqz916","previousOperationId":"c0wuq1n6q08rfoi"}
{"type":"operationStart","subtype":"engine","name":"handlebars","timestamp":1718985826140,"id":"bmbcdeuhmx5fvux","previousEventId":"150341rpz8q97cl","operationId":"2c4c599m2vtxyze","previousOperationId":"c0wuq1n6q08rfoi"}
{"type":"log","timestamp":1718985826140,"level":"debug","message":"Rendering engine handlebars","meta":{"rootId":"tv4wh3k4v73izqt","id":"tv4wh3k4v73izqt"},"id":"xwrh1k7y3jd7f1z","previousOperationId":"2c4c599m2vtxyze"}
{"type":"operationEnd","operationId":"2c4c599m2vtxyze","timestamp":1718985826181,"id":"3v1ss9s9d9myvns","previousEventId":"bmbcdeuhmx5fvux","previousOperationId":"2c4c599m2vtxyze"}
{"type":"operationStart","subtype":"recipe","name":"chrome-pdf","timestamp":1718985826183,"id":"clzanhl5dlu0uxk","previousEventId":"3v1ss9s9d9myvns","operationId":"r14zl63b54kw07h","previousOperationId":"2c4c599m2vtxyze"}
{"type":"log","timestamp":1718985826183,"level":"debug","message":"Executing recipe chrome-pdf","meta":{"rootId":"tv4wh3k4v73izqt","id":"tv4wh3k4v73izqt"},"id":"3opxgp5ain5r4un","previousOperationId":"r14zl63b54kw07h"}
{"type":"log","timestamp":1718985826204,"level":"debug","message":"Converting with chrome Chrome/126.0.6478.61 using chrome-pool strategy","meta":{"rootId":"tv4wh3k4v73izqt","id":"tv4wh3k4v73izqt"},"id":"oawkx6yt0z48r04","previousOperationId":"r14zl63b54kw07h"}
{"type":"log","timestamp":1718985826605,"level":"debug","message":"Page request: GET (document) file:///var/folders/2x/1bhfw9mx7d775w_jmf56lcp80000gn/T/jsreport/autocleanup/3c2153c8-d485-4012-bfe3-cf214fcb7db0-chrome-pdf.html","meta":{"rootId":"tv4wh3k4v73izqt","id":"tv4wh3k4v73izqt"},"id":"j669lry7qbjc27y","previousOperationId":"r14zl63b54kw07h"}
{"type":"log","timestamp":1718985826631,"level":"debug","message":"Page request finished: GET (document) 200 file:///var/folders/2x/1bhfw9mx7d775w_jmf56lcp80000gn/T/jsreport/autocleanup/3c2153c8-d485-4012-bfe3-cf214fcb7db0-chrome-pdf.html","meta":{"rootId":"tv4wh3k4v73izqt","id":"tv4wh3k4v73izqt"},"id":"d90sug1e52q5n6t","previousOperationId":"r14zl63b54kw07h"}
{"type":"log","timestamp":1718985826633,"level":"debug","message":"Page request: GET (stylesheet) https://cdnjs.cloudflare.com/ajax/libs/metro/4.1.5/css/metro.min.css","meta":{"rootId":"tv4wh3k4v73izqt","id":"tv4wh3k4v73izqt"},"id":"70pn7zs4hafcszu","previousOperationId":"r14zl63b54kw07h"}
{"type":"log","timestamp":1718985826633,"level":"debug","message":"Page request: GET (script) https://cdnjs.cloudflare.com/ajax/libs/Chart.js/2.7.2/Chart.min.js","meta":{"rootId":"tv4wh3k4v73izqt","id":"tv4wh3k4v73izqt"},"id":"0cqt5hj8wixyyxy","previousOperationId":"r14zl63b54kw07h"}
{"type":"log","timestamp":1718985826649,"level":"debug","message":"Page request finished: GET (stylesheet) 200 https://cdnjs.cloudflare.com/ajax/libs/metro/4.1.5/css/metro.min.css","meta":{"rootId":"tv4wh3k4v73izqt","id":"tv4wh3k4v73izqt"},"id":"yn1j9n6eu8cdcu5","previousOperationId":"r14zl63b54kw07h"}
{"type":"log","timestamp":1718985826649,"level":"debug","message":"Page request finished: GET (script) 200 https://cdnjs.cloudflare.com/ajax/libs/Chart.js/2.7.2/Chart.min.js","meta":{"rootId":"tv4wh3k4v73izqt","id":"tv4wh3k4v73izqt"},"id":"16122o7r1offop0","previousOperationId":"r14zl63b54kw07h"}
{"type":"log","timestamp":1718985826670,"level":"debug","message":"Running chrome with params {\"timeout\":59894,\"margin\":{},\"printBackground\":true}","meta":{"rootId":"tv4wh3k4v73izqt","id":"tv4wh3k4v73izqt"},"id":"s38leypzd1nw0fr","previousOperationId":"r14zl63b54kw07h"}
{"type":"operationEnd","operationId":"r14zl63b54kw07h","timestamp":1718985826963,"id":"cvqf69cv3rplhhy","previousEventId":"clzanhl5dlu0uxk","previousOperationId":"r14zl63b54kw07h"}
{"type":"log","timestamp":1718985826963,"level":"debug","message":"Skipping storing report.","meta":{"rootId":"tv4wh3k4v73izqt","id":"tv4wh3k4v73izqt"},"id":"0tfk3t6tt3f1l76","previousOperationId":"r14zl63b54kw07h"}
{"type":"log","timestamp":1718985826963,"level":"info","message":"Rendering request 6 finished in 882 ms","meta":{"rootId":"tv4wh3k4v73izqt","id":"tv4wh3k4v73izqt"},"id":"p4qxnzmop87wrw3","previousOperationId":"r14zl63b54kw07h"}
{"type":"operationEnd","subtype":"render","operationId":"c0wuq1n6q08rfoi","timestamp":1718985826963,"id":"sm4dhjz4hv61mbc","previousEventId":"cvqf69cv3rplhhy","previousOperationId":"r14zl63b54kw07h"}
{"type":"operationEnd","doDiffs":false,"previousEventId":"82ds3fw9ez7qpbw","previousOperationId":"valuj8zlu35jw2f","operationId":"valuj8zlu35jw2f","timestamp":1718985826963,"id":"lohsqa5rvbbueol"}
