{"type":"operationStart","subtype":"profile","data":{"_id":"hl3CqCvD5OsjvNtS","timestamp":"2024-06-21T22:12:25.665Z","state":"queued","mode":"standard","creationDate":"2024-06-21T22:12:25.667Z","modificationDate":"2024-06-21T22:12:25.667Z","shortid":"mC8MMM9","$entitySet":"profiles"},"doDiffs":false,"timestamp":1719007945665,"id":"w5yqd51bijwi5se","previousOperationId":null,"operationId":"0xkjh9ml7pt558t"}
{"type":"log","level":"info","message":"Render request 142 queued for execution and waiting for available worker","previousOperationId":"0xkjh9ml7pt558t","timestamp":1719007945666,"id":"l9kl9z59cr4igwl"}
{"type":"operationStart","subtype":"render","name":"anonymous","previousOperationId":"0xkjh9ml7pt558t","timestamp":1719007945681,"id":"wjzvgovzz85qql3","previousEventId":"w5yqd51bijwi5se","operationId":"3j8p642w17drnxs"}
{"type":"log","timestamp":1719007945681,"level":"info","message":"Starting rendering request 142","meta":{"rootId":"u4nx3e1k2zljq80","id":"u4nx3e1k2zljq80"},"id":"pk7bge5uny8170c","previousOperationId":"3j8p642w17drnxs"}
{"type":"log","timestamp":1719007945681,"level":"info","message":"Rendering anonymous template { recipe: chrome-pdf, engine: handlebars }","meta":{"rootId":"u4nx3e1k2zljq80","id":"u4nx3e1k2zljq80"},"id":"hsks096hbktiugk","previousOperationId":"3j8p642w17drnxs"}
{"type":"log","timestamp":1719007945682,"level":"debug","message":"Inline data specified.","meta":{"rootId":"u4nx3e1k2zljq80","id":"u4nx3e1k2zljq80"},"id":"lmq165c6v77gxw4","previousOperationId":"3j8p642w17drnxs"}
{"type":"log","timestamp":1719007945683,"level":"debug","message":"Base url not specified, skipping its injection.","meta":{"rootId":"u4nx3e1k2zljq80","id":"u4nx3e1k2zljq80"},"id":"jmiwpac1cgtxski","previousOperationId":"3j8p642w17drnxs"}
{"type":"operationStart","subtype":"engine","name":"handlebars","timestamp":1719007945684,"id":"itu8cz46et8sx9f","previousEventId":"wjzvgovzz85qql3","operationId":"6arivwt6h1vpdi4","previousOperationId":"3j8p642w17drnxs"}
{"type":"log","timestamp":1719007945684,"level":"debug","message":"Rendering engine handlebars","meta":{"rootId":"u4nx3e1k2zljq80","id":"u4nx3e1k2zljq80"},"id":"176h0q2s8gtsxes","previousOperationId":"6arivwt6h1vpdi4"}
{"type":"operationEnd","operationId":"6arivwt6h1vpdi4","timestamp":1719007945713,"id":"51ojurtzjukftfm","previousEventId":"itu8cz46et8sx9f","previousOperationId":"6arivwt6h1vpdi4"}
{"type":"operationStart","subtype":"recipe","name":"chrome-pdf","timestamp":1719007945714,"id":"ftpgsqhig6hcflk","previousEventId":"51ojurtzjukftfm","operationId":"4ycez5t5tjwzjsr","previousOperationId":"6arivwt6h1vpdi4"}
{"type":"log","timestamp":1719007945714,"level":"debug","message":"Executing recipe chrome-pdf","meta":{"rootId":"u4nx3e1k2zljq80","id":"u4nx3e1k2zljq80"},"id":"xnmx1ad2hgfvu0i","previousOperationId":"4ycez5t5tjwzjsr"}
{"type":"log","timestamp":1719007945729,"level":"debug","message":"Converting with chrome Chrome/126.0.6478.61 using chrome-pool strategy","meta":{"rootId":"u4nx3e1k2zljq80","id":"u4nx3e1k2zljq80"},"id":"xh752io7rgoe1z8","previousOperationId":"4ycez5t5tjwzjsr"}
{"type":"log","timestamp":1719007946567,"level":"debug","message":"Page request: GET (document) file:///var/folders/2x/1bhfw9mx7d775w_jmf56lcp80000gn/T/jsreport/autocleanup/b69e47df-79f8-4503-be48-ca168fd9d9dd-chrome-pdf.html","meta":{"rootId":"u4nx3e1k2zljq80","id":"u4nx3e1k2zljq80"},"id":"39yegvt5osomtl1","previousOperationId":"4ycez5t5tjwzjsr"}
{"type":"log","timestamp":1719007946591,"level":"debug","message":"Page request finished: GET (document) 200 file:///var/folders/2x/1bhfw9mx7d775w_jmf56lcp80000gn/T/jsreport/autocleanup/b69e47df-79f8-4503-be48-ca168fd9d9dd-chrome-pdf.html","meta":{"rootId":"u4nx3e1k2zljq80","id":"u4nx3e1k2zljq80"},"id":"rm5e2rqvgumbqlj","previousOperationId":"4ycez5t5tjwzjsr"}
{"type":"log","timestamp":1719007946594,"level":"debug","message":"Page request: GET (stylesheet) https://cdnjs.cloudflare.com/ajax/libs/metro/4.1.5/css/metro.min.css","meta":{"rootId":"u4nx3e1k2zljq80","id":"u4nx3e1k2zljq80"},"id":"6u8e5hgozmlxt98","previousOperationId":"4ycez5t5tjwzjsr"}
{"type":"log","timestamp":1719007946594,"level":"debug","message":"Page request: GET (script) https://cdnjs.cloudflare.com/ajax/libs/Chart.js/2.7.2/Chart.min.js","meta":{"rootId":"u4nx3e1k2zljq80","id":"u4nx3e1k2zljq80"},"id":"ey6jithv5133pbm","previousOperationId":"4ycez5t5tjwzjsr"}
{"type":"log","timestamp":1719007946606,"level":"debug","message":"Page request finished: GET (stylesheet) 200 https://cdnjs.cloudflare.com/ajax/libs/metro/4.1.5/css/metro.min.css","meta":{"rootId":"u4nx3e1k2zljq80","id":"u4nx3e1k2zljq80"},"id":"afjkhtumyccs7d6","previousOperationId":"4ycez5t5tjwzjsr"}
{"type":"log","timestamp":1719007946607,"level":"debug","message":"Page request finished: GET (script) 200 https://cdnjs.cloudflare.com/ajax/libs/Chart.js/2.7.2/Chart.min.js","meta":{"rootId":"u4nx3e1k2zljq80","id":"u4nx3e1k2zljq80"},"id":"gwh5rwf36j56jji","previousOperationId":"4ycez5t5tjwzjsr"}
{"type":"log","timestamp":1719007946693,"level":"debug","message":"Running chrome with params {\"marginTop\":\"2cm\",\"marginRight\":\"1.5cm\",\"marginLeft\":\"1.5cm\",\"marginBottom\":\"1.5cm\",\"timeout\":59942,\"margin\":{\"top\":\"2cm\",\"right\":\"1.5cm\",\"bottom\":\"1.5cm\",\"left\":\"1.5cm\"},\"printBackground\":true}","meta":{"rootId":"u4nx3e1k2zljq80","id":"u4nx3e1k2zljq80"},"id":"su61mrav7b7f8gp","previousOperationId":"4ycez5t5tjwzjsr"}
{"type":"operationEnd","operationId":"4ycez5t5tjwzjsr","timestamp":1719007946952,"id":"scwgsj21sl8kop4","previousEventId":"ftpgsqhig6hcflk","previousOperationId":"4ycez5t5tjwzjsr"}
{"type":"log","timestamp":1719007946952,"level":"info","message":"pdf-utils is starting pdf processing","meta":{"rootId":"u4nx3e1k2zljq80","id":"u4nx3e1k2zljq80"},"id":"nsdtqsc7u7hn6bg","previousOperationId":"4ycez5t5tjwzjsr"}
{"type":"operationStart","subtype":"pdfUtils","name":"pdf utils","timestamp":1719007946952,"id":"l55os0ftcq7y7r4","previousEventId":"scwgsj21sl8kop4","operationId":"7czzuyqsg3mqyq6","previousOperationId":"4ycez5t5tjwzjsr"}
{"type":"log","timestamp":1719007946952,"level":"debug","message":"pdf-utils detected 1 pdf operation(s) to process","meta":{"rootId":"u4nx3e1k2zljq80","id":"u4nx3e1k2zljq80"},"id":"rn8ei3j3ipia69h","previousOperationId":"7czzuyqsg3mqyq6"}
{"type":"log","timestamp":1719007946967,"level":"debug","message":"pdf-utils running pdf operation merge","meta":{"rootId":"u4nx3e1k2zljq80","id":"u4nx3e1k2zljq80"},"id":"kumoemsrx8u1ztv","previousOperationId":"7czzuyqsg3mqyq6"}
{"type":"operationStart","subtype":"pdfUtilsMerge","name":"pdf utils merge","previousOperationId":"7czzuyqsg3mqyq6","timestamp":1719007946967,"id":"500bnvvehv6tnue","previousEventId":"l55os0ftcq7y7r4","operationId":"40eiu22abu42tth"}
{"type":"operationStart","subtype":"render","name":"anonymous","previousOperationId":"40eiu22abu42tth","timestamp":1719007946967,"id":"k7cb2fucxh0sdan","previousEventId":"500bnvvehv6tnue","operationId":"6v7clj21dmffv2v"}
{"type":"log","timestamp":1719007946967,"level":"info","message":"Starting rendering (child) request","meta":{"rootId":"u4nx3e1k2zljq80","id":"35mp7wstkwiteym"},"id":"3vg2x4gbxybtv1w","previousOperationId":"6v7clj21dmffv2v"}
{"type":"log","timestamp":1719007946967,"level":"info","message":"Rendering anonymous template { recipe: chrome-pdf, engine: handlebars }","meta":{"rootId":"u4nx3e1k2zljq80","id":"35mp7wstkwiteym"},"id":"yd9dtigvpluzvkt","previousOperationId":"6v7clj21dmffv2v"}
{"type":"log","timestamp":1719007946967,"level":"debug","message":"Inline data specified.","meta":{"rootId":"u4nx3e1k2zljq80","id":"35mp7wstkwiteym"},"id":"gsb805gulmu7q5p","previousOperationId":"6v7clj21dmffv2v"}
{"type":"log","timestamp":1719007946968,"level":"debug","message":"Base url not specified, skipping its injection.","meta":{"rootId":"u4nx3e1k2zljq80","id":"35mp7wstkwiteym"},"id":"m0odbtx6d9d5lst","previousOperationId":"6v7clj21dmffv2v"}
{"type":"operationStart","subtype":"engine","name":"handlebars","timestamp":1719007946968,"id":"j346e2zb1ryezpw","previousEventId":"k7cb2fucxh0sdan","operationId":"mbgf3q39zbgpvd5","previousOperationId":"6v7clj21dmffv2v"}
{"type":"log","timestamp":1719007946968,"level":"debug","message":"Rendering engine handlebars","meta":{"rootId":"u4nx3e1k2zljq80","id":"35mp7wstkwiteym"},"id":"5llvqmphxel4toc","previousOperationId":"mbgf3q39zbgpvd5"}
{"type":"operationEnd","operationId":"mbgf3q39zbgpvd5","timestamp":1719007946970,"id":"ixusevczs1pa91u","previousEventId":"j346e2zb1ryezpw","previousOperationId":"mbgf3q39zbgpvd5"}
{"type":"operationStart","subtype":"recipe","name":"chrome-pdf","timestamp":1719007946970,"id":"hh88g2gn5mzwsd3","previousEventId":"ixusevczs1pa91u","operationId":"sdatg6p0d4xp59x","previousOperationId":"mbgf3q39zbgpvd5"}
{"type":"log","timestamp":1719007946970,"level":"debug","message":"Executing recipe chrome-pdf","meta":{"rootId":"u4nx3e1k2zljq80","id":"35mp7wstkwiteym"},"id":"m6lqpxu11jy4rmo","previousOperationId":"sdatg6p0d4xp59x"}
{"type":"log","timestamp":1719007946971,"level":"debug","message":"Converting with chrome Chrome/126.0.6478.61 using chrome-pool strategy","meta":{"rootId":"u4nx3e1k2zljq80","id":"35mp7wstkwiteym"},"id":"k3u29pykykeycgi","previousOperationId":"sdatg6p0d4xp59x"}
{"type":"log","timestamp":1719007947029,"level":"debug","message":"Page request: GET (document) file:///var/folders/2x/1bhfw9mx7d775w_jmf56lcp80000gn/T/jsreport/autocleanup/64ff41e3-7168-4aee-9d50-428d80e2ec23-chrome-pdf.html","meta":{"rootId":"u4nx3e1k2zljq80","id":"35mp7wstkwiteym"},"id":"8pa7nz0zyjznl1m","previousOperationId":"sdatg6p0d4xp59x"}
{"type":"log","timestamp":1719007947035,"level":"debug","message":"Page request finished: GET (document) 200 file:///var/folders/2x/1bhfw9mx7d775w_jmf56lcp80000gn/T/jsreport/autocleanup/64ff41e3-7168-4aee-9d50-428d80e2ec23-chrome-pdf.html","meta":{"rootId":"u4nx3e1k2zljq80","id":"35mp7wstkwiteym"},"id":"4sp4rp7wkz3b6qr","previousOperationId":"sdatg6p0d4xp59x"}
{"type":"log","timestamp":1719007947037,"level":"debug","message":"Running chrome with params {\"timeout\":58688,\"margin\":{},\"printBackground\":true}","meta":{"rootId":"u4nx3e1k2zljq80","id":"35mp7wstkwiteym"},"id":"vy8be10u54zuj1i","previousOperationId":"sdatg6p0d4xp59x"}
{"type":"operationEnd","operationId":"sdatg6p0d4xp59x","timestamp":1719007947080,"id":"l4wzmajn24cgu4a","previousEventId":"hh88g2gn5mzwsd3","previousOperationId":"sdatg6p0d4xp59x"}
{"type":"log","timestamp":1719007947080,"level":"debug","message":"Skipping storing report.","meta":{"rootId":"u4nx3e1k2zljq80","id":"35mp7wstkwiteym"},"id":"c0gcex955irgqhp","previousOperationId":"sdatg6p0d4xp59x"}
{"type":"log","timestamp":1719007947080,"level":"info","message":"Rendering (child) request finished in 1422 ms","meta":{"rootId":"u4nx3e1k2zljq80","id":"35mp7wstkwiteym"},"id":"452ddamdst9u0rb","previousOperationId":"sdatg6p0d4xp59x"}
{"type":"operationEnd","subtype":"render","operationId":"6v7clj21dmffv2v","timestamp":1719007947080,"id":"99egy3w8pqys34q","previousEventId":"l4wzmajn24cgu4a","previousOperationId":"sdatg6p0d4xp59x"}
{"type":"operationEnd","operationId":"40eiu22abu42tth","timestamp":1719007947094,"id":"vneuzv695r8vbay","previousEventId":"500bnvvehv6tnue","previousOperationId":"40eiu22abu42tth"}
{"type":"log","timestamp":1719007947094,"level":"debug","message":"pdf-utils postprocess start","meta":{"rootId":"u4nx3e1k2zljq80","id":"u4nx3e1k2zljq80"},"id":"jvwy14un17j8lt2","previousOperationId":"40eiu22abu42tth"}
{"type":"log","timestamp":1719007947109,"level":"debug","message":"pdf-utils postprocess end","meta":{"rootId":"u4nx3e1k2zljq80","id":"u4nx3e1k2zljq80"},"id":"d99chczzy5xz3vf","previousOperationId":"40eiu22abu42tth"}
{"type":"operationEnd","operationId":"7czzuyqsg3mqyq6","timestamp":1719007947109,"id":"qn47fwhrw1dwk9v","previousEventId":"vneuzv695r8vbay","previousOperationId":"40eiu22abu42tth"}
{"type":"log","timestamp":1719007947112,"level":"info","message":"pdf-utils pdf processing was finished","meta":{"rootId":"u4nx3e1k2zljq80","id":"u4nx3e1k2zljq80"},"id":"mi41fpyr6zvqabd","previousOperationId":"7czzuyqsg3mqyq6"}
{"type":"log","timestamp":1719007947112,"level":"debug","message":"Skipping storing report.","meta":{"rootId":"u4nx3e1k2zljq80","id":"u4nx3e1k2zljq80"},"id":"nlypd6d2sf6rhtz","previousOperationId":"7czzuyqsg3mqyq6"}
{"type":"log","timestamp":1719007947112,"level":"info","message":"Rendering request 142 finished in 1454 ms","meta":{"rootId":"u4nx3e1k2zljq80","id":"u4nx3e1k2zljq80"},"id":"39a1px8vmkxumeq","previousOperationId":"7czzuyqsg3mqyq6"}
{"type":"operationEnd","subtype":"render","operationId":"3j8p642w17drnxs","timestamp":1719007947112,"id":"b3znknzwwilv5bw","previousEventId":"qn47fwhrw1dwk9v","previousOperationId":"7czzuyqsg3mqyq6"}
{"type":"operationEnd","doDiffs":false,"previousEventId":"w5yqd51bijwi5se","previousOperationId":"0xkjh9ml7pt558t","operationId":"0xkjh9ml7pt558t","timestamp":1719007947114,"id":"mm1pgxy6xkgsey2"}
