{"type":"operationStart","subtype":"profile","data":{"_id":"KuwjB3ofKye3PHnC","timestamp":"2024-06-21T19:50:29.630Z","state":"queued","mode":"standard","creationDate":"2024-06-21T19:50:29.631Z","modificationDate":"2024-06-21T19:50:29.631Z","shortid":"J4CYi0u","$entitySet":"profiles"},"doDiffs":false,"timestamp":1718999429631,"id":"bcc6u7j2h92pkfn","previousOperationId":null,"operationId":"wx0dg7a35x16hu4"}
{"type":"log","level":"info","message":"Render request 54 queued for execution and waiting for available worker","previousOperationId":"wx0dg7a35x16hu4","timestamp":1718999429631,"id":"hh42loaj3cbimpb"}
{"type":"operationStart","subtype":"render","name":"anonymous","previousOperationId":"wx0dg7a35x16hu4","timestamp":1718999429649,"id":"2kcl4l2qesijc5x","previousEventId":"bcc6u7j2h92pkfn","operationId":"hhao8vz8ycvay3r"}
{"type":"log","timestamp":1718999429649,"level":"info","message":"Starting rendering request 54","meta":{"rootId":"ugj9ulkazrmm0fa","id":"ugj9ulkazrmm0fa"},"id":"kvtxa156zis05ll","previousOperationId":"hhao8vz8ycvay3r"}
{"type":"log","timestamp":1718999429649,"level":"info","message":"Rendering anonymous template { recipe: chrome-pdf, engine: handlebars }","meta":{"rootId":"ugj9ulkazrmm0fa","id":"ugj9ulkazrmm0fa"},"id":"j2avkf8b7h811g8","previousOperationId":"hhao8vz8ycvay3r"}
{"type":"log","timestamp":1718999429649,"level":"debug","message":"Inline data specified.","meta":{"rootId":"ugj9ulkazrmm0fa","id":"ugj9ulkazrmm0fa"},"id":"h6q8nszcas3q4vm","previousOperationId":"hhao8vz8ycvay3r"}
{"type":"log","timestamp":1718999429649,"level":"debug","message":"Base url not specified, skipping its injection.","meta":{"rootId":"ugj9ulkazrmm0fa","id":"ugj9ulkazrmm0fa"},"id":"mepfmxjwzelofze","previousOperationId":"hhao8vz8ycvay3r"}
{"type":"operationStart","subtype":"engine","name":"handlebars","timestamp":1718999429649,"id":"cskz0f1huahh4oq","previousEventId":"2kcl4l2qesijc5x","operationId":"hdohurik22y980y","previousOperationId":"hhao8vz8ycvay3r"}
{"type":"log","timestamp":1718999429649,"level":"debug","message":"Rendering engine handlebars","meta":{"rootId":"ugj9ulkazrmm0fa","id":"ugj9ulkazrmm0fa"},"id":"ba4keshvobekh1u","previousOperationId":"hdohurik22y980y"}
{"type":"operationEnd","operationId":"hdohurik22y980y","timestamp":1718999429652,"id":"n35ksiuuqiao96i","previousEventId":"cskz0f1huahh4oq","previousOperationId":"hdohurik22y980y"}
{"type":"operationStart","subtype":"recipe","name":"chrome-pdf","timestamp":1718999429653,"id":"3ptld95iaxrgs8e","previousEventId":"n35ksiuuqiao96i","operationId":"jxp69a6u5t3m8cc","previousOperationId":"hdohurik22y980y"}
{"type":"log","timestamp":1718999429653,"level":"debug","message":"Executing recipe chrome-pdf","meta":{"rootId":"ugj9ulkazrmm0fa","id":"ugj9ulkazrmm0fa"},"id":"2xqo3b1x0bp3yjl","previousOperationId":"jxp69a6u5t3m8cc"}
{"type":"log","timestamp":1718999429654,"level":"debug","message":"Converting with chrome Chrome/126.0.6478.61 using chrome-pool strategy","meta":{"rootId":"ugj9ulkazrmm0fa","id":"ugj9ulkazrmm0fa"},"id":"1mxcblzebtgktbu","previousOperationId":"jxp69a6u5t3m8cc"}
{"type":"log","timestamp":1718999429734,"level":"debug","message":"Page request: GET (document) file:///var/folders/2x/1bhfw9mx7d775w_jmf56lcp80000gn/T/jsreport/autocleanup/7481b33f-2eb1-4156-80b7-55bb07a01996-chrome-pdf.html","meta":{"rootId":"ugj9ulkazrmm0fa","id":"ugj9ulkazrmm0fa"},"id":"nnf69flclbhtbil","previousOperationId":"jxp69a6u5t3m8cc"}
{"type":"log","timestamp":1718999429738,"level":"debug","message":"Page request finished: GET (document) 200 file:///var/folders/2x/1bhfw9mx7d775w_jmf56lcp80000gn/T/jsreport/autocleanup/7481b33f-2eb1-4156-80b7-55bb07a01996-chrome-pdf.html","meta":{"rootId":"ugj9ulkazrmm0fa","id":"ugj9ulkazrmm0fa"},"id":"7b9js2600b0z022","previousOperationId":"jxp69a6u5t3m8cc"}
{"type":"log","timestamp":1718999429738,"level":"debug","message":"Page request: GET (stylesheet) https://cdnjs.cloudflare.com/ajax/libs/metro/4.1.5/css/metro.min.css","meta":{"rootId":"ugj9ulkazrmm0fa","id":"ugj9ulkazrmm0fa"},"id":"x0k1hd0yqfdkjv8","previousOperationId":"jxp69a6u5t3m8cc"}
{"type":"log","timestamp":1718999429738,"level":"debug","message":"Page request: GET (script) https://cdnjs.cloudflare.com/ajax/libs/Chart.js/2.7.2/Chart.min.js","meta":{"rootId":"ugj9ulkazrmm0fa","id":"ugj9ulkazrmm0fa"},"id":"c5yhx1cdcrudb22","previousOperationId":"jxp69a6u5t3m8cc"}
{"type":"log","timestamp":1718999429746,"level":"debug","message":"Page request finished: GET (stylesheet) 200 https://cdnjs.cloudflare.com/ajax/libs/metro/4.1.5/css/metro.min.css","meta":{"rootId":"ugj9ulkazrmm0fa","id":"ugj9ulkazrmm0fa"},"id":"ke1i9voy1xs8708","previousOperationId":"jxp69a6u5t3m8cc"}
{"type":"log","timestamp":1718999429747,"level":"debug","message":"Page request finished: GET (script) 200 https://cdnjs.cloudflare.com/ajax/libs/Chart.js/2.7.2/Chart.min.js","meta":{"rootId":"ugj9ulkazrmm0fa","id":"ugj9ulkazrmm0fa"},"id":"9p9mdfp280nss41","previousOperationId":"jxp69a6u5t3m8cc"}
{"type":"log","timestamp":1718999429752,"level":"debug","message":"Running chrome with params {\"timeout\":59977,\"margin\":{},\"printBackground\":true}","meta":{"rootId":"ugj9ulkazrmm0fa","id":"ugj9ulkazrmm0fa"},"id":"zhun38uj8vbz8wb","previousOperationId":"jxp69a6u5t3m8cc"}
{"type":"operationEnd","operationId":"jxp69a6u5t3m8cc","timestamp":1718999429801,"id":"ue0ni1ssgvdpxkp","previousEventId":"3ptld95iaxrgs8e","previousOperationId":"jxp69a6u5t3m8cc"}
{"type":"log","timestamp":1718999429801,"level":"debug","message":"Skipping storing report.","meta":{"rootId":"ugj9ulkazrmm0fa","id":"ugj9ulkazrmm0fa"},"id":"li3suo4ps2wnc9l","previousOperationId":"jxp69a6u5t3m8cc"}
{"type":"log","timestamp":1718999429801,"level":"info","message":"Rendering request 54 finished in 171 ms","meta":{"rootId":"ugj9ulkazrmm0fa","id":"ugj9ulkazrmm0fa"},"id":"17o6ajeo36waw2a","previousOperationId":"jxp69a6u5t3m8cc"}
{"type":"operationEnd","subtype":"render","operationId":"hhao8vz8ycvay3r","timestamp":1718999429801,"id":"14lpx73i70t5zxu","previousEventId":"ue0ni1ssgvdpxkp","previousOperationId":"jxp69a6u5t3m8cc"}
{"type":"operationEnd","doDiffs":false,"previousEventId":"bcc6u7j2h92pkfn","previousOperationId":"wx0dg7a35x16hu4","operationId":"wx0dg7a35x16hu4","timestamp":1718999429801,"id":"yk1paytia7wumub"}
