{"type":"operationStart","subtype":"profile","data":{"_id":"YeYQw8ES5JiCMEdL","timestamp":"2024-06-24T15:14:44.967Z","state":"queued","mode":"standard","creationDate":"2024-06-24T15:14:44.971Z","modificationDate":"2024-06-24T15:14:44.971Z","shortid":"OvTKeQ2","$entitySet":"profiles"},"doDiffs":false,"timestamp":1719242084969,"id":"snzhtaqh8ugejhi","previousOperationId":null,"operationId":"ff1pu1ekrie0bo4"}
{"type":"log","level":"info","message":"Render request 1 queued for execution and waiting for available worker","previousOperationId":"ff1pu1ekrie0bo4","timestamp":1719242084969,"id":"x9zlzqgqejqi25s"}
{"type":"operationStart","subtype":"render","name":"anonymous","previousOperationId":"ff1pu1ekrie0bo4","timestamp":1719242085004,"id":"4jisfhy6zf8tmdl","previousEventId":"snzhtaqh8ugejhi","operationId":"iumhl9ed8dszgqd"}
{"type":"log","timestamp":1719242085005,"level":"info","message":"Starting rendering request 1","meta":{"rootId":"uhm9va9ts3yqrjh","id":"uhm9va9ts3yqrjh"},"id":"5n3tmqczwauljse","previousOperationId":"iumhl9ed8dszgqd"}
{"type":"log","timestamp":1719242085006,"level":"info","message":"Rendering anonymous template { recipe: chrome-pdf, engine: handlebars }","meta":{"rootId":"uhm9va9ts3yqrjh","id":"uhm9va9ts3yqrjh"},"id":"bj02nd9ogp0e2o6","previousOperationId":"iumhl9ed8dszgqd"}
{"type":"log","timestamp":1719242085006,"level":"debug","message":"Inline data specified.","meta":{"rootId":"uhm9va9ts3yqrjh","id":"uhm9va9ts3yqrjh"},"id":"f7pzybiw931b4my","previousOperationId":"iumhl9ed8dszgqd"}
{"type":"log","timestamp":1719242085007,"level":"debug","message":"Base url not specified, skipping its injection.","meta":{"rootId":"uhm9va9ts3yqrjh","id":"uhm9va9ts3yqrjh"},"id":"6eyti0i0pce1mhr","previousOperationId":"iumhl9ed8dszgqd"}
{"type":"operationStart","subtype":"engine","name":"handlebars","timestamp":1719242085008,"id":"dzberjyhnwnfami","previousEventId":"4jisfhy6zf8tmdl","operationId":"s1wmlo4hjql5lbt","previousOperationId":"iumhl9ed8dszgqd"}
{"type":"log","timestamp":1719242085008,"level":"debug","message":"Rendering engine handlebars","meta":{"rootId":"uhm9va9ts3yqrjh","id":"uhm9va9ts3yqrjh"},"id":"s9yozlgkageylzb","previousOperationId":"s1wmlo4hjql5lbt"}
{"type":"operationEnd","operationId":"s1wmlo4hjql5lbt","timestamp":1719242085306,"id":"8fgvqs2ck5kbjgh","previousEventId":"dzberjyhnwnfami","previousOperationId":"s1wmlo4hjql5lbt"}
{"type":"operationStart","subtype":"recipe","name":"chrome-pdf","timestamp":1719242085306,"id":"y23515aub5fqflx","previousEventId":"8fgvqs2ck5kbjgh","operationId":"t3e8ba47tmr4g6x","previousOperationId":"s1wmlo4hjql5lbt"}
{"type":"log","timestamp":1719242085306,"level":"debug","message":"Executing recipe chrome-pdf","meta":{"rootId":"uhm9va9ts3yqrjh","id":"uhm9va9ts3yqrjh"},"id":"dcaif63b0kj4yr1","previousOperationId":"t3e8ba47tmr4g6x"}
{"type":"log","timestamp":1719242087200,"level":"debug","message":"Converting with chrome Chrome/126.0.6478.61 using chrome-pool strategy","meta":{"rootId":"uhm9va9ts3yqrjh","id":"uhm9va9ts3yqrjh"},"id":"0z4fnqkqf96qhfd","previousOperationId":"t3e8ba47tmr4g6x"}
{"type":"log","timestamp":1719242087741,"level":"debug","message":"Page request: GET (document) file:///var/folders/2x/1bhfw9mx7d775w_jmf56lcp80000gn/T/jsreport/autocleanup/96004baa-0afc-4211-ac01-c9ed1aef1b54-chrome-pdf.html","meta":{"rootId":"uhm9va9ts3yqrjh","id":"uhm9va9ts3yqrjh"},"id":"oxdahegisr7t5jl","previousOperationId":"t3e8ba47tmr4g6x"}
{"type":"log","timestamp":1719242087754,"level":"debug","message":"Page request finished: GET (document) 200 file:///var/folders/2x/1bhfw9mx7d775w_jmf56lcp80000gn/T/jsreport/autocleanup/96004baa-0afc-4211-ac01-c9ed1aef1b54-chrome-pdf.html","meta":{"rootId":"uhm9va9ts3yqrjh","id":"uhm9va9ts3yqrjh"},"id":"ud49xm3736akopb","previousOperationId":"t3e8ba47tmr4g6x"}
{"type":"log","timestamp":1719242087755,"level":"debug","message":"Page request: GET (stylesheet) https://cdnjs.cloudflare.com/ajax/libs/metro/4.1.5/css/metro.min.css","meta":{"rootId":"uhm9va9ts3yqrjh","id":"uhm9va9ts3yqrjh"},"id":"khm3osei5q6lx77","previousOperationId":"t3e8ba47tmr4g6x"}
{"type":"log","timestamp":1719242087756,"level":"debug","message":"Page request: GET (script) https://cdnjs.cloudflare.com/ajax/libs/Chart.js/2.7.2/Chart.min.js","meta":{"rootId":"uhm9va9ts3yqrjh","id":"uhm9va9ts3yqrjh"},"id":"i0qeuw86s9kzkjp","previousOperationId":"t3e8ba47tmr4g6x"}
{"type":"log","timestamp":1719242087834,"level":"debug","message":"Page request finished: GET (script) 200 https://cdnjs.cloudflare.com/ajax/libs/Chart.js/2.7.2/Chart.min.js","meta":{"rootId":"uhm9va9ts3yqrjh","id":"uhm9va9ts3yqrjh"},"id":"lzzjxe2u0lh8eah","previousOperationId":"t3e8ba47tmr4g6x"}
{"type":"log","timestamp":1719242088183,"level":"debug","message":"Page request finished: GET (stylesheet) 200 https://cdnjs.cloudflare.com/ajax/libs/metro/4.1.5/css/metro.min.css","meta":{"rootId":"uhm9va9ts3yqrjh","id":"uhm9va9ts3yqrjh"},"id":"2ol85grcs8h1x0p","previousOperationId":"t3e8ba47tmr4g6x"}
{"type":"log","timestamp":1719242088200,"level":"debug","message":"Running chrome with params {\"marginTop\":\"4cm\",\"marginRight\":\"1.5cm\",\"marginLeft\":\"1.5cm\",\"marginBottom\":\"1.5cm\",\"timeout\":59413,\"margin\":{\"top\":\"4cm\",\"right\":\"1.5cm\",\"bottom\":\"1.5cm\",\"left\":\"1.5cm\"},\"printBackground\":true}","meta":{"rootId":"uhm9va9ts3yqrjh","id":"uhm9va9ts3yqrjh"},"id":"bqr49mytsokzxwf","previousOperationId":"t3e8ba47tmr4g6x"}
{"type":"operationEnd","operationId":"t3e8ba47tmr4g6x","timestamp":1719242088266,"id":"529he19znpvcgnm","previousEventId":"y23515aub5fqflx","previousOperationId":"t3e8ba47tmr4g6x"}
{"type":"log","timestamp":1719242088267,"level":"debug","message":"Skipping storing report.","meta":{"rootId":"uhm9va9ts3yqrjh","id":"uhm9va9ts3yqrjh"},"id":"b6yrlktlyu8a8cn","previousOperationId":"t3e8ba47tmr4g6x"}
{"type":"log","timestamp":1719242088267,"level":"info","message":"Rendering request 1 finished in 3304 ms","meta":{"rootId":"uhm9va9ts3yqrjh","id":"uhm9va9ts3yqrjh"},"id":"28sz74cesarmgqk","previousOperationId":"t3e8ba47tmr4g6x"}
{"type":"operationEnd","subtype":"render","operationId":"iumhl9ed8dszgqd","timestamp":1719242088267,"id":"41ngtwbjog52asz","previousEventId":"529he19znpvcgnm","previousOperationId":"t3e8ba47tmr4g6x"}
{"type":"operationEnd","doDiffs":false,"previousEventId":"snzhtaqh8ugejhi","previousOperationId":"ff1pu1ekrie0bo4","operationId":"ff1pu1ekrie0bo4","timestamp":1719242088269,"id":"zwj7xgrxy8qfoe6"}
