{"type":"operationStart","subtype":"profile","data":{"_id":"T9RNtAm72I3qFRPj","timestamp":"2024-06-21T19:56:33.435Z","state":"queued","mode":"standard","creationDate":"2024-06-21T19:56:33.437Z","modificationDate":"2024-06-21T19:56:33.437Z","shortid":"9YvBQq0","$entitySet":"profiles"},"doDiffs":false,"timestamp":1718999793436,"id":"1yltkiecrk7lysu","previousOperationId":null,"operationId":"sxneseei4bacp6j"}
{"type":"log","level":"info","message":"Render request 63 queued for execution and waiting for available worker","previousOperationId":"sxneseei4bacp6j","timestamp":1718999793436,"id":"k5oyjjzwe0f5zp8"}
{"type":"operationStart","subtype":"render","name":"anonymous","previousOperationId":"sxneseei4bacp6j","timestamp":1718999793441,"id":"r3hqzk1y94d2t1w","previousEventId":"1yltkiecrk7lysu","operationId":"kvvpyevbot7j0t7"}
{"type":"log","timestamp":1718999793442,"level":"info","message":"Starting rendering request 63","meta":{"rootId":"uwh4dcb8tyqyety","id":"uwh4dcb8tyqyety"},"id":"gstyhu5coouxdl2","previousOperationId":"kvvpyevbot7j0t7"}
{"type":"log","timestamp":1718999793442,"level":"info","message":"Rendering anonymous template { recipe: chrome-pdf, engine: handlebars }","meta":{"rootId":"uwh4dcb8tyqyety","id":"uwh4dcb8tyqyety"},"id":"wa2l0beyq2c6r57","previousOperationId":"kvvpyevbot7j0t7"}
{"type":"log","timestamp":1718999793442,"level":"debug","message":"Inline data specified.","meta":{"rootId":"uwh4dcb8tyqyety","id":"uwh4dcb8tyqyety"},"id":"vlmwf31ghf1w4qb","previousOperationId":"kvvpyevbot7j0t7"}
{"type":"log","timestamp":1718999793443,"level":"debug","message":"Base url not specified, skipping its injection.","meta":{"rootId":"uwh4dcb8tyqyety","id":"uwh4dcb8tyqyety"},"id":"oilkvcofnqmck2s","previousOperationId":"kvvpyevbot7j0t7"}
{"type":"operationStart","subtype":"engine","name":"handlebars","timestamp":1718999793443,"id":"qv38ev3qnniamye","previousEventId":"r3hqzk1y94d2t1w","operationId":"g7fs13ukb9a5ryp","previousOperationId":"kvvpyevbot7j0t7"}
{"type":"log","timestamp":1718999793443,"level":"debug","message":"Rendering engine handlebars","meta":{"rootId":"uwh4dcb8tyqyety","id":"uwh4dcb8tyqyety"},"id":"dg1yk6wygvvmez0","previousOperationId":"g7fs13ukb9a5ryp"}
{"type":"operationEnd","operationId":"g7fs13ukb9a5ryp","timestamp":1718999793460,"id":"doicdv49asxhboi","previousEventId":"qv38ev3qnniamye","previousOperationId":"g7fs13ukb9a5ryp"}
{"type":"operationStart","subtype":"recipe","name":"chrome-pdf","timestamp":1718999793460,"id":"bp2mhqtd3azrpqc","previousEventId":"doicdv49asxhboi","operationId":"g8q68tt05kk0kzg","previousOperationId":"g7fs13ukb9a5ryp"}
{"type":"log","timestamp":1718999793460,"level":"debug","message":"Executing recipe chrome-pdf","meta":{"rootId":"uwh4dcb8tyqyety","id":"uwh4dcb8tyqyety"},"id":"qb8m1r35wx3b6wp","previousOperationId":"g8q68tt05kk0kzg"}
{"type":"log","timestamp":1718999793465,"level":"debug","message":"Converting with chrome Chrome/126.0.6478.61 using chrome-pool strategy","meta":{"rootId":"uwh4dcb8tyqyety","id":"uwh4dcb8tyqyety"},"id":"iizs6w26id55seh","previousOperationId":"g8q68tt05kk0kzg"}
{"type":"log","timestamp":1718999793558,"level":"debug","message":"Page request: GET (document) file:///var/folders/2x/1bhfw9mx7d775w_jmf56lcp80000gn/T/jsreport/autocleanup/10447901-dfda-4ec3-b22a-5ca153872edd-chrome-pdf.html","meta":{"rootId":"uwh4dcb8tyqyety","id":"uwh4dcb8tyqyety"},"id":"wxhsv733ncyc220","previousOperationId":"g8q68tt05kk0kzg"}
{"type":"log","timestamp":1718999793561,"level":"debug","message":"Page request finished: GET (document) 200 file:///var/folders/2x/1bhfw9mx7d775w_jmf56lcp80000gn/T/jsreport/autocleanup/10447901-dfda-4ec3-b22a-5ca153872edd-chrome-pdf.html","meta":{"rootId":"uwh4dcb8tyqyety","id":"uwh4dcb8tyqyety"},"id":"wwpkwzma32sgscr","previousOperationId":"g8q68tt05kk0kzg"}
{"type":"log","timestamp":1718999793561,"level":"debug","message":"Page request: GET (stylesheet) https://cdnjs.cloudflare.com/ajax/libs/metro/4.1.5/css/metro.min.css","meta":{"rootId":"uwh4dcb8tyqyety","id":"uwh4dcb8tyqyety"},"id":"pxzxccvi2bogc6w","previousOperationId":"g8q68tt05kk0kzg"}
{"type":"log","timestamp":1718999793562,"level":"debug","message":"Page request: GET (script) https://cdnjs.cloudflare.com/ajax/libs/Chart.js/2.7.2/Chart.min.js","meta":{"rootId":"uwh4dcb8tyqyety","id":"uwh4dcb8tyqyety"},"id":"7ly0k0mbk673dsh","previousOperationId":"g8q68tt05kk0kzg"}
{"type":"log","timestamp":1718999793569,"level":"debug","message":"Page request finished: GET (stylesheet) 200 https://cdnjs.cloudflare.com/ajax/libs/metro/4.1.5/css/metro.min.css","meta":{"rootId":"uwh4dcb8tyqyety","id":"uwh4dcb8tyqyety"},"id":"xukp09evr4moaac","previousOperationId":"g8q68tt05kk0kzg"}
{"type":"log","timestamp":1718999793569,"level":"debug","message":"Page request finished: GET (script) 200 https://cdnjs.cloudflare.com/ajax/libs/Chart.js/2.7.2/Chart.min.js","meta":{"rootId":"uwh4dcb8tyqyety","id":"uwh4dcb8tyqyety"},"id":"l16qnyvch3v472s","previousOperationId":"g8q68tt05kk0kzg"}
{"type":"log","timestamp":1718999793574,"level":"debug","message":"Running chrome with params {\"timeout\":59972,\"margin\":{},\"printBackground\":true}","meta":{"rootId":"uwh4dcb8tyqyety","id":"uwh4dcb8tyqyety"},"id":"h98fypuyf9y4o76","previousOperationId":"g8q68tt05kk0kzg"}
{"type":"operationEnd","operationId":"g8q68tt05kk0kzg","timestamp":1718999793616,"id":"f2j1q7pwrddetft","previousEventId":"bp2mhqtd3azrpqc","previousOperationId":"g8q68tt05kk0kzg"}
{"type":"log","timestamp":1718999793616,"level":"debug","message":"Skipping storing report.","meta":{"rootId":"uwh4dcb8tyqyety","id":"uwh4dcb8tyqyety"},"id":"z87fwdfob6xyjdf","previousOperationId":"g8q68tt05kk0kzg"}
{"type":"log","timestamp":1718999793616,"level":"info","message":"Rendering request 63 finished in 183 ms","meta":{"rootId":"uwh4dcb8tyqyety","id":"uwh4dcb8tyqyety"},"id":"9dpspv39c0ub4b6","previousOperationId":"g8q68tt05kk0kzg"}
{"type":"operationEnd","subtype":"render","operationId":"kvvpyevbot7j0t7","timestamp":1718999793616,"id":"l93k4e9zps94hu8","previousEventId":"f2j1q7pwrddetft","previousOperationId":"g8q68tt05kk0kzg"}
{"type":"operationEnd","doDiffs":false,"previousEventId":"1yltkiecrk7lysu","previousOperationId":"sxneseei4bacp6j","operationId":"sxneseei4bacp6j","timestamp":1718999793617,"id":"81mjc5zu5ejgzqi"}
