{"type":"operationStart","subtype":"profile","data":{"_id":"BVz1UqajfDKfyy11","timestamp":"2024-06-21T16:30:52.232Z","state":"queued","mode":"standard","creationDate":"2024-06-21T16:30:52.233Z","modificationDate":"2024-06-21T16:30:52.233Z","shortid":"pwg0xxs","$entitySet":"profiles"},"doDiffs":false,"timestamp":1718987452232,"id":"0d5qnibvegeamk9","previousOperationId":null,"operationId":"znjoevesjrw7dri"}
{"type":"log","level":"info","message":"Render request 13 queued for execution and waiting for available worker","previousOperationId":"znjoevesjrw7dri","timestamp":1718987452232,"id":"fyw4gra6d28jzhk"}
{"type":"operationStart","subtype":"render","name":"anonymous","previousOperationId":"znjoevesjrw7dri","timestamp":1718987452236,"id":"5jmwdmbjg198elx","previousEventId":"0d5qnibvegeamk9","operationId":"nnqomc3oankrzqn"}
{"type":"log","timestamp":1718987452236,"level":"info","message":"Starting rendering request 13","meta":{"rootId":"v49ko1mv1q7e86o","id":"v49ko1mv1q7e86o"},"id":"lbqcptf0vpzfj4v","previousOperationId":"nnqomc3oankrzqn"}
{"type":"log","timestamp":1718987452236,"level":"info","message":"Rendering anonymous template { recipe: chrome-pdf, engine: handlebars }","meta":{"rootId":"v49ko1mv1q7e86o","id":"v49ko1mv1q7e86o"},"id":"dfk76pc5i9vgn7r","previousOperationId":"nnqomc3oankrzqn"}
{"type":"log","timestamp":1718987452236,"level":"debug","message":"Inline data specified.","meta":{"rootId":"v49ko1mv1q7e86o","id":"v49ko1mv1q7e86o"},"id":"yfc7ihgmhmwibr2","previousOperationId":"nnqomc3oankrzqn"}
{"type":"log","timestamp":1718987452236,"level":"debug","message":"Base url not specified, skipping its injection.","meta":{"rootId":"v49ko1mv1q7e86o","id":"v49ko1mv1q7e86o"},"id":"3jbjck7n8zvywtc","previousOperationId":"nnqomc3oankrzqn"}
{"type":"operationStart","subtype":"engine","name":"handlebars","timestamp":1718987452237,"id":"ghra4enccpczycc","previousEventId":"5jmwdmbjg198elx","operationId":"eccmn6i9g9ehz67","previousOperationId":"nnqomc3oankrzqn"}
{"type":"log","timestamp":1718987452237,"level":"debug","message":"Rendering engine handlebars","meta":{"rootId":"v49ko1mv1q7e86o","id":"v49ko1mv1q7e86o"},"id":"wfz4800wjabupaz","previousOperationId":"eccmn6i9g9ehz67"}
{"type":"operationEnd","operationId":"eccmn6i9g9ehz67","timestamp":1718987452242,"id":"p1qg1lqi2qmgh66","previousEventId":"ghra4enccpczycc","previousOperationId":"eccmn6i9g9ehz67"}
{"type":"operationStart","subtype":"recipe","name":"chrome-pdf","timestamp":1718987452242,"id":"q4lcu57y0yg1f9u","previousEventId":"p1qg1lqi2qmgh66","operationId":"qidu5i3ttp15p8p","previousOperationId":"eccmn6i9g9ehz67"}
{"type":"log","timestamp":1718987452242,"level":"debug","message":"Executing recipe chrome-pdf","meta":{"rootId":"v49ko1mv1q7e86o","id":"v49ko1mv1q7e86o"},"id":"3ka1ljxt12bcfl8","previousOperationId":"qidu5i3ttp15p8p"}
{"type":"log","timestamp":1718987452244,"level":"debug","message":"Converting with chrome Chrome/126.0.6478.61 using chrome-pool strategy","meta":{"rootId":"v49ko1mv1q7e86o","id":"v49ko1mv1q7e86o"},"id":"rfimacj8rqn73eg","previousOperationId":"qidu5i3ttp15p8p"}
{"type":"log","timestamp":1718987452326,"level":"debug","message":"Page request: GET (document) file:///var/folders/2x/1bhfw9mx7d775w_jmf56lcp80000gn/T/jsreport/autocleanup/062e7fdb-a73f-4c44-851e-1fca8119c30c-chrome-pdf.html","meta":{"rootId":"v49ko1mv1q7e86o","id":"v49ko1mv1q7e86o"},"id":"zjmio3ge9y0f0wz","previousOperationId":"qidu5i3ttp15p8p"}
{"type":"log","timestamp":1718987452332,"level":"debug","message":"Page request finished: GET (document) 200 file:///var/folders/2x/1bhfw9mx7d775w_jmf56lcp80000gn/T/jsreport/autocleanup/062e7fdb-a73f-4c44-851e-1fca8119c30c-chrome-pdf.html","meta":{"rootId":"v49ko1mv1q7e86o","id":"v49ko1mv1q7e86o"},"id":"il3aeos5ystxy87","previousOperationId":"qidu5i3ttp15p8p"}
{"type":"log","timestamp":1718987452332,"level":"debug","message":"Page request: GET (stylesheet) https://cdnjs.cloudflare.com/ajax/libs/metro/4.1.5/css/metro.min.css","meta":{"rootId":"v49ko1mv1q7e86o","id":"v49ko1mv1q7e86o"},"id":"pttfusexooporgw","previousOperationId":"qidu5i3ttp15p8p"}
{"type":"log","timestamp":1718987452332,"level":"debug","message":"Page request: GET (script) https://cdnjs.cloudflare.com/ajax/libs/Chart.js/2.7.2/Chart.min.js","meta":{"rootId":"v49ko1mv1q7e86o","id":"v49ko1mv1q7e86o"},"id":"ln1kmtko7hcdk74","previousOperationId":"qidu5i3ttp15p8p"}
{"type":"log","timestamp":1718987452339,"level":"debug","message":"Page request finished: GET (stylesheet) 200 https://cdnjs.cloudflare.com/ajax/libs/metro/4.1.5/css/metro.min.css","meta":{"rootId":"v49ko1mv1q7e86o","id":"v49ko1mv1q7e86o"},"id":"o5d3d9o9z2a89i8","previousOperationId":"qidu5i3ttp15p8p"}
{"type":"log","timestamp":1718987452339,"level":"debug","message":"Page request finished: GET (script) 200 https://cdnjs.cloudflare.com/ajax/libs/Chart.js/2.7.2/Chart.min.js","meta":{"rootId":"v49ko1mv1q7e86o","id":"v49ko1mv1q7e86o"},"id":"w1wjcr1owpaj4dz","previousOperationId":"qidu5i3ttp15p8p"}
{"type":"log","timestamp":1718987452345,"level":"debug","message":"Running chrome with params {\"timeout\":59988,\"margin\":{},\"printBackground\":true}","meta":{"rootId":"v49ko1mv1q7e86o","id":"v49ko1mv1q7e86o"},"id":"60n0448bppk0tdv","previousOperationId":"qidu5i3ttp15p8p"}
{"type":"operationEnd","operationId":"qidu5i3ttp15p8p","timestamp":1718987452386,"id":"avmlihycucd04ah","previousEventId":"q4lcu57y0yg1f9u","previousOperationId":"qidu5i3ttp15p8p"}
{"type":"log","timestamp":1718987452386,"level":"debug","message":"Skipping storing report.","meta":{"rootId":"v49ko1mv1q7e86o","id":"v49ko1mv1q7e86o"},"id":"3s1rgwsvzdtdv2y","previousOperationId":"qidu5i3ttp15p8p"}
{"type":"log","timestamp":1718987452386,"level":"info","message":"Rendering request 13 finished in 155 ms","meta":{"rootId":"v49ko1mv1q7e86o","id":"v49ko1mv1q7e86o"},"id":"865j3zee5wtiflw","previousOperationId":"qidu5i3ttp15p8p"}
{"type":"operationEnd","subtype":"render","operationId":"nnqomc3oankrzqn","timestamp":1718987452386,"id":"eg23h2qhnukox35","previousEventId":"avmlihycucd04ah","previousOperationId":"qidu5i3ttp15p8p"}
{"type":"operationEnd","doDiffs":false,"previousEventId":"0d5qnibvegeamk9","previousOperationId":"znjoevesjrw7dri","operationId":"znjoevesjrw7dri","timestamp":1718987452386,"id":"o00lj5n35hr9a5v"}
