{"type":"operationStart","subtype":"profile","data":{"_id":"FYFf9nUOn6duG9p3","timestamp":"2024-06-21T20:36:03.179Z","state":"queued","mode":"standard","creationDate":"2024-06-21T20:36:03.186Z","modificationDate":"2024-06-21T20:36:03.186Z","shortid":"p62zpgc","$entitySet":"profiles"},"doDiffs":false,"timestamp":1719002163180,"id":"r1zr2ie8ho8vt5k","previousOperationId":null,"operationId":"yizduwikzm5mgp6"}
{"type":"log","level":"info","message":"Render request 86 queued for execution and waiting for available worker","previousOperationId":"yizduwikzm5mgp6","timestamp":1719002163180,"id":"n6qugj3xit400yv"}
{"type":"operationStart","subtype":"render","name":"anonymous","previousOperationId":"yizduwikzm5mgp6","timestamp":1719002163194,"id":"53zgvlf0dlaruqk","previousEventId":"r1zr2ie8ho8vt5k","operationId":"b1j0jvz0g6bf0lj"}
{"type":"log","timestamp":1719002163195,"level":"info","message":"Starting rendering request 86","meta":{"rootId":"vhn84n34ws8f6vt","id":"vhn84n34ws8f6vt"},"id":"hhss39mr5ox6xuq","previousOperationId":"b1j0jvz0g6bf0lj"}
{"type":"log","timestamp":1719002163195,"level":"info","message":"Rendering anonymous template { recipe: chrome-pdf, engine: handlebars }","meta":{"rootId":"vhn84n34ws8f6vt","id":"vhn84n34ws8f6vt"},"id":"2qrdk3ojgdbt309","previousOperationId":"b1j0jvz0g6bf0lj"}
{"type":"log","timestamp":1719002163195,"level":"debug","message":"Inline data specified.","meta":{"rootId":"vhn84n34ws8f6vt","id":"vhn84n34ws8f6vt"},"id":"gva5rrnbvoq9owg","previousOperationId":"b1j0jvz0g6bf0lj"}
{"type":"log","timestamp":1719002163196,"level":"debug","message":"Base url not specified, skipping its injection.","meta":{"rootId":"vhn84n34ws8f6vt","id":"vhn84n34ws8f6vt"},"id":"p7jx9pwovp2et8d","previousOperationId":"b1j0jvz0g6bf0lj"}
{"type":"operationStart","subtype":"engine","name":"handlebars","timestamp":1719002163196,"id":"lga4ljecoz2ft34","previousEventId":"53zgvlf0dlaruqk","operationId":"zxri2dpksugeqns","previousOperationId":"b1j0jvz0g6bf0lj"}
{"type":"log","timestamp":1719002163196,"level":"debug","message":"Rendering engine handlebars","meta":{"rootId":"vhn84n34ws8f6vt","id":"vhn84n34ws8f6vt"},"id":"bphr68t4p7hpfsw","previousOperationId":"zxri2dpksugeqns"}
{"type":"operationEnd","operationId":"zxri2dpksugeqns","timestamp":1719002163214,"id":"twnmfhsksw15ouc","previousEventId":"lga4ljecoz2ft34","previousOperationId":"zxri2dpksugeqns"}
{"type":"operationStart","subtype":"recipe","name":"chrome-pdf","timestamp":1719002163214,"id":"tixm2srgp9qnq0v","previousEventId":"twnmfhsksw15ouc","operationId":"vriwm8hwxo41q66","previousOperationId":"zxri2dpksugeqns"}
{"type":"log","timestamp":1719002163214,"level":"debug","message":"Executing recipe chrome-pdf","meta":{"rootId":"vhn84n34ws8f6vt","id":"vhn84n34ws8f6vt"},"id":"mmmco9r4uu8463x","previousOperationId":"vriwm8hwxo41q66"}
{"type":"log","timestamp":1719002163222,"level":"debug","message":"Converting with chrome Chrome/126.0.6478.61 using chrome-pool strategy","meta":{"rootId":"vhn84n34ws8f6vt","id":"vhn84n34ws8f6vt"},"id":"n29u1qegestmgsy","previousOperationId":"vriwm8hwxo41q66"}
{"type":"log","timestamp":1719002163281,"level":"debug","message":"Page request: GET (document) file:///var/folders/2x/1bhfw9mx7d775w_jmf56lcp80000gn/T/jsreport/autocleanup/0da26e4c-c64c-4e43-83b1-1c62bc5c413e-chrome-pdf.html","meta":{"rootId":"vhn84n34ws8f6vt","id":"vhn84n34ws8f6vt"},"id":"dfhfsrraoxpjdgn","previousOperationId":"vriwm8hwxo41q66"}
{"type":"log","timestamp":1719002163287,"level":"debug","message":"Page request finished: GET (document) 200 file:///var/folders/2x/1bhfw9mx7d775w_jmf56lcp80000gn/T/jsreport/autocleanup/0da26e4c-c64c-4e43-83b1-1c62bc5c413e-chrome-pdf.html","meta":{"rootId":"vhn84n34ws8f6vt","id":"vhn84n34ws8f6vt"},"id":"u2lfd3zyvov6lrp","previousOperationId":"vriwm8hwxo41q66"}
{"type":"log","timestamp":1719002163288,"level":"debug","message":"Page request: GET (stylesheet) https://cdnjs.cloudflare.com/ajax/libs/metro/4.1.5/css/metro.min.css","meta":{"rootId":"vhn84n34ws8f6vt","id":"vhn84n34ws8f6vt"},"id":"57ct707thjefl8o","previousOperationId":"vriwm8hwxo41q66"}
{"type":"log","timestamp":1719002163288,"level":"debug","message":"Page request: GET (script) https://cdnjs.cloudflare.com/ajax/libs/Chart.js/2.7.2/Chart.min.js","meta":{"rootId":"vhn84n34ws8f6vt","id":"vhn84n34ws8f6vt"},"id":"v1trsysf231608p","previousOperationId":"vriwm8hwxo41q66"}
{"type":"log","timestamp":1719002163296,"level":"debug","message":"Page request finished: GET (stylesheet) 200 https://cdnjs.cloudflare.com/ajax/libs/metro/4.1.5/css/metro.min.css","meta":{"rootId":"vhn84n34ws8f6vt","id":"vhn84n34ws8f6vt"},"id":"15xtrumu25je5m4","previousOperationId":"vriwm8hwxo41q66"}
{"type":"log","timestamp":1719002163297,"level":"debug","message":"Page request finished: GET (script) 200 https://cdnjs.cloudflare.com/ajax/libs/Chart.js/2.7.2/Chart.min.js","meta":{"rootId":"vhn84n34ws8f6vt","id":"vhn84n34ws8f6vt"},"id":"w5l4nekg05n31kp","previousOperationId":"vriwm8hwxo41q66"}
{"type":"log","timestamp":1719002163303,"level":"debug","message":"Running chrome with params {\"timeout\":59956,\"margin\":{},\"printBackground\":true}","meta":{"rootId":"vhn84n34ws8f6vt","id":"vhn84n34ws8f6vt"},"id":"1yp4nj058w8az28","previousOperationId":"vriwm8hwxo41q66"}
{"type":"operationEnd","operationId":"vriwm8hwxo41q66","timestamp":1719002163345,"id":"mrpjs5685i2r21d","previousEventId":"tixm2srgp9qnq0v","previousOperationId":"vriwm8hwxo41q66"}
{"type":"log","timestamp":1719002163345,"level":"debug","message":"Skipping storing report.","meta":{"rootId":"vhn84n34ws8f6vt","id":"vhn84n34ws8f6vt"},"id":"zizemtevvwekwbx","previousOperationId":"vriwm8hwxo41q66"}
{"type":"log","timestamp":1719002163345,"level":"info","message":"Rendering request 86 finished in 173 ms","meta":{"rootId":"vhn84n34ws8f6vt","id":"vhn84n34ws8f6vt"},"id":"v50wmu87tqtyvqo","previousOperationId":"vriwm8hwxo41q66"}
{"type":"operationEnd","subtype":"render","operationId":"b1j0jvz0g6bf0lj","timestamp":1719002163345,"id":"8hei4rgew6e9xk5","previousEventId":"mrpjs5685i2r21d","previousOperationId":"vriwm8hwxo41q66"}
{"type":"operationEnd","doDiffs":false,"previousEventId":"r1zr2ie8ho8vt5k","previousOperationId":"yizduwikzm5mgp6","operationId":"yizduwikzm5mgp6","timestamp":1719002163346,"id":"pzddj0zlbqgwxo0"}
