{"type":"operationStart","subtype":"profile","data":{"_id":"wp6jWwEKmEyT8clb","timestamp":"2024-06-21T21:01:00.542Z","state":"queued","mode":"standard","creationDate":"2024-06-21T21:01:00.549Z","modificationDate":"2024-06-21T21:01:00.550Z","shortid":"ib7PDkM","$entitySet":"profiles"},"doDiffs":false,"timestamp":1719003660543,"id":"gb7zqziqfkl10k5","previousOperationId":null,"operationId":"vgbsa1paj1ad1t2"}
{"type":"log","level":"info","message":"Render request 95 queued for execution and waiting for available worker","previousOperationId":"vgbsa1paj1ad1t2","timestamp":1719003660544,"id":"p53mqaminfpn8py"}
{"type":"operationStart","subtype":"render","name":"anonymous","previousOperationId":"vgbsa1paj1ad1t2","timestamp":1719003660565,"id":"qi1g24l1m1h8hx5","previousEventId":"gb7zqziqfkl10k5","operationId":"yquvaxmgste866i"}
{"type":"log","timestamp":1719003660566,"level":"info","message":"Starting rendering request 95","meta":{"rootId":"w3eyoifxaf994u2","id":"w3eyoifxaf994u2"},"id":"3ldhj95pr0nrhlg","previousOperationId":"yquvaxmgste866i"}
{"type":"log","timestamp":1719003660566,"level":"info","message":"Rendering anonymous template { recipe: chrome-pdf, engine: handlebars }","meta":{"rootId":"w3eyoifxaf994u2","id":"w3eyoifxaf994u2"},"id":"e055q4luwbt3b6v","previousOperationId":"yquvaxmgste866i"}
{"type":"log","timestamp":1719003660567,"level":"debug","message":"Inline data specified.","meta":{"rootId":"w3eyoifxaf994u2","id":"w3eyoifxaf994u2"},"id":"to0qp8mykr1z51b","previousOperationId":"yquvaxmgste866i"}
{"type":"log","timestamp":1719003660570,"level":"debug","message":"Base url not specified, skipping its injection.","meta":{"rootId":"w3eyoifxaf994u2","id":"w3eyoifxaf994u2"},"id":"0yhtvwhe7zttal0","previousOperationId":"yquvaxmgste866i"}
{"type":"operationStart","subtype":"engine","name":"handlebars","timestamp":1719003660571,"id":"anqzaeaqepvy87l","previousEventId":"qi1g24l1m1h8hx5","operationId":"tbb1hfha70g3yzu","previousOperationId":"yquvaxmgste866i"}
{"type":"log","timestamp":1719003660571,"level":"debug","message":"Rendering engine handlebars","meta":{"rootId":"w3eyoifxaf994u2","id":"w3eyoifxaf994u2"},"id":"ypu8nd6edim6wnx","previousOperationId":"tbb1hfha70g3yzu"}
{"type":"operationEnd","operationId":"tbb1hfha70g3yzu","timestamp":1719003660627,"id":"oidll8ixs8nli30","previousEventId":"anqzaeaqepvy87l","previousOperationId":"tbb1hfha70g3yzu"}
{"type":"operationStart","subtype":"recipe","name":"chrome-pdf","timestamp":1719003660627,"id":"m1a1m9x65j8esvw","previousEventId":"oidll8ixs8nli30","operationId":"xwyz8r0049cbd64","previousOperationId":"tbb1hfha70g3yzu"}
{"type":"log","timestamp":1719003660627,"level":"debug","message":"Executing recipe chrome-pdf","meta":{"rootId":"w3eyoifxaf994u2","id":"w3eyoifxaf994u2"},"id":"hmh9x59xl244om4","previousOperationId":"xwyz8r0049cbd64"}
{"type":"log","timestamp":1719003660645,"level":"debug","message":"Converting with chrome Chrome/126.0.6478.61 using chrome-pool strategy","meta":{"rootId":"w3eyoifxaf994u2","id":"w3eyoifxaf994u2"},"id":"5r6qy2z0ho41izk","previousOperationId":"xwyz8r0049cbd64"}
{"type":"log","timestamp":1719003661129,"level":"debug","message":"Page request: GET (document) file:///var/folders/2x/1bhfw9mx7d775w_jmf56lcp80000gn/T/jsreport/autocleanup/9ded2ea1-5ccb-4cde-b71a-534b022faa5f-chrome-pdf.html","meta":{"rootId":"w3eyoifxaf994u2","id":"w3eyoifxaf994u2"},"id":"ienyzjhn4xpixpd","previousOperationId":"xwyz8r0049cbd64"}
{"type":"log","timestamp":1719003661149,"level":"debug","message":"Page request finished: GET (document) 200 file:///var/folders/2x/1bhfw9mx7d775w_jmf56lcp80000gn/T/jsreport/autocleanup/9ded2ea1-5ccb-4cde-b71a-534b022faa5f-chrome-pdf.html","meta":{"rootId":"w3eyoifxaf994u2","id":"w3eyoifxaf994u2"},"id":"jix28pvrr8bqj1p","previousOperationId":"xwyz8r0049cbd64"}
{"type":"log","timestamp":1719003661153,"level":"debug","message":"Page request: GET (stylesheet) https://cdnjs.cloudflare.com/ajax/libs/metro/4.1.5/css/metro.min.css","meta":{"rootId":"w3eyoifxaf994u2","id":"w3eyoifxaf994u2"},"id":"kt57s79z571cj5t","previousOperationId":"xwyz8r0049cbd64"}
{"type":"log","timestamp":1719003661153,"level":"debug","message":"Page request: GET (script) https://cdnjs.cloudflare.com/ajax/libs/Chart.js/2.7.2/Chart.min.js","meta":{"rootId":"w3eyoifxaf994u2","id":"w3eyoifxaf994u2"},"id":"0i8lrbbxwwytn91","previousOperationId":"xwyz8r0049cbd64"}
{"type":"log","timestamp":1719003661167,"level":"debug","message":"Page request finished: GET (stylesheet) 200 https://cdnjs.cloudflare.com/ajax/libs/metro/4.1.5/css/metro.min.css","meta":{"rootId":"w3eyoifxaf994u2","id":"w3eyoifxaf994u2"},"id":"7lokqv16b6pl696","previousOperationId":"xwyz8r0049cbd64"}
{"type":"log","timestamp":1719003661167,"level":"debug","message":"Page request finished: GET (script) 200 https://cdnjs.cloudflare.com/ajax/libs/Chart.js/2.7.2/Chart.min.js","meta":{"rootId":"w3eyoifxaf994u2","id":"w3eyoifxaf994u2"},"id":"ozbgvjwohzp4u1w","previousOperationId":"xwyz8r0049cbd64"}
{"type":"log","timestamp":1719003661245,"level":"debug","message":"Running chrome with params {\"timeout\":59902,\"margin\":{},\"printBackground\":true}","meta":{"rootId":"w3eyoifxaf994u2","id":"w3eyoifxaf994u2"},"id":"6k43u15l1ktl76k","previousOperationId":"xwyz8r0049cbd64"}
{"type":"operationEnd","operationId":"xwyz8r0049cbd64","timestamp":1719003661456,"id":"e4e4jnnxle9sdbl","previousEventId":"m1a1m9x65j8esvw","previousOperationId":"xwyz8r0049cbd64"}
{"type":"log","timestamp":1719003661456,"level":"debug","message":"Skipping storing report.","meta":{"rootId":"w3eyoifxaf994u2","id":"w3eyoifxaf994u2"},"id":"ojdxfxpncpmt9rb","previousOperationId":"xwyz8r0049cbd64"}
{"type":"log","timestamp":1719003661456,"level":"info","message":"Rendering request 95 finished in 926 ms","meta":{"rootId":"w3eyoifxaf994u2","id":"w3eyoifxaf994u2"},"id":"beerijme1emnpia","previousOperationId":"xwyz8r0049cbd64"}
{"type":"operationEnd","subtype":"render","operationId":"yquvaxmgste866i","timestamp":1719003661456,"id":"hqdenvbilo357bp","previousEventId":"e4e4jnnxle9sdbl","previousOperationId":"xwyz8r0049cbd64"}
{"type":"operationEnd","doDiffs":false,"previousEventId":"gb7zqziqfkl10k5","previousOperationId":"vgbsa1paj1ad1t2","operationId":"vgbsa1paj1ad1t2","timestamp":1719003661457,"id":"u2tz4u5opwaqnl9"}
