{"type":"operationStart","subtype":"profile","data":{"_id":"sCKIJFl0kcPHyBXh","timestamp":"2024-06-21T16:38:34.110Z","state":"queued","mode":"standard","creationDate":"2024-06-21T16:38:34.113Z","modificationDate":"2024-06-21T16:38:34.113Z","shortid":"AE4WYDL","$entitySet":"profiles"},"doDiffs":false,"timestamp":1718987914111,"id":"bhbloy9nw7oogj3","previousOperationId":null,"operationId":"8fhhmzhs7rohmia"}
{"type":"log","level":"info","message":"Render request 14 queued for execution and waiting for available worker","previousOperationId":"8fhhmzhs7rohmia","timestamp":1718987914111,"id":"5ufcxoi69vv6npc"}
{"type":"operationStart","subtype":"render","name":"anonymous","previousOperationId":"8fhhmzhs7rohmia","timestamp":1718987914122,"id":"4es0a2hmwmu0rs2","previousEventId":"bhbloy9nw7oogj3","operationId":"zphheonek54z9ms"}
{"type":"log","timestamp":1718987914122,"level":"info","message":"Starting rendering request 14","meta":{"rootId":"wmgy3op7qpwo35g","id":"wmgy3op7qpwo35g"},"id":"7jjg23r6wzsj3u5","previousOperationId":"zphheonek54z9ms"}
{"type":"log","timestamp":1718987914122,"level":"info","message":"Rendering anonymous template { recipe: chrome-pdf, engine: handlebars }","meta":{"rootId":"wmgy3op7qpwo35g","id":"wmgy3op7qpwo35g"},"id":"yq8k247n4w7j407","previousOperationId":"zphheonek54z9ms"}
{"type":"log","timestamp":1718987914122,"level":"debug","message":"Inline data specified.","meta":{"rootId":"wmgy3op7qpwo35g","id":"wmgy3op7qpwo35g"},"id":"8o0bfcxgsg9fwru","previousOperationId":"zphheonek54z9ms"}
{"type":"log","timestamp":1718987914123,"level":"debug","message":"Base url not specified, skipping its injection.","meta":{"rootId":"wmgy3op7qpwo35g","id":"wmgy3op7qpwo35g"},"id":"rlb6rvypyjgx5gb","previousOperationId":"zphheonek54z9ms"}
{"type":"operationStart","subtype":"engine","name":"handlebars","timestamp":1718987914124,"id":"x0qp6yci33xtnk8","previousEventId":"4es0a2hmwmu0rs2","operationId":"prq6kcjtyxathvx","previousOperationId":"zphheonek54z9ms"}
{"type":"log","timestamp":1718987914124,"level":"debug","message":"Rendering engine handlebars","meta":{"rootId":"wmgy3op7qpwo35g","id":"wmgy3op7qpwo35g"},"id":"ycfantwsuttp6c5","previousOperationId":"prq6kcjtyxathvx"}
{"type":"operationEnd","operationId":"prq6kcjtyxathvx","timestamp":1718987914163,"id":"ogcspcwpxxfzv8p","previousEventId":"x0qp6yci33xtnk8","previousOperationId":"prq6kcjtyxathvx"}
{"type":"operationStart","subtype":"recipe","name":"chrome-pdf","timestamp":1718987914163,"id":"nkhmjkef50c1l6u","previousEventId":"ogcspcwpxxfzv8p","operationId":"gb18l2dtiimtveg","previousOperationId":"prq6kcjtyxathvx"}
{"type":"log","timestamp":1718987914163,"level":"debug","message":"Executing recipe chrome-pdf","meta":{"rootId":"wmgy3op7qpwo35g","id":"wmgy3op7qpwo35g"},"id":"bphwig419b9awox","previousOperationId":"gb18l2dtiimtveg"}
{"type":"log","timestamp":1718987914178,"level":"debug","message":"Converting with chrome Chrome/126.0.6478.61 using chrome-pool strategy","meta":{"rootId":"wmgy3op7qpwo35g","id":"wmgy3op7qpwo35g"},"id":"a2txlhiai6fxl90","previousOperationId":"gb18l2dtiimtveg"}
{"type":"log","timestamp":1718987914592,"level":"debug","message":"Page request: GET (document) file:///var/folders/2x/1bhfw9mx7d775w_jmf56lcp80000gn/T/jsreport/autocleanup/0f5cae29-4348-415e-97d6-73151fd68eff-chrome-pdf.html","meta":{"rootId":"wmgy3op7qpwo35g","id":"wmgy3op7qpwo35g"},"id":"suu8qepko016lay","previousOperationId":"gb18l2dtiimtveg"}
{"type":"log","timestamp":1718987914610,"level":"debug","message":"Page request finished: GET (document) 200 file:///var/folders/2x/1bhfw9mx7d775w_jmf56lcp80000gn/T/jsreport/autocleanup/0f5cae29-4348-415e-97d6-73151fd68eff-chrome-pdf.html","meta":{"rootId":"wmgy3op7qpwo35g","id":"wmgy3op7qpwo35g"},"id":"8abxdbnkkp58czz","previousOperationId":"gb18l2dtiimtveg"}
{"type":"log","timestamp":1718987914613,"level":"debug","message":"Page request: GET (stylesheet) https://cdnjs.cloudflare.com/ajax/libs/metro/4.1.5/css/metro.min.css","meta":{"rootId":"wmgy3op7qpwo35g","id":"wmgy3op7qpwo35g"},"id":"lh3t15ayelsonr2","previousOperationId":"gb18l2dtiimtveg"}
{"type":"log","timestamp":1718987914613,"level":"debug","message":"Page request: GET (script) https://cdnjs.cloudflare.com/ajax/libs/Chart.js/2.7.2/Chart.min.js","meta":{"rootId":"wmgy3op7qpwo35g","id":"wmgy3op7qpwo35g"},"id":"sckh4so48q1qvrt","previousOperationId":"gb18l2dtiimtveg"}
{"type":"log","timestamp":1718987914624,"level":"debug","message":"Page request finished: GET (stylesheet) 200 https://cdnjs.cloudflare.com/ajax/libs/metro/4.1.5/css/metro.min.css","meta":{"rootId":"wmgy3op7qpwo35g","id":"wmgy3op7qpwo35g"},"id":"z7tlnpmlmy8r497","previousOperationId":"gb18l2dtiimtveg"}
{"type":"log","timestamp":1718987914625,"level":"debug","message":"Page request finished: GET (script) 200 https://cdnjs.cloudflare.com/ajax/libs/Chart.js/2.7.2/Chart.min.js","meta":{"rootId":"wmgy3op7qpwo35g","id":"wmgy3op7qpwo35g"},"id":"vs8pwh2wx61vkl5","previousOperationId":"gb18l2dtiimtveg"}
{"type":"log","timestamp":1718987914646,"level":"debug","message":"Running chrome with params {\"timeout\":59938,\"margin\":{},\"printBackground\":true}","meta":{"rootId":"wmgy3op7qpwo35g","id":"wmgy3op7qpwo35g"},"id":"02sc8hrbwz34wgb","previousOperationId":"gb18l2dtiimtveg"}
{"type":"operationEnd","operationId":"gb18l2dtiimtveg","timestamp":1718987914832,"id":"d78kmwehulwrm8z","previousEventId":"nkhmjkef50c1l6u","previousOperationId":"gb18l2dtiimtveg"}
{"type":"log","timestamp":1718987914832,"level":"debug","message":"Skipping storing report.","meta":{"rootId":"wmgy3op7qpwo35g","id":"wmgy3op7qpwo35g"},"id":"b9lywj3y3ebhp6b","previousOperationId":"gb18l2dtiimtveg"}
{"type":"log","timestamp":1718987914832,"level":"info","message":"Rendering request 14 finished in 729 ms","meta":{"rootId":"wmgy3op7qpwo35g","id":"wmgy3op7qpwo35g"},"id":"ekxbhcehd6yqj44","previousOperationId":"gb18l2dtiimtveg"}
{"type":"operationEnd","subtype":"render","operationId":"zphheonek54z9ms","timestamp":1718987914832,"id":"nvm6y44bhj9unac","previousEventId":"d78kmwehulwrm8z","previousOperationId":"gb18l2dtiimtveg"}
{"type":"operationEnd","doDiffs":false,"previousEventId":"bhbloy9nw7oogj3","previousOperationId":"8fhhmzhs7rohmia","operationId":"8fhhmzhs7rohmia","timestamp":1718987914833,"id":"20rf7kaw0zkdap2"}
