{"type":"operationStart","subtype":"profile","data":{"_id":"wfJmDUFmH3qR5W0y","timestamp":"2024-06-21T21:49:36.227Z","state":"queued","mode":"standard","creationDate":"2024-06-21T21:49:36.229Z","modificationDate":"2024-06-21T21:49:36.229Z","shortid":"JFonJou","$entitySet":"profiles"},"doDiffs":false,"timestamp":1719006576228,"id":"2e7ph7gg9j86613","previousOperationId":null,"operationId":"vfaypjn96l8j3or"}
{"type":"log","level":"info","message":"Render request 115 queued for execution and waiting for available worker","previousOperationId":"vfaypjn96l8j3or","timestamp":1719006576228,"id":"stx4bw2e67fryy1"}
{"type":"operationStart","subtype":"render","name":"anonymous","previousOperationId":"vfaypjn96l8j3or","timestamp":1719006576235,"id":"sb9f3y2498n2uaz","previousEventId":"2e7ph7gg9j86613","operationId":"96ug7pv2f5vgwu8"}
{"type":"log","timestamp":1719006576235,"level":"info","message":"Starting rendering request 115","meta":{"rootId":"wvimpdto2xry6uo","id":"wvimpdto2xry6uo"},"id":"53751ib57qtscj8","previousOperationId":"96ug7pv2f5vgwu8"}
{"type":"log","timestamp":1719006576235,"level":"info","message":"Rendering anonymous template { recipe: chrome-pdf, engine: handlebars }","meta":{"rootId":"wvimpdto2xry6uo","id":"wvimpdto2xry6uo"},"id":"s52jtf6i2iyocy8","previousOperationId":"96ug7pv2f5vgwu8"}
{"type":"log","timestamp":1719006576235,"level":"debug","message":"Inline data specified.","meta":{"rootId":"wvimpdto2xry6uo","id":"wvimpdto2xry6uo"},"id":"tghladfsik8ancn","previousOperationId":"96ug7pv2f5vgwu8"}
{"type":"log","timestamp":1719006576236,"level":"debug","message":"Base url not specified, skipping its injection.","meta":{"rootId":"wvimpdto2xry6uo","id":"wvimpdto2xry6uo"},"id":"oql3wrlg17jlfcs","previousOperationId":"96ug7pv2f5vgwu8"}
{"type":"operationStart","subtype":"engine","name":"handlebars","timestamp":1719006576236,"id":"rapeofdk6418eqq","previousEventId":"sb9f3y2498n2uaz","operationId":"8s0ew168yyq3qr8","previousOperationId":"96ug7pv2f5vgwu8"}
{"type":"log","timestamp":1719006576236,"level":"debug","message":"Rendering engine handlebars","meta":{"rootId":"wvimpdto2xry6uo","id":"wvimpdto2xry6uo"},"id":"2870po305qlhnrp","previousOperationId":"8s0ew168yyq3qr8"}
{"type":"log","timestamp":1719006576242,"level":"debug","message":"(console:log) Pdf utils adding group field, value: \"France\"","meta":{"userLevel":true,"rootId":"wvimpdto2xry6uo","id":"wvimpdto2xry6uo"},"id":"96g7gsewglxgo0l","previousOperationId":"8s0ew168yyq3qr8"}
{"type":"log","timestamp":1719006576243,"level":"debug","message":"(console:log) Pdf utils adding group field, value: \"Germany\"","meta":{"userLevel":true,"rootId":"wvimpdto2xry6uo","id":"wvimpdto2xry6uo"},"id":"ofxs668jgqf6if6","previousOperationId":"8s0ew168yyq3qr8"}
{"type":"operationEnd","operationId":"8s0ew168yyq3qr8","timestamp":1719006576243,"id":"pn9k04ql8zbu3od","previousEventId":"rapeofdk6418eqq","previousOperationId":"8s0ew168yyq3qr8"}
{"type":"operationStart","subtype":"recipe","name":"chrome-pdf","timestamp":1719006576244,"id":"pswnp1guhbx7pyr","previousEventId":"pn9k04ql8zbu3od","operationId":"s95acypt0oy09n9","previousOperationId":"8s0ew168yyq3qr8"}
{"type":"log","timestamp":1719006576244,"level":"debug","message":"Executing recipe chrome-pdf","meta":{"rootId":"wvimpdto2xry6uo","id":"wvimpdto2xry6uo"},"id":"u5sxbogi3tjnm3w","previousOperationId":"s95acypt0oy09n9"}
{"type":"log","timestamp":1719006576245,"level":"debug","message":"Starting child request to render pdf header","meta":{"rootId":"wvimpdto2xry6uo","id":"wvimpdto2xry6uo"},"id":"wdsymqvy0xhquhi","previousOperationId":"s95acypt0oy09n9"}
{"type":"operationStart","subtype":"render","name":"anonymous","previousOperationId":"s95acypt0oy09n9","timestamp":1719006576245,"id":"qkz7hp6z0xmawwu","previousEventId":"pswnp1guhbx7pyr","operationId":"dfzmyy683dh53ww"}
{"type":"log","timestamp":1719006576245,"level":"info","message":"Starting rendering (child) request","meta":{"rootId":"wvimpdto2xry6uo","id":"3v7pta0ww4t6qu7"},"id":"9ilin79vcc7grug","previousOperationId":"dfzmyy683dh53ww"}
{"type":"log","timestamp":1719006576245,"level":"info","message":"Rendering anonymous template { recipe: html, engine: handlebars }","meta":{"rootId":"wvimpdto2xry6uo","id":"3v7pta0ww4t6qu7"},"id":"x3hqf8od1jhdibn","previousOperationId":"dfzmyy683dh53ww"}
{"type":"log","timestamp":1719006576245,"level":"debug","message":"Inline data specified.","meta":{"rootId":"wvimpdto2xry6uo","id":"3v7pta0ww4t6qu7"},"id":"cw6psooobbmlkiv","previousOperationId":"dfzmyy683dh53ww"}
{"type":"log","timestamp":1719006576246,"level":"debug","message":"Base url not specified, skipping its injection.","meta":{"rootId":"wvimpdto2xry6uo","id":"3v7pta0ww4t6qu7"},"id":"x3h9c3jlug3jchq","previousOperationId":"dfzmyy683dh53ww"}
{"type":"operationStart","subtype":"engine","name":"handlebars","timestamp":1719006576246,"id":"qqqlnalqfxwwafz","previousEventId":"qkz7hp6z0xmawwu","operationId":"hb8ka35qps36q86","previousOperationId":"dfzmyy683dh53ww"}
{"type":"log","timestamp":1719006576246,"level":"debug","message":"Rendering engine handlebars","meta":{"rootId":"wvimpdto2xry6uo","id":"3v7pta0ww4t6qu7"},"id":"jkwfi7rjtkaq46e","previousOperationId":"hb8ka35qps36q86"}
{"type":"operationEnd","operationId":"hb8ka35qps36q86","timestamp":1719006576249,"id":"miadjveendw15r5","previousEventId":"qqqlnalqfxwwafz","previousOperationId":"hb8ka35qps36q86"}
{"type":"operationStart","subtype":"recipe","name":"html","timestamp":1719006576250,"id":"beiy31lwv9rw404","previousEventId":"miadjveendw15r5","operationId":"qda702j016r5o8b","previousOperationId":"hb8ka35qps36q86"}
{"type":"log","timestamp":1719006576250,"level":"debug","message":"Executing recipe html","meta":{"rootId":"wvimpdto2xry6uo","id":"3v7pta0ww4t6qu7"},"id":"s1q0tnotjf4ux8n","previousOperationId":"qda702j016r5o8b"}
{"type":"operationEnd","operationId":"qda702j016r5o8b","timestamp":1719006576250,"id":"sojwte96wmf01du","previousEventId":"beiy31lwv9rw404","previousOperationId":"qda702j016r5o8b"}
{"type":"log","timestamp":1719006576250,"level":"debug","message":"Skipping storing report.","meta":{"rootId":"wvimpdto2xry6uo","id":"3v7pta0ww4t6qu7"},"id":"c6nyvumg3ayx4xw","previousOperationId":"qda702j016r5o8b"}
{"type":"log","timestamp":1719006576250,"level":"info","message":"Rendering (child) request finished in 24 ms","meta":{"rootId":"wvimpdto2xry6uo","id":"3v7pta0ww4t6qu7"},"id":"8qyd8g6elps8xtq","previousOperationId":"qda702j016r5o8b"}
{"type":"operationEnd","subtype":"render","operationId":"dfzmyy683dh53ww","timestamp":1719006576250,"id":"qos0vhdt5wfilfs","previousEventId":"sojwte96wmf01du","previousOperationId":"qda702j016r5o8b"}
{"type":"log","timestamp":1719006576250,"level":"debug","message":"Starting child request to render pdf footer","meta":{"rootId":"wvimpdto2xry6uo","id":"wvimpdto2xry6uo"},"id":"k5yzoidh097hc1j","previousOperationId":"s95acypt0oy09n9"}
{"type":"operationStart","subtype":"render","name":"anonymous","previousOperationId":"s95acypt0oy09n9","timestamp":1719006576250,"id":"086sl2395l9a047","previousEventId":"pswnp1guhbx7pyr","operationId":"hkqxtflnt3ysv11"}
{"type":"log","timestamp":1719006576250,"level":"info","message":"Starting rendering (child) request","meta":{"rootId":"wvimpdto2xry6uo","id":"ut7wne7n3w9ktgx"},"id":"42ihjixlm1itp33","previousOperationId":"hkqxtflnt3ysv11"}
{"type":"log","timestamp":1719006576250,"level":"info","message":"Rendering anonymous template { recipe: html, engine: handlebars }","meta":{"rootId":"wvimpdto2xry6uo","id":"ut7wne7n3w9ktgx"},"id":"rut2apxelwyli8p","previousOperationId":"hkqxtflnt3ysv11"}
{"type":"log","timestamp":1719006576250,"level":"debug","message":"Inline data specified.","meta":{"rootId":"wvimpdto2xry6uo","id":"ut7wne7n3w9ktgx"},"id":"dcadmi8b3n2mdj0","previousOperationId":"hkqxtflnt3ysv11"}
{"type":"log","timestamp":1719006576250,"level":"debug","message":"Base url not specified, skipping its injection.","meta":{"rootId":"wvimpdto2xry6uo","id":"ut7wne7n3w9ktgx"},"id":"x5eyelwd51uor5p","previousOperationId":"hkqxtflnt3ysv11"}
{"type":"operationStart","subtype":"engine","name":"handlebars","timestamp":1719006576250,"id":"xi563fb8c3ubzn3","previousEventId":"086sl2395l9a047","operationId":"x9wb9zobcfrm95f","previousOperationId":"hkqxtflnt3ysv11"}
{"type":"log","timestamp":1719006576250,"level":"debug","message":"Rendering engine handlebars","meta":{"rootId":"wvimpdto2xry6uo","id":"ut7wne7n3w9ktgx"},"id":"0ugy8l56t49v6d8","previousOperationId":"x9wb9zobcfrm95f"}
{"type":"operationEnd","operationId":"x9wb9zobcfrm95f","timestamp":1719006576253,"id":"ei93cwag4f4zgus","previousEventId":"xi563fb8c3ubzn3","previousOperationId":"x9wb9zobcfrm95f"}
{"type":"operationStart","subtype":"recipe","name":"html","timestamp":1719006576253,"id":"7g172qber1j2tih","previousEventId":"ei93cwag4f4zgus","operationId":"3sqspwzmx7x7dlj","previousOperationId":"x9wb9zobcfrm95f"}
{"type":"log","timestamp":1719006576253,"level":"debug","message":"Executing recipe html","meta":{"rootId":"wvimpdto2xry6uo","id":"ut7wne7n3w9ktgx"},"id":"ocy1gxyf160x2fi","previousOperationId":"3sqspwzmx7x7dlj"}
{"type":"operationEnd","operationId":"3sqspwzmx7x7dlj","timestamp":1719006576253,"id":"bobyqow4csxlapd","previousEventId":"7g172qber1j2tih","previousOperationId":"3sqspwzmx7x7dlj"}
{"type":"log","timestamp":1719006576253,"level":"debug","message":"Skipping storing report.","meta":{"rootId":"wvimpdto2xry6uo","id":"ut7wne7n3w9ktgx"},"id":"tg6lkrk4cast27f","previousOperationId":"3sqspwzmx7x7dlj"}
{"type":"log","timestamp":1719006576253,"level":"info","message":"Rendering (child) request finished in 27 ms","meta":{"rootId":"wvimpdto2xry6uo","id":"ut7wne7n3w9ktgx"},"id":"kptlluxtxbs0e75","previousOperationId":"3sqspwzmx7x7dlj"}
{"type":"operationEnd","subtype":"render","operationId":"hkqxtflnt3ysv11","timestamp":1719006576253,"id":"5we7233zg51mkxd","previousEventId":"bobyqow4csxlapd","previousOperationId":"3sqspwzmx7x7dlj"}
{"type":"log","timestamp":1719006576255,"level":"debug","message":"Converting with chrome Chrome/126.0.6478.61 using chrome-pool strategy","meta":{"rootId":"wvimpdto2xry6uo","id":"wvimpdto2xry6uo"},"id":"ifjhvi24udv5l1g","previousOperationId":"s95acypt0oy09n9"}
{"type":"log","timestamp":1719006576351,"level":"debug","message":"Page request: GET (document) file:///var/folders/2x/1bhfw9mx7d775w_jmf56lcp80000gn/T/jsreport/autocleanup/1134fdc6-723a-41c9-b0de-bf31711e683f-chrome-pdf.html","meta":{"rootId":"wvimpdto2xry6uo","id":"wvimpdto2xry6uo"},"id":"yjrc2gu27fgvfrj","previousOperationId":"s95acypt0oy09n9"}
{"type":"log","timestamp":1719006576355,"level":"debug","message":"Page request finished: GET (document) 200 file:///var/folders/2x/1bhfw9mx7d775w_jmf56lcp80000gn/T/jsreport/autocleanup/1134fdc6-723a-41c9-b0de-bf31711e683f-chrome-pdf.html","meta":{"rootId":"wvimpdto2xry6uo","id":"wvimpdto2xry6uo"},"id":"zcig1xhubwrfg0e","previousOperationId":"s95acypt0oy09n9"}
{"type":"log","timestamp":1719006576356,"level":"debug","message":"Page request: GET (stylesheet) https://cdnjs.cloudflare.com/ajax/libs/metro/4.1.5/css/metro.min.css","meta":{"rootId":"wvimpdto2xry6uo","id":"wvimpdto2xry6uo"},"id":"9sqpm27il8cm93p","previousOperationId":"s95acypt0oy09n9"}
{"type":"log","timestamp":1719006576356,"level":"debug","message":"Page request: GET (script) https://cdnjs.cloudflare.com/ajax/libs/Chart.js/2.7.2/Chart.min.js","meta":{"rootId":"wvimpdto2xry6uo","id":"wvimpdto2xry6uo"},"id":"9a25jkj16ff4srn","previousOperationId":"s95acypt0oy09n9"}
{"type":"log","timestamp":1719006576363,"level":"debug","message":"Page request finished: GET (stylesheet) 200 https://cdnjs.cloudflare.com/ajax/libs/metro/4.1.5/css/metro.min.css","meta":{"rootId":"wvimpdto2xry6uo","id":"wvimpdto2xry6uo"},"id":"fyf0k6y63xxf855","previousOperationId":"s95acypt0oy09n9"}
{"type":"log","timestamp":1719006576363,"level":"debug","message":"Page request finished: GET (script) 200 https://cdnjs.cloudflare.com/ajax/libs/Chart.js/2.7.2/Chart.min.js","meta":{"rootId":"wvimpdto2xry6uo","id":"wvimpdto2xry6uo"},"id":"s1z9a3122p2xl0v","previousOperationId":"s95acypt0oy09n9"}
{"type":"log","timestamp":1719006576411,"level":"debug","message":"Running chrome with params {\"displayHeaderFooter\":true,\"headerTemplate\":\"...\",\"footerTemplate\":\"...\",\"marginTop\":\"4cm\",\"marginRight\":\"1.5cm\",\"marginLeft\":\"1.5cm\",\"marginBottom\":\"1.5cm\",\"timeout\":59973,\"margin\":{\"top\":\"4cm\",\"right\":\"1.5cm\",\"bottom\":\"1.5cm\",\"left\":\"1.5cm\"},\"printBackground\":true}","meta":{"rootId":"wvimpdto2xry6uo","id":"wvimpdto2xry6uo"},"id":"mi1258nvfpypx4o","previousOperationId":"s95acypt0oy09n9"}
{"type":"operationEnd","operationId":"s95acypt0oy09n9","timestamp":1719006576597,"id":"jq1jczdwh53hw67","previousEventId":"pswnp1guhbx7pyr","previousOperationId":"s95acypt0oy09n9"}
{"type":"log","timestamp":1719006576597,"level":"debug","message":"Skipping storing report.","meta":{"rootId":"wvimpdto2xry6uo","id":"wvimpdto2xry6uo"},"id":"jy99vvwg2os31u4","previousOperationId":"s95acypt0oy09n9"}
{"type":"log","timestamp":1719006576597,"level":"info","message":"Rendering request 115 finished in 371 ms","meta":{"rootId":"wvimpdto2xry6uo","id":"wvimpdto2xry6uo"},"id":"exfj6iai0s8enr8","previousOperationId":"s95acypt0oy09n9"}
{"type":"operationEnd","subtype":"render","operationId":"96ug7pv2f5vgwu8","timestamp":1719006576597,"id":"4inxglyblj9swvc","previousEventId":"jq1jczdwh53hw67","previousOperationId":"s95acypt0oy09n9"}
{"type":"operationEnd","doDiffs":false,"previousEventId":"2e7ph7gg9j86613","previousOperationId":"vfaypjn96l8j3or","operationId":"vfaypjn96l8j3or","timestamp":1719006576597,"id":"m1xj7n3atlkehsc"}
