{"type":"operationStart","subtype":"profile","data":{"_id":"9HBZUc66yR4jEM2q","timestamp":"2024-06-21T19:51:25.899Z","state":"queued","mode":"standard","creationDate":"2024-06-21T19:51:25.901Z","modificationDate":"2024-06-21T19:51:25.901Z","shortid":"9KEJ7Eb","$entitySet":"profiles"},"doDiffs":false,"timestamp":1718999485900,"id":"b848lkpvqmq059o","previousOperationId":null,"operationId":"q8t4v8u21qcz1eo"}
{"type":"log","level":"info","message":"Render request 56 queued for execution and waiting for available worker","previousOperationId":"q8t4v8u21qcz1eo","timestamp":1718999485900,"id":"a8xzv2vqownjv9q"}
{"type":"operationStart","subtype":"render","name":"anonymous","previousOperationId":"q8t4v8u21qcz1eo","timestamp":1718999485912,"id":"n7gtqyynbzmmocd","previousEventId":"b848lkpvqmq059o","operationId":"4jibs4xrzpw9zxz"}
{"type":"log","timestamp":1718999485913,"level":"info","message":"Starting rendering request 56","meta":{"rootId":"wwgx4qbilquen4r","id":"wwgx4qbilquen4r"},"id":"ilf00w02oc22vf9","previousOperationId":"4jibs4xrzpw9zxz"}
{"type":"log","timestamp":1718999485914,"level":"info","message":"Rendering anonymous template { recipe: chrome-pdf, engine: handlebars }","meta":{"rootId":"wwgx4qbilquen4r","id":"wwgx4qbilquen4r"},"id":"a3vrvlp0x5e6oqo","previousOperationId":"4jibs4xrzpw9zxz"}
{"type":"log","timestamp":1718999485914,"level":"debug","message":"Inline data specified.","meta":{"rootId":"wwgx4qbilquen4r","id":"wwgx4qbilquen4r"},"id":"qu8075l20fzmdnz","previousOperationId":"4jibs4xrzpw9zxz"}
{"type":"log","timestamp":1718999485928,"level":"debug","message":"Base url not specified, skipping its injection.","meta":{"rootId":"wwgx4qbilquen4r","id":"wwgx4qbilquen4r"},"id":"4z51isq7as7367g","previousOperationId":"4jibs4xrzpw9zxz"}
{"type":"operationStart","subtype":"engine","name":"handlebars","timestamp":1718999485929,"id":"puesq2arustui7c","previousEventId":"n7gtqyynbzmmocd","operationId":"iusyrvqehbw013o","previousOperationId":"4jibs4xrzpw9zxz"}
{"type":"log","timestamp":1718999485929,"level":"debug","message":"Rendering engine handlebars","meta":{"rootId":"wwgx4qbilquen4r","id":"wwgx4qbilquen4r"},"id":"jrlzf41aln76ugz","previousOperationId":"iusyrvqehbw013o"}
{"type":"operationEnd","operationId":"iusyrvqehbw013o","timestamp":1718999485943,"id":"3r81h0jhgvskhhh","previousEventId":"puesq2arustui7c","previousOperationId":"iusyrvqehbw013o"}
{"type":"operationStart","subtype":"recipe","name":"chrome-pdf","timestamp":1718999485943,"id":"6n38o60cwj1o8p3","previousEventId":"3r81h0jhgvskhhh","operationId":"vb8zkubm9zujy9w","previousOperationId":"iusyrvqehbw013o"}
{"type":"log","timestamp":1718999485943,"level":"debug","message":"Executing recipe chrome-pdf","meta":{"rootId":"wwgx4qbilquen4r","id":"wwgx4qbilquen4r"},"id":"6423hps9u4wzvw4","previousOperationId":"vb8zkubm9zujy9w"}
{"type":"log","timestamp":1718999485945,"level":"debug","message":"Converting with chrome Chrome/126.0.6478.61 using chrome-pool strategy","meta":{"rootId":"wwgx4qbilquen4r","id":"wwgx4qbilquen4r"},"id":"8si5gqv28q5ilse","previousOperationId":"vb8zkubm9zujy9w"}
{"type":"log","timestamp":1718999486025,"level":"debug","message":"Page request: GET (document) file:///var/folders/2x/1bhfw9mx7d775w_jmf56lcp80000gn/T/jsreport/autocleanup/854864a9-6e5f-4f61-8a6b-c12a4790648f-chrome-pdf.html","meta":{"rootId":"wwgx4qbilquen4r","id":"wwgx4qbilquen4r"},"id":"khyq6zzo8laus44","previousOperationId":"vb8zkubm9zujy9w"}
{"type":"log","timestamp":1718999486029,"level":"debug","message":"Page request finished: GET (document) 200 file:///var/folders/2x/1bhfw9mx7d775w_jmf56lcp80000gn/T/jsreport/autocleanup/854864a9-6e5f-4f61-8a6b-c12a4790648f-chrome-pdf.html","meta":{"rootId":"wwgx4qbilquen4r","id":"wwgx4qbilquen4r"},"id":"3holjrkng79o4m1","previousOperationId":"vb8zkubm9zujy9w"}
{"type":"log","timestamp":1718999486029,"level":"debug","message":"Page request: GET (stylesheet) https://cdnjs.cloudflare.com/ajax/libs/metro/4.1.5/css/metro.min.css","meta":{"rootId":"wwgx4qbilquen4r","id":"wwgx4qbilquen4r"},"id":"znsglvn53p05d8t","previousOperationId":"vb8zkubm9zujy9w"}
{"type":"log","timestamp":1718999486029,"level":"debug","message":"Page request: GET (script) https://cdnjs.cloudflare.com/ajax/libs/Chart.js/2.7.2/Chart.min.js","meta":{"rootId":"wwgx4qbilquen4r","id":"wwgx4qbilquen4r"},"id":"qfk6l42maj9cgv0","previousOperationId":"vb8zkubm9zujy9w"}
{"type":"log","timestamp":1718999486036,"level":"debug","message":"Page request finished: GET (stylesheet) 200 https://cdnjs.cloudflare.com/ajax/libs/metro/4.1.5/css/metro.min.css","meta":{"rootId":"wwgx4qbilquen4r","id":"wwgx4qbilquen4r"},"id":"pnbszbr9yic76oi","previousOperationId":"vb8zkubm9zujy9w"}
{"type":"log","timestamp":1718999486036,"level":"debug","message":"Page request finished: GET (script) 200 https://cdnjs.cloudflare.com/ajax/libs/Chart.js/2.7.2/Chart.min.js","meta":{"rootId":"wwgx4qbilquen4r","id":"wwgx4qbilquen4r"},"id":"glm29nwdf9s062p","previousOperationId":"vb8zkubm9zujy9w"}
{"type":"log","timestamp":1718999486042,"level":"debug","message":"Running chrome with params {\"timeout\":59954,\"margin\":{},\"printBackground\":true}","meta":{"rootId":"wwgx4qbilquen4r","id":"wwgx4qbilquen4r"},"id":"o4btdnobte45ngh","previousOperationId":"vb8zkubm9zujy9w"}
{"type":"operationEnd","operationId":"vb8zkubm9zujy9w","timestamp":1718999486086,"id":"8lcum6r42bljix8","previousEventId":"6n38o60cwj1o8p3","previousOperationId":"vb8zkubm9zujy9w"}
{"type":"log","timestamp":1718999486086,"level":"debug","message":"Skipping storing report.","meta":{"rootId":"wwgx4qbilquen4r","id":"wwgx4qbilquen4r"},"id":"pxze8cn5xrk06yi","previousOperationId":"vb8zkubm9zujy9w"}
{"type":"log","timestamp":1718999486086,"level":"info","message":"Rendering request 56 finished in 188 ms","meta":{"rootId":"wwgx4qbilquen4r","id":"wwgx4qbilquen4r"},"id":"s1n84pgv35cd78b","previousOperationId":"vb8zkubm9zujy9w"}
{"type":"operationEnd","subtype":"render","operationId":"4jibs4xrzpw9zxz","timestamp":1718999486086,"id":"wnuntvnbw5u0yth","previousEventId":"8lcum6r42bljix8","previousOperationId":"vb8zkubm9zujy9w"}
{"type":"operationEnd","doDiffs":false,"previousEventId":"b848lkpvqmq059o","previousOperationId":"q8t4v8u21qcz1eo","operationId":"q8t4v8u21qcz1eo","timestamp":1718999486086,"id":"pcaek6oo3ym1xkm"}
