{"type":"operationStart","subtype":"profile","data":{"_id":"Xptle9yEGoQ9Xlax","timestamp":"2024-06-21T15:30:22.313Z","state":"queued","mode":"standard","creationDate":"2024-06-21T15:30:22.314Z","modificationDate":"2024-06-21T15:30:22.314Z","shortid":"KqbUjkz","$entitySet":"profiles"},"doDiffs":false,"timestamp":1718983822314,"id":"em315x7pjw1pudy","previousOperationId":null,"operationId":"pd45fjetldzzjss"}
{"type":"log","level":"info","message":"Render request 1 queued for execution and waiting for available worker","previousOperationId":"pd45fjetldzzjss","timestamp":1718983822314,"id":"n4wnar86i7rs4li"}
{"type":"operationStart","subtype":"render","name":"anonymous","previousOperationId":"pd45fjetldzzjss","timestamp":1718983822326,"id":"ovxgrmsu6h85efv","previousEventId":"em315x7pjw1pudy","operationId":"t68j9py41u12ewl"}
{"type":"log","timestamp":1718983822327,"level":"info","message":"Starting rendering request 1","meta":{"rootId":"x2owan7vxjqbxvx","id":"x2owan7vxjqbxvx"},"id":"8ifysr5p39ftzaw","previousOperationId":"t68j9py41u12ewl"}
{"type":"log","timestamp":1718983822327,"level":"info","message":"Rendering anonymous template { recipe: chrome-pdf, engine: handlebars }","meta":{"rootId":"x2owan7vxjqbxvx","id":"x2owan7vxjqbxvx"},"id":"3135d0698ohhw89","previousOperationId":"t68j9py41u12ewl"}
{"type":"log","timestamp":1718983822327,"level":"debug","message":"Inline data specified.","meta":{"rootId":"x2owan7vxjqbxvx","id":"x2owan7vxjqbxvx"},"id":"mjc0avh3itgnzun","previousOperationId":"t68j9py41u12ewl"}
{"type":"log","timestamp":1718983822329,"level":"debug","message":"Base url not specified, skipping its injection.","meta":{"rootId":"x2owan7vxjqbxvx","id":"x2owan7vxjqbxvx"},"id":"1le87md2io40lw2","previousOperationId":"t68j9py41u12ewl"}
{"type":"operationStart","subtype":"engine","name":"handlebars","timestamp":1718983822329,"id":"trv9902cpz9owv3","previousEventId":"ovxgrmsu6h85efv","operationId":"ygjtdnwuebw9mk4","previousOperationId":"t68j9py41u12ewl"}
{"type":"log","timestamp":1718983822329,"level":"debug","message":"Rendering engine handlebars","meta":{"rootId":"x2owan7vxjqbxvx","id":"x2owan7vxjqbxvx"},"id":"4mei6ow0dkzhj6q","previousOperationId":"ygjtdnwuebw9mk4"}
{"type":"operationEnd","operationId":"ygjtdnwuebw9mk4","timestamp":1718983822575,"id":"5hi7hi6t90q7wlz","previousEventId":"trv9902cpz9owv3","previousOperationId":"ygjtdnwuebw9mk4"}
{"type":"operationStart","subtype":"recipe","name":"chrome-pdf","timestamp":1718983822576,"id":"ynl4fmqejlbs1ku","previousEventId":"5hi7hi6t90q7wlz","operationId":"17s95tin0cdhdxi","previousOperationId":"ygjtdnwuebw9mk4"}
{"type":"log","timestamp":1718983822576,"level":"debug","message":"Executing recipe chrome-pdf","meta":{"rootId":"x2owan7vxjqbxvx","id":"x2owan7vxjqbxvx"},"id":"kkcw8p5g2tle2re","previousOperationId":"17s95tin0cdhdxi"}
{"type":"log","timestamp":1718983824433,"level":"debug","message":"Converting with chrome Chrome/126.0.6478.61 using chrome-pool strategy","meta":{"rootId":"x2owan7vxjqbxvx","id":"x2owan7vxjqbxvx"},"id":"asc1hdomkm44i7f","previousOperationId":"17s95tin0cdhdxi"}
{"type":"log","timestamp":1718983825216,"level":"debug","message":"Page request: GET (document) file:///var/folders/2x/1bhfw9mx7d775w_jmf56lcp80000gn/T/jsreport/autocleanup/5a7d3a3c-648e-4ae5-b38a-7ca04b6bd74e-chrome-pdf.html","meta":{"rootId":"x2owan7vxjqbxvx","id":"x2owan7vxjqbxvx"},"id":"fso4euy44svvujs","previousOperationId":"17s95tin0cdhdxi"}
{"type":"log","timestamp":1718983825236,"level":"debug","message":"Page request finished: GET (document) 200 file:///var/folders/2x/1bhfw9mx7d775w_jmf56lcp80000gn/T/jsreport/autocleanup/5a7d3a3c-648e-4ae5-b38a-7ca04b6bd74e-chrome-pdf.html","meta":{"rootId":"x2owan7vxjqbxvx","id":"x2owan7vxjqbxvx"},"id":"y735sabl3wnwtfh","previousOperationId":"17s95tin0cdhdxi"}
{"type":"log","timestamp":1718983825237,"level":"debug","message":"Page request: GET (stylesheet) https://fonts.googleapis.com/css?family=Montserrat","meta":{"rootId":"x2owan7vxjqbxvx","id":"x2owan7vxjqbxvx"},"id":"kd8sawdzjgnt45p","previousOperationId":"17s95tin0cdhdxi"}
{"type":"log","timestamp":1718983825238,"level":"debug","message":"Page request: GET (image) https://ciam-api.hcg.gob.mx/img/ciam_letra.png","meta":{"rootId":"x2owan7vxjqbxvx","id":"x2owan7vxjqbxvx"},"id":"j1ip276ypjsf0ov","previousOperationId":"17s95tin0cdhdxi"}
{"type":"log","timestamp":1718983825238,"level":"debug","message":"Page request: GET (image) https://ciam-api.hcg.gob.mx/img/cienf_letra.png","meta":{"rootId":"x2owan7vxjqbxvx","id":"x2owan7vxjqbxvx"},"id":"iigothlucw8d4y2","previousOperationId":"17s95tin0cdhdxi"}
{"type":"log","timestamp":1718983825239,"level":"debug","message":"Page request: GET (image) https://ciam-api.hcg.gob.mx/img/header_mailing.png","meta":{"rootId":"x2owan7vxjqbxvx","id":"x2owan7vxjqbxvx"},"id":"325jg4tvtmqt477","previousOperationId":"17s95tin0cdhdxi"}
{"type":"log","timestamp":1718983825239,"level":"debug","message":"Page request: GET (image) https://ciam-api.hcg.gob.mx/img/fb2.png","meta":{"rootId":"x2owan7vxjqbxvx","id":"x2owan7vxjqbxvx"},"id":"hoylaebpbatnzym","previousOperationId":"17s95tin0cdhdxi"}
{"type":"log","timestamp":1718983825240,"level":"debug","message":"Page request: GET (image) https://ciam-api.hcg.gob.mx/img/ig2.png","meta":{"rootId":"x2owan7vxjqbxvx","id":"x2owan7vxjqbxvx"},"id":"yb5cohy74d030dy","previousOperationId":"17s95tin0cdhdxi"}
{"type":"log","timestamp":1718983825240,"level":"debug","message":"Page request: GET (image) https://ciam-api.hcg.gob.mx/img/tw2.png","meta":{"rootId":"x2owan7vxjqbxvx","id":"x2owan7vxjqbxvx"},"id":"qkq0p6t3zl7xb8q","previousOperationId":"17s95tin0cdhdxi"}
{"type":"log","timestamp":1718983825240,"level":"debug","message":"Page request: GET (image) https://ciam-api.hcg.gob.mx/img/yt2.png","meta":{"rootId":"x2owan7vxjqbxvx","id":"x2owan7vxjqbxvx"},"id":"iinshdl4g8qp0p4","previousOperationId":"17s95tin0cdhdxi"}
{"type":"log","timestamp":1718983825241,"level":"debug","message":"Page request: GET (image) https://ciam-api.hcg.gob.mx/img/wp.png","meta":{"rootId":"x2owan7vxjqbxvx","id":"x2owan7vxjqbxvx"},"id":"3kiwx91uiem4k38","previousOperationId":"17s95tin0cdhdxi"}
{"type":"log","timestamp":1718983825241,"level":"debug","message":"Page request: GET (image) https://ciam-api.hcg.gob.mx/img/tlg2.png","meta":{"rootId":"x2owan7vxjqbxvx","id":"x2owan7vxjqbxvx"},"id":"2bcdgtfw1oh6dx3","previousOperationId":"17s95tin0cdhdxi"}
{"type":"log","timestamp":1718983825241,"level":"debug","message":"Page request: GET (image) https://ciam-api.hcg.gob.mx/img/logo_udgblanco.png","meta":{"rootId":"x2owan7vxjqbxvx","id":"x2owan7vxjqbxvx"},"id":"fnqminiils4ga2y","previousOperationId":"17s95tin0cdhdxi"}
{"type":"log","timestamp":1718983825242,"level":"debug","message":"Page request: GET (image) https://ciam-api.hcg.gob.mx/img/logo_hcgblanco.png","meta":{"rootId":"x2owan7vxjqbxvx","id":"x2owan7vxjqbxvx"},"id":"xir3zc8s08w0rpj","previousOperationId":"17s95tin0cdhdxi"}
{"type":"log","timestamp":1718983825393,"level":"debug","message":"Page request finished: GET (stylesheet) 200 https://fonts.googleapis.com/css?family=Montserrat","meta":{"rootId":"x2owan7vxjqbxvx","id":"x2owan7vxjqbxvx"},"id":"xyf9xfi3zvyeo4t","previousOperationId":"17s95tin0cdhdxi"}
{"type":"log","timestamp":1718983825676,"level":"debug","message":"Page request finished: GET (image) 200 https://ciam-api.hcg.gob.mx/img/fb2.png","meta":{"rootId":"x2owan7vxjqbxvx","id":"x2owan7vxjqbxvx"},"id":"m98lci26wvrm2g9","previousOperationId":"17s95tin0cdhdxi"}
{"type":"log","timestamp":1718983825701,"level":"debug","message":"Page request finished: GET (image) 200 https://ciam-api.hcg.gob.mx/img/wp.png","meta":{"rootId":"x2owan7vxjqbxvx","id":"x2owan7vxjqbxvx"},"id":"00otf7apu0csm9l","previousOperationId":"17s95tin0cdhdxi"}
{"type":"log","timestamp":1718983825701,"level":"debug","message":"Page request finished: GET (image) 200 https://ciam-api.hcg.gob.mx/img/ig2.png","meta":{"rootId":"x2owan7vxjqbxvx","id":"x2owan7vxjqbxvx"},"id":"tnyh9zra3od68ms","previousOperationId":"17s95tin0cdhdxi"}
{"type":"log","timestamp":1718983825702,"level":"debug","message":"Page request finished: GET (image) 200 https://ciam-api.hcg.gob.mx/img/tw2.png","meta":{"rootId":"x2owan7vxjqbxvx","id":"x2owan7vxjqbxvx"},"id":"am9adayj44iox1t","previousOperationId":"17s95tin0cdhdxi"}
{"type":"log","timestamp":1718983825743,"level":"debug","message":"Page request finished: GET (image) 200 https://ciam-api.hcg.gob.mx/img/logo_hcgblanco.png","meta":{"rootId":"x2owan7vxjqbxvx","id":"x2owan7vxjqbxvx"},"id":"nezvwpxtm519wl0","previousOperationId":"17s95tin0cdhdxi"}
{"type":"log","timestamp":1718983825747,"level":"debug","message":"Page request finished: GET (image) 200 https://ciam-api.hcg.gob.mx/img/cienf_letra.png","meta":{"rootId":"x2owan7vxjqbxvx","id":"x2owan7vxjqbxvx"},"id":"8jryzhpsjvaepnb","previousOperationId":"17s95tin0cdhdxi"}
{"type":"log","timestamp":1718983825784,"level":"debug","message":"Page request finished: GET (image) 200 https://ciam-api.hcg.gob.mx/img/tlg2.png","meta":{"rootId":"x2owan7vxjqbxvx","id":"x2owan7vxjqbxvx"},"id":"h9m5lm67kus8085","previousOperationId":"17s95tin0cdhdxi"}
{"type":"log","timestamp":1718983825784,"level":"debug","message":"Page request finished: GET (image) 200 https://ciam-api.hcg.gob.mx/img/logo_udgblanco.png","meta":{"rootId":"x2owan7vxjqbxvx","id":"x2owan7vxjqbxvx"},"id":"0ivhrt6ia7i295h","previousOperationId":"17s95tin0cdhdxi"}
{"type":"log","timestamp":1718983825819,"level":"debug","message":"Page request finished: GET (image) 200 https://ciam-api.hcg.gob.mx/img/yt2.png","meta":{"rootId":"x2owan7vxjqbxvx","id":"x2owan7vxjqbxvx"},"id":"1829py667fek876","previousOperationId":"17s95tin0cdhdxi"}
{"type":"log","timestamp":1718983825828,"level":"debug","message":"Page request finished: GET (image) 200 https://ciam-api.hcg.gob.mx/img/ciam_letra.png","meta":{"rootId":"x2owan7vxjqbxvx","id":"x2owan7vxjqbxvx"},"id":"k9yk5itla2dc1ui","previousOperationId":"17s95tin0cdhdxi"}
{"type":"log","timestamp":1718983826075,"level":"debug","message":"Page request finished: GET (image) 200 https://ciam-api.hcg.gob.mx/img/header_mailing.png","meta":{"rootId":"x2owan7vxjqbxvx","id":"x2owan7vxjqbxvx"},"id":"ix8gw3p03uifk9f","previousOperationId":"17s95tin0cdhdxi"}
{"type":"log","timestamp":1718983826078,"level":"debug","message":"Running chrome with params {\"timeout\":59529,\"margin\":{},\"printBackground\":true}","meta":{"rootId":"x2owan7vxjqbxvx","id":"x2owan7vxjqbxvx"},"id":"pn4684s8foigdp5","previousOperationId":"17s95tin0cdhdxi"}
{"type":"operationEnd","operationId":"17s95tin0cdhdxi","timestamp":1718983826361,"id":"0kidkcz5c9uh2eu","previousEventId":"ynl4fmqejlbs1ku","previousOperationId":"17s95tin0cdhdxi"}
{"type":"log","timestamp":1718983826362,"level":"debug","message":"Skipping storing report.","meta":{"rootId":"x2owan7vxjqbxvx","id":"x2owan7vxjqbxvx"},"id":"96yc4sw4awq47cz","previousOperationId":"17s95tin0cdhdxi"}
{"type":"log","timestamp":1718983826362,"level":"info","message":"Rendering request 1 finished in 4050 ms","meta":{"rootId":"x2owan7vxjqbxvx","id":"x2owan7vxjqbxvx"},"id":"5sry77gg4guuaut","previousOperationId":"17s95tin0cdhdxi"}
{"type":"operationEnd","subtype":"render","operationId":"t68j9py41u12ewl","timestamp":1718983826362,"id":"vb9jmhclp822tl6","previousEventId":"0kidkcz5c9uh2eu","previousOperationId":"17s95tin0cdhdxi"}
{"type":"operationEnd","doDiffs":false,"previousEventId":"em315x7pjw1pudy","previousOperationId":"pd45fjetldzzjss","operationId":"pd45fjetldzzjss","timestamp":1718983826363,"id":"4ad3npo51gbvjew"}
