{"type":"operationStart","subtype":"profile","data":{"_id":"lzpmIFzIvUjl2M5O","timestamp":"2024-06-21T20:28:14.005Z","state":"queued","mode":"standard","creationDate":"2024-06-21T20:28:14.007Z","modificationDate":"2024-06-21T20:28:14.007Z","shortid":"VP90YQJ","$entitySet":"profiles"},"doDiffs":false,"timestamp":1719001694006,"id":"52f95jl4f0bq1xe","previousOperationId":null,"operationId":"jf0mpn7qrogfp7j"}
{"type":"log","level":"info","message":"Render request 82 queued for execution and waiting for available worker","previousOperationId":"jf0mpn7qrogfp7j","timestamp":1719001694006,"id":"m32afy45hq4ceri"}
{"type":"operationStart","subtype":"render","name":"anonymous","previousOperationId":"jf0mpn7qrogfp7j","timestamp":1719001694014,"id":"f8gapyqkuticg6z","previousEventId":"52f95jl4f0bq1xe","operationId":"6w93s04s9t4pq1u"}
{"type":"log","timestamp":1719001694014,"level":"info","message":"Starting rendering request 82","meta":{"rootId":"xkbjuiajr57r3og","id":"xkbjuiajr57r3og"},"id":"hz00rhkki7x5tjq","previousOperationId":"6w93s04s9t4pq1u"}
{"type":"log","timestamp":1719001694014,"level":"info","message":"Rendering anonymous template { recipe: chrome-pdf, engine: handlebars }","meta":{"rootId":"xkbjuiajr57r3og","id":"xkbjuiajr57r3og"},"id":"fa9bab7ilc7zs0r","previousOperationId":"6w93s04s9t4pq1u"}
{"type":"log","timestamp":1719001694014,"level":"debug","message":"Inline data specified.","meta":{"rootId":"xkbjuiajr57r3og","id":"xkbjuiajr57r3og"},"id":"qghbedf9t9696rd","previousOperationId":"6w93s04s9t4pq1u"}
{"type":"log","timestamp":1719001694016,"level":"debug","message":"Base url not specified, skipping its injection.","meta":{"rootId":"xkbjuiajr57r3og","id":"xkbjuiajr57r3og"},"id":"4y9t08qura9nvp0","previousOperationId":"6w93s04s9t4pq1u"}
{"type":"operationStart","subtype":"engine","name":"handlebars","timestamp":1719001694018,"id":"89ae667zwrb4p4p","previousEventId":"f8gapyqkuticg6z","operationId":"85kdh7qt4wuri3i","previousOperationId":"6w93s04s9t4pq1u"}
{"type":"log","timestamp":1719001694018,"level":"debug","message":"Rendering engine handlebars","meta":{"rootId":"xkbjuiajr57r3og","id":"xkbjuiajr57r3og"},"id":"1w4q2cjr11bfy7x","previousOperationId":"85kdh7qt4wuri3i"}
{"type":"operationEnd","operationId":"85kdh7qt4wuri3i","timestamp":1719001694059,"id":"g6xpnfcndkco6ev","previousEventId":"89ae667zwrb4p4p","previousOperationId":"85kdh7qt4wuri3i"}
{"type":"operationStart","subtype":"recipe","name":"chrome-pdf","timestamp":1719001694059,"id":"lei4nyh3k6yx5rk","previousEventId":"g6xpnfcndkco6ev","operationId":"iz1lxpiucoo8emx","previousOperationId":"85kdh7qt4wuri3i"}
{"type":"log","timestamp":1719001694059,"level":"debug","message":"Executing recipe chrome-pdf","meta":{"rootId":"xkbjuiajr57r3og","id":"xkbjuiajr57r3og"},"id":"vg1u07awrncmu82","previousOperationId":"iz1lxpiucoo8emx"}
{"type":"log","timestamp":1719001694072,"level":"debug","message":"Converting with chrome Chrome/126.0.6478.61 using chrome-pool strategy","meta":{"rootId":"xkbjuiajr57r3og","id":"xkbjuiajr57r3og"},"id":"snbwe6fevvjwjn2","previousOperationId":"iz1lxpiucoo8emx"}
{"type":"log","timestamp":1719001694356,"level":"debug","message":"Page request: GET (document) file:///var/folders/2x/1bhfw9mx7d775w_jmf56lcp80000gn/T/jsreport/autocleanup/436baa28-a469-46b2-b964-4eef1adde8e4-chrome-pdf.html","meta":{"rootId":"xkbjuiajr57r3og","id":"xkbjuiajr57r3og"},"id":"rtnxpxmjhs1wy9n","previousOperationId":"iz1lxpiucoo8emx"}
{"type":"log","timestamp":1719001694376,"level":"debug","message":"Page request finished: GET (document) 200 file:///var/folders/2x/1bhfw9mx7d775w_jmf56lcp80000gn/T/jsreport/autocleanup/436baa28-a469-46b2-b964-4eef1adde8e4-chrome-pdf.html","meta":{"rootId":"xkbjuiajr57r3og","id":"xkbjuiajr57r3og"},"id":"faygqthogyvqeim","previousOperationId":"iz1lxpiucoo8emx"}
{"type":"log","timestamp":1719001694378,"level":"debug","message":"Page request: GET (stylesheet) https://cdnjs.cloudflare.com/ajax/libs/metro/4.1.5/css/metro.min.css","meta":{"rootId":"xkbjuiajr57r3og","id":"xkbjuiajr57r3og"},"id":"brxoukb0xww3tvi","previousOperationId":"iz1lxpiucoo8emx"}
{"type":"log","timestamp":1719001694381,"level":"debug","message":"Page request: GET (script) https://cdnjs.cloudflare.com/ajax/libs/Chart.js/2.7.2/Chart.min.js","meta":{"rootId":"xkbjuiajr57r3og","id":"xkbjuiajr57r3og"},"id":"8dyea1cukfl2eyr","previousOperationId":"iz1lxpiucoo8emx"}
{"type":"log","timestamp":1719001694391,"level":"debug","message":"Page request finished: GET (stylesheet) 200 https://cdnjs.cloudflare.com/ajax/libs/metro/4.1.5/css/metro.min.css","meta":{"rootId":"xkbjuiajr57r3og","id":"xkbjuiajr57r3og"},"id":"a9ow3fabm12x6cu","previousOperationId":"iz1lxpiucoo8emx"}
{"type":"log","timestamp":1719001694391,"level":"debug","message":"Page request finished: GET (script) 200 https://cdnjs.cloudflare.com/ajax/libs/Chart.js/2.7.2/Chart.min.js","meta":{"rootId":"xkbjuiajr57r3og","id":"xkbjuiajr57r3og"},"id":"16n23dpy0g9mo40","previousOperationId":"iz1lxpiucoo8emx"}
{"type":"log","timestamp":1719001694446,"level":"debug","message":"Running chrome with params {\"timeout\":59937,\"margin\":{},\"printBackground\":true}","meta":{"rootId":"xkbjuiajr57r3og","id":"xkbjuiajr57r3og"},"id":"yooq18gzip46udu","previousOperationId":"iz1lxpiucoo8emx"}
{"type":"operationEnd","operationId":"iz1lxpiucoo8emx","timestamp":1719001694610,"id":"xa6q8mmpqvypr6c","previousEventId":"lei4nyh3k6yx5rk","previousOperationId":"iz1lxpiucoo8emx"}
{"type":"log","timestamp":1719001694610,"level":"debug","message":"Skipping storing report.","meta":{"rootId":"xkbjuiajr57r3og","id":"xkbjuiajr57r3og"},"id":"dspkmp4bc1rbnta","previousOperationId":"iz1lxpiucoo8emx"}
{"type":"log","timestamp":1719001694610,"level":"info","message":"Rendering request 82 finished in 612 ms","meta":{"rootId":"xkbjuiajr57r3og","id":"xkbjuiajr57r3og"},"id":"xfl448mv6wrn6ae","previousOperationId":"iz1lxpiucoo8emx"}
{"type":"operationEnd","subtype":"render","operationId":"6w93s04s9t4pq1u","timestamp":1719001694610,"id":"cumaw9i0kaouzni","previousEventId":"xa6q8mmpqvypr6c","previousOperationId":"iz1lxpiucoo8emx"}
{"type":"operationEnd","doDiffs":false,"previousEventId":"52f95jl4f0bq1xe","previousOperationId":"jf0mpn7qrogfp7j","operationId":"jf0mpn7qrogfp7j","timestamp":1719001694610,"id":"p1gd1zf36necdz2"}
