{"type":"operationStart","subtype":"profile","data":{"_id":"UzRkE3RXY2vZKtDQ","timestamp":"2024-06-22T14:36:33.961Z","state":"queued","mode":"standard","creationDate":"2024-06-22T14:36:33.965Z","modificationDate":"2024-06-22T14:36:33.965Z","shortid":"NJ9NHnf","$entitySet":"profiles"},"doDiffs":false,"timestamp":1719066993964,"id":"qlzlfm3xzu8srlz","previousOperationId":null,"operationId":"3xxo5omy7bcb7ny"}
{"type":"log","level":"info","message":"Render request 178 queued for execution and waiting for available worker","previousOperationId":"3xxo5omy7bcb7ny","timestamp":1719066993964,"id":"pm1aucsj863183l"}
{"type":"operationStart","subtype":"render","name":"anonymous","previousOperationId":"3xxo5omy7bcb7ny","timestamp":1719066993994,"id":"6xruuq8k5pnokny","previousEventId":"qlzlfm3xzu8srlz","operationId":"o431c2yav2qenfw"}
{"type":"log","timestamp":1719066993995,"level":"info","message":"Starting rendering request 178","meta":{"rootId":"xt62gamqtyxatyh","id":"xt62gamqtyxatyh"},"id":"v16ym1z9a3zy2se","previousOperationId":"o431c2yav2qenfw"}
{"type":"log","timestamp":1719066993995,"level":"info","message":"Rendering anonymous template { recipe: chrome-pdf, engine: handlebars }","meta":{"rootId":"xt62gamqtyxatyh","id":"xt62gamqtyxatyh"},"id":"mw8d5wt6ygwilce","previousOperationId":"o431c2yav2qenfw"}
{"type":"log","timestamp":1719066993995,"level":"debug","message":"Inline data specified.","meta":{"rootId":"xt62gamqtyxatyh","id":"xt62gamqtyxatyh"},"id":"9dmo9qpyqvdrcdt","previousOperationId":"o431c2yav2qenfw"}
{"type":"log","timestamp":1719066993997,"level":"debug","message":"Base url not specified, skipping its injection.","meta":{"rootId":"xt62gamqtyxatyh","id":"xt62gamqtyxatyh"},"id":"1h6eg9zo54a8ioh","previousOperationId":"o431c2yav2qenfw"}
{"type":"operationStart","subtype":"engine","name":"handlebars","timestamp":1719066993998,"id":"93qbr7g6rgk4ci9","previousEventId":"6xruuq8k5pnokny","operationId":"6gvrf6q46cyre2q","previousOperationId":"o431c2yav2qenfw"}
{"type":"log","timestamp":1719066993998,"level":"debug","message":"Rendering engine handlebars","meta":{"rootId":"xt62gamqtyxatyh","id":"xt62gamqtyxatyh"},"id":"z7wm1pv0g8tpaz3","previousOperationId":"6gvrf6q46cyre2q"}
{"type":"log","timestamp":1719066994016,"level":"debug","message":"(console:log) Pdf utils adding group field, value: \"France\"","meta":{"userLevel":true,"rootId":"xt62gamqtyxatyh","id":"xt62gamqtyxatyh"},"id":"154xtfhurl67jhe","previousOperationId":"6gvrf6q46cyre2q"}
{"type":"log","timestamp":1719066994018,"level":"debug","message":"(console:log) Pdf utils adding group field, value: \"Germany\"","meta":{"userLevel":true,"rootId":"xt62gamqtyxatyh","id":"xt62gamqtyxatyh"},"id":"xrokoz8nhdg7qvx","previousOperationId":"6gvrf6q46cyre2q"}
{"type":"operationEnd","operationId":"6gvrf6q46cyre2q","timestamp":1719066994018,"id":"o52gvvie84mrckb","previousEventId":"93qbr7g6rgk4ci9","previousOperationId":"6gvrf6q46cyre2q"}
{"type":"operationStart","subtype":"recipe","name":"chrome-pdf","timestamp":1719066994019,"id":"m05gzim072a6kh5","previousEventId":"o52gvvie84mrckb","operationId":"cqt22lyl7qfl0x9","previousOperationId":"6gvrf6q46cyre2q"}
{"type":"log","timestamp":1719066994019,"level":"debug","message":"Executing recipe chrome-pdf","meta":{"rootId":"xt62gamqtyxatyh","id":"xt62gamqtyxatyh"},"id":"582cd9quse72uh0","previousOperationId":"cqt22lyl7qfl0x9"}
{"type":"log","timestamp":1719066994041,"level":"debug","message":"Converting with chrome Chrome/126.0.6478.61 using chrome-pool strategy","meta":{"rootId":"xt62gamqtyxatyh","id":"xt62gamqtyxatyh"},"id":"bzkrqp2uwd6ddnt","previousOperationId":"cqt22lyl7qfl0x9"}
{"type":"log","timestamp":1719066994390,"level":"debug","message":"Page request: GET (document) file:///var/folders/2x/1bhfw9mx7d775w_jmf56lcp80000gn/T/jsreport/autocleanup/5b0282e1-96d4-4674-95a5-21554711f3ec-chrome-pdf.html","meta":{"rootId":"xt62gamqtyxatyh","id":"xt62gamqtyxatyh"},"id":"50hzoars9f75jpd","previousOperationId":"cqt22lyl7qfl0x9"}
{"type":"log","timestamp":1719066994408,"level":"debug","message":"Page request finished: GET (document) 200 file:///var/folders/2x/1bhfw9mx7d775w_jmf56lcp80000gn/T/jsreport/autocleanup/5b0282e1-96d4-4674-95a5-21554711f3ec-chrome-pdf.html","meta":{"rootId":"xt62gamqtyxatyh","id":"xt62gamqtyxatyh"},"id":"slg6r77hxkxzh1s","previousOperationId":"cqt22lyl7qfl0x9"}
{"type":"log","timestamp":1719066994410,"level":"debug","message":"Page request: GET (stylesheet) https://cdnjs.cloudflare.com/ajax/libs/metro/4.1.5/css/metro.min.css","meta":{"rootId":"xt62gamqtyxatyh","id":"xt62gamqtyxatyh"},"id":"xsjbij69to4w9pm","previousOperationId":"cqt22lyl7qfl0x9"}
{"type":"log","timestamp":1719066994410,"level":"debug","message":"Page request: GET (script) https://cdnjs.cloudflare.com/ajax/libs/Chart.js/2.7.2/Chart.min.js","meta":{"rootId":"xt62gamqtyxatyh","id":"xt62gamqtyxatyh"},"id":"lk5xm4wfc6qh37r","previousOperationId":"cqt22lyl7qfl0x9"}
{"type":"log","timestamp":1719066994421,"level":"debug","message":"Page request finished: GET (stylesheet) 200 https://cdnjs.cloudflare.com/ajax/libs/metro/4.1.5/css/metro.min.css","meta":{"rootId":"xt62gamqtyxatyh","id":"xt62gamqtyxatyh"},"id":"434hvpzlwp28754","previousOperationId":"cqt22lyl7qfl0x9"}
{"type":"log","timestamp":1719066994421,"level":"debug","message":"Page request finished: GET (script) 200 https://cdnjs.cloudflare.com/ajax/libs/Chart.js/2.7.2/Chart.min.js","meta":{"rootId":"xt62gamqtyxatyh","id":"xt62gamqtyxatyh"},"id":"58zo63fjwexuk88","previousOperationId":"cqt22lyl7qfl0x9"}
{"type":"log","timestamp":1719066994519,"level":"debug","message":"Running chrome with params {\"marginTop\":\"4cm\",\"marginRight\":\"1.5cm\",\"marginLeft\":\"1.5cm\",\"marginBottom\":\"1.5cm\",\"timeout\":59935,\"margin\":{\"top\":\"4cm\",\"right\":\"1.5cm\",\"bottom\":\"1.5cm\",\"left\":\"1.5cm\"},\"printBackground\":true}","meta":{"rootId":"xt62gamqtyxatyh","id":"xt62gamqtyxatyh"},"id":"l0qvgf2pbnyzfbw","previousOperationId":"cqt22lyl7qfl0x9"}
{"type":"operationEnd","operationId":"cqt22lyl7qfl0x9","timestamp":1719066994757,"id":"paa9dtq4u3djd4c","previousEventId":"m05gzim072a6kh5","previousOperationId":"cqt22lyl7qfl0x9"}
{"type":"log","timestamp":1719066994757,"level":"info","message":"pdf-utils is starting pdf processing","meta":{"rootId":"xt62gamqtyxatyh","id":"xt62gamqtyxatyh"},"id":"u8e18yk2titm3q3","previousOperationId":"cqt22lyl7qfl0x9"}
{"type":"operationStart","subtype":"pdfUtils","name":"pdf utils","timestamp":1719066994757,"id":"e8e5asgodue5sd6","previousEventId":"paa9dtq4u3djd4c","operationId":"0iw0lnbtb2to7zj","previousOperationId":"cqt22lyl7qfl0x9"}
{"type":"log","timestamp":1719066994757,"level":"debug","message":"pdf-utils detected 1 pdf operation(s) to process","meta":{"rootId":"xt62gamqtyxatyh","id":"xt62gamqtyxatyh"},"id":"m0x6hgxezwzxnvm","previousOperationId":"0iw0lnbtb2to7zj"}
{"type":"log","timestamp":1719066994771,"level":"debug","message":"pdf-utils running pdf operation merge","meta":{"rootId":"xt62gamqtyxatyh","id":"xt62gamqtyxatyh"},"id":"7tdei7a58ged6hd","previousOperationId":"0iw0lnbtb2to7zj"}
{"type":"operationStart","subtype":"pdfUtilsMerge","name":"pdf utils merge","previousOperationId":"0iw0lnbtb2to7zj","timestamp":1719066994771,"id":"h5kggpd7smyn8vo","previousEventId":"e8e5asgodue5sd6","operationId":"sdt5dttxfoa858h"}
{"type":"operationStart","subtype":"render","name":"anonymous","previousOperationId":"sdt5dttxfoa858h","timestamp":1719066994771,"id":"8xjo9s3z7qkih0e","previousEventId":"h5kggpd7smyn8vo","operationId":"2vvhjdzylpo94b5"}
{"type":"log","timestamp":1719066994771,"level":"info","message":"Starting rendering (child) request","meta":{"rootId":"xt62gamqtyxatyh","id":"jx795h8tnd9muz7"},"id":"s8e5ee8pqppd5e4","previousOperationId":"2vvhjdzylpo94b5"}
{"type":"log","timestamp":1719066994771,"level":"info","message":"Rendering anonymous template { recipe: chrome-pdf, engine: handlebars }","meta":{"rootId":"xt62gamqtyxatyh","id":"jx795h8tnd9muz7"},"id":"44r8cjztjc6q3y2","previousOperationId":"2vvhjdzylpo94b5"}
{"type":"log","timestamp":1719066994771,"level":"debug","message":"Inline data specified.","meta":{"rootId":"xt62gamqtyxatyh","id":"jx795h8tnd9muz7"},"id":"pok200yhtnsuswu","previousOperationId":"2vvhjdzylpo94b5"}
{"type":"log","timestamp":1719066994773,"level":"debug","message":"Base url not specified, skipping its injection.","meta":{"rootId":"xt62gamqtyxatyh","id":"jx795h8tnd9muz7"},"id":"17fj46phxpd6imk","previousOperationId":"2vvhjdzylpo94b5"}
{"type":"operationStart","subtype":"engine","name":"handlebars","timestamp":1719066994773,"id":"7r51fs33y1tzyvd","previousEventId":"8xjo9s3z7qkih0e","operationId":"yvbriegl2pjwwcd","previousOperationId":"2vvhjdzylpo94b5"}
{"type":"log","timestamp":1719066994773,"level":"debug","message":"Rendering engine handlebars","meta":{"rootId":"xt62gamqtyxatyh","id":"jx795h8tnd9muz7"},"id":"zjib9136ep85lht","previousOperationId":"yvbriegl2pjwwcd"}
{"type":"operationEnd","operationId":"yvbriegl2pjwwcd","timestamp":1719066994780,"id":"jgf70mzxw818hzm","previousEventId":"7r51fs33y1tzyvd","previousOperationId":"yvbriegl2pjwwcd"}
{"type":"operationStart","subtype":"recipe","name":"chrome-pdf","timestamp":1719066994781,"id":"1ywuj1ne288hcq7","previousEventId":"jgf70mzxw818hzm","operationId":"b13cckkrnsl5ftc","previousOperationId":"yvbriegl2pjwwcd"}
{"type":"log","timestamp":1719066994781,"level":"debug","message":"Executing recipe chrome-pdf","meta":{"rootId":"xt62gamqtyxatyh","id":"jx795h8tnd9muz7"},"id":"4g1wtdnhhi52r3e","previousOperationId":"b13cckkrnsl5ftc"}
{"type":"log","timestamp":1719066994785,"level":"debug","message":"Converting with chrome Chrome/126.0.6478.61 using chrome-pool strategy","meta":{"rootId":"xt62gamqtyxatyh","id":"jx795h8tnd9muz7"},"id":"ehfljyk9wa32zsx","previousOperationId":"b13cckkrnsl5ftc"}
{"type":"log","timestamp":1719066994800,"level":"debug","message":"Page request: GET (document) file:///var/folders/2x/1bhfw9mx7d775w_jmf56lcp80000gn/T/jsreport/autocleanup/3f7dc503-bdf5-4491-b44a-ca994a5fe45a-chrome-pdf.html","meta":{"rootId":"xt62gamqtyxatyh","id":"jx795h8tnd9muz7"},"id":"o4onenfvq9oozuj","previousOperationId":"b13cckkrnsl5ftc"}
{"type":"log","timestamp":1719066994806,"level":"debug","message":"Page request finished: GET (document) 200 file:///var/folders/2x/1bhfw9mx7d775w_jmf56lcp80000gn/T/jsreport/autocleanup/3f7dc503-bdf5-4491-b44a-ca994a5fe45a-chrome-pdf.html","meta":{"rootId":"xt62gamqtyxatyh","id":"jx795h8tnd9muz7"},"id":"cyn2spt5vcoff3e","previousOperationId":"b13cckkrnsl5ftc"}
{"type":"log","timestamp":1719066994806,"level":"debug","message":"Page request: GET (stylesheet) https://cdnjs.cloudflare.com/ajax/libs/metro/4.1.5/css/metro.min.css","meta":{"rootId":"xt62gamqtyxatyh","id":"jx795h8tnd9muz7"},"id":"orninyp59ysolk9","previousOperationId":"b13cckkrnsl5ftc"}
{"type":"log","timestamp":1719066994812,"level":"debug","message":"Page request finished: GET (stylesheet) 200 https://cdnjs.cloudflare.com/ajax/libs/metro/4.1.5/css/metro.min.css","meta":{"rootId":"xt62gamqtyxatyh","id":"jx795h8tnd9muz7"},"id":"bf2zl71n02dqf2i","previousOperationId":"b13cckkrnsl5ftc"}
{"type":"log","timestamp":1719066994840,"level":"debug","message":"Running chrome with params {\"timeout\":59172,\"margin\":{},\"printBackground\":true}","meta":{"rootId":"xt62gamqtyxatyh","id":"jx795h8tnd9muz7"},"id":"vrm2zdfe6z4bhx1","previousOperationId":"b13cckkrnsl5ftc"}
{"type":"operationEnd","operationId":"b13cckkrnsl5ftc","timestamp":1719066994953,"id":"uox55go8ej2yufp","previousEventId":"1ywuj1ne288hcq7","previousOperationId":"b13cckkrnsl5ftc"}
{"type":"log","timestamp":1719066994953,"level":"debug","message":"Skipping storing report.","meta":{"rootId":"xt62gamqtyxatyh","id":"jx795h8tnd9muz7"},"id":"ajv2a7ozhjn2cul","previousOperationId":"b13cckkrnsl5ftc"}
{"type":"log","timestamp":1719066994953,"level":"info","message":"Rendering (child) request finished in 997 ms","meta":{"rootId":"xt62gamqtyxatyh","id":"jx795h8tnd9muz7"},"id":"3ze0mf2rd1zkfhv","previousOperationId":"b13cckkrnsl5ftc"}
{"type":"operationEnd","subtype":"render","operationId":"2vvhjdzylpo94b5","timestamp":1719066994953,"id":"xo1swasp1dbhgth","previousEventId":"uox55go8ej2yufp","previousOperationId":"b13cckkrnsl5ftc"}
{"type":"operationEnd","operationId":"sdt5dttxfoa858h","timestamp":1719066994974,"id":"c07j6glci1cdp2z","previousEventId":"h5kggpd7smyn8vo","previousOperationId":"sdt5dttxfoa858h"}
{"type":"log","timestamp":1719066994974,"level":"debug","message":"pdf-utils postprocess start","meta":{"rootId":"xt62gamqtyxatyh","id":"xt62gamqtyxatyh"},"id":"gdw7h1vyqk71jvb","previousOperationId":"sdt5dttxfoa858h"}
{"type":"log","timestamp":1719066994997,"level":"debug","message":"pdf-utils postprocess end","meta":{"rootId":"xt62gamqtyxatyh","id":"xt62gamqtyxatyh"},"id":"iv72zgzf6uilw4b","previousOperationId":"sdt5dttxfoa858h"}
{"type":"operationEnd","operationId":"0iw0lnbtb2to7zj","timestamp":1719066994997,"id":"7ia2krr8i4izuv7","previousEventId":"c07j6glci1cdp2z","previousOperationId":"sdt5dttxfoa858h"}
{"type":"log","timestamp":1719066994998,"level":"info","message":"pdf-utils pdf processing was finished","meta":{"rootId":"xt62gamqtyxatyh","id":"xt62gamqtyxatyh"},"id":"m0uvx1kutnptwwi","previousOperationId":"0iw0lnbtb2to7zj"}
{"type":"log","timestamp":1719066994998,"level":"debug","message":"Skipping storing report.","meta":{"rootId":"xt62gamqtyxatyh","id":"xt62gamqtyxatyh"},"id":"mfbr8w9e8li1wvr","previousOperationId":"0iw0lnbtb2to7zj"}
{"type":"log","timestamp":1719066994998,"level":"info","message":"Rendering request 178 finished in 1042 ms","meta":{"rootId":"xt62gamqtyxatyh","id":"xt62gamqtyxatyh"},"id":"6a4ehoj0excsqji","previousOperationId":"0iw0lnbtb2to7zj"}
{"type":"operationEnd","subtype":"render","operationId":"o431c2yav2qenfw","timestamp":1719066994998,"id":"8xrkqwdiw0pok6q","previousEventId":"7ia2krr8i4izuv7","previousOperationId":"0iw0lnbtb2to7zj"}
{"type":"operationEnd","doDiffs":false,"previousEventId":"qlzlfm3xzu8srlz","previousOperationId":"3xxo5omy7bcb7ny","operationId":"3xxo5omy7bcb7ny","timestamp":1719066994998,"id":"zamb7umry8b0oma"}
