{"type":"operationStart","subtype":"profile","data":{"_id":"cQ7Gja9ml0wSfsIc","timestamp":"2024-06-21T22:14:19.087Z","state":"queued","mode":"standard","creationDate":"2024-06-21T22:14:19.090Z","modificationDate":"2024-06-21T22:14:19.090Z","shortid":"uPTlcDI","$entitySet":"profiles"},"doDiffs":false,"timestamp":1719008059089,"id":"2hvaje1cgytmo1u","previousOperationId":null,"operationId":"nr31mipgs92x7el"}
{"type":"log","level":"info","message":"Render request 145 queued for execution and waiting for available worker","previousOperationId":"nr31mipgs92x7el","timestamp":1719008059089,"id":"atfo14au37d2xje"}
{"type":"operationStart","subtype":"render","name":"anonymous","previousOperationId":"nr31mipgs92x7el","timestamp":1719008059093,"id":"lu4yq8cizvj43f1","previousEventId":"2hvaje1cgytmo1u","operationId":"l0fxialen9xcvtm"}
{"type":"log","timestamp":1719008059093,"level":"info","message":"Starting rendering request 145","meta":{"rootId":"yuc6bzk6ohc56xf","id":"yuc6bzk6ohc56xf"},"id":"65kqbw6ipzhjvik","previousOperationId":"l0fxialen9xcvtm"}
{"type":"log","timestamp":1719008059094,"level":"info","message":"Rendering anonymous template { recipe: chrome-pdf, engine: handlebars }","meta":{"rootId":"yuc6bzk6ohc56xf","id":"yuc6bzk6ohc56xf"},"id":"odce98vo2y316xp","previousOperationId":"l0fxialen9xcvtm"}
{"type":"log","timestamp":1719008059094,"level":"debug","message":"Inline data specified.","meta":{"rootId":"yuc6bzk6ohc56xf","id":"yuc6bzk6ohc56xf"},"id":"qtlb1j239ogojas","previousOperationId":"l0fxialen9xcvtm"}
{"type":"log","timestamp":1719008059094,"level":"debug","message":"Base url not specified, skipping its injection.","meta":{"rootId":"yuc6bzk6ohc56xf","id":"yuc6bzk6ohc56xf"},"id":"29v4c8lo4w9c7vi","previousOperationId":"l0fxialen9xcvtm"}
{"type":"operationStart","subtype":"engine","name":"handlebars","timestamp":1719008059094,"id":"ug9v45vej1e76uk","previousEventId":"lu4yq8cizvj43f1","operationId":"31657q9qo27ix1m","previousOperationId":"l0fxialen9xcvtm"}
{"type":"log","timestamp":1719008059094,"level":"debug","message":"Rendering engine handlebars","meta":{"rootId":"yuc6bzk6ohc56xf","id":"yuc6bzk6ohc56xf"},"id":"kyqwkj17f2gewpj","previousOperationId":"31657q9qo27ix1m"}
{"type":"log","timestamp":1719008059103,"level":"debug","message":"(console:log) Pdf utils adding group field, value: 1","meta":{"userLevel":true,"rootId":"yuc6bzk6ohc56xf","id":"yuc6bzk6ohc56xf"},"id":"48cqalsrpy9sbvq","previousOperationId":"31657q9qo27ix1m"}
{"type":"log","timestamp":1719008059103,"level":"debug","message":"(console:log) Pdf utils adding group field, value: 2","meta":{"userLevel":true,"rootId":"yuc6bzk6ohc56xf","id":"yuc6bzk6ohc56xf"},"id":"x64a9i08fpj2zh6","previousOperationId":"31657q9qo27ix1m"}
{"type":"log","timestamp":1719008059103,"level":"debug","message":"(console:log) Pdf utils adding group field, value: 3","meta":{"userLevel":true,"rootId":"yuc6bzk6ohc56xf","id":"yuc6bzk6ohc56xf"},"id":"8i7m7t8s4f2fico","previousOperationId":"31657q9qo27ix1m"}
{"type":"operationEnd","operationId":"31657q9qo27ix1m","timestamp":1719008059103,"id":"o21j1su9rnt0i1j","previousEventId":"ug9v45vej1e76uk","previousOperationId":"31657q9qo27ix1m"}
{"type":"operationStart","subtype":"recipe","name":"chrome-pdf","timestamp":1719008059103,"id":"7t8gw94djlfqux0","previousEventId":"o21j1su9rnt0i1j","operationId":"29mklfvf33jtvjq","previousOperationId":"31657q9qo27ix1m"}
{"type":"log","timestamp":1719008059103,"level":"debug","message":"Executing recipe chrome-pdf","meta":{"rootId":"yuc6bzk6ohc56xf","id":"yuc6bzk6ohc56xf"},"id":"hxxa59kf6s4f268","previousOperationId":"29mklfvf33jtvjq"}
{"type":"log","timestamp":1719008059106,"level":"debug","message":"Converting with chrome Chrome/126.0.6478.61 using chrome-pool strategy","meta":{"rootId":"yuc6bzk6ohc56xf","id":"yuc6bzk6ohc56xf"},"id":"syo9ood8ofc7g4o","previousOperationId":"29mklfvf33jtvjq"}
{"type":"log","timestamp":1719008059199,"level":"debug","message":"Page request: GET (document) file:///var/folders/2x/1bhfw9mx7d775w_jmf56lcp80000gn/T/jsreport/autocleanup/0b4712e3-d4c4-41e3-8544-44c852811293-chrome-pdf.html","meta":{"rootId":"yuc6bzk6ohc56xf","id":"yuc6bzk6ohc56xf"},"id":"ezxqxt7lv6c8vz5","previousOperationId":"29mklfvf33jtvjq"}
{"type":"log","timestamp":1719008059203,"level":"debug","message":"Page request finished: GET (document) 200 file:///var/folders/2x/1bhfw9mx7d775w_jmf56lcp80000gn/T/jsreport/autocleanup/0b4712e3-d4c4-41e3-8544-44c852811293-chrome-pdf.html","meta":{"rootId":"yuc6bzk6ohc56xf","id":"yuc6bzk6ohc56xf"},"id":"5grbi2mr1cx47ik","previousOperationId":"29mklfvf33jtvjq"}
{"type":"log","timestamp":1719008059203,"level":"debug","message":"Page request: GET (stylesheet) https://cdnjs.cloudflare.com/ajax/libs/metro/4.1.5/css/metro.min.css","meta":{"rootId":"yuc6bzk6ohc56xf","id":"yuc6bzk6ohc56xf"},"id":"w3irwqfhs0pk10z","previousOperationId":"29mklfvf33jtvjq"}
{"type":"log","timestamp":1719008059203,"level":"debug","message":"Page request: GET (script) https://cdnjs.cloudflare.com/ajax/libs/Chart.js/2.7.2/Chart.min.js","meta":{"rootId":"yuc6bzk6ohc56xf","id":"yuc6bzk6ohc56xf"},"id":"zipxcnvmjfafztb","previousOperationId":"29mklfvf33jtvjq"}
{"type":"log","timestamp":1719008059216,"level":"debug","message":"Page request finished: GET (stylesheet) 200 https://cdnjs.cloudflare.com/ajax/libs/metro/4.1.5/css/metro.min.css","meta":{"rootId":"yuc6bzk6ohc56xf","id":"yuc6bzk6ohc56xf"},"id":"ukyjvax3nordsxu","previousOperationId":"29mklfvf33jtvjq"}
{"type":"log","timestamp":1719008059217,"level":"debug","message":"Page request finished: GET (script) 200 https://cdnjs.cloudflare.com/ajax/libs/Chart.js/2.7.2/Chart.min.js","meta":{"rootId":"yuc6bzk6ohc56xf","id":"yuc6bzk6ohc56xf"},"id":"752yw3kes6yu9cz","previousOperationId":"29mklfvf33jtvjq"}
{"type":"log","timestamp":1719008059251,"level":"debug","message":"Running chrome with params {\"marginTop\":\"2cm\",\"marginRight\":\"1.5cm\",\"marginLeft\":\"1.5cm\",\"marginBottom\":\"1.5cm\",\"timeout\":59980,\"margin\":{\"top\":\"2cm\",\"right\":\"1.5cm\",\"bottom\":\"1.5cm\",\"left\":\"1.5cm\"},\"printBackground\":true}","meta":{"rootId":"yuc6bzk6ohc56xf","id":"yuc6bzk6ohc56xf"},"id":"uqvd9f1cr9ysou8","previousOperationId":"29mklfvf33jtvjq"}
{"type":"operationEnd","operationId":"29mklfvf33jtvjq","timestamp":1719008059361,"id":"wune5zhgsrg14cq","previousEventId":"7t8gw94djlfqux0","previousOperationId":"29mklfvf33jtvjq"}
{"type":"log","timestamp":1719008059361,"level":"info","message":"pdf-utils is starting pdf processing","meta":{"rootId":"yuc6bzk6ohc56xf","id":"yuc6bzk6ohc56xf"},"id":"uxkric3vgbbrhct","previousOperationId":"29mklfvf33jtvjq"}
{"type":"operationStart","subtype":"pdfUtils","name":"pdf utils","timestamp":1719008059361,"id":"jvpt7citf0dm7gi","previousEventId":"wune5zhgsrg14cq","operationId":"2m2nugkqslg20n5","previousOperationId":"29mklfvf33jtvjq"}
{"type":"log","timestamp":1719008059361,"level":"debug","message":"pdf-utils detected 1 pdf operation(s) to process","meta":{"rootId":"yuc6bzk6ohc56xf","id":"yuc6bzk6ohc56xf"},"id":"nb7s80ujcffxgcv","previousOperationId":"2m2nugkqslg20n5"}
{"type":"log","timestamp":1719008059366,"level":"debug","message":"pdf-utils running pdf operation merge","meta":{"rootId":"yuc6bzk6ohc56xf","id":"yuc6bzk6ohc56xf"},"id":"depw13y9b646sbf","previousOperationId":"2m2nugkqslg20n5"}
{"type":"operationStart","subtype":"pdfUtilsMerge","name":"pdf utils merge","previousOperationId":"2m2nugkqslg20n5","timestamp":1719008059366,"id":"t5k1ke7s3c5xk73","previousEventId":"jvpt7citf0dm7gi","operationId":"kf6dncq2n1xokz7"}
{"type":"operationStart","subtype":"render","name":"anonymous","previousOperationId":"kf6dncq2n1xokz7","timestamp":1719008059366,"id":"zfpxnj7rtupdym1","previousEventId":"t5k1ke7s3c5xk73","operationId":"jfxdkbusbmwem9b"}
{"type":"log","timestamp":1719008059366,"level":"info","message":"Starting rendering (child) request","meta":{"rootId":"yuc6bzk6ohc56xf","id":"j6j8jwcu9wlpmd2"},"id":"24sp3yxq0dassay","previousOperationId":"jfxdkbusbmwem9b"}
{"type":"log","timestamp":1719008059366,"level":"info","message":"Rendering anonymous template { recipe: chrome-pdf, engine: handlebars }","meta":{"rootId":"yuc6bzk6ohc56xf","id":"j6j8jwcu9wlpmd2"},"id":"die51on3z22bqcb","previousOperationId":"jfxdkbusbmwem9b"}
{"type":"log","timestamp":1719008059366,"level":"debug","message":"Inline data specified.","meta":{"rootId":"yuc6bzk6ohc56xf","id":"j6j8jwcu9wlpmd2"},"id":"q9wt5uf75pbwx7a","previousOperationId":"jfxdkbusbmwem9b"}
{"type":"log","timestamp":1719008059367,"level":"debug","message":"Base url not specified, skipping its injection.","meta":{"rootId":"yuc6bzk6ohc56xf","id":"j6j8jwcu9wlpmd2"},"id":"6d3p3g05uke2fxy","previousOperationId":"jfxdkbusbmwem9b"}
{"type":"operationStart","subtype":"engine","name":"handlebars","timestamp":1719008059367,"id":"p9ib6dfc5o9mlxh","previousEventId":"zfpxnj7rtupdym1","operationId":"sym9vte76l8lnc8","previousOperationId":"jfxdkbusbmwem9b"}
{"type":"log","timestamp":1719008059367,"level":"debug","message":"Rendering engine handlebars","meta":{"rootId":"yuc6bzk6ohc56xf","id":"j6j8jwcu9wlpmd2"},"id":"tgyspz8cv199isg","previousOperationId":"sym9vte76l8lnc8"}
{"type":"operationEnd","operationId":"sym9vte76l8lnc8","timestamp":1719008059369,"id":"znjbjlzttdbadc4","previousEventId":"p9ib6dfc5o9mlxh","previousOperationId":"sym9vte76l8lnc8"}
{"type":"operationStart","subtype":"recipe","name":"chrome-pdf","timestamp":1719008059369,"id":"8ij8ishqf9qk15e","previousEventId":"znjbjlzttdbadc4","operationId":"kzc6fr4mutvll52","previousOperationId":"sym9vte76l8lnc8"}
{"type":"log","timestamp":1719008059369,"level":"debug","message":"Executing recipe chrome-pdf","meta":{"rootId":"yuc6bzk6ohc56xf","id":"j6j8jwcu9wlpmd2"},"id":"cpbaewlxy87kf1m","previousOperationId":"kzc6fr4mutvll52"}
{"type":"log","timestamp":1719008059370,"level":"debug","message":"Converting with chrome Chrome/126.0.6478.61 using chrome-pool strategy","meta":{"rootId":"yuc6bzk6ohc56xf","id":"j6j8jwcu9wlpmd2"},"id":"ydzg0zmo1bhomol","previousOperationId":"kzc6fr4mutvll52"}
{"type":"log","timestamp":1719008059429,"level":"debug","message":"Page request: GET (document) file:///var/folders/2x/1bhfw9mx7d775w_jmf56lcp80000gn/T/jsreport/autocleanup/698d9160-0de7-4f8d-a1f9-543668154d06-chrome-pdf.html","meta":{"rootId":"yuc6bzk6ohc56xf","id":"j6j8jwcu9wlpmd2"},"id":"8x67n4mu37afcbf","previousOperationId":"kzc6fr4mutvll52"}
{"type":"log","timestamp":1719008059434,"level":"debug","message":"Page request finished: GET (document) 200 file:///var/folders/2x/1bhfw9mx7d775w_jmf56lcp80000gn/T/jsreport/autocleanup/698d9160-0de7-4f8d-a1f9-543668154d06-chrome-pdf.html","meta":{"rootId":"yuc6bzk6ohc56xf","id":"j6j8jwcu9wlpmd2"},"id":"pa56cqxt0yjs7kz","previousOperationId":"kzc6fr4mutvll52"}
{"type":"log","timestamp":1719008059435,"level":"debug","message":"Running chrome with params {\"timeout\":59715,\"margin\":{},\"printBackground\":true}","meta":{"rootId":"yuc6bzk6ohc56xf","id":"j6j8jwcu9wlpmd2"},"id":"dv2x8v3kh7evxkb","previousOperationId":"kzc6fr4mutvll52"}
{"type":"operationEnd","operationId":"kzc6fr4mutvll52","timestamp":1719008059473,"id":"gfkzrohva214lq7","previousEventId":"8ij8ishqf9qk15e","previousOperationId":"kzc6fr4mutvll52"}
{"type":"log","timestamp":1719008059473,"level":"debug","message":"Skipping storing report.","meta":{"rootId":"yuc6bzk6ohc56xf","id":"j6j8jwcu9wlpmd2"},"id":"rxf7q335wvkzf1g","previousOperationId":"kzc6fr4mutvll52"}
{"type":"log","timestamp":1719008059473,"level":"info","message":"Rendering (child) request finished in 389 ms","meta":{"rootId":"yuc6bzk6ohc56xf","id":"j6j8jwcu9wlpmd2"},"id":"h8nrugwaj77k9e0","previousOperationId":"kzc6fr4mutvll52"}
{"type":"operationEnd","subtype":"render","operationId":"jfxdkbusbmwem9b","timestamp":1719008059473,"id":"yb66uo90p282kb8","previousEventId":"gfkzrohva214lq7","previousOperationId":"kzc6fr4mutvll52"}
{"type":"operationEnd","operationId":"kf6dncq2n1xokz7","timestamp":1719008059478,"id":"1saaah8sohmgj7c","previousEventId":"t5k1ke7s3c5xk73","previousOperationId":"kf6dncq2n1xokz7"}
{"type":"log","timestamp":1719008059478,"level":"debug","message":"pdf-utils postprocess start","meta":{"rootId":"yuc6bzk6ohc56xf","id":"yuc6bzk6ohc56xf"},"id":"p9afov8fzxibftn","previousOperationId":"kf6dncq2n1xokz7"}
{"type":"log","timestamp":1719008059483,"level":"debug","message":"pdf-utils postprocess end","meta":{"rootId":"yuc6bzk6ohc56xf","id":"yuc6bzk6ohc56xf"},"id":"rn50bvgfi5mqo1p","previousOperationId":"kf6dncq2n1xokz7"}
{"type":"operationEnd","operationId":"2m2nugkqslg20n5","timestamp":1719008059483,"id":"cj7ld7wfqd4ps8u","previousEventId":"1saaah8sohmgj7c","previousOperationId":"kf6dncq2n1xokz7"}
{"type":"log","timestamp":1719008059484,"level":"info","message":"pdf-utils pdf processing was finished","meta":{"rootId":"yuc6bzk6ohc56xf","id":"yuc6bzk6ohc56xf"},"id":"ujs3fw2d9ohmj2d","previousOperationId":"2m2nugkqslg20n5"}
{"type":"log","timestamp":1719008059484,"level":"debug","message":"Skipping storing report.","meta":{"rootId":"yuc6bzk6ohc56xf","id":"yuc6bzk6ohc56xf"},"id":"gu6xqeh9kp5k5zk","previousOperationId":"2m2nugkqslg20n5"}
{"type":"log","timestamp":1719008059484,"level":"info","message":"Rendering request 145 finished in 400 ms","meta":{"rootId":"yuc6bzk6ohc56xf","id":"yuc6bzk6ohc56xf"},"id":"3rsbs59p60x73d5","previousOperationId":"2m2nugkqslg20n5"}
{"type":"operationEnd","subtype":"render","operationId":"l0fxialen9xcvtm","timestamp":1719008059484,"id":"fth7s1o8d5vbe5l","previousEventId":"cj7ld7wfqd4ps8u","previousOperationId":"2m2nugkqslg20n5"}
{"type":"operationEnd","doDiffs":false,"previousEventId":"2hvaje1cgytmo1u","previousOperationId":"nr31mipgs92x7el","operationId":"nr31mipgs92x7el","timestamp":1719008059484,"id":"b8fsjlnvbeudwoy"}
