{"type":"operationStart","subtype":"profile","data":{"_id":"a67Pg1GgmZVxyzDv","timestamp":"2024-06-22T02:12:58.984Z","state":"queued","mode":"standard","creationDate":"2024-06-22T02:12:58.992Z","modificationDate":"2024-06-22T02:12:58.992Z","shortid":"Ajzjwn4","$entitySet":"profiles"},"doDiffs":false,"timestamp":1719022378987,"id":"bqgno609dt7wefa","previousOperationId":null,"operationId":"wbum3k82xc3dks9"}
{"type":"log","level":"info","message":"Render request 174 queued for execution and waiting for available worker","previousOperationId":"wbum3k82xc3dks9","timestamp":1719022378988,"id":"9xl4ywlqt1z7vbz"}
{"type":"operationStart","subtype":"render","name":"anonymous","previousOperationId":"wbum3k82xc3dks9","timestamp":1719022379008,"id":"aq42u1i9snehafy","previousEventId":"bqgno609dt7wefa","operationId":"u45gbj8sodjgxmo"}
{"type":"log","timestamp":1719022379009,"level":"info","message":"Starting rendering request 174","meta":{"rootId":"yuoe96rqzhhjtqq","id":"yuoe96rqzhhjtqq"},"id":"mf6xl2seben3zsi","previousOperationId":"u45gbj8sodjgxmo"}
{"type":"log","timestamp":1719022379010,"level":"info","message":"Rendering anonymous template { recipe: chrome-pdf, engine: handlebars }","meta":{"rootId":"yuoe96rqzhhjtqq","id":"yuoe96rqzhhjtqq"},"id":"vxqfkmuc9im6f9q","previousOperationId":"u45gbj8sodjgxmo"}
{"type":"log","timestamp":1719022379010,"level":"debug","message":"Inline data specified.","meta":{"rootId":"yuoe96rqzhhjtqq","id":"yuoe96rqzhhjtqq"},"id":"8su6snuj3u00ixk","previousOperationId":"u45gbj8sodjgxmo"}
{"type":"log","timestamp":1719022379015,"level":"debug","message":"Base url not specified, skipping its injection.","meta":{"rootId":"yuoe96rqzhhjtqq","id":"yuoe96rqzhhjtqq"},"id":"tksb4sm97io6lh2","previousOperationId":"u45gbj8sodjgxmo"}
{"type":"operationStart","subtype":"engine","name":"handlebars","timestamp":1719022379017,"id":"le4tm9dkh8y5cso","previousEventId":"aq42u1i9snehafy","operationId":"txruzpauif4jdaw","previousOperationId":"u45gbj8sodjgxmo"}
{"type":"log","timestamp":1719022379017,"level":"debug","message":"Rendering engine handlebars","meta":{"rootId":"yuoe96rqzhhjtqq","id":"yuoe96rqzhhjtqq"},"id":"3reuzy5465p4vjk","previousOperationId":"txruzpauif4jdaw"}
{"type":"log","timestamp":1719022379045,"level":"debug","message":"(console:log) Pdf utils adding group field, value: \"France\"","meta":{"userLevel":true,"rootId":"yuoe96rqzhhjtqq","id":"yuoe96rqzhhjtqq"},"id":"ttm233470gnquiq","previousOperationId":"txruzpauif4jdaw"}
{"type":"log","timestamp":1719022379047,"level":"debug","message":"(console:log) Pdf utils adding group field, value: \"Germany\"","meta":{"userLevel":true,"rootId":"yuoe96rqzhhjtqq","id":"yuoe96rqzhhjtqq"},"id":"r4ac1y0g92tnikc","previousOperationId":"txruzpauif4jdaw"}
{"type":"operationEnd","operationId":"txruzpauif4jdaw","timestamp":1719022379047,"id":"ago1626skwhm6qz","previousEventId":"le4tm9dkh8y5cso","previousOperationId":"txruzpauif4jdaw"}
{"type":"operationStart","subtype":"recipe","name":"chrome-pdf","timestamp":1719022379049,"id":"5tkhbtcga6iddl8","previousEventId":"ago1626skwhm6qz","operationId":"vg9r8ts8xfioe09","previousOperationId":"txruzpauif4jdaw"}
{"type":"log","timestamp":1719022379049,"level":"debug","message":"Executing recipe chrome-pdf","meta":{"rootId":"yuoe96rqzhhjtqq","id":"yuoe96rqzhhjtqq"},"id":"wj8frnsrv41069t","previousOperationId":"vg9r8ts8xfioe09"}
{"type":"log","timestamp":1719022379064,"level":"debug","message":"Converting with chrome Chrome/126.0.6478.61 using chrome-pool strategy","meta":{"rootId":"yuoe96rqzhhjtqq","id":"yuoe96rqzhhjtqq"},"id":"bc2nyj2uq3gttlg","previousOperationId":"vg9r8ts8xfioe09"}
{"type":"log","timestamp":1719022379393,"level":"debug","message":"Page request: GET (document) file:///var/folders/2x/1bhfw9mx7d775w_jmf56lcp80000gn/T/jsreport/autocleanup/995c18b1-4020-4394-bff7-ff8e1017bef2-chrome-pdf.html","meta":{"rootId":"yuoe96rqzhhjtqq","id":"yuoe96rqzhhjtqq"},"id":"u7fkegw31j9z6lg","previousOperationId":"vg9r8ts8xfioe09"}
{"type":"log","timestamp":1719022379409,"level":"debug","message":"Page request finished: GET (document) 200 file:///var/folders/2x/1bhfw9mx7d775w_jmf56lcp80000gn/T/jsreport/autocleanup/995c18b1-4020-4394-bff7-ff8e1017bef2-chrome-pdf.html","meta":{"rootId":"yuoe96rqzhhjtqq","id":"yuoe96rqzhhjtqq"},"id":"wof9qj3wq1lj3gb","previousOperationId":"vg9r8ts8xfioe09"}
{"type":"log","timestamp":1719022379411,"level":"debug","message":"Page request: GET (stylesheet) https://cdnjs.cloudflare.com/ajax/libs/metro/4.1.5/css/metro.min.css","meta":{"rootId":"yuoe96rqzhhjtqq","id":"yuoe96rqzhhjtqq"},"id":"l5qapwtsdmf13bg","previousOperationId":"vg9r8ts8xfioe09"}
{"type":"log","timestamp":1719022379411,"level":"debug","message":"Page request: GET (script) https://cdnjs.cloudflare.com/ajax/libs/Chart.js/2.7.2/Chart.min.js","meta":{"rootId":"yuoe96rqzhhjtqq","id":"yuoe96rqzhhjtqq"},"id":"8cmrf7e6u67fl37","previousOperationId":"vg9r8ts8xfioe09"}
{"type":"log","timestamp":1719022379423,"level":"debug","message":"Page request finished: GET (stylesheet) 200 https://cdnjs.cloudflare.com/ajax/libs/metro/4.1.5/css/metro.min.css","meta":{"rootId":"yuoe96rqzhhjtqq","id":"yuoe96rqzhhjtqq"},"id":"pip10c2ao03ev3p","previousOperationId":"vg9r8ts8xfioe09"}
{"type":"log","timestamp":1719022379423,"level":"debug","message":"Page request finished: GET (script) 200 https://cdnjs.cloudflare.com/ajax/libs/Chart.js/2.7.2/Chart.min.js","meta":{"rootId":"yuoe96rqzhhjtqq","id":"yuoe96rqzhhjtqq"},"id":"95qjmqvce165o0n","previousOperationId":"vg9r8ts8xfioe09"}
{"type":"log","timestamp":1719022379493,"level":"debug","message":"Running chrome with params {\"marginTop\":\"4cm\",\"marginRight\":\"1.5cm\",\"marginLeft\":\"1.5cm\",\"marginBottom\":\"1.5cm\",\"timeout\":59927,\"margin\":{\"top\":\"4cm\",\"right\":\"1.5cm\",\"bottom\":\"1.5cm\",\"left\":\"1.5cm\"},\"printBackground\":true}","meta":{"rootId":"yuoe96rqzhhjtqq","id":"yuoe96rqzhhjtqq"},"id":"z2682e1jv50ko6b","previousOperationId":"vg9r8ts8xfioe09"}
{"type":"operationEnd","operationId":"vg9r8ts8xfioe09","timestamp":1719022379665,"id":"40mjrlfqin8voms","previousEventId":"5tkhbtcga6iddl8","previousOperationId":"vg9r8ts8xfioe09"}
{"type":"log","timestamp":1719022379665,"level":"info","message":"pdf-utils is starting pdf processing","meta":{"rootId":"yuoe96rqzhhjtqq","id":"yuoe96rqzhhjtqq"},"id":"j0haa5pk74y61yv","previousOperationId":"vg9r8ts8xfioe09"}
{"type":"operationStart","subtype":"pdfUtils","name":"pdf utils","timestamp":1719022379667,"id":"zro0m3ux2ckr1mx","previousEventId":"40mjrlfqin8voms","operationId":"k2vu8txxcxjr2zs","previousOperationId":"vg9r8ts8xfioe09"}
{"type":"log","timestamp":1719022379667,"level":"debug","message":"pdf-utils detected 1 pdf operation(s) to process","meta":{"rootId":"yuoe96rqzhhjtqq","id":"yuoe96rqzhhjtqq"},"id":"70ilhvljd99ykym","previousOperationId":"k2vu8txxcxjr2zs"}
{"type":"log","timestamp":1719022379681,"level":"debug","message":"pdf-utils running pdf operation merge","meta":{"rootId":"yuoe96rqzhhjtqq","id":"yuoe96rqzhhjtqq"},"id":"4cpp0mt27hz2kpl","previousOperationId":"k2vu8txxcxjr2zs"}
{"type":"operationStart","subtype":"pdfUtilsMerge","name":"pdf utils merge","previousOperationId":"k2vu8txxcxjr2zs","timestamp":1719022379681,"id":"zhguul48xj4gr38","previousEventId":"zro0m3ux2ckr1mx","operationId":"vpib6mgakh3x8k5"}
{"type":"operationStart","subtype":"render","name":"anonymous","previousOperationId":"vpib6mgakh3x8k5","timestamp":1719022379681,"id":"i4grk9yszesiwbz","previousEventId":"zhguul48xj4gr38","operationId":"htzfr810ltronkt"}
{"type":"log","timestamp":1719022379681,"level":"info","message":"Starting rendering (child) request","meta":{"rootId":"yuoe96rqzhhjtqq","id":"f3e6x2zirx6d9le"},"id":"nri5fmr70iuwh52","previousOperationId":"htzfr810ltronkt"}
{"type":"log","timestamp":1719022379681,"level":"info","message":"Rendering anonymous template { recipe: chrome-pdf, engine: handlebars }","meta":{"rootId":"yuoe96rqzhhjtqq","id":"f3e6x2zirx6d9le"},"id":"37iwl2ui4gpenbb","previousOperationId":"htzfr810ltronkt"}
{"type":"log","timestamp":1719022379681,"level":"debug","message":"Inline data specified.","meta":{"rootId":"yuoe96rqzhhjtqq","id":"f3e6x2zirx6d9le"},"id":"ar69ys6xqvvdg8u","previousOperationId":"htzfr810ltronkt"}
{"type":"log","timestamp":1719022379683,"level":"debug","message":"Base url not specified, skipping its injection.","meta":{"rootId":"yuoe96rqzhhjtqq","id":"f3e6x2zirx6d9le"},"id":"ccgw4zx9w6537yw","previousOperationId":"htzfr810ltronkt"}
{"type":"operationStart","subtype":"engine","name":"handlebars","timestamp":1719022379683,"id":"2kgqrqqqheebqso","previousEventId":"i4grk9yszesiwbz","operationId":"6qnpbhtl7bdjbgd","previousOperationId":"htzfr810ltronkt"}
{"type":"log","timestamp":1719022379683,"level":"debug","message":"Rendering engine handlebars","meta":{"rootId":"yuoe96rqzhhjtqq","id":"f3e6x2zirx6d9le"},"id":"can6n0ya0bi85n3","previousOperationId":"6qnpbhtl7bdjbgd"}
{"type":"operationEnd","operationId":"6qnpbhtl7bdjbgd","timestamp":1719022379690,"id":"puko58vulxs45gv","previousEventId":"2kgqrqqqheebqso","previousOperationId":"6qnpbhtl7bdjbgd"}
{"type":"operationStart","subtype":"recipe","name":"chrome-pdf","timestamp":1719022379690,"id":"o362fxoaj224g1f","previousEventId":"puko58vulxs45gv","operationId":"ilcsnlxzkskq45e","previousOperationId":"6qnpbhtl7bdjbgd"}
{"type":"log","timestamp":1719022379690,"level":"debug","message":"Executing recipe chrome-pdf","meta":{"rootId":"yuoe96rqzhhjtqq","id":"f3e6x2zirx6d9le"},"id":"nokqa6jvsm64ypx","previousOperationId":"ilcsnlxzkskq45e"}
{"type":"log","timestamp":1719022379690,"level":"debug","message":"Converting with chrome Chrome/126.0.6478.61 using chrome-pool strategy","meta":{"rootId":"yuoe96rqzhhjtqq","id":"f3e6x2zirx6d9le"},"id":"m6ewhhgfg7080b9","previousOperationId":"ilcsnlxzkskq45e"}
{"type":"log","timestamp":1719022379749,"level":"debug","message":"Page request: GET (document) file:///var/folders/2x/1bhfw9mx7d775w_jmf56lcp80000gn/T/jsreport/autocleanup/2e54217e-f7ef-4614-9d05-e6fa4ec143f6-chrome-pdf.html","meta":{"rootId":"yuoe96rqzhhjtqq","id":"f3e6x2zirx6d9le"},"id":"3jubtkgu6x6vta3","previousOperationId":"ilcsnlxzkskq45e"}
{"type":"log","timestamp":1719022379755,"level":"debug","message":"Page request finished: GET (document) 200 file:///var/folders/2x/1bhfw9mx7d775w_jmf56lcp80000gn/T/jsreport/autocleanup/2e54217e-f7ef-4614-9d05-e6fa4ec143f6-chrome-pdf.html","meta":{"rootId":"yuoe96rqzhhjtqq","id":"f3e6x2zirx6d9le"},"id":"a9drbo0yszn3rhc","previousOperationId":"ilcsnlxzkskq45e"}
{"type":"log","timestamp":1719022379755,"level":"debug","message":"Page request: GET (stylesheet) https://cdnjs.cloudflare.com/ajax/libs/metro/4.1.5/css/metro.min.css","meta":{"rootId":"yuoe96rqzhhjtqq","id":"f3e6x2zirx6d9le"},"id":"th5jvxb2xj1z4ao","previousOperationId":"ilcsnlxzkskq45e"}
{"type":"log","timestamp":1719022379761,"level":"debug","message":"Page request finished: GET (stylesheet) 200 https://cdnjs.cloudflare.com/ajax/libs/metro/4.1.5/css/metro.min.css","meta":{"rootId":"yuoe96rqzhhjtqq","id":"f3e6x2zirx6d9le"},"id":"04rrdepo2nqk3so","previousOperationId":"ilcsnlxzkskq45e"}
{"type":"log","timestamp":1719022379788,"level":"debug","message":"Running chrome with params {\"timeout\":59288,\"margin\":{},\"printBackground\":true}","meta":{"rootId":"yuoe96rqzhhjtqq","id":"f3e6x2zirx6d9le"},"id":"1e1ns8p1iujot26","previousOperationId":"ilcsnlxzkskq45e"}
{"type":"operationEnd","operationId":"ilcsnlxzkskq45e","timestamp":1719022379910,"id":"1h7chsrxpwpbxp9","previousEventId":"o362fxoaj224g1f","previousOperationId":"ilcsnlxzkskq45e"}
{"type":"log","timestamp":1719022379910,"level":"debug","message":"Skipping storing report.","meta":{"rootId":"yuoe96rqzhhjtqq","id":"f3e6x2zirx6d9le"},"id":"7aducty75fkxxkk","previousOperationId":"ilcsnlxzkskq45e"}
{"type":"log","timestamp":1719022379910,"level":"info","message":"Rendering (child) request finished in 932 ms","meta":{"rootId":"yuoe96rqzhhjtqq","id":"f3e6x2zirx6d9le"},"id":"kd2pi23njljrf4c","previousOperationId":"ilcsnlxzkskq45e"}
{"type":"operationEnd","subtype":"render","operationId":"htzfr810ltronkt","timestamp":1719022379910,"id":"3pd55mm2aohun56","previousEventId":"1h7chsrxpwpbxp9","previousOperationId":"ilcsnlxzkskq45e"}
{"type":"operationEnd","operationId":"vpib6mgakh3x8k5","timestamp":1719022379935,"id":"02q3mqr6kkqiz81","previousEventId":"zhguul48xj4gr38","previousOperationId":"vpib6mgakh3x8k5"}
{"type":"log","timestamp":1719022379935,"level":"debug","message":"pdf-utils postprocess start","meta":{"rootId":"yuoe96rqzhhjtqq","id":"yuoe96rqzhhjtqq"},"id":"ocen7hha2x02d7o","previousOperationId":"vpib6mgakh3x8k5"}
{"type":"log","timestamp":1719022379968,"level":"debug","message":"pdf-utils postprocess end","meta":{"rootId":"yuoe96rqzhhjtqq","id":"yuoe96rqzhhjtqq"},"id":"8qb2l78mhrsaume","previousOperationId":"vpib6mgakh3x8k5"}
{"type":"operationEnd","operationId":"k2vu8txxcxjr2zs","timestamp":1719022379968,"id":"4tpfks8mf0pzx1f","previousEventId":"02q3mqr6kkqiz81","previousOperationId":"vpib6mgakh3x8k5"}
{"type":"log","timestamp":1719022379970,"level":"info","message":"pdf-utils pdf processing was finished","meta":{"rootId":"yuoe96rqzhhjtqq","id":"yuoe96rqzhhjtqq"},"id":"kr052x8q7z4dow3","previousOperationId":"k2vu8txxcxjr2zs"}
{"type":"log","timestamp":1719022379970,"level":"debug","message":"Skipping storing report.","meta":{"rootId":"yuoe96rqzhhjtqq","id":"yuoe96rqzhhjtqq"},"id":"gn5ymlepvi5p3cs","previousOperationId":"k2vu8txxcxjr2zs"}
{"type":"log","timestamp":1719022379970,"level":"info","message":"Rendering request 174 finished in 992 ms","meta":{"rootId":"yuoe96rqzhhjtqq","id":"yuoe96rqzhhjtqq"},"id":"x007425lww1ujlg","previousOperationId":"k2vu8txxcxjr2zs"}
{"type":"operationEnd","subtype":"render","operationId":"u45gbj8sodjgxmo","timestamp":1719022379970,"id":"nmltyg9nr2td5p1","previousEventId":"4tpfks8mf0pzx1f","previousOperationId":"k2vu8txxcxjr2zs"}
{"type":"operationEnd","doDiffs":false,"previousEventId":"bqgno609dt7wefa","previousOperationId":"wbum3k82xc3dks9","operationId":"wbum3k82xc3dks9","timestamp":1719022379971,"id":"aloumnh7b7ut201"}
