{"type":"operationStart","subtype":"profile","data":{"_id":"fZDB41jL7UK8UPld","timestamp":"2024-06-21T21:55:58.021Z","state":"queued","mode":"standard","creationDate":"2024-06-21T21:55:58.022Z","modificationDate":"2024-06-21T21:55:58.022Z","shortid":"6b1G9Lb","$entitySet":"profiles"},"doDiffs":false,"timestamp":1719006958021,"id":"2x0r38a430c8xo8","previousOperationId":null,"operationId":"87gs9yfecmlc2oi"}
{"type":"log","level":"info","message":"Render request 125 queued for execution and waiting for available worker","previousOperationId":"87gs9yfecmlc2oi","timestamp":1719006958022,"id":"94podsrapv82bkv"}
{"type":"operationStart","subtype":"render","name":"anonymous","previousOperationId":"87gs9yfecmlc2oi","timestamp":1719006958025,"id":"4k4q1p146jyjien","previousEventId":"2x0r38a430c8xo8","operationId":"temv9e63asuqr4l"}
{"type":"log","timestamp":1719006958025,"level":"info","message":"Starting rendering request 125","meta":{"rootId":"z7x1z3qhasdt0th","id":"z7x1z3qhasdt0th"},"id":"gb9h83e0ttdm3pp","previousOperationId":"temv9e63asuqr4l"}
{"type":"log","timestamp":1719006958025,"level":"info","message":"Rendering anonymous template { recipe: chrome-pdf, engine: handlebars }","meta":{"rootId":"z7x1z3qhasdt0th","id":"z7x1z3qhasdt0th"},"id":"2jdx88n4eqje8p5","previousOperationId":"temv9e63asuqr4l"}
{"type":"log","timestamp":1719006958025,"level":"debug","message":"Inline data specified.","meta":{"rootId":"z7x1z3qhasdt0th","id":"z7x1z3qhasdt0th"},"id":"g9y3dt5rg071m4r","previousOperationId":"temv9e63asuqr4l"}
{"type":"log","timestamp":1719006958026,"level":"debug","message":"Base url not specified, skipping its injection.","meta":{"rootId":"z7x1z3qhasdt0th","id":"z7x1z3qhasdt0th"},"id":"ta18c8rce6kx7a3","previousOperationId":"temv9e63asuqr4l"}
{"type":"operationStart","subtype":"engine","name":"handlebars","timestamp":1719006958026,"id":"i2vvkpa6clkmp9q","previousEventId":"4k4q1p146jyjien","operationId":"2emt31je5gyfvws","previousOperationId":"temv9e63asuqr4l"}
{"type":"log","timestamp":1719006958026,"level":"debug","message":"Rendering engine handlebars","meta":{"rootId":"z7x1z3qhasdt0th","id":"z7x1z3qhasdt0th"},"id":"2qd5i4ft1ptur00","previousOperationId":"2emt31je5gyfvws"}
{"type":"log","timestamp":1719006958051,"level":"debug","message":"(console:log) Pdf utils adding group field, value: \"France\"","meta":{"userLevel":true,"rootId":"z7x1z3qhasdt0th","id":"z7x1z3qhasdt0th"},"id":"3rrmzfsctii3uk5","previousOperationId":"2emt31je5gyfvws"}
{"type":"log","timestamp":1719006958051,"level":"debug","message":"(console:log) Pdf utils adding group field, value: \"Germany\"","meta":{"userLevel":true,"rootId":"z7x1z3qhasdt0th","id":"z7x1z3qhasdt0th"},"id":"sfif9pxw002x3eb","previousOperationId":"2emt31je5gyfvws"}
{"type":"operationEnd","operationId":"2emt31je5gyfvws","timestamp":1719006958051,"id":"csiq7otfdwbbwkt","previousEventId":"i2vvkpa6clkmp9q","previousOperationId":"2emt31je5gyfvws"}
{"type":"operationStart","subtype":"recipe","name":"chrome-pdf","timestamp":1719006958051,"id":"kheaudm2c3cj5ib","previousEventId":"csiq7otfdwbbwkt","operationId":"4yq2p48kwhc5p41","previousOperationId":"2emt31je5gyfvws"}
{"type":"log","timestamp":1719006958051,"level":"debug","message":"Executing recipe chrome-pdf","meta":{"rootId":"z7x1z3qhasdt0th","id":"z7x1z3qhasdt0th"},"id":"swy1h1zk2c7rkad","previousOperationId":"4yq2p48kwhc5p41"}
{"type":"log","timestamp":1719006958054,"level":"debug","message":"Starting child request to render pdf header","meta":{"rootId":"z7x1z3qhasdt0th","id":"z7x1z3qhasdt0th"},"id":"plx2dczxc3rm168","previousOperationId":"4yq2p48kwhc5p41"}
{"type":"operationStart","subtype":"render","name":"anonymous","previousOperationId":"4yq2p48kwhc5p41","timestamp":1719006958055,"id":"g1drtjif3ce8iyy","previousEventId":"kheaudm2c3cj5ib","operationId":"dsl3a8y8frd80ez"}
{"type":"log","timestamp":1719006958055,"level":"info","message":"Starting rendering (child) request","meta":{"rootId":"z7x1z3qhasdt0th","id":"hjobe0gtdkr3ibl"},"id":"g59hlwuz4emwc5c","previousOperationId":"dsl3a8y8frd80ez"}
{"type":"log","timestamp":1719006958055,"level":"info","message":"Rendering anonymous template { recipe: html, engine: handlebars }","meta":{"rootId":"z7x1z3qhasdt0th","id":"hjobe0gtdkr3ibl"},"id":"h3ni30l99g5tzph","previousOperationId":"dsl3a8y8frd80ez"}
{"type":"log","timestamp":1719006958055,"level":"debug","message":"Inline data specified.","meta":{"rootId":"z7x1z3qhasdt0th","id":"hjobe0gtdkr3ibl"},"id":"76tzdmw2txqp9m6","previousOperationId":"dsl3a8y8frd80ez"}
{"type":"log","timestamp":1719006958055,"level":"debug","message":"Base url not specified, skipping its injection.","meta":{"rootId":"z7x1z3qhasdt0th","id":"hjobe0gtdkr3ibl"},"id":"lcj00u8wp61nm1c","previousOperationId":"dsl3a8y8frd80ez"}
{"type":"operationStart","subtype":"engine","name":"handlebars","timestamp":1719006958055,"id":"k95krysw756i4vk","previousEventId":"g1drtjif3ce8iyy","operationId":"4cnz1rx4gu01hm2","previousOperationId":"dsl3a8y8frd80ez"}
{"type":"log","timestamp":1719006958055,"level":"debug","message":"Rendering engine handlebars","meta":{"rootId":"z7x1z3qhasdt0th","id":"hjobe0gtdkr3ibl"},"id":"1reyeoalzzhlhy5","previousOperationId":"4cnz1rx4gu01hm2"}
{"type":"operationEnd","operationId":"4cnz1rx4gu01hm2","timestamp":1719006958059,"id":"0h9ixterf0vn3nu","previousEventId":"k95krysw756i4vk","previousOperationId":"4cnz1rx4gu01hm2"}
{"type":"operationStart","subtype":"recipe","name":"html","timestamp":1719006958059,"id":"0yze6rmhtqm2i8c","previousEventId":"0h9ixterf0vn3nu","operationId":"n0pwz8qss9qjqiz","previousOperationId":"4cnz1rx4gu01hm2"}
{"type":"log","timestamp":1719006958059,"level":"debug","message":"Executing recipe html","meta":{"rootId":"z7x1z3qhasdt0th","id":"hjobe0gtdkr3ibl"},"id":"ldrmpzx039ivjrv","previousOperationId":"n0pwz8qss9qjqiz"}
{"type":"operationEnd","operationId":"n0pwz8qss9qjqiz","timestamp":1719006958059,"id":"0v18yammgw22g1m","previousEventId":"0yze6rmhtqm2i8c","previousOperationId":"n0pwz8qss9qjqiz"}
{"type":"log","timestamp":1719006958059,"level":"debug","message":"Skipping storing report.","meta":{"rootId":"z7x1z3qhasdt0th","id":"hjobe0gtdkr3ibl"},"id":"rb206d6qpbakxsl","previousOperationId":"n0pwz8qss9qjqiz"}
{"type":"log","timestamp":1719006958059,"level":"info","message":"Rendering (child) request finished in 39 ms","meta":{"rootId":"z7x1z3qhasdt0th","id":"hjobe0gtdkr3ibl"},"id":"2tktgkenp2qwmev","previousOperationId":"n0pwz8qss9qjqiz"}
{"type":"operationEnd","subtype":"render","operationId":"dsl3a8y8frd80ez","timestamp":1719006958059,"id":"e1sn8wih2dlb2ly","previousEventId":"0v18yammgw22g1m","previousOperationId":"n0pwz8qss9qjqiz"}
{"type":"log","timestamp":1719006958059,"level":"debug","message":"Starting child request to render pdf footer","meta":{"rootId":"z7x1z3qhasdt0th","id":"z7x1z3qhasdt0th"},"id":"5qzdg9ydmf45wwd","previousOperationId":"4yq2p48kwhc5p41"}
{"type":"operationStart","subtype":"render","name":"anonymous","previousOperationId":"4yq2p48kwhc5p41","timestamp":1719006958059,"id":"1spfmzwfzjy00r1","previousEventId":"kheaudm2c3cj5ib","operationId":"9era6ol76z0mz3u"}
{"type":"log","timestamp":1719006958059,"level":"info","message":"Starting rendering (child) request","meta":{"rootId":"z7x1z3qhasdt0th","id":"xycujm15q8l6uuy"},"id":"igrquf44ks6li87","previousOperationId":"9era6ol76z0mz3u"}
{"type":"log","timestamp":1719006958059,"level":"info","message":"Rendering anonymous template { recipe: html, engine: handlebars }","meta":{"rootId":"z7x1z3qhasdt0th","id":"xycujm15q8l6uuy"},"id":"btgitskcgev9fzu","previousOperationId":"9era6ol76z0mz3u"}
{"type":"log","timestamp":1719006958059,"level":"debug","message":"Inline data specified.","meta":{"rootId":"z7x1z3qhasdt0th","id":"xycujm15q8l6uuy"},"id":"05xfj384xjavqpf","previousOperationId":"9era6ol76z0mz3u"}
{"type":"log","timestamp":1719006958059,"level":"debug","message":"Base url not specified, skipping its injection.","meta":{"rootId":"z7x1z3qhasdt0th","id":"xycujm15q8l6uuy"},"id":"rkxv6oq3pv755jo","previousOperationId":"9era6ol76z0mz3u"}
{"type":"operationStart","subtype":"engine","name":"handlebars","timestamp":1719006958059,"id":"g31jtt7qe3ey2kp","previousEventId":"1spfmzwfzjy00r1","operationId":"j4a76j5mxj0k5zx","previousOperationId":"9era6ol76z0mz3u"}
{"type":"log","timestamp":1719006958059,"level":"debug","message":"Rendering engine handlebars","meta":{"rootId":"z7x1z3qhasdt0th","id":"xycujm15q8l6uuy"},"id":"c6mdb8vpmxfvtte","previousOperationId":"j4a76j5mxj0k5zx"}
{"type":"operationEnd","operationId":"j4a76j5mxj0k5zx","timestamp":1719006958061,"id":"vfxrz3cjzxkwa1w","previousEventId":"g31jtt7qe3ey2kp","previousOperationId":"j4a76j5mxj0k5zx"}
{"type":"operationStart","subtype":"recipe","name":"html","timestamp":1719006958061,"id":"rnkyh7xvcn1yvix","previousEventId":"vfxrz3cjzxkwa1w","operationId":"btsvtqdyrgt719a","previousOperationId":"j4a76j5mxj0k5zx"}
{"type":"log","timestamp":1719006958061,"level":"debug","message":"Executing recipe html","meta":{"rootId":"z7x1z3qhasdt0th","id":"xycujm15q8l6uuy"},"id":"f2ynvitw1wkozxq","previousOperationId":"btsvtqdyrgt719a"}
{"type":"operationEnd","operationId":"btsvtqdyrgt719a","timestamp":1719006958061,"id":"0zhsrmfv9hj05iz","previousEventId":"rnkyh7xvcn1yvix","previousOperationId":"btsvtqdyrgt719a"}
{"type":"log","timestamp":1719006958061,"level":"debug","message":"Skipping storing report.","meta":{"rootId":"z7x1z3qhasdt0th","id":"xycujm15q8l6uuy"},"id":"y3jdf3q63u5fu70","previousOperationId":"btsvtqdyrgt719a"}
{"type":"log","timestamp":1719006958061,"level":"info","message":"Rendering (child) request finished in 41 ms","meta":{"rootId":"z7x1z3qhasdt0th","id":"xycujm15q8l6uuy"},"id":"apo8ztttg636vym","previousOperationId":"btsvtqdyrgt719a"}
{"type":"operationEnd","subtype":"render","operationId":"9era6ol76z0mz3u","timestamp":1719006958061,"id":"zagcsfycrzfk0ic","previousEventId":"0zhsrmfv9hj05iz","previousOperationId":"btsvtqdyrgt719a"}
{"type":"log","timestamp":1719006958066,"level":"debug","message":"Converting with chrome Chrome/126.0.6478.61 using chrome-pool strategy","meta":{"rootId":"z7x1z3qhasdt0th","id":"z7x1z3qhasdt0th"},"id":"f93vtl5fezldy8y","previousOperationId":"4yq2p48kwhc5p41"}
{"type":"log","timestamp":1719006958167,"level":"debug","message":"Page request: GET (document) file:///var/folders/2x/1bhfw9mx7d775w_jmf56lcp80000gn/T/jsreport/autocleanup/22b1af67-17f2-4ba2-bce2-0daad369395d-chrome-pdf.html","meta":{"rootId":"z7x1z3qhasdt0th","id":"z7x1z3qhasdt0th"},"id":"nfgwsr9e7p7vsxz","previousOperationId":"4yq2p48kwhc5p41"}
{"type":"log","timestamp":1719006958175,"level":"debug","message":"Page request: GET (stylesheet) https://cdnjs.cloudflare.com/ajax/libs/metro/4.1.5/css/metro.min.css","meta":{"rootId":"z7x1z3qhasdt0th","id":"z7x1z3qhasdt0th"},"id":"1o47aspzyk64hfm","previousOperationId":"4yq2p48kwhc5p41"}
{"type":"log","timestamp":1719006958176,"level":"debug","message":"Page request finished: GET (document) 200 file:///var/folders/2x/1bhfw9mx7d775w_jmf56lcp80000gn/T/jsreport/autocleanup/22b1af67-17f2-4ba2-bce2-0daad369395d-chrome-pdf.html","meta":{"rootId":"z7x1z3qhasdt0th","id":"z7x1z3qhasdt0th"},"id":"epg7i2y4myqsnvn","previousOperationId":"4yq2p48kwhc5p41"}
{"type":"log","timestamp":1719006958176,"level":"debug","message":"Page request: GET (script) https://cdnjs.cloudflare.com/ajax/libs/Chart.js/2.7.2/Chart.min.js","meta":{"rootId":"z7x1z3qhasdt0th","id":"z7x1z3qhasdt0th"},"id":"l4s7m7p4b5j41v2","previousOperationId":"4yq2p48kwhc5p41"}
{"type":"log","timestamp":1719006958188,"level":"debug","message":"Page request finished: GET (stylesheet) 200 https://cdnjs.cloudflare.com/ajax/libs/metro/4.1.5/css/metro.min.css","meta":{"rootId":"z7x1z3qhasdt0th","id":"z7x1z3qhasdt0th"},"id":"wd9jblkepxhizll","previousOperationId":"4yq2p48kwhc5p41"}
{"type":"log","timestamp":1719006958188,"level":"debug","message":"Page request finished: GET (script) 200 https://cdnjs.cloudflare.com/ajax/libs/Chart.js/2.7.2/Chart.min.js","meta":{"rootId":"z7x1z3qhasdt0th","id":"z7x1z3qhasdt0th"},"id":"owitefo5bg17m17","previousOperationId":"4yq2p48kwhc5p41"}
{"type":"log","timestamp":1719006958233,"level":"debug","message":"Running chrome with params {\"displayHeaderFooter\":true,\"headerTemplate\":\"...\",\"footerTemplate\":\"...\",\"marginTop\":\"4cm\",\"marginRight\":\"1.5cm\",\"marginLeft\":\"1.5cm\",\"marginBottom\":\"1.5cm\",\"timeout\":59958,\"margin\":{\"top\":\"4cm\",\"right\":\"1.5cm\",\"bottom\":\"1.5cm\",\"left\":\"1.5cm\"},\"printBackground\":true}","meta":{"rootId":"z7x1z3qhasdt0th","id":"z7x1z3qhasdt0th"},"id":"0rbfjusho1ebzxh","previousOperationId":"4yq2p48kwhc5p41"}
{"type":"operationEnd","operationId":"4yq2p48kwhc5p41","timestamp":1719006958420,"id":"dzgf2jafko11ac8","previousEventId":"kheaudm2c3cj5ib","previousOperationId":"4yq2p48kwhc5p41"}
{"type":"log","timestamp":1719006958420,"level":"debug","message":"Skipping storing report.","meta":{"rootId":"z7x1z3qhasdt0th","id":"z7x1z3qhasdt0th"},"id":"jmln085gg52p5a7","previousOperationId":"4yq2p48kwhc5p41"}
{"type":"log","timestamp":1719006958420,"level":"info","message":"Rendering request 125 finished in 400 ms","meta":{"rootId":"z7x1z3qhasdt0th","id":"z7x1z3qhasdt0th"},"id":"0nvcf3vuty45ir4","previousOperationId":"4yq2p48kwhc5p41"}
{"type":"operationEnd","subtype":"render","operationId":"temv9e63asuqr4l","timestamp":1719006958420,"id":"to7v2audfnh6uz4","previousEventId":"dzgf2jafko11ac8","previousOperationId":"4yq2p48kwhc5p41"}
{"type":"operationEnd","doDiffs":false,"previousEventId":"2x0r38a430c8xo8","previousOperationId":"87gs9yfecmlc2oi","operationId":"87gs9yfecmlc2oi","timestamp":1719006958421,"id":"k1mtn0vwoh306eq"}
